<?xml version="1.0" encoding="UTF-8"?>
<testsuites name="jest tests" tests="53" failures="0" errors="0" time="364.6">
  <testsuite name="Email" errors="0" failures="0" skipped="0" timestamp="2023-08-09T14:04:07" time="116.588" tests="5">
    <testcase classname="Email CSV attachment" name="Email CSV attachment" time="4.981">
    </testcase>
    <testcase classname="Email PDF attachment" name="Email PDF attachment" time="2.831">
    </testcase>
    <testcase classname="Email CSV and PDF" name="Email CSV and PDF" time="1.679">
    </testcase>
    <testcase classname="Email CSV, PDF and JPEG" name="Email CSV, PDF and JPEG" time="2.807">
    </testcase>
    <testcase classname="Email Various attachments" name="Email Various attachments" time="1.951">
    </testcase>
  </testsuite>
  <testsuite name="
 DashboardDataExtractFunction" errors="0" failures="0" skipped="0" timestamp="2023-08-09T14:04:08" time="179.969" tests="1">
    <testcase classname="
 DashboardDataExtractFunction should save an updated full-extract.json file, which is reflected in the btm_monthly_extract table, when standardised invoice data is stored in s3" name="
 DashboardDataExtractFunction should save an updated full-extract.json file, which is reflected in the btm_monthly_extract table, when standardised invoice data is stored in s3" time="81.799">
    </testcase>
  </testsuite>
  <testsuite name="
 Happy path - Upload valid mock invoice and verify data is seen in the billing view
" errors="0" failures="0" skipped="0" timestamp="2023-08-09T14:04:07" time="225.679" tests="2">
    <testcase classname="
 Happy path - Upload valid mock invoice and verify data is seen in the billing view
 upload valid pdf file in raw-invoice bucket and see that we can see the data in the view" name="
 Happy path - Upload valid mock invoice and verify data is seen in the billing view
 upload valid pdf file in raw-invoice bucket and see that we can see the data in the view" time="77.565">
    </testcase>
    <testcase classname="
 Happy path - Upload valid mock invoice and verify data is seen in the billing view
 upload valid csv file in raw-invoice bucket and check that we can see the data in the view" name="
 Happy path - Upload valid mock invoice and verify data is seen in the billing view
 upload valid csv file in raw-invoice bucket and check that we can see the data in the view" time="52.301">
    </testcase>
  </testsuite>
  <testsuite name="New invoice with same month, vendor, service as old line item" errors="0" failures="0" skipped="0" timestamp="2023-08-09T14:04:07" time="289.02" tests="1">
    <testcase classname="New invoice with same month, vendor, service as old line item should archive old line item" name="New invoice with same month, vendor, service as old line item should archive old line item" time="185.012">
    </testcase>
  </testsuite>
  <testsuite name="
Upload events to s3 directly and check the transaction curated view 
" errors="0" failures="0" skipped="0" timestamp="2023-08-09T14:07:54" time="71.831" tests="4">
    <testcase classname="
Upload events to s3 directly and check the transaction curated view 
 data retrieved from transaction_curated athena view should match the input data VENDOR_1_EVENT_1, vendor_testvendor1, 2, 2005/06/30 10:00" name="
Upload events to s3 directly and check the transaction curated view 
 data retrieved from transaction_curated athena view should match the input data VENDOR_1_EVENT_1, vendor_testvendor1, 2, 2005/06/30 10:00" time="11.972">
    </testcase>
    <testcase classname="
Upload events to s3 directly and check the transaction curated view 
 data retrieved from transaction_curated athena view should match the input data VENDOR_2_EVENT_2, vendor_testvendor2, 2, 2005/07/10 10:00" name="
Upload events to s3 directly and check the transaction curated view 
 data retrieved from transaction_curated athena view should match the input data VENDOR_2_EVENT_2, vendor_testvendor2, 2, 2005/07/10 10:00" time="13.199">
    </testcase>
    <testcase classname="
Upload events to s3 directly and check the transaction curated view 
 data retrieved from transaction_curated athena view should match the input data VENDOR_3_EVENT_4, vendor_testvendor3, 7, 2005/08/10 10:00" name="
Upload events to s3 directly and check the transaction curated view 
 data retrieved from transaction_curated athena view should match the input data VENDOR_3_EVENT_4, vendor_testvendor3, 7, 2005/08/10 10:00" time="14.512">
    </testcase>
    <testcase classname="
Upload events to s3 directly and check the transaction curated view 
 data retrieved from transaction_curated athena view should match the input data VENDOR_3_EVENT_6, vendor_testvendor3, 14, 2005/09/10 10:00" name="
Upload events to s3 directly and check the transaction curated view 
 data retrieved from transaction_curated athena view should match the input data VENDOR_3_EVENT_6, vendor_testvendor3, 14, 2005/09/10 10:00" time="17.155">
    </testcase>
  </testsuite>
  <testsuite name="
Generate valid event and execute athena query
" errors="0" failures="0" skipped="0" timestamp="2023-08-09T14:06:04" time="192.151" tests="14">
    <testcase classname="
Generate valid event and execute athena query
 should contain eventId in the generated query results" name="
Generate valid event and execute athena query
 should contain eventId in the generated query results" time="18.117">
    </testcase>
    <testcase classname="
Generate valid UTC+0 event at one second after midnight on 1 Oct UTC+1 and execute athena query
 should contain eventId in the generated query results for October" name="
Generate valid UTC+0 event at one second after midnight on 1 Oct UTC+1 and execute athena query
 should contain eventId in the generated query results for October" time="11.739">
    </testcase>
    <testcase classname="
Generate valid UTC+0 event at 59 minutes and 59 seconds after midnight on 1 Oct UTC+1 and execute athena query
 should contain eventId in the generated query results for October" name="
Generate valid UTC+0 event at 59 minutes and 59 seconds after midnight on 1 Oct UTC+1 and execute athena query
 should contain eventId in the generated query results for October" time="11.792">
    </testcase>
    <testcase classname="
Generate valid UTC+0 event at one hour and one second after midnight on 1 Oct UTC+1 and execute athena query
 should contain eventId in the generated query results for October" name="
Generate valid UTC+0 event at one hour and one second after midnight on 1 Oct UTC+1 and execute athena query
 should contain eventId in the generated query results for October" time="12.479">
    </testcase>
    <testcase classname="
Generate valid UTC+0 event at one second after midnight on 1 Feb UTC+0 and execute athena query
 should contain eventId in the generated query results for February" name="
Generate valid UTC+0 event at one second after midnight on 1 Feb UTC+0 and execute athena query
 should contain eventId in the generated query results for February" time="11.739">
    </testcase>
    <testcase classname="
Generate valid UTC-6 event at one second after midnight on 1 Oct UTC+1 and execute athena query
 should contain eventId in the generated query results for October" name="
Generate valid UTC-6 event at one second after midnight on 1 Oct UTC+1 and execute athena query
 should contain eventId in the generated query results for October" time="11.737">
    </testcase>
    <testcase classname="
Generate valid UTC-6 event at 59 minutes and 59 seconds after midnight on 1 Oct UTC+1 and execute athena query
 should contain eventId in the generated query results for October" name="
Generate valid UTC-6 event at 59 minutes and 59 seconds after midnight on 1 Oct UTC+1 and execute athena query
 should contain eventId in the generated query results for October" time="12.46">
    </testcase>
    <testcase classname="
Generate valid UTC-6 event at one hour and one second after midnight on 1 Oct UTC+1 and execute athena query
 should contain eventId in the generated query results for October" name="
Generate valid UTC-6 event at one hour and one second after midnight on 1 Oct UTC+1 and execute athena query
 should contain eventId in the generated query results for October" time="14.085">
    </testcase>
    <testcase classname="
Generate valid UTC-6 event at one second after midnight on 1 Feb UTC+0 and execute athena query
 should contain eventId in the generated query results for February" name="
Generate valid UTC-6 event at one second after midnight on 1 Feb UTC+0 and execute athena query
 should contain eventId in the generated query results for February" time="15.758">
    </testcase>
    <testcase classname="
Generate valid UTC+6 event at one second after midnight on 1 Oct UTC+1 and execute athena query
 should contain eventId in the generated query results for October" name="
Generate valid UTC+6 event at one second after midnight on 1 Oct UTC+1 and execute athena query
 should contain eventId in the generated query results for October" time="11.864">
    </testcase>
    <testcase classname="
Generate valid UTC+6 event at 59 minutes and 59 seconds after midnight on 1 Oct UTC+1 and execute athena query
 should contain eventId in the generated query results for October" name="
Generate valid UTC+6 event at 59 minutes and 59 seconds after midnight on 1 Oct UTC+1 and execute athena query
 should contain eventId in the generated query results for October" time="11.76">
    </testcase>
    <testcase classname="
Generate valid UTC+6 event at one hour and one second after midnight on 1 Oct UTC+1 and execute athena query
 should contain eventId in the generated query results for October" name="
Generate valid UTC+6 event at one hour and one second after midnight on 1 Oct UTC+1 and execute athena query
 should contain eventId in the generated query results for October" time="16.772">
    </testcase>
    <testcase classname="
Generate valid UTC+6 event at one second after midnight on 1 Feb UTC+0 and execute athena query
 should contain eventId in the generated query results for February" name="
Generate valid UTC+6 event at one second after midnight on 1 Feb UTC+0 and execute athena query
 should contain eventId in the generated query results for February" time="11.756">
    </testcase>
    <testcase classname="
Generate invalid event and execute athena query
 should not contain eventId in the generated query results" name="
Generate invalid event and execute athena query
 should not contain eventId in the generated query results" time="17.398">
    </testcase>
  </testsuite>
  <testsuite name="
 Upload invoice standardised data to s3 directly and check the billing curated view" errors="0" failures="0" skipped="0" timestamp="2023-08-09T14:08:56" time="23.414" tests="1">
    <testcase classname="
 Upload invoice standardised data to s3 directly and check the billing curated view Uploaded invoice standardised data should match the results from billing curated view" name="
 Upload invoice standardised data to s3 directly and check the billing curated view Uploaded invoice standardised data should match the results from billing curated view" time="21.528">
    </testcase>
  </testsuite>
  <testsuite name="Given a csv with event data is uploaded to the transaction csv bucket" errors="0" failures="0" skipped="0" timestamp="2023-08-09T14:09:16" time="9.869" tests="1">
    <testcase classname="Given a csv with event data is uploaded to the transaction csv bucket stores the events we care about in the storage bucket" name="Given a csv with event data is uploaded to the transaction csv bucket stores the events we care about in the storage bucket" time="2.333">
    </testcase>
  </testsuite>
  <testsuite name="
 Happy path tests 

 Generate valid event and check cloud watch logs lambda functions Filter,Clean, Store Transactions contains eventId
" errors="0" failures="0" skipped="0" timestamp="2023-08-09T14:09:20" time="9.819" tests="3">
    <testcase classname="
 Happy path tests 

 Generate valid event and check cloud watch logs lambda functions Filter,Clean, Store Transactions contains eventId
 Filter function cloud watch logs should contain eventid" name="
 Happy path tests 

 Generate valid event and check cloud watch logs lambda functions Filter,Clean, Store Transactions contains eventId
 Filter function cloud watch logs should contain eventid" time="3.322">
    </testcase>
    <testcase classname="
 Happy path tests 

 Generate valid event and check cloud watch logs lambda functions Filter,Clean, Store Transactions contains eventId
 Clean function cloud watch logs should contain eventid" name="
 Happy path tests 

 Generate valid event and check cloud watch logs lambda functions Filter,Clean, Store Transactions contains eventId
 Clean function cloud watch logs should contain eventid" time="1.461">
    </testcase>
    <testcase classname="
 Happy path tests 

 Generate valid event and check cloud watch logs lambda functions Filter,Clean, Store Transactions contains eventId
 Store Transactions function cloud watch logs should contain eventid" name="
 Happy path tests 

 Generate valid event and check cloud watch logs lambda functions Filter,Clean, Store Transactions contains eventId
 Store Transactions function cloud watch logs should contain eventid" time="1.361">
    </testcase>
  </testsuite>
  <testsuite name="
 Unhappy path - Upload invalid pdf to the raw invoice bucket test
" errors="0" failures="0" skipped="0" timestamp="2023-08-09T14:09:26" time="4.239" tests="1">
    <testcase classname="
 Unhappy path - Upload invalid pdf to the raw invoice bucket test
 should move the original raw invoice to failed folder in s3 raw-invoice bucket upon uploading the invalid pdf file " name="
 Unhappy path - Upload invalid pdf to the raw invoice bucket test
 should move the original raw invoice to failed folder in s3 raw-invoice bucket upon uploading the invalid pdf file " time="2.96">
    </testcase>
  </testsuite>
  <testsuite name="
 Clean Function - Happy path tests
" errors="0" failures="0" skipped="0" timestamp="2023-08-09T14:09:06" time="27.587" tests="6">
    <testcase classname="
 Clean Function - Happy path tests
 should store cleaned events in the storage bucket and check credit field value" name="
 Clean Function - Happy path tests
 should store cleaned events in the storage bucket and check credit field value" time="2.302">
    </testcase>
    <testcase classname="
 Clean Function - Happy path tests
 should store cleaned events in the storage bucket and check credit field value" name="
 Clean Function - Happy path tests
 should store cleaned events in the storage bucket and check credit field value" time="1.304">
    </testcase>
    <testcase classname="
 Clean Function - Happy path tests
 should store cleaned events in the storage bucket and check credit field value" name="
 Clean Function - Happy path tests
 should store cleaned events in the storage bucket and check credit field value" time="1.303">
    </testcase>
    <testcase classname="
 Clean Function - Unhappy path tests
 should not store event with invalid ComponentId in the storage bucket" name="
 Clean Function - Unhappy path tests
 should not store event with invalid ComponentId in the storage bucket" time="7.089">
    </testcase>
    <testcase classname="
 Clean Function - Unhappy path tests
 should not store event with invalid Timestamp in the storage bucket" name="
 Clean Function - Unhappy path tests
 should not store event with invalid Timestamp in the storage bucket" time="7.088">
    </testcase>
    <testcase classname="
 Clean Function - Unhappy path tests
 should not store event with invalid timestamp formatted in the storage bucket" name="
 Clean Function - Unhappy path tests
 should not store event with invalid timestamp formatted in the storage bucket" time="7.087">
    </testcase>
  </testsuite>
  <testsuite name="Execute athena query to retrieve rate details" errors="0" failures="0" skipped="0" timestamp="2023-08-09T14:09:30" time="12.923" tests="1">
    <testcase classname="Execute athena query to retrieve rate details retrieved rate details should match rate csv uploaded in s3 config bucket" name="Execute athena query to retrieve rate details retrieved rate details should match rate csv uploaded in s3 config bucket" time="10.77">
    </testcase>
  </testsuite>
  <testsuite name="
 Filter function - Happy path tests
" errors="0" failures="0" skipped="0" timestamp="2023-08-09T14:09:30" time="12.578" tests="2">
    <testcase classname="
 Filter function - Happy path tests
 should store event in the storage bucket for a valid event" name="
 Filter function - Happy path tests
 should store event in the storage bucket for a valid event" time="2.308">
    </testcase>
    <testcase classname="
 Filter Function - Unhappy path tests
 should not store events with invalid EventName in the storage bucket" name="
 Filter Function - Unhappy path tests
 should not store events with invalid EventName in the storage bucket" time="7.093">
    </testcase>
  </testsuite>
  <testsuite name="
Upload pdf invoice to raw invoice bucket and verify BillingAndTransactionsCuratedView results matches with expected data 
" errors="0" failures="0" skipped="0" timestamp="2023-08-09T14:07:08" time="162.778" tests="4">
    <testcase classname="
Upload pdf invoice to raw invoice bucket and verify BillingAndTransactionsCuratedView results matches with expected data 
 results retrieved from billing and transaction_curated view query should match with expected BillingQty equals TransactionQty and No TransactionPrice No BillingPrice ,2,£0.00,2,£0.00,-1234567.01" name="
Upload pdf invoice to raw invoice bucket and verify BillingAndTransactionsCuratedView results matches with expected data 
 results retrieved from billing and transaction_curated view query should match with expected BillingQty equals TransactionQty and No TransactionPrice No BillingPrice ,2,£0.00,2,£0.00,-1234567.01" time="37.782">
    </testcase>
    <testcase classname="
Upload pdf invoice to raw invoice bucket and verify BillingAndTransactionsCuratedView results matches with expected data 
 results retrieved from billing and transaction_curated view query should match with expected BillingQty less than TransactionQty and No BillingPrice but has TransactionPrice ,2,£0.00,11,£27.50,-100.0" name="
Upload pdf invoice to raw invoice bucket and verify BillingAndTransactionsCuratedView results matches with expected data 
 results retrieved from billing and transaction_curated view query should match with expected BillingQty less than TransactionQty and No BillingPrice but has TransactionPrice ,2,£0.00,11,£27.50,-100.0" time="50.619">
    </testcase>
    <testcase classname="
Upload pdf invoice to raw invoice bucket and verify BillingAndTransactionsCuratedView results matches with expected data 
 results retrieved from billing and transaction_curated view query should match with expected BillingQty greater than TransactionQty and No TransactionPrice but has BillingPrice,11,£27.50,2,£0.00,-1234567.05" name="
Upload pdf invoice to raw invoice bucket and verify BillingAndTransactionsCuratedView results matches with expected data 
 results retrieved from billing and transaction_curated view query should match with expected BillingQty greater than TransactionQty and No TransactionPrice but has BillingPrice,11,£27.50,2,£0.00,-1234567.05" time="33.966">
    </testcase>
    <testcase classname="
Upload pdf invoice to raw invoice bucket and verify BillingAndTransactionsCuratedView results matches with expected data 
 results retrieved from billing and transaction_curated view query should match with expected BillingQty equals TransactionQty but BillingPrice greater than TransactionPrice,2,£6.66,2,£2.46,170.7317" name="
Upload pdf invoice to raw invoice bucket and verify BillingAndTransactionsCuratedView results matches with expected data 
 results retrieved from billing and transaction_curated view query should match with expected BillingQty equals TransactionQty but BillingPrice greater than TransactionPrice,2,£6.66,2,£2.46,170.7317" time="34.608">
    </testcase>
  </testsuite>
  <testsuite name="
 Execute athena query to retrieve vendor service details
" errors="0" failures="0" skipped="0" timestamp="2023-08-09T14:09:34" time="17.999" tests="1">
    <testcase classname="
 Execute athena query to retrieve vendor service details
 retrieved vendor service details should match with vendor service csv uploaded in s3 config bucket " name="
 Execute athena query to retrieve vendor service details
 retrieved vendor service details should match with vendor service csv uploaded in s3 config bucket " time="14.076">
    </testcase>
  </testsuite>
  <testsuite name="
 Invoice data buckets exists in S3
" errors="0" failures="0" skipped="0" timestamp="2023-08-09T14:09:43" time="9.633" tests="3">
    <testcase classname="
 Invoice data buckets exists in S3
 Raw invoice bucket should exists in S3" name="
 Invoice data buckets exists in S3
 Raw invoice bucket should exists in S3" time="0.457">
    </testcase>
    <testcase classname="
 Invoice data buckets exists in S3
 Raw invoice textract data bucket should exists in S3" name="
 Invoice data buckets exists in S3
 Raw invoice textract data bucket should exists in S3" time="0.402">
    </testcase>
    <testcase classname="
 Invoice data buckets exists in S3
 Storage bucket should exists in S3" name="
 Invoice data buckets exists in S3
 Storage bucket should exists in S3" time="0.392">
    </testcase>
  </testsuite>
  <testsuite name="
 Execute athena query to retrieve contract details details
" errors="0" failures="0" skipped="0" timestamp="2023-08-09T14:09:43" time="18.723" tests="1">
    <testcase classname="
 Execute athena query to retrieve contract details details
 retrieved contract details should match with contract csv uploaded in s3 config bucket " name="
 Execute athena query to retrieve contract details details
 retrieved contract details should match with contract csv uploaded in s3 config bucket " time="10.709">
    </testcase>
  </testsuite>
  <testsuite name="
 Store function test
" errors="0" failures="0" skipped="0" timestamp="2023-08-09T14:09:51" time="14.107" tests="1">
    <testcase classname="
 Store function test
 should store cleaned events in the storage bucket" name="
 Store function test
 should store cleaned events in the storage bucket" time="2.149">
    </testcase>
  </testsuite>
  <testsuite name="
 Verify VAT details exists in S3 config bucket
" errors="0" failures="0" skipped="0" timestamp="2023-08-09T14:09:52" time="18.684" tests="1">
    <testcase classname="
 Verify VAT details exists in S3 config bucket
 S3 config bucket should contain VAT details matches with expected vat config file " name="
 Verify VAT details exists in S3 config bucket
 S3 config bucket should contain VAT details matches with expected vat config file " time="0.43">
    </testcase>
  </testsuite>
</testsuites>