<?xml version="1.0" encoding="UTF-8"?>
<testsuites name="jest tests" tests="60" failures="0" errors="0" time="383.316">
  <testsuite name="Email" errors="0" failures="0" skipped="0" timestamp="2023-11-22T15:19:57" time="54.931" tests="5">
    <testcase classname="Email CSV attachment" name="Email CSV attachment" time="5.463">
    </testcase>
    <testcase classname="Email PDF attachment" name="Email PDF attachment" time="2.447">
    </testcase>
    <testcase classname="Email CSV and PDF" name="Email CSV and PDF" time="1.823">
    </testcase>
    <testcase classname="Email CSV, PDF and JPEG" name="Email CSV, PDF and JPEG" time="3.204">
    </testcase>
    <testcase classname="Email Various attachments" name="Email Various attachments" time="3.505">
    </testcase>
  </testsuite>
  <testsuite name="
 Synthetic Events Generation Tests
" errors="0" failures="0" skipped="0" timestamp="2023-11-22T15:20:52" time="56.861" tests="3">
    <testcase classname="
 Synthetic Events Generation Tests
 should generate synthetic events for missing events in the full extract" name="
 Synthetic Events Generation Tests
 should generate synthetic events for missing events in the full extract" time="10.383">
    </testcase>
    <testcase classname="
 Synthetic Events Generation Tests
 should generate synthetic events when the quantity in the full extract is less than the synthetic config quantity" name="
 Synthetic Events Generation Tests
 should generate synthetic events when the quantity in the full extract is less than the synthetic config quantity" time="31.106">
    </testcase>
    <testcase classname="
 Synthetic Events Generation Tests
 should not generate synthetic events when the event exists and the quantity in the extract matches with synthetic config quantity" name="
 Synthetic Events Generation Tests
 should not generate synthetic events when the event exists and the quantity in the extract matches with synthetic config quantity" time="10.361">
    </testcase>
  </testsuite>
  <testsuite name="
 Happy path - Upload valid mock invoice and verify data is seen in the billing view
" errors="0" failures="0" skipped="0" timestamp="2023-11-22T15:19:57" time="188.35" tests="4">
    <testcase classname="
 Happy path - Upload valid mock invoice and verify data is seen in the billing view
 upload valid non-quarterly pdf file in raw-invoice bucket and see that we can see the data in the view" name="
 Happy path - Upload valid mock invoice and verify data is seen in the billing view
 upload valid non-quarterly pdf file in raw-invoice bucket and see that we can see the data in the view" time="34.641">
    </testcase>
    <testcase classname="
 Happy path - Upload valid mock invoice and verify data is seen in the billing view
 upload valid quarterly pdf file in raw-invoice bucket and see that we can see the data in the view" name="
 Happy path - Upload valid mock invoice and verify data is seen in the billing view
 upload valid quarterly pdf file in raw-invoice bucket and see that we can see the data in the view" time="33.587">
    </testcase>
    <testcase classname="
 Happy path - Upload valid mock invoice and verify data is seen in the billing view
 upload valid non-quarterly csv file in raw-invoice bucket and check that we can see the data in the view" name="
 Happy path - Upload valid mock invoice and verify data is seen in the billing view
 upload valid non-quarterly csv file in raw-invoice bucket and check that we can see the data in the view" time="50.8">
    </testcase>
    <testcase classname="
 Happy path - Upload valid mock invoice and verify data is seen in the billing view
 upload valid quarterly csv file in raw-invoice bucket and check that we can see the data in the view" name="
 Happy path - Upload valid mock invoice and verify data is seen in the billing view
 upload valid quarterly csv file in raw-invoice bucket and check that we can see the data in the view" time="30.616">
    </testcase>
  </testsuite>
  <testsuite name="
 Upload invoice standardised data to s3 directly and check the billing curated view" errors="0" failures="0" skipped="0" timestamp="2023-11-22T15:23:05" time="22.568" tests="1">
    <testcase classname="
 Upload invoice standardised data to s3 directly and check the billing curated view Uploaded invoice standardised data should match the results from billing curated view" name="
 Upload invoice standardised data to s3 directly and check the billing curated view Uploaded invoice standardised data should match the results from billing curated view" time="21.4">
    </testcase>
  </testsuite>
  <testsuite name="
Upload pdf invoice to raw invoice bucket and verify BillingAndTransactionsCuratedView results matches with expected data 
" errors="0" failures="0" skipped="0" timestamp="2023-11-22T15:19:57" time="258.395" tests="5">
    <testcase classname="
Upload pdf invoice to raw invoice bucket and verify BillingAndTransactionsCuratedView results matches with expected data 
 results retrieved from billing and transaction_curated view query should match with expected BillingQty equals TransactionQty and No TransactionPrice No BillingPrice ,2,£0.00,2,£0.00,-1234567.01" name="
Upload pdf invoice to raw invoice bucket and verify BillingAndTransactionsCuratedView results matches with expected data 
 results retrieved from billing and transaction_curated view query should match with expected BillingQty equals TransactionQty and No TransactionPrice No BillingPrice ,2,£0.00,2,£0.00,-1234567.01" time="60.254">
    </testcase>
    <testcase classname="
Upload pdf invoice to raw invoice bucket and verify BillingAndTransactionsCuratedView results matches with expected data 
 results retrieved from billing and transaction_curated view query should match with expected BillingQty less than TransactionQty and No BillingPrice but has TransactionPrice ,2,£0.00,11,£27.50,-100.0" name="
Upload pdf invoice to raw invoice bucket and verify BillingAndTransactionsCuratedView results matches with expected data 
 results retrieved from billing and transaction_curated view query should match with expected BillingQty less than TransactionQty and No BillingPrice but has TransactionPrice ,2,£0.00,11,£27.50,-100.0" time="50.779">
    </testcase>
    <testcase classname="
Upload pdf invoice to raw invoice bucket and verify BillingAndTransactionsCuratedView results matches with expected data 
 results retrieved from billing and transaction_curated view query should match with expected BillingQty greater than TransactionQty and No TransactionPrice but has BillingPrice,11,£27.50,2,£0.00,-1234567.05" name="
Upload pdf invoice to raw invoice bucket and verify BillingAndTransactionsCuratedView results matches with expected data 
 results retrieved from billing and transaction_curated view query should match with expected BillingQty greater than TransactionQty and No TransactionPrice but has BillingPrice,11,£27.50,2,£0.00,-1234567.05" time="35.517">
    </testcase>
    <testcase classname="
Upload pdf invoice to raw invoice bucket and verify BillingAndTransactionsCuratedView results matches with expected data 
 results retrieved from billing and transaction_curated view query should match with expected BillingQty equals TransactionQty but BillingPrice greater than TransactionPrice,2,£6.66,2,£2.46,170.7317" name="
Upload pdf invoice to raw invoice bucket and verify BillingAndTransactionsCuratedView results matches with expected data 
 results retrieved from billing and transaction_curated view query should match with expected BillingQty equals TransactionQty but BillingPrice greater than TransactionPrice,2,£6.66,2,£2.46,170.7317" time="38.518">
    </testcase>
    <testcase classname="
Upload pdf invoice to raw invoice bucket and verify BillingAndTransactionsCuratedView results matches with expected data 
 results retrieved from billing and transaction_curated view query should match with expected BillingQty equals TransactionQty for quarterly invoice with different month but same quarter as events,2,£0.64,2,£0.64,0.0" name="
Upload pdf invoice to raw invoice bucket and verify BillingAndTransactionsCuratedView results matches with expected data 
 results retrieved from billing and transaction_curated view query should match with expected BillingQty equals TransactionQty for quarterly invoice with different month but same quarter as events,2,£0.64,2,£0.64,0.0" time="34.816">
    </testcase>
  </testsuite>
  <testsuite name="
Upload events to s3 directly and check the transaction curated view 
" errors="0" failures="0" skipped="0" timestamp="2023-11-22T15:23:28" time="50.966" tests="4">
    <testcase classname="
Upload events to s3 directly and check the transaction curated view 
 data retrieved from transaction_curated athena view should match the input data VENDOR_1_EVENT_1, vendor_testvendor1, 2, 2005/06/30 10:00" name="
Upload events to s3 directly and check the transaction curated view 
 data retrieved from transaction_curated athena view should match the input data VENDOR_1_EVENT_1, vendor_testvendor1, 2, 2005/06/30 10:00" time="11.998">
    </testcase>
    <testcase classname="
Upload events to s3 directly and check the transaction curated view 
 data retrieved from transaction_curated athena view should match the input data VENDOR_2_EVENT_2, vendor_testvendor2, 2, 2005/07/10 10:00" name="
Upload events to s3 directly and check the transaction curated view 
 data retrieved from transaction_curated athena view should match the input data VENDOR_2_EVENT_2, vendor_testvendor2, 2, 2005/07/10 10:00" time="13.072">
    </testcase>
    <testcase classname="
Upload events to s3 directly and check the transaction curated view 
 data retrieved from transaction_curated athena view should match the input data VENDOR_3_EVENT_4, vendor_testvendor3, 7, 2005/08/10 10:00" name="
Upload events to s3 directly and check the transaction curated view 
 data retrieved from transaction_curated athena view should match the input data VENDOR_3_EVENT_4, vendor_testvendor3, 7, 2005/08/10 10:00" time="13.131">
    </testcase>
    <testcase classname="
Upload events to s3 directly and check the transaction curated view 
 data retrieved from transaction_curated athena view should match the input data VENDOR_3_EVENT_6, vendor_testvendor3, 14, 2005/09/10 10:00" name="
Upload events to s3 directly and check the transaction curated view 
 data retrieved from transaction_curated athena view should match the input data VENDOR_3_EVENT_6, vendor_testvendor3, 14, 2005/09/10 10:00" time="11.688">
    </testcase>
  </testsuite>
  <testsuite name="
 DashboardDataExtractFunction" errors="0" failures="0" skipped="0" timestamp="2023-11-22T15:19:57" time="270.648" tests="2">
    <testcase classname="
 DashboardDataExtractFunction should save an updated full-extract.json file, which is reflected in the btm_monthly_extract table, when standardised non-quarterly invoice data is stored in s3" name="
 DashboardDataExtractFunction should save an updated full-extract.json file, which is reflected in the btm_monthly_extract table, when standardised non-quarterly invoice data is stored in s3" time="81.202">
    </testcase>
    <testcase classname="
 DashboardDataExtractFunction should save an updated full-extract.json file, which is reflected in the btm_monthly_extract table, when standardised quarterly invoice data is stored in s3" name="
 DashboardDataExtractFunction should save an updated full-extract.json file, which is reflected in the btm_monthly_extract table, when standardised quarterly invoice data is stored in s3" time="150.78">
    </testcase>
  </testsuite>
  <testsuite name="Given a csv with event data is uploaded to the transaction csv bucket" errors="0" failures="0" skipped="0" timestamp="2023-11-22T15:24:28" time="9.82" tests="1">
    <testcase classname="Given a csv with event data is uploaded to the transaction csv bucket stores the events we care about in the storage bucket" name="Given a csv with event data is uploaded to the transaction csv bucket stores the events we care about in the storage bucket" time="1.806">
    </testcase>
  </testsuite>
  <testsuite name="
Generate valid event and execute athena query
" errors="0" failures="0" skipped="0" timestamp="2023-11-22T15:21:49" time="176.895" tests="14">
    <testcase classname="
Generate valid event and execute athena query
 should contain eventId in the generated query results" name="
Generate valid event and execute athena query
 should contain eventId in the generated query results" time="12.025">
    </testcase>
    <testcase classname="
Generate valid UTC+0 event at one second after midnight on 1 Oct UTC+1 and execute athena query
 should contain eventId in the generated query results for October" name="
Generate valid UTC+0 event at one second after midnight on 1 Oct UTC+1 and execute athena query
 should contain eventId in the generated query results for October" time="12.639">
    </testcase>
    <testcase classname="
Generate valid UTC+0 event at 59 minutes and 59 seconds after midnight on 1 Oct UTC+1 and execute athena query
 should contain eventId in the generated query results for October" name="
Generate valid UTC+0 event at 59 minutes and 59 seconds after midnight on 1 Oct UTC+1 and execute athena query
 should contain eventId in the generated query results for October" time="11.837">
    </testcase>
    <testcase classname="
Generate valid UTC+0 event at one hour and one second after midnight on 1 Oct UTC+1 and execute athena query
 should contain eventId in the generated query results for October" name="
Generate valid UTC+0 event at one hour and one second after midnight on 1 Oct UTC+1 and execute athena query
 should contain eventId in the generated query results for October" time="11.622">
    </testcase>
    <testcase classname="
Generate valid UTC+0 event at one second after midnight on 1 Feb UTC+0 and execute athena query
 should contain eventId in the generated query results for February" name="
Generate valid UTC+0 event at one second after midnight on 1 Feb UTC+0 and execute athena query
 should contain eventId in the generated query results for February" time="11.715">
    </testcase>
    <testcase classname="
Generate valid UTC-6 event at one second after midnight on 1 Oct UTC+1 and execute athena query
 should contain eventId in the generated query results for October" name="
Generate valid UTC-6 event at one second after midnight on 1 Oct UTC+1 and execute athena query
 should contain eventId in the generated query results for October" time="11.681">
    </testcase>
    <testcase classname="
Generate valid UTC-6 event at 59 minutes and 59 seconds after midnight on 1 Oct UTC+1 and execute athena query
 should contain eventId in the generated query results for October" name="
Generate valid UTC-6 event at 59 minutes and 59 seconds after midnight on 1 Oct UTC+1 and execute athena query
 should contain eventId in the generated query results for October" time="11.627">
    </testcase>
    <testcase classname="
Generate valid UTC-6 event at one hour and one second after midnight on 1 Oct UTC+1 and execute athena query
 should contain eventId in the generated query results for October" name="
Generate valid UTC-6 event at one hour and one second after midnight on 1 Oct UTC+1 and execute athena query
 should contain eventId in the generated query results for October" time="12.627">
    </testcase>
    <testcase classname="
Generate valid UTC-6 event at one second after midnight on 1 Feb UTC+0 and execute athena query
 should contain eventId in the generated query results for February" name="
Generate valid UTC-6 event at one second after midnight on 1 Feb UTC+0 and execute athena query
 should contain eventId in the generated query results for February" time="11.631">
    </testcase>
    <testcase classname="
Generate valid UTC+6 event at one second after midnight on 1 Oct UTC+1 and execute athena query
 should contain eventId in the generated query results for October" name="
Generate valid UTC+6 event at one second after midnight on 1 Oct UTC+1 and execute athena query
 should contain eventId in the generated query results for October" time="14.735">
    </testcase>
    <testcase classname="
Generate valid UTC+6 event at 59 minutes and 59 seconds after midnight on 1 Oct UTC+1 and execute athena query
 should contain eventId in the generated query results for October" name="
Generate valid UTC+6 event at 59 minutes and 59 seconds after midnight on 1 Oct UTC+1 and execute athena query
 should contain eventId in the generated query results for October" time="11.683">
    </testcase>
    <testcase classname="
Generate valid UTC+6 event at one hour and one second after midnight on 1 Oct UTC+1 and execute athena query
 should contain eventId in the generated query results for October" name="
Generate valid UTC+6 event at one hour and one second after midnight on 1 Oct UTC+1 and execute athena query
 should contain eventId in the generated query results for October" time="11.725">
    </testcase>
    <testcase classname="
Generate valid UTC+6 event at one second after midnight on 1 Feb UTC+0 and execute athena query
 should contain eventId in the generated query results for February" name="
Generate valid UTC+6 event at one second after midnight on 1 Feb UTC+0 and execute athena query
 should contain eventId in the generated query results for February" time="12.742">
    </testcase>
    <testcase classname="
Generate invalid event and execute athena query
 should not contain eventId in the generated query results" name="
Generate invalid event and execute athena query
 should not contain eventId in the generated query results" time="17.41">
    </testcase>
  </testsuite>
  <testsuite name="
 Clean Function - Happy path tests
" errors="0" failures="0" skipped="0" timestamp="2023-11-22T15:24:19" time="27.5" tests="6">
    <testcase classname="
 Clean Function - Happy path tests
 should store cleaned events in the storage bucket and check credit field value" name="
 Clean Function - Happy path tests
 should store cleaned events in the storage bucket and check credit field value" time="1.783">
    </testcase>
    <testcase classname="
 Clean Function - Happy path tests
 should store cleaned events in the storage bucket and check credit field value" name="
 Clean Function - Happy path tests
 should store cleaned events in the storage bucket and check credit field value" time="1.701">
    </testcase>
    <testcase classname="
 Clean Function - Happy path tests
 should store cleaned events in the storage bucket and check credit field value" name="
 Clean Function - Happy path tests
 should store cleaned events in the storage bucket and check credit field value" time="1.459">
    </testcase>
    <testcase classname="
 Clean Function - Unhappy path tests
 should not store event with invalid ComponentId in the storage bucket" name="
 Clean Function - Unhappy path tests
 should not store event with invalid ComponentId in the storage bucket" time="7.119">
    </testcase>
    <testcase classname="
 Clean Function - Unhappy path tests
 should not store event with invalid Timestamp in the storage bucket" name="
 Clean Function - Unhappy path tests
 should not store event with invalid Timestamp in the storage bucket" time="7.114">
    </testcase>
    <testcase classname="
 Clean Function - Unhappy path tests
 should not store event with invalid timestamp formatted in the storage bucket" name="
 Clean Function - Unhappy path tests
 should not store event with invalid timestamp formatted in the storage bucket" time="7.112">
    </testcase>
  </testsuite>
  <testsuite name="
 Unhappy path - Upload invalid pdf to the raw invoice bucket test
" errors="0" failures="0" skipped="0" timestamp="2023-11-22T15:24:46" time="6.134" tests="1">
    <testcase classname="
 Unhappy path - Upload invalid pdf to the raw invoice bucket test
 should move the original raw invoice to failed folder in s3 raw-invoice bucket upon uploading the invalid pdf file " name="
 Unhappy path - Upload invalid pdf to the raw invoice bucket test
 should move the original raw invoice to failed folder in s3 raw-invoice bucket upon uploading the invalid pdf file " time="4.988">
    </testcase>
  </testsuite>
  <testsuite name="
 Happy path tests 

 Generate valid event and check cloud watch logs lambda functions Filter,Clean, Store Transactions contains eventId
" errors="0" failures="0" skipped="0" timestamp="2023-11-22T15:24:37" time="14.663" tests="3">
    <testcase classname="
 Happy path tests 

 Generate valid event and check cloud watch logs lambda functions Filter,Clean, Store Transactions contains eventId
 Filter function cloud watch logs should contain eventid" name="
 Happy path tests 

 Generate valid event and check cloud watch logs lambda functions Filter,Clean, Store Transactions contains eventId
 Filter function cloud watch logs should contain eventid" time="9.26">
    </testcase>
    <testcase classname="
 Happy path tests 

 Generate valid event and check cloud watch logs lambda functions Filter,Clean, Store Transactions contains eventId
 Clean function cloud watch logs should contain eventid" name="
 Happy path tests 

 Generate valid event and check cloud watch logs lambda functions Filter,Clean, Store Transactions contains eventId
 Clean function cloud watch logs should contain eventid" time="1.396">
    </testcase>
    <testcase classname="
 Happy path tests 

 Generate valid event and check cloud watch logs lambda functions Filter,Clean, Store Transactions contains eventId
 Store Transactions function cloud watch logs should contain eventid" name="
 Happy path tests 

 Generate valid event and check cloud watch logs lambda functions Filter,Clean, Store Transactions contains eventId
 Store Transactions function cloud watch logs should contain eventid" time="1.309">
    </testcase>
  </testsuite>
  <testsuite name="Execute athena query to retrieve rate details" errors="0" failures="0" skipped="0" timestamp="2023-11-22T15:24:46" time="11.737" tests="1">
    <testcase classname="Execute athena query to retrieve rate details retrieved rate details should match rate csv uploaded in s3 config bucket" name="Execute athena query to retrieve rate details retrieved rate details should match rate csv uploaded in s3 config bucket" time="10.543">
    </testcase>
  </testsuite>
  <testsuite name="
 Invoice data buckets exists in S3
" errors="0" failures="0" skipped="0" timestamp="2023-11-22T15:24:58" time="1.947" tests="3">
    <testcase classname="
 Invoice data buckets exists in S3
 Raw invoice bucket should exists in S3" name="
 Invoice data buckets exists in S3
 Raw invoice bucket should exists in S3" time="0.481">
    </testcase>
    <testcase classname="
 Invoice data buckets exists in S3
 Raw invoice textract data bucket should exists in S3" name="
 Invoice data buckets exists in S3
 Raw invoice textract data bucket should exists in S3" time="0.203">
    </testcase>
    <testcase classname="
 Invoice data buckets exists in S3
 Storage bucket should exists in S3" name="
 Invoice data buckets exists in S3
 Storage bucket should exists in S3" time="0.239">
    </testcase>
  </testsuite>
  <testsuite name="
 Filter function - Happy path tests
" errors="0" failures="0" skipped="0" timestamp="2023-11-22T15:24:52" time="10.161" tests="2">
    <testcase classname="
 Filter function - Happy path tests
 should store event in the storage bucket for a valid event" name="
 Filter function - Happy path tests
 should store event in the storage bucket for a valid event" time="1.782">
    </testcase>
    <testcase classname="
 Filter Function - Unhappy path tests
 should not store events with invalid EventName in the storage bucket" name="
 Filter Function - Unhappy path tests
 should not store events with invalid EventName in the storage bucket" time="7.11">
    </testcase>
  </testsuite>
  <testsuite name="
 Execute athena query to retrieve vendor service details
" errors="0" failures="0" skipped="0" timestamp="2023-11-22T15:24:52" time="12.612" tests="1">
    <testcase classname="
 Execute athena query to retrieve vendor service details
 retrieved vendor service details should match with vendor service csv uploaded in s3 config bucket " name="
 Execute athena query to retrieve vendor service details
 retrieved vendor service details should match with vendor service csv uploaded in s3 config bucket " time="10.541">
    </testcase>
  </testsuite>
  <testsuite name="
 Store function test
" errors="0" failures="0" skipped="0" timestamp="2023-11-22T15:25:02" time="2.795" tests="1">
    <testcase classname="
 Store function test
 should store cleaned events in the storage bucket" name="
 Store function test
 should store cleaned events in the storage bucket" time="1.762">
    </testcase>
  </testsuite>
  <testsuite name="
 Verify VAT details exists in S3 config bucket
" errors="0" failures="0" skipped="0" timestamp="2023-11-22T15:25:05" time="1.582" tests="1">
    <testcase classname="
 Verify VAT details exists in S3 config bucket
 S3 config bucket should contain VAT details matches with expected vat config file " name="
 Verify VAT details exists in S3 config bucket
 S3 config bucket should contain VAT details matches with expected vat config file " time="0.529">
    </testcase>
  </testsuite>
  <testsuite name="
 Execute athena query to retrieve contract details details
" errors="0" failures="0" skipped="0" timestamp="2023-11-22T15:25:00" time="11.543" tests="1">
    <testcase classname="
 Execute athena query to retrieve contract details details
 retrieved contract details should match with contract csv uploaded in s3 config bucket " name="
 Execute athena query to retrieve contract details details
 retrieved contract details should match with contract csv uploaded in s3 config bucket " time="10.461">
    </testcase>
  </testsuite>
  <testsuite name="New invoice with same month, vendor, service as old line item" errors="0" failures="0" skipped="0" timestamp="2023-11-22T15:24:15" time="123.861" tests="1">
    <testcase classname="New invoice with same month, vendor, service as old line item should archive old line item" name="New invoice with same month, vendor, service as old line item should archive old line item" time="122.651">
    </testcase>
  </testsuite>
</testsuites>