<?xml version="1.0" encoding="UTF-8"?>
<testsuites name="jest tests" tests="41" failures="2" errors="0" time="317.608">
  <testsuite name="Email" errors="0" failures="0" skipped="0" timestamp="2023-07-19T15:21:14" time="84.926" tests="5">
    <testcase classname="Email CSV attachment" name="Email CSV attachment" time="4.912">
    </testcase>
    <testcase classname="Email PDF attachment" name="Email PDF attachment" time="2.052">
    </testcase>
    <testcase classname="Email CSV and PDF" name="Email CSV and PDF" time="2.773">
    </testcase>
    <testcase classname="Email CSV, PDF and JPEG" name="Email CSV, PDF and JPEG" time="2.846">
    </testcase>
    <testcase classname="Email Various attachments" name="Email Various attachments" time="2.552">
    </testcase>
  </testsuite>
  <testsuite name="
 DashboardDataExtractFunction" errors="0" failures="0" skipped="0" timestamp="2023-07-19T15:21:14" time="158.736" tests="1">
    <testcase classname="
 DashboardDataExtractFunction should save an updated full-extract.json file, which is reflected in the btm_monthly_extract table, when standardised invoice data is stored in s3" name="
 DashboardDataExtractFunction should save an updated full-extract.json file, which is reflected in the btm_monthly_extract table, when standardised invoice data is stored in s3" time="82.194">
    </testcase>
  </testsuite>
  <testsuite name="
 Happy path - Upload valid mock invoice and verify data is seen in the billing view
" errors="0" failures="0" skipped="0" timestamp="2023-07-19T15:21:14" time="196.572" tests="2">
    <testcase classname="
 Happy path - Upload valid mock invoice and verify data is seen in the billing view
 upload valid pdf file in raw-invoice bucket and see that we can see the data in the view" name="
 Happy path - Upload valid mock invoice and verify data is seen in the billing view
 upload valid pdf file in raw-invoice bucket and see that we can see the data in the view" time="74.697">
    </testcase>
    <testcase classname="
 Happy path - Upload valid mock invoice and verify data is seen in the billing view
 upload valid csv file in raw-invoice bucket and check that we can see the data in the view" name="
 Happy path - Upload valid mock invoice and verify data is seen in the billing view
 upload valid csv file in raw-invoice bucket and check that we can see the data in the view" time="51.96">
    </testcase>
  </testsuite>
  <testsuite name="New invoice with same month, vendor, service as old line item" errors="0" failures="0" skipped="0" timestamp="2023-07-19T15:21:14" time="204.515" tests="1">
    <testcase classname="New invoice with same month, vendor, service as old line item should archive old line item" name="New invoice with same month, vendor, service as old line item should archive old line item" time="128.562">
    </testcase>
  </testsuite>
  <testsuite name="
Upload events to s3 directly and check the transaction curated view 
" errors="0" failures="0" skipped="0" timestamp="2023-07-19T15:23:53" time="57.003" tests="4">
    <testcase classname="
Upload events to s3 directly and check the transaction curated view 
 data retrieved from transaction_curated athena view should match the input data VENDOR_1_EVENT_1, vendor_testvendor1, 2, 2005/06/30 10:00" name="
Upload events to s3 directly and check the transaction curated view 
 data retrieved from transaction_curated athena view should match the input data VENDOR_1_EVENT_1, vendor_testvendor1, 2, 2005/06/30 10:00" time="13.956">
    </testcase>
    <testcase classname="
Upload events to s3 directly and check the transaction curated view 
 data retrieved from transaction_curated athena view should match the input data VENDOR_2_EVENT_2, vendor_testvendor2, 2, 2005/07/10 10:00" name="
Upload events to s3 directly and check the transaction curated view 
 data retrieved from transaction_curated athena view should match the input data VENDOR_2_EVENT_2, vendor_testvendor2, 2, 2005/07/10 10:00" time="12.399">
    </testcase>
    <testcase classname="
Upload events to s3 directly and check the transaction curated view 
 data retrieved from transaction_curated athena view should match the input data VENDOR_3_EVENT_4, vendor_testvendor3, 7, 2005/08/10 10:00" name="
Upload events to s3 directly and check the transaction curated view 
 data retrieved from transaction_curated athena view should match the input data VENDOR_3_EVENT_4, vendor_testvendor3, 7, 2005/08/10 10:00" time="13.941">
    </testcase>
    <testcase classname="
Upload events to s3 directly and check the transaction curated view 
 data retrieved from transaction_curated athena view should match the input data VENDOR_3_EVENT_6, vendor_testvendor3, 14, 2005/09/10 10:00" name="
Upload events to s3 directly and check the transaction curated view 
 data retrieved from transaction_curated athena view should match the input data VENDOR_3_EVENT_6, vendor_testvendor3, 14, 2005/09/10 10:00" time="13.931">
    </testcase>
  </testsuite>
  <testsuite name="
 Upload invoice standardised data to s3 directly and check the billing curated view" errors="0" failures="0" skipped="0" timestamp="2023-07-19T15:24:31" time="25.077" tests="1">
    <testcase classname="
 Upload invoice standardised data to s3 directly and check the billing curated view Uploaded invoice standardised data should match the results from billing curated view" name="
 Upload invoice standardised data to s3 directly and check the billing curated view Uploaded invoice standardised data should match the results from billing curated view" time="22.457">
    </testcase>
  </testsuite>
  <testsuite name="
 Unhappy path - Upload invalid pdf to the raw invoice bucket test
" errors="0" failures="0" skipped="0" timestamp="2023-07-19T15:24:56" time="5.002" tests="1">
    <testcase classname="
 Unhappy path - Upload invalid pdf to the raw invoice bucket test
 should move the original raw invoice to failed folder in s3 raw-invoice bucket upon uploading the invalid pdf file " name="
 Unhappy path - Upload invalid pdf to the raw invoice bucket test
 should move the original raw invoice to failed folder in s3 raw-invoice bucket upon uploading the invalid pdf file " time="3.511">
    </testcase>
  </testsuite>
  <testsuite name="Given a csv with event data is uploaded to the transaction csv bucket" errors="0" failures="0" skipped="0" timestamp="2023-07-19T15:24:50" time="13.959" tests="1">
    <testcase classname="Given a csv with event data is uploaded to the transaction csv bucket stores the events we care about in the storage bucket" name="Given a csv with event data is uploaded to the transaction csv bucket stores the events we care about in the storage bucket" time="4.274">
    </testcase>
  </testsuite>
  <testsuite name="
 Clean Function - Happy path tests
" errors="0" failures="0" skipped="0" timestamp="2023-07-19T15:24:39" time="30.259" tests="6">
    <testcase classname="
 Clean Function - Happy path tests
 should store cleaned events in the storage bucket and check credit field value" name="
 Clean Function - Happy path tests
 should store cleaned events in the storage bucket and check credit field value" time="2.723">
    </testcase>
    <testcase classname="
 Clean Function - Happy path tests
 should store cleaned events in the storage bucket and check credit field value" name="
 Clean Function - Happy path tests
 should store cleaned events in the storage bucket and check credit field value" time="1.627">
    </testcase>
    <testcase classname="
 Clean Function - Happy path tests
 should store cleaned events in the storage bucket and check credit field value" name="
 Clean Function - Happy path tests
 should store cleaned events in the storage bucket and check credit field value" time="1.648">
    </testcase>
    <testcase classname="
 Clean Function - Unhappy path tests
 should not store event with invalid ComponentId in the storage bucket" name="
 Clean Function - Unhappy path tests
 should not store event with invalid ComponentId in the storage bucket" time="7.232">
    </testcase>
    <testcase classname="
 Clean Function - Unhappy path tests
 should not store event with invalid Timestamp in the storage bucket" name="
 Clean Function - Unhappy path tests
 should not store event with invalid Timestamp in the storage bucket" time="7.279">
    </testcase>
    <testcase classname="
 Clean Function - Unhappy path tests
 should not store event with invalid timestamp formatted in the storage bucket" name="
 Clean Function - Unhappy path tests
 should not store event with invalid timestamp formatted in the storage bucket" time="7.275">
    </testcase>
  </testsuite>
  <testsuite name="Execute athena query to retrieve rate details" errors="0" failures="0" skipped="0" timestamp="2023-07-19T15:25:04" time="14.803" tests="1">
    <testcase classname="Execute athena query to retrieve rate details retrieved rate details should match rate csv uploaded in s3 config bucket" name="Execute athena query to retrieve rate details retrieved rate details should match rate csv uploaded in s3 config bucket" time="11.062">
    </testcase>
  </testsuite>
  <testsuite name="
Upload pdf invoice to raw invoice bucket and verify BillingAndTransactionsCuratedView results matches with expected data 
" errors="0" failures="0" skipped="0" timestamp="2023-07-19T15:22:40" time="164.453" tests="4">
    <testcase classname="
Upload pdf invoice to raw invoice bucket and verify BillingAndTransactionsCuratedView results matches with expected data 
 results retrieved from billing and transaction_curated view query should match with expected BillingQty equals TransactionQty and No TransactionPrice No BillingPrice ,2,£0.00,2,£0.00,-1234567.01" name="
Upload pdf invoice to raw invoice bucket and verify BillingAndTransactionsCuratedView results matches with expected data 
 results retrieved from billing and transaction_curated view query should match with expected BillingQty equals TransactionQty and No TransactionPrice No BillingPrice ,2,£0.00,2,£0.00,-1234567.01" time="41.348">
    </testcase>
    <testcase classname="
Upload pdf invoice to raw invoice bucket and verify BillingAndTransactionsCuratedView results matches with expected data 
 results retrieved from billing and transaction_curated view query should match with expected BillingQty less than TransactionQty and No BillingPrice but has TransactionPrice ,2,£0.00,11,£27.50,-100.0" name="
Upload pdf invoice to raw invoice bucket and verify BillingAndTransactionsCuratedView results matches with expected data 
 results retrieved from billing and transaction_curated view query should match with expected BillingQty less than TransactionQty and No BillingPrice but has TransactionPrice ,2,£0.00,11,£27.50,-100.0" time="48.639">
    </testcase>
    <testcase classname="
Upload pdf invoice to raw invoice bucket and verify BillingAndTransactionsCuratedView results matches with expected data 
 results retrieved from billing and transaction_curated view query should match with expected BillingQty greater than TransactionQty and No TransactionPrice but has BillingPrice,11,£27.50,2,£0.00,-1234567.05" name="
Upload pdf invoice to raw invoice bucket and verify BillingAndTransactionsCuratedView results matches with expected data 
 results retrieved from billing and transaction_curated view query should match with expected BillingQty greater than TransactionQty and No TransactionPrice but has BillingPrice,11,£27.50,2,£0.00,-1234567.05" time="35.308">
    </testcase>
    <testcase classname="
Upload pdf invoice to raw invoice bucket and verify BillingAndTransactionsCuratedView results matches with expected data 
 results retrieved from billing and transaction_curated view query should match with expected BillingQty equals TransactionQty but BillingPrice greater than TransactionPrice,2,£6.66,2,£2.46,170.7317" name="
Upload pdf invoice to raw invoice bucket and verify BillingAndTransactionsCuratedView results matches with expected data 
 results retrieved from billing and transaction_curated view query should match with expected BillingQty equals TransactionQty but BillingPrice greater than TransactionPrice,2,£6.66,2,£2.46,170.7317" time="36.583">
    </testcase>
  </testsuite>
  <testsuite name="
 Execute athena query to retrieve vendor service details
" errors="0" failures="0" skipped="0" timestamp="2023-07-19T15:25:19" time="12.6" tests="1">
    <testcase classname="
 Execute athena query to retrieve vendor service details
 retrieved vendor service details should match with vendor service csv uploaded in s3 config bucket " name="
 Execute athena query to retrieve vendor service details
 retrieved vendor service details should match with vendor service csv uploaded in s3 config bucket " time="11.074">
    </testcase>
  </testsuite>
  <testsuite name="
 Invoice data buckets exists in S3
" errors="0" failures="0" skipped="0" timestamp="2023-07-19T15:25:32" time="3.331" tests="3">
    <testcase classname="
 Invoice data buckets exists in S3
 Raw invoice bucket should exists in S3" name="
 Invoice data buckets exists in S3
 Raw invoice bucket should exists in S3" time="0.671">
    </testcase>
    <testcase classname="
 Invoice data buckets exists in S3
 Raw invoice textract data bucket should exists in S3" name="
 Invoice data buckets exists in S3
 Raw invoice textract data bucket should exists in S3" time="0.651">
    </testcase>
    <testcase classname="
 Invoice data buckets exists in S3
 Storage bucket should exists in S3" name="
 Invoice data buckets exists in S3
 Storage bucket should exists in S3" time="0.67">
    </testcase>
  </testsuite>
  <testsuite name="
 Filter function - Happy path tests
" errors="0" failures="0" skipped="0" timestamp="2023-07-19T15:25:24" time="11.869" tests="2">
    <testcase classname="
 Filter function - Happy path tests
 should store event in the storage bucket for a valid event" name="
 Filter function - Happy path tests
 should store event in the storage bucket for a valid event" time="2.396">
    </testcase>
    <testcase classname="
 Filter Function - Unhappy path tests
 should not store events with invalid EventName in the storage bucket" name="
 Filter Function - Unhappy path tests
 should not store events with invalid EventName in the storage bucket" time="7.29">
    </testcase>
  </testsuite>
  <testsuite name="
Generate valid event and execute athena query
" errors="0" failures="0" skipped="0" timestamp="2023-07-19T15:25:09" time="32.01" tests="2">
    <testcase classname="
Generate valid event and execute athena query
 should contain eventId in the generated query results" name="
Generate valid event and execute athena query
 should contain eventId in the generated query results" time="12.82">
    </testcase>
    <testcase classname="
Generate invalid event and execute athena query
 should not contain eventId in the generated query results" name="
Generate invalid event and execute athena query
 should not contain eventId in the generated query results" time="17.69">
    </testcase>
  </testsuite>
  <testsuite name="
 Store function test
" errors="0" failures="0" skipped="0" timestamp="2023-07-19T15:25:36" time="5.453" tests="1">
    <testcase classname="
 Store function test
 should store cleaned events in the storage bucket" name="
 Store function test
 should store cleaned events in the storage bucket" time="2.456">
    </testcase>
  </testsuite>
  <testsuite name="
 Verify VAT details exists in S3 config bucket
" errors="0" failures="0" skipped="0" timestamp="2023-07-19T15:25:41" time="5.302" tests="1">
    <testcase classname="
 Verify VAT details exists in S3 config bucket
 S3 config bucket should contain VAT details matches with expected vat config file " name="
 Verify VAT details exists in S3 config bucket
 S3 config bucket should contain VAT details matches with expected vat config file " time="0.992">
    </testcase>
  </testsuite>
  <testsuite name="
 Execute athena query to retrieve contract details details
" errors="0" failures="0" skipped="0" timestamp="2023-07-19T15:25:35" time="12.641" tests="1">
    <testcase classname="
 Execute athena query to retrieve contract details details
 retrieved contract details should match with contract csv uploaded in s3 config bucket " name="
 Execute athena query to retrieve contract details details
 retrieved contract details should match with contract csv uploaded in s3 config bucket " time="11.061">
    </testcase>
  </testsuite>
  <testsuite name="
 Happy path tests 

 Generate valid event and check cloud watch logs lambda functions Filter,Clean, Store Transactions contains eventId
" errors="0" failures="2" skipped="0" timestamp="2023-07-19T15:25:01" time="89.118" tests="3">
    <testcase classname="
 Happy path tests 

 Generate valid event and check cloud watch logs lambda functions Filter,Clean, Store Transactions contains eventId
 Filter function cloud watch logs should contain eventid" name="
 Happy path tests 

 Generate valid event and check cloud watch logs lambda functions Filter,Clean, Store Transactions contains eventId
 Filter function cloud watch logs should contain eventid" time="30.003">
      <failure>Error: Failed: &quot;Substring 5241209 not found in logs&quot;
    at Env.it (/home/runner/work/di-billing-transaction-monitoring/di-billing-transaction-monitoring/node_modules/jest-jasmine2/build/jasmineAsyncInstall.js:113:24)
    at it (/home/runner/work/di-billing-transaction-monitoring/di-billing-transaction-monitoring/node_modules/jest-jasmine2/build/jasmine/jasmineLight.js:98:21)
    at Suite.&lt;anonymous&gt; (/home/runner/work/di-billing-transaction-monitoring/di-billing-transaction-monitoring/integration_tests/tests/s3-lambda-tests.ts:45:5)
    at addSpecsToSuite (/home/runner/work/di-billing-transaction-monitoring/di-billing-transaction-monitoring/node_modules/jest-jasmine2/build/jasmine/Env.js:356:49)
    at Env.describe (/home/runner/work/di-billing-transaction-monitoring/di-billing-transaction-monitoring/node_modules/jest-jasmine2/build/jasmine/Env.js:331:9)
    at describe (/home/runner/work/di-billing-transaction-monitoring/di-billing-transaction-monitoring/node_modules/jest-jasmine2/build/jasmine/jasmineLight.js:89:18)
    at Object.&lt;anonymous&gt; (/home/runner/work/di-billing-transaction-monitoring/di-billing-transaction-monitoring/integration_tests/tests/s3-lambda-tests.ts:30:1)
    at Runtime._execModule (/home/runner/work/di-billing-transaction-monitoring/di-billing-transaction-monitoring/node_modules/jest-runtime/build/index.js:1452:24)
    at Runtime._loadModule (/home/runner/work/di-billing-transaction-monitoring/di-billing-transaction-monitoring/node_modules/jest-runtime/build/index.js:1024:12)
    at Runtime.requireModule (/home/runner/work/di-billing-transaction-monitoring/di-billing-transaction-monitoring/node_modules/jest-runtime/build/index.js:884:12)
    at jasmine2 (/home/runner/work/di-billing-transaction-monitoring/di-billing-transaction-monitoring/node_modules/jest-jasmine2/build/index.js:195:13)
    at processTicksAndRejections (node:internal/process/task_queues:96:5)
    at runTestInternal (/home/runner/work/di-billing-transaction-monitoring/di-billing-transaction-monitoring/node_modules/jest-runner/build/runTest.js:367:16)
    at runTest (/home/runner/work/di-billing-transaction-monitoring/di-billing-transaction-monitoring/node_modules/jest-runner/build/runTest.js:444:34)
    at Object.worker (/home/runner/work/di-billing-transaction-monitoring/di-billing-transaction-monitoring/node_modules/jest-runner/build/testWorker.js:106:12)</failure>
    </testcase>
    <testcase classname="
 Happy path tests 

 Generate valid event and check cloud watch logs lambda functions Filter,Clean, Store Transactions contains eventId
 Clean function cloud watch logs should contain eventid" name="
 Happy path tests 

 Generate valid event and check cloud watch logs lambda functions Filter,Clean, Store Transactions contains eventId
 Clean function cloud watch logs should contain eventid" time="22.4">
    </testcase>
    <testcase classname="
 Happy path tests 

 Generate valid event and check cloud watch logs lambda functions Filter,Clean, Store Transactions contains eventId
 Store Transactions function cloud watch logs should contain eventid" name="
 Happy path tests 

 Generate valid event and check cloud watch logs lambda functions Filter,Clean, Store Transactions contains eventId
 Store Transactions function cloud watch logs should contain eventid" time="30.004">
      <failure>Error: Failed: &quot;Substring 5241209 not found in logs&quot;
    at Env.it (/home/runner/work/di-billing-transaction-monitoring/di-billing-transaction-monitoring/node_modules/jest-jasmine2/build/jasmineAsyncInstall.js:113:24)
    at it (/home/runner/work/di-billing-transaction-monitoring/di-billing-transaction-monitoring/node_modules/jest-jasmine2/build/jasmine/jasmineLight.js:98:21)
    at Suite.&lt;anonymous&gt; (/home/runner/work/di-billing-transaction-monitoring/di-billing-transaction-monitoring/integration_tests/tests/s3-lambda-tests.ts:53:5)
    at addSpecsToSuite (/home/runner/work/di-billing-transaction-monitoring/di-billing-transaction-monitoring/node_modules/jest-jasmine2/build/jasmine/Env.js:356:49)
    at Env.describe (/home/runner/work/di-billing-transaction-monitoring/di-billing-transaction-monitoring/node_modules/jest-jasmine2/build/jasmine/Env.js:331:9)
    at describe (/home/runner/work/di-billing-transaction-monitoring/di-billing-transaction-monitoring/node_modules/jest-jasmine2/build/jasmine/jasmineLight.js:89:18)
    at Object.&lt;anonymous&gt; (/home/runner/work/di-billing-transaction-monitoring/di-billing-transaction-monitoring/integration_tests/tests/s3-lambda-tests.ts:30:1)
    at Runtime._execModule (/home/runner/work/di-billing-transaction-monitoring/di-billing-transaction-monitoring/node_modules/jest-runtime/build/index.js:1452:24)
    at Runtime._loadModule (/home/runner/work/di-billing-transaction-monitoring/di-billing-transaction-monitoring/node_modules/jest-runtime/build/index.js:1024:12)
    at Runtime.requireModule (/home/runner/work/di-billing-transaction-monitoring/di-billing-transaction-monitoring/node_modules/jest-runtime/build/index.js:884:12)
    at jasmine2 (/home/runner/work/di-billing-transaction-monitoring/di-billing-transaction-monitoring/node_modules/jest-jasmine2/build/index.js:195:13)
    at processTicksAndRejections (node:internal/process/task_queues:96:5)
    at runTestInternal (/home/runner/work/di-billing-transaction-monitoring/di-billing-transaction-monitoring/node_modules/jest-runner/build/runTest.js:367:16)
    at runTest (/home/runner/work/di-billing-transaction-monitoring/di-billing-transaction-monitoring/node_modules/jest-runner/build/runTest.js:444:34)
    at Object.worker (/home/runner/work/di-billing-transaction-monitoring/di-billing-transaction-monitoring/node_modules/jest-runner/build/testWorker.js:106:12)</failure>
    </testcase>
  </testsuite>
</testsuites>