<?xml version="1.0" encoding="UTF-8"?>
<testsuites name="jest tests" tests="53" failures="0" errors="0" time="344.658">
  <testsuite name="Email" errors="0" failures="0" skipped="0" timestamp="2023-08-18T14:51:11" time="106.572" tests="5">
    <testcase classname="Email CSV attachment" name="Email CSV attachment" time="3.935">
    </testcase>
    <testcase classname="Email PDF attachment" name="Email PDF attachment" time="4.741">
    </testcase>
    <testcase classname="Email CSV and PDF" name="Email CSV and PDF" time="2.38">
    </testcase>
    <testcase classname="Email CSV, PDF and JPEG" name="Email CSV, PDF and JPEG" time="2.769">
    </testcase>
    <testcase classname="Email Various attachments" name="Email Various attachments" time="2.844">
    </testcase>
  </testsuite>
  <testsuite name="
 DashboardDataExtractFunction" errors="0" failures="0" skipped="0" timestamp="2023-08-18T14:51:11" time="148.294" tests="1">
    <testcase classname="
 DashboardDataExtractFunction should save an updated full-extract.json file, which is reflected in the btm_monthly_extract table, when standardised invoice data is stored in s3" name="
 DashboardDataExtractFunction should save an updated full-extract.json file, which is reflected in the btm_monthly_extract table, when standardised invoice data is stored in s3" time="81.591">
    </testcase>
  </testsuite>
  <testsuite name="New invoice with same month, vendor, service as old line item" errors="0" failures="0" skipped="0" timestamp="2023-08-18T14:51:11" time="234.683" tests="1">
    <testcase classname="New invoice with same month, vendor, service as old line item should archive old line item" name="New invoice with same month, vendor, service as old line item should archive old line item" time="144.283">
    </testcase>
  </testsuite>
  <testsuite name="
 Happy path - Upload valid mock invoice and verify data is seen in the billing view
" errors="0" failures="0" skipped="0" timestamp="2023-08-18T14:51:11" time="235.387" tests="2">
    <testcase classname="
 Happy path - Upload valid mock invoice and verify data is seen in the billing view
 upload valid pdf file in raw-invoice bucket and see that we can see the data in the view" name="
 Happy path - Upload valid mock invoice and verify data is seen in the billing view
 upload valid pdf file in raw-invoice bucket and see that we can see the data in the view" time="93.015">
    </testcase>
    <testcase classname="
 Happy path - Upload valid mock invoice and verify data is seen in the billing view
 upload valid csv file in raw-invoice bucket and check that we can see the data in the view" name="
 Happy path - Upload valid mock invoice and verify data is seen in the billing view
 upload valid csv file in raw-invoice bucket and check that we can see the data in the view" time="52.097">
    </testcase>
  </testsuite>
  <testsuite name="
 Upload invoice standardised data to s3 directly and check the billing curated view" errors="0" failures="0" skipped="0" timestamp="2023-08-18T14:55:06" time="25.198" tests="1">
    <testcase classname="
 Upload invoice standardised data to s3 directly and check the billing curated view Uploaded invoice standardised data should match the results from billing curated view" name="
 Upload invoice standardised data to s3 directly and check the billing curated view Uploaded invoice standardised data should match the results from billing curated view" time="21.538">
    </testcase>
  </testsuite>
  <testsuite name="
Generate valid event and execute athena query
" errors="0" failures="0" skipped="0" timestamp="2023-08-18T14:52:57" time="180.02" tests="14">
    <testcase classname="
Generate valid event and execute athena query
 should contain eventId in the generated query results" name="
Generate valid event and execute athena query
 should contain eventId in the generated query results" time="18.038">
    </testcase>
    <testcase classname="
Generate valid UTC+0 event at one second after midnight on 1 Oct UTC+1 and execute athena query
 should contain eventId in the generated query results for October" name="
Generate valid UTC+0 event at one second after midnight on 1 Oct UTC+1 and execute athena query
 should contain eventId in the generated query results for October" time="11.738">
    </testcase>
    <testcase classname="
Generate valid UTC+0 event at 59 minutes and 59 seconds after midnight on 1 Oct UTC+1 and execute athena query
 should contain eventId in the generated query results for October" name="
Generate valid UTC+0 event at 59 minutes and 59 seconds after midnight on 1 Oct UTC+1 and execute athena query
 should contain eventId in the generated query results for October" time="11.73">
    </testcase>
    <testcase classname="
Generate valid UTC+0 event at one hour and one second after midnight on 1 Oct UTC+1 and execute athena query
 should contain eventId in the generated query results for October" name="
Generate valid UTC+0 event at one hour and one second after midnight on 1 Oct UTC+1 and execute athena query
 should contain eventId in the generated query results for October" time="12.452">
    </testcase>
    <testcase classname="
Generate valid UTC+0 event at one second after midnight on 1 Feb UTC+0 and execute athena query
 should contain eventId in the generated query results for February" name="
Generate valid UTC+0 event at one second after midnight on 1 Feb UTC+0 and execute athena query
 should contain eventId in the generated query results for February" time="12.692">
    </testcase>
    <testcase classname="
Generate valid UTC-6 event at one second after midnight on 1 Oct UTC+1 and execute athena query
 should contain eventId in the generated query results for October" name="
Generate valid UTC-6 event at one second after midnight on 1 Oct UTC+1 and execute athena query
 should contain eventId in the generated query results for October" time="11.96">
    </testcase>
    <testcase classname="
Generate valid UTC-6 event at 59 minutes and 59 seconds after midnight on 1 Oct UTC+1 and execute athena query
 should contain eventId in the generated query results for October" name="
Generate valid UTC-6 event at 59 minutes and 59 seconds after midnight on 1 Oct UTC+1 and execute athena query
 should contain eventId in the generated query results for October" time="11.706">
    </testcase>
    <testcase classname="
Generate valid UTC-6 event at one hour and one second after midnight on 1 Oct UTC+1 and execute athena query
 should contain eventId in the generated query results for October" name="
Generate valid UTC-6 event at one hour and one second after midnight on 1 Oct UTC+1 and execute athena query
 should contain eventId in the generated query results for October" time="11.945">
    </testcase>
    <testcase classname="
Generate valid UTC-6 event at one second after midnight on 1 Feb UTC+0 and execute athena query
 should contain eventId in the generated query results for February" name="
Generate valid UTC-6 event at one second after midnight on 1 Feb UTC+0 and execute athena query
 should contain eventId in the generated query results for February" time="11.769">
    </testcase>
    <testcase classname="
Generate valid UTC+6 event at one second after midnight on 1 Oct UTC+1 and execute athena query
 should contain eventId in the generated query results for October" name="
Generate valid UTC+6 event at one second after midnight on 1 Oct UTC+1 and execute athena query
 should contain eventId in the generated query results for October" time="11.693">
    </testcase>
    <testcase classname="
Generate valid UTC+6 event at 59 minutes and 59 seconds after midnight on 1 Oct UTC+1 and execute athena query
 should contain eventId in the generated query results for October" name="
Generate valid UTC+6 event at 59 minutes and 59 seconds after midnight on 1 Oct UTC+1 and execute athena query
 should contain eventId in the generated query results for October" time="11.669">
    </testcase>
    <testcase classname="
Generate valid UTC+6 event at one hour and one second after midnight on 1 Oct UTC+1 and execute athena query
 should contain eventId in the generated query results for October" name="
Generate valid UTC+6 event at one hour and one second after midnight on 1 Oct UTC+1 and execute athena query
 should contain eventId in the generated query results for October" time="11.702">
    </testcase>
    <testcase classname="
Generate valid UTC+6 event at one second after midnight on 1 Feb UTC+0 and execute athena query
 should contain eventId in the generated query results for February" name="
Generate valid UTC+6 event at one second after midnight on 1 Feb UTC+0 and execute athena query
 should contain eventId in the generated query results for February" time="11.717">
    </testcase>
    <testcase classname="
Generate invalid event and execute athena query
 should not contain eventId in the generated query results" name="
Generate invalid event and execute athena query
 should not contain eventId in the generated query results" time="17.381">
    </testcase>
  </testsuite>
  <testsuite name="
 Clean Function - Happy path tests
" errors="0" failures="0" skipped="0" timestamp="2023-08-18T14:55:31" time="27.51" tests="6">
    <testcase classname="
 Clean Function - Happy path tests
 should store cleaned events in the storage bucket and check credit field value" name="
 Clean Function - Happy path tests
 should store cleaned events in the storage bucket and check credit field value" time="2.257">
    </testcase>
    <testcase classname="
 Clean Function - Happy path tests
 should store cleaned events in the storage bucket and check credit field value" name="
 Clean Function - Happy path tests
 should store cleaned events in the storage bucket and check credit field value" time="1.292">
    </testcase>
    <testcase classname="
 Clean Function - Happy path tests
 should store cleaned events in the storage bucket and check credit field value" name="
 Clean Function - Happy path tests
 should store cleaned events in the storage bucket and check credit field value" time="1.292">
    </testcase>
    <testcase classname="
 Clean Function - Unhappy path tests
 should not store event with invalid ComponentId in the storage bucket" name="
 Clean Function - Unhappy path tests
 should not store event with invalid ComponentId in the storage bucket" time="7.089">
    </testcase>
    <testcase classname="
 Clean Function - Unhappy path tests
 should not store event with invalid Timestamp in the storage bucket" name="
 Clean Function - Unhappy path tests
 should not store event with invalid Timestamp in the storage bucket" time="7.087">
    </testcase>
    <testcase classname="
 Clean Function - Unhappy path tests
 should not store event with invalid timestamp formatted in the storage bucket" name="
 Clean Function - Unhappy path tests
 should not store event with invalid timestamp formatted in the storage bucket" time="7.195">
    </testcase>
  </testsuite>
  <testsuite name="
Upload events to s3 directly and check the transaction curated view 
" errors="0" failures="0" skipped="0" timestamp="2023-08-18T14:55:05" time="59.62" tests="4">
    <testcase classname="
Upload events to s3 directly and check the transaction curated view 
 data retrieved from transaction_curated athena view should match the input data VENDOR_1_EVENT_1, vendor_testvendor1, 2, 2005/06/30 10:00" name="
Upload events to s3 directly and check the transaction curated view 
 data retrieved from transaction_curated athena view should match the input data VENDOR_1_EVENT_1, vendor_testvendor1, 2, 2005/06/30 10:00" time="13.193">
    </testcase>
    <testcase classname="
Upload events to s3 directly and check the transaction curated view 
 data retrieved from transaction_curated athena view should match the input data VENDOR_2_EVENT_2, vendor_testvendor2, 2, 2005/07/10 10:00" name="
Upload events to s3 directly and check the transaction curated view 
 data retrieved from transaction_curated athena view should match the input data VENDOR_2_EVENT_2, vendor_testvendor2, 2, 2005/07/10 10:00" time="13.113">
    </testcase>
    <testcase classname="
Upload events to s3 directly and check the transaction curated view 
 data retrieved from transaction_curated athena view should match the input data VENDOR_3_EVENT_4, vendor_testvendor3, 7, 2005/08/10 10:00" name="
Upload events to s3 directly and check the transaction curated view 
 data retrieved from transaction_curated athena view should match the input data VENDOR_3_EVENT_4, vendor_testvendor3, 7, 2005/08/10 10:00" time="13.185">
    </testcase>
    <testcase classname="
Upload events to s3 directly and check the transaction curated view 
 data retrieved from transaction_curated athena view should match the input data VENDOR_3_EVENT_6, vendor_testvendor3, 14, 2005/09/10 10:00" name="
Upload events to s3 directly and check the transaction curated view 
 data retrieved from transaction_curated athena view should match the input data VENDOR_3_EVENT_6, vendor_testvendor3, 14, 2005/09/10 10:00" time="15.722">
    </testcase>
  </testsuite>
  <testsuite name="Given a csv with event data is uploaded to the transaction csv bucket" errors="0" failures="0" skipped="0" timestamp="2023-08-18T14:55:57" time="10.036" tests="1">
    <testcase classname="Given a csv with event data is uploaded to the transaction csv bucket stores the events we care about in the storage bucket" name="Given a csv with event data is uploaded to the transaction csv bucket stores the events we care about in the storage bucket" time="2.306">
    </testcase>
  </testsuite>
  <testsuite name="
 Unhappy path - Upload invalid pdf to the raw invoice bucket test
" errors="0" failures="0" skipped="0" timestamp="2023-08-18T14:56:05" time="5.273" tests="1">
    <testcase classname="
 Unhappy path - Upload invalid pdf to the raw invoice bucket test
 should move the original raw invoice to failed folder in s3 raw-invoice bucket upon uploading the invalid pdf file " name="
 Unhappy path - Upload invalid pdf to the raw invoice bucket test
 should move the original raw invoice to failed folder in s3 raw-invoice bucket upon uploading the invalid pdf file " time="3.9">
    </testcase>
  </testsuite>
  <testsuite name="
 Happy path tests 

 Generate valid event and check cloud watch logs lambda functions Filter,Clean, Store Transactions contains eventId
" errors="0" failures="0" skipped="0" timestamp="2023-08-18T14:55:59" time="16.571" tests="3">
    <testcase classname="
 Happy path tests 

 Generate valid event and check cloud watch logs lambda functions Filter,Clean, Store Transactions contains eventId
 Filter function cloud watch logs should contain eventid" name="
 Happy path tests 

 Generate valid event and check cloud watch logs lambda functions Filter,Clean, Store Transactions contains eventId
 Filter function cloud watch logs should contain eventid" time="8.472">
    </testcase>
    <testcase classname="
 Happy path tests 

 Generate valid event and check cloud watch logs lambda functions Filter,Clean, Store Transactions contains eventId
 Clean function cloud watch logs should contain eventid" name="
 Happy path tests 

 Generate valid event and check cloud watch logs lambda functions Filter,Clean, Store Transactions contains eventId
 Clean function cloud watch logs should contain eventid" time="1.86">
    </testcase>
    <testcase classname="
 Happy path tests 

 Generate valid event and check cloud watch logs lambda functions Filter,Clean, Store Transactions contains eventId
 Store Transactions function cloud watch logs should contain eventid" name="
 Happy path tests 

 Generate valid event and check cloud watch logs lambda functions Filter,Clean, Store Transactions contains eventId
 Store Transactions function cloud watch logs should contain eventid" time="1.579">
    </testcase>
  </testsuite>
  <testsuite name="Execute athena query to retrieve rate details" errors="0" failures="0" skipped="0" timestamp="2023-08-18T14:56:07" time="11.94" tests="1">
    <testcase classname="Execute athena query to retrieve rate details retrieved rate details should match rate csv uploaded in s3 config bucket" name="Execute athena query to retrieve rate details retrieved rate details should match rate csv uploaded in s3 config bucket" time="10.655">
    </testcase>
  </testsuite>
  <testsuite name="
 Filter function - Happy path tests
" errors="0" failures="0" skipped="0" timestamp="2023-08-18T14:56:10" time="11.008" tests="2">
    <testcase classname="
 Filter function - Happy path tests
 should store event in the storage bucket for a valid event" name="
 Filter function - Happy path tests
 should store event in the storage bucket for a valid event" time="2.228">
    </testcase>
    <testcase classname="
 Filter Function - Unhappy path tests
 should not store events with invalid EventName in the storage bucket" name="
 Filter Function - Unhappy path tests
 should not store events with invalid EventName in the storage bucket" time="7.088">
    </testcase>
  </testsuite>
  <testsuite name="
 Invoice data buckets exists in S3
" errors="0" failures="0" skipped="0" timestamp="2023-08-18T14:56:19" time="4.319" tests="3">
    <testcase classname="
 Invoice data buckets exists in S3
 Raw invoice bucket should exists in S3" name="
 Invoice data buckets exists in S3
 Raw invoice bucket should exists in S3" time="0.805">
    </testcase>
    <testcase classname="
 Invoice data buckets exists in S3
 Raw invoice textract data bucket should exists in S3" name="
 Invoice data buckets exists in S3
 Raw invoice textract data bucket should exists in S3" time="0.657">
    </testcase>
    <testcase classname="
 Invoice data buckets exists in S3
 Storage bucket should exists in S3" name="
 Invoice data buckets exists in S3
 Storage bucket should exists in S3" time="1.093">
    </testcase>
  </testsuite>
  <testsuite name="
 Execute athena query to retrieve vendor service details
" errors="0" failures="0" skipped="0" timestamp="2023-08-18T14:56:15" time="11.929" tests="1">
    <testcase classname="
 Execute athena query to retrieve vendor service details
 retrieved vendor service details should match with vendor service csv uploaded in s3 config bucket " name="
 Execute athena query to retrieve vendor service details
 retrieved vendor service details should match with vendor service csv uploaded in s3 config bucket " time="10.639">
    </testcase>
  </testsuite>
  <testsuite name="
 Store function test
" errors="0" failures="0" skipped="0" timestamp="2023-08-18T14:56:24" time="5.148" tests="1">
    <testcase classname="
 Store function test
 should store cleaned events in the storage bucket" name="
 Store function test
 should store cleaned events in the storage bucket" time="2.115">
    </testcase>
  </testsuite>
  <testsuite name="
 Verify VAT details exists in S3 config bucket
" errors="0" failures="0" skipped="0" timestamp="2023-08-18T14:56:27" time="1.699" tests="1">
    <testcase classname="
 Verify VAT details exists in S3 config bucket
 S3 config bucket should contain VAT details matches with expected vat config file " name="
 Verify VAT details exists in S3 config bucket
 S3 config bucket should contain VAT details matches with expected vat config file " time="0.38">
    </testcase>
  </testsuite>
  <testsuite name="
 Execute athena query to retrieve contract details details
" errors="0" failures="0" skipped="0" timestamp="2023-08-18T14:56:21" time="12.834" tests="1">
    <testcase classname="
 Execute athena query to retrieve contract details details
 retrieved contract details should match with contract csv uploaded in s3 config bucket " name="
 Execute athena query to retrieve contract details details
 retrieved contract details should match with contract csv uploaded in s3 config bucket " time="10.718">
    </testcase>
  </testsuite>
  <testsuite name="
Upload pdf invoice to raw invoice bucket and verify BillingAndTransactionsCuratedView results matches with expected data 
" errors="0" failures="0" skipped="0" timestamp="2023-08-18T14:53:39" time="194.878" tests="4">
    <testcase classname="
Upload pdf invoice to raw invoice bucket and verify BillingAndTransactionsCuratedView results matches with expected data 
 results retrieved from billing and transaction_curated view query should match with expected BillingQty equals TransactionQty and No TransactionPrice No BillingPrice ,2,£0.00,2,£0.00,-1234567.01" name="
Upload pdf invoice to raw invoice bucket and verify BillingAndTransactionsCuratedView results matches with expected data 
 results retrieved from billing and transaction_curated view query should match with expected BillingQty equals TransactionQty and No TransactionPrice No BillingPrice ,2,£0.00,2,£0.00,-1234567.01" time="74.684">
    </testcase>
    <testcase classname="
Upload pdf invoice to raw invoice bucket and verify BillingAndTransactionsCuratedView results matches with expected data 
 results retrieved from billing and transaction_curated view query should match with expected BillingQty less than TransactionQty and No BillingPrice but has TransactionPrice ,2,£0.00,11,£27.50,-100.0" name="
Upload pdf invoice to raw invoice bucket and verify BillingAndTransactionsCuratedView results matches with expected data 
 results retrieved from billing and transaction_curated view query should match with expected BillingQty less than TransactionQty and No BillingPrice but has TransactionPrice ,2,£0.00,11,£27.50,-100.0" time="44.913">
    </testcase>
    <testcase classname="
Upload pdf invoice to raw invoice bucket and verify BillingAndTransactionsCuratedView results matches with expected data 
 results retrieved from billing and transaction_curated view query should match with expected BillingQty greater than TransactionQty and No TransactionPrice but has BillingPrice,11,£27.50,2,£0.00,-1234567.05" name="
Upload pdf invoice to raw invoice bucket and verify BillingAndTransactionsCuratedView results matches with expected data 
 results retrieved from billing and transaction_curated view query should match with expected BillingQty greater than TransactionQty and No TransactionPrice but has BillingPrice,11,£27.50,2,£0.00,-1234567.05" time="33.743">
    </testcase>
    <testcase classname="
Upload pdf invoice to raw invoice bucket and verify BillingAndTransactionsCuratedView results matches with expected data 
 results retrieved from billing and transaction_curated view query should match with expected BillingQty equals TransactionQty but BillingPrice greater than TransactionPrice,2,£6.66,2,£2.46,170.7317" name="
Upload pdf invoice to raw invoice bucket and verify BillingAndTransactionsCuratedView results matches with expected data 
 results retrieved from billing and transaction_curated view query should match with expected BillingQty equals TransactionQty but BillingPrice greater than TransactionPrice,2,£6.66,2,£2.46,170.7317" time="38.781">
    </testcase>
  </testsuite>
</testsuites>