<?xml version="1.0" encoding="UTF-8"?>
<testsuites>
  <testsuite name="Invoice Page Test" timestamp="2023-10-11T13:34:59" time="113.206" tests="0" failures="0" errors="0" skipped="0">
    <properties>
      <property name="specId" value="0"/>
      <property name="suiteName" value="Invoice Page Test"/>
      <property name="capabilities" value="chrome.117_0_5938_132.linux"/>
      <property name="file" value="file://./ui-tests/specs/invoice.spec.ts"/>
    </properties>
  </testsuite>
  <testsuite name="Vendor Vendor Three Invoice 2005 09" timestamp="2023-10-11T13:35:00" time="18.681" tests="6" failures="0" errors="0" skipped="0">
    <properties>
      <property name="specId" value="0"/>
      <property name="suiteName" value="Vendor: Vendor Three,Invoice:2005-09"/>
      <property name="capabilities" value="chrome.117_0_5938_132.linux"/>
      <property name="file" value="file://./ui-tests/specs/invoice.spec.ts"/>
    </properties>
    <testcase classname="chrome.117_0_5938_132.linux.Invoice_Page_Test.Vendor:_Vendor_Three,Invoice:2005-09" name="should display correct status banner color and message" time="7.954">
      <system-out><![CDATA[
COMMAND: POST /session/1549ffe00708c38748d45f4bf99daed4/url - {"url":"https://pr-509.btm.dev.account.gov.uk/contracts/3/invoices/2005-09"}
RESULT: {"url":"https://pr-509.btm.dev.account.gov.uk/contracts/3/invoices/2005-09"}
COMMAND: POST /session/1549ffe00708c38748d45f4bf99daed4/execute/sync - {"script":"return (() => document.readyState === \"complete\").apply(null, arguments)","args":[]}
RESULT: {"script":"return (() => document.readyState === \"complete\").apply(null, arguments)","args":[]}
COMMAND: GET /session/1549ffe00708c38748d45f4bf99daed4/url - {}
RESULT: {}
COMMAND: POST /session/1549ffe00708c38748d45f4bf99daed4/element - {"using":"css selector","value":".govuk-heading-xl"}
RESULT: {"using":"css selector","value":".govuk-heading-xl"}
COMMAND: POST /session/1549ffe00708c38748d45f4bf99daed4/execute/sync - {"script":"return (function isElementDisplayed(element) {\n    function nodeIsElement(node) {\n        if (!node) {\n            return false;\n        }\n        switch (node.nodeType) {\n            case Node.ELEMEN ... (7807 more bytes)","args":[{"element-6066-11e4-a52e-4f735466cecf":"A99AF0805FB4709849AF460D423E49D8_element_5","ELEMENT":"A99AF0805FB4709849AF460D423E49D8_element_5"}]}
RESULT: {"script":"return (function isElementDisplayed(element) {\n    function nodeIsElement(node) {\n        if (!node) {\n            return false;\n        }\n        switch (node.nodeType) {\n            case Node.ELEMEN ... (7807 more bytes)","args":[{"element-6066-11e4-a52e-4f735466cecf":"A99AF0805FB4709849AF460D423E49D8_element_5","ELEMENT":"A99AF0805FB4709849AF460D423E49D8_element_5"}]}
COMMAND: POST /session/1549ffe00708c38748d45f4bf99daed4/element - {"using":"css selector","value":".govuk-heading-xl"}
RESULT: {"using":"css selector","value":".govuk-heading-xl"}
COMMAND: GET /session/1549ffe00708c38748d45f4bf99daed4/element/A99AF0805FB4709849AF460D423E49D8_element_5/text - {}
RESULT: {}
COMMAND: POST /session/1549ffe00708c38748d45f4bf99daed4/element - {"using":"css selector","value":"h2.govuk-panel__title"}
RESULT: {"using":"css selector","value":"h2.govuk-panel__title"}
COMMAND: POST /session/1549ffe00708c38748d45f4bf99daed4/execute/sync - {"script":"return (function isElementDisplayed(element) {\n    function nodeIsElement(node) {\n        if (!node) {\n            return false;\n        }\n        switch (node.nodeType) {\n            case Node.ELEMEN ... (7807 more bytes)","args":[{"element-6066-11e4-a52e-4f735466cecf":"A99AF0805FB4709849AF460D423E49D8_element_6","ELEMENT":"A99AF0805FB4709849AF460D423E49D8_element_6"}]}
RESULT: {"script":"return (function isElementDisplayed(element) {\n    function nodeIsElement(node) {\n        if (!node) {\n            return false;\n        }\n        switch (node.nodeType) {\n            case Node.ELEMEN ... (7807 more bytes)","args":[{"element-6066-11e4-a52e-4f735466cecf":"A99AF0805FB4709849AF460D423E49D8_element_6","ELEMENT":"A99AF0805FB4709849AF460D423E49D8_element_6"}]}
COMMAND: POST /session/1549ffe00708c38748d45f4bf99daed4/element - {"using":"css selector","value":"h2.govuk-panel__title"}
RESULT: {"using":"css selector","value":"h2.govuk-panel__title"}
COMMAND: GET /session/1549ffe00708c38748d45f4bf99daed4/element/A99AF0805FB4709849AF460D423E49D8_element_6/text - {}
RESULT: {}
COMMAND: POST /session/1549ffe00708c38748d45f4bf99daed4/element - {"using":"css selector","value":".govuk-panel"}
RESULT: {"using":"css selector","value":".govuk-panel"}
COMMAND: POST /session/1549ffe00708c38748d45f4bf99daed4/execute/sync - {"script":"return (function isElementDisplayed(element) {\n    function nodeIsElement(node) {\n        if (!node) {\n            return false;\n        }\n        switch (node.nodeType) {\n            case Node.ELEMEN ... (7807 more bytes)","args":[{"element-6066-11e4-a52e-4f735466cecf":"A99AF0805FB4709849AF460D423E49D8_element_3","ELEMENT":"A99AF0805FB4709849AF460D423E49D8_element_3"}]}
RESULT: {"script":"return (function isElementDisplayed(element) {\n    function nodeIsElement(node) {\n        if (!node) {\n            return false;\n        }\n        switch (node.nodeType) {\n            case Node.ELEMEN ... (7807 more bytes)","args":[{"element-6066-11e4-a52e-4f735466cecf":"A99AF0805FB4709849AF460D423E49D8_element_3","ELEMENT":"A99AF0805FB4709849AF460D423E49D8_element_3"}]}
COMMAND: GET /session/1549ffe00708c38748d45f4bf99daed4/element/A99AF0805FB4709849AF460D423E49D8_element_3/css/background-color - {}
RESULT: {}
]]></system-out>
    </testcase>
    <testcase classname="chrome.117_0_5938_132.linux.Invoice_Page_Test.Vendor:_Vendor_Three,Invoice:2005-09" name="should validate reconciliation table data" time="4.415">
      <system-out><![CDATA[
COMMAND: POST /session/1549ffe00708c38748d45f4bf99daed4/url - {"url":"https://pr-509.btm.dev.account.gov.uk/contracts/3/invoices/2005-09"}
RESULT: {"url":"https://pr-509.btm.dev.account.gov.uk/contracts/3/invoices/2005-09"}
COMMAND: POST /session/1549ffe00708c38748d45f4bf99daed4/execute/sync - {"script":"return (() => document.readyState === \"complete\").apply(null, arguments)","args":[]}
RESULT: {"script":"return (() => document.readyState === \"complete\").apply(null, arguments)","args":[]}
COMMAND: GET /session/1549ffe00708c38748d45f4bf99daed4/url - {}
RESULT: {}
COMMAND: POST /session/1549ffe00708c38748d45f4bf99daed4/element - {"using":"css selector","value":".govuk-heading-xl"}
RESULT: {"using":"css selector","value":".govuk-heading-xl"}
COMMAND: POST /session/1549ffe00708c38748d45f4bf99daed4/execute/sync - {"script":"return (function isElementDisplayed(element) {\n    function nodeIsElement(node) {\n        if (!node) {\n            return false;\n        }\n        switch (node.nodeType) {\n            case Node.ELEMEN ... (7807 more bytes)","args":[{"element-6066-11e4-a52e-4f735466cecf":"F628D2681D47577C90A208CE95EB9825_element_11","ELEMENT":"F628D2681D47577C90A208CE95EB9825_element_11"}]}
RESULT: {"script":"return (function isElementDisplayed(element) {\n    function nodeIsElement(node) {\n        if (!node) {\n            return false;\n        }\n        switch (node.nodeType) {\n            case Node.ELEMEN ... (7807 more bytes)","args":[{"element-6066-11e4-a52e-4f735466cecf":"F628D2681D47577C90A208CE95EB9825_element_11","ELEMENT":"F628D2681D47577C90A208CE95EB9825_element_11"}]}
COMMAND: POST /session/1549ffe00708c38748d45f4bf99daed4/element - {"using":"css selector","value":".govuk-heading-xl"}
RESULT: {"using":"css selector","value":".govuk-heading-xl"}
COMMAND: GET /session/1549ffe00708c38748d45f4bf99daed4/element/F628D2681D47577C90A208CE95EB9825_element_11/text - {}
RESULT: {}
COMMAND: POST /session/1549ffe00708c38748d45f4bf99daed4/element - {"using":"xpath","value":".//caption[contains(., \"Reconciliation\") and not(.//caption)]"}
RESULT: {"using":"xpath","value":".//caption[contains(., \"Reconciliation\") and not(.//caption)]"}
COMMAND: POST /session/1549ffe00708c38748d45f4bf99daed4/execute/sync - {"script":"return (function (elem, id) {\n        return (function parentElement() {\n        return this.parentElement;\n    }).call(elem, id);\n    }).apply(null, arguments)","args":[{"element-6066-11e4-a52e-4f735466cecf":"F628D2681D47577C90A208CE95EB9825_element_12","ELEMENT":"F628D2681D47577C90A208CE95EB9825_element_12"}]}
RESULT: {"script":"return (function (elem, id) {\n        return (function parentElement() {\n        return this.parentElement;\n    }).call(elem, id);\n    }).apply(null, arguments)","args":[{"element-6066-11e4-a52e-4f735466cecf":"F628D2681D47577C90A208CE95EB9825_element_12","ELEMENT":"F628D2681D47577C90A208CE95EB9825_element_12"}]}
COMMAND: POST /session/1549ffe00708c38748d45f4bf99daed4/execute/sync - {"script":"return (function isElementDisplayed(element) {\n    function nodeIsElement(node) {\n        if (!node) {\n            return false;\n        }\n        switch (node.nodeType) {\n            case Node.ELEMEN ... (7807 more bytes)","args":[{"element-6066-11e4-a52e-4f735466cecf":"F628D2681D47577C90A208CE95EB9825_element_10","ELEMENT":"F628D2681D47577C90A208CE95EB9825_element_10"}]}
RESULT: {"script":"return (function isElementDisplayed(element) {\n    function nodeIsElement(node) {\n        if (!node) {\n            return false;\n        }\n        switch (node.nodeType) {\n            case Node.ELEMEN ... (7807 more bytes)","args":[{"element-6066-11e4-a52e-4f735466cecf":"F628D2681D47577C90A208CE95EB9825_element_10","ELEMENT":"F628D2681D47577C90A208CE95EB9825_element_10"}]}
COMMAND: POST /session/1549ffe00708c38748d45f4bf99daed4/element/F628D2681D47577C90A208CE95EB9825_element_10/elements - {"using":"css selector","value":"tbody tr"}
RESULT: {"using":"css selector","value":"tbody tr"}
COMMAND: POST /session/1549ffe00708c38748d45f4bf99daed4/element/F628D2681D47577C90A208CE95EB9825_element_10/element - {"using":"css selector","value":"thead tr"}
RESULT: {"using":"css selector","value":"thead tr"}
COMMAND: POST /session/1549ffe00708c38748d45f4bf99daed4/element/F628D2681D47577C90A208CE95EB9825_element_14/elements - {"using":"css selector","value":"th"}
RESULT: {"using":"css selector","value":"th"}
COMMAND: GET /session/1549ffe00708c38748d45f4bf99daed4/element/F628D2681D47577C90A208CE95EB9825_element_15/text - {}
COMMAND: GET /session/1549ffe00708c38748d45f4bf99daed4/element/F628D2681D47577C90A208CE95EB9825_element_16/text - {}
COMMAND: GET /session/1549ffe00708c38748d45f4bf99daed4/element/F628D2681D47577C90A208CE95EB9825_element_18/text - {}
COMMAND: GET /session/1549ffe00708c38748d45f4bf99daed4/element/F628D2681D47577C90A208CE95EB9825_element_17/text - {}
COMMAND: GET /session/1549ffe00708c38748d45f4bf99daed4/element/F628D2681D47577C90A208CE95EB9825_element_19/text - {}
RESULT: {}
RESULT: {}
RESULT: {}
RESULT: {}
RESULT: {}
COMMAND: POST /session/1549ffe00708c38748d45f4bf99daed4/element/F628D2681D47577C90A208CE95EB9825_element_13/elements - {"using":"css selector","value":"th,td"}
RESULT: {"using":"css selector","value":"th,td"}
COMMAND: GET /session/1549ffe00708c38748d45f4bf99daed4/element/F628D2681D47577C90A208CE95EB9825_element_20/text - {}
RESULT: {}
COMMAND: GET /session/1549ffe00708c38748d45f4bf99daed4/element/F628D2681D47577C90A208CE95EB9825_element_21/text - {}
RESULT: {}
COMMAND: GET /session/1549ffe00708c38748d45f4bf99daed4/element/F628D2681D47577C90A208CE95EB9825_element_22/text - {}
RESULT: {}
COMMAND: GET /session/1549ffe00708c38748d45f4bf99daed4/element/F628D2681D47577C90A208CE95EB9825_element_23/text - {}
RESULT: {}
COMMAND: GET /session/1549ffe00708c38748d45f4bf99daed4/element/F628D2681D47577C90A208CE95EB9825_element_24/text - {}
RESULT: {}
]]></system-out>
    </testcase>
    <testcase classname="chrome.117_0_5938_132.linux.Invoice_Page_Test.Vendor:_Vendor_Three,Invoice:2005-09" name="should validate quantity events table data" time="1.155">
      <system-out><![CDATA[
COMMAND: POST /session/1549ffe00708c38748d45f4bf99daed4/url - {"url":"https://pr-509.btm.dev.account.gov.uk/contracts/3/invoices/2005-09"}
RESULT: {"url":"https://pr-509.btm.dev.account.gov.uk/contracts/3/invoices/2005-09"}
COMMAND: POST /session/1549ffe00708c38748d45f4bf99daed4/execute/sync - {"script":"return (() => document.readyState === \"complete\").apply(null, arguments)","args":[]}
RESULT: {"script":"return (() => document.readyState === \"complete\").apply(null, arguments)","args":[]}
COMMAND: GET /session/1549ffe00708c38748d45f4bf99daed4/url - {}
RESULT: {}
COMMAND: POST /session/1549ffe00708c38748d45f4bf99daed4/element - {"using":"css selector","value":".govuk-heading-xl"}
RESULT: {"using":"css selector","value":".govuk-heading-xl"}
COMMAND: POST /session/1549ffe00708c38748d45f4bf99daed4/execute/sync - {"script":"return (function isElementDisplayed(element) {\n    function nodeIsElement(node) {\n        if (!node) {\n            return false;\n        }\n        switch (node.nodeType) {\n            case Node.ELEMEN ... (7807 more bytes)","args":[{"element-6066-11e4-a52e-4f735466cecf":"7F4D92ED8A59369AD2AC13AA8A669B3C_element_29","ELEMENT":"7F4D92ED8A59369AD2AC13AA8A669B3C_element_29"}]}
RESULT: {"script":"return (function isElementDisplayed(element) {\n    function nodeIsElement(node) {\n        if (!node) {\n            return false;\n        }\n        switch (node.nodeType) {\n            case Node.ELEMEN ... (7807 more bytes)","args":[{"element-6066-11e4-a52e-4f735466cecf":"7F4D92ED8A59369AD2AC13AA8A669B3C_element_29","ELEMENT":"7F4D92ED8A59369AD2AC13AA8A669B3C_element_29"}]}
COMMAND: POST /session/1549ffe00708c38748d45f4bf99daed4/element - {"using":"css selector","value":".govuk-heading-xl"}
RESULT: {"using":"css selector","value":".govuk-heading-xl"}
COMMAND: GET /session/1549ffe00708c38748d45f4bf99daed4/element/7F4D92ED8A59369AD2AC13AA8A669B3C_element_29/text - {}
RESULT: {}
COMMAND: POST /session/1549ffe00708c38748d45f4bf99daed4/element - {"using":"xpath","value":".//caption[contains(., \"Quantity (events)\") and not(.//caption)]"}
RESULT: {"using":"xpath","value":".//caption[contains(., \"Quantity (events)\") and not(.//caption)]"}
COMMAND: POST /session/1549ffe00708c38748d45f4bf99daed4/execute/sync - {"script":"return (function (elem, id) {\n        return (function parentElement() {\n        return this.parentElement;\n    }).call(elem, id);\n    }).apply(null, arguments)","args":[{"element-6066-11e4-a52e-4f735466cecf":"7F4D92ED8A59369AD2AC13AA8A669B3C_element_30","ELEMENT":"7F4D92ED8A59369AD2AC13AA8A669B3C_element_30"}]}
RESULT: {"script":"return (function (elem, id) {\n        return (function parentElement() {\n        return this.parentElement;\n    }).call(elem, id);\n    }).apply(null, arguments)","args":[{"element-6066-11e4-a52e-4f735466cecf":"7F4D92ED8A59369AD2AC13AA8A669B3C_element_30","ELEMENT":"7F4D92ED8A59369AD2AC13AA8A669B3C_element_30"}]}
COMMAND: POST /session/1549ffe00708c38748d45f4bf99daed4/execute/sync - {"script":"return (function isElementDisplayed(element) {\n    function nodeIsElement(node) {\n        if (!node) {\n            return false;\n        }\n        switch (node.nodeType) {\n            case Node.ELEMEN ... (7807 more bytes)","args":[{"element-6066-11e4-a52e-4f735466cecf":"7F4D92ED8A59369AD2AC13AA8A669B3C_element_31","ELEMENT":"7F4D92ED8A59369AD2AC13AA8A669B3C_element_31"}]}
RESULT: {"script":"return (function isElementDisplayed(element) {\n    function nodeIsElement(node) {\n        if (!node) {\n            return false;\n        }\n        switch (node.nodeType) {\n            case Node.ELEMEN ... (7807 more bytes)","args":[{"element-6066-11e4-a52e-4f735466cecf":"7F4D92ED8A59369AD2AC13AA8A669B3C_element_31","ELEMENT":"7F4D92ED8A59369AD2AC13AA8A669B3C_element_31"}]}
COMMAND: POST /session/1549ffe00708c38748d45f4bf99daed4/element/7F4D92ED8A59369AD2AC13AA8A669B3C_element_31/elements - {"using":"css selector","value":"tbody tr"}
RESULT: {"using":"css selector","value":"tbody tr"}
COMMAND: POST /session/1549ffe00708c38748d45f4bf99daed4/element/7F4D92ED8A59369AD2AC13AA8A669B3C_element_31/element - {"using":"css selector","value":"thead tr"}
RESULT: {"using":"css selector","value":"thead tr"}
COMMAND: POST /session/1549ffe00708c38748d45f4bf99daed4/element/7F4D92ED8A59369AD2AC13AA8A669B3C_element_33/elements - {"using":"css selector","value":"th"}
RESULT: {"using":"css selector","value":"th"}
COMMAND: GET /session/1549ffe00708c38748d45f4bf99daed4/element/7F4D92ED8A59369AD2AC13AA8A669B3C_element_34/text - {}
COMMAND: GET /session/1549ffe00708c38748d45f4bf99daed4/element/7F4D92ED8A59369AD2AC13AA8A669B3C_element_35/text - {}
COMMAND: GET /session/1549ffe00708c38748d45f4bf99daed4/element/7F4D92ED8A59369AD2AC13AA8A669B3C_element_37/text - {}
COMMAND: GET /session/1549ffe00708c38748d45f4bf99daed4/element/7F4D92ED8A59369AD2AC13AA8A669B3C_element_36/text - {}
RESULT: {}
RESULT: {}
RESULT: {}
RESULT: {}
COMMAND: POST /session/1549ffe00708c38748d45f4bf99daed4/element/7F4D92ED8A59369AD2AC13AA8A669B3C_element_32/elements - {"using":"css selector","value":"th,td"}
RESULT: {"using":"css selector","value":"th,td"}
COMMAND: GET /session/1549ffe00708c38748d45f4bf99daed4/element/7F4D92ED8A59369AD2AC13AA8A669B3C_element_38/text - {}
RESULT: {}
COMMAND: GET /session/1549ffe00708c38748d45f4bf99daed4/element/7F4D92ED8A59369AD2AC13AA8A669B3C_element_39/text - {}
RESULT: {}
COMMAND: GET /session/1549ffe00708c38748d45f4bf99daed4/element/7F4D92ED8A59369AD2AC13AA8A669B3C_element_40/text - {}
RESULT: {}
COMMAND: GET /session/1549ffe00708c38748d45f4bf99daed4/element/7F4D92ED8A59369AD2AC13AA8A669B3C_element_41/text - {}
RESULT: {}
]]></system-out>
    </testcase>
    <testcase classname="chrome.117_0_5938_132.linux.Invoice_Page_Test.Vendor:_Vendor_Three,Invoice:2005-09" name="should validate price table data" time="2.118">
      <system-out><![CDATA[
COMMAND: POST /session/1549ffe00708c38748d45f4bf99daed4/url - {"url":"https://pr-509.btm.dev.account.gov.uk/contracts/3/invoices/2005-09"}
RESULT: {"url":"https://pr-509.btm.dev.account.gov.uk/contracts/3/invoices/2005-09"}
COMMAND: POST /session/1549ffe00708c38748d45f4bf99daed4/execute/sync - {"script":"return (() => document.readyState === \"complete\").apply(null, arguments)","args":[]}
RESULT: {"script":"return (() => document.readyState === \"complete\").apply(null, arguments)","args":[]}
COMMAND: GET /session/1549ffe00708c38748d45f4bf99daed4/url - {}
RESULT: {}
COMMAND: POST /session/1549ffe00708c38748d45f4bf99daed4/element - {"using":"css selector","value":".govuk-heading-xl"}
RESULT: {"using":"css selector","value":".govuk-heading-xl"}
COMMAND: POST /session/1549ffe00708c38748d45f4bf99daed4/execute/sync - {"script":"return (function isElementDisplayed(element) {\n    function nodeIsElement(node) {\n        if (!node) {\n            return false;\n        }\n        switch (node.nodeType) {\n            case Node.ELEMEN ... (7807 more bytes)","args":[{"element-6066-11e4-a52e-4f735466cecf":"2BC00299E2D15CDE9A84552583B4F862_element_46","ELEMENT":"2BC00299E2D15CDE9A84552583B4F862_element_46"}]}
RESULT: {"script":"return (function isElementDisplayed(element) {\n    function nodeIsElement(node) {\n        if (!node) {\n            return false;\n        }\n        switch (node.nodeType) {\n            case Node.ELEMEN ... (7807 more bytes)","args":[{"element-6066-11e4-a52e-4f735466cecf":"2BC00299E2D15CDE9A84552583B4F862_element_46","ELEMENT":"2BC00299E2D15CDE9A84552583B4F862_element_46"}]}
COMMAND: POST /session/1549ffe00708c38748d45f4bf99daed4/element - {"using":"css selector","value":".govuk-heading-xl"}
RESULT: {"using":"css selector","value":".govuk-heading-xl"}
COMMAND: GET /session/1549ffe00708c38748d45f4bf99daed4/element/2BC00299E2D15CDE9A84552583B4F862_element_46/text - {}
RESULT: {}
COMMAND: POST /session/1549ffe00708c38748d45f4bf99daed4/element - {"using":"xpath","value":".//caption[contains(., \"Price\") and not(.//caption)]"}
RESULT: {"using":"xpath","value":".//caption[contains(., \"Price\") and not(.//caption)]"}
COMMAND: POST /session/1549ffe00708c38748d45f4bf99daed4/execute/sync - {"script":"return (function (elem, id) {\n        return (function parentElement() {\n        return this.parentElement;\n    }).call(elem, id);\n    }).apply(null, arguments)","args":[{"element-6066-11e4-a52e-4f735466cecf":"2BC00299E2D15CDE9A84552583B4F862_element_47","ELEMENT":"2BC00299E2D15CDE9A84552583B4F862_element_47"}]}
RESULT: {"script":"return (function (elem, id) {\n        return (function parentElement() {\n        return this.parentElement;\n    }).call(elem, id);\n    }).apply(null, arguments)","args":[{"element-6066-11e4-a52e-4f735466cecf":"2BC00299E2D15CDE9A84552583B4F862_element_47","ELEMENT":"2BC00299E2D15CDE9A84552583B4F862_element_47"}]}
COMMAND: POST /session/1549ffe00708c38748d45f4bf99daed4/execute/sync - {"script":"return (function isElementDisplayed(element) {\n    function nodeIsElement(node) {\n        if (!node) {\n            return false;\n        }\n        switch (node.nodeType) {\n            case Node.ELEMEN ... (7807 more bytes)","args":[{"element-6066-11e4-a52e-4f735466cecf":"2BC00299E2D15CDE9A84552583B4F862_element_48","ELEMENT":"2BC00299E2D15CDE9A84552583B4F862_element_48"}]}
RESULT: {"script":"return (function isElementDisplayed(element) {\n    function nodeIsElement(node) {\n        if (!node) {\n            return false;\n        }\n        switch (node.nodeType) {\n            case Node.ELEMEN ... (7807 more bytes)","args":[{"element-6066-11e4-a52e-4f735466cecf":"2BC00299E2D15CDE9A84552583B4F862_element_48","ELEMENT":"2BC00299E2D15CDE9A84552583B4F862_element_48"}]}
COMMAND: POST /session/1549ffe00708c38748d45f4bf99daed4/element/2BC00299E2D15CDE9A84552583B4F862_element_48/elements - {"using":"css selector","value":"tbody tr"}
RESULT: {"using":"css selector","value":"tbody tr"}
COMMAND: POST /session/1549ffe00708c38748d45f4bf99daed4/element/2BC00299E2D15CDE9A84552583B4F862_element_48/element - {"using":"css selector","value":"thead tr"}
RESULT: {"using":"css selector","value":"thead tr"}
COMMAND: POST /session/1549ffe00708c38748d45f4bf99daed4/element/2BC00299E2D15CDE9A84552583B4F862_element_50/elements - {"using":"css selector","value":"th"}
RESULT: {"using":"css selector","value":"th"}
COMMAND: GET /session/1549ffe00708c38748d45f4bf99daed4/element/2BC00299E2D15CDE9A84552583B4F862_element_51/text - {}
COMMAND: GET /session/1549ffe00708c38748d45f4bf99daed4/element/2BC00299E2D15CDE9A84552583B4F862_element_52/text - {}
COMMAND: GET /session/1549ffe00708c38748d45f4bf99daed4/element/2BC00299E2D15CDE9A84552583B4F862_element_54/text - {}
COMMAND: GET /session/1549ffe00708c38748d45f4bf99daed4/element/2BC00299E2D15CDE9A84552583B4F862_element_53/text - {}
RESULT: {}
RESULT: {}
RESULT: {}
RESULT: {}
COMMAND: POST /session/1549ffe00708c38748d45f4bf99daed4/element/2BC00299E2D15CDE9A84552583B4F862_element_49/elements - {"using":"css selector","value":"th,td"}
RESULT: {"using":"css selector","value":"th,td"}
COMMAND: GET /session/1549ffe00708c38748d45f4bf99daed4/element/2BC00299E2D15CDE9A84552583B4F862_element_55/text - {}
RESULT: {}
COMMAND: GET /session/1549ffe00708c38748d45f4bf99daed4/element/2BC00299E2D15CDE9A84552583B4F862_element_56/text - {}
RESULT: {}
COMMAND: GET /session/1549ffe00708c38748d45f4bf99daed4/element/2BC00299E2D15CDE9A84552583B4F862_element_57/text - {}
RESULT: {}
COMMAND: GET /session/1549ffe00708c38748d45f4bf99daed4/element/2BC00299E2D15CDE9A84552583B4F862_element_58/text - {}
RESULT: {}
]]></system-out>
    </testcase>
    <testcase classname="chrome.117_0_5938_132.linux.Invoice_Page_Test.Vendor:_Vendor_Three,Invoice:2005-09" name="should validate measured events table data" time="1.434">
      <system-out><![CDATA[
COMMAND: POST /session/1549ffe00708c38748d45f4bf99daed4/url - {"url":"https://pr-509.btm.dev.account.gov.uk/contracts/3/invoices/2005-09"}
RESULT: {"url":"https://pr-509.btm.dev.account.gov.uk/contracts/3/invoices/2005-09"}
COMMAND: POST /session/1549ffe00708c38748d45f4bf99daed4/execute/sync - {"script":"return (() => document.readyState === \"complete\").apply(null, arguments)","args":[]}
RESULT: {"script":"return (() => document.readyState === \"complete\").apply(null, arguments)","args":[]}
COMMAND: GET /session/1549ffe00708c38748d45f4bf99daed4/url - {}
RESULT: {}
COMMAND: POST /session/1549ffe00708c38748d45f4bf99daed4/element - {"using":"css selector","value":".govuk-heading-xl"}
RESULT: {"using":"css selector","value":".govuk-heading-xl"}
COMMAND: POST /session/1549ffe00708c38748d45f4bf99daed4/execute/sync - {"script":"return (function isElementDisplayed(element) {\n    function nodeIsElement(node) {\n        if (!node) {\n            return false;\n        }\n        switch (node.nodeType) {\n            case Node.ELEMEN ... (7807 more bytes)","args":[{"element-6066-11e4-a52e-4f735466cecf":"CA57ED75E7F0F7F0F14AF221C91C6D3C_element_61","ELEMENT":"CA57ED75E7F0F7F0F14AF221C91C6D3C_element_61"}]}
RESULT: {"script":"return (function isElementDisplayed(element) {\n    function nodeIsElement(node) {\n        if (!node) {\n            return false;\n        }\n        switch (node.nodeType) {\n            case Node.ELEMEN ... (7807 more bytes)","args":[{"element-6066-11e4-a52e-4f735466cecf":"CA57ED75E7F0F7F0F14AF221C91C6D3C_element_61","ELEMENT":"CA57ED75E7F0F7F0F14AF221C91C6D3C_element_61"}]}
COMMAND: POST /session/1549ffe00708c38748d45f4bf99daed4/element - {"using":"css selector","value":".govuk-heading-xl"}
RESULT: {"using":"css selector","value":".govuk-heading-xl"}
COMMAND: GET /session/1549ffe00708c38748d45f4bf99daed4/element/CA57ED75E7F0F7F0F14AF221C91C6D3C_element_61/text - {}
RESULT: {}
COMMAND: POST /session/1549ffe00708c38748d45f4bf99daed4/element - {"using":"xpath","value":".//caption[contains(., \"Measured (events)\") and not(.//caption)]"}
RESULT: {"using":"xpath","value":".//caption[contains(., \"Measured (events)\") and not(.//caption)]"}
COMMAND: POST /session/1549ffe00708c38748d45f4bf99daed4/execute/sync - {"script":"return (function (elem, id) {\n        return (function parentElement() {\n        return this.parentElement;\n    }).call(elem, id);\n    }).apply(null, arguments)","args":[{"element-6066-11e4-a52e-4f735466cecf":"CA57ED75E7F0F7F0F14AF221C91C6D3C_element_62","ELEMENT":"CA57ED75E7F0F7F0F14AF221C91C6D3C_element_62"}]}
RESULT: {"script":"return (function (elem, id) {\n        return (function parentElement() {\n        return this.parentElement;\n    }).call(elem, id);\n    }).apply(null, arguments)","args":[{"element-6066-11e4-a52e-4f735466cecf":"CA57ED75E7F0F7F0F14AF221C91C6D3C_element_62","ELEMENT":"CA57ED75E7F0F7F0F14AF221C91C6D3C_element_62"}]}
COMMAND: POST /session/1549ffe00708c38748d45f4bf99daed4/execute/sync - {"script":"return (function isElementDisplayed(element) {\n    function nodeIsElement(node) {\n        if (!node) {\n            return false;\n        }\n        switch (node.nodeType) {\n            case Node.ELEMEN ... (7807 more bytes)","args":[{"element-6066-11e4-a52e-4f735466cecf":"CA57ED75E7F0F7F0F14AF221C91C6D3C_element_63","ELEMENT":"CA57ED75E7F0F7F0F14AF221C91C6D3C_element_63"}]}
RESULT: {"script":"return (function isElementDisplayed(element) {\n    function nodeIsElement(node) {\n        if (!node) {\n            return false;\n        }\n        switch (node.nodeType) {\n            case Node.ELEMEN ... (7807 more bytes)","args":[{"element-6066-11e4-a52e-4f735466cecf":"CA57ED75E7F0F7F0F14AF221C91C6D3C_element_63","ELEMENT":"CA57ED75E7F0F7F0F14AF221C91C6D3C_element_63"}]}
COMMAND: POST /session/1549ffe00708c38748d45f4bf99daed4/element/CA57ED75E7F0F7F0F14AF221C91C6D3C_element_63/elements - {"using":"css selector","value":"tbody tr"}
RESULT: {"using":"css selector","value":"tbody tr"}
COMMAND: POST /session/1549ffe00708c38748d45f4bf99daed4/element/CA57ED75E7F0F7F0F14AF221C91C6D3C_element_63/element - {"using":"css selector","value":"thead tr"}
RESULT: {"using":"css selector","value":"thead tr"}
COMMAND: POST /session/1549ffe00708c38748d45f4bf99daed4/element/CA57ED75E7F0F7F0F14AF221C91C6D3C_element_65/elements - {"using":"css selector","value":"th"}
RESULT: {"using":"css selector","value":"th"}
COMMAND: GET /session/1549ffe00708c38748d45f4bf99daed4/element/CA57ED75E7F0F7F0F14AF221C91C6D3C_element_66/text - {}
COMMAND: GET /session/1549ffe00708c38748d45f4bf99daed4/element/CA57ED75E7F0F7F0F14AF221C91C6D3C_element_67/text - {}
RESULT: {}
RESULT: {}
COMMAND: POST /session/1549ffe00708c38748d45f4bf99daed4/element/CA57ED75E7F0F7F0F14AF221C91C6D3C_element_64/elements - {"using":"css selector","value":"th,td"}
RESULT: {"using":"css selector","value":"th,td"}
COMMAND: GET /session/1549ffe00708c38748d45f4bf99daed4/element/CA57ED75E7F0F7F0F14AF221C91C6D3C_element_68/text - {}
RESULT: {}
COMMAND: GET /session/1549ffe00708c38748d45f4bf99daed4/element/CA57ED75E7F0F7F0F14AF221C91C6D3C_element_69/text - {}
RESULT: {}
]]></system-out>
    </testcase>
    <testcase classname="chrome.117_0_5938_132.linux.Invoice_Page_Test.Vendor:_Vendor_Three,Invoice:2005-09" name="should validate invoice table data" time="1.598">
      <system-out><![CDATA[
COMMAND: POST /session/1549ffe00708c38748d45f4bf99daed4/url - {"url":"https://pr-509.btm.dev.account.gov.uk/contracts/3/invoices/2005-09"}
RESULT: {"url":"https://pr-509.btm.dev.account.gov.uk/contracts/3/invoices/2005-09"}
COMMAND: POST /session/1549ffe00708c38748d45f4bf99daed4/execute/sync - {"script":"return (() => document.readyState === \"complete\").apply(null, arguments)","args":[]}
RESULT: {"script":"return (() => document.readyState === \"complete\").apply(null, arguments)","args":[]}
COMMAND: GET /session/1549ffe00708c38748d45f4bf99daed4/url - {}
RESULT: {}
COMMAND: POST /session/1549ffe00708c38748d45f4bf99daed4/element - {"using":"css selector","value":".govuk-heading-xl"}
RESULT: {"using":"css selector","value":".govuk-heading-xl"}
COMMAND: POST /session/1549ffe00708c38748d45f4bf99daed4/execute/sync - {"script":"return (function isElementDisplayed(element) {\n    function nodeIsElement(node) {\n        if (!node) {\n            return false;\n        }\n        switch (node.nodeType) {\n            case Node.ELEMEN ... (7807 more bytes)","args":[{"element-6066-11e4-a52e-4f735466cecf":"9A0DE0D372F3E61DF4A2F277506DC6D2_element_74","ELEMENT":"9A0DE0D372F3E61DF4A2F277506DC6D2_element_74"}]}
RESULT: {"script":"return (function isElementDisplayed(element) {\n    function nodeIsElement(node) {\n        if (!node) {\n            return false;\n        }\n        switch (node.nodeType) {\n            case Node.ELEMEN ... (7807 more bytes)","args":[{"element-6066-11e4-a52e-4f735466cecf":"9A0DE0D372F3E61DF4A2F277506DC6D2_element_74","ELEMENT":"9A0DE0D372F3E61DF4A2F277506DC6D2_element_74"}]}
COMMAND: POST /session/1549ffe00708c38748d45f4bf99daed4/element - {"using":"css selector","value":".govuk-heading-xl"}
RESULT: {"using":"css selector","value":".govuk-heading-xl"}
COMMAND: GET /session/1549ffe00708c38748d45f4bf99daed4/element/9A0DE0D372F3E61DF4A2F277506DC6D2_element_74/text - {}
RESULT: {}
COMMAND: POST /session/1549ffe00708c38748d45f4bf99daed4/element - {"using":"xpath","value":".//caption[contains(., \"Invoice\") and not(.//caption)]"}
RESULT: {"using":"xpath","value":".//caption[contains(., \"Invoice\") and not(.//caption)]"}
COMMAND: POST /session/1549ffe00708c38748d45f4bf99daed4/execute/sync - {"script":"return (function (elem, id) {\n        return (function parentElement() {\n        return this.parentElement;\n    }).call(elem, id);\n    }).apply(null, arguments)","args":[{"element-6066-11e4-a52e-4f735466cecf":"9A0DE0D372F3E61DF4A2F277506DC6D2_element_75","ELEMENT":"9A0DE0D372F3E61DF4A2F277506DC6D2_element_75"}]}
RESULT: {"script":"return (function (elem, id) {\n        return (function parentElement() {\n        return this.parentElement;\n    }).call(elem, id);\n    }).apply(null, arguments)","args":[{"element-6066-11e4-a52e-4f735466cecf":"9A0DE0D372F3E61DF4A2F277506DC6D2_element_75","ELEMENT":"9A0DE0D372F3E61DF4A2F277506DC6D2_element_75"}]}
COMMAND: POST /session/1549ffe00708c38748d45f4bf99daed4/execute/sync - {"script":"return (function isElementDisplayed(element) {\n    function nodeIsElement(node) {\n        if (!node) {\n            return false;\n        }\n        switch (node.nodeType) {\n            case Node.ELEMEN ... (7807 more bytes)","args":[{"element-6066-11e4-a52e-4f735466cecf":"9A0DE0D372F3E61DF4A2F277506DC6D2_element_76","ELEMENT":"9A0DE0D372F3E61DF4A2F277506DC6D2_element_76"}]}
RESULT: {"script":"return (function isElementDisplayed(element) {\n    function nodeIsElement(node) {\n        if (!node) {\n            return false;\n        }\n        switch (node.nodeType) {\n            case Node.ELEMEN ... (7807 more bytes)","args":[{"element-6066-11e4-a52e-4f735466cecf":"9A0DE0D372F3E61DF4A2F277506DC6D2_element_76","ELEMENT":"9A0DE0D372F3E61DF4A2F277506DC6D2_element_76"}]}
COMMAND: POST /session/1549ffe00708c38748d45f4bf99daed4/element/9A0DE0D372F3E61DF4A2F277506DC6D2_element_76/elements - {"using":"css selector","value":"tbody tr"}
RESULT: {"using":"css selector","value":"tbody tr"}
COMMAND: POST /session/1549ffe00708c38748d45f4bf99daed4/element/9A0DE0D372F3E61DF4A2F277506DC6D2_element_76/element - {"using":"css selector","value":"thead tr"}
RESULT: {"using":"css selector","value":"thead tr"}
COMMAND: POST /session/1549ffe00708c38748d45f4bf99daed4/element/9A0DE0D372F3E61DF4A2F277506DC6D2_element_79/elements - {"using":"css selector","value":"th"}
RESULT: {"using":"css selector","value":"th"}
COMMAND: GET /session/1549ffe00708c38748d45f4bf99daed4/element/9A0DE0D372F3E61DF4A2F277506DC6D2_element_80/text - {}
COMMAND: GET /session/1549ffe00708c38748d45f4bf99daed4/element/9A0DE0D372F3E61DF4A2F277506DC6D2_element_81/text - {}
COMMAND: GET /session/1549ffe00708c38748d45f4bf99daed4/element/9A0DE0D372F3E61DF4A2F277506DC6D2_element_83/text - {}
COMMAND: GET /session/1549ffe00708c38748d45f4bf99daed4/element/9A0DE0D372F3E61DF4A2F277506DC6D2_element_82/text - {}
COMMAND: GET /session/1549ffe00708c38748d45f4bf99daed4/element/9A0DE0D372F3E61DF4A2F277506DC6D2_element_84/text - {}
RESULT: {}
RESULT: {}
RESULT: {}
RESULT: {}
RESULT: {}
COMMAND: POST /session/1549ffe00708c38748d45f4bf99daed4/element/9A0DE0D372F3E61DF4A2F277506DC6D2_element_77/elements - {"using":"css selector","value":"th,td"}
RESULT: {"using":"css selector","value":"th,td"}
COMMAND: GET /session/1549ffe00708c38748d45f4bf99daed4/element/9A0DE0D372F3E61DF4A2F277506DC6D2_element_85/text - {}
RESULT: {}
COMMAND: GET /session/1549ffe00708c38748d45f4bf99daed4/element/9A0DE0D372F3E61DF4A2F277506DC6D2_element_86/text - {}
RESULT: {}
COMMAND: GET /session/1549ffe00708c38748d45f4bf99daed4/element/9A0DE0D372F3E61DF4A2F277506DC6D2_element_87/text - {}
RESULT: {}
COMMAND: GET /session/1549ffe00708c38748d45f4bf99daed4/element/9A0DE0D372F3E61DF4A2F277506DC6D2_element_88/text - {}
RESULT: {}
COMMAND: GET /session/1549ffe00708c38748d45f4bf99daed4/element/9A0DE0D372F3E61DF4A2F277506DC6D2_element_89/text - {}
RESULT: {}
COMMAND: POST /session/1549ffe00708c38748d45f4bf99daed4/element/9A0DE0D372F3E61DF4A2F277506DC6D2_element_78/elements - {"using":"css selector","value":"th,td"}
RESULT: {"using":"css selector","value":"th,td"}
COMMAND: GET /session/1549ffe00708c38748d45f4bf99daed4/element/9A0DE0D372F3E61DF4A2F277506DC6D2_element_90/text - {}
RESULT: {}
COMMAND: GET /session/1549ffe00708c38748d45f4bf99daed4/element/9A0DE0D372F3E61DF4A2F277506DC6D2_element_91/text - {}
RESULT: {}
COMMAND: GET /session/1549ffe00708c38748d45f4bf99daed4/element/9A0DE0D372F3E61DF4A2F277506DC6D2_element_92/text - {}
RESULT: {}
COMMAND: GET /session/1549ffe00708c38748d45f4bf99daed4/element/9A0DE0D372F3E61DF4A2F277506DC6D2_element_93/text - {}
RESULT: {}
COMMAND: GET /session/1549ffe00708c38748d45f4bf99daed4/element/9A0DE0D372F3E61DF4A2F277506DC6D2_element_94/text - {}
RESULT: {}
]]></system-out>
    </testcase>
  </testsuite>
  <testsuite name="Vendor Vendor Three Invoice 2023 03" timestamp="2023-10-11T13:35:18" time="5.631" tests="6" failures="0" errors="0" skipped="0">
    <properties>
      <property name="specId" value="0"/>
      <property name="suiteName" value="Vendor: Vendor Three,Invoice:2023-03"/>
      <property name="capabilities" value="chrome.117_0_5938_132.linux"/>
      <property name="file" value="file://./ui-tests/specs/invoice.spec.ts"/>
    </properties>
    <testcase classname="chrome.117_0_5938_132.linux.Invoice_Page_Test.Vendor:_Vendor_Three,Invoice:2023-03" name="should display correct status banner color and message" time="0.828">
      <system-out><![CDATA[
COMMAND: POST /session/1549ffe00708c38748d45f4bf99daed4/url - {"url":"https://pr-509.btm.dev.account.gov.uk/contracts/3/invoices/2023-03"}
RESULT: {"url":"https://pr-509.btm.dev.account.gov.uk/contracts/3/invoices/2023-03"}
COMMAND: POST /session/1549ffe00708c38748d45f4bf99daed4/execute/sync - {"script":"return (() => document.readyState === \"complete\").apply(null, arguments)","args":[]}
RESULT: {"script":"return (() => document.readyState === \"complete\").apply(null, arguments)","args":[]}
COMMAND: GET /session/1549ffe00708c38748d45f4bf99daed4/url - {}
RESULT: {}
COMMAND: POST /session/1549ffe00708c38748d45f4bf99daed4/element - {"using":"css selector","value":".govuk-heading-xl"}
RESULT: {"using":"css selector","value":".govuk-heading-xl"}
COMMAND: POST /session/1549ffe00708c38748d45f4bf99daed4/execute/sync - {"script":"return (function isElementDisplayed(element) {\n    function nodeIsElement(node) {\n        if (!node) {\n            return false;\n        }\n        switch (node.nodeType) {\n            case Node.ELEMEN ... (7807 more bytes)","args":[{"element-6066-11e4-a52e-4f735466cecf":"CC47A8A68A744FF252499E9086229695_element_97","ELEMENT":"CC47A8A68A744FF252499E9086229695_element_97"}]}
RESULT: {"script":"return (function isElementDisplayed(element) {\n    function nodeIsElement(node) {\n        if (!node) {\n            return false;\n        }\n        switch (node.nodeType) {\n            case Node.ELEMEN ... (7807 more bytes)","args":[{"element-6066-11e4-a52e-4f735466cecf":"CC47A8A68A744FF252499E9086229695_element_97","ELEMENT":"CC47A8A68A744FF252499E9086229695_element_97"}]}
COMMAND: POST /session/1549ffe00708c38748d45f4bf99daed4/element - {"using":"css selector","value":".govuk-heading-xl"}
RESULT: {"using":"css selector","value":".govuk-heading-xl"}
COMMAND: GET /session/1549ffe00708c38748d45f4bf99daed4/element/CC47A8A68A744FF252499E9086229695_element_97/text - {}
RESULT: {}
COMMAND: POST /session/1549ffe00708c38748d45f4bf99daed4/element - {"using":"css selector","value":"h2.govuk-panel__title"}
RESULT: {"using":"css selector","value":"h2.govuk-panel__title"}
COMMAND: POST /session/1549ffe00708c38748d45f4bf99daed4/execute/sync - {"script":"return (function isElementDisplayed(element) {\n    function nodeIsElement(node) {\n        if (!node) {\n            return false;\n        }\n        switch (node.nodeType) {\n            case Node.ELEMEN ... (7807 more bytes)","args":[{"element-6066-11e4-a52e-4f735466cecf":"CC47A8A68A744FF252499E9086229695_element_98","ELEMENT":"CC47A8A68A744FF252499E9086229695_element_98"}]}
RESULT: {"script":"return (function isElementDisplayed(element) {\n    function nodeIsElement(node) {\n        if (!node) {\n            return false;\n        }\n        switch (node.nodeType) {\n            case Node.ELEMEN ... (7807 more bytes)","args":[{"element-6066-11e4-a52e-4f735466cecf":"CC47A8A68A744FF252499E9086229695_element_98","ELEMENT":"CC47A8A68A744FF252499E9086229695_element_98"}]}
COMMAND: POST /session/1549ffe00708c38748d45f4bf99daed4/element - {"using":"css selector","value":"h2.govuk-panel__title"}
RESULT: {"using":"css selector","value":"h2.govuk-panel__title"}
COMMAND: GET /session/1549ffe00708c38748d45f4bf99daed4/element/CC47A8A68A744FF252499E9086229695_element_98/text - {}
RESULT: {}
COMMAND: POST /session/1549ffe00708c38748d45f4bf99daed4/element - {"using":"css selector","value":".govuk-panel"}
RESULT: {"using":"css selector","value":".govuk-panel"}
COMMAND: POST /session/1549ffe00708c38748d45f4bf99daed4/execute/sync - {"script":"return (function isElementDisplayed(element) {\n    function nodeIsElement(node) {\n        if (!node) {\n            return false;\n        }\n        switch (node.nodeType) {\n            case Node.ELEMEN ... (7807 more bytes)","args":[{"element-6066-11e4-a52e-4f735466cecf":"CC47A8A68A744FF252499E9086229695_element_99","ELEMENT":"CC47A8A68A744FF252499E9086229695_element_99"}]}
RESULT: {"script":"return (function isElementDisplayed(element) {\n    function nodeIsElement(node) {\n        if (!node) {\n            return false;\n        }\n        switch (node.nodeType) {\n            case Node.ELEMEN ... (7807 more bytes)","args":[{"element-6066-11e4-a52e-4f735466cecf":"CC47A8A68A744FF252499E9086229695_element_99","ELEMENT":"CC47A8A68A744FF252499E9086229695_element_99"}]}
COMMAND: GET /session/1549ffe00708c38748d45f4bf99daed4/element/CC47A8A68A744FF252499E9086229695_element_99/css/background-color - {}
RESULT: {}
]]></system-out>
    </testcase>
    <testcase classname="chrome.117_0_5938_132.linux.Invoice_Page_Test.Vendor:_Vendor_Three,Invoice:2023-03" name="should validate reconciliation table data" time="0.941">
      <system-out><![CDATA[
COMMAND: POST /session/1549ffe00708c38748d45f4bf99daed4/url - {"url":"https://pr-509.btm.dev.account.gov.uk/contracts/3/invoices/2023-03"}
RESULT: {"url":"https://pr-509.btm.dev.account.gov.uk/contracts/3/invoices/2023-03"}
COMMAND: POST /session/1549ffe00708c38748d45f4bf99daed4/execute/sync - {"script":"return (() => document.readyState === \"complete\").apply(null, arguments)","args":[]}
RESULT: {"script":"return (() => document.readyState === \"complete\").apply(null, arguments)","args":[]}
COMMAND: GET /session/1549ffe00708c38748d45f4bf99daed4/url - {}
RESULT: {}
COMMAND: POST /session/1549ffe00708c38748d45f4bf99daed4/element - {"using":"css selector","value":".govuk-heading-xl"}
RESULT: {"using":"css selector","value":".govuk-heading-xl"}
COMMAND: POST /session/1549ffe00708c38748d45f4bf99daed4/execute/sync - {"script":"return (function isElementDisplayed(element) {\n    function nodeIsElement(node) {\n        if (!node) {\n            return false;\n        }\n        switch (node.nodeType) {\n            case Node.ELEMEN ... (7807 more bytes)","args":[{"element-6066-11e4-a52e-4f735466cecf":"0CAD3D697B89ECAA21F816D14658763B_element_102","ELEMENT":"0CAD3D697B89ECAA21F816D14658763B_element_102"}]}
RESULT: {"script":"return (function isElementDisplayed(element) {\n    function nodeIsElement(node) {\n        if (!node) {\n            return false;\n        }\n        switch (node.nodeType) {\n            case Node.ELEMEN ... (7807 more bytes)","args":[{"element-6066-11e4-a52e-4f735466cecf":"0CAD3D697B89ECAA21F816D14658763B_element_102","ELEMENT":"0CAD3D697B89ECAA21F816D14658763B_element_102"}]}
COMMAND: POST /session/1549ffe00708c38748d45f4bf99daed4/element - {"using":"css selector","value":".govuk-heading-xl"}
RESULT: {"using":"css selector","value":".govuk-heading-xl"}
COMMAND: GET /session/1549ffe00708c38748d45f4bf99daed4/element/0CAD3D697B89ECAA21F816D14658763B_element_102/text - {}
RESULT: {}
COMMAND: POST /session/1549ffe00708c38748d45f4bf99daed4/element - {"using":"xpath","value":".//caption[contains(., \"Reconciliation\") and not(.//caption)]"}
RESULT: {"using":"xpath","value":".//caption[contains(., \"Reconciliation\") and not(.//caption)]"}
COMMAND: POST /session/1549ffe00708c38748d45f4bf99daed4/execute/sync - {"script":"return (function (elem, id) {\n        return (function parentElement() {\n        return this.parentElement;\n    }).call(elem, id);\n    }).apply(null, arguments)","args":[{"element-6066-11e4-a52e-4f735466cecf":"0CAD3D697B89ECAA21F816D14658763B_element_103","ELEMENT":"0CAD3D697B89ECAA21F816D14658763B_element_103"}]}
RESULT: {"script":"return (function (elem, id) {\n        return (function parentElement() {\n        return this.parentElement;\n    }).call(elem, id);\n    }).apply(null, arguments)","args":[{"element-6066-11e4-a52e-4f735466cecf":"0CAD3D697B89ECAA21F816D14658763B_element_103","ELEMENT":"0CAD3D697B89ECAA21F816D14658763B_element_103"}]}
COMMAND: POST /session/1549ffe00708c38748d45f4bf99daed4/execute/sync - {"script":"return (function isElementDisplayed(element) {\n    function nodeIsElement(node) {\n        if (!node) {\n            return false;\n        }\n        switch (node.nodeType) {\n            case Node.ELEMEN ... (7807 more bytes)","args":[{"element-6066-11e4-a52e-4f735466cecf":"0CAD3D697B89ECAA21F816D14658763B_element_104","ELEMENT":"0CAD3D697B89ECAA21F816D14658763B_element_104"}]}
RESULT: {"script":"return (function isElementDisplayed(element) {\n    function nodeIsElement(node) {\n        if (!node) {\n            return false;\n        }\n        switch (node.nodeType) {\n            case Node.ELEMEN ... (7807 more bytes)","args":[{"element-6066-11e4-a52e-4f735466cecf":"0CAD3D697B89ECAA21F816D14658763B_element_104","ELEMENT":"0CAD3D697B89ECAA21F816D14658763B_element_104"}]}
COMMAND: POST /session/1549ffe00708c38748d45f4bf99daed4/element/0CAD3D697B89ECAA21F816D14658763B_element_104/elements - {"using":"css selector","value":"tbody tr"}
RESULT: {"using":"css selector","value":"tbody tr"}
COMMAND: POST /session/1549ffe00708c38748d45f4bf99daed4/element/0CAD3D697B89ECAA21F816D14658763B_element_104/element - {"using":"css selector","value":"thead tr"}
RESULT: {"using":"css selector","value":"thead tr"}
COMMAND: POST /session/1549ffe00708c38748d45f4bf99daed4/element/0CAD3D697B89ECAA21F816D14658763B_element_107/elements - {"using":"css selector","value":"th"}
RESULT: {"using":"css selector","value":"th"}
COMMAND: GET /session/1549ffe00708c38748d45f4bf99daed4/element/0CAD3D697B89ECAA21F816D14658763B_element_108/text - {}
COMMAND: GET /session/1549ffe00708c38748d45f4bf99daed4/element/0CAD3D697B89ECAA21F816D14658763B_element_109/text - {}
COMMAND: GET /session/1549ffe00708c38748d45f4bf99daed4/element/0CAD3D697B89ECAA21F816D14658763B_element_111/text - {}
COMMAND: GET /session/1549ffe00708c38748d45f4bf99daed4/element/0CAD3D697B89ECAA21F816D14658763B_element_110/text - {}
COMMAND: GET /session/1549ffe00708c38748d45f4bf99daed4/element/0CAD3D697B89ECAA21F816D14658763B_element_112/text - {}
RESULT: {}
RESULT: {}
RESULT: {}
RESULT: {}
RESULT: {}
COMMAND: POST /session/1549ffe00708c38748d45f4bf99daed4/element/0CAD3D697B89ECAA21F816D14658763B_element_105/elements - {"using":"css selector","value":"th,td"}
RESULT: {"using":"css selector","value":"th,td"}
COMMAND: GET /session/1549ffe00708c38748d45f4bf99daed4/element/0CAD3D697B89ECAA21F816D14658763B_element_113/text - {}
RESULT: {}
COMMAND: GET /session/1549ffe00708c38748d45f4bf99daed4/element/0CAD3D697B89ECAA21F816D14658763B_element_114/text - {}
RESULT: {}
COMMAND: GET /session/1549ffe00708c38748d45f4bf99daed4/element/0CAD3D697B89ECAA21F816D14658763B_element_115/text - {}
RESULT: {}
COMMAND: GET /session/1549ffe00708c38748d45f4bf99daed4/element/0CAD3D697B89ECAA21F816D14658763B_element_116/text - {}
RESULT: {}
COMMAND: GET /session/1549ffe00708c38748d45f4bf99daed4/element/0CAD3D697B89ECAA21F816D14658763B_element_117/text - {}
RESULT: {}
COMMAND: POST /session/1549ffe00708c38748d45f4bf99daed4/element/0CAD3D697B89ECAA21F816D14658763B_element_106/elements - {"using":"css selector","value":"th,td"}
RESULT: {"using":"css selector","value":"th,td"}
COMMAND: GET /session/1549ffe00708c38748d45f4bf99daed4/element/0CAD3D697B89ECAA21F816D14658763B_element_118/text - {}
RESULT: {}
COMMAND: GET /session/1549ffe00708c38748d45f4bf99daed4/element/0CAD3D697B89ECAA21F816D14658763B_element_119/text - {}
RESULT: {}
COMMAND: GET /session/1549ffe00708c38748d45f4bf99daed4/element/0CAD3D697B89ECAA21F816D14658763B_element_120/text - {}
RESULT: {}
COMMAND: GET /session/1549ffe00708c38748d45f4bf99daed4/element/0CAD3D697B89ECAA21F816D14658763B_element_121/text - {}
RESULT: {}
COMMAND: GET /session/1549ffe00708c38748d45f4bf99daed4/element/0CAD3D697B89ECAA21F816D14658763B_element_122/text - {}
RESULT: {}
]]></system-out>
    </testcase>
    <testcase classname="chrome.117_0_5938_132.linux.Invoice_Page_Test.Vendor:_Vendor_Three,Invoice:2023-03" name="should validate quantity events table data" time="1.024">
      <system-out><![CDATA[
COMMAND: POST /session/1549ffe00708c38748d45f4bf99daed4/url - {"url":"https://pr-509.btm.dev.account.gov.uk/contracts/3/invoices/2023-03"}
RESULT: {"url":"https://pr-509.btm.dev.account.gov.uk/contracts/3/invoices/2023-03"}
COMMAND: POST /session/1549ffe00708c38748d45f4bf99daed4/execute/sync - {"script":"return (() => document.readyState === \"complete\").apply(null, arguments)","args":[]}
RESULT: {"script":"return (() => document.readyState === \"complete\").apply(null, arguments)","args":[]}
COMMAND: GET /session/1549ffe00708c38748d45f4bf99daed4/url - {}
RESULT: {}
COMMAND: POST /session/1549ffe00708c38748d45f4bf99daed4/element - {"using":"css selector","value":".govuk-heading-xl"}
RESULT: {"using":"css selector","value":".govuk-heading-xl"}
COMMAND: POST /session/1549ffe00708c38748d45f4bf99daed4/execute/sync - {"script":"return (function isElementDisplayed(element) {\n    function nodeIsElement(node) {\n        if (!node) {\n            return false;\n        }\n        switch (node.nodeType) {\n            case Node.ELEMEN ... (7807 more bytes)","args":[{"element-6066-11e4-a52e-4f735466cecf":"7E634759AB3FE26E529A7B2B3DE05BB2_element_125","ELEMENT":"7E634759AB3FE26E529A7B2B3DE05BB2_element_125"}]}
RESULT: {"script":"return (function isElementDisplayed(element) {\n    function nodeIsElement(node) {\n        if (!node) {\n            return false;\n        }\n        switch (node.nodeType) {\n            case Node.ELEMEN ... (7807 more bytes)","args":[{"element-6066-11e4-a52e-4f735466cecf":"7E634759AB3FE26E529A7B2B3DE05BB2_element_125","ELEMENT":"7E634759AB3FE26E529A7B2B3DE05BB2_element_125"}]}
COMMAND: POST /session/1549ffe00708c38748d45f4bf99daed4/element - {"using":"css selector","value":".govuk-heading-xl"}
RESULT: {"using":"css selector","value":".govuk-heading-xl"}
COMMAND: GET /session/1549ffe00708c38748d45f4bf99daed4/element/7E634759AB3FE26E529A7B2B3DE05BB2_element_125/text - {}
RESULT: {}
COMMAND: POST /session/1549ffe00708c38748d45f4bf99daed4/element - {"using":"xpath","value":".//caption[contains(., \"Quantity (events)\") and not(.//caption)]"}
RESULT: {"using":"xpath","value":".//caption[contains(., \"Quantity (events)\") and not(.//caption)]"}
COMMAND: POST /session/1549ffe00708c38748d45f4bf99daed4/execute/sync - {"script":"return (function (elem, id) {\n        return (function parentElement() {\n        return this.parentElement;\n    }).call(elem, id);\n    }).apply(null, arguments)","args":[{"element-6066-11e4-a52e-4f735466cecf":"7E634759AB3FE26E529A7B2B3DE05BB2_element_126","ELEMENT":"7E634759AB3FE26E529A7B2B3DE05BB2_element_126"}]}
RESULT: {"script":"return (function (elem, id) {\n        return (function parentElement() {\n        return this.parentElement;\n    }).call(elem, id);\n    }).apply(null, arguments)","args":[{"element-6066-11e4-a52e-4f735466cecf":"7E634759AB3FE26E529A7B2B3DE05BB2_element_126","ELEMENT":"7E634759AB3FE26E529A7B2B3DE05BB2_element_126"}]}
COMMAND: POST /session/1549ffe00708c38748d45f4bf99daed4/execute/sync - {"script":"return (function isElementDisplayed(element) {\n    function nodeIsElement(node) {\n        if (!node) {\n            return false;\n        }\n        switch (node.nodeType) {\n            case Node.ELEMEN ... (7807 more bytes)","args":[{"element-6066-11e4-a52e-4f735466cecf":"7E634759AB3FE26E529A7B2B3DE05BB2_element_127","ELEMENT":"7E634759AB3FE26E529A7B2B3DE05BB2_element_127"}]}
RESULT: {"script":"return (function isElementDisplayed(element) {\n    function nodeIsElement(node) {\n        if (!node) {\n            return false;\n        }\n        switch (node.nodeType) {\n            case Node.ELEMEN ... (7807 more bytes)","args":[{"element-6066-11e4-a52e-4f735466cecf":"7E634759AB3FE26E529A7B2B3DE05BB2_element_127","ELEMENT":"7E634759AB3FE26E529A7B2B3DE05BB2_element_127"}]}
COMMAND: POST /session/1549ffe00708c38748d45f4bf99daed4/element/7E634759AB3FE26E529A7B2B3DE05BB2_element_127/elements - {"using":"css selector","value":"tbody tr"}
RESULT: {"using":"css selector","value":"tbody tr"}
COMMAND: POST /session/1549ffe00708c38748d45f4bf99daed4/element/7E634759AB3FE26E529A7B2B3DE05BB2_element_127/element - {"using":"css selector","value":"thead tr"}
RESULT: {"using":"css selector","value":"thead tr"}
COMMAND: POST /session/1549ffe00708c38748d45f4bf99daed4/element/7E634759AB3FE26E529A7B2B3DE05BB2_element_130/elements - {"using":"css selector","value":"th"}
RESULT: {"using":"css selector","value":"th"}
COMMAND: GET /session/1549ffe00708c38748d45f4bf99daed4/element/7E634759AB3FE26E529A7B2B3DE05BB2_element_131/text - {}
COMMAND: GET /session/1549ffe00708c38748d45f4bf99daed4/element/7E634759AB3FE26E529A7B2B3DE05BB2_element_132/text - {}
COMMAND: GET /session/1549ffe00708c38748d45f4bf99daed4/element/7E634759AB3FE26E529A7B2B3DE05BB2_element_134/text - {}
COMMAND: GET /session/1549ffe00708c38748d45f4bf99daed4/element/7E634759AB3FE26E529A7B2B3DE05BB2_element_133/text - {}
RESULT: {}
RESULT: {}
RESULT: {}
RESULT: {}
COMMAND: POST /session/1549ffe00708c38748d45f4bf99daed4/element/7E634759AB3FE26E529A7B2B3DE05BB2_element_128/elements - {"using":"css selector","value":"th,td"}
RESULT: {"using":"css selector","value":"th,td"}
COMMAND: GET /session/1549ffe00708c38748d45f4bf99daed4/element/7E634759AB3FE26E529A7B2B3DE05BB2_element_135/text - {}
RESULT: {}
COMMAND: GET /session/1549ffe00708c38748d45f4bf99daed4/element/7E634759AB3FE26E529A7B2B3DE05BB2_element_136/text - {}
RESULT: {}
COMMAND: GET /session/1549ffe00708c38748d45f4bf99daed4/element/7E634759AB3FE26E529A7B2B3DE05BB2_element_137/text - {}
RESULT: {}
COMMAND: GET /session/1549ffe00708c38748d45f4bf99daed4/element/7E634759AB3FE26E529A7B2B3DE05BB2_element_138/text - {}
RESULT: {}
COMMAND: POST /session/1549ffe00708c38748d45f4bf99daed4/element/7E634759AB3FE26E529A7B2B3DE05BB2_element_129/elements - {"using":"css selector","value":"th,td"}
RESULT: {"using":"css selector","value":"th,td"}
COMMAND: GET /session/1549ffe00708c38748d45f4bf99daed4/element/7E634759AB3FE26E529A7B2B3DE05BB2_element_139/text - {}
RESULT: {}
COMMAND: GET /session/1549ffe00708c38748d45f4bf99daed4/element/7E634759AB3FE26E529A7B2B3DE05BB2_element_140/text - {}
RESULT: {}
COMMAND: GET /session/1549ffe00708c38748d45f4bf99daed4/element/7E634759AB3FE26E529A7B2B3DE05BB2_element_141/text - {}
RESULT: {}
COMMAND: GET /session/1549ffe00708c38748d45f4bf99daed4/element/7E634759AB3FE26E529A7B2B3DE05BB2_element_142/text - {}
RESULT: {}
]]></system-out>
    </testcase>
    <testcase classname="chrome.117_0_5938_132.linux.Invoice_Page_Test.Vendor:_Vendor_Three,Invoice:2023-03" name="should validate price table data" time="0.963">
      <system-out><![CDATA[
COMMAND: POST /session/1549ffe00708c38748d45f4bf99daed4/url - {"url":"https://pr-509.btm.dev.account.gov.uk/contracts/3/invoices/2023-03"}
RESULT: {"url":"https://pr-509.btm.dev.account.gov.uk/contracts/3/invoices/2023-03"}
COMMAND: POST /session/1549ffe00708c38748d45f4bf99daed4/execute/sync - {"script":"return (() => document.readyState === \"complete\").apply(null, arguments)","args":[]}
RESULT: {"script":"return (() => document.readyState === \"complete\").apply(null, arguments)","args":[]}
COMMAND: GET /session/1549ffe00708c38748d45f4bf99daed4/url - {}
RESULT: {}
COMMAND: POST /session/1549ffe00708c38748d45f4bf99daed4/element - {"using":"css selector","value":".govuk-heading-xl"}
RESULT: {"using":"css selector","value":".govuk-heading-xl"}
COMMAND: POST /session/1549ffe00708c38748d45f4bf99daed4/execute/sync - {"script":"return (function isElementDisplayed(element) {\n    function nodeIsElement(node) {\n        if (!node) {\n            return false;\n        }\n        switch (node.nodeType) {\n            case Node.ELEMEN ... (7807 more bytes)","args":[{"element-6066-11e4-a52e-4f735466cecf":"DB9BD8217D6A48428CB40F3DB397EC0E_element_145","ELEMENT":"DB9BD8217D6A48428CB40F3DB397EC0E_element_145"}]}
RESULT: {"script":"return (function isElementDisplayed(element) {\n    function nodeIsElement(node) {\n        if (!node) {\n            return false;\n        }\n        switch (node.nodeType) {\n            case Node.ELEMEN ... (7807 more bytes)","args":[{"element-6066-11e4-a52e-4f735466cecf":"DB9BD8217D6A48428CB40F3DB397EC0E_element_145","ELEMENT":"DB9BD8217D6A48428CB40F3DB397EC0E_element_145"}]}
COMMAND: POST /session/1549ffe00708c38748d45f4bf99daed4/element - {"using":"css selector","value":".govuk-heading-xl"}
RESULT: {"using":"css selector","value":".govuk-heading-xl"}
COMMAND: GET /session/1549ffe00708c38748d45f4bf99daed4/element/DB9BD8217D6A48428CB40F3DB397EC0E_element_145/text - {}
RESULT: {}
COMMAND: POST /session/1549ffe00708c38748d45f4bf99daed4/element - {"using":"xpath","value":".//caption[contains(., \"Price\") and not(.//caption)]"}
RESULT: {"using":"xpath","value":".//caption[contains(., \"Price\") and not(.//caption)]"}
COMMAND: POST /session/1549ffe00708c38748d45f4bf99daed4/execute/sync - {"script":"return (function (elem, id) {\n        return (function parentElement() {\n        return this.parentElement;\n    }).call(elem, id);\n    }).apply(null, arguments)","args":[{"element-6066-11e4-a52e-4f735466cecf":"DB9BD8217D6A48428CB40F3DB397EC0E_element_146","ELEMENT":"DB9BD8217D6A48428CB40F3DB397EC0E_element_146"}]}
RESULT: {"script":"return (function (elem, id) {\n        return (function parentElement() {\n        return this.parentElement;\n    }).call(elem, id);\n    }).apply(null, arguments)","args":[{"element-6066-11e4-a52e-4f735466cecf":"DB9BD8217D6A48428CB40F3DB397EC0E_element_146","ELEMENT":"DB9BD8217D6A48428CB40F3DB397EC0E_element_146"}]}
COMMAND: POST /session/1549ffe00708c38748d45f4bf99daed4/execute/sync - {"script":"return (function isElementDisplayed(element) {\n    function nodeIsElement(node) {\n        if (!node) {\n            return false;\n        }\n        switch (node.nodeType) {\n            case Node.ELEMEN ... (7807 more bytes)","args":[{"element-6066-11e4-a52e-4f735466cecf":"DB9BD8217D6A48428CB40F3DB397EC0E_element_147","ELEMENT":"DB9BD8217D6A48428CB40F3DB397EC0E_element_147"}]}
RESULT: {"script":"return (function isElementDisplayed(element) {\n    function nodeIsElement(node) {\n        if (!node) {\n            return false;\n        }\n        switch (node.nodeType) {\n            case Node.ELEMEN ... (7807 more bytes)","args":[{"element-6066-11e4-a52e-4f735466cecf":"DB9BD8217D6A48428CB40F3DB397EC0E_element_147","ELEMENT":"DB9BD8217D6A48428CB40F3DB397EC0E_element_147"}]}
COMMAND: POST /session/1549ffe00708c38748d45f4bf99daed4/element/DB9BD8217D6A48428CB40F3DB397EC0E_element_147/elements - {"using":"css selector","value":"tbody tr"}
RESULT: {"using":"css selector","value":"tbody tr"}
COMMAND: POST /session/1549ffe00708c38748d45f4bf99daed4/element/DB9BD8217D6A48428CB40F3DB397EC0E_element_147/element - {"using":"css selector","value":"thead tr"}
RESULT: {"using":"css selector","value":"thead tr"}
COMMAND: POST /session/1549ffe00708c38748d45f4bf99daed4/element/DB9BD8217D6A48428CB40F3DB397EC0E_element_150/elements - {"using":"css selector","value":"th"}
RESULT: {"using":"css selector","value":"th"}
COMMAND: GET /session/1549ffe00708c38748d45f4bf99daed4/element/DB9BD8217D6A48428CB40F3DB397EC0E_element_151/text - {}
COMMAND: GET /session/1549ffe00708c38748d45f4bf99daed4/element/DB9BD8217D6A48428CB40F3DB397EC0E_element_152/text - {}
COMMAND: GET /session/1549ffe00708c38748d45f4bf99daed4/element/DB9BD8217D6A48428CB40F3DB397EC0E_element_154/text - {}
COMMAND: GET /session/1549ffe00708c38748d45f4bf99daed4/element/DB9BD8217D6A48428CB40F3DB397EC0E_element_153/text - {}
RESULT: {}
RESULT: {}
RESULT: {}
RESULT: {}
COMMAND: POST /session/1549ffe00708c38748d45f4bf99daed4/element/DB9BD8217D6A48428CB40F3DB397EC0E_element_148/elements - {"using":"css selector","value":"th,td"}
RESULT: {"using":"css selector","value":"th,td"}
COMMAND: GET /session/1549ffe00708c38748d45f4bf99daed4/element/DB9BD8217D6A48428CB40F3DB397EC0E_element_155/text - {}
RESULT: {}
COMMAND: GET /session/1549ffe00708c38748d45f4bf99daed4/element/DB9BD8217D6A48428CB40F3DB397EC0E_element_156/text - {}
RESULT: {}
COMMAND: GET /session/1549ffe00708c38748d45f4bf99daed4/element/DB9BD8217D6A48428CB40F3DB397EC0E_element_157/text - {}
RESULT: {}
COMMAND: GET /session/1549ffe00708c38748d45f4bf99daed4/element/DB9BD8217D6A48428CB40F3DB397EC0E_element_158/text - {}
RESULT: {}
COMMAND: POST /session/1549ffe00708c38748d45f4bf99daed4/element/DB9BD8217D6A48428CB40F3DB397EC0E_element_149/elements - {"using":"css selector","value":"th,td"}
RESULT: {"using":"css selector","value":"th,td"}
COMMAND: GET /session/1549ffe00708c38748d45f4bf99daed4/element/DB9BD8217D6A48428CB40F3DB397EC0E_element_159/text - {}
RESULT: {}
COMMAND: GET /session/1549ffe00708c38748d45f4bf99daed4/element/DB9BD8217D6A48428CB40F3DB397EC0E_element_160/text - {}
RESULT: {}
COMMAND: GET /session/1549ffe00708c38748d45f4bf99daed4/element/DB9BD8217D6A48428CB40F3DB397EC0E_element_161/text - {}
RESULT: {}
COMMAND: GET /session/1549ffe00708c38748d45f4bf99daed4/element/DB9BD8217D6A48428CB40F3DB397EC0E_element_162/text - {}
RESULT: {}
]]></system-out>
    </testcase>
    <testcase classname="chrome.117_0_5938_132.linux.Invoice_Page_Test.Vendor:_Vendor_Three,Invoice:2023-03" name="should validate measured events table data" time="0.862">
      <system-out><![CDATA[
COMMAND: POST /session/1549ffe00708c38748d45f4bf99daed4/url - {"url":"https://pr-509.btm.dev.account.gov.uk/contracts/3/invoices/2023-03"}
RESULT: {"url":"https://pr-509.btm.dev.account.gov.uk/contracts/3/invoices/2023-03"}
COMMAND: POST /session/1549ffe00708c38748d45f4bf99daed4/execute/sync - {"script":"return (() => document.readyState === \"complete\").apply(null, arguments)","args":[]}
RESULT: {"script":"return (() => document.readyState === \"complete\").apply(null, arguments)","args":[]}
COMMAND: GET /session/1549ffe00708c38748d45f4bf99daed4/url - {}
RESULT: {}
COMMAND: POST /session/1549ffe00708c38748d45f4bf99daed4/element - {"using":"css selector","value":".govuk-heading-xl"}
RESULT: {"using":"css selector","value":".govuk-heading-xl"}
COMMAND: POST /session/1549ffe00708c38748d45f4bf99daed4/execute/sync - {"script":"return (function isElementDisplayed(element) {\n    function nodeIsElement(node) {\n        if (!node) {\n            return false;\n        }\n        switch (node.nodeType) {\n            case Node.ELEMEN ... (7807 more bytes)","args":[{"element-6066-11e4-a52e-4f735466cecf":"A4BF2630C33207742787B8065B0D041D_element_165","ELEMENT":"A4BF2630C33207742787B8065B0D041D_element_165"}]}
RESULT: {"script":"return (function isElementDisplayed(element) {\n    function nodeIsElement(node) {\n        if (!node) {\n            return false;\n        }\n        switch (node.nodeType) {\n            case Node.ELEMEN ... (7807 more bytes)","args":[{"element-6066-11e4-a52e-4f735466cecf":"A4BF2630C33207742787B8065B0D041D_element_165","ELEMENT":"A4BF2630C33207742787B8065B0D041D_element_165"}]}
COMMAND: POST /session/1549ffe00708c38748d45f4bf99daed4/element - {"using":"css selector","value":".govuk-heading-xl"}
RESULT: {"using":"css selector","value":".govuk-heading-xl"}
COMMAND: GET /session/1549ffe00708c38748d45f4bf99daed4/element/A4BF2630C33207742787B8065B0D041D_element_165/text - {}
RESULT: {}
COMMAND: POST /session/1549ffe00708c38748d45f4bf99daed4/element - {"using":"xpath","value":".//caption[contains(., \"Measured (events)\") and not(.//caption)]"}
RESULT: {"using":"xpath","value":".//caption[contains(., \"Measured (events)\") and not(.//caption)]"}
COMMAND: POST /session/1549ffe00708c38748d45f4bf99daed4/execute/sync - {"script":"return (function (elem, id) {\n        return (function parentElement() {\n        return this.parentElement;\n    }).call(elem, id);\n    }).apply(null, arguments)","args":[{"element-6066-11e4-a52e-4f735466cecf":"A4BF2630C33207742787B8065B0D041D_element_166","ELEMENT":"A4BF2630C33207742787B8065B0D041D_element_166"}]}
RESULT: {"script":"return (function (elem, id) {\n        return (function parentElement() {\n        return this.parentElement;\n    }).call(elem, id);\n    }).apply(null, arguments)","args":[{"element-6066-11e4-a52e-4f735466cecf":"A4BF2630C33207742787B8065B0D041D_element_166","ELEMENT":"A4BF2630C33207742787B8065B0D041D_element_166"}]}
COMMAND: POST /session/1549ffe00708c38748d45f4bf99daed4/execute/sync - {"script":"return (function isElementDisplayed(element) {\n    function nodeIsElement(node) {\n        if (!node) {\n            return false;\n        }\n        switch (node.nodeType) {\n            case Node.ELEMEN ... (7807 more bytes)","args":[{"element-6066-11e4-a52e-4f735466cecf":"A4BF2630C33207742787B8065B0D041D_element_167","ELEMENT":"A4BF2630C33207742787B8065B0D041D_element_167"}]}
RESULT: {"script":"return (function isElementDisplayed(element) {\n    function nodeIsElement(node) {\n        if (!node) {\n            return false;\n        }\n        switch (node.nodeType) {\n            case Node.ELEMEN ... (7807 more bytes)","args":[{"element-6066-11e4-a52e-4f735466cecf":"A4BF2630C33207742787B8065B0D041D_element_167","ELEMENT":"A4BF2630C33207742787B8065B0D041D_element_167"}]}
COMMAND: POST /session/1549ffe00708c38748d45f4bf99daed4/element/A4BF2630C33207742787B8065B0D041D_element_167/elements - {"using":"css selector","value":"tbody tr"}
RESULT: {"using":"css selector","value":"tbody tr"}
COMMAND: POST /session/1549ffe00708c38748d45f4bf99daed4/element/A4BF2630C33207742787B8065B0D041D_element_167/element - {"using":"css selector","value":"thead tr"}
RESULT: {"using":"css selector","value":"thead tr"}
COMMAND: POST /session/1549ffe00708c38748d45f4bf99daed4/element/A4BF2630C33207742787B8065B0D041D_element_170/elements - {"using":"css selector","value":"th"}
RESULT: {"using":"css selector","value":"th"}
COMMAND: GET /session/1549ffe00708c38748d45f4bf99daed4/element/A4BF2630C33207742787B8065B0D041D_element_171/text - {}
COMMAND: GET /session/1549ffe00708c38748d45f4bf99daed4/element/A4BF2630C33207742787B8065B0D041D_element_172/text - {}
RESULT: {}
RESULT: {}
COMMAND: POST /session/1549ffe00708c38748d45f4bf99daed4/element/A4BF2630C33207742787B8065B0D041D_element_168/elements - {"using":"css selector","value":"th,td"}
RESULT: {"using":"css selector","value":"th,td"}
COMMAND: GET /session/1549ffe00708c38748d45f4bf99daed4/element/A4BF2630C33207742787B8065B0D041D_element_173/text - {}
RESULT: {}
COMMAND: GET /session/1549ffe00708c38748d45f4bf99daed4/element/A4BF2630C33207742787B8065B0D041D_element_174/text - {}
RESULT: {}
COMMAND: POST /session/1549ffe00708c38748d45f4bf99daed4/element/A4BF2630C33207742787B8065B0D041D_element_169/elements - {"using":"css selector","value":"th,td"}
RESULT: {"using":"css selector","value":"th,td"}
COMMAND: GET /session/1549ffe00708c38748d45f4bf99daed4/element/A4BF2630C33207742787B8065B0D041D_element_175/text - {}
RESULT: {}
COMMAND: GET /session/1549ffe00708c38748d45f4bf99daed4/element/A4BF2630C33207742787B8065B0D041D_element_176/text - {}
RESULT: {}
]]></system-out>
    </testcase>
    <testcase classname="chrome.117_0_5938_132.linux.Invoice_Page_Test.Vendor:_Vendor_Three,Invoice:2023-03" name="should validate invoice table data" time="1">
      <system-out><![CDATA[
COMMAND: POST /session/1549ffe00708c38748d45f4bf99daed4/url - {"url":"https://pr-509.btm.dev.account.gov.uk/contracts/3/invoices/2023-03"}
RESULT: {"url":"https://pr-509.btm.dev.account.gov.uk/contracts/3/invoices/2023-03"}
COMMAND: POST /session/1549ffe00708c38748d45f4bf99daed4/execute/sync - {"script":"return (() => document.readyState === \"complete\").apply(null, arguments)","args":[]}
RESULT: {"script":"return (() => document.readyState === \"complete\").apply(null, arguments)","args":[]}
COMMAND: GET /session/1549ffe00708c38748d45f4bf99daed4/url - {}
RESULT: {}
COMMAND: POST /session/1549ffe00708c38748d45f4bf99daed4/element - {"using":"css selector","value":".govuk-heading-xl"}
RESULT: {"using":"css selector","value":".govuk-heading-xl"}
COMMAND: POST /session/1549ffe00708c38748d45f4bf99daed4/execute/sync - {"script":"return (function isElementDisplayed(element) {\n    function nodeIsElement(node) {\n        if (!node) {\n            return false;\n        }\n        switch (node.nodeType) {\n            case Node.ELEMEN ... (7807 more bytes)","args":[{"element-6066-11e4-a52e-4f735466cecf":"A4A2E694B83143BE284BB8A27A5226F2_element_179","ELEMENT":"A4A2E694B83143BE284BB8A27A5226F2_element_179"}]}
RESULT: {"script":"return (function isElementDisplayed(element) {\n    function nodeIsElement(node) {\n        if (!node) {\n            return false;\n        }\n        switch (node.nodeType) {\n            case Node.ELEMEN ... (7807 more bytes)","args":[{"element-6066-11e4-a52e-4f735466cecf":"A4A2E694B83143BE284BB8A27A5226F2_element_179","ELEMENT":"A4A2E694B83143BE284BB8A27A5226F2_element_179"}]}
COMMAND: POST /session/1549ffe00708c38748d45f4bf99daed4/element - {"using":"css selector","value":".govuk-heading-xl"}
RESULT: {"using":"css selector","value":".govuk-heading-xl"}
COMMAND: GET /session/1549ffe00708c38748d45f4bf99daed4/element/A4A2E694B83143BE284BB8A27A5226F2_element_179/text - {}
RESULT: {}
COMMAND: POST /session/1549ffe00708c38748d45f4bf99daed4/element - {"using":"xpath","value":".//caption[contains(., \"Invoice\") and not(.//caption)]"}
RESULT: {"using":"xpath","value":".//caption[contains(., \"Invoice\") and not(.//caption)]"}
COMMAND: POST /session/1549ffe00708c38748d45f4bf99daed4/execute/sync - {"script":"return (function (elem, id) {\n        return (function parentElement() {\n        return this.parentElement;\n    }).call(elem, id);\n    }).apply(null, arguments)","args":[{"element-6066-11e4-a52e-4f735466cecf":"A4A2E694B83143BE284BB8A27A5226F2_element_180","ELEMENT":"A4A2E694B83143BE284BB8A27A5226F2_element_180"}]}
RESULT: {"script":"return (function (elem, id) {\n        return (function parentElement() {\n        return this.parentElement;\n    }).call(elem, id);\n    }).apply(null, arguments)","args":[{"element-6066-11e4-a52e-4f735466cecf":"A4A2E694B83143BE284BB8A27A5226F2_element_180","ELEMENT":"A4A2E694B83143BE284BB8A27A5226F2_element_180"}]}
COMMAND: POST /session/1549ffe00708c38748d45f4bf99daed4/execute/sync - {"script":"return (function isElementDisplayed(element) {\n    function nodeIsElement(node) {\n        if (!node) {\n            return false;\n        }\n        switch (node.nodeType) {\n            case Node.ELEMEN ... (7807 more bytes)","args":[{"element-6066-11e4-a52e-4f735466cecf":"A4A2E694B83143BE284BB8A27A5226F2_element_181","ELEMENT":"A4A2E694B83143BE284BB8A27A5226F2_element_181"}]}
RESULT: {"script":"return (function isElementDisplayed(element) {\n    function nodeIsElement(node) {\n        if (!node) {\n            return false;\n        }\n        switch (node.nodeType) {\n            case Node.ELEMEN ... (7807 more bytes)","args":[{"element-6066-11e4-a52e-4f735466cecf":"A4A2E694B83143BE284BB8A27A5226F2_element_181","ELEMENT":"A4A2E694B83143BE284BB8A27A5226F2_element_181"}]}
COMMAND: POST /session/1549ffe00708c38748d45f4bf99daed4/element/A4A2E694B83143BE284BB8A27A5226F2_element_181/elements - {"using":"css selector","value":"tbody tr"}
RESULT: {"using":"css selector","value":"tbody tr"}
COMMAND: POST /session/1549ffe00708c38748d45f4bf99daed4/element/A4A2E694B83143BE284BB8A27A5226F2_element_181/element - {"using":"css selector","value":"thead tr"}
RESULT: {"using":"css selector","value":"thead tr"}
COMMAND: POST /session/1549ffe00708c38748d45f4bf99daed4/element/A4A2E694B83143BE284BB8A27A5226F2_element_185/elements - {"using":"css selector","value":"th"}
RESULT: {"using":"css selector","value":"th"}
COMMAND: GET /session/1549ffe00708c38748d45f4bf99daed4/element/A4A2E694B83143BE284BB8A27A5226F2_element_186/text - {}
COMMAND: GET /session/1549ffe00708c38748d45f4bf99daed4/element/A4A2E694B83143BE284BB8A27A5226F2_element_187/text - {}
COMMAND: GET /session/1549ffe00708c38748d45f4bf99daed4/element/A4A2E694B83143BE284BB8A27A5226F2_element_189/text - {}
COMMAND: GET /session/1549ffe00708c38748d45f4bf99daed4/element/A4A2E694B83143BE284BB8A27A5226F2_element_188/text - {}
COMMAND: GET /session/1549ffe00708c38748d45f4bf99daed4/element/A4A2E694B83143BE284BB8A27A5226F2_element_190/text - {}
RESULT: {}
RESULT: {}
RESULT: {}
RESULT: {}
RESULT: {}
COMMAND: POST /session/1549ffe00708c38748d45f4bf99daed4/element/A4A2E694B83143BE284BB8A27A5226F2_element_182/elements - {"using":"css selector","value":"th,td"}
RESULT: {"using":"css selector","value":"th,td"}
COMMAND: GET /session/1549ffe00708c38748d45f4bf99daed4/element/A4A2E694B83143BE284BB8A27A5226F2_element_191/text - {}
RESULT: {}
COMMAND: GET /session/1549ffe00708c38748d45f4bf99daed4/element/A4A2E694B83143BE284BB8A27A5226F2_element_192/text - {}
RESULT: {}
COMMAND: GET /session/1549ffe00708c38748d45f4bf99daed4/element/A4A2E694B83143BE284BB8A27A5226F2_element_193/text - {}
RESULT: {}
COMMAND: GET /session/1549ffe00708c38748d45f4bf99daed4/element/A4A2E694B83143BE284BB8A27A5226F2_element_194/text - {}
RESULT: {}
COMMAND: GET /session/1549ffe00708c38748d45f4bf99daed4/element/A4A2E694B83143BE284BB8A27A5226F2_element_195/text - {}
RESULT: {}
COMMAND: POST /session/1549ffe00708c38748d45f4bf99daed4/element/A4A2E694B83143BE284BB8A27A5226F2_element_183/elements - {"using":"css selector","value":"th,td"}
RESULT: {"using":"css selector","value":"th,td"}
COMMAND: GET /session/1549ffe00708c38748d45f4bf99daed4/element/A4A2E694B83143BE284BB8A27A5226F2_element_196/text - {}
RESULT: {}
COMMAND: GET /session/1549ffe00708c38748d45f4bf99daed4/element/A4A2E694B83143BE284BB8A27A5226F2_element_197/text - {}
RESULT: {}
COMMAND: GET /session/1549ffe00708c38748d45f4bf99daed4/element/A4A2E694B83143BE284BB8A27A5226F2_element_198/text - {}
RESULT: {}
COMMAND: GET /session/1549ffe00708c38748d45f4bf99daed4/element/A4A2E694B83143BE284BB8A27A5226F2_element_199/text - {}
RESULT: {}
COMMAND: GET /session/1549ffe00708c38748d45f4bf99daed4/element/A4A2E694B83143BE284BB8A27A5226F2_element_200/text - {}
RESULT: {}
COMMAND: POST /session/1549ffe00708c38748d45f4bf99daed4/element/A4A2E694B83143BE284BB8A27A5226F2_element_184/elements - {"using":"css selector","value":"th,td"}
RESULT: {"using":"css selector","value":"th,td"}
COMMAND: GET /session/1549ffe00708c38748d45f4bf99daed4/element/A4A2E694B83143BE284BB8A27A5226F2_element_201/text - {}
RESULT: {}
COMMAND: GET /session/1549ffe00708c38748d45f4bf99daed4/element/A4A2E694B83143BE284BB8A27A5226F2_element_202/text - {}
RESULT: {}
COMMAND: GET /session/1549ffe00708c38748d45f4bf99daed4/element/A4A2E694B83143BE284BB8A27A5226F2_element_203/text - {}
RESULT: {}
COMMAND: GET /session/1549ffe00708c38748d45f4bf99daed4/element/A4A2E694B83143BE284BB8A27A5226F2_element_204/text - {}
RESULT: {}
COMMAND: GET /session/1549ffe00708c38748d45f4bf99daed4/element/A4A2E694B83143BE284BB8A27A5226F2_element_205/text - {}
RESULT: {}
]]></system-out>
    </testcase>
  </testsuite>
  <testsuite name="Vendor Vendor Three Invoice 2005 08" timestamp="2023-10-11T13:35:24" time="5.369" tests="6" failures="0" errors="0" skipped="0">
    <properties>
      <property name="specId" value="0"/>
      <property name="suiteName" value="Vendor: Vendor Three,Invoice:2005-08"/>
      <property name="capabilities" value="chrome.117_0_5938_132.linux"/>
      <property name="file" value="file://./ui-tests/specs/invoice.spec.ts"/>
    </properties>
    <testcase classname="chrome.117_0_5938_132.linux.Invoice_Page_Test.Vendor:_Vendor_Three,Invoice:2005-08" name="should display correct status banner color and message" time="0.738">
      <system-out><![CDATA[
COMMAND: POST /session/1549ffe00708c38748d45f4bf99daed4/url - {"url":"https://pr-509.btm.dev.account.gov.uk/contracts/3/invoices/2005-08"}
RESULT: {"url":"https://pr-509.btm.dev.account.gov.uk/contracts/3/invoices/2005-08"}
COMMAND: POST /session/1549ffe00708c38748d45f4bf99daed4/execute/sync - {"script":"return (() => document.readyState === \"complete\").apply(null, arguments)","args":[]}
RESULT: {"script":"return (() => document.readyState === \"complete\").apply(null, arguments)","args":[]}
COMMAND: GET /session/1549ffe00708c38748d45f4bf99daed4/url - {}
RESULT: {}
COMMAND: POST /session/1549ffe00708c38748d45f4bf99daed4/element - {"using":"css selector","value":".govuk-heading-xl"}
RESULT: {"using":"css selector","value":".govuk-heading-xl"}
COMMAND: POST /session/1549ffe00708c38748d45f4bf99daed4/execute/sync - {"script":"return (function isElementDisplayed(element) {\n    function nodeIsElement(node) {\n        if (!node) {\n            return false;\n        }\n        switch (node.nodeType) {\n            case Node.ELEMEN ... (7807 more bytes)","args":[{"element-6066-11e4-a52e-4f735466cecf":"0D04ECF876428A05C504E43AB5136261_element_208","ELEMENT":"0D04ECF876428A05C504E43AB5136261_element_208"}]}
RESULT: {"script":"return (function isElementDisplayed(element) {\n    function nodeIsElement(node) {\n        if (!node) {\n            return false;\n        }\n        switch (node.nodeType) {\n            case Node.ELEMEN ... (7807 more bytes)","args":[{"element-6066-11e4-a52e-4f735466cecf":"0D04ECF876428A05C504E43AB5136261_element_208","ELEMENT":"0D04ECF876428A05C504E43AB5136261_element_208"}]}
COMMAND: POST /session/1549ffe00708c38748d45f4bf99daed4/element - {"using":"css selector","value":".govuk-heading-xl"}
RESULT: {"using":"css selector","value":".govuk-heading-xl"}
COMMAND: GET /session/1549ffe00708c38748d45f4bf99daed4/element/0D04ECF876428A05C504E43AB5136261_element_208/text - {}
RESULT: {}
COMMAND: POST /session/1549ffe00708c38748d45f4bf99daed4/element - {"using":"css selector","value":"h2.govuk-panel__title"}
RESULT: {"using":"css selector","value":"h2.govuk-panel__title"}
COMMAND: POST /session/1549ffe00708c38748d45f4bf99daed4/execute/sync - {"script":"return (function isElementDisplayed(element) {\n    function nodeIsElement(node) {\n        if (!node) {\n            return false;\n        }\n        switch (node.nodeType) {\n            case Node.ELEMEN ... (7807 more bytes)","args":[{"element-6066-11e4-a52e-4f735466cecf":"0D04ECF876428A05C504E43AB5136261_element_209","ELEMENT":"0D04ECF876428A05C504E43AB5136261_element_209"}]}
RESULT: {"script":"return (function isElementDisplayed(element) {\n    function nodeIsElement(node) {\n        if (!node) {\n            return false;\n        }\n        switch (node.nodeType) {\n            case Node.ELEMEN ... (7807 more bytes)","args":[{"element-6066-11e4-a52e-4f735466cecf":"0D04ECF876428A05C504E43AB5136261_element_209","ELEMENT":"0D04ECF876428A05C504E43AB5136261_element_209"}]}
COMMAND: POST /session/1549ffe00708c38748d45f4bf99daed4/element - {"using":"css selector","value":"h2.govuk-panel__title"}
RESULT: {"using":"css selector","value":"h2.govuk-panel__title"}
COMMAND: GET /session/1549ffe00708c38748d45f4bf99daed4/element/0D04ECF876428A05C504E43AB5136261_element_209/text - {}
RESULT: {}
COMMAND: POST /session/1549ffe00708c38748d45f4bf99daed4/element - {"using":"css selector","value":".govuk-panel"}
RESULT: {"using":"css selector","value":".govuk-panel"}
COMMAND: POST /session/1549ffe00708c38748d45f4bf99daed4/execute/sync - {"script":"return (function isElementDisplayed(element) {\n    function nodeIsElement(node) {\n        if (!node) {\n            return false;\n        }\n        switch (node.nodeType) {\n            case Node.ELEMEN ... (7807 more bytes)","args":[{"element-6066-11e4-a52e-4f735466cecf":"0D04ECF876428A05C504E43AB5136261_element_210","ELEMENT":"0D04ECF876428A05C504E43AB5136261_element_210"}]}
[...]
COMMAND: POST /session/1549ffe00708c38748d45f4bf99daed4/element/B83B02640A4B690B40432DDF130C09E5_element_1695/elements - {"using":"css selector","value":"th"}
RESULT: {"using":"css selector","value":"th"}
COMMAND: GET /session/1549ffe00708c38748d45f4bf99daed4/element/B83B02640A4B690B40432DDF130C09E5_element_1696/text - {}
COMMAND: GET /session/1549ffe00708c38748d45f4bf99daed4/element/B83B02640A4B690B40432DDF130C09E5_element_1697/text - {}
COMMAND: GET /session/1549ffe00708c38748d45f4bf99daed4/element/B83B02640A4B690B40432DDF130C09E5_element_1699/text - {}
COMMAND: GET /session/1549ffe00708c38748d45f4bf99daed4/element/B83B02640A4B690B40432DDF130C09E5_element_1698/text - {}
RESULT: {}
RESULT: {}
RESULT: {}
RESULT: {}
COMMAND: POST /session/1549ffe00708c38748d45f4bf99daed4/element/B83B02640A4B690B40432DDF130C09E5_element_1694/elements - {"using":"css selector","value":"th,td"}
RESULT: {"using":"css selector","value":"th,td"}
COMMAND: GET /session/1549ffe00708c38748d45f4bf99daed4/element/B83B02640A4B690B40432DDF130C09E5_element_1700/text - {}
RESULT: {}
COMMAND: GET /session/1549ffe00708c38748d45f4bf99daed4/element/B83B02640A4B690B40432DDF130C09E5_element_1701/text - {}
RESULT: {}
COMMAND: GET /session/1549ffe00708c38748d45f4bf99daed4/element/B83B02640A4B690B40432DDF130C09E5_element_1702/text - {}
RESULT: {}
COMMAND: GET /session/1549ffe00708c38748d45f4bf99daed4/element/B83B02640A4B690B40432DDF130C09E5_element_1703/text - {}
RESULT: {}
]]></system-out>
    </testcase>
    <testcase classname="chrome.117_0_5938_132.linux.Invoice_Page_Test.Vendor:_Vendor_Six,Invoice:2005-Q2" name="should validate price table data" time="0.732">
      <system-out><![CDATA[
COMMAND: POST /session/1549ffe00708c38748d45f4bf99daed4/url - {"url":"https://pr-509.btm.dev.account.gov.uk/contracts/6/invoices/2005-q2"}
RESULT: {"url":"https://pr-509.btm.dev.account.gov.uk/contracts/6/invoices/2005-q2"}
COMMAND: POST /session/1549ffe00708c38748d45f4bf99daed4/execute/sync - {"script":"return (() => document.readyState === \"complete\").apply(null, arguments)","args":[]}
RESULT: {"script":"return (() => document.readyState === \"complete\").apply(null, arguments)","args":[]}
COMMAND: GET /session/1549ffe00708c38748d45f4bf99daed4/url - {}
RESULT: {}
COMMAND: POST /session/1549ffe00708c38748d45f4bf99daed4/element - {"using":"css selector","value":".govuk-heading-xl"}
RESULT: {"using":"css selector","value":".govuk-heading-xl"}
COMMAND: POST /session/1549ffe00708c38748d45f4bf99daed4/execute/sync - {"script":"return (function isElementDisplayed(element) {\n    function nodeIsElement(node) {\n        if (!node) {\n            return false;\n        }\n        switch (node.nodeType) {\n            case Node.ELEMEN ... (7807 more bytes)","args":[{"element-6066-11e4-a52e-4f735466cecf":"FC8C53B6DA3707F7EF1964F6CB7EE738_element_1708","ELEMENT":"FC8C53B6DA3707F7EF1964F6CB7EE738_element_1708"}]}
RESULT: {"script":"return (function isElementDisplayed(element) {\n    function nodeIsElement(node) {\n        if (!node) {\n            return false;\n        }\n        switch (node.nodeType) {\n            case Node.ELEMEN ... (7807 more bytes)","args":[{"element-6066-11e4-a52e-4f735466cecf":"FC8C53B6DA3707F7EF1964F6CB7EE738_element_1708","ELEMENT":"FC8C53B6DA3707F7EF1964F6CB7EE738_element_1708"}]}
COMMAND: POST /session/1549ffe00708c38748d45f4bf99daed4/element - {"using":"css selector","value":".govuk-heading-xl"}
RESULT: {"using":"css selector","value":".govuk-heading-xl"}
COMMAND: GET /session/1549ffe00708c38748d45f4bf99daed4/element/FC8C53B6DA3707F7EF1964F6CB7EE738_element_1708/text - {}
RESULT: {}
COMMAND: POST /session/1549ffe00708c38748d45f4bf99daed4/element - {"using":"xpath","value":".//caption[contains(., \"Price\") and not(.//caption)]"}
RESULT: {"using":"xpath","value":".//caption[contains(., \"Price\") and not(.//caption)]"}
COMMAND: POST /session/1549ffe00708c38748d45f4bf99daed4/execute/sync - {"script":"return (function (elem, id) {\n        return (function parentElement() {\n        return this.parentElement;\n    }).call(elem, id);\n    }).apply(null, arguments)","args":[{"element-6066-11e4-a52e-4f735466cecf":"FC8C53B6DA3707F7EF1964F6CB7EE738_element_1709","ELEMENT":"FC8C53B6DA3707F7EF1964F6CB7EE738_element_1709"}]}
RESULT: {"script":"return (function (elem, id) {\n        return (function parentElement() {\n        return this.parentElement;\n    }).call(elem, id);\n    }).apply(null, arguments)","args":[{"element-6066-11e4-a52e-4f735466cecf":"FC8C53B6DA3707F7EF1964F6CB7EE738_element_1709","ELEMENT":"FC8C53B6DA3707F7EF1964F6CB7EE738_element_1709"}]}
COMMAND: POST /session/1549ffe00708c38748d45f4bf99daed4/execute/sync - {"script":"return (function isElementDisplayed(element) {\n    function nodeIsElement(node) {\n        if (!node) {\n            return false;\n        }\n        switch (node.nodeType) {\n            case Node.ELEMEN ... (7807 more bytes)","args":[{"element-6066-11e4-a52e-4f735466cecf":"FC8C53B6DA3707F7EF1964F6CB7EE738_element_1710","ELEMENT":"FC8C53B6DA3707F7EF1964F6CB7EE738_element_1710"}]}
RESULT: {"script":"return (function isElementDisplayed(element) {\n    function nodeIsElement(node) {\n        if (!node) {\n            return false;\n        }\n        switch (node.nodeType) {\n            case Node.ELEMEN ... (7807 more bytes)","args":[{"element-6066-11e4-a52e-4f735466cecf":"FC8C53B6DA3707F7EF1964F6CB7EE738_element_1710","ELEMENT":"FC8C53B6DA3707F7EF1964F6CB7EE738_element_1710"}]}
COMMAND: POST /session/1549ffe00708c38748d45f4bf99daed4/element/FC8C53B6DA3707F7EF1964F6CB7EE738_element_1710/elements - {"using":"css selector","value":"tbody tr"}
RESULT: {"using":"css selector","value":"tbody tr"}
COMMAND: POST /session/1549ffe00708c38748d45f4bf99daed4/element/FC8C53B6DA3707F7EF1964F6CB7EE738_element_1710/element - {"using":"css selector","value":"thead tr"}
RESULT: {"using":"css selector","value":"thead tr"}
COMMAND: POST /session/1549ffe00708c38748d45f4bf99daed4/element/FC8C53B6DA3707F7EF1964F6CB7EE738_element_1712/elements - {"using":"css selector","value":"th"}
RESULT: {"using":"css selector","value":"th"}
COMMAND: GET /session/1549ffe00708c38748d45f4bf99daed4/element/FC8C53B6DA3707F7EF1964F6CB7EE738_element_1713/text - {}
COMMAND: GET /session/1549ffe00708c38748d45f4bf99daed4/element/FC8C53B6DA3707F7EF1964F6CB7EE738_element_1714/text - {}
COMMAND: GET /session/1549ffe00708c38748d45f4bf99daed4/element/FC8C53B6DA3707F7EF1964F6CB7EE738_element_1716/text - {}
COMMAND: GET /session/1549ffe00708c38748d45f4bf99daed4/element/FC8C53B6DA3707F7EF1964F6CB7EE738_element_1715/text - {}
RESULT: {}
RESULT: {}
RESULT: {}
RESULT: {}
COMMAND: POST /session/1549ffe00708c38748d45f4bf99daed4/element/FC8C53B6DA3707F7EF1964F6CB7EE738_element_1711/elements - {"using":"css selector","value":"th,td"}
RESULT: {"using":"css selector","value":"th,td"}
COMMAND: GET /session/1549ffe00708c38748d45f4bf99daed4/element/FC8C53B6DA3707F7EF1964F6CB7EE738_element_1717/text - {}
RESULT: {}
COMMAND: GET /session/1549ffe00708c38748d45f4bf99daed4/element/FC8C53B6DA3707F7EF1964F6CB7EE738_element_1718/text - {}
RESULT: {}
COMMAND: GET /session/1549ffe00708c38748d45f4bf99daed4/element/FC8C53B6DA3707F7EF1964F6CB7EE738_element_1719/text - {}
RESULT: {}
COMMAND: GET /session/1549ffe00708c38748d45f4bf99daed4/element/FC8C53B6DA3707F7EF1964F6CB7EE738_element_1720/text - {}
RESULT: {}
]]></system-out>
    </testcase>
    <testcase classname="chrome.117_0_5938_132.linux.Invoice_Page_Test.Vendor:_Vendor_Six,Invoice:2005-Q2" name="should validate measured events table data" time="0.967">
      <system-out><![CDATA[
COMMAND: POST /session/1549ffe00708c38748d45f4bf99daed4/url - {"url":"https://pr-509.btm.dev.account.gov.uk/contracts/6/invoices/2005-q2"}
RESULT: {"url":"https://pr-509.btm.dev.account.gov.uk/contracts/6/invoices/2005-q2"}
COMMAND: POST /session/1549ffe00708c38748d45f4bf99daed4/execute/sync - {"script":"return (() => document.readyState === \"complete\").apply(null, arguments)","args":[]}
RESULT: {"script":"return (() => document.readyState === \"complete\").apply(null, arguments)","args":[]}
COMMAND: GET /session/1549ffe00708c38748d45f4bf99daed4/url - {}
RESULT: {}
COMMAND: POST /session/1549ffe00708c38748d45f4bf99daed4/element - {"using":"css selector","value":".govuk-heading-xl"}
RESULT: {"using":"css selector","value":".govuk-heading-xl"}
COMMAND: POST /session/1549ffe00708c38748d45f4bf99daed4/execute/sync - {"script":"return (function isElementDisplayed(element) {\n    function nodeIsElement(node) {\n        if (!node) {\n            return false;\n        }\n        switch (node.nodeType) {\n            case Node.ELEMEN ... (7807 more bytes)","args":[{"element-6066-11e4-a52e-4f735466cecf":"E64AAB2D4BFADA4247D41DE330FF377C_element_1723","ELEMENT":"E64AAB2D4BFADA4247D41DE330FF377C_element_1723"}]}
RESULT: {"script":"return (function isElementDisplayed(element) {\n    function nodeIsElement(node) {\n        if (!node) {\n            return false;\n        }\n        switch (node.nodeType) {\n            case Node.ELEMEN ... (7807 more bytes)","args":[{"element-6066-11e4-a52e-4f735466cecf":"E64AAB2D4BFADA4247D41DE330FF377C_element_1723","ELEMENT":"E64AAB2D4BFADA4247D41DE330FF377C_element_1723"}]}
COMMAND: POST /session/1549ffe00708c38748d45f4bf99daed4/element - {"using":"css selector","value":".govuk-heading-xl"}
RESULT: {"using":"css selector","value":".govuk-heading-xl"}
COMMAND: GET /session/1549ffe00708c38748d45f4bf99daed4/element/E64AAB2D4BFADA4247D41DE330FF377C_element_1723/text - {}
RESULT: {}
COMMAND: POST /session/1549ffe00708c38748d45f4bf99daed4/element - {"using":"xpath","value":".//caption[contains(., \"Measured (events)\") and not(.//caption)]"}
RESULT: {"using":"xpath","value":".//caption[contains(., \"Measured (events)\") and not(.//caption)]"}
COMMAND: POST /session/1549ffe00708c38748d45f4bf99daed4/execute/sync - {"script":"return (function (elem, id) {\n        return (function parentElement() {\n        return this.parentElement;\n    }).call(elem, id);\n    }).apply(null, arguments)","args":[{"element-6066-11e4-a52e-4f735466cecf":"E64AAB2D4BFADA4247D41DE330FF377C_element_1724","ELEMENT":"E64AAB2D4BFADA4247D41DE330FF377C_element_1724"}]}
RESULT: {"script":"return (function (elem, id) {\n        return (function parentElement() {\n        return this.parentElement;\n    }).call(elem, id);\n    }).apply(null, arguments)","args":[{"element-6066-11e4-a52e-4f735466cecf":"E64AAB2D4BFADA4247D41DE330FF377C_element_1724","ELEMENT":"E64AAB2D4BFADA4247D41DE330FF377C_element_1724"}]}
COMMAND: POST /session/1549ffe00708c38748d45f4bf99daed4/execute/sync - {"script":"return (function isElementDisplayed(element) {\n    function nodeIsElement(node) {\n        if (!node) {\n            return false;\n        }\n        switch (node.nodeType) {\n            case Node.ELEMEN ... (7807 more bytes)","args":[{"element-6066-11e4-a52e-4f735466cecf":"E64AAB2D4BFADA4247D41DE330FF377C_element_1725","ELEMENT":"E64AAB2D4BFADA4247D41DE330FF377C_element_1725"}]}
RESULT: {"script":"return (function isElementDisplayed(element) {\n    function nodeIsElement(node) {\n        if (!node) {\n            return false;\n        }\n        switch (node.nodeType) {\n            case Node.ELEMEN ... (7807 more bytes)","args":[{"element-6066-11e4-a52e-4f735466cecf":"E64AAB2D4BFADA4247D41DE330FF377C_element_1725","ELEMENT":"E64AAB2D4BFADA4247D41DE330FF377C_element_1725"}]}
COMMAND: POST /session/1549ffe00708c38748d45f4bf99daed4/element/E64AAB2D4BFADA4247D41DE330FF377C_element_1725/elements - {"using":"css selector","value":"tbody tr"}
RESULT: {"using":"css selector","value":"tbody tr"}
COMMAND: POST /session/1549ffe00708c38748d45f4bf99daed4/element/E64AAB2D4BFADA4247D41DE330FF377C_element_1725/element - {"using":"css selector","value":"thead tr"}
RESULT: {"using":"css selector","value":"thead tr"}
COMMAND: POST /session/1549ffe00708c38748d45f4bf99daed4/element/E64AAB2D4BFADA4247D41DE330FF377C_element_1727/elements - {"using":"css selector","value":"th"}
RESULT: {"using":"css selector","value":"th"}
COMMAND: GET /session/1549ffe00708c38748d45f4bf99daed4/element/E64AAB2D4BFADA4247D41DE330FF377C_element_1728/text - {}
COMMAND: GET /session/1549ffe00708c38748d45f4bf99daed4/element/E64AAB2D4BFADA4247D41DE330FF377C_element_1729/text - {}
RESULT: {}
RESULT: {}
COMMAND: POST /session/1549ffe00708c38748d45f4bf99daed4/element/E64AAB2D4BFADA4247D41DE330FF377C_element_1726/elements - {"using":"css selector","value":"th,td"}
RESULT: {"using":"css selector","value":"th,td"}
COMMAND: GET /session/1549ffe00708c38748d45f4bf99daed4/element/E64AAB2D4BFADA4247D41DE330FF377C_element_1730/text - {}
RESULT: {}
COMMAND: GET /session/1549ffe00708c38748d45f4bf99daed4/element/E64AAB2D4BFADA4247D41DE330FF377C_element_1731/text - {}
RESULT: {}
]]></system-out>
    </testcase>
    <testcase classname="chrome.117_0_5938_132.linux.Invoice_Page_Test.Vendor:_Vendor_Six,Invoice:2005-Q2" name="should validate invoice table data" time="1.68">
      <system-out><![CDATA[
COMMAND: POST /session/1549ffe00708c38748d45f4bf99daed4/url - {"url":"https://pr-509.btm.dev.account.gov.uk/contracts/6/invoices/2005-q2"}
RESULT: {"url":"https://pr-509.btm.dev.account.gov.uk/contracts/6/invoices/2005-q2"}
COMMAND: POST /session/1549ffe00708c38748d45f4bf99daed4/execute/sync - {"script":"return (() => document.readyState === \"complete\").apply(null, arguments)","args":[]}
RESULT: {"script":"return (() => document.readyState === \"complete\").apply(null, arguments)","args":[]}
COMMAND: GET /session/1549ffe00708c38748d45f4bf99daed4/url - {}
RESULT: {}
COMMAND: POST /session/1549ffe00708c38748d45f4bf99daed4/element - {"using":"css selector","value":".govuk-heading-xl"}
RESULT: {"using":"css selector","value":".govuk-heading-xl"}
COMMAND: POST /session/1549ffe00708c38748d45f4bf99daed4/execute/sync - {"script":"return (function isElementDisplayed(element) {\n    function nodeIsElement(node) {\n        if (!node) {\n            return false;\n        }\n        switch (node.nodeType) {\n            case Node.ELEMEN ... (7807 more bytes)","args":[{"element-6066-11e4-a52e-4f735466cecf":"C350579772B6FD2A2CD25ABDEF359A18_element_1734","ELEMENT":"C350579772B6FD2A2CD25ABDEF359A18_element_1734"}]}
RESULT: {"script":"return (function isElementDisplayed(element) {\n    function nodeIsElement(node) {\n        if (!node) {\n            return false;\n        }\n        switch (node.nodeType) {\n            case Node.ELEMEN ... (7807 more bytes)","args":[{"element-6066-11e4-a52e-4f735466cecf":"C350579772B6FD2A2CD25ABDEF359A18_element_1734","ELEMENT":"C350579772B6FD2A2CD25ABDEF359A18_element_1734"}]}
COMMAND: POST /session/1549ffe00708c38748d45f4bf99daed4/element - {"using":"css selector","value":".govuk-heading-xl"}
RESULT: {"using":"css selector","value":".govuk-heading-xl"}
COMMAND: GET /session/1549ffe00708c38748d45f4bf99daed4/element/C350579772B6FD2A2CD25ABDEF359A18_element_1734/text - {}
RESULT: {}
COMMAND: POST /session/1549ffe00708c38748d45f4bf99daed4/element - {"using":"xpath","value":".//caption[contains(., \"Invoice\") and not(.//caption)]"}
RESULT: {"using":"xpath","value":".//caption[contains(., \"Invoice\") and not(.//caption)]"}
COMMAND: POST /session/1549ffe00708c38748d45f4bf99daed4/execute/sync - {"script":"return (function (elem, id) {\n        return (function parentElement() {\n        return this.parentElement;\n    }).call(elem, id);\n    }).apply(null, arguments)","args":[{"element-6066-11e4-a52e-4f735466cecf":"C350579772B6FD2A2CD25ABDEF359A18_element_1735","ELEMENT":"C350579772B6FD2A2CD25ABDEF359A18_element_1735"}]}
RESULT: {"script":"return (function (elem, id) {\n        return (function parentElement() {\n        return this.parentElement;\n    }).call(elem, id);\n    }).apply(null, arguments)","args":[{"element-6066-11e4-a52e-4f735466cecf":"C350579772B6FD2A2CD25ABDEF359A18_element_1735","ELEMENT":"C350579772B6FD2A2CD25ABDEF359A18_element_1735"}]}
COMMAND: POST /session/1549ffe00708c38748d45f4bf99daed4/execute/sync - {"script":"return (function isElementDisplayed(element) {\n    function nodeIsElement(node) {\n        if (!node) {\n            return false;\n        }\n        switch (node.nodeType) {\n            case Node.ELEMEN ... (7807 more bytes)","args":[{"element-6066-11e4-a52e-4f735466cecf":"C350579772B6FD2A2CD25ABDEF359A18_element_1736","ELEMENT":"C350579772B6FD2A2CD25ABDEF359A18_element_1736"}]}
RESULT: {"script":"return (function isElementDisplayed(element) {\n    function nodeIsElement(node) {\n        if (!node) {\n            return false;\n        }\n        switch (node.nodeType) {\n            case Node.ELEMEN ... (7807 more bytes)","args":[{"element-6066-11e4-a52e-4f735466cecf":"C350579772B6FD2A2CD25ABDEF359A18_element_1736","ELEMENT":"C350579772B6FD2A2CD25ABDEF359A18_element_1736"}]}
COMMAND: POST /session/1549ffe00708c38748d45f4bf99daed4/element/C350579772B6FD2A2CD25ABDEF359A18_element_1736/elements - {"using":"css selector","value":"tbody tr"}
RESULT: {"using":"css selector","value":"tbody tr"}
COMMAND: POST /session/1549ffe00708c38748d45f4bf99daed4/element/C350579772B6FD2A2CD25ABDEF359A18_element_1736/element - {"using":"css selector","value":"thead tr"}
RESULT: {"using":"css selector","value":"thead tr"}
COMMAND: POST /session/1549ffe00708c38748d45f4bf99daed4/element/C350579772B6FD2A2CD25ABDEF359A18_element_1739/elements - {"using":"css selector","value":"th"}
RESULT: {"using":"css selector","value":"th"}
COMMAND: GET /session/1549ffe00708c38748d45f4bf99daed4/element/C350579772B6FD2A2CD25ABDEF359A18_element_1740/text - {}
COMMAND: GET /session/1549ffe00708c38748d45f4bf99daed4/element/C350579772B6FD2A2CD25ABDEF359A18_element_1741/text - {}
COMMAND: GET /session/1549ffe00708c38748d45f4bf99daed4/element/C350579772B6FD2A2CD25ABDEF359A18_element_1743/text - {}
COMMAND: GET /session/1549ffe00708c38748d45f4bf99daed4/element/C350579772B6FD2A2CD25ABDEF359A18_element_1742/text - {}
COMMAND: GET /session/1549ffe00708c38748d45f4bf99daed4/element/C350579772B6FD2A2CD25ABDEF359A18_element_1744/text - {}
RESULT: {}
RESULT: {}
RESULT: {}
RESULT: {}
RESULT: {}
COMMAND: POST /session/1549ffe00708c38748d45f4bf99daed4/element/C350579772B6FD2A2CD25ABDEF359A18_element_1737/elements - {"using":"css selector","value":"th,td"}
RESULT: {"using":"css selector","value":"th,td"}
COMMAND: GET /session/1549ffe00708c38748d45f4bf99daed4/element/C350579772B6FD2A2CD25ABDEF359A18_element_1745/text - {}
RESULT: {}
COMMAND: GET /session/1549ffe00708c38748d45f4bf99daed4/element/C350579772B6FD2A2CD25ABDEF359A18_element_1746/text - {}
RESULT: {}
COMMAND: GET /session/1549ffe00708c38748d45f4bf99daed4/element/C350579772B6FD2A2CD25ABDEF359A18_element_1747/text - {}
RESULT: {}
COMMAND: GET /session/1549ffe00708c38748d45f4bf99daed4/element/C350579772B6FD2A2CD25ABDEF359A18_element_1748/text - {}
RESULT: {}
COMMAND: GET /session/1549ffe00708c38748d45f4bf99daed4/element/C350579772B6FD2A2CD25ABDEF359A18_element_1749/text - {}
RESULT: {}
COMMAND: POST /session/1549ffe00708c38748d45f4bf99daed4/element/C350579772B6FD2A2CD25ABDEF359A18_element_1738/elements - {"using":"css selector","value":"th,td"}
RESULT: {"using":"css selector","value":"th,td"}
COMMAND: GET /session/1549ffe00708c38748d45f4bf99daed4/element/C350579772B6FD2A2CD25ABDEF359A18_element_1750/text - {}
RESULT: {}
COMMAND: GET /session/1549ffe00708c38748d45f4bf99daed4/element/C350579772B6FD2A2CD25ABDEF359A18_element_1751/text - {}
RESULT: {}
COMMAND: GET /session/1549ffe00708c38748d45f4bf99daed4/element/C350579772B6FD2A2CD25ABDEF359A18_element_1752/text - {}
RESULT: {}
COMMAND: GET /session/1549ffe00708c38748d45f4bf99daed4/element/C350579772B6FD2A2CD25ABDEF359A18_element_1753/text - {}
RESULT: {}
COMMAND: GET /session/1549ffe00708c38748d45f4bf99daed4/element/C350579772B6FD2A2CD25ABDEF359A18_element_1754/text - {}
RESULT: {}
COMMAND: DELETE /session/1549ffe00708c38748d45f4bf99daed4 - {}
RESULT: {}
]]></system-out>
    </testcase>
  </testsuite>
</testsuites>