<?xml version="1.0" encoding="UTF-8"?>
<testsuites>
  <testsuite name="Invoice Page Test" timestamp="2023-10-16T10:13:17" time="91.085" tests="0" failures="0" errors="0" skipped="0">
    <properties>
      <property name="specId" value="0"/>
      <property name="suiteName" value="Invoice Page Test"/>
      <property name="capabilities" value="chrome.117_0_5938_132.linux"/>
      <property name="file" value="file://./ui-tests/specs/invoice.spec.ts"/>
    </properties>
  </testsuite>
  <testsuite name="Vendor Vendor Three Invoice 2005 09" timestamp="2023-10-16T10:13:17" time="15.769" tests="6" failures="0" errors="0" skipped="0">
    <properties>
      <property name="specId" value="0"/>
      <property name="suiteName" value="Vendor: Vendor Three,Invoice:2005-09"/>
      <property name="capabilities" value="chrome.117_0_5938_132.linux"/>
      <property name="file" value="file://./ui-tests/specs/invoice.spec.ts"/>
    </properties>
    <testcase classname="chrome.117_0_5938_132.linux.Invoice_Page_Test.Vendor:_Vendor_Three,Invoice:2005-09" name="should display correct status banner color and message" time="6.908">
      <system-out><![CDATA[
COMMAND: POST /session/edd73b51e5ab10c76ebc064ac14a8467/url - {"url":"https://ephenv-vlad-test.btm.dev.account.gov.uk/contracts/3/invoices/2005-09"}
RESULT: {"url":"https://ephenv-vlad-test.btm.dev.account.gov.uk/contracts/3/invoices/2005-09"}
COMMAND: POST /session/edd73b51e5ab10c76ebc064ac14a8467/execute/sync - {"script":"return (() => document.readyState === \"complete\").apply(null, arguments)","args":[]}
RESULT: {"script":"return (() => document.readyState === \"complete\").apply(null, arguments)","args":[]}
COMMAND: GET /session/edd73b51e5ab10c76ebc064ac14a8467/url - {}
RESULT: {}
COMMAND: POST /session/edd73b51e5ab10c76ebc064ac14a8467/element - {"using":"css selector","value":".govuk-heading-xl"}
RESULT: {"using":"css selector","value":".govuk-heading-xl"}
COMMAND: POST /session/edd73b51e5ab10c76ebc064ac14a8467/execute/sync - {"script":"return (function isElementDisplayed(element) {\n    function nodeIsElement(node) {\n        if (!node) {\n            return false;\n        }\n        switch (node.nodeType) {\n            case Node.ELEMEN ... (7807 more bytes)","args":[{"element-6066-11e4-a52e-4f735466cecf":"549EF3AA6F0A91A94EDB34A11FDD5249_element_5","ELEMENT":"549EF3AA6F0A91A94EDB34A11FDD5249_element_5"}]}
RESULT: {"script":"return (function isElementDisplayed(element) {\n    function nodeIsElement(node) {\n        if (!node) {\n            return false;\n        }\n        switch (node.nodeType) {\n            case Node.ELEMEN ... (7807 more bytes)","args":[{"element-6066-11e4-a52e-4f735466cecf":"549EF3AA6F0A91A94EDB34A11FDD5249_element_5","ELEMENT":"549EF3AA6F0A91A94EDB34A11FDD5249_element_5"}]}
COMMAND: POST /session/edd73b51e5ab10c76ebc064ac14a8467/element - {"using":"css selector","value":".govuk-heading-xl"}
RESULT: {"using":"css selector","value":".govuk-heading-xl"}
COMMAND: GET /session/edd73b51e5ab10c76ebc064ac14a8467/element/549EF3AA6F0A91A94EDB34A11FDD5249_element_5/text - {}
RESULT: {}
COMMAND: POST /session/edd73b51e5ab10c76ebc064ac14a8467/element - {"using":"css selector","value":"h2.govuk-panel__title"}
RESULT: {"using":"css selector","value":"h2.govuk-panel__title"}
COMMAND: POST /session/edd73b51e5ab10c76ebc064ac14a8467/execute/sync - {"script":"return (function isElementDisplayed(element) {\n    function nodeIsElement(node) {\n        if (!node) {\n            return false;\n        }\n        switch (node.nodeType) {\n            case Node.ELEMEN ... (7807 more bytes)","args":[{"element-6066-11e4-a52e-4f735466cecf":"549EF3AA6F0A91A94EDB34A11FDD5249_element_6","ELEMENT":"549EF3AA6F0A91A94EDB34A11FDD5249_element_6"}]}
RESULT: {"script":"return (function isElementDisplayed(element) {\n    function nodeIsElement(node) {\n        if (!node) {\n            return false;\n        }\n        switch (node.nodeType) {\n            case Node.ELEMEN ... (7807 more bytes)","args":[{"element-6066-11e4-a52e-4f735466cecf":"549EF3AA6F0A91A94EDB34A11FDD5249_element_6","ELEMENT":"549EF3AA6F0A91A94EDB34A11FDD5249_element_6"}]}
COMMAND: POST /session/edd73b51e5ab10c76ebc064ac14a8467/element - {"using":"css selector","value":"h2.govuk-panel__title"}
RESULT: {"using":"css selector","value":"h2.govuk-panel__title"}
COMMAND: GET /session/edd73b51e5ab10c76ebc064ac14a8467/element/549EF3AA6F0A91A94EDB34A11FDD5249_element_6/text - {}
RESULT: {}
COMMAND: POST /session/edd73b51e5ab10c76ebc064ac14a8467/element - {"using":"css selector","value":".govuk-panel"}
RESULT: {"using":"css selector","value":".govuk-panel"}
COMMAND: POST /session/edd73b51e5ab10c76ebc064ac14a8467/execute/sync - {"script":"return (function isElementDisplayed(element) {\n    function nodeIsElement(node) {\n        if (!node) {\n            return false;\n        }\n        switch (node.nodeType) {\n            case Node.ELEMEN ... (7807 more bytes)","args":[{"element-6066-11e4-a52e-4f735466cecf":"549EF3AA6F0A91A94EDB34A11FDD5249_element_3","ELEMENT":"549EF3AA6F0A91A94EDB34A11FDD5249_element_3"}]}
RESULT: {"script":"return (function isElementDisplayed(element) {\n    function nodeIsElement(node) {\n        if (!node) {\n            return false;\n        }\n        switch (node.nodeType) {\n            case Node.ELEMEN ... (7807 more bytes)","args":[{"element-6066-11e4-a52e-4f735466cecf":"549EF3AA6F0A91A94EDB34A11FDD5249_element_3","ELEMENT":"549EF3AA6F0A91A94EDB34A11FDD5249_element_3"}]}
COMMAND: GET /session/edd73b51e5ab10c76ebc064ac14a8467/element/549EF3AA6F0A91A94EDB34A11FDD5249_element_3/css/background-color - {}
RESULT: {}
]]></system-out>
    </testcase>
    <testcase classname="chrome.117_0_5938_132.linux.Invoice_Page_Test.Vendor:_Vendor_Three,Invoice:2005-09" name="should validate reconciliation table data" time="4.179">
      <system-out><![CDATA[
COMMAND: POST /session/edd73b51e5ab10c76ebc064ac14a8467/url - {"url":"https://ephenv-vlad-test.btm.dev.account.gov.uk/contracts/3/invoices/2005-09"}
RESULT: {"url":"https://ephenv-vlad-test.btm.dev.account.gov.uk/contracts/3/invoices/2005-09"}
COMMAND: POST /session/edd73b51e5ab10c76ebc064ac14a8467/execute/sync - {"script":"return (() => document.readyState === \"complete\").apply(null, arguments)","args":[]}
RESULT: {"script":"return (() => document.readyState === \"complete\").apply(null, arguments)","args":[]}
COMMAND: GET /session/edd73b51e5ab10c76ebc064ac14a8467/url - {}
RESULT: {}
COMMAND: POST /session/edd73b51e5ab10c76ebc064ac14a8467/element - {"using":"css selector","value":".govuk-heading-xl"}
RESULT: {"using":"css selector","value":".govuk-heading-xl"}
COMMAND: POST /session/edd73b51e5ab10c76ebc064ac14a8467/execute/sync - {"script":"return (function isElementDisplayed(element) {\n    function nodeIsElement(node) {\n        if (!node) {\n            return false;\n        }\n        switch (node.nodeType) {\n            case Node.ELEMEN ... (7807 more bytes)","args":[{"element-6066-11e4-a52e-4f735466cecf":"7D10CCF343D651D78DE18F23F97477D3_element_11","ELEMENT":"7D10CCF343D651D78DE18F23F97477D3_element_11"}]}
RESULT: {"script":"return (function isElementDisplayed(element) {\n    function nodeIsElement(node) {\n        if (!node) {\n            return false;\n        }\n        switch (node.nodeType) {\n            case Node.ELEMEN ... (7807 more bytes)","args":[{"element-6066-11e4-a52e-4f735466cecf":"7D10CCF343D651D78DE18F23F97477D3_element_11","ELEMENT":"7D10CCF343D651D78DE18F23F97477D3_element_11"}]}
COMMAND: POST /session/edd73b51e5ab10c76ebc064ac14a8467/element - {"using":"css selector","value":".govuk-heading-xl"}
RESULT: {"using":"css selector","value":".govuk-heading-xl"}
COMMAND: GET /session/edd73b51e5ab10c76ebc064ac14a8467/element/7D10CCF343D651D78DE18F23F97477D3_element_11/text - {}
RESULT: {}
COMMAND: POST /session/edd73b51e5ab10c76ebc064ac14a8467/element - {"using":"xpath","value":".//caption[contains(., \"Reconciliation\") and not(.//caption)]"}
RESULT: {"using":"xpath","value":".//caption[contains(., \"Reconciliation\") and not(.//caption)]"}
COMMAND: POST /session/edd73b51e5ab10c76ebc064ac14a8467/execute/sync - {"script":"return (function (elem, id) {\n        return (function parentElement() {\n        return this.parentElement;\n    }).call(elem, id);\n    }).apply(null, arguments)","args":[{"element-6066-11e4-a52e-4f735466cecf":"7D10CCF343D651D78DE18F23F97477D3_element_12","ELEMENT":"7D10CCF343D651D78DE18F23F97477D3_element_12"}]}
RESULT: {"script":"return (function (elem, id) {\n        return (function parentElement() {\n        return this.parentElement;\n    }).call(elem, id);\n    }).apply(null, arguments)","args":[{"element-6066-11e4-a52e-4f735466cecf":"7D10CCF343D651D78DE18F23F97477D3_element_12","ELEMENT":"7D10CCF343D651D78DE18F23F97477D3_element_12"}]}
COMMAND: POST /session/edd73b51e5ab10c76ebc064ac14a8467/execute/sync - {"script":"return (function isElementDisplayed(element) {\n    function nodeIsElement(node) {\n        if (!node) {\n            return false;\n        }\n        switch (node.nodeType) {\n            case Node.ELEMEN ... (7807 more bytes)","args":[{"element-6066-11e4-a52e-4f735466cecf":"7D10CCF343D651D78DE18F23F97477D3_element_10","ELEMENT":"7D10CCF343D651D78DE18F23F97477D3_element_10"}]}
RESULT: {"script":"return (function isElementDisplayed(element) {\n    function nodeIsElement(node) {\n        if (!node) {\n            return false;\n        }\n        switch (node.nodeType) {\n            case Node.ELEMEN ... (7807 more bytes)","args":[{"element-6066-11e4-a52e-4f735466cecf":"7D10CCF343D651D78DE18F23F97477D3_element_10","ELEMENT":"7D10CCF343D651D78DE18F23F97477D3_element_10"}]}
COMMAND: POST /session/edd73b51e5ab10c76ebc064ac14a8467/element/7D10CCF343D651D78DE18F23F97477D3_element_10/elements - {"using":"css selector","value":"tbody tr"}
RESULT: {"using":"css selector","value":"tbody tr"}
COMMAND: POST /session/edd73b51e5ab10c76ebc064ac14a8467/element/7D10CCF343D651D78DE18F23F97477D3_element_10/element - {"using":"css selector","value":"thead tr"}
RESULT: {"using":"css selector","value":"thead tr"}
COMMAND: POST /session/edd73b51e5ab10c76ebc064ac14a8467/element/7D10CCF343D651D78DE18F23F97477D3_element_14/elements - {"using":"css selector","value":"th"}
RESULT: {"using":"css selector","value":"th"}
COMMAND: GET /session/edd73b51e5ab10c76ebc064ac14a8467/element/7D10CCF343D651D78DE18F23F97477D3_element_15/text - {}
COMMAND: GET /session/edd73b51e5ab10c76ebc064ac14a8467/element/7D10CCF343D651D78DE18F23F97477D3_element_16/text - {}
COMMAND: GET /session/edd73b51e5ab10c76ebc064ac14a8467/element/7D10CCF343D651D78DE18F23F97477D3_element_18/text - {}
COMMAND: GET /session/edd73b51e5ab10c76ebc064ac14a8467/element/7D10CCF343D651D78DE18F23F97477D3_element_17/text - {}
COMMAND: GET /session/edd73b51e5ab10c76ebc064ac14a8467/element/7D10CCF343D651D78DE18F23F97477D3_element_19/text - {}
RESULT: {}
RESULT: {}
RESULT: {}
RESULT: {}
RESULT: {}
COMMAND: POST /session/edd73b51e5ab10c76ebc064ac14a8467/element/7D10CCF343D651D78DE18F23F97477D3_element_13/elements - {"using":"css selector","value":"th,td"}
RESULT: {"using":"css selector","value":"th,td"}
COMMAND: GET /session/edd73b51e5ab10c76ebc064ac14a8467/element/7D10CCF343D651D78DE18F23F97477D3_element_20/text - {}
RESULT: {}
COMMAND: GET /session/edd73b51e5ab10c76ebc064ac14a8467/element/7D10CCF343D651D78DE18F23F97477D3_element_21/text - {}
RESULT: {}
COMMAND: GET /session/edd73b51e5ab10c76ebc064ac14a8467/element/7D10CCF343D651D78DE18F23F97477D3_element_22/text - {}
RESULT: {}
COMMAND: GET /session/edd73b51e5ab10c76ebc064ac14a8467/element/7D10CCF343D651D78DE18F23F97477D3_element_23/text - {}
RESULT: {}
COMMAND: GET /session/edd73b51e5ab10c76ebc064ac14a8467/element/7D10CCF343D651D78DE18F23F97477D3_element_24/text - {}
RESULT: {}
]]></system-out>
    </testcase>
    <testcase classname="chrome.117_0_5938_132.linux.Invoice_Page_Test.Vendor:_Vendor_Three,Invoice:2005-09" name="should validate quantity events table data" time="1.983">
      <system-out><![CDATA[
COMMAND: POST /session/edd73b51e5ab10c76ebc064ac14a8467/url - {"url":"https://ephenv-vlad-test.btm.dev.account.gov.uk/contracts/3/invoices/2005-09"}
RESULT: {"url":"https://ephenv-vlad-test.btm.dev.account.gov.uk/contracts/3/invoices/2005-09"}
COMMAND: POST /session/edd73b51e5ab10c76ebc064ac14a8467/execute/sync - {"script":"return (() => document.readyState === \"complete\").apply(null, arguments)","args":[]}
RESULT: {"script":"return (() => document.readyState === \"complete\").apply(null, arguments)","args":[]}
COMMAND: GET /session/edd73b51e5ab10c76ebc064ac14a8467/url - {}
RESULT: {}
COMMAND: POST /session/edd73b51e5ab10c76ebc064ac14a8467/element - {"using":"css selector","value":".govuk-heading-xl"}
RESULT: {"using":"css selector","value":".govuk-heading-xl"}
COMMAND: POST /session/edd73b51e5ab10c76ebc064ac14a8467/execute/sync - {"script":"return (function isElementDisplayed(element) {\n    function nodeIsElement(node) {\n        if (!node) {\n            return false;\n        }\n        switch (node.nodeType) {\n            case Node.ELEMEN ... (7807 more bytes)","args":[{"element-6066-11e4-a52e-4f735466cecf":"9B94D3830344CE90D607FAAA093AAEA5_element_27","ELEMENT":"9B94D3830344CE90D607FAAA093AAEA5_element_27"}]}
RESULT: {"script":"return (function isElementDisplayed(element) {\n    function nodeIsElement(node) {\n        if (!node) {\n            return false;\n        }\n        switch (node.nodeType) {\n            case Node.ELEMEN ... (7807 more bytes)","args":[{"element-6066-11e4-a52e-4f735466cecf":"9B94D3830344CE90D607FAAA093AAEA5_element_27","ELEMENT":"9B94D3830344CE90D607FAAA093AAEA5_element_27"}]}
COMMAND: POST /session/edd73b51e5ab10c76ebc064ac14a8467/element - {"using":"css selector","value":".govuk-heading-xl"}
RESULT: {"using":"css selector","value":".govuk-heading-xl"}
COMMAND: GET /session/edd73b51e5ab10c76ebc064ac14a8467/element/9B94D3830344CE90D607FAAA093AAEA5_element_27/text - {}
RESULT: {}
COMMAND: POST /session/edd73b51e5ab10c76ebc064ac14a8467/element - {"using":"xpath","value":".//caption[contains(., \"Quantity (events)\") and not(.//caption)]"}
RESULT: {"using":"xpath","value":".//caption[contains(., \"Quantity (events)\") and not(.//caption)]"}
COMMAND: POST /session/edd73b51e5ab10c76ebc064ac14a8467/execute/sync - {"script":"return (function (elem, id) {\n        return (function parentElement() {\n        return this.parentElement;\n    }).call(elem, id);\n    }).apply(null, arguments)","args":[{"element-6066-11e4-a52e-4f735466cecf":"9B94D3830344CE90D607FAAA093AAEA5_element_28","ELEMENT":"9B94D3830344CE90D607FAAA093AAEA5_element_28"}]}
RESULT: {"script":"return (function (elem, id) {\n        return (function parentElement() {\n        return this.parentElement;\n    }).call(elem, id);\n    }).apply(null, arguments)","args":[{"element-6066-11e4-a52e-4f735466cecf":"9B94D3830344CE90D607FAAA093AAEA5_element_28","ELEMENT":"9B94D3830344CE90D607FAAA093AAEA5_element_28"}]}
COMMAND: POST /session/edd73b51e5ab10c76ebc064ac14a8467/execute/sync - {"script":"return (function isElementDisplayed(element) {\n    function nodeIsElement(node) {\n        if (!node) {\n            return false;\n        }\n        switch (node.nodeType) {\n            case Node.ELEMEN ... (7807 more bytes)","args":[{"element-6066-11e4-a52e-4f735466cecf":"9B94D3830344CE90D607FAAA093AAEA5_element_29","ELEMENT":"9B94D3830344CE90D607FAAA093AAEA5_element_29"}]}
RESULT: {"script":"return (function isElementDisplayed(element) {\n    function nodeIsElement(node) {\n        if (!node) {\n            return false;\n        }\n        switch (node.nodeType) {\n            case Node.ELEMEN ... (7807 more bytes)","args":[{"element-6066-11e4-a52e-4f735466cecf":"9B94D3830344CE90D607FAAA093AAEA5_element_29","ELEMENT":"9B94D3830344CE90D607FAAA093AAEA5_element_29"}]}
COMMAND: POST /session/edd73b51e5ab10c76ebc064ac14a8467/element/9B94D3830344CE90D607FAAA093AAEA5_element_29/elements - {"using":"css selector","value":"tbody tr"}
RESULT: {"using":"css selector","value":"tbody tr"}
COMMAND: POST /session/edd73b51e5ab10c76ebc064ac14a8467/element/9B94D3830344CE90D607FAAA093AAEA5_element_29/element - {"using":"css selector","value":"thead tr"}
RESULT: {"using":"css selector","value":"thead tr"}
COMMAND: POST /session/edd73b51e5ab10c76ebc064ac14a8467/element/9B94D3830344CE90D607FAAA093AAEA5_element_31/elements - {"using":"css selector","value":"th"}
RESULT: {"using":"css selector","value":"th"}
COMMAND: GET /session/edd73b51e5ab10c76ebc064ac14a8467/element/9B94D3830344CE90D607FAAA093AAEA5_element_32/text - {}
COMMAND: GET /session/edd73b51e5ab10c76ebc064ac14a8467/element/9B94D3830344CE90D607FAAA093AAEA5_element_33/text - {}
COMMAND: GET /session/edd73b51e5ab10c76ebc064ac14a8467/element/9B94D3830344CE90D607FAAA093AAEA5_element_35/text - {}
COMMAND: GET /session/edd73b51e5ab10c76ebc064ac14a8467/element/9B94D3830344CE90D607FAAA093AAEA5_element_34/text - {}
RESULT: {}
RESULT: {}
RESULT: {}
RESULT: {}
COMMAND: POST /session/edd73b51e5ab10c76ebc064ac14a8467/element/9B94D3830344CE90D607FAAA093AAEA5_element_30/elements - {"using":"css selector","value":"th,td"}
RESULT: {"using":"css selector","value":"th,td"}
COMMAND: GET /session/edd73b51e5ab10c76ebc064ac14a8467/element/9B94D3830344CE90D607FAAA093AAEA5_element_36/text - {}
RESULT: {}
COMMAND: GET /session/edd73b51e5ab10c76ebc064ac14a8467/element/9B94D3830344CE90D607FAAA093AAEA5_element_37/text - {}
RESULT: {}
COMMAND: GET /session/edd73b51e5ab10c76ebc064ac14a8467/element/9B94D3830344CE90D607FAAA093AAEA5_element_38/text - {}
RESULT: {}
COMMAND: GET /session/edd73b51e5ab10c76ebc064ac14a8467/element/9B94D3830344CE90D607FAAA093AAEA5_element_39/text - {}
RESULT: {}
]]></system-out>
    </testcase>
    <testcase classname="chrome.117_0_5938_132.linux.Invoice_Page_Test.Vendor:_Vendor_Three,Invoice:2005-09" name="should validate price table data" time="0.763">
      <system-out><![CDATA[
COMMAND: POST /session/edd73b51e5ab10c76ebc064ac14a8467/url - {"url":"https://ephenv-vlad-test.btm.dev.account.gov.uk/contracts/3/invoices/2005-09"}
RESULT: {"url":"https://ephenv-vlad-test.btm.dev.account.gov.uk/contracts/3/invoices/2005-09"}
COMMAND: POST /session/edd73b51e5ab10c76ebc064ac14a8467/execute/sync - {"script":"return (() => document.readyState === \"complete\").apply(null, arguments)","args":[]}
RESULT: {"script":"return (() => document.readyState === \"complete\").apply(null, arguments)","args":[]}
COMMAND: GET /session/edd73b51e5ab10c76ebc064ac14a8467/url - {}
RESULT: {}
COMMAND: POST /session/edd73b51e5ab10c76ebc064ac14a8467/element - {"using":"css selector","value":".govuk-heading-xl"}
RESULT: {"using":"css selector","value":".govuk-heading-xl"}
COMMAND: POST /session/edd73b51e5ab10c76ebc064ac14a8467/execute/sync - {"script":"return (function isElementDisplayed(element) {\n    function nodeIsElement(node) {\n        if (!node) {\n            return false;\n        }\n        switch (node.nodeType) {\n            case Node.ELEMEN ... (7807 more bytes)","args":[{"element-6066-11e4-a52e-4f735466cecf":"15616BDFC7514E0B4546D2F46A127825_element_42","ELEMENT":"15616BDFC7514E0B4546D2F46A127825_element_42"}]}
RESULT: {"script":"return (function isElementDisplayed(element) {\n    function nodeIsElement(node) {\n        if (!node) {\n            return false;\n        }\n        switch (node.nodeType) {\n            case Node.ELEMEN ... (7807 more bytes)","args":[{"element-6066-11e4-a52e-4f735466cecf":"15616BDFC7514E0B4546D2F46A127825_element_42","ELEMENT":"15616BDFC7514E0B4546D2F46A127825_element_42"}]}
COMMAND: POST /session/edd73b51e5ab10c76ebc064ac14a8467/element - {"using":"css selector","value":".govuk-heading-xl"}
RESULT: {"using":"css selector","value":".govuk-heading-xl"}
COMMAND: GET /session/edd73b51e5ab10c76ebc064ac14a8467/element/15616BDFC7514E0B4546D2F46A127825_element_42/text - {}
RESULT: {}
COMMAND: POST /session/edd73b51e5ab10c76ebc064ac14a8467/element - {"using":"xpath","value":".//caption[contains(., \"Price\") and not(.//caption)]"}
RESULT: {"using":"xpath","value":".//caption[contains(., \"Price\") and not(.//caption)]"}
COMMAND: POST /session/edd73b51e5ab10c76ebc064ac14a8467/execute/sync - {"script":"return (function (elem, id) {\n        return (function parentElement() {\n        return this.parentElement;\n    }).call(elem, id);\n    }).apply(null, arguments)","args":[{"element-6066-11e4-a52e-4f735466cecf":"15616BDFC7514E0B4546D2F46A127825_element_43","ELEMENT":"15616BDFC7514E0B4546D2F46A127825_element_43"}]}
RESULT: {"script":"return (function (elem, id) {\n        return (function parentElement() {\n        return this.parentElement;\n    }).call(elem, id);\n    }).apply(null, arguments)","args":[{"element-6066-11e4-a52e-4f735466cecf":"15616BDFC7514E0B4546D2F46A127825_element_43","ELEMENT":"15616BDFC7514E0B4546D2F46A127825_element_43"}]}
COMMAND: POST /session/edd73b51e5ab10c76ebc064ac14a8467/execute/sync - {"script":"return (function isElementDisplayed(element) {\n    function nodeIsElement(node) {\n        if (!node) {\n            return false;\n        }\n        switch (node.nodeType) {\n            case Node.ELEMEN ... (7807 more bytes)","args":[{"element-6066-11e4-a52e-4f735466cecf":"15616BDFC7514E0B4546D2F46A127825_element_44","ELEMENT":"15616BDFC7514E0B4546D2F46A127825_element_44"}]}
RESULT: {"script":"return (function isElementDisplayed(element) {\n    function nodeIsElement(node) {\n        if (!node) {\n            return false;\n        }\n        switch (node.nodeType) {\n            case Node.ELEMEN ... (7807 more bytes)","args":[{"element-6066-11e4-a52e-4f735466cecf":"15616BDFC7514E0B4546D2F46A127825_element_44","ELEMENT":"15616BDFC7514E0B4546D2F46A127825_element_44"}]}
COMMAND: POST /session/edd73b51e5ab10c76ebc064ac14a8467/element/15616BDFC7514E0B4546D2F46A127825_element_44/elements - {"using":"css selector","value":"tbody tr"}
RESULT: {"using":"css selector","value":"tbody tr"}
COMMAND: POST /session/edd73b51e5ab10c76ebc064ac14a8467/element/15616BDFC7514E0B4546D2F46A127825_element_44/element - {"using":"css selector","value":"thead tr"}
RESULT: {"using":"css selector","value":"thead tr"}
COMMAND: POST /session/edd73b51e5ab10c76ebc064ac14a8467/element/15616BDFC7514E0B4546D2F46A127825_element_46/elements - {"using":"css selector","value":"th"}
RESULT: {"using":"css selector","value":"th"}
COMMAND: GET /session/edd73b51e5ab10c76ebc064ac14a8467/element/15616BDFC7514E0B4546D2F46A127825_element_47/text - {}
COMMAND: GET /session/edd73b51e5ab10c76ebc064ac14a8467/element/15616BDFC7514E0B4546D2F46A127825_element_48/text - {}
COMMAND: GET /session/edd73b51e5ab10c76ebc064ac14a8467/element/15616BDFC7514E0B4546D2F46A127825_element_50/text - {}
COMMAND: GET /session/edd73b51e5ab10c76ebc064ac14a8467/element/15616BDFC7514E0B4546D2F46A127825_element_49/text - {}
RESULT: {}
RESULT: {}
RESULT: {}
RESULT: {}
COMMAND: POST /session/edd73b51e5ab10c76ebc064ac14a8467/element/15616BDFC7514E0B4546D2F46A127825_element_45/elements - {"using":"css selector","value":"th,td"}
RESULT: {"using":"css selector","value":"th,td"}
COMMAND: GET /session/edd73b51e5ab10c76ebc064ac14a8467/element/15616BDFC7514E0B4546D2F46A127825_element_51/text - {}
RESULT: {}
COMMAND: GET /session/edd73b51e5ab10c76ebc064ac14a8467/element/15616BDFC7514E0B4546D2F46A127825_element_52/text - {}
RESULT: {}
COMMAND: GET /session/edd73b51e5ab10c76ebc064ac14a8467/element/15616BDFC7514E0B4546D2F46A127825_element_53/text - {}
RESULT: {}
COMMAND: GET /session/edd73b51e5ab10c76ebc064ac14a8467/element/15616BDFC7514E0B4546D2F46A127825_element_54/text - {}
RESULT: {}
]]></system-out>
    </testcase>
    <testcase classname="chrome.117_0_5938_132.linux.Invoice_Page_Test.Vendor:_Vendor_Three,Invoice:2005-09" name="should validate measured events table data" time="1.211">
      <system-out><![CDATA[
COMMAND: POST /session/edd73b51e5ab10c76ebc064ac14a8467/url - {"url":"https://ephenv-vlad-test.btm.dev.account.gov.uk/contracts/3/invoices/2005-09"}
RESULT: {"url":"https://ephenv-vlad-test.btm.dev.account.gov.uk/contracts/3/invoices/2005-09"}
COMMAND: POST /session/edd73b51e5ab10c76ebc064ac14a8467/execute/sync - {"script":"return (() => document.readyState === \"complete\").apply(null, arguments)","args":[]}
RESULT: {"script":"return (() => document.readyState === \"complete\").apply(null, arguments)","args":[]}
COMMAND: GET /session/edd73b51e5ab10c76ebc064ac14a8467/url - {}
RESULT: {}
COMMAND: POST /session/edd73b51e5ab10c76ebc064ac14a8467/element - {"using":"css selector","value":".govuk-heading-xl"}
RESULT: {"using":"css selector","value":".govuk-heading-xl"}
COMMAND: POST /session/edd73b51e5ab10c76ebc064ac14a8467/execute/sync - {"script":"return (function isElementDisplayed(element) {\n    function nodeIsElement(node) {\n        if (!node) {\n            return false;\n        }\n        switch (node.nodeType) {\n            case Node.ELEMEN ... (7807 more bytes)","args":[{"element-6066-11e4-a52e-4f735466cecf":"BEDCAF6CF8F4089353D3E3C5ED1AC6EE_element_57","ELEMENT":"BEDCAF6CF8F4089353D3E3C5ED1AC6EE_element_57"}]}
RESULT: {"script":"return (function isElementDisplayed(element) {\n    function nodeIsElement(node) {\n        if (!node) {\n            return false;\n        }\n        switch (node.nodeType) {\n            case Node.ELEMEN ... (7807 more bytes)","args":[{"element-6066-11e4-a52e-4f735466cecf":"BEDCAF6CF8F4089353D3E3C5ED1AC6EE_element_57","ELEMENT":"BEDCAF6CF8F4089353D3E3C5ED1AC6EE_element_57"}]}
COMMAND: POST /session/edd73b51e5ab10c76ebc064ac14a8467/element - {"using":"css selector","value":".govuk-heading-xl"}
RESULT: {"using":"css selector","value":".govuk-heading-xl"}
COMMAND: GET /session/edd73b51e5ab10c76ebc064ac14a8467/element/BEDCAF6CF8F4089353D3E3C5ED1AC6EE_element_57/text - {}
RESULT: {}
COMMAND: POST /session/edd73b51e5ab10c76ebc064ac14a8467/element - {"using":"xpath","value":".//caption[contains(., \"Measured (events)\") and not(.//caption)]"}
RESULT: {"using":"xpath","value":".//caption[contains(., \"Measured (events)\") and not(.//caption)]"}
COMMAND: POST /session/edd73b51e5ab10c76ebc064ac14a8467/execute/sync - {"script":"return (function (elem, id) {\n        return (function parentElement() {\n        return this.parentElement;\n    }).call(elem, id);\n    }).apply(null, arguments)","args":[{"element-6066-11e4-a52e-4f735466cecf":"BEDCAF6CF8F4089353D3E3C5ED1AC6EE_element_58","ELEMENT":"BEDCAF6CF8F4089353D3E3C5ED1AC6EE_element_58"}]}
RESULT: {"script":"return (function (elem, id) {\n        return (function parentElement() {\n        return this.parentElement;\n    }).call(elem, id);\n    }).apply(null, arguments)","args":[{"element-6066-11e4-a52e-4f735466cecf":"BEDCAF6CF8F4089353D3E3C5ED1AC6EE_element_58","ELEMENT":"BEDCAF6CF8F4089353D3E3C5ED1AC6EE_element_58"}]}
COMMAND: POST /session/edd73b51e5ab10c76ebc064ac14a8467/execute/sync - {"script":"return (function isElementDisplayed(element) {\n    function nodeIsElement(node) {\n        if (!node) {\n            return false;\n        }\n        switch (node.nodeType) {\n            case Node.ELEMEN ... (7807 more bytes)","args":[{"element-6066-11e4-a52e-4f735466cecf":"BEDCAF6CF8F4089353D3E3C5ED1AC6EE_element_59","ELEMENT":"BEDCAF6CF8F4089353D3E3C5ED1AC6EE_element_59"}]}
RESULT: {"script":"return (function isElementDisplayed(element) {\n    function nodeIsElement(node) {\n        if (!node) {\n            return false;\n        }\n        switch (node.nodeType) {\n            case Node.ELEMEN ... (7807 more bytes)","args":[{"element-6066-11e4-a52e-4f735466cecf":"BEDCAF6CF8F4089353D3E3C5ED1AC6EE_element_59","ELEMENT":"BEDCAF6CF8F4089353D3E3C5ED1AC6EE_element_59"}]}
COMMAND: POST /session/edd73b51e5ab10c76ebc064ac14a8467/element/BEDCAF6CF8F4089353D3E3C5ED1AC6EE_element_59/elements - {"using":"css selector","value":"tbody tr"}
RESULT: {"using":"css selector","value":"tbody tr"}
COMMAND: POST /session/edd73b51e5ab10c76ebc064ac14a8467/element/BEDCAF6CF8F4089353D3E3C5ED1AC6EE_element_59/element - {"using":"css selector","value":"thead tr"}
RESULT: {"using":"css selector","value":"thead tr"}
COMMAND: POST /session/edd73b51e5ab10c76ebc064ac14a8467/element/BEDCAF6CF8F4089353D3E3C5ED1AC6EE_element_61/elements - {"using":"css selector","value":"th"}
RESULT: {"using":"css selector","value":"th"}
COMMAND: GET /session/edd73b51e5ab10c76ebc064ac14a8467/element/BEDCAF6CF8F4089353D3E3C5ED1AC6EE_element_62/text - {}
COMMAND: GET /session/edd73b51e5ab10c76ebc064ac14a8467/element/BEDCAF6CF8F4089353D3E3C5ED1AC6EE_element_63/text - {}
RESULT: {}
RESULT: {}
COMMAND: POST /session/edd73b51e5ab10c76ebc064ac14a8467/element/BEDCAF6CF8F4089353D3E3C5ED1AC6EE_element_60/elements - {"using":"css selector","value":"th,td"}
RESULT: {"using":"css selector","value":"th,td"}
COMMAND: GET /session/edd73b51e5ab10c76ebc064ac14a8467/element/BEDCAF6CF8F4089353D3E3C5ED1AC6EE_element_64/text - {}
RESULT: {}
COMMAND: GET /session/edd73b51e5ab10c76ebc064ac14a8467/element/BEDCAF6CF8F4089353D3E3C5ED1AC6EE_element_65/text - {}
RESULT: {}
]]></system-out>
    </testcase>
    <testcase classname="chrome.117_0_5938_132.linux.Invoice_Page_Test.Vendor:_Vendor_Three,Invoice:2005-09" name="should validate invoice table data" time="0.712">
      <system-out><![CDATA[
COMMAND: POST /session/edd73b51e5ab10c76ebc064ac14a8467/url - {"url":"https://ephenv-vlad-test.btm.dev.account.gov.uk/contracts/3/invoices/2005-09"}
RESULT: {"url":"https://ephenv-vlad-test.btm.dev.account.gov.uk/contracts/3/invoices/2005-09"}
COMMAND: POST /session/edd73b51e5ab10c76ebc064ac14a8467/execute/sync - {"script":"return (() => document.readyState === \"complete\").apply(null, arguments)","args":[]}
RESULT: {"script":"return (() => document.readyState === \"complete\").apply(null, arguments)","args":[]}
COMMAND: GET /session/edd73b51e5ab10c76ebc064ac14a8467/url - {}
RESULT: {}
COMMAND: POST /session/edd73b51e5ab10c76ebc064ac14a8467/element - {"using":"css selector","value":".govuk-heading-xl"}
RESULT: {"using":"css selector","value":".govuk-heading-xl"}
COMMAND: POST /session/edd73b51e5ab10c76ebc064ac14a8467/execute/sync - {"script":"return (function isElementDisplayed(element) {\n    function nodeIsElement(node) {\n        if (!node) {\n            return false;\n        }\n        switch (node.nodeType) {\n            case Node.ELEMEN ... (7807 more bytes)","args":[{"element-6066-11e4-a52e-4f735466cecf":"15BA9CCF913E1BDE6AF6E1DCAA76743E_element_68","ELEMENT":"15BA9CCF913E1BDE6AF6E1DCAA76743E_element_68"}]}
RESULT: {"script":"return (function isElementDisplayed(element) {\n    function nodeIsElement(node) {\n        if (!node) {\n            return false;\n        }\n        switch (node.nodeType) {\n            case Node.ELEMEN ... (7807 more bytes)","args":[{"element-6066-11e4-a52e-4f735466cecf":"15BA9CCF913E1BDE6AF6E1DCAA76743E_element_68","ELEMENT":"15BA9CCF913E1BDE6AF6E1DCAA76743E_element_68"}]}
COMMAND: POST /session/edd73b51e5ab10c76ebc064ac14a8467/element - {"using":"css selector","value":".govuk-heading-xl"}
RESULT: {"using":"css selector","value":".govuk-heading-xl"}
COMMAND: GET /session/edd73b51e5ab10c76ebc064ac14a8467/element/15BA9CCF913E1BDE6AF6E1DCAA76743E_element_68/text - {}
RESULT: {}
COMMAND: POST /session/edd73b51e5ab10c76ebc064ac14a8467/element - {"using":"xpath","value":".//caption[contains(., \"Invoice\") and not(.//caption)]"}
RESULT: {"using":"xpath","value":".//caption[contains(., \"Invoice\") and not(.//caption)]"}
COMMAND: POST /session/edd73b51e5ab10c76ebc064ac14a8467/execute/sync - {"script":"return (function (elem, id) {\n        return (function parentElement() {\n        return this.parentElement;\n    }).call(elem, id);\n    }).apply(null, arguments)","args":[{"element-6066-11e4-a52e-4f735466cecf":"15BA9CCF913E1BDE6AF6E1DCAA76743E_element_69","ELEMENT":"15BA9CCF913E1BDE6AF6E1DCAA76743E_element_69"}]}
RESULT: {"script":"return (function (elem, id) {\n        return (function parentElement() {\n        return this.parentElement;\n    }).call(elem, id);\n    }).apply(null, arguments)","args":[{"element-6066-11e4-a52e-4f735466cecf":"15BA9CCF913E1BDE6AF6E1DCAA76743E_element_69","ELEMENT":"15BA9CCF913E1BDE6AF6E1DCAA76743E_element_69"}]}
COMMAND: POST /session/edd73b51e5ab10c76ebc064ac14a8467/execute/sync - {"script":"return (function isElementDisplayed(element) {\n    function nodeIsElement(node) {\n        if (!node) {\n            return false;\n        }\n        switch (node.nodeType) {\n            case Node.ELEMEN ... (7807 more bytes)","args":[{"element-6066-11e4-a52e-4f735466cecf":"15BA9CCF913E1BDE6AF6E1DCAA76743E_element_70","ELEMENT":"15BA9CCF913E1BDE6AF6E1DCAA76743E_element_70"}]}
RESULT: {"script":"return (function isElementDisplayed(element) {\n    function nodeIsElement(node) {\n        if (!node) {\n            return false;\n        }\n        switch (node.nodeType) {\n            case Node.ELEMEN ... (7807 more bytes)","args":[{"element-6066-11e4-a52e-4f735466cecf":"15BA9CCF913E1BDE6AF6E1DCAA76743E_element_70","ELEMENT":"15BA9CCF913E1BDE6AF6E1DCAA76743E_element_70"}]}
COMMAND: POST /session/edd73b51e5ab10c76ebc064ac14a8467/element/15BA9CCF913E1BDE6AF6E1DCAA76743E_element_70/elements - {"using":"css selector","value":"tbody tr"}
RESULT: {"using":"css selector","value":"tbody tr"}
COMMAND: POST /session/edd73b51e5ab10c76ebc064ac14a8467/element/15BA9CCF913E1BDE6AF6E1DCAA76743E_element_70/element - {"using":"css selector","value":"thead tr"}
RESULT: {"using":"css selector","value":"thead tr"}
COMMAND: POST /session/edd73b51e5ab10c76ebc064ac14a8467/element/15BA9CCF913E1BDE6AF6E1DCAA76743E_element_73/elements - {"using":"css selector","value":"th"}
RESULT: {"using":"css selector","value":"th"}
COMMAND: GET /session/edd73b51e5ab10c76ebc064ac14a8467/element/15BA9CCF913E1BDE6AF6E1DCAA76743E_element_74/text - {}
COMMAND: GET /session/edd73b51e5ab10c76ebc064ac14a8467/element/15BA9CCF913E1BDE6AF6E1DCAA76743E_element_75/text - {}
COMMAND: GET /session/edd73b51e5ab10c76ebc064ac14a8467/element/15BA9CCF913E1BDE6AF6E1DCAA76743E_element_77/text - {}
COMMAND: GET /session/edd73b51e5ab10c76ebc064ac14a8467/element/15BA9CCF913E1BDE6AF6E1DCAA76743E_element_76/text - {}
COMMAND: GET /session/edd73b51e5ab10c76ebc064ac14a8467/element/15BA9CCF913E1BDE6AF6E1DCAA76743E_element_78/text - {}
RESULT: {}
RESULT: {}
RESULT: {}
RESULT: {}
RESULT: {}
COMMAND: POST /session/edd73b51e5ab10c76ebc064ac14a8467/element/15BA9CCF913E1BDE6AF6E1DCAA76743E_element_71/elements - {"using":"css selector","value":"th,td"}
RESULT: {"using":"css selector","value":"th,td"}
COMMAND: GET /session/edd73b51e5ab10c76ebc064ac14a8467/element/15BA9CCF913E1BDE6AF6E1DCAA76743E_element_79/text - {}
RESULT: {}
COMMAND: GET /session/edd73b51e5ab10c76ebc064ac14a8467/element/15BA9CCF913E1BDE6AF6E1DCAA76743E_element_80/text - {}
RESULT: {}
COMMAND: GET /session/edd73b51e5ab10c76ebc064ac14a8467/element/15BA9CCF913E1BDE6AF6E1DCAA76743E_element_81/text - {}
RESULT: {}
COMMAND: GET /session/edd73b51e5ab10c76ebc064ac14a8467/element/15BA9CCF913E1BDE6AF6E1DCAA76743E_element_82/text - {}
RESULT: {}
COMMAND: GET /session/edd73b51e5ab10c76ebc064ac14a8467/element/15BA9CCF913E1BDE6AF6E1DCAA76743E_element_83/text - {}
RESULT: {}
COMMAND: POST /session/edd73b51e5ab10c76ebc064ac14a8467/element/15BA9CCF913E1BDE6AF6E1DCAA76743E_element_72/elements - {"using":"css selector","value":"th,td"}
RESULT: {"using":"css selector","value":"th,td"}
COMMAND: GET /session/edd73b51e5ab10c76ebc064ac14a8467/element/15BA9CCF913E1BDE6AF6E1DCAA76743E_element_84/text - {}
RESULT: {}
COMMAND: GET /session/edd73b51e5ab10c76ebc064ac14a8467/element/15BA9CCF913E1BDE6AF6E1DCAA76743E_element_85/text - {}
RESULT: {}
COMMAND: GET /session/edd73b51e5ab10c76ebc064ac14a8467/element/15BA9CCF913E1BDE6AF6E1DCAA76743E_element_86/text - {}
RESULT: {}
COMMAND: GET /session/edd73b51e5ab10c76ebc064ac14a8467/element/15BA9CCF913E1BDE6AF6E1DCAA76743E_element_87/text - {}
RESULT: {}
COMMAND: GET /session/edd73b51e5ab10c76ebc064ac14a8467/element/15BA9CCF913E1BDE6AF6E1DCAA76743E_element_88/text - {}
RESULT: {}
]]></system-out>
    </testcase>
  </testsuite>
  <testsuite name="Vendor Vendor Three Invoice 2023 03" timestamp="2023-10-16T10:13:33" time="5.551" tests="6" failures="0" errors="0" skipped="0">
    <properties>
      <property name="specId" value="0"/>
      <property name="suiteName" value="Vendor: Vendor Three,Invoice:2023-03"/>
      <property name="capabilities" value="chrome.117_0_5938_132.linux"/>
      <property name="file" value="file://./ui-tests/specs/invoice.spec.ts"/>
    </properties>
    <testcase classname="chrome.117_0_5938_132.linux.Invoice_Page_Test.Vendor:_Vendor_Three,Invoice:2023-03" name="should display correct status banner color and message" time="0.839">
      <system-out><![CDATA[
COMMAND: POST /session/edd73b51e5ab10c76ebc064ac14a8467/url - {"url":"https://ephenv-vlad-test.btm.dev.account.gov.uk/contracts/3/invoices/2023-03"}
RESULT: {"url":"https://ephenv-vlad-test.btm.dev.account.gov.uk/contracts/3/invoices/2023-03"}
COMMAND: POST /session/edd73b51e5ab10c76ebc064ac14a8467/execute/sync - {"script":"return (() => document.readyState === \"complete\").apply(null, arguments)","args":[]}
RESULT: {"script":"return (() => document.readyState === \"complete\").apply(null, arguments)","args":[]}
COMMAND: GET /session/edd73b51e5ab10c76ebc064ac14a8467/url - {}
RESULT: {}
COMMAND: POST /session/edd73b51e5ab10c76ebc064ac14a8467/element - {"using":"css selector","value":".govuk-heading-xl"}
RESULT: {"using":"css selector","value":".govuk-heading-xl"}
COMMAND: POST /session/edd73b51e5ab10c76ebc064ac14a8467/execute/sync - {"script":"return (function isElementDisplayed(element) {\n    function nodeIsElement(node) {\n        if (!node) {\n            return false;\n        }\n        switch (node.nodeType) {\n            case Node.ELEMEN ... (7807 more bytes)","args":[{"element-6066-11e4-a52e-4f735466cecf":"9FA23CF09632880D4CF8B4136B554AFD_element_93","ELEMENT":"9FA23CF09632880D4CF8B4136B554AFD_element_93"}]}
RESULT: {"script":"return (function isElementDisplayed(element) {\n    function nodeIsElement(node) {\n        if (!node) {\n            return false;\n        }\n        switch (node.nodeType) {\n            case Node.ELEMEN ... (7807 more bytes)","args":[{"element-6066-11e4-a52e-4f735466cecf":"9FA23CF09632880D4CF8B4136B554AFD_element_93","ELEMENT":"9FA23CF09632880D4CF8B4136B554AFD_element_93"}]}
COMMAND: POST /session/edd73b51e5ab10c76ebc064ac14a8467/element - {"using":"css selector","value":".govuk-heading-xl"}
RESULT: {"using":"css selector","value":".govuk-heading-xl"}
COMMAND: GET /session/edd73b51e5ab10c76ebc064ac14a8467/element/9FA23CF09632880D4CF8B4136B554AFD_element_93/text - {}
RESULT: {}
COMMAND: POST /session/edd73b51e5ab10c76ebc064ac14a8467/element - {"using":"css selector","value":"h2.govuk-panel__title"}
RESULT: {"using":"css selector","value":"h2.govuk-panel__title"}
COMMAND: POST /session/edd73b51e5ab10c76ebc064ac14a8467/execute/sync - {"script":"return (function isElementDisplayed(element) {\n    function nodeIsElement(node) {\n        if (!node) {\n            return false;\n        }\n        switch (node.nodeType) {\n            case Node.ELEMEN ... (7807 more bytes)","args":[{"element-6066-11e4-a52e-4f735466cecf":"9FA23CF09632880D4CF8B4136B554AFD_element_94","ELEMENT":"9FA23CF09632880D4CF8B4136B554AFD_element_94"}]}
RESULT: {"script":"return (function isElementDisplayed(element) {\n    function nodeIsElement(node) {\n        if (!node) {\n            return false;\n        }\n        switch (node.nodeType) {\n            case Node.ELEMEN ... (7807 more bytes)","args":[{"element-6066-11e4-a52e-4f735466cecf":"9FA23CF09632880D4CF8B4136B554AFD_element_94","ELEMENT":"9FA23CF09632880D4CF8B4136B554AFD_element_94"}]}
COMMAND: POST /session/edd73b51e5ab10c76ebc064ac14a8467/element - {"using":"css selector","value":"h2.govuk-panel__title"}
RESULT: {"using":"css selector","value":"h2.govuk-panel__title"}
COMMAND: GET /session/edd73b51e5ab10c76ebc064ac14a8467/element/9FA23CF09632880D4CF8B4136B554AFD_element_94/text - {}
RESULT: {}
COMMAND: POST /session/edd73b51e5ab10c76ebc064ac14a8467/element - {"using":"css selector","value":".govuk-panel"}
RESULT: {"using":"css selector","value":".govuk-panel"}
COMMAND: POST /session/edd73b51e5ab10c76ebc064ac14a8467/execute/sync - {"script":"return (function isElementDisplayed(element) {\n    function nodeIsElement(node) {\n        if (!node) {\n            return false;\n        }\n        switch (node.nodeType) {\n            case Node.ELEMEN ... (7807 more bytes)","args":[{"element-6066-11e4-a52e-4f735466cecf":"9FA23CF09632880D4CF8B4136B554AFD_element_91","ELEMENT":"9FA23CF09632880D4CF8B4136B554AFD_element_91"}]}
RESULT: {"script":"return (function isElementDisplayed(element) {\n    function nodeIsElement(node) {\n        if (!node) {\n            return false;\n        }\n        switch (node.nodeType) {\n            case Node.ELEMEN ... (7807 more bytes)","args":[{"element-6066-11e4-a52e-4f735466cecf":"9FA23CF09632880D4CF8B4136B554AFD_element_91","ELEMENT":"9FA23CF09632880D4CF8B4136B554AFD_element_91"}]}
COMMAND: GET /session/edd73b51e5ab10c76ebc064ac14a8467/element/9FA23CF09632880D4CF8B4136B554AFD_element_91/css/background-color - {}
RESULT: {}
]]></system-out>
    </testcase>
    <testcase classname="chrome.117_0_5938_132.linux.Invoice_Page_Test.Vendor:_Vendor_Three,Invoice:2023-03" name="should validate reconciliation table data" time="0.96">
      <system-out><![CDATA[
COMMAND: POST /session/edd73b51e5ab10c76ebc064ac14a8467/url - {"url":"https://ephenv-vlad-test.btm.dev.account.gov.uk/contracts/3/invoices/2023-03"}
RESULT: {"url":"https://ephenv-vlad-test.btm.dev.account.gov.uk/contracts/3/invoices/2023-03"}
COMMAND: POST /session/edd73b51e5ab10c76ebc064ac14a8467/execute/sync - {"script":"return (() => document.readyState === \"complete\").apply(null, arguments)","args":[]}
RESULT: {"script":"return (() => document.readyState === \"complete\").apply(null, arguments)","args":[]}
COMMAND: GET /session/edd73b51e5ab10c76ebc064ac14a8467/url - {}
RESULT: {}
COMMAND: POST /session/edd73b51e5ab10c76ebc064ac14a8467/element - {"using":"css selector","value":".govuk-heading-xl"}
RESULT: {"using":"css selector","value":".govuk-heading-xl"}
COMMAND: POST /session/edd73b51e5ab10c76ebc064ac14a8467/execute/sync - {"script":"return (function isElementDisplayed(element) {\n    function nodeIsElement(node) {\n        if (!node) {\n            return false;\n        }\n        switch (node.nodeType) {\n            case Node.ELEMEN ... (7807 more bytes)","args":[{"element-6066-11e4-a52e-4f735466cecf":"B6AF3AF379C8715F68428F4C08A29F3F_element_99","ELEMENT":"B6AF3AF379C8715F68428F4C08A29F3F_element_99"}]}
RESULT: {"script":"return (function isElementDisplayed(element) {\n    function nodeIsElement(node) {\n        if (!node) {\n            return false;\n        }\n        switch (node.nodeType) {\n            case Node.ELEMEN ... (7807 more bytes)","args":[{"element-6066-11e4-a52e-4f735466cecf":"B6AF3AF379C8715F68428F4C08A29F3F_element_99","ELEMENT":"B6AF3AF379C8715F68428F4C08A29F3F_element_99"}]}
COMMAND: POST /session/edd73b51e5ab10c76ebc064ac14a8467/element - {"using":"css selector","value":".govuk-heading-xl"}
RESULT: {"using":"css selector","value":".govuk-heading-xl"}
COMMAND: GET /session/edd73b51e5ab10c76ebc064ac14a8467/element/B6AF3AF379C8715F68428F4C08A29F3F_element_99/text - {}
RESULT: {}
COMMAND: POST /session/edd73b51e5ab10c76ebc064ac14a8467/element - {"using":"xpath","value":".//caption[contains(., \"Reconciliation\") and not(.//caption)]"}
RESULT: {"using":"xpath","value":".//caption[contains(., \"Reconciliation\") and not(.//caption)]"}
COMMAND: POST /session/edd73b51e5ab10c76ebc064ac14a8467/execute/sync - {"script":"return (function (elem, id) {\n        return (function parentElement() {\n        return this.parentElement;\n    }).call(elem, id);\n    }).apply(null, arguments)","args":[{"element-6066-11e4-a52e-4f735466cecf":"B6AF3AF379C8715F68428F4C08A29F3F_element_100","ELEMENT":"B6AF3AF379C8715F68428F4C08A29F3F_element_100"}]}
RESULT: {"script":"return (function (elem, id) {\n        return (function parentElement() {\n        return this.parentElement;\n    }).call(elem, id);\n    }).apply(null, arguments)","args":[{"element-6066-11e4-a52e-4f735466cecf":"B6AF3AF379C8715F68428F4C08A29F3F_element_100","ELEMENT":"B6AF3AF379C8715F68428F4C08A29F3F_element_100"}]}
COMMAND: POST /session/edd73b51e5ab10c76ebc064ac14a8467/execute/sync - {"script":"return (function isElementDisplayed(element) {\n    function nodeIsElement(node) {\n        if (!node) {\n            return false;\n        }\n        switch (node.nodeType) {\n            case Node.ELEMEN ... (7807 more bytes)","args":[{"element-6066-11e4-a52e-4f735466cecf":"B6AF3AF379C8715F68428F4C08A29F3F_element_98","ELEMENT":"B6AF3AF379C8715F68428F4C08A29F3F_element_98"}]}
RESULT: {"script":"return (function isElementDisplayed(element) {\n    function nodeIsElement(node) {\n        if (!node) {\n            return false;\n        }\n        switch (node.nodeType) {\n            case Node.ELEMEN ... (7807 more bytes)","args":[{"element-6066-11e4-a52e-4f735466cecf":"B6AF3AF379C8715F68428F4C08A29F3F_element_98","ELEMENT":"B6AF3AF379C8715F68428F4C08A29F3F_element_98"}]}
COMMAND: POST /session/edd73b51e5ab10c76ebc064ac14a8467/element/B6AF3AF379C8715F68428F4C08A29F3F_element_98/elements - {"using":"css selector","value":"tbody tr"}
RESULT: {"using":"css selector","value":"tbody tr"}
COMMAND: POST /session/edd73b51e5ab10c76ebc064ac14a8467/element/B6AF3AF379C8715F68428F4C08A29F3F_element_98/element - {"using":"css selector","value":"thead tr"}
RESULT: {"using":"css selector","value":"thead tr"}
COMMAND: POST /session/edd73b51e5ab10c76ebc064ac14a8467/element/B6AF3AF379C8715F68428F4C08A29F3F_element_103/elements - {"using":"css selector","value":"th"}
RESULT: {"using":"css selector","value":"th"}
COMMAND: GET /session/edd73b51e5ab10c76ebc064ac14a8467/element/B6AF3AF379C8715F68428F4C08A29F3F_element_104/text - {}
COMMAND: GET /session/edd73b51e5ab10c76ebc064ac14a8467/element/B6AF3AF379C8715F68428F4C08A29F3F_element_105/text - {}
COMMAND: GET /session/edd73b51e5ab10c76ebc064ac14a8467/element/B6AF3AF379C8715F68428F4C08A29F3F_element_107/text - {}
COMMAND: GET /session/edd73b51e5ab10c76ebc064ac14a8467/element/B6AF3AF379C8715F68428F4C08A29F3F_element_106/text - {}
COMMAND: GET /session/edd73b51e5ab10c76ebc064ac14a8467/element/B6AF3AF379C8715F68428F4C08A29F3F_element_108/text - {}
RESULT: {}
RESULT: {}
RESULT: {}
RESULT: {}
RESULT: {}
COMMAND: POST /session/edd73b51e5ab10c76ebc064ac14a8467/element/B6AF3AF379C8715F68428F4C08A29F3F_element_101/elements - {"using":"css selector","value":"th,td"}
RESULT: {"using":"css selector","value":"th,td"}
COMMAND: GET /session/edd73b51e5ab10c76ebc064ac14a8467/element/B6AF3AF379C8715F68428F4C08A29F3F_element_109/text - {}
RESULT: {}
COMMAND: GET /session/edd73b51e5ab10c76ebc064ac14a8467/element/B6AF3AF379C8715F68428F4C08A29F3F_element_110/text - {}
RESULT: {}
COMMAND: GET /session/edd73b51e5ab10c76ebc064ac14a8467/element/B6AF3AF379C8715F68428F4C08A29F3F_element_111/text - {}
RESULT: {}
COMMAND: GET /session/edd73b51e5ab10c76ebc064ac14a8467/element/B6AF3AF379C8715F68428F4C08A29F3F_element_112/text - {}
RESULT: {}
COMMAND: GET /session/edd73b51e5ab10c76ebc064ac14a8467/element/B6AF3AF379C8715F68428F4C08A29F3F_element_113/text - {}
RESULT: {}
COMMAND: POST /session/edd73b51e5ab10c76ebc064ac14a8467/element/B6AF3AF379C8715F68428F4C08A29F3F_element_102/elements - {"using":"css selector","value":"th,td"}
RESULT: {"using":"css selector","value":"th,td"}
COMMAND: GET /session/edd73b51e5ab10c76ebc064ac14a8467/element/B6AF3AF379C8715F68428F4C08A29F3F_element_114/text - {}
RESULT: {}
COMMAND: GET /session/edd73b51e5ab10c76ebc064ac14a8467/element/B6AF3AF379C8715F68428F4C08A29F3F_element_115/text - {}
RESULT: {}
COMMAND: GET /session/edd73b51e5ab10c76ebc064ac14a8467/element/B6AF3AF379C8715F68428F4C08A29F3F_element_116/text - {}
RESULT: {}
COMMAND: GET /session/edd73b51e5ab10c76ebc064ac14a8467/element/B6AF3AF379C8715F68428F4C08A29F3F_element_117/text - {}
RESULT: {}
COMMAND: GET /session/edd73b51e5ab10c76ebc064ac14a8467/element/B6AF3AF379C8715F68428F4C08A29F3F_element_118/text - {}
RESULT: {}
]]></system-out>
    </testcase>
    <testcase classname="chrome.117_0_5938_132.linux.Invoice_Page_Test.Vendor:_Vendor_Three,Invoice:2023-03" name="should validate quantity events table data" time="0.75">
      <system-out><![CDATA[
COMMAND: POST /session/edd73b51e5ab10c76ebc064ac14a8467/url - {"url":"https://ephenv-vlad-test.btm.dev.account.gov.uk/contracts/3/invoices/2023-03"}
RESULT: {"url":"https://ephenv-vlad-test.btm.dev.account.gov.uk/contracts/3/invoices/2023-03"}
COMMAND: POST /session/edd73b51e5ab10c76ebc064ac14a8467/execute/sync - {"script":"return (() => document.readyState === \"complete\").apply(null, arguments)","args":[]}
RESULT: {"script":"return (() => document.readyState === \"complete\").apply(null, arguments)","args":[]}
COMMAND: GET /session/edd73b51e5ab10c76ebc064ac14a8467/url - {}
RESULT: {}
COMMAND: POST /session/edd73b51e5ab10c76ebc064ac14a8467/element - {"using":"css selector","value":".govuk-heading-xl"}
RESULT: {"using":"css selector","value":".govuk-heading-xl"}
COMMAND: POST /session/edd73b51e5ab10c76ebc064ac14a8467/execute/sync - {"script":"return (function isElementDisplayed(element) {\n    function nodeIsElement(node) {\n        if (!node) {\n            return false;\n        }\n        switch (node.nodeType) {\n            case Node.ELEMEN ... (7807 more bytes)","args":[{"element-6066-11e4-a52e-4f735466cecf":"1905C71E1CD8525313F6374AB95324D5_element_121","ELEMENT":"1905C71E1CD8525313F6374AB95324D5_element_121"}]}
RESULT: {"script":"return (function isElementDisplayed(element) {\n    function nodeIsElement(node) {\n        if (!node) {\n            return false;\n        }\n        switch (node.nodeType) {\n            case Node.ELEMEN ... (7807 more bytes)","args":[{"element-6066-11e4-a52e-4f735466cecf":"1905C71E1CD8525313F6374AB95324D5_element_121","ELEMENT":"1905C71E1CD8525313F6374AB95324D5_element_121"}]}
COMMAND: POST /session/edd73b51e5ab10c76ebc064ac14a8467/element - {"using":"css selector","value":".govuk-heading-xl"}
RESULT: {"using":"css selector","value":".govuk-heading-xl"}
COMMAND: GET /session/edd73b51e5ab10c76ebc064ac14a8467/element/1905C71E1CD8525313F6374AB95324D5_element_121/text - {}
RESULT: {}
COMMAND: POST /session/edd73b51e5ab10c76ebc064ac14a8467/element - {"using":"xpath","value":".//caption[contains(., \"Quantity (events)\") and not(.//caption)]"}
RESULT: {"using":"xpath","value":".//caption[contains(., \"Quantity (events)\") and not(.//caption)]"}
COMMAND: POST /session/edd73b51e5ab10c76ebc064ac14a8467/execute/sync - {"script":"return (function (elem, id) {\n        return (function parentElement() {\n        return this.parentElement;\n    }).call(elem, id);\n    }).apply(null, arguments)","args":[{"element-6066-11e4-a52e-4f735466cecf":"1905C71E1CD8525313F6374AB95324D5_element_122","ELEMENT":"1905C71E1CD8525313F6374AB95324D5_element_122"}]}
RESULT: {"script":"return (function (elem, id) {\n        return (function parentElement() {\n        return this.parentElement;\n    }).call(elem, id);\n    }).apply(null, arguments)","args":[{"element-6066-11e4-a52e-4f735466cecf":"1905C71E1CD8525313F6374AB95324D5_element_122","ELEMENT":"1905C71E1CD8525313F6374AB95324D5_element_122"}]}
COMMAND: POST /session/edd73b51e5ab10c76ebc064ac14a8467/execute/sync - {"script":"return (function isElementDisplayed(element) {\n    function nodeIsElement(node) {\n        if (!node) {\n            return false;\n        }\n        switch (node.nodeType) {\n            case Node.ELEMEN ... (7807 more bytes)","args":[{"element-6066-11e4-a52e-4f735466cecf":"1905C71E1CD8525313F6374AB95324D5_element_123","ELEMENT":"1905C71E1CD8525313F6374AB95324D5_element_123"}]}
RESULT: {"script":"return (function isElementDisplayed(element) {\n    function nodeIsElement(node) {\n        if (!node) {\n            return false;\n        }\n        switch (node.nodeType) {\n            case Node.ELEMEN ... (7807 more bytes)","args":[{"element-6066-11e4-a52e-4f735466cecf":"1905C71E1CD8525313F6374AB95324D5_element_123","ELEMENT":"1905C71E1CD8525313F6374AB95324D5_element_123"}]}
COMMAND: POST /session/edd73b51e5ab10c76ebc064ac14a8467/element/1905C71E1CD8525313F6374AB95324D5_element_123/elements - {"using":"css selector","value":"tbody tr"}
RESULT: {"using":"css selector","value":"tbody tr"}
COMMAND: POST /session/edd73b51e5ab10c76ebc064ac14a8467/element/1905C71E1CD8525313F6374AB95324D5_element_123/element - {"using":"css selector","value":"thead tr"}
RESULT: {"using":"css selector","value":"thead tr"}
COMMAND: POST /session/edd73b51e5ab10c76ebc064ac14a8467/element/1905C71E1CD8525313F6374AB95324D5_element_126/elements - {"using":"css selector","value":"th"}
RESULT: {"using":"css selector","value":"th"}
COMMAND: GET /session/edd73b51e5ab10c76ebc064ac14a8467/element/1905C71E1CD8525313F6374AB95324D5_element_127/text - {}
COMMAND: GET /session/edd73b51e5ab10c76ebc064ac14a8467/element/1905C71E1CD8525313F6374AB95324D5_element_128/text - {}
COMMAND: GET /session/edd73b51e5ab10c76ebc064ac14a8467/element/1905C71E1CD8525313F6374AB95324D5_element_130/text - {}
COMMAND: GET /session/edd73b51e5ab10c76ebc064ac14a8467/element/1905C71E1CD8525313F6374AB95324D5_element_129/text - {}
RESULT: {}
RESULT: {}
RESULT: {}
RESULT: {}
COMMAND: POST /session/edd73b51e5ab10c76ebc064ac14a8467/element/1905C71E1CD8525313F6374AB95324D5_element_124/elements - {"using":"css selector","value":"th,td"}
RESULT: {"using":"css selector","value":"th,td"}
COMMAND: GET /session/edd73b51e5ab10c76ebc064ac14a8467/element/1905C71E1CD8525313F6374AB95324D5_element_131/text - {}
RESULT: {}
COMMAND: GET /session/edd73b51e5ab10c76ebc064ac14a8467/element/1905C71E1CD8525313F6374AB95324D5_element_132/text - {}
RESULT: {}
COMMAND: GET /session/edd73b51e5ab10c76ebc064ac14a8467/element/1905C71E1CD8525313F6374AB95324D5_element_133/text - {}
RESULT: {}
COMMAND: GET /session/edd73b51e5ab10c76ebc064ac14a8467/element/1905C71E1CD8525313F6374AB95324D5_element_134/text - {}
RESULT: {}
COMMAND: POST /session/edd73b51e5ab10c76ebc064ac14a8467/element/1905C71E1CD8525313F6374AB95324D5_element_125/elements - {"using":"css selector","value":"th,td"}
RESULT: {"using":"css selector","value":"th,td"}
COMMAND: GET /session/edd73b51e5ab10c76ebc064ac14a8467/element/1905C71E1CD8525313F6374AB95324D5_element_135/text - {}
RESULT: {}
COMMAND: GET /session/edd73b51e5ab10c76ebc064ac14a8467/element/1905C71E1CD8525313F6374AB95324D5_element_136/text - {}
RESULT: {}
COMMAND: GET /session/edd73b51e5ab10c76ebc064ac14a8467/element/1905C71E1CD8525313F6374AB95324D5_element_137/text - {}
RESULT: {}
COMMAND: GET /session/edd73b51e5ab10c76ebc064ac14a8467/element/1905C71E1CD8525313F6374AB95324D5_element_138/text - {}
RESULT: {}
]]></system-out>
    </testcase>
    <testcase classname="chrome.117_0_5938_132.linux.Invoice_Page_Test.Vendor:_Vendor_Three,Invoice:2023-03" name="should validate price table data" time="0.695">
      <system-out><![CDATA[
COMMAND: POST /session/edd73b51e5ab10c76ebc064ac14a8467/url - {"url":"https://ephenv-vlad-test.btm.dev.account.gov.uk/contracts/3/invoices/2023-03"}
RESULT: {"url":"https://ephenv-vlad-test.btm.dev.account.gov.uk/contracts/3/invoices/2023-03"}
COMMAND: POST /session/edd73b51e5ab10c76ebc064ac14a8467/execute/sync - {"script":"return (() => document.readyState === \"complete\").apply(null, arguments)","args":[]}
RESULT: {"script":"return (() => document.readyState === \"complete\").apply(null, arguments)","args":[]}
COMMAND: GET /session/edd73b51e5ab10c76ebc064ac14a8467/url - {}
RESULT: {}
COMMAND: POST /session/edd73b51e5ab10c76ebc064ac14a8467/element - {"using":"css selector","value":".govuk-heading-xl"}
RESULT: {"using":"css selector","value":".govuk-heading-xl"}
COMMAND: POST /session/edd73b51e5ab10c76ebc064ac14a8467/execute/sync - {"script":"return (function isElementDisplayed(element) {\n    function nodeIsElement(node) {\n        if (!node) {\n            return false;\n        }\n        switch (node.nodeType) {\n            case Node.ELEMEN ... (7807 more bytes)","args":[{"element-6066-11e4-a52e-4f735466cecf":"3F26FF074DF6390085ACBE483DCA8B7C_element_141","ELEMENT":"3F26FF074DF6390085ACBE483DCA8B7C_element_141"}]}
RESULT: {"script":"return (function isElementDisplayed(element) {\n    function nodeIsElement(node) {\n        if (!node) {\n            return false;\n        }\n        switch (node.nodeType) {\n            case Node.ELEMEN ... (7807 more bytes)","args":[{"element-6066-11e4-a52e-4f735466cecf":"3F26FF074DF6390085ACBE483DCA8B7C_element_141","ELEMENT":"3F26FF074DF6390085ACBE483DCA8B7C_element_141"}]}
COMMAND: POST /session/edd73b51e5ab10c76ebc064ac14a8467/element - {"using":"css selector","value":".govuk-heading-xl"}
RESULT: {"using":"css selector","value":".govuk-heading-xl"}
COMMAND: GET /session/edd73b51e5ab10c76ebc064ac14a8467/element/3F26FF074DF6390085ACBE483DCA8B7C_element_141/text - {}
RESULT: {}
COMMAND: POST /session/edd73b51e5ab10c76ebc064ac14a8467/element - {"using":"xpath","value":".//caption[contains(., \"Price\") and not(.//caption)]"}
RESULT: {"using":"xpath","value":".//caption[contains(., \"Price\") and not(.//caption)]"}
COMMAND: POST /session/edd73b51e5ab10c76ebc064ac14a8467/execute/sync - {"script":"return (function (elem, id) {\n        return (function parentElement() {\n        return this.parentElement;\n    }).call(elem, id);\n    }).apply(null, arguments)","args":[{"element-6066-11e4-a52e-4f735466cecf":"3F26FF074DF6390085ACBE483DCA8B7C_element_142","ELEMENT":"3F26FF074DF6390085ACBE483DCA8B7C_element_142"}]}
RESULT: {"script":"return (function (elem, id) {\n        return (function parentElement() {\n        return this.parentElement;\n    }).call(elem, id);\n    }).apply(null, arguments)","args":[{"element-6066-11e4-a52e-4f735466cecf":"3F26FF074DF6390085ACBE483DCA8B7C_element_142","ELEMENT":"3F26FF074DF6390085ACBE483DCA8B7C_element_142"}]}
COMMAND: POST /session/edd73b51e5ab10c76ebc064ac14a8467/execute/sync - {"script":"return (function isElementDisplayed(element) {\n    function nodeIsElement(node) {\n        if (!node) {\n            return false;\n        }\n        switch (node.nodeType) {\n            case Node.ELEMEN ... (7807 more bytes)","args":[{"element-6066-11e4-a52e-4f735466cecf":"3F26FF074DF6390085ACBE483DCA8B7C_element_143","ELEMENT":"3F26FF074DF6390085ACBE483DCA8B7C_element_143"}]}
RESULT: {"script":"return (function isElementDisplayed(element) {\n    function nodeIsElement(node) {\n        if (!node) {\n            return false;\n        }\n        switch (node.nodeType) {\n            case Node.ELEMEN ... (7807 more bytes)","args":[{"element-6066-11e4-a52e-4f735466cecf":"3F26FF074DF6390085ACBE483DCA8B7C_element_143","ELEMENT":"3F26FF074DF6390085ACBE483DCA8B7C_element_143"}]}
COMMAND: POST /session/edd73b51e5ab10c76ebc064ac14a8467/element/3F26FF074DF6390085ACBE483DCA8B7C_element_143/elements - {"using":"css selector","value":"tbody tr"}
RESULT: {"using":"css selector","value":"tbody tr"}
COMMAND: POST /session/edd73b51e5ab10c76ebc064ac14a8467/element/3F26FF074DF6390085ACBE483DCA8B7C_element_143/element - {"using":"css selector","value":"thead tr"}
RESULT: {"using":"css selector","value":"thead tr"}
COMMAND: POST /session/edd73b51e5ab10c76ebc064ac14a8467/element/3F26FF074DF6390085ACBE483DCA8B7C_element_146/elements - {"using":"css selector","value":"th"}
RESULT: {"using":"css selector","value":"th"}
COMMAND: GET /session/edd73b51e5ab10c76ebc064ac14a8467/element/3F26FF074DF6390085ACBE483DCA8B7C_element_147/text - {}
COMMAND: GET /session/edd73b51e5ab10c76ebc064ac14a8467/element/3F26FF074DF6390085ACBE483DCA8B7C_element_148/text - {}
COMMAND: GET /session/edd73b51e5ab10c76ebc064ac14a8467/element/3F26FF074DF6390085ACBE483DCA8B7C_element_150/text - {}
COMMAND: GET /session/edd73b51e5ab10c76ebc064ac14a8467/element/3F26FF074DF6390085ACBE483DCA8B7C_element_149/text - {}
RESULT: {}
RESULT: {}
RESULT: {}
RESULT: {}
COMMAND: POST /session/edd73b51e5ab10c76ebc064ac14a8467/element/3F26FF074DF6390085ACBE483DCA8B7C_element_144/elements - {"using":"css selector","value":"th,td"}
RESULT: {"using":"css selector","value":"th,td"}
COMMAND: GET /session/edd73b51e5ab10c76ebc064ac14a8467/element/3F26FF074DF6390085ACBE483DCA8B7C_element_151/text - {}
RESULT: {}
COMMAND: GET /session/edd73b51e5ab10c76ebc064ac14a8467/element/3F26FF074DF6390085ACBE483DCA8B7C_element_152/text - {}
RESULT: {}
COMMAND: GET /session/edd73b51e5ab10c76ebc064ac14a8467/element/3F26FF074DF6390085ACBE483DCA8B7C_element_153/text - {}
RESULT: {}
COMMAND: GET /session/edd73b51e5ab10c76ebc064ac14a8467/element/3F26FF074DF6390085ACBE483DCA8B7C_element_154/text - {}
RESULT: {}
COMMAND: POST /session/edd73b51e5ab10c76ebc064ac14a8467/element/3F26FF074DF6390085ACBE483DCA8B7C_element_145/elements - {"using":"css selector","value":"th,td"}
RESULT: {"using":"css selector","value":"th,td"}
COMMAND: GET /session/edd73b51e5ab10c76ebc064ac14a8467/element/3F26FF074DF6390085ACBE483DCA8B7C_element_155/text - {}
RESULT: {}
COMMAND: GET /session/edd73b51e5ab10c76ebc064ac14a8467/element/3F26FF074DF6390085ACBE483DCA8B7C_element_156/text - {}
RESULT: {}
COMMAND: GET /session/edd73b51e5ab10c76ebc064ac14a8467/element/3F26FF074DF6390085ACBE483DCA8B7C_element_157/text - {}
RESULT: {}
COMMAND: GET /session/edd73b51e5ab10c76ebc064ac14a8467/element/3F26FF074DF6390085ACBE483DCA8B7C_element_158/text - {}
RESULT: {}
]]></system-out>
    </testcase>
    <testcase classname="chrome.117_0_5938_132.linux.Invoice_Page_Test.Vendor:_Vendor_Three,Invoice:2023-03" name="should validate measured events table data" time="1.435">
      <system-out><![CDATA[
COMMAND: POST /session/edd73b51e5ab10c76ebc064ac14a8467/url - {"url":"https://ephenv-vlad-test.btm.dev.account.gov.uk/contracts/3/invoices/2023-03"}
RESULT: {"url":"https://ephenv-vlad-test.btm.dev.account.gov.uk/contracts/3/invoices/2023-03"}
COMMAND: POST /session/edd73b51e5ab10c76ebc064ac14a8467/execute/sync - {"script":"return (() => document.readyState === \"complete\").apply(null, arguments)","args":[]}
RESULT: {"script":"return (() => document.readyState === \"complete\").apply(null, arguments)","args":[]}
COMMAND: GET /session/edd73b51e5ab10c76ebc064ac14a8467/url - {}
RESULT: {}
COMMAND: POST /session/edd73b51e5ab10c76ebc064ac14a8467/element - {"using":"css selector","value":".govuk-heading-xl"}
RESULT: {"using":"css selector","value":".govuk-heading-xl"}
COMMAND: POST /session/edd73b51e5ab10c76ebc064ac14a8467/execute/sync - {"script":"return (function isElementDisplayed(element) {\n    function nodeIsElement(node) {\n        if (!node) {\n            return false;\n        }\n        switch (node.nodeType) {\n            case Node.ELEMEN ... (7807 more bytes)","args":[{"element-6066-11e4-a52e-4f735466cecf":"8F6EAC8FF4AB5EAF8A65C4ADD67261C5_element_163","ELEMENT":"8F6EAC8FF4AB5EAF8A65C4ADD67261C5_element_163"}]}
RESULT: {"script":"return (function isElementDisplayed(element) {\n    function nodeIsElement(node) {\n        if (!node) {\n            return false;\n        }\n        switch (node.nodeType) {\n            case Node.ELEMEN ... (7807 more bytes)","args":[{"element-6066-11e4-a52e-4f735466cecf":"8F6EAC8FF4AB5EAF8A65C4ADD67261C5_element_163","ELEMENT":"8F6EAC8FF4AB5EAF8A65C4ADD67261C5_element_163"}]}
COMMAND: POST /session/edd73b51e5ab10c76ebc064ac14a8467/element - {"using":"css selector","value":".govuk-heading-xl"}
RESULT: {"using":"css selector","value":".govuk-heading-xl"}
COMMAND: GET /session/edd73b51e5ab10c76ebc064ac14a8467/element/8F6EAC8FF4AB5EAF8A65C4ADD67261C5_element_163/text - {}
RESULT: {}
COMMAND: POST /session/edd73b51e5ab10c76ebc064ac14a8467/element - {"using":"xpath","value":".//caption[contains(., \"Measured (events)\") and not(.//caption)]"}
RESULT: {"using":"xpath","value":".//caption[contains(., \"Measured (events)\") and not(.//caption)]"}
COMMAND: POST /session/edd73b51e5ab10c76ebc064ac14a8467/execute/sync - {"script":"return (function (elem, id) {\n        return (function parentElement() {\n        return this.parentElement;\n    }).call(elem, id);\n    }).apply(null, arguments)","args":[{"element-6066-11e4-a52e-4f735466cecf":"8F6EAC8FF4AB5EAF8A65C4ADD67261C5_element_164","ELEMENT":"8F6EAC8FF4AB5EAF8A65C4ADD67261C5_element_164"}]}
RESULT: {"script":"return (function (elem, id) {\n        return (function parentElement() {\n        return this.parentElement;\n    }).call(elem, id);\n    }).apply(null, arguments)","args":[{"element-6066-11e4-a52e-4f735466cecf":"8F6EAC8FF4AB5EAF8A65C4ADD67261C5_element_164","ELEMENT":"8F6EAC8FF4AB5EAF8A65C4ADD67261C5_element_164"}]}
COMMAND: POST /session/edd73b51e5ab10c76ebc064ac14a8467/execute/sync - {"script":"return (function isElementDisplayed(element) {\n    function nodeIsElement(node) {\n        if (!node) {\n            return false;\n        }\n        switch (node.nodeType) {\n            case Node.ELEMEN ... (7807 more bytes)","args":[{"element-6066-11e4-a52e-4f735466cecf":"8F6EAC8FF4AB5EAF8A65C4ADD67261C5_element_165","ELEMENT":"8F6EAC8FF4AB5EAF8A65C4ADD67261C5_element_165"}]}
RESULT: {"script":"return (function isElementDisplayed(element) {\n    function nodeIsElement(node) {\n        if (!node) {\n            return false;\n        }\n        switch (node.nodeType) {\n            case Node.ELEMEN ... (7807 more bytes)","args":[{"element-6066-11e4-a52e-4f735466cecf":"8F6EAC8FF4AB5EAF8A65C4ADD67261C5_element_165","ELEMENT":"8F6EAC8FF4AB5EAF8A65C4ADD67261C5_element_165"}]}
COMMAND: POST /session/edd73b51e5ab10c76ebc064ac14a8467/element/8F6EAC8FF4AB5EAF8A65C4ADD67261C5_element_165/elements - {"using":"css selector","value":"tbody tr"}
RESULT: {"using":"css selector","value":"tbody tr"}
COMMAND: POST /session/edd73b51e5ab10c76ebc064ac14a8467/element/8F6EAC8FF4AB5EAF8A65C4ADD67261C5_element_165/element - {"using":"css selector","value":"thead tr"}
RESULT: {"using":"css selector","value":"thead tr"}
COMMAND: POST /session/edd73b51e5ab10c76ebc064ac14a8467/element/8F6EAC8FF4AB5EAF8A65C4ADD67261C5_element_168/elements - {"using":"css selector","value":"th"}
RESULT: {"using":"css selector","value":"th"}
COMMAND: GET /session/edd73b51e5ab10c76ebc064ac14a8467/element/8F6EAC8FF4AB5EAF8A65C4ADD67261C5_element_169/text - {}
COMMAND: GET /session/edd73b51e5ab10c76ebc064ac14a8467/element/8F6EAC8FF4AB5EAF8A65C4ADD67261C5_element_170/text - {}
RESULT: {}
RESULT: {}
COMMAND: POST /session/edd73b51e5ab10c76ebc064ac14a8467/element/8F6EAC8FF4AB5EAF8A65C4ADD67261C5_element_166/elements - {"using":"css selector","value":"th,td"}
RESULT: {"using":"css selector","value":"th,td"}
COMMAND: GET /session/edd73b51e5ab10c76ebc064ac14a8467/element/8F6EAC8FF4AB5EAF8A65C4ADD67261C5_element_171/text - {}
RESULT: {}
COMMAND: GET /session/edd73b51e5ab10c76ebc064ac14a8467/element/8F6EAC8FF4AB5EAF8A65C4ADD67261C5_element_172/text - {}
RESULT: {}
COMMAND: POST /session/edd73b51e5ab10c76ebc064ac14a8467/element/8F6EAC8FF4AB5EAF8A65C4ADD67261C5_element_167/elements - {"using":"css selector","value":"th,td"}
RESULT: {"using":"css selector","value":"th,td"}
COMMAND: GET /session/edd73b51e5ab10c76ebc064ac14a8467/element/8F6EAC8FF4AB5EAF8A65C4ADD67261C5_element_173/text - {}
RESULT: {}
COMMAND: GET /session/edd73b51e5ab10c76ebc064ac14a8467/element/8F6EAC8FF4AB5EAF8A65C4ADD67261C5_element_174/text - {}
RESULT: {}
]]></system-out>
    </testcase>
    <testcase classname="chrome.117_0_5938_132.linux.Invoice_Page_Test.Vendor:_Vendor_Three,Invoice:2023-03" name="should validate invoice table data" time="0.867">
      <system-out><![CDATA[
COMMAND: POST /session/edd73b51e5ab10c76ebc064ac14a8467/url - {"url":"https://ephenv-vlad-test.btm.dev.account.gov.uk/contracts/3/invoices/2023-03"}
RESULT: {"url":"https://ephenv-vlad-test.btm.dev.account.gov.uk/contracts/3/invoices/2023-03"}
COMMAND: POST /session/edd73b51e5ab10c76ebc064ac14a8467/execute/sync - {"script":"return (() => document.readyState === \"complete\").apply(null, arguments)","args":[]}
RESULT: {"script":"return (() => document.readyState === \"complete\").apply(null, arguments)","args":[]}
COMMAND: GET /session/edd73b51e5ab10c76ebc064ac14a8467/url - {}
RESULT: {}
COMMAND: POST /session/edd73b51e5ab10c76ebc064ac14a8467/element - {"using":"css selector","value":".govuk-heading-xl"}
RESULT: {"using":"css selector","value":".govuk-heading-xl"}
COMMAND: POST /session/edd73b51e5ab10c76ebc064ac14a8467/execute/sync - {"script":"return (function isElementDisplayed(element) {\n    function nodeIsElement(node) {\n        if (!node) {\n            return false;\n        }\n        switch (node.nodeType) {\n            case Node.ELEMEN ... (7807 more bytes)","args":[{"element-6066-11e4-a52e-4f735466cecf":"89DBE16CDF98474C4F00D1D7B6B4F1C0_element_177","ELEMENT":"89DBE16CDF98474C4F00D1D7B6B4F1C0_element_177"}]}
RESULT: {"script":"return (function isElementDisplayed(element) {\n    function nodeIsElement(node) {\n        if (!node) {\n            return false;\n        }\n        switch (node.nodeType) {\n            case Node.ELEMEN ... (7807 more bytes)","args":[{"element-6066-11e4-a52e-4f735466cecf":"89DBE16CDF98474C4F00D1D7B6B4F1C0_element_177","ELEMENT":"89DBE16CDF98474C4F00D1D7B6B4F1C0_element_177"}]}
COMMAND: POST /session/edd73b51e5ab10c76ebc064ac14a8467/element - {"using":"css selector","value":".govuk-heading-xl"}
RESULT: {"using":"css selector","value":".govuk-heading-xl"}
COMMAND: GET /session/edd73b51e5ab10c76ebc064ac14a8467/element/89DBE16CDF98474C4F00D1D7B6B4F1C0_element_177/text - {}
RESULT: {}
COMMAND: POST /session/edd73b51e5ab10c76ebc064ac14a8467/element - {"using":"xpath","value":".//caption[contains(., \"Invoice\") and not(.//caption)]"}
RESULT: {"using":"xpath","value":".//caption[contains(., \"Invoice\") and not(.//caption)]"}
COMMAND: POST /session/edd73b51e5ab10c76ebc064ac14a8467/execute/sync - {"script":"return (function (elem, id) {\n        return (function parentElement() {\n        return this.parentElement;\n    }).call(elem, id);\n    }).apply(null, arguments)","args":[{"element-6066-11e4-a52e-4f735466cecf":"89DBE16CDF98474C4F00D1D7B6B4F1C0_element_178","ELEMENT":"89DBE16CDF98474C4F00D1D7B6B4F1C0_element_178"}]}
RESULT: {"script":"return (function (elem, id) {\n        return (function parentElement() {\n        return this.parentElement;\n    }).call(elem, id);\n    }).apply(null, arguments)","args":[{"element-6066-11e4-a52e-4f735466cecf":"89DBE16CDF98474C4F00D1D7B6B4F1C0_element_178","ELEMENT":"89DBE16CDF98474C4F00D1D7B6B4F1C0_element_178"}]}
COMMAND: POST /session/edd73b51e5ab10c76ebc064ac14a8467/execute/sync - {"script":"return (function isElementDisplayed(element) {\n    function nodeIsElement(node) {\n        if (!node) {\n            return false;\n        }\n        switch (node.nodeType) {\n            case Node.ELEMEN ... (7807 more bytes)","args":[{"element-6066-11e4-a52e-4f735466cecf":"89DBE16CDF98474C4F00D1D7B6B4F1C0_element_179","ELEMENT":"89DBE16CDF98474C4F00D1D7B6B4F1C0_element_179"}]}
RESULT: {"script":"return (function isElementDisplayed(element) {\n    function nodeIsElement(node) {\n        if (!node) {\n            return false;\n        }\n        switch (node.nodeType) {\n            case Node.ELEMEN ... (7807 more bytes)","args":[{"element-6066-11e4-a52e-4f735466cecf":"89DBE16CDF98474C4F00D1D7B6B4F1C0_element_179","ELEMENT":"89DBE16CDF98474C4F00D1D7B6B4F1C0_element_179"}]}
COMMAND: POST /session/edd73b51e5ab10c76ebc064ac14a8467/element/89DBE16CDF98474C4F00D1D7B6B4F1C0_element_179/elements - {"using":"css selector","value":"tbody tr"}
RESULT: {"using":"css selector","value":"tbody tr"}
COMMAND: POST /session/edd73b51e5ab10c76ebc064ac14a8467/element/89DBE16CDF98474C4F00D1D7B6B4F1C0_element_179/element - {"using":"css selector","value":"thead tr"}
RESULT: {"using":"css selector","value":"thead tr"}
COMMAND: POST /session/edd73b51e5ab10c76ebc064ac14a8467/element/89DBE16CDF98474C4F00D1D7B6B4F1C0_element_183/elements - {"using":"css selector","value":"th"}
RESULT: {"using":"css selector","value":"th"}
COMMAND: GET /session/edd73b51e5ab10c76ebc064ac14a8467/element/89DBE16CDF98474C4F00D1D7B6B4F1C0_element_184/text - {}
COMMAND: GET /session/edd73b51e5ab10c76ebc064ac14a8467/element/89DBE16CDF98474C4F00D1D7B6B4F1C0_element_185/text - {}
COMMAND: GET /session/edd73b51e5ab10c76ebc064ac14a8467/element/89DBE16CDF98474C4F00D1D7B6B4F1C0_element_187/text - {}
COMMAND: GET /session/edd73b51e5ab10c76ebc064ac14a8467/element/89DBE16CDF98474C4F00D1D7B6B4F1C0_element_186/text - {}
COMMAND: GET /session/edd73b51e5ab10c76ebc064ac14a8467/element/89DBE16CDF98474C4F00D1D7B6B4F1C0_element_188/text - {}
RESULT: {}
RESULT: {}
RESULT: {}
RESULT: {}
RESULT: {}
COMMAND: POST /session/edd73b51e5ab10c76ebc064ac14a8467/element/89DBE16CDF98474C4F00D1D7B6B4F1C0_element_180/elements - {"using":"css selector","value":"th,td"}
RESULT: {"using":"css selector","value":"th,td"}
COMMAND: GET /session/edd73b51e5ab10c76ebc064ac14a8467/element/89DBE16CDF98474C4F00D1D7B6B4F1C0_element_189/text - {}
RESULT: {}
COMMAND: GET /session/edd73b51e5ab10c76ebc064ac14a8467/element/89DBE16CDF98474C4F00D1D7B6B4F1C0_element_190/text - {}
RESULT: {}
COMMAND: GET /session/edd73b51e5ab10c76ebc064ac14a8467/element/89DBE16CDF98474C4F00D1D7B6B4F1C0_element_191/text - {}
RESULT: {}
COMMAND: GET /session/edd73b51e5ab10c76ebc064ac14a8467/element/89DBE16CDF98474C4F00D1D7B6B4F1C0_element_192/text - {}
RESULT: {}
COMMAND: GET /session/edd73b51e5ab10c76ebc064ac14a8467/element/89DBE16CDF98474C4F00D1D7B6B4F1C0_element_193/text - {}
RESULT: {}
COMMAND: POST /session/edd73b51e5ab10c76ebc064ac14a8467/element/89DBE16CDF98474C4F00D1D7B6B4F1C0_element_181/elements - {"using":"css selector","value":"th,td"}
RESULT: {"using":"css selector","value":"th,td"}
COMMAND: GET /session/edd73b51e5ab10c76ebc064ac14a8467/element/89DBE16CDF98474C4F00D1D7B6B4F1C0_element_194/text - {}
RESULT: {}
COMMAND: GET /session/edd73b51e5ab10c76ebc064ac14a8467/element/89DBE16CDF98474C4F00D1D7B6B4F1C0_element_195/text - {}
RESULT: {}
COMMAND: GET /session/edd73b51e5ab10c76ebc064ac14a8467/element/89DBE16CDF98474C4F00D1D7B6B4F1C0_element_196/text - {}
RESULT: {}
COMMAND: GET /session/edd73b51e5ab10c76ebc064ac14a8467/element/89DBE16CDF98474C4F00D1D7B6B4F1C0_element_197/text - {}
RESULT: {}
COMMAND: GET /session/edd73b51e5ab10c76ebc064ac14a8467/element/89DBE16CDF98474C4F00D1D7B6B4F1C0_element_198/text - {}
RESULT: {}
COMMAND: POST /session/edd73b51e5ab10c76ebc064ac14a8467/element/89DBE16CDF98474C4F00D1D7B6B4F1C0_element_182/elements - {"using":"css selector","value":"th,td"}
RESULT: {"using":"css selector","value":"th,td"}
COMMAND: GET /session/edd73b51e5ab10c76ebc064ac14a8467/element/89DBE16CDF98474C4F00D1D7B6B4F1C0_element_199/text - {}
RESULT: {}
COMMAND: GET /session/edd73b51e5ab10c76ebc064ac14a8467/element/89DBE16CDF98474C4F00D1D7B6B4F1C0_element_200/text - {}
RESULT: {}
COMMAND: GET /session/edd73b51e5ab10c76ebc064ac14a8467/element/89DBE16CDF98474C4F00D1D7B6B4F1C0_element_201/text - {}
RESULT: {}
COMMAND: GET /session/edd73b51e5ab10c76ebc064ac14a8467/element/89DBE16CDF98474C4F00D1D7B6B4F1C0_element_202/text - {}
RESULT: {}
COMMAND: GET /session/edd73b51e5ab10c76ebc064ac14a8467/element/89DBE16CDF98474C4F00D1D7B6B4F1C0_element_203/text - {}
RESULT: {}
]]></system-out>
    </testcase>
  </testsuite>
  <testsuite name="Vendor Vendor Three Invoice 2005 08" timestamp="2023-10-16T10:13:39" time="4.14" tests="6" failures="0" errors="0" skipped="0">
    <properties>
      <property name="specId" value="0"/>
      <property name="suiteName" value="Vendor: Vendor Three,Invoice:2005-08"/>
      <property name="capabilities" value="chrome.117_0_5938_132.linux"/>
      <property name="file" value="file://./ui-tests/specs/invoice.spec.ts"/>
    </properties>
    <testcase classname="chrome.117_0_5938_132.linux.Invoice_Page_Test.Vendor:_Vendor_Three,Invoice:2005-08" name="should display correct status banner color and message" time="0.625">
      <system-out><![CDATA[
COMMAND: POST /session/edd73b51e5ab10c76ebc064ac14a8467/url - {"url":"https://ephenv-vlad-test.btm.dev.account.gov.uk/contracts/3/invoices/2005-08"}
RESULT: {"url":"https://ephenv-vlad-test.btm.dev.account.gov.uk/contracts/3/invoices/2005-08"}
COMMAND: POST /session/edd73b51e5ab10c76ebc064ac14a8467/execute/sync - {"script":"return (() => document.readyState === \"complete\").apply(null, arguments)","args":[]}
RESULT: {"script":"return (() => document.readyState === \"complete\").apply(null, arguments)","args":[]}
COMMAND: GET /session/edd73b51e5ab10c76ebc064ac14a8467/url - {}
RESULT: {}
COMMAND: POST /session/edd73b51e5ab10c76ebc064ac14a8467/element - {"using":"css selector","value":".govuk-heading-xl"}
RESULT: {"using":"css selector","value":".govuk-heading-xl"}
COMMAND: POST /session/edd73b51e5ab10c76ebc064ac14a8467/execute/sync - {"script":"return (function isElementDisplayed(element) {\n    function nodeIsElement(node) {\n        if (!node) {\n            return false;\n        }\n        switch (node.nodeType) {\n            case Node.ELEMEN ... (7807 more bytes)","args":[{"element-6066-11e4-a52e-4f735466cecf":"AFB96C5C5870AF8F651FA8EF30738674_element_206","ELEMENT":"AFB96C5C5870AF8F651FA8EF30738674_element_206"}]}
RESULT: {"script":"return (function isElementDisplayed(element) {\n    function nodeIsElement(node) {\n        if (!node) {\n            return false;\n        }\n        switch (node.nodeType) {\n            case Node.ELEMEN ... (7807 more bytes)","args":[{"element-6066-11e4-a52e-4f735466cecf":"AFB96C5C5870AF8F651FA8EF30738674_element_206","ELEMENT":"AFB96C5C5870AF8F651FA8EF30738674_element_206"}]}
COMMAND: POST /session/edd73b51e5ab10c76ebc064ac14a8467/element - {"using":"css selector","value":".govuk-heading-xl"}
RESULT: {"using":"css selector","value":".govuk-heading-xl"}
COMMAND: GET /session/edd73b51e5ab10c76ebc064ac14a8467/element/AFB96C5C5870AF8F651FA8EF30738674_element_206/text - {}
RESULT: {}
COMMAND: POST /session/edd73b51e5ab10c76ebc064ac14a8467/element - {"using":"css selector","value":"h2.govuk-panel__title"}
RESULT: {"using":"css selector","value":"h2.govuk-panel__title"}
COMMAND: POST /session/edd73b51e5ab10c76ebc064ac14a8467/execute/sync - {"script":"return (function isElementDisplayed(element) {\n    function nodeIsElement(node) {\n        if (!node) {\n            return false;\n        }\n        switch (node.nodeType) {\n            case Node.ELEMEN ... (7807 more bytes)","args":[{"element-6066-11e4-a52e-4f735466cecf":"AFB96C5C5870AF8F651FA8EF30738674_element_207","ELEMENT":"AFB96C5C5870AF8F651FA8EF30738674_element_207"}]}
RESULT: {"script":"return (function isElementDisplayed(element) {\n    function nodeIsElement(node) {\n        if (!node) {\n            return false;\n        }\n        switch (node.nodeType) {\n            case Node.ELEMEN ... (7807 more bytes)","args":[{"element-6066-11e4-a52e-4f735466cecf":"AFB96C5C5870AF8F651FA8EF30738674_element_207","ELEMENT":"AFB96C5C5870AF8F651FA8EF30738674_element_207"}]}
COMMAND: POST /session/edd73b51e5ab10c76ebc064ac14a8467/element - {"using":"css selector","value":"h2.govuk-panel__title"}
RESULT: {"using":"css selector","value":"h2.govuk-panel__title"}
COMMAND: GET /session/edd73b51e5ab10c76ebc064ac14a8467/element/AFB96C5C5870AF8F651FA8EF30738674_element_207/text - {}
RESULT: {}
COMMAND: POST /session/edd73b51e5ab10c76ebc064ac14a8467/element - {"using":"css selector","value":".govuk-panel"}
RESULT: {"using":"css selector","value":".govuk-panel"}
COMMAND: POST /session/edd73b51e5ab10c76ebc064ac14a8467/execute/sync - {"script":"return (function isElementDisplayed(element) {\n    function nodeIsElement(node) {\n        if (!node) {\n            return false;\n        }\n        switch (node.nodeType) {\n            case Node.ELEMEN ... (7807 more bytes)","args":[{"element-6066-11e4-a52e-4f735466cecf":"AFB96C5C5870AF8F651FA8EF30738674_element_208","ELEMENT":"AFB96C5C5870AF8F651FA8EF30738674_element_208"}]}
[...]
RESULT: {"using":"css selector","value":"th"}
COMMAND: GET /session/edd73b51e5ab10c76ebc064ac14a8467/element/A3F1DCAFF03486995707471D35FF5E38_element_1700/text - {}
COMMAND: GET /session/edd73b51e5ab10c76ebc064ac14a8467/element/A3F1DCAFF03486995707471D35FF5E38_element_1701/text - {}
COMMAND: GET /session/edd73b51e5ab10c76ebc064ac14a8467/element/A3F1DCAFF03486995707471D35FF5E38_element_1703/text - {}
COMMAND: GET /session/edd73b51e5ab10c76ebc064ac14a8467/element/A3F1DCAFF03486995707471D35FF5E38_element_1702/text - {}
RESULT: {}
RESULT: {}
RESULT: {}
RESULT: {}
COMMAND: POST /session/edd73b51e5ab10c76ebc064ac14a8467/element/A3F1DCAFF03486995707471D35FF5E38_element_1698/elements - {"using":"css selector","value":"th,td"}
RESULT: {"using":"css selector","value":"th,td"}
COMMAND: GET /session/edd73b51e5ab10c76ebc064ac14a8467/element/A3F1DCAFF03486995707471D35FF5E38_element_1704/text - {}
RESULT: {}
COMMAND: GET /session/edd73b51e5ab10c76ebc064ac14a8467/element/A3F1DCAFF03486995707471D35FF5E38_element_1705/text - {}
RESULT: {}
COMMAND: GET /session/edd73b51e5ab10c76ebc064ac14a8467/element/A3F1DCAFF03486995707471D35FF5E38_element_1706/text - {}
RESULT: {}
COMMAND: GET /session/edd73b51e5ab10c76ebc064ac14a8467/element/A3F1DCAFF03486995707471D35FF5E38_element_1707/text - {}
RESULT: {}
]]></system-out>
    </testcase>
    <testcase classname="chrome.117_0_5938_132.linux.Invoice_Page_Test.Vendor:_Vendor_Six,Invoice:2005-Q2" name="should validate price table data" time="0.696">
      <system-out><![CDATA[
COMMAND: POST /session/edd73b51e5ab10c76ebc064ac14a8467/url - {"url":"https://ephenv-vlad-test.btm.dev.account.gov.uk/contracts/6/invoices/2005-q2"}
RESULT: {"url":"https://ephenv-vlad-test.btm.dev.account.gov.uk/contracts/6/invoices/2005-q2"}
COMMAND: POST /session/edd73b51e5ab10c76ebc064ac14a8467/execute/sync - {"script":"return (() => document.readyState === \"complete\").apply(null, arguments)","args":[]}
RESULT: {"script":"return (() => document.readyState === \"complete\").apply(null, arguments)","args":[]}
COMMAND: GET /session/edd73b51e5ab10c76ebc064ac14a8467/url - {}
RESULT: {}
COMMAND: POST /session/edd73b51e5ab10c76ebc064ac14a8467/element - {"using":"css selector","value":".govuk-heading-xl"}
RESULT: {"using":"css selector","value":".govuk-heading-xl"}
COMMAND: POST /session/edd73b51e5ab10c76ebc064ac14a8467/execute/sync - {"script":"return (function isElementDisplayed(element) {\n    function nodeIsElement(node) {\n        if (!node) {\n            return false;\n        }\n        switch (node.nodeType) {\n            case Node.ELEMEN ... (7807 more bytes)","args":[{"element-6066-11e4-a52e-4f735466cecf":"232CF5F617FD8A59AE9DA2625140F936_element_1710","ELEMENT":"232CF5F617FD8A59AE9DA2625140F936_element_1710"}]}
RESULT: {"script":"return (function isElementDisplayed(element) {\n    function nodeIsElement(node) {\n        if (!node) {\n            return false;\n        }\n        switch (node.nodeType) {\n            case Node.ELEMEN ... (7807 more bytes)","args":[{"element-6066-11e4-a52e-4f735466cecf":"232CF5F617FD8A59AE9DA2625140F936_element_1710","ELEMENT":"232CF5F617FD8A59AE9DA2625140F936_element_1710"}]}
COMMAND: POST /session/edd73b51e5ab10c76ebc064ac14a8467/element - {"using":"css selector","value":".govuk-heading-xl"}
RESULT: {"using":"css selector","value":".govuk-heading-xl"}
COMMAND: GET /session/edd73b51e5ab10c76ebc064ac14a8467/element/232CF5F617FD8A59AE9DA2625140F936_element_1710/text - {}
RESULT: {}
COMMAND: POST /session/edd73b51e5ab10c76ebc064ac14a8467/element - {"using":"xpath","value":".//caption[contains(., \"Price\") and not(.//caption)]"}
RESULT: {"using":"xpath","value":".//caption[contains(., \"Price\") and not(.//caption)]"}
COMMAND: POST /session/edd73b51e5ab10c76ebc064ac14a8467/execute/sync - {"script":"return (function (elem, id) {\n        return (function parentElement() {\n        return this.parentElement;\n    }).call(elem, id);\n    }).apply(null, arguments)","args":[{"element-6066-11e4-a52e-4f735466cecf":"232CF5F617FD8A59AE9DA2625140F936_element_1711","ELEMENT":"232CF5F617FD8A59AE9DA2625140F936_element_1711"}]}
RESULT: {"script":"return (function (elem, id) {\n        return (function parentElement() {\n        return this.parentElement;\n    }).call(elem, id);\n    }).apply(null, arguments)","args":[{"element-6066-11e4-a52e-4f735466cecf":"232CF5F617FD8A59AE9DA2625140F936_element_1711","ELEMENT":"232CF5F617FD8A59AE9DA2625140F936_element_1711"}]}
COMMAND: POST /session/edd73b51e5ab10c76ebc064ac14a8467/execute/sync - {"script":"return (function isElementDisplayed(element) {\n    function nodeIsElement(node) {\n        if (!node) {\n            return false;\n        }\n        switch (node.nodeType) {\n            case Node.ELEMEN ... (7807 more bytes)","args":[{"element-6066-11e4-a52e-4f735466cecf":"232CF5F617FD8A59AE9DA2625140F936_element_1712","ELEMENT":"232CF5F617FD8A59AE9DA2625140F936_element_1712"}]}
RESULT: {"script":"return (function isElementDisplayed(element) {\n    function nodeIsElement(node) {\n        if (!node) {\n            return false;\n        }\n        switch (node.nodeType) {\n            case Node.ELEMEN ... (7807 more bytes)","args":[{"element-6066-11e4-a52e-4f735466cecf":"232CF5F617FD8A59AE9DA2625140F936_element_1712","ELEMENT":"232CF5F617FD8A59AE9DA2625140F936_element_1712"}]}
COMMAND: POST /session/edd73b51e5ab10c76ebc064ac14a8467/element/232CF5F617FD8A59AE9DA2625140F936_element_1712/elements - {"using":"css selector","value":"tbody tr"}
RESULT: {"using":"css selector","value":"tbody tr"}
COMMAND: POST /session/edd73b51e5ab10c76ebc064ac14a8467/element/232CF5F617FD8A59AE9DA2625140F936_element_1712/element - {"using":"css selector","value":"thead tr"}
RESULT: {"using":"css selector","value":"thead tr"}
COMMAND: POST /session/edd73b51e5ab10c76ebc064ac14a8467/element/232CF5F617FD8A59AE9DA2625140F936_element_1714/elements - {"using":"css selector","value":"th"}
RESULT: {"using":"css selector","value":"th"}
COMMAND: GET /session/edd73b51e5ab10c76ebc064ac14a8467/element/232CF5F617FD8A59AE9DA2625140F936_element_1715/text - {}
COMMAND: GET /session/edd73b51e5ab10c76ebc064ac14a8467/element/232CF5F617FD8A59AE9DA2625140F936_element_1716/text - {}
COMMAND: GET /session/edd73b51e5ab10c76ebc064ac14a8467/element/232CF5F617FD8A59AE9DA2625140F936_element_1718/text - {}
COMMAND: GET /session/edd73b51e5ab10c76ebc064ac14a8467/element/232CF5F617FD8A59AE9DA2625140F936_element_1717/text - {}
RESULT: {}
RESULT: {}
RESULT: {}
RESULT: {}
COMMAND: POST /session/edd73b51e5ab10c76ebc064ac14a8467/element/232CF5F617FD8A59AE9DA2625140F936_element_1713/elements - {"using":"css selector","value":"th,td"}
RESULT: {"using":"css selector","value":"th,td"}
COMMAND: GET /session/edd73b51e5ab10c76ebc064ac14a8467/element/232CF5F617FD8A59AE9DA2625140F936_element_1719/text - {}
RESULT: {}
COMMAND: GET /session/edd73b51e5ab10c76ebc064ac14a8467/element/232CF5F617FD8A59AE9DA2625140F936_element_1720/text - {}
RESULT: {}
COMMAND: GET /session/edd73b51e5ab10c76ebc064ac14a8467/element/232CF5F617FD8A59AE9DA2625140F936_element_1721/text - {}
RESULT: {}
COMMAND: GET /session/edd73b51e5ab10c76ebc064ac14a8467/element/232CF5F617FD8A59AE9DA2625140F936_element_1722/text - {}
RESULT: {}
]]></system-out>
    </testcase>
    <testcase classname="chrome.117_0_5938_132.linux.Invoice_Page_Test.Vendor:_Vendor_Six,Invoice:2005-Q2" name="should validate measured events table data" time="1.123">
      <system-out><![CDATA[
COMMAND: POST /session/edd73b51e5ab10c76ebc064ac14a8467/url - {"url":"https://ephenv-vlad-test.btm.dev.account.gov.uk/contracts/6/invoices/2005-q2"}
RESULT: {"url":"https://ephenv-vlad-test.btm.dev.account.gov.uk/contracts/6/invoices/2005-q2"}
COMMAND: POST /session/edd73b51e5ab10c76ebc064ac14a8467/execute/sync - {"script":"return (() => document.readyState === \"complete\").apply(null, arguments)","args":[]}
RESULT: {"script":"return (() => document.readyState === \"complete\").apply(null, arguments)","args":[]}
COMMAND: GET /session/edd73b51e5ab10c76ebc064ac14a8467/url - {}
RESULT: {}
COMMAND: POST /session/edd73b51e5ab10c76ebc064ac14a8467/element - {"using":"css selector","value":".govuk-heading-xl"}
RESULT: {"using":"css selector","value":".govuk-heading-xl"}
COMMAND: POST /session/edd73b51e5ab10c76ebc064ac14a8467/execute/sync - {"script":"return (function isElementDisplayed(element) {\n    function nodeIsElement(node) {\n        if (!node) {\n            return false;\n        }\n        switch (node.nodeType) {\n            case Node.ELEMEN ... (7807 more bytes)","args":[{"element-6066-11e4-a52e-4f735466cecf":"2669D57F5C544849C9F26ACEA163881B_element_1725","ELEMENT":"2669D57F5C544849C9F26ACEA163881B_element_1725"}]}
RESULT: {"script":"return (function isElementDisplayed(element) {\n    function nodeIsElement(node) {\n        if (!node) {\n            return false;\n        }\n        switch (node.nodeType) {\n            case Node.ELEMEN ... (7807 more bytes)","args":[{"element-6066-11e4-a52e-4f735466cecf":"2669D57F5C544849C9F26ACEA163881B_element_1725","ELEMENT":"2669D57F5C544849C9F26ACEA163881B_element_1725"}]}
COMMAND: POST /session/edd73b51e5ab10c76ebc064ac14a8467/element - {"using":"css selector","value":".govuk-heading-xl"}
RESULT: {"using":"css selector","value":".govuk-heading-xl"}
COMMAND: GET /session/edd73b51e5ab10c76ebc064ac14a8467/element/2669D57F5C544849C9F26ACEA163881B_element_1725/text - {}
RESULT: {}
COMMAND: POST /session/edd73b51e5ab10c76ebc064ac14a8467/element - {"using":"xpath","value":".//caption[contains(., \"Measured (events)\") and not(.//caption)]"}
RESULT: {"using":"xpath","value":".//caption[contains(., \"Measured (events)\") and not(.//caption)]"}
COMMAND: POST /session/edd73b51e5ab10c76ebc064ac14a8467/execute/sync - {"script":"return (function (elem, id) {\n        return (function parentElement() {\n        return this.parentElement;\n    }).call(elem, id);\n    }).apply(null, arguments)","args":[{"element-6066-11e4-a52e-4f735466cecf":"2669D57F5C544849C9F26ACEA163881B_element_1726","ELEMENT":"2669D57F5C544849C9F26ACEA163881B_element_1726"}]}
RESULT: {"script":"return (function (elem, id) {\n        return (function parentElement() {\n        return this.parentElement;\n    }).call(elem, id);\n    }).apply(null, arguments)","args":[{"element-6066-11e4-a52e-4f735466cecf":"2669D57F5C544849C9F26ACEA163881B_element_1726","ELEMENT":"2669D57F5C544849C9F26ACEA163881B_element_1726"}]}
COMMAND: POST /session/edd73b51e5ab10c76ebc064ac14a8467/execute/sync - {"script":"return (function isElementDisplayed(element) {\n    function nodeIsElement(node) {\n        if (!node) {\n            return false;\n        }\n        switch (node.nodeType) {\n            case Node.ELEMEN ... (7807 more bytes)","args":[{"element-6066-11e4-a52e-4f735466cecf":"2669D57F5C544849C9F26ACEA163881B_element_1727","ELEMENT":"2669D57F5C544849C9F26ACEA163881B_element_1727"}]}
RESULT: {"script":"return (function isElementDisplayed(element) {\n    function nodeIsElement(node) {\n        if (!node) {\n            return false;\n        }\n        switch (node.nodeType) {\n            case Node.ELEMEN ... (7807 more bytes)","args":[{"element-6066-11e4-a52e-4f735466cecf":"2669D57F5C544849C9F26ACEA163881B_element_1727","ELEMENT":"2669D57F5C544849C9F26ACEA163881B_element_1727"}]}
COMMAND: POST /session/edd73b51e5ab10c76ebc064ac14a8467/element/2669D57F5C544849C9F26ACEA163881B_element_1727/elements - {"using":"css selector","value":"tbody tr"}
RESULT: {"using":"css selector","value":"tbody tr"}
COMMAND: POST /session/edd73b51e5ab10c76ebc064ac14a8467/element/2669D57F5C544849C9F26ACEA163881B_element_1727/element - {"using":"css selector","value":"thead tr"}
RESULT: {"using":"css selector","value":"thead tr"}
COMMAND: POST /session/edd73b51e5ab10c76ebc064ac14a8467/element/2669D57F5C544849C9F26ACEA163881B_element_1729/elements - {"using":"css selector","value":"th"}
RESULT: {"using":"css selector","value":"th"}
COMMAND: GET /session/edd73b51e5ab10c76ebc064ac14a8467/element/2669D57F5C544849C9F26ACEA163881B_element_1730/text - {}
COMMAND: GET /session/edd73b51e5ab10c76ebc064ac14a8467/element/2669D57F5C544849C9F26ACEA163881B_element_1731/text - {}
RESULT: {}
RESULT: {}
COMMAND: POST /session/edd73b51e5ab10c76ebc064ac14a8467/element/2669D57F5C544849C9F26ACEA163881B_element_1728/elements - {"using":"css selector","value":"th,td"}
RESULT: {"using":"css selector","value":"th,td"}
COMMAND: GET /session/edd73b51e5ab10c76ebc064ac14a8467/element/2669D57F5C544849C9F26ACEA163881B_element_1732/text - {}
RESULT: {}
COMMAND: GET /session/edd73b51e5ab10c76ebc064ac14a8467/element/2669D57F5C544849C9F26ACEA163881B_element_1733/text - {}
RESULT: {}
]]></system-out>
    </testcase>
    <testcase classname="chrome.117_0_5938_132.linux.Invoice_Page_Test.Vendor:_Vendor_Six,Invoice:2005-Q2" name="should validate invoice table data" time="0.63">
      <system-out><![CDATA[
COMMAND: POST /session/edd73b51e5ab10c76ebc064ac14a8467/url - {"url":"https://ephenv-vlad-test.btm.dev.account.gov.uk/contracts/6/invoices/2005-q2"}
RESULT: {"url":"https://ephenv-vlad-test.btm.dev.account.gov.uk/contracts/6/invoices/2005-q2"}
COMMAND: POST /session/edd73b51e5ab10c76ebc064ac14a8467/execute/sync - {"script":"return (() => document.readyState === \"complete\").apply(null, arguments)","args":[]}
RESULT: {"script":"return (() => document.readyState === \"complete\").apply(null, arguments)","args":[]}
COMMAND: GET /session/edd73b51e5ab10c76ebc064ac14a8467/url - {}
RESULT: {}
COMMAND: POST /session/edd73b51e5ab10c76ebc064ac14a8467/element - {"using":"css selector","value":".govuk-heading-xl"}
RESULT: {"using":"css selector","value":".govuk-heading-xl"}
COMMAND: POST /session/edd73b51e5ab10c76ebc064ac14a8467/execute/sync - {"script":"return (function isElementDisplayed(element) {\n    function nodeIsElement(node) {\n        if (!node) {\n            return false;\n        }\n        switch (node.nodeType) {\n            case Node.ELEMEN ... (7807 more bytes)","args":[{"element-6066-11e4-a52e-4f735466cecf":"E5BAED15D65FFC2FA145CC13639FA4AA_element_1736","ELEMENT":"E5BAED15D65FFC2FA145CC13639FA4AA_element_1736"}]}
RESULT: {"script":"return (function isElementDisplayed(element) {\n    function nodeIsElement(node) {\n        if (!node) {\n            return false;\n        }\n        switch (node.nodeType) {\n            case Node.ELEMEN ... (7807 more bytes)","args":[{"element-6066-11e4-a52e-4f735466cecf":"E5BAED15D65FFC2FA145CC13639FA4AA_element_1736","ELEMENT":"E5BAED15D65FFC2FA145CC13639FA4AA_element_1736"}]}
COMMAND: POST /session/edd73b51e5ab10c76ebc064ac14a8467/element - {"using":"css selector","value":".govuk-heading-xl"}
RESULT: {"using":"css selector","value":".govuk-heading-xl"}
COMMAND: GET /session/edd73b51e5ab10c76ebc064ac14a8467/element/E5BAED15D65FFC2FA145CC13639FA4AA_element_1736/text - {}
RESULT: {}
COMMAND: POST /session/edd73b51e5ab10c76ebc064ac14a8467/element - {"using":"xpath","value":".//caption[contains(., \"Invoice\") and not(.//caption)]"}
RESULT: {"using":"xpath","value":".//caption[contains(., \"Invoice\") and not(.//caption)]"}
COMMAND: POST /session/edd73b51e5ab10c76ebc064ac14a8467/execute/sync - {"script":"return (function (elem, id) {\n        return (function parentElement() {\n        return this.parentElement;\n    }).call(elem, id);\n    }).apply(null, arguments)","args":[{"element-6066-11e4-a52e-4f735466cecf":"E5BAED15D65FFC2FA145CC13639FA4AA_element_1737","ELEMENT":"E5BAED15D65FFC2FA145CC13639FA4AA_element_1737"}]}
RESULT: {"script":"return (function (elem, id) {\n        return (function parentElement() {\n        return this.parentElement;\n    }).call(elem, id);\n    }).apply(null, arguments)","args":[{"element-6066-11e4-a52e-4f735466cecf":"E5BAED15D65FFC2FA145CC13639FA4AA_element_1737","ELEMENT":"E5BAED15D65FFC2FA145CC13639FA4AA_element_1737"}]}
COMMAND: POST /session/edd73b51e5ab10c76ebc064ac14a8467/execute/sync - {"script":"return (function isElementDisplayed(element) {\n    function nodeIsElement(node) {\n        if (!node) {\n            return false;\n        }\n        switch (node.nodeType) {\n            case Node.ELEMEN ... (7807 more bytes)","args":[{"element-6066-11e4-a52e-4f735466cecf":"E5BAED15D65FFC2FA145CC13639FA4AA_element_1738","ELEMENT":"E5BAED15D65FFC2FA145CC13639FA4AA_element_1738"}]}
RESULT: {"script":"return (function isElementDisplayed(element) {\n    function nodeIsElement(node) {\n        if (!node) {\n            return false;\n        }\n        switch (node.nodeType) {\n            case Node.ELEMEN ... (7807 more bytes)","args":[{"element-6066-11e4-a52e-4f735466cecf":"E5BAED15D65FFC2FA145CC13639FA4AA_element_1738","ELEMENT":"E5BAED15D65FFC2FA145CC13639FA4AA_element_1738"}]}
COMMAND: POST /session/edd73b51e5ab10c76ebc064ac14a8467/element/E5BAED15D65FFC2FA145CC13639FA4AA_element_1738/elements - {"using":"css selector","value":"tbody tr"}
RESULT: {"using":"css selector","value":"tbody tr"}
COMMAND: POST /session/edd73b51e5ab10c76ebc064ac14a8467/element/E5BAED15D65FFC2FA145CC13639FA4AA_element_1738/element - {"using":"css selector","value":"thead tr"}
RESULT: {"using":"css selector","value":"thead tr"}
COMMAND: POST /session/edd73b51e5ab10c76ebc064ac14a8467/element/E5BAED15D65FFC2FA145CC13639FA4AA_element_1741/elements - {"using":"css selector","value":"th"}
RESULT: {"using":"css selector","value":"th"}
COMMAND: GET /session/edd73b51e5ab10c76ebc064ac14a8467/element/E5BAED15D65FFC2FA145CC13639FA4AA_element_1742/text - {}
COMMAND: GET /session/edd73b51e5ab10c76ebc064ac14a8467/element/E5BAED15D65FFC2FA145CC13639FA4AA_element_1743/text - {}
COMMAND: GET /session/edd73b51e5ab10c76ebc064ac14a8467/element/E5BAED15D65FFC2FA145CC13639FA4AA_element_1745/text - {}
COMMAND: GET /session/edd73b51e5ab10c76ebc064ac14a8467/element/E5BAED15D65FFC2FA145CC13639FA4AA_element_1744/text - {}
COMMAND: GET /session/edd73b51e5ab10c76ebc064ac14a8467/element/E5BAED15D65FFC2FA145CC13639FA4AA_element_1746/text - {}
RESULT: {}
RESULT: {}
RESULT: {}
RESULT: {}
RESULT: {}
COMMAND: POST /session/edd73b51e5ab10c76ebc064ac14a8467/element/E5BAED15D65FFC2FA145CC13639FA4AA_element_1739/elements - {"using":"css selector","value":"th,td"}
RESULT: {"using":"css selector","value":"th,td"}
COMMAND: GET /session/edd73b51e5ab10c76ebc064ac14a8467/element/E5BAED15D65FFC2FA145CC13639FA4AA_element_1747/text - {}
RESULT: {}
COMMAND: GET /session/edd73b51e5ab10c76ebc064ac14a8467/element/E5BAED15D65FFC2FA145CC13639FA4AA_element_1748/text - {}
RESULT: {}
COMMAND: GET /session/edd73b51e5ab10c76ebc064ac14a8467/element/E5BAED15D65FFC2FA145CC13639FA4AA_element_1749/text - {}
RESULT: {}
COMMAND: GET /session/edd73b51e5ab10c76ebc064ac14a8467/element/E5BAED15D65FFC2FA145CC13639FA4AA_element_1750/text - {}
RESULT: {}
COMMAND: GET /session/edd73b51e5ab10c76ebc064ac14a8467/element/E5BAED15D65FFC2FA145CC13639FA4AA_element_1751/text - {}
RESULT: {}
COMMAND: POST /session/edd73b51e5ab10c76ebc064ac14a8467/element/E5BAED15D65FFC2FA145CC13639FA4AA_element_1740/elements - {"using":"css selector","value":"th,td"}
RESULT: {"using":"css selector","value":"th,td"}
COMMAND: GET /session/edd73b51e5ab10c76ebc064ac14a8467/element/E5BAED15D65FFC2FA145CC13639FA4AA_element_1752/text - {}
RESULT: {}
COMMAND: GET /session/edd73b51e5ab10c76ebc064ac14a8467/element/E5BAED15D65FFC2FA145CC13639FA4AA_element_1753/text - {}
RESULT: {}
COMMAND: GET /session/edd73b51e5ab10c76ebc064ac14a8467/element/E5BAED15D65FFC2FA145CC13639FA4AA_element_1754/text - {}
RESULT: {}
COMMAND: GET /session/edd73b51e5ab10c76ebc064ac14a8467/element/E5BAED15D65FFC2FA145CC13639FA4AA_element_1755/text - {}
RESULT: {}
COMMAND: GET /session/edd73b51e5ab10c76ebc064ac14a8467/element/E5BAED15D65FFC2FA145CC13639FA4AA_element_1756/text - {}
RESULT: {}
COMMAND: DELETE /session/edd73b51e5ab10c76ebc064ac14a8467 - {}
RESULT: {}
]]></system-out>
    </testcase>
  </testsuite>
</testsuites>