<?xml version="1.0" encoding="UTF-8"?>
<testsuites>
  <testsuite name="Invoice Page Test" timestamp="2024-02-21T17:08:46" time="74.216" tests="0" failures="0" errors="0" skipped="0">
    <properties>
      <property name="specId" value="0"/>
      <property name="suiteName" value="Invoice Page Test"/>
      <property name="capabilities" value="chrome-headless-shell.121_0_6167_184.linux"/>
      <property name="file" value="file://./ui-tests/specs/invoice.spec.ts"/>
    </properties>
  </testsuite>
  <testsuite name="Vendor Vendor Three Invoice 2005 09" timestamp="2024-02-21T17:08:46" time="12.404" tests="6" failures="0" errors="0" skipped="0">
    <properties>
      <property name="specId" value="0"/>
      <property name="suiteName" value="Vendor: Vendor Three,Invoice:2005-09"/>
      <property name="capabilities" value="chrome-headless-shell.121_0_6167_184.linux"/>
      <property name="file" value="file://./ui-tests/specs/invoice.spec.ts"/>
    </properties>
    <testcase classname="chrome-headless-shell.121_0_6167_184.linux.Invoice_Page_Test.Vendor:_Vendor_Three,Invoice:2005-09" name="should display correct status banner color and message" time="7.485">
      <system-out><![CDATA[
COMMAND: POST /session/5e9d5de8fcf58b3200371aa3943f24f3/url - {"url":"https://pr-530.btm.dev.account.gov.uk/contracts/3/invoices/2005-09"}
RESULT: {"url":"https://pr-530.btm.dev.account.gov.uk/contracts/3/invoices/2005-09"}
COMMAND: POST /session/5e9d5de8fcf58b3200371aa3943f24f3/execute/sync - {"script":"return (() => document.readyState === \"complete\").apply(null, arguments)","args":[]}
RESULT: {"script":"return (() => document.readyState === \"complete\").apply(null, arguments)","args":[]}
COMMAND: GET /session/5e9d5de8fcf58b3200371aa3943f24f3/url - {}
RESULT: {}
COMMAND: POST /session/5e9d5de8fcf58b3200371aa3943f24f3/element - {"using":"css selector","value":".govuk-heading-xl"}
RESULT: {"using":"css selector","value":".govuk-heading-xl"}
COMMAND: GET /session/5e9d5de8fcf58b3200371aa3943f24f3/element/FAC89174E1FE5A11F73E3477A8EB4C2D_element_5/displayed - {}
RESULT: {}
COMMAND: POST /session/5e9d5de8fcf58b3200371aa3943f24f3/element - {"using":"css selector","value":".govuk-heading-xl"}
RESULT: {"using":"css selector","value":".govuk-heading-xl"}
COMMAND: GET /session/5e9d5de8fcf58b3200371aa3943f24f3/element/FAC89174E1FE5A11F73E3477A8EB4C2D_element_5/text - {}
RESULT: {}
COMMAND: POST /session/5e9d5de8fcf58b3200371aa3943f24f3/element - {"using":"css selector","value":"h2.govuk-panel__title"}
RESULT: {"using":"css selector","value":"h2.govuk-panel__title"}
COMMAND: GET /session/5e9d5de8fcf58b3200371aa3943f24f3/element/FAC89174E1FE5A11F73E3477A8EB4C2D_element_6/displayed - {}
RESULT: {}
COMMAND: POST /session/5e9d5de8fcf58b3200371aa3943f24f3/element - {"using":"css selector","value":"h2.govuk-panel__title"}
RESULT: {"using":"css selector","value":"h2.govuk-panel__title"}
COMMAND: GET /session/5e9d5de8fcf58b3200371aa3943f24f3/element/FAC89174E1FE5A11F73E3477A8EB4C2D_element_6/text - {}
RESULT: {}
COMMAND: POST /session/5e9d5de8fcf58b3200371aa3943f24f3/element - {"using":"css selector","value":".govuk-panel"}
RESULT: {"using":"css selector","value":".govuk-panel"}
COMMAND: GET /session/5e9d5de8fcf58b3200371aa3943f24f3/element/FAC89174E1FE5A11F73E3477A8EB4C2D_element_3/displayed - {}
RESULT: {}
COMMAND: GET /session/5e9d5de8fcf58b3200371aa3943f24f3/element/FAC89174E1FE5A11F73E3477A8EB4C2D_element_3/css/background-color - {}
RESULT: {}
]]></system-out>
    </testcase>
    <testcase classname="chrome-headless-shell.121_0_6167_184.linux.Invoice_Page_Test.Vendor:_Vendor_Three,Invoice:2005-09" name="should validate reconciliation table data" time="1.249">
      <system-out><![CDATA[
COMMAND: POST /session/5e9d5de8fcf58b3200371aa3943f24f3/url - {"url":"https://pr-530.btm.dev.account.gov.uk/contracts/3/invoices/2005-09"}
RESULT: {"url":"https://pr-530.btm.dev.account.gov.uk/contracts/3/invoices/2005-09"}
COMMAND: POST /session/5e9d5de8fcf58b3200371aa3943f24f3/execute/sync - {"script":"return (() => document.readyState === \"complete\").apply(null, arguments)","args":[]}
RESULT: {"script":"return (() => document.readyState === \"complete\").apply(null, arguments)","args":[]}
COMMAND: GET /session/5e9d5de8fcf58b3200371aa3943f24f3/url - {}
RESULT: {}
COMMAND: POST /session/5e9d5de8fcf58b3200371aa3943f24f3/element - {"using":"css selector","value":".govuk-heading-xl"}
RESULT: {"using":"css selector","value":".govuk-heading-xl"}
COMMAND: GET /session/5e9d5de8fcf58b3200371aa3943f24f3/element/B3CC4B945C1DF583600BA01D443431CF_element_9/displayed - {}
RESULT: {}
COMMAND: POST /session/5e9d5de8fcf58b3200371aa3943f24f3/element - {"using":"css selector","value":".govuk-heading-xl"}
RESULT: {"using":"css selector","value":".govuk-heading-xl"}
COMMAND: GET /session/5e9d5de8fcf58b3200371aa3943f24f3/element/B3CC4B945C1DF583600BA01D443431CF_element_9/text - {}
RESULT: {}
COMMAND: POST /session/5e9d5de8fcf58b3200371aa3943f24f3/element - {"using":"xpath","value":".//caption[contains(., \"Reconciliation\") and not(.//caption)]"}
RESULT: {"using":"xpath","value":".//caption[contains(., \"Reconciliation\") and not(.//caption)]"}
COMMAND: POST /session/5e9d5de8fcf58b3200371aa3943f24f3/execute/sync - {"script":"return (function (elem, id) {\n        return (function parentElement() {\n        return this.parentElement;\n    }).call(elem, id);\n    }).apply(null, arguments)","args":[{"element-6066-11e4-a52e-4f735466cecf":"B3CC4B945C1DF583600BA01D443431CF_element_10","ELEMENT":"B3CC4B945C1DF583600BA01D443431CF_element_10"}]}
RESULT: {"script":"return (function (elem, id) {\n        return (function parentElement() {\n        return this.parentElement;\n    }).call(elem, id);\n    }).apply(null, arguments)","args":[{"element-6066-11e4-a52e-4f735466cecf":"B3CC4B945C1DF583600BA01D443431CF_element_10","ELEMENT":"B3CC4B945C1DF583600BA01D443431CF_element_10"}]}
COMMAND: GET /session/5e9d5de8fcf58b3200371aa3943f24f3/element/B3CC4B945C1DF583600BA01D443431CF_element_11/displayed - {}
RESULT: {}
COMMAND: POST /session/5e9d5de8fcf58b3200371aa3943f24f3/element/B3CC4B945C1DF583600BA01D443431CF_element_11/elements - {"using":"css selector","value":"tbody tr"}
RESULT: {"using":"css selector","value":"tbody tr"}
COMMAND: POST /session/5e9d5de8fcf58b3200371aa3943f24f3/element/B3CC4B945C1DF583600BA01D443431CF_element_11/element - {"using":"css selector","value":"thead tr"}
RESULT: {"using":"css selector","value":"thead tr"}
COMMAND: POST /session/5e9d5de8fcf58b3200371aa3943f24f3/element/B3CC4B945C1DF583600BA01D443431CF_element_13/elements - {"using":"css selector","value":"th"}
RESULT: {"using":"css selector","value":"th"}
COMMAND: GET /session/5e9d5de8fcf58b3200371aa3943f24f3/element/B3CC4B945C1DF583600BA01D443431CF_element_14/text - {}
COMMAND: GET /session/5e9d5de8fcf58b3200371aa3943f24f3/element/B3CC4B945C1DF583600BA01D443431CF_element_15/text - {}
COMMAND: GET /session/5e9d5de8fcf58b3200371aa3943f24f3/element/B3CC4B945C1DF583600BA01D443431CF_element_17/text - {}
COMMAND: GET /session/5e9d5de8fcf58b3200371aa3943f24f3/element/B3CC4B945C1DF583600BA01D443431CF_element_16/text - {}
COMMAND: GET /session/5e9d5de8fcf58b3200371aa3943f24f3/element/B3CC4B945C1DF583600BA01D443431CF_element_18/text - {}
RESULT: {}
RESULT: {}
RESULT: {}
RESULT: {}
RESULT: {}
COMMAND: POST /session/5e9d5de8fcf58b3200371aa3943f24f3/element/B3CC4B945C1DF583600BA01D443431CF_element_12/elements - {"using":"css selector","value":"th,td"}
RESULT: {"using":"css selector","value":"th,td"}
COMMAND: GET /session/5e9d5de8fcf58b3200371aa3943f24f3/element/B3CC4B945C1DF583600BA01D443431CF_element_19/text - {}
RESULT: {}
COMMAND: GET /session/5e9d5de8fcf58b3200371aa3943f24f3/element/B3CC4B945C1DF583600BA01D443431CF_element_20/text - {}
RESULT: {}
COMMAND: GET /session/5e9d5de8fcf58b3200371aa3943f24f3/element/B3CC4B945C1DF583600BA01D443431CF_element_21/text - {}
RESULT: {}
COMMAND: GET /session/5e9d5de8fcf58b3200371aa3943f24f3/element/B3CC4B945C1DF583600BA01D443431CF_element_22/text - {}
RESULT: {}
COMMAND: GET /session/5e9d5de8fcf58b3200371aa3943f24f3/element/B3CC4B945C1DF583600BA01D443431CF_element_23/text - {}
RESULT: {}
]]></system-out>
    </testcase>
    <testcase classname="chrome-headless-shell.121_0_6167_184.linux.Invoice_Page_Test.Vendor:_Vendor_Three,Invoice:2005-09" name="should validate quantity events table data" time="1.159">
      <system-out><![CDATA[
COMMAND: POST /session/5e9d5de8fcf58b3200371aa3943f24f3/url - {"url":"https://pr-530.btm.dev.account.gov.uk/contracts/3/invoices/2005-09"}
RESULT: {"url":"https://pr-530.btm.dev.account.gov.uk/contracts/3/invoices/2005-09"}
COMMAND: POST /session/5e9d5de8fcf58b3200371aa3943f24f3/execute/sync - {"script":"return (() => document.readyState === \"complete\").apply(null, arguments)","args":[]}
RESULT: {"script":"return (() => document.readyState === \"complete\").apply(null, arguments)","args":[]}
COMMAND: GET /session/5e9d5de8fcf58b3200371aa3943f24f3/url - {}
RESULT: {}
COMMAND: POST /session/5e9d5de8fcf58b3200371aa3943f24f3/element - {"using":"css selector","value":".govuk-heading-xl"}
RESULT: {"using":"css selector","value":".govuk-heading-xl"}
COMMAND: GET /session/5e9d5de8fcf58b3200371aa3943f24f3/element/9219F74D8FF51DD2FE2920474A8587A2_element_26/displayed - {}
RESULT: {}
COMMAND: POST /session/5e9d5de8fcf58b3200371aa3943f24f3/element - {"using":"css selector","value":".govuk-heading-xl"}
RESULT: {"using":"css selector","value":".govuk-heading-xl"}
COMMAND: GET /session/5e9d5de8fcf58b3200371aa3943f24f3/element/9219F74D8FF51DD2FE2920474A8587A2_element_26/text - {}
RESULT: {}
COMMAND: POST /session/5e9d5de8fcf58b3200371aa3943f24f3/element - {"using":"xpath","value":".//caption[contains(., \"Quantity (events)\") and not(.//caption)]"}
RESULT: {"using":"xpath","value":".//caption[contains(., \"Quantity (events)\") and not(.//caption)]"}
COMMAND: POST /session/5e9d5de8fcf58b3200371aa3943f24f3/execute/sync - {"script":"return (function (elem, id) {\n        return (function parentElement() {\n        return this.parentElement;\n    }).call(elem, id);\n    }).apply(null, arguments)","args":[{"element-6066-11e4-a52e-4f735466cecf":"9219F74D8FF51DD2FE2920474A8587A2_element_27","ELEMENT":"9219F74D8FF51DD2FE2920474A8587A2_element_27"}]}
RESULT: {"script":"return (function (elem, id) {\n        return (function parentElement() {\n        return this.parentElement;\n    }).call(elem, id);\n    }).apply(null, arguments)","args":[{"element-6066-11e4-a52e-4f735466cecf":"9219F74D8FF51DD2FE2920474A8587A2_element_27","ELEMENT":"9219F74D8FF51DD2FE2920474A8587A2_element_27"}]}
COMMAND: GET /session/5e9d5de8fcf58b3200371aa3943f24f3/element/9219F74D8FF51DD2FE2920474A8587A2_element_28/displayed - {}
RESULT: {}
COMMAND: POST /session/5e9d5de8fcf58b3200371aa3943f24f3/element/9219F74D8FF51DD2FE2920474A8587A2_element_28/elements - {"using":"css selector","value":"tbody tr"}
RESULT: {"using":"css selector","value":"tbody tr"}
COMMAND: POST /session/5e9d5de8fcf58b3200371aa3943f24f3/element/9219F74D8FF51DD2FE2920474A8587A2_element_28/element - {"using":"css selector","value":"thead tr"}
RESULT: {"using":"css selector","value":"thead tr"}
COMMAND: POST /session/5e9d5de8fcf58b3200371aa3943f24f3/element/9219F74D8FF51DD2FE2920474A8587A2_element_30/elements - {"using":"css selector","value":"th"}
RESULT: {"using":"css selector","value":"th"}
COMMAND: GET /session/5e9d5de8fcf58b3200371aa3943f24f3/element/9219F74D8FF51DD2FE2920474A8587A2_element_31/text - {}
COMMAND: GET /session/5e9d5de8fcf58b3200371aa3943f24f3/element/9219F74D8FF51DD2FE2920474A8587A2_element_32/text - {}
COMMAND: GET /session/5e9d5de8fcf58b3200371aa3943f24f3/element/9219F74D8FF51DD2FE2920474A8587A2_element_34/text - {}
COMMAND: GET /session/5e9d5de8fcf58b3200371aa3943f24f3/element/9219F74D8FF51DD2FE2920474A8587A2_element_33/text - {}
RESULT: {}
RESULT: {}
RESULT: {}
RESULT: {}
COMMAND: POST /session/5e9d5de8fcf58b3200371aa3943f24f3/element/9219F74D8FF51DD2FE2920474A8587A2_element_29/elements - {"using":"css selector","value":"th,td"}
RESULT: {"using":"css selector","value":"th,td"}
COMMAND: GET /session/5e9d5de8fcf58b3200371aa3943f24f3/element/9219F74D8FF51DD2FE2920474A8587A2_element_35/text - {}
RESULT: {}
COMMAND: GET /session/5e9d5de8fcf58b3200371aa3943f24f3/element/9219F74D8FF51DD2FE2920474A8587A2_element_36/text - {}
RESULT: {}
COMMAND: GET /session/5e9d5de8fcf58b3200371aa3943f24f3/element/9219F74D8FF51DD2FE2920474A8587A2_element_37/text - {}
RESULT: {}
COMMAND: GET /session/5e9d5de8fcf58b3200371aa3943f24f3/element/9219F74D8FF51DD2FE2920474A8587A2_element_38/text - {}
RESULT: {}
]]></system-out>
    </testcase>
    <testcase classname="chrome-headless-shell.121_0_6167_184.linux.Invoice_Page_Test.Vendor:_Vendor_Three,Invoice:2005-09" name="should validate price table data" time="0.638">
      <system-out><![CDATA[
COMMAND: POST /session/5e9d5de8fcf58b3200371aa3943f24f3/url - {"url":"https://pr-530.btm.dev.account.gov.uk/contracts/3/invoices/2005-09"}
RESULT: {"url":"https://pr-530.btm.dev.account.gov.uk/contracts/3/invoices/2005-09"}
COMMAND: POST /session/5e9d5de8fcf58b3200371aa3943f24f3/execute/sync - {"script":"return (() => document.readyState === \"complete\").apply(null, arguments)","args":[]}
RESULT: {"script":"return (() => document.readyState === \"complete\").apply(null, arguments)","args":[]}
COMMAND: GET /session/5e9d5de8fcf58b3200371aa3943f24f3/url - {}
RESULT: {}
COMMAND: POST /session/5e9d5de8fcf58b3200371aa3943f24f3/element - {"using":"css selector","value":".govuk-heading-xl"}
RESULT: {"using":"css selector","value":".govuk-heading-xl"}
COMMAND: GET /session/5e9d5de8fcf58b3200371aa3943f24f3/element/F7554B96CD36A5A9F230FBB87A074C45_element_41/displayed - {}
RESULT: {}
COMMAND: POST /session/5e9d5de8fcf58b3200371aa3943f24f3/element - {"using":"css selector","value":".govuk-heading-xl"}
RESULT: {"using":"css selector","value":".govuk-heading-xl"}
COMMAND: GET /session/5e9d5de8fcf58b3200371aa3943f24f3/element/F7554B96CD36A5A9F230FBB87A074C45_element_41/text - {}
RESULT: {}
COMMAND: POST /session/5e9d5de8fcf58b3200371aa3943f24f3/element - {"using":"xpath","value":".//caption[contains(., \"Price\") and not(.//caption)]"}
RESULT: {"using":"xpath","value":".//caption[contains(., \"Price\") and not(.//caption)]"}
COMMAND: POST /session/5e9d5de8fcf58b3200371aa3943f24f3/execute/sync - {"script":"return (function (elem, id) {\n        return (function parentElement() {\n        return this.parentElement;\n    }).call(elem, id);\n    }).apply(null, arguments)","args":[{"element-6066-11e4-a52e-4f735466cecf":"F7554B96CD36A5A9F230FBB87A074C45_element_42","ELEMENT":"F7554B96CD36A5A9F230FBB87A074C45_element_42"}]}
RESULT: {"script":"return (function (elem, id) {\n        return (function parentElement() {\n        return this.parentElement;\n    }).call(elem, id);\n    }).apply(null, arguments)","args":[{"element-6066-11e4-a52e-4f735466cecf":"F7554B96CD36A5A9F230FBB87A074C45_element_42","ELEMENT":"F7554B96CD36A5A9F230FBB87A074C45_element_42"}]}
COMMAND: GET /session/5e9d5de8fcf58b3200371aa3943f24f3/element/F7554B96CD36A5A9F230FBB87A074C45_element_43/displayed - {}
RESULT: {}
COMMAND: POST /session/5e9d5de8fcf58b3200371aa3943f24f3/element/F7554B96CD36A5A9F230FBB87A074C45_element_43/elements - {"using":"css selector","value":"tbody tr"}
RESULT: {"using":"css selector","value":"tbody tr"}
COMMAND: POST /session/5e9d5de8fcf58b3200371aa3943f24f3/element/F7554B96CD36A5A9F230FBB87A074C45_element_43/element - {"using":"css selector","value":"thead tr"}
RESULT: {"using":"css selector","value":"thead tr"}
COMMAND: POST /session/5e9d5de8fcf58b3200371aa3943f24f3/element/F7554B96CD36A5A9F230FBB87A074C45_element_45/elements - {"using":"css selector","value":"th"}
RESULT: {"using":"css selector","value":"th"}
COMMAND: GET /session/5e9d5de8fcf58b3200371aa3943f24f3/element/F7554B96CD36A5A9F230FBB87A074C45_element_46/text - {}
COMMAND: GET /session/5e9d5de8fcf58b3200371aa3943f24f3/element/F7554B96CD36A5A9F230FBB87A074C45_element_47/text - {}
COMMAND: GET /session/5e9d5de8fcf58b3200371aa3943f24f3/element/F7554B96CD36A5A9F230FBB87A074C45_element_49/text - {}
COMMAND: GET /session/5e9d5de8fcf58b3200371aa3943f24f3/element/F7554B96CD36A5A9F230FBB87A074C45_element_48/text - {}
RESULT: {}
RESULT: {}
RESULT: {}
RESULT: {}
COMMAND: POST /session/5e9d5de8fcf58b3200371aa3943f24f3/element/F7554B96CD36A5A9F230FBB87A074C45_element_44/elements - {"using":"css selector","value":"th,td"}
RESULT: {"using":"css selector","value":"th,td"}
COMMAND: GET /session/5e9d5de8fcf58b3200371aa3943f24f3/element/F7554B96CD36A5A9F230FBB87A074C45_element_50/text - {}
RESULT: {}
COMMAND: GET /session/5e9d5de8fcf58b3200371aa3943f24f3/element/F7554B96CD36A5A9F230FBB87A074C45_element_51/text - {}
RESULT: {}
COMMAND: GET /session/5e9d5de8fcf58b3200371aa3943f24f3/element/F7554B96CD36A5A9F230FBB87A074C45_element_52/text - {}
RESULT: {}
COMMAND: GET /session/5e9d5de8fcf58b3200371aa3943f24f3/element/F7554B96CD36A5A9F230FBB87A074C45_element_53/text - {}
RESULT: {}
]]></system-out>
    </testcase>
    <testcase classname="chrome-headless-shell.121_0_6167_184.linux.Invoice_Page_Test.Vendor:_Vendor_Three,Invoice:2005-09" name="should validate measured events table data" time="1.159">
      <system-out><![CDATA[
COMMAND: POST /session/5e9d5de8fcf58b3200371aa3943f24f3/url - {"url":"https://pr-530.btm.dev.account.gov.uk/contracts/3/invoices/2005-09"}
RESULT: {"url":"https://pr-530.btm.dev.account.gov.uk/contracts/3/invoices/2005-09"}
COMMAND: POST /session/5e9d5de8fcf58b3200371aa3943f24f3/execute/sync - {"script":"return (() => document.readyState === \"complete\").apply(null, arguments)","args":[]}
RESULT: {"script":"return (() => document.readyState === \"complete\").apply(null, arguments)","args":[]}
COMMAND: GET /session/5e9d5de8fcf58b3200371aa3943f24f3/url - {}
RESULT: {}
COMMAND: POST /session/5e9d5de8fcf58b3200371aa3943f24f3/element - {"using":"css selector","value":".govuk-heading-xl"}
RESULT: {"using":"css selector","value":".govuk-heading-xl"}
COMMAND: GET /session/5e9d5de8fcf58b3200371aa3943f24f3/element/7E9FE43B20E1E60A1DF4D2E10EF8B9A6_element_56/displayed - {}
RESULT: {}
COMMAND: POST /session/5e9d5de8fcf58b3200371aa3943f24f3/element - {"using":"css selector","value":".govuk-heading-xl"}
RESULT: {"using":"css selector","value":".govuk-heading-xl"}
COMMAND: GET /session/5e9d5de8fcf58b3200371aa3943f24f3/element/7E9FE43B20E1E60A1DF4D2E10EF8B9A6_element_56/text - {}
RESULT: {}
COMMAND: POST /session/5e9d5de8fcf58b3200371aa3943f24f3/element - {"using":"xpath","value":".//caption[contains(., \"Measured (events)\") and not(.//caption)]"}
RESULT: {"using":"xpath","value":".//caption[contains(., \"Measured (events)\") and not(.//caption)]"}
COMMAND: POST /session/5e9d5de8fcf58b3200371aa3943f24f3/execute/sync - {"script":"return (function (elem, id) {\n        return (function parentElement() {\n        return this.parentElement;\n    }).call(elem, id);\n    }).apply(null, arguments)","args":[{"element-6066-11e4-a52e-4f735466cecf":"7E9FE43B20E1E60A1DF4D2E10EF8B9A6_element_57","ELEMENT":"7E9FE43B20E1E60A1DF4D2E10EF8B9A6_element_57"}]}
RESULT: {"script":"return (function (elem, id) {\n        return (function parentElement() {\n        return this.parentElement;\n    }).call(elem, id);\n    }).apply(null, arguments)","args":[{"element-6066-11e4-a52e-4f735466cecf":"7E9FE43B20E1E60A1DF4D2E10EF8B9A6_element_57","ELEMENT":"7E9FE43B20E1E60A1DF4D2E10EF8B9A6_element_57"}]}
COMMAND: GET /session/5e9d5de8fcf58b3200371aa3943f24f3/element/7E9FE43B20E1E60A1DF4D2E10EF8B9A6_element_58/displayed - {}
RESULT: {}
COMMAND: POST /session/5e9d5de8fcf58b3200371aa3943f24f3/element/7E9FE43B20E1E60A1DF4D2E10EF8B9A6_element_58/elements - {"using":"css selector","value":"tbody tr"}
RESULT: {"using":"css selector","value":"tbody tr"}
COMMAND: POST /session/5e9d5de8fcf58b3200371aa3943f24f3/element/7E9FE43B20E1E60A1DF4D2E10EF8B9A6_element_58/element - {"using":"css selector","value":"thead tr"}
RESULT: {"using":"css selector","value":"thead tr"}
COMMAND: POST /session/5e9d5de8fcf58b3200371aa3943f24f3/element/7E9FE43B20E1E60A1DF4D2E10EF8B9A6_element_60/elements - {"using":"css selector","value":"th"}
RESULT: {"using":"css selector","value":"th"}
COMMAND: GET /session/5e9d5de8fcf58b3200371aa3943f24f3/element/7E9FE43B20E1E60A1DF4D2E10EF8B9A6_element_61/text - {}
COMMAND: GET /session/5e9d5de8fcf58b3200371aa3943f24f3/element/7E9FE43B20E1E60A1DF4D2E10EF8B9A6_element_62/text - {}
RESULT: {}
RESULT: {}
COMMAND: POST /session/5e9d5de8fcf58b3200371aa3943f24f3/element/7E9FE43B20E1E60A1DF4D2E10EF8B9A6_element_59/elements - {"using":"css selector","value":"th,td"}
RESULT: {"using":"css selector","value":"th,td"}
COMMAND: GET /session/5e9d5de8fcf58b3200371aa3943f24f3/element/7E9FE43B20E1E60A1DF4D2E10EF8B9A6_element_63/text - {}
RESULT: {}
COMMAND: GET /session/5e9d5de8fcf58b3200371aa3943f24f3/element/7E9FE43B20E1E60A1DF4D2E10EF8B9A6_element_64/text - {}
RESULT: {}
]]></system-out>
    </testcase>
    <testcase classname="chrome-headless-shell.121_0_6167_184.linux.Invoice_Page_Test.Vendor:_Vendor_Three,Invoice:2005-09" name="should validate invoice table data" time="0.709">
      <system-out><![CDATA[
COMMAND: POST /session/5e9d5de8fcf58b3200371aa3943f24f3/url - {"url":"https://pr-530.btm.dev.account.gov.uk/contracts/3/invoices/2005-09"}
RESULT: {"url":"https://pr-530.btm.dev.account.gov.uk/contracts/3/invoices/2005-09"}
COMMAND: POST /session/5e9d5de8fcf58b3200371aa3943f24f3/execute/sync - {"script":"return (() => document.readyState === \"complete\").apply(null, arguments)","args":[]}
RESULT: {"script":"return (() => document.readyState === \"complete\").apply(null, arguments)","args":[]}
COMMAND: GET /session/5e9d5de8fcf58b3200371aa3943f24f3/url - {}
RESULT: {}
COMMAND: POST /session/5e9d5de8fcf58b3200371aa3943f24f3/element - {"using":"css selector","value":".govuk-heading-xl"}
RESULT: {"using":"css selector","value":".govuk-heading-xl"}
COMMAND: GET /session/5e9d5de8fcf58b3200371aa3943f24f3/element/4BDDFDAF4E36E2FC8D6DA3E5BEB912A0_element_67/displayed - {}
RESULT: {}
COMMAND: POST /session/5e9d5de8fcf58b3200371aa3943f24f3/element - {"using":"css selector","value":".govuk-heading-xl"}
RESULT: {"using":"css selector","value":".govuk-heading-xl"}
COMMAND: GET /session/5e9d5de8fcf58b3200371aa3943f24f3/element/4BDDFDAF4E36E2FC8D6DA3E5BEB912A0_element_67/text - {}
RESULT: {}
COMMAND: POST /session/5e9d5de8fcf58b3200371aa3943f24f3/element - {"using":"xpath","value":".//caption[contains(., \"Invoice\") and not(.//caption)]"}
RESULT: {"using":"xpath","value":".//caption[contains(., \"Invoice\") and not(.//caption)]"}
COMMAND: POST /session/5e9d5de8fcf58b3200371aa3943f24f3/execute/sync - {"script":"return (function (elem, id) {\n        return (function parentElement() {\n        return this.parentElement;\n    }).call(elem, id);\n    }).apply(null, arguments)","args":[{"element-6066-11e4-a52e-4f735466cecf":"4BDDFDAF4E36E2FC8D6DA3E5BEB912A0_element_68","ELEMENT":"4BDDFDAF4E36E2FC8D6DA3E5BEB912A0_element_68"}]}
RESULT: {"script":"return (function (elem, id) {\n        return (function parentElement() {\n        return this.parentElement;\n    }).call(elem, id);\n    }).apply(null, arguments)","args":[{"element-6066-11e4-a52e-4f735466cecf":"4BDDFDAF4E36E2FC8D6DA3E5BEB912A0_element_68","ELEMENT":"4BDDFDAF4E36E2FC8D6DA3E5BEB912A0_element_68"}]}
COMMAND: GET /session/5e9d5de8fcf58b3200371aa3943f24f3/element/4BDDFDAF4E36E2FC8D6DA3E5BEB912A0_element_69/displayed - {}
RESULT: {}
COMMAND: POST /session/5e9d5de8fcf58b3200371aa3943f24f3/element/4BDDFDAF4E36E2FC8D6DA3E5BEB912A0_element_69/elements - {"using":"css selector","value":"tbody tr"}
RESULT: {"using":"css selector","value":"tbody tr"}
COMMAND: POST /session/5e9d5de8fcf58b3200371aa3943f24f3/element/4BDDFDAF4E36E2FC8D6DA3E5BEB912A0_element_69/element - {"using":"css selector","value":"thead tr"}
RESULT: {"using":"css selector","value":"thead tr"}
COMMAND: POST /session/5e9d5de8fcf58b3200371aa3943f24f3/element/4BDDFDAF4E36E2FC8D6DA3E5BEB912A0_element_72/elements - {"using":"css selector","value":"th"}
RESULT: {"using":"css selector","value":"th"}
COMMAND: GET /session/5e9d5de8fcf58b3200371aa3943f24f3/element/4BDDFDAF4E36E2FC8D6DA3E5BEB912A0_element_73/text - {}
COMMAND: GET /session/5e9d5de8fcf58b3200371aa3943f24f3/element/4BDDFDAF4E36E2FC8D6DA3E5BEB912A0_element_74/text - {}
COMMAND: GET /session/5e9d5de8fcf58b3200371aa3943f24f3/element/4BDDFDAF4E36E2FC8D6DA3E5BEB912A0_element_76/text - {}
COMMAND: GET /session/5e9d5de8fcf58b3200371aa3943f24f3/element/4BDDFDAF4E36E2FC8D6DA3E5BEB912A0_element_75/text - {}
COMMAND: GET /session/5e9d5de8fcf58b3200371aa3943f24f3/element/4BDDFDAF4E36E2FC8D6DA3E5BEB912A0_element_77/text - {}
RESULT: {}
RESULT: {}
RESULT: {}
RESULT: {}
RESULT: {}
COMMAND: POST /session/5e9d5de8fcf58b3200371aa3943f24f3/element/4BDDFDAF4E36E2FC8D6DA3E5BEB912A0_element_70/elements - {"using":"css selector","value":"th,td"}
RESULT: {"using":"css selector","value":"th,td"}
COMMAND: GET /session/5e9d5de8fcf58b3200371aa3943f24f3/element/4BDDFDAF4E36E2FC8D6DA3E5BEB912A0_element_78/text - {}
RESULT: {}
COMMAND: GET /session/5e9d5de8fcf58b3200371aa3943f24f3/element/4BDDFDAF4E36E2FC8D6DA3E5BEB912A0_element_79/text - {}
RESULT: {}
COMMAND: GET /session/5e9d5de8fcf58b3200371aa3943f24f3/element/4BDDFDAF4E36E2FC8D6DA3E5BEB912A0_element_80/text - {}
RESULT: {}
COMMAND: GET /session/5e9d5de8fcf58b3200371aa3943f24f3/element/4BDDFDAF4E36E2FC8D6DA3E5BEB912A0_element_81/text - {}
RESULT: {}
COMMAND: GET /session/5e9d5de8fcf58b3200371aa3943f24f3/element/4BDDFDAF4E36E2FC8D6DA3E5BEB912A0_element_82/text - {}
RESULT: {}
COMMAND: POST /session/5e9d5de8fcf58b3200371aa3943f24f3/element/4BDDFDAF4E36E2FC8D6DA3E5BEB912A0_element_71/elements - {"using":"css selector","value":"th,td"}
RESULT: {"using":"css selector","value":"th,td"}
COMMAND: GET /session/5e9d5de8fcf58b3200371aa3943f24f3/element/4BDDFDAF4E36E2FC8D6DA3E5BEB912A0_element_83/text - {}
RESULT: {}
COMMAND: GET /session/5e9d5de8fcf58b3200371aa3943f24f3/element/4BDDFDAF4E36E2FC8D6DA3E5BEB912A0_element_84/text - {}
RESULT: {}
COMMAND: GET /session/5e9d5de8fcf58b3200371aa3943f24f3/element/4BDDFDAF4E36E2FC8D6DA3E5BEB912A0_element_85/text - {}
RESULT: {}
COMMAND: GET /session/5e9d5de8fcf58b3200371aa3943f24f3/element/4BDDFDAF4E36E2FC8D6DA3E5BEB912A0_element_86/text - {}
RESULT: {}
COMMAND: GET /session/5e9d5de8fcf58b3200371aa3943f24f3/element/4BDDFDAF4E36E2FC8D6DA3E5BEB912A0_element_87/text - {}
RESULT: {}
]]></system-out>
    </testcase>
  </testsuite>
  <testsuite name="Vendor Vendor Three Invoice 2023 03" timestamp="2024-02-21T17:08:59" time="5.649" tests="6" failures="0" errors="0" skipped="0">
    <properties>
      <property name="specId" value="0"/>
      <property name="suiteName" value="Vendor: Vendor Three,Invoice:2023-03"/>
      <property name="capabilities" value="chrome-headless-shell.121_0_6167_184.linux"/>
      <property name="file" value="file://./ui-tests/specs/invoice.spec.ts"/>
    </properties>
    <testcase classname="chrome-headless-shell.121_0_6167_184.linux.Invoice_Page_Test.Vendor:_Vendor_Three,Invoice:2023-03" name="should display correct status banner color and message" time="1.381">
      <system-out><![CDATA[
COMMAND: POST /session/5e9d5de8fcf58b3200371aa3943f24f3/url - {"url":"https://pr-530.btm.dev.account.gov.uk/contracts/3/invoices/2023-03"}
RESULT: {"url":"https://pr-530.btm.dev.account.gov.uk/contracts/3/invoices/2023-03"}
COMMAND: POST /session/5e9d5de8fcf58b3200371aa3943f24f3/execute/sync - {"script":"return (() => document.readyState === \"complete\").apply(null, arguments)","args":[]}
RESULT: {"script":"return (() => document.readyState === \"complete\").apply(null, arguments)","args":[]}
COMMAND: GET /session/5e9d5de8fcf58b3200371aa3943f24f3/url - {}
RESULT: {}
COMMAND: POST /session/5e9d5de8fcf58b3200371aa3943f24f3/element - {"using":"css selector","value":".govuk-heading-xl"}
RESULT: {"using":"css selector","value":".govuk-heading-xl"}
COMMAND: GET /session/5e9d5de8fcf58b3200371aa3943f24f3/element/AC57D86864AA0C28AC86230FCD483219_element_90/displayed - {}
RESULT: {}
COMMAND: POST /session/5e9d5de8fcf58b3200371aa3943f24f3/element - {"using":"css selector","value":".govuk-heading-xl"}
RESULT: {"using":"css selector","value":".govuk-heading-xl"}
COMMAND: GET /session/5e9d5de8fcf58b3200371aa3943f24f3/element/AC57D86864AA0C28AC86230FCD483219_element_90/text - {}
RESULT: {}
COMMAND: POST /session/5e9d5de8fcf58b3200371aa3943f24f3/element - {"using":"css selector","value":"h2.govuk-panel__title"}
RESULT: {"using":"css selector","value":"h2.govuk-panel__title"}
COMMAND: GET /session/5e9d5de8fcf58b3200371aa3943f24f3/element/AC57D86864AA0C28AC86230FCD483219_element_91/displayed - {}
RESULT: {}
COMMAND: POST /session/5e9d5de8fcf58b3200371aa3943f24f3/element - {"using":"css selector","value":"h2.govuk-panel__title"}
RESULT: {"using":"css selector","value":"h2.govuk-panel__title"}
COMMAND: GET /session/5e9d5de8fcf58b3200371aa3943f24f3/element/AC57D86864AA0C28AC86230FCD483219_element_91/text - {}
RESULT: {}
COMMAND: POST /session/5e9d5de8fcf58b3200371aa3943f24f3/element - {"using":"css selector","value":".govuk-panel"}
RESULT: {"using":"css selector","value":".govuk-panel"}
COMMAND: GET /session/5e9d5de8fcf58b3200371aa3943f24f3/element/AC57D86864AA0C28AC86230FCD483219_element_92/displayed - {}
RESULT: {}
COMMAND: GET /session/5e9d5de8fcf58b3200371aa3943f24f3/element/AC57D86864AA0C28AC86230FCD483219_element_92/css/background-color - {}
RESULT: {}
]]></system-out>
    </testcase>
    <testcase classname="chrome-headless-shell.121_0_6167_184.linux.Invoice_Page_Test.Vendor:_Vendor_Three,Invoice:2023-03" name="should validate reconciliation table data" time="0.714">
      <system-out><![CDATA[
COMMAND: POST /session/5e9d5de8fcf58b3200371aa3943f24f3/url - {"url":"https://pr-530.btm.dev.account.gov.uk/contracts/3/invoices/2023-03"}
RESULT: {"url":"https://pr-530.btm.dev.account.gov.uk/contracts/3/invoices/2023-03"}
COMMAND: POST /session/5e9d5de8fcf58b3200371aa3943f24f3/execute/sync - {"script":"return (() => document.readyState === \"complete\").apply(null, arguments)","args":[]}
RESULT: {"script":"return (() => document.readyState === \"complete\").apply(null, arguments)","args":[]}
COMMAND: GET /session/5e9d5de8fcf58b3200371aa3943f24f3/url - {}
RESULT: {}
COMMAND: POST /session/5e9d5de8fcf58b3200371aa3943f24f3/element - {"using":"css selector","value":".govuk-heading-xl"}
RESULT: {"using":"css selector","value":".govuk-heading-xl"}
COMMAND: GET /session/5e9d5de8fcf58b3200371aa3943f24f3/element/12B0F43E43D4FF5F3F79BB0F0EDC0099_element_95/displayed - {}
RESULT: {}
COMMAND: POST /session/5e9d5de8fcf58b3200371aa3943f24f3/element - {"using":"css selector","value":".govuk-heading-xl"}
RESULT: {"using":"css selector","value":".govuk-heading-xl"}
COMMAND: GET /session/5e9d5de8fcf58b3200371aa3943f24f3/element/12B0F43E43D4FF5F3F79BB0F0EDC0099_element_95/text - {}
RESULT: {}
COMMAND: POST /session/5e9d5de8fcf58b3200371aa3943f24f3/element - {"using":"xpath","value":".//caption[contains(., \"Reconciliation\") and not(.//caption)]"}
RESULT: {"using":"xpath","value":".//caption[contains(., \"Reconciliation\") and not(.//caption)]"}
COMMAND: POST /session/5e9d5de8fcf58b3200371aa3943f24f3/execute/sync - {"script":"return (function (elem, id) {\n        return (function parentElement() {\n        return this.parentElement;\n    }).call(elem, id);\n    }).apply(null, arguments)","args":[{"element-6066-11e4-a52e-4f735466cecf":"12B0F43E43D4FF5F3F79BB0F0EDC0099_element_96","ELEMENT":"12B0F43E43D4FF5F3F79BB0F0EDC0099_element_96"}]}
RESULT: {"script":"return (function (elem, id) {\n        return (function parentElement() {\n        return this.parentElement;\n    }).call(elem, id);\n    }).apply(null, arguments)","args":[{"element-6066-11e4-a52e-4f735466cecf":"12B0F43E43D4FF5F3F79BB0F0EDC0099_element_96","ELEMENT":"12B0F43E43D4FF5F3F79BB0F0EDC0099_element_96"}]}
COMMAND: GET /session/5e9d5de8fcf58b3200371aa3943f24f3/element/12B0F43E43D4FF5F3F79BB0F0EDC0099_element_97/displayed - {}
RESULT: {}
COMMAND: POST /session/5e9d5de8fcf58b3200371aa3943f24f3/element/12B0F43E43D4FF5F3F79BB0F0EDC0099_element_97/elements - {"using":"css selector","value":"tbody tr"}
RESULT: {"using":"css selector","value":"tbody tr"}
COMMAND: POST /session/5e9d5de8fcf58b3200371aa3943f24f3/element/12B0F43E43D4FF5F3F79BB0F0EDC0099_element_97/element - {"using":"css selector","value":"thead tr"}
RESULT: {"using":"css selector","value":"thead tr"}
COMMAND: POST /session/5e9d5de8fcf58b3200371aa3943f24f3/element/12B0F43E43D4FF5F3F79BB0F0EDC0099_element_100/elements - {"using":"css selector","value":"th"}
RESULT: {"using":"css selector","value":"th"}
COMMAND: GET /session/5e9d5de8fcf58b3200371aa3943f24f3/element/12B0F43E43D4FF5F3F79BB0F0EDC0099_element_101/text - {}
COMMAND: GET /session/5e9d5de8fcf58b3200371aa3943f24f3/element/12B0F43E43D4FF5F3F79BB0F0EDC0099_element_102/text - {}
COMMAND: GET /session/5e9d5de8fcf58b3200371aa3943f24f3/element/12B0F43E43D4FF5F3F79BB0F0EDC0099_element_104/text - {}
COMMAND: GET /session/5e9d5de8fcf58b3200371aa3943f24f3/element/12B0F43E43D4FF5F3F79BB0F0EDC0099_element_103/text - {}
COMMAND: GET /session/5e9d5de8fcf58b3200371aa3943f24f3/element/12B0F43E43D4FF5F3F79BB0F0EDC0099_element_105/text - {}
RESULT: {}
RESULT: {}
RESULT: {}
RESULT: {}
RESULT: {}
COMMAND: POST /session/5e9d5de8fcf58b3200371aa3943f24f3/element/12B0F43E43D4FF5F3F79BB0F0EDC0099_element_98/elements - {"using":"css selector","value":"th,td"}
RESULT: {"using":"css selector","value":"th,td"}
COMMAND: GET /session/5e9d5de8fcf58b3200371aa3943f24f3/element/12B0F43E43D4FF5F3F79BB0F0EDC0099_element_106/text - {}
RESULT: {}
COMMAND: GET /session/5e9d5de8fcf58b3200371aa3943f24f3/element/12B0F43E43D4FF5F3F79BB0F0EDC0099_element_107/text - {}
RESULT: {}
COMMAND: GET /session/5e9d5de8fcf58b3200371aa3943f24f3/element/12B0F43E43D4FF5F3F79BB0F0EDC0099_element_108/text - {}
RESULT: {}
COMMAND: GET /session/5e9d5de8fcf58b3200371aa3943f24f3/element/12B0F43E43D4FF5F3F79BB0F0EDC0099_element_109/text - {}
RESULT: {}
COMMAND: GET /session/5e9d5de8fcf58b3200371aa3943f24f3/element/12B0F43E43D4FF5F3F79BB0F0EDC0099_element_110/text - {}
RESULT: {}
COMMAND: POST /session/5e9d5de8fcf58b3200371aa3943f24f3/element/12B0F43E43D4FF5F3F79BB0F0EDC0099_element_99/elements - {"using":"css selector","value":"th,td"}
RESULT: {"using":"css selector","value":"th,td"}
COMMAND: GET /session/5e9d5de8fcf58b3200371aa3943f24f3/element/12B0F43E43D4FF5F3F79BB0F0EDC0099_element_111/text - {}
RESULT: {}
COMMAND: GET /session/5e9d5de8fcf58b3200371aa3943f24f3/element/12B0F43E43D4FF5F3F79BB0F0EDC0099_element_112/text - {}
RESULT: {}
COMMAND: GET /session/5e9d5de8fcf58b3200371aa3943f24f3/element/12B0F43E43D4FF5F3F79BB0F0EDC0099_element_113/text - {}
RESULT: {}
COMMAND: GET /session/5e9d5de8fcf58b3200371aa3943f24f3/element/12B0F43E43D4FF5F3F79BB0F0EDC0099_element_114/text - {}
RESULT: {}
COMMAND: GET /session/5e9d5de8fcf58b3200371aa3943f24f3/element/12B0F43E43D4FF5F3F79BB0F0EDC0099_element_115/text - {}
RESULT: {}
]]></system-out>
    </testcase>
    <testcase classname="chrome-headless-shell.121_0_6167_184.linux.Invoice_Page_Test.Vendor:_Vendor_Three,Invoice:2023-03" name="should validate quantity events table data" time="0.65">
      <system-out><![CDATA[
COMMAND: POST /session/5e9d5de8fcf58b3200371aa3943f24f3/url - {"url":"https://pr-530.btm.dev.account.gov.uk/contracts/3/invoices/2023-03"}
RESULT: {"url":"https://pr-530.btm.dev.account.gov.uk/contracts/3/invoices/2023-03"}
COMMAND: POST /session/5e9d5de8fcf58b3200371aa3943f24f3/execute/sync - {"script":"return (() => document.readyState === \"complete\").apply(null, arguments)","args":[]}
RESULT: {"script":"return (() => document.readyState === \"complete\").apply(null, arguments)","args":[]}
COMMAND: GET /session/5e9d5de8fcf58b3200371aa3943f24f3/url - {}
RESULT: {}
COMMAND: POST /session/5e9d5de8fcf58b3200371aa3943f24f3/element - {"using":"css selector","value":".govuk-heading-xl"}
RESULT: {"using":"css selector","value":".govuk-heading-xl"}
COMMAND: GET /session/5e9d5de8fcf58b3200371aa3943f24f3/element/9DB2BD1D5C8C98D17D2F0DE304A8D1BB_element_118/displayed - {}
RESULT: {}
COMMAND: POST /session/5e9d5de8fcf58b3200371aa3943f24f3/element - {"using":"css selector","value":".govuk-heading-xl"}
RESULT: {"using":"css selector","value":".govuk-heading-xl"}
COMMAND: GET /session/5e9d5de8fcf58b3200371aa3943f24f3/element/9DB2BD1D5C8C98D17D2F0DE304A8D1BB_element_118/text - {}
RESULT: {}
COMMAND: POST /session/5e9d5de8fcf58b3200371aa3943f24f3/element - {"using":"xpath","value":".//caption[contains(., \"Quantity (events)\") and not(.//caption)]"}
RESULT: {"using":"xpath","value":".//caption[contains(., \"Quantity (events)\") and not(.//caption)]"}
COMMAND: POST /session/5e9d5de8fcf58b3200371aa3943f24f3/execute/sync - {"script":"return (function (elem, id) {\n        return (function parentElement() {\n        return this.parentElement;\n    }).call(elem, id);\n    }).apply(null, arguments)","args":[{"element-6066-11e4-a52e-4f735466cecf":"9DB2BD1D5C8C98D17D2F0DE304A8D1BB_element_119","ELEMENT":"9DB2BD1D5C8C98D17D2F0DE304A8D1BB_element_119"}]}
RESULT: {"script":"return (function (elem, id) {\n        return (function parentElement() {\n        return this.parentElement;\n    }).call(elem, id);\n    }).apply(null, arguments)","args":[{"element-6066-11e4-a52e-4f735466cecf":"9DB2BD1D5C8C98D17D2F0DE304A8D1BB_element_119","ELEMENT":"9DB2BD1D5C8C98D17D2F0DE304A8D1BB_element_119"}]}
COMMAND: GET /session/5e9d5de8fcf58b3200371aa3943f24f3/element/9DB2BD1D5C8C98D17D2F0DE304A8D1BB_element_120/displayed - {}
RESULT: {}
COMMAND: POST /session/5e9d5de8fcf58b3200371aa3943f24f3/element/9DB2BD1D5C8C98D17D2F0DE304A8D1BB_element_120/elements - {"using":"css selector","value":"tbody tr"}
RESULT: {"using":"css selector","value":"tbody tr"}
COMMAND: POST /session/5e9d5de8fcf58b3200371aa3943f24f3/element/9DB2BD1D5C8C98D17D2F0DE304A8D1BB_element_120/element - {"using":"css selector","value":"thead tr"}
RESULT: {"using":"css selector","value":"thead tr"}
COMMAND: POST /session/5e9d5de8fcf58b3200371aa3943f24f3/element/9DB2BD1D5C8C98D17D2F0DE304A8D1BB_element_123/elements - {"using":"css selector","value":"th"}
RESULT: {"using":"css selector","value":"th"}
COMMAND: GET /session/5e9d5de8fcf58b3200371aa3943f24f3/element/9DB2BD1D5C8C98D17D2F0DE304A8D1BB_element_124/text - {}
COMMAND: GET /session/5e9d5de8fcf58b3200371aa3943f24f3/element/9DB2BD1D5C8C98D17D2F0DE304A8D1BB_element_125/text - {}
COMMAND: GET /session/5e9d5de8fcf58b3200371aa3943f24f3/element/9DB2BD1D5C8C98D17D2F0DE304A8D1BB_element_127/text - {}
COMMAND: GET /session/5e9d5de8fcf58b3200371aa3943f24f3/element/9DB2BD1D5C8C98D17D2F0DE304A8D1BB_element_126/text - {}
RESULT: {}
RESULT: {}
RESULT: {}
RESULT: {}
COMMAND: POST /session/5e9d5de8fcf58b3200371aa3943f24f3/element/9DB2BD1D5C8C98D17D2F0DE304A8D1BB_element_121/elements - {"using":"css selector","value":"th,td"}
RESULT: {"using":"css selector","value":"th,td"}
COMMAND: GET /session/5e9d5de8fcf58b3200371aa3943f24f3/element/9DB2BD1D5C8C98D17D2F0DE304A8D1BB_element_128/text - {}
RESULT: {}
COMMAND: GET /session/5e9d5de8fcf58b3200371aa3943f24f3/element/9DB2BD1D5C8C98D17D2F0DE304A8D1BB_element_129/text - {}
RESULT: {}
COMMAND: GET /session/5e9d5de8fcf58b3200371aa3943f24f3/element/9DB2BD1D5C8C98D17D2F0DE304A8D1BB_element_130/text - {}
RESULT: {}
COMMAND: GET /session/5e9d5de8fcf58b3200371aa3943f24f3/element/9DB2BD1D5C8C98D17D2F0DE304A8D1BB_element_131/text - {}
RESULT: {}
COMMAND: POST /session/5e9d5de8fcf58b3200371aa3943f24f3/element/9DB2BD1D5C8C98D17D2F0DE304A8D1BB_element_122/elements - {"using":"css selector","value":"th,td"}
RESULT: {"using":"css selector","value":"th,td"}
COMMAND: GET /session/5e9d5de8fcf58b3200371aa3943f24f3/element/9DB2BD1D5C8C98D17D2F0DE304A8D1BB_element_132/text - {}
RESULT: {}
COMMAND: GET /session/5e9d5de8fcf58b3200371aa3943f24f3/element/9DB2BD1D5C8C98D17D2F0DE304A8D1BB_element_133/text - {}
RESULT: {}
COMMAND: GET /session/5e9d5de8fcf58b3200371aa3943f24f3/element/9DB2BD1D5C8C98D17D2F0DE304A8D1BB_element_134/text - {}
RESULT: {}
COMMAND: GET /session/5e9d5de8fcf58b3200371aa3943f24f3/element/9DB2BD1D5C8C98D17D2F0DE304A8D1BB_element_135/text - {}
RESULT: {}
]]></system-out>
    </testcase>
    <testcase classname="chrome-headless-shell.121_0_6167_184.linux.Invoice_Page_Test.Vendor:_Vendor_Three,Invoice:2023-03" name="should validate price table data" time="0.602">
      <system-out><![CDATA[
COMMAND: POST /session/5e9d5de8fcf58b3200371aa3943f24f3/url - {"url":"https://pr-530.btm.dev.account.gov.uk/contracts/3/invoices/2023-03"}
RESULT: {"url":"https://pr-530.btm.dev.account.gov.uk/contracts/3/invoices/2023-03"}
COMMAND: POST /session/5e9d5de8fcf58b3200371aa3943f24f3/execute/sync - {"script":"return (() => document.readyState === \"complete\").apply(null, arguments)","args":[]}
RESULT: {"script":"return (() => document.readyState === \"complete\").apply(null, arguments)","args":[]}
COMMAND: GET /session/5e9d5de8fcf58b3200371aa3943f24f3/url - {}
RESULT: {}
COMMAND: POST /session/5e9d5de8fcf58b3200371aa3943f24f3/element - {"using":"css selector","value":".govuk-heading-xl"}
RESULT: {"using":"css selector","value":".govuk-heading-xl"}
COMMAND: GET /session/5e9d5de8fcf58b3200371aa3943f24f3/element/3B664F8AD1F0ADEDFE48D2A0CBA8A067_element_138/displayed - {}
RESULT: {}
COMMAND: POST /session/5e9d5de8fcf58b3200371aa3943f24f3/element - {"using":"css selector","value":".govuk-heading-xl"}
RESULT: {"using":"css selector","value":".govuk-heading-xl"}
COMMAND: GET /session/5e9d5de8fcf58b3200371aa3943f24f3/element/3B664F8AD1F0ADEDFE48D2A0CBA8A067_element_138/text - {}
RESULT: {}
COMMAND: POST /session/5e9d5de8fcf58b3200371aa3943f24f3/element - {"using":"xpath","value":".//caption[contains(., \"Price\") and not(.//caption)]"}
RESULT: {"using":"xpath","value":".//caption[contains(., \"Price\") and not(.//caption)]"}
COMMAND: POST /session/5e9d5de8fcf58b3200371aa3943f24f3/execute/sync - {"script":"return (function (elem, id) {\n        return (function parentElement() {\n        return this.parentElement;\n    }).call(elem, id);\n    }).apply(null, arguments)","args":[{"element-6066-11e4-a52e-4f735466cecf":"3B664F8AD1F0ADEDFE48D2A0CBA8A067_element_139","ELEMENT":"3B664F8AD1F0ADEDFE48D2A0CBA8A067_element_139"}]}
RESULT: {"script":"return (function (elem, id) {\n        return (function parentElement() {\n        return this.parentElement;\n    }).call(elem, id);\n    }).apply(null, arguments)","args":[{"element-6066-11e4-a52e-4f735466cecf":"3B664F8AD1F0ADEDFE48D2A0CBA8A067_element_139","ELEMENT":"3B664F8AD1F0ADEDFE48D2A0CBA8A067_element_139"}]}
COMMAND: GET /session/5e9d5de8fcf58b3200371aa3943f24f3/element/3B664F8AD1F0ADEDFE48D2A0CBA8A067_element_140/displayed - {}
RESULT: {}
COMMAND: POST /session/5e9d5de8fcf58b3200371aa3943f24f3/element/3B664F8AD1F0ADEDFE48D2A0CBA8A067_element_140/elements - {"using":"css selector","value":"tbody tr"}
RESULT: {"using":"css selector","value":"tbody tr"}
COMMAND: POST /session/5e9d5de8fcf58b3200371aa3943f24f3/element/3B664F8AD1F0ADEDFE48D2A0CBA8A067_element_140/element - {"using":"css selector","value":"thead tr"}
RESULT: {"using":"css selector","value":"thead tr"}
COMMAND: POST /session/5e9d5de8fcf58b3200371aa3943f24f3/element/3B664F8AD1F0ADEDFE48D2A0CBA8A067_element_143/elements - {"using":"css selector","value":"th"}
RESULT: {"using":"css selector","value":"th"}
COMMAND: GET /session/5e9d5de8fcf58b3200371aa3943f24f3/element/3B664F8AD1F0ADEDFE48D2A0CBA8A067_element_144/text - {}
COMMAND: GET /session/5e9d5de8fcf58b3200371aa3943f24f3/element/3B664F8AD1F0ADEDFE48D2A0CBA8A067_element_145/text - {}
COMMAND: GET /session/5e9d5de8fcf58b3200371aa3943f24f3/element/3B664F8AD1F0ADEDFE48D2A0CBA8A067_element_147/text - {}
COMMAND: GET /session/5e9d5de8fcf58b3200371aa3943f24f3/element/3B664F8AD1F0ADEDFE48D2A0CBA8A067_element_146/text - {}
RESULT: {}
RESULT: {}
RESULT: {}
RESULT: {}
COMMAND: POST /session/5e9d5de8fcf58b3200371aa3943f24f3/element/3B664F8AD1F0ADEDFE48D2A0CBA8A067_element_141/elements - {"using":"css selector","value":"th,td"}
RESULT: {"using":"css selector","value":"th,td"}
COMMAND: GET /session/5e9d5de8fcf58b3200371aa3943f24f3/element/3B664F8AD1F0ADEDFE48D2A0CBA8A067_element_148/text - {}
RESULT: {}
COMMAND: GET /session/5e9d5de8fcf58b3200371aa3943f24f3/element/3B664F8AD1F0ADEDFE48D2A0CBA8A067_element_149/text - {}
RESULT: {}
COMMAND: GET /session/5e9d5de8fcf58b3200371aa3943f24f3/element/3B664F8AD1F0ADEDFE48D2A0CBA8A067_element_150/text - {}
RESULT: {}
COMMAND: GET /session/5e9d5de8fcf58b3200371aa3943f24f3/element/3B664F8AD1F0ADEDFE48D2A0CBA8A067_element_151/text - {}
RESULT: {}
COMMAND: POST /session/5e9d5de8fcf58b3200371aa3943f24f3/element/3B664F8AD1F0ADEDFE48D2A0CBA8A067_element_142/elements - {"using":"css selector","value":"th,td"}
RESULT: {"using":"css selector","value":"th,td"}
COMMAND: GET /session/5e9d5de8fcf58b3200371aa3943f24f3/element/3B664F8AD1F0ADEDFE48D2A0CBA8A067_element_152/text - {}
RESULT: {}
COMMAND: GET /session/5e9d5de8fcf58b3200371aa3943f24f3/element/3B664F8AD1F0ADEDFE48D2A0CBA8A067_element_153/text - {}
RESULT: {}
COMMAND: GET /session/5e9d5de8fcf58b3200371aa3943f24f3/element/3B664F8AD1F0ADEDFE48D2A0CBA8A067_element_154/text - {}
RESULT: {}
COMMAND: GET /session/5e9d5de8fcf58b3200371aa3943f24f3/element/3B664F8AD1F0ADEDFE48D2A0CBA8A067_element_155/text - {}
RESULT: {}
]]></system-out>
    </testcase>
    <testcase classname="chrome-headless-shell.121_0_6167_184.linux.Invoice_Page_Test.Vendor:_Vendor_Three,Invoice:2023-03" name="should validate measured events table data" time="1.577">
      <system-out><![CDATA[
COMMAND: POST /session/5e9d5de8fcf58b3200371aa3943f24f3/url - {"url":"https://pr-530.btm.dev.account.gov.uk/contracts/3/invoices/2023-03"}
RESULT: {"url":"https://pr-530.btm.dev.account.gov.uk/contracts/3/invoices/2023-03"}
COMMAND: POST /session/5e9d5de8fcf58b3200371aa3943f24f3/execute/sync - {"script":"return (() => document.readyState === \"complete\").apply(null, arguments)","args":[]}
RESULT: {"script":"return (() => document.readyState === \"complete\").apply(null, arguments)","args":[]}
COMMAND: GET /session/5e9d5de8fcf58b3200371aa3943f24f3/url - {}
RESULT: {}
COMMAND: POST /session/5e9d5de8fcf58b3200371aa3943f24f3/element - {"using":"css selector","value":".govuk-heading-xl"}
RESULT: {"using":"css selector","value":".govuk-heading-xl"}
COMMAND: GET /session/5e9d5de8fcf58b3200371aa3943f24f3/element/F778BDFD85595839A746E3295D3D675F_element_158/displayed - {}
RESULT: {}
COMMAND: POST /session/5e9d5de8fcf58b3200371aa3943f24f3/element - {"using":"css selector","value":".govuk-heading-xl"}
RESULT: {"using":"css selector","value":".govuk-heading-xl"}
COMMAND: GET /session/5e9d5de8fcf58b3200371aa3943f24f3/element/F778BDFD85595839A746E3295D3D675F_element_158/text - {}
RESULT: {}
COMMAND: POST /session/5e9d5de8fcf58b3200371aa3943f24f3/element - {"using":"xpath","value":".//caption[contains(., \"Measured (events)\") and not(.//caption)]"}
RESULT: {"using":"xpath","value":".//caption[contains(., \"Measured (events)\") and not(.//caption)]"}
COMMAND: POST /session/5e9d5de8fcf58b3200371aa3943f24f3/execute/sync - {"script":"return (function (elem, id) {\n        return (function parentElement() {\n        return this.parentElement;\n    }).call(elem, id);\n    }).apply(null, arguments)","args":[{"element-6066-11e4-a52e-4f735466cecf":"F778BDFD85595839A746E3295D3D675F_element_159","ELEMENT":"F778BDFD85595839A746E3295D3D675F_element_159"}]}
RESULT: {"script":"return (function (elem, id) {\n        return (function parentElement() {\n        return this.parentElement;\n    }).call(elem, id);\n    }).apply(null, arguments)","args":[{"element-6066-11e4-a52e-4f735466cecf":"F778BDFD85595839A746E3295D3D675F_element_159","ELEMENT":"F778BDFD85595839A746E3295D3D675F_element_159"}]}
COMMAND: GET /session/5e9d5de8fcf58b3200371aa3943f24f3/element/F778BDFD85595839A746E3295D3D675F_element_160/displayed - {}
RESULT: {}
COMMAND: POST /session/5e9d5de8fcf58b3200371aa3943f24f3/element/F778BDFD85595839A746E3295D3D675F_element_160/elements - {"using":"css selector","value":"tbody tr"}
RESULT: {"using":"css selector","value":"tbody tr"}
COMMAND: POST /session/5e9d5de8fcf58b3200371aa3943f24f3/element/F778BDFD85595839A746E3295D3D675F_element_160/element - {"using":"css selector","value":"thead tr"}
RESULT: {"using":"css selector","value":"thead tr"}
COMMAND: POST /session/5e9d5de8fcf58b3200371aa3943f24f3/element/F778BDFD85595839A746E3295D3D675F_element_163/elements - {"using":"css selector","value":"th"}
RESULT: {"using":"css selector","value":"th"}
COMMAND: GET /session/5e9d5de8fcf58b3200371aa3943f24f3/element/F778BDFD85595839A746E3295D3D675F_element_164/text - {}
COMMAND: GET /session/5e9d5de8fcf58b3200371aa3943f24f3/element/F778BDFD85595839A746E3295D3D675F_element_165/text - {}
RESULT: {}
RESULT: {}
COMMAND: POST /session/5e9d5de8fcf58b3200371aa3943f24f3/element/F778BDFD85595839A746E3295D3D675F_element_161/elements - {"using":"css selector","value":"th,td"}
RESULT: {"using":"css selector","value":"th,td"}
COMMAND: GET /session/5e9d5de8fcf58b3200371aa3943f24f3/element/F778BDFD85595839A746E3295D3D675F_element_166/text - {}
RESULT: {}
COMMAND: GET /session/5e9d5de8fcf58b3200371aa3943f24f3/element/F778BDFD85595839A746E3295D3D675F_element_167/text - {}
RESULT: {}
COMMAND: POST /session/5e9d5de8fcf58b3200371aa3943f24f3/element/F778BDFD85595839A746E3295D3D675F_element_162/elements - {"using":"css selector","value":"th,td"}
RESULT: {"using":"css selector","value":"th,td"}
COMMAND: GET /session/5e9d5de8fcf58b3200371aa3943f24f3/element/F778BDFD85595839A746E3295D3D675F_element_168/text - {}
RESULT: {}
COMMAND: GET /session/5e9d5de8fcf58b3200371aa3943f24f3/element/F778BDFD85595839A746E3295D3D675F_element_169/text - {}
RESULT: {}
]]></system-out>
    </testcase>
    <testcase classname="chrome-headless-shell.121_0_6167_184.linux.Invoice_Page_Test.Vendor:_Vendor_Three,Invoice:2023-03" name="should validate invoice table data" time="0.72">
      <system-out><![CDATA[
COMMAND: POST /session/5e9d5de8fcf58b3200371aa3943f24f3/url - {"url":"https://pr-530.btm.dev.account.gov.uk/contracts/3/invoices/2023-03"}
RESULT: {"url":"https://pr-530.btm.dev.account.gov.uk/contracts/3/invoices/2023-03"}
COMMAND: POST /session/5e9d5de8fcf58b3200371aa3943f24f3/execute/sync - {"script":"return (() => document.readyState === \"complete\").apply(null, arguments)","args":[]}
RESULT: {"script":"return (() => document.readyState === \"complete\").apply(null, arguments)","args":[]}
COMMAND: GET /session/5e9d5de8fcf58b3200371aa3943f24f3/url - {}
RESULT: {}
COMMAND: POST /session/5e9d5de8fcf58b3200371aa3943f24f3/element - {"using":"css selector","value":".govuk-heading-xl"}
RESULT: {"using":"css selector","value":".govuk-heading-xl"}
COMMAND: GET /session/5e9d5de8fcf58b3200371aa3943f24f3/element/3F5CEC91526AC7C97DFBEE0D3EC30C23_element_172/displayed - {}
RESULT: {}
COMMAND: POST /session/5e9d5de8fcf58b3200371aa3943f24f3/element - {"using":"css selector","value":".govuk-heading-xl"}
RESULT: {"using":"css selector","value":".govuk-heading-xl"}
COMMAND: GET /session/5e9d5de8fcf58b3200371aa3943f24f3/element/3F5CEC91526AC7C97DFBEE0D3EC30C23_element_172/text - {}
RESULT: {}
COMMAND: POST /session/5e9d5de8fcf58b3200371aa3943f24f3/element - {"using":"xpath","value":".//caption[contains(., \"Invoice\") and not(.//caption)]"}
RESULT: {"using":"xpath","value":".//caption[contains(., \"Invoice\") and not(.//caption)]"}
COMMAND: POST /session/5e9d5de8fcf58b3200371aa3943f24f3/execute/sync - {"script":"return (function (elem, id) {\n        return (function parentElement() {\n        return this.parentElement;\n    }).call(elem, id);\n    }).apply(null, arguments)","args":[{"element-6066-11e4-a52e-4f735466cecf":"3F5CEC91526AC7C97DFBEE0D3EC30C23_element_173","ELEMENT":"3F5CEC91526AC7C97DFBEE0D3EC30C23_element_173"}]}
RESULT: {"script":"return (function (elem, id) {\n        return (function parentElement() {\n        return this.parentElement;\n    }).call(elem, id);\n    }).apply(null, arguments)","args":[{"element-6066-11e4-a52e-4f735466cecf":"3F5CEC91526AC7C97DFBEE0D3EC30C23_element_173","ELEMENT":"3F5CEC91526AC7C97DFBEE0D3EC30C23_element_173"}]}
COMMAND: GET /session/5e9d5de8fcf58b3200371aa3943f24f3/element/3F5CEC91526AC7C97DFBEE0D3EC30C23_element_174/displayed - {}
RESULT: {}
COMMAND: POST /session/5e9d5de8fcf58b3200371aa3943f24f3/element/3F5CEC91526AC7C97DFBEE0D3EC30C23_element_174/elements - {"using":"css selector","value":"tbody tr"}
RESULT: {"using":"css selector","value":"tbody tr"}
COMMAND: POST /session/5e9d5de8fcf58b3200371aa3943f24f3/element/3F5CEC91526AC7C97DFBEE0D3EC30C23_element_174/element - {"using":"css selector","value":"thead tr"}
RESULT: {"using":"css selector","value":"thead tr"}
COMMAND: POST /session/5e9d5de8fcf58b3200371aa3943f24f3/element/3F5CEC91526AC7C97DFBEE0D3EC30C23_element_178/elements - {"using":"css selector","value":"th"}
RESULT: {"using":"css selector","value":"th"}
COMMAND: GET /session/5e9d5de8fcf58b3200371aa3943f24f3/element/3F5CEC91526AC7C97DFBEE0D3EC30C23_element_179/text - {}
COMMAND: GET /session/5e9d5de8fcf58b3200371aa3943f24f3/element/3F5CEC91526AC7C97DFBEE0D3EC30C23_element_180/text - {}
COMMAND: GET /session/5e9d5de8fcf58b3200371aa3943f24f3/element/3F5CEC91526AC7C97DFBEE0D3EC30C23_element_182/text - {}
COMMAND: GET /session/5e9d5de8fcf58b3200371aa3943f24f3/element/3F5CEC91526AC7C97DFBEE0D3EC30C23_element_181/text - {}
COMMAND: GET /session/5e9d5de8fcf58b3200371aa3943f24f3/element/3F5CEC91526AC7C97DFBEE0D3EC30C23_element_183/text - {}
RESULT: {}
RESULT: {}
RESULT: {}
RESULT: {}
RESULT: {}
COMMAND: POST /session/5e9d5de8fcf58b3200371aa3943f24f3/element/3F5CEC91526AC7C97DFBEE0D3EC30C23_element_175/elements - {"using":"css selector","value":"th,td"}
RESULT: {"using":"css selector","value":"th,td"}
COMMAND: GET /session/5e9d5de8fcf58b3200371aa3943f24f3/element/3F5CEC91526AC7C97DFBEE0D3EC30C23_element_184/text - {}
RESULT: {}
COMMAND: GET /session/5e9d5de8fcf58b3200371aa3943f24f3/element/3F5CEC91526AC7C97DFBEE0D3EC30C23_element_185/text - {}
RESULT: {}
COMMAND: GET /session/5e9d5de8fcf58b3200371aa3943f24f3/element/3F5CEC91526AC7C97DFBEE0D3EC30C23_element_186/text - {}
RESULT: {}
COMMAND: GET /session/5e9d5de8fcf58b3200371aa3943f24f3/element/3F5CEC91526AC7C97DFBEE0D3EC30C23_element_187/text - {}
RESULT: {}
COMMAND: GET /session/5e9d5de8fcf58b3200371aa3943f24f3/element/3F5CEC91526AC7C97DFBEE0D3EC30C23_element_188/text - {}
RESULT: {}
COMMAND: POST /session/5e9d5de8fcf58b3200371aa3943f24f3/element/3F5CEC91526AC7C97DFBEE0D3EC30C23_element_176/elements - {"using":"css selector","value":"th,td"}
RESULT: {"using":"css selector","value":"th,td"}
COMMAND: GET /session/5e9d5de8fcf58b3200371aa3943f24f3/element/3F5CEC91526AC7C97DFBEE0D3EC30C23_element_189/text - {}
RESULT: {}
COMMAND: GET /session/5e9d5de8fcf58b3200371aa3943f24f3/element/3F5CEC91526AC7C97DFBEE0D3EC30C23_element_190/text - {}
RESULT: {}
COMMAND: GET /session/5e9d5de8fcf58b3200371aa3943f24f3/element/3F5CEC91526AC7C97DFBEE0D3EC30C23_element_191/text - {}
RESULT: {}
COMMAND: GET /session/5e9d5de8fcf58b3200371aa3943f24f3/element/3F5CEC91526AC7C97DFBEE0D3EC30C23_element_192/text - {}
RESULT: {}
COMMAND: GET /session/5e9d5de8fcf58b3200371aa3943f24f3/element/3F5CEC91526AC7C97DFBEE0D3EC30C23_element_193/text - {}
RESULT: {}
COMMAND: POST /session/5e9d5de8fcf58b3200371aa3943f24f3/element/3F5CEC91526AC7C97DFBEE0D3EC30C23_element_177/elements - {"using":"css selector","value":"th,td"}
RESULT: {"using":"css selector","value":"th,td"}
COMMAND: GET /session/5e9d5de8fcf58b3200371aa3943f24f3/element/3F5CEC91526AC7C97DFBEE0D3EC30C23_element_194/text - {}
RESULT: {}
COMMAND: GET /session/5e9d5de8fcf58b3200371aa3943f24f3/element/3F5CEC91526AC7C97DFBEE0D3EC30C23_element_195/text - {}
RESULT: {}
COMMAND: GET /session/5e9d5de8fcf58b3200371aa3943f24f3/element/3F5CEC91526AC7C97DFBEE0D3EC30C23_element_196/text - {}
RESULT: {}
COMMAND: GET /session/5e9d5de8fcf58b3200371aa3943f24f3/element/3F5CEC91526AC7C97DFBEE0D3EC30C23_element_197/text - {}
RESULT: {}
COMMAND: GET /session/5e9d5de8fcf58b3200371aa3943f24f3/element/3F5CEC91526AC7C97DFBEE0D3EC30C23_element_198/text - {}
RESULT: {}
]]></system-out>
    </testcase>
  </testsuite>
  <testsuite name="Vendor Vendor Three Invoice 2005 08" timestamp="2024-02-21T17:09:04" time="3.382" tests="6" failures="0" errors="0" skipped="0">
    <properties>
      <property name="specId" value="0"/>
      <property name="suiteName" value="Vendor: Vendor Three,Invoice:2005-08"/>
      <property name="capabilities" value="chrome-headless-shell.121_0_6167_184.linux"/>
      <property name="file" value="file://./ui-tests/specs/invoice.spec.ts"/>
    </properties>
    <testcase classname="chrome-headless-shell.121_0_6167_184.linux.Invoice_Page_Test.Vendor:_Vendor_Three,Invoice:2005-08" name="should display correct status banner color and message" time="0.469">
      <system-out><![CDATA[
COMMAND: POST /session/5e9d5de8fcf58b3200371aa3943f24f3/url - {"url":"https://pr-530.btm.dev.account.gov.uk/contracts/3/invoices/2005-08"}
RESULT: {"url":"https://pr-530.btm.dev.account.gov.uk/contracts/3/invoices/2005-08"}
COMMAND: POST /session/5e9d5de8fcf58b3200371aa3943f24f3/execute/sync - {"script":"return (() => document.readyState === \"complete\").apply(null, arguments)","args":[]}
RESULT: {"script":"return (() => document.readyState === \"complete\").apply(null, arguments)","args":[]}
COMMAND: GET /session/5e9d5de8fcf58b3200371aa3943f24f3/url - {}
RESULT: {}
COMMAND: POST /session/5e9d5de8fcf58b3200371aa3943f24f3/element - {"using":"css selector","value":".govuk-heading-xl"}
RESULT: {"using":"css selector","value":".govuk-heading-xl"}
COMMAND: GET /session/5e9d5de8fcf58b3200371aa3943f24f3/element/8EFF544F0A4F2E77756A778DB8EB1ED1_element_201/displayed - {}
RESULT: {}
COMMAND: POST /session/5e9d5de8fcf58b3200371aa3943f24f3/element - {"using":"css selector","value":".govuk-heading-xl"}
RESULT: {"using":"css selector","value":".govuk-heading-xl"}
COMMAND: GET /session/5e9d5de8fcf58b3200371aa3943f24f3/element/8EFF544F0A4F2E77756A778DB8EB1ED1_element_201/text - {}
RESULT: {}
COMMAND: POST /session/5e9d5de8fcf58b3200371aa3943f24f3/element - {"using":"css selector","value":"h2.govuk-panel__title"}
RESULT: {"using":"css selector","value":"h2.govuk-panel__title"}
COMMAND: GET /session/5e9d5de8fcf58b3200371aa3943f24f3/element/8EFF544F0A4F2E77756A778DB8EB1ED1_element_202/displayed - {}
RESULT: {}
COMMAND: POST /session/5e9d5de8fcf58b3200371aa3943f24f3/element - {"using":"css selector","value":"h2.govuk-panel__title"}
RESULT: {"using":"css selector","value":"h2.govuk-panel__title"}
COMMAND: GET /session/5e9d5de8fcf58b3200371aa3943f24f3/element/8EFF544F0A4F2E77756A778DB8EB1ED1_element_202/text - {}
RESULT: {}
COMMAND: POST /session/5e9d5de8fcf58b3200371aa3943f24f3/element - {"using":"css selector","value":".govuk-panel"}
RESULT: {"using":"css selector","value":".govuk-panel"}
COMMAND: GET /session/5e9d5de8fcf58b3200371aa3943f24f3/element/8EFF544F0A4F2E77756A778DB8EB1ED1_element_203/displayed - {}
RESULT: {}
COMMAND: GET /session/5e9d5de8fcf58b3200371aa3943f24f3/element/8EFF544F0A4F2E77756A778DB8EB1ED1_element_203/css/background-color - {}
RESULT: {}
]]></system-out>
    </testcase>
    <testcase classname="chrome-headless-shell.121_0_6167_184.linux.Invoice_Page_Test.Vendor:_Vendor_Three,Invoice:2005-08" name="should validate reconciliation table data" time="0.524">
      <system-out><![CDATA[
COMMAND: POST /session/5e9d5de8fcf58b3200371aa3943f24f3/url - {"url":"https://pr-530.btm.dev.account.gov.uk/contracts/3/invoices/2005-08"}
RESULT: {"url":"https://pr-530.btm.dev.account.gov.uk/contracts/3/invoices/2005-08"}
COMMAND: POST /session/5e9d5de8fcf58b3200371aa3943f24f3/execute/sync - {"script":"return (() => document.readyState === \"complete\").apply(null, arguments)","args":[]}
RESULT: {"script":"return (() => document.readyState === \"complete\").apply(null, arguments)","args":[]}
COMMAND: GET /session/5e9d5de8fcf58b3200371aa3943f24f3/url - {}
RESULT: {}
COMMAND: POST /session/5e9d5de8fcf58b3200371aa3943f24f3/element - {"using":"css selector","value":".govuk-heading-xl"}
RESULT: {"using":"css selector","value":".govuk-heading-xl"}
COMMAND: GET /session/5e9d5de8fcf58b3200371aa3943f24f3/element/C05D2AAC6CAA96EBC50A101559FC6A08_element_206/displayed - {}
RESULT: {}
COMMAND: POST /session/5e9d5de8fcf58b3200371aa3943f24f3/element - {"using":"css selector","value":".govuk-heading-xl"}
RESULT: {"using":"css selector","value":".govuk-heading-xl"}
COMMAND: GET /session/5e9d5de8fcf58b3200371aa3943f24f3/element/C05D2AAC6CAA96EBC50A101559FC6A08_element_206/text - {}
RESULT: {}
COMMAND: POST /session/5e9d5de8fcf58b3200371aa3943f24f3/element - {"using":"xpath","value":".//caption[contains(., \"Reconciliation\") and not(.//caption)]"}
RESULT: {"using":"xpath","value":".//caption[contains(., \"Reconciliation\") and not(.//caption)]"}
COMMAND: POST /session/5e9d5de8fcf58b3200371aa3943f24f3/execute/sync - {"script":"return (function (elem, id) {\n        return (function parentElement() {\n        return this.parentElement;\n    }).call(elem, id);\n    }).apply(null, arguments)","args":[{"element-6066-11e4-a52e-4f735466cecf":"C05D2AAC6CAA96EBC50A101559FC6A08_element_207","ELEMENT":"C05D2AAC6CAA96EBC50A101559FC6A08_element_207"}]}
RESULT: {"script":"return (function (elem, id) {\n        return (function parentElement() {\n        return this.parentElement;\n    }).call(elem, id);\n    }).apply(null, arguments)","args":[{"element-6066-11e4-a52e-4f735466cecf":"C05D2AAC6CAA96EBC50A101559FC6A08_element_207","ELEMENT":"C05D2AAC6CAA96EBC50A101559FC6A08_element_207"}]}
COMMAND: GET /session/5e9d5de8fcf58b3200371aa3943f24f3/element/C05D2AAC6CAA96EBC50A101559FC6A08_element_208/displayed - {}
RESULT: {}
COMMAND: POST /session/5e9d5de8fcf58b3200371aa3943f24f3/element/C05D2AAC6CAA96EBC50A101559FC6A08_element_208/elements - {"using":"css selector","value":"tbody tr"}
RESULT: {"using":"css selector","value":"tbody tr"}
COMMAND: POST /session/5e9d5de8fcf58b3200371aa3943f24f3/element/C05D2AAC6CAA96EBC50A101559FC6A08_element_208/element - {"using":"css selector","value":"thead tr"}
RESULT: {"using":"css selector","value":"thead tr"}
COMMAND: POST /session/5e9d5de8fcf58b3200371aa3943f24f3/element/C05D2AAC6CAA96EBC50A101559FC6A08_element_210/elements - {"using":"css selector","value":"th"}
RESULT: {"using":"css selector","value":"th"}
COMMAND: GET /session/5e9d5de8fcf58b3200371aa3943f24f3/element/C05D2AAC6CAA96EBC50A101559FC6A08_element_211/text - {}
COMMAND: GET /session/5e9d5de8fcf58b3200371aa3943f24f3/element/C05D2AAC6CAA96EBC50A101559FC6A08_element_212/text - {}
COMMAND: GET /session/5e9d5de8fcf58b3200371aa3943f24f3/element/C05D2AAC6CAA96EBC50A101559FC6A08_element_214/text - {}
COMMAND: GET /session/5e9d5de8fcf58b3200371aa3943f24f3/element/C05D2AAC6CAA96EBC50A101559FC6A08_element_213/text - {}
COMMAND: GET /session/5e9d5de8fcf58b3200371aa3943f24f3/element/C05D2AAC6CAA96EBC50A101559FC6A08_element_215/text - {}
RESULT: {}
RESULT: {}
RESULT: {}
RESULT: {}
RESULT: {}
COMMAND: POST /session/5e9d5de8fcf58b3200371aa3943f24f3/element/C05D2AAC6CAA96EBC50A101559FC6A08_element_209/elements - {"using":"css selector","value":"th,td"}
RESULT: {"using":"css selector","value":"th,td"}
COMMAND: GET /session/5e9d5de8fcf58b3200371aa3943f24f3/element/C05D2AAC6CAA96EBC50A101559FC6A08_element_216/text - {}
RESULT: {}
COMMAND: GET /session/5e9d5de8fcf58b3200371aa3943f24f3/element/C05D2AAC6CAA96EBC50A101559FC6A08_element_217/text - {}
RESULT: {}
COMMAND: GET /session/5e9d5de8fcf58b3200371aa3943f24f3/element/C05D2AAC6CAA96EBC50A101559FC6A08_element_218/text - {}
RESULT: {}
COMMAND: GET /session/5e9d5de8fcf58b3200371aa3943f24f3/element/C05D2AAC6CAA96EBC50A101559FC6A08_element_219/text - {}
RESULT: {}
COMMAND: GET /session/5e9d5de8fcf58b3200371aa3943f24f3/element/C05D2AAC6CAA96EBC50A101559FC6A08_element_220/text - {}
RESULT: {}
]]></system-out>
    </testcase>
    <testcase classname="chrome-headless-shell.121_0_6167_184.linux.Invoice_Page_Test.Vendor:_Vendor_Three,Invoice:2005-08" name="should validate quantity events table data" time="0.55">
      <system-out><![CDATA[
COMMAND: POST /session/5e9d5de8fcf58b3200371aa3943f24f3/url - {"url":"https://pr-530.btm.dev.account.gov.uk/contracts/3/invoices/2005-08"}
RESULT: {"url":"https://pr-530.btm.dev.account.gov.uk/contracts/3/invoices/2005-08"}
COMMAND: POST /session/5e9d5de8fcf58b3200371aa3943f24f3/execute/sync - {"script":"return (() => document.readyState === \"complete\").apply(null, arguments)","args":[]}
RESULT: {"script":"return (() => document.readyState === \"complete\").apply(null, arguments)","args":[]}
COMMAND: GET /session/5e9d5de8fcf58b3200371aa3943f24f3/url - {}
RESULT: {}
COMMAND: POST /session/5e9d5de8fcf58b3200371aa3943f24f3/element - {"using":"css selector","value":".govuk-heading-xl"}
RESULT: {"using":"css selector","value":".govuk-heading-xl"}
COMMAND: GET /session/5e9d5de8fcf58b3200371aa3943f24f3/element/692850107C989782CAC5F48A09E7D5AD_element_223/displayed - {}
RESULT: {}
COMMAND: POST /session/5e9d5de8fcf58b3200371aa3943f24f3/element - {"using":"css selector","value":".govuk-heading-xl"}
RESULT: {"using":"css selector","value":".govuk-heading-xl"}
COMMAND: GET /session/5e9d5de8fcf58b3200371aa3943f24f3/element/692850107C989782CAC5F48A09E7D5AD_element_223/text - {}
RESULT: {}
COMMAND: POST /session/5e9d5de8fcf58b3200371aa3943f24f3/element - {"using":"xpath","value":".//caption[contains(., \"Quantity (events)\") and not(.//caption)]"}
RESULT: {"using":"xpath","value":".//caption[contains(., \"Quantity (events)\") and not(.//caption)]"}
COMMAND: POST /session/5e9d5de8fcf58b3200371aa3943f24f3/execute/sync - {"script":"return (function (elem, id) {\n        return (function parentElement() {\n        return this.parentElement;\n    }).call(elem, id);\n    }).apply(null, arguments)","args":[{"element-6066-11e4-a52e-4f735466cecf":"692850107C989782CAC5F48A09E7D5AD_element_226","ELEMENT":"692850107C989782CAC5F48A09E7D5AD_element_226"}]}
RESULT: {"script":"return (function (elem, id) {\n        return (function parentElement() {\n        return this.parentElement;\n    }).call(elem, id);\n    }).apply(null, arguments)","args":[{"element-6066-11e4-a52e-4f735466cecf":"692850107C989782CAC5F48A09E7D5AD_element_226","ELEMENT":"692850107C989782CAC5F48A09E7D5AD_element_226"}]}
COMMAND: GET /session/5e9d5de8fcf58b3200371aa3943f24f3/element/692850107C989782CAC5F48A09E7D5AD_element_227/displayed - {}
RESULT: {}
COMMAND: POST /session/5e9d5de8fcf58b3200371aa3943f24f3/element/692850107C989782CAC5F48A09E7D5AD_element_227/elements - {"using":"css selector","value":"tbody tr"}
RESULT: {"using":"css selector","value":"tbody tr"}
COMMAND: POST /session/5e9d5de8fcf58b3200371aa3943f24f3/element/692850107C989782CAC5F48A09E7D5AD_element_227/element - {"using":"css selector","value":"thead tr"}
RESULT: {"using":"css selector","value":"thead tr"}
COMMAND: POST /session/5e9d5de8fcf58b3200371aa3943f24f3/element/692850107C989782CAC5F48A09E7D5AD_element_229/elements - {"using":"css selector","value":"th"}
RESULT: {"using":"css selector","value":"th"}
COMMAND: GET /session/5e9d5de8fcf58b3200371aa3943f24f3/element/692850107C989782CAC5F48A09E7D5AD_element_230/text - {}
COMMAND: GET /session/5e9d5de8fcf58b3200371aa3943f24f3/element/692850107C989782CAC5F48A09E7D5AD_element_231/text - {}
COMMAND: GET /session/5e9d5de8fcf58b3200371aa3943f24f3/element/692850107C989782CAC5F48A09E7D5AD_element_233/text - {}
COMMAND: GET /session/5e9d5de8fcf58b3200371aa3943f24f3/element/692850107C989782CAC5F48A09E7D5AD_element_232/text - {}
RESULT: {}
RESULT: {}
RESULT: {}
RESULT: {}
COMMAND: POST /session/5e9d5de8fcf58b3200371aa3943f24f3/element/692850107C989782CAC5F48A09E7D5AD_element_228/elements - {"using":"css selector","value":"th,td"}
RESULT: {"using":"css selector","value":"th,td"}
COMMAND: GET /session/5e9d5de8fcf58b3200371aa3943f24f3/element/692850107C989782CAC5F48A09E7D5AD_element_234/text - {}
RESULT: {}
COMMAND: GET /session/5e9d5de8fcf58b3200371aa3943f24f3/element/692850107C989782CAC5F48A09E7D5AD_element_235/text - {}
RESULT: {}
COMMAND: GET /session/5e9d5de8fcf58b3200371aa3943f24f3/element/692850107C989782CAC5F48A09E7D5AD_element_236/text - {}
RESULT: {}
COMMAND: GET /session/5e9d5de8fcf58b3200371aa3943f24f3/element/692850107C989782CAC5F48A09E7D5AD_element_237/text - {}
RESULT: {}
]]></system-out>
    </testcase>
    <testcase classname="chrome-headless-shell.121_0_6167_184.linux.Invoice_Page_Test.Vendor:_Vendor_Three,Invoice:2005-08" name="should validate price table data" time="0.516">
      <system-out><![CDATA[
COMMAND: POST /session/5e9d5de8fcf58b3200371aa3943f24f3/url - {"url":"https://pr-530.btm.dev.account.gov.uk/contracts/3/invoices/2005-08"}
RESULT: {"url":"https://pr-530.btm.dev.account.gov.uk/contracts/3/invoices/2005-08"}
COMMAND: POST /session/5e9d5de8fcf58b3200371aa3943f24f3/execute/sync - {"script":"return (() => document.readyState === \"complete\").apply(null, arguments)","args":[]}
RESULT: {"script":"return (() => document.readyState === \"complete\").apply(null, arguments)","args":[]}
COMMAND: GET /session/5e9d5de8fcf58b3200371aa3943f24f3/url - {}
RESULT: {}
COMMAND: POST /session/5e9d5de8fcf58b3200371aa3943f24f3/element - {"using":"css selector","value":".govuk-heading-xl"}
RESULT: {"using":"css selector","value":".govuk-heading-xl"}
COMMAND: GET /session/5e9d5de8fcf58b3200371aa3943f24f3/element/E637C5E84138B777246CA41A5F1C68B9_element_240/displayed - {}
RESULT: {}
COMMAND: POST /session/5e9d5de8fcf58b3200371aa3943f24f3/element - {"using":"css selector","value":".govuk-heading-xl"}
RESULT: {"using":"css selector","value":".govuk-heading-xl"}
COMMAND: GET /session/5e9d5de8fcf58b3200371aa3943f24f3/element/E637C5E84138B777246CA41A5F1C68B9_element_240/text - {}
RESULT: {}
COMMAND: POST /session/5e9d5de8fcf58b3200371aa3943f24f3/element - {"using":"xpath","value":".//caption[contains(., \"Price\") and not(.//caption)]"}
RESULT: {"using":"xpath","value":".//caption[contains(., \"Price\") and not(.//caption)]"}
COMMAND: POST /session/5e9d5de8fcf58b3200371aa3943f24f3/execute/sync - {"script":"return (function (elem, id) {\n        return (function parentElement() {\n        return this.parentElement;\n    }).call(elem, id);\n    }).apply(null, arguments)","args":[{"element-6066-11e4-a52e-4f735466cecf":"E637C5E84138B777246CA41A5F1C68B9_element_241","ELEMENT":"E637C5E84138B777246CA41A5F1C68B9_element_241"}]}
RESULT: {"script":"return (function (elem, id) {\n        return (function parentElement() {\n        return this.parentElement;\n    }).call(elem, id);\n    }).apply(null, arguments)","args":[{"element-6066-11e4-a52e-4f735466cecf":"E637C5E84138B777246CA41A5F1C68B9_element_241","ELEMENT":"E637C5E84138B777246CA41A5F1C68B9_element_241"}]}
COMMAND: GET /session/5e9d5de8fcf58b3200371aa3943f24f3/element/E637C5E84138B777246CA41A5F1C68B9_element_242/displayed - {}
RESULT: {}
COMMAND: POST /session/5e9d5de8fcf58b3200371aa3943f24f3/element/E637C5E84138B777246CA41A5F1C68B9_element_242/elements - {"using":"css selector","value":"tbody tr"}
RESULT: {"using":"css selector","value":"tbody tr"}
COMMAND: POST /session/5e9d5de8fcf58b3200371aa3943f24f3/element/E637C5E84138B777246CA41A5F1C68B9_element_242/element - {"using":"css selector","value":"thead tr"}
RESULT: {"using":"css selector","value":"thead tr"}
COMMAND: POST /session/5e9d5de8fcf58b3200371aa3943f24f3/element/E637C5E84138B777246CA41A5F1C68B9_element_244/elements - {"using":"css selector","value":"th"}
RESULT: {"using":"css selector","value":"th"}
COMMAND: GET /session/5e9d5de8fcf58b3200371aa3943f24f3/element/E637C5E84138B777246CA41A5F1C68B9_element_245/text - {}
COMMAND: GET /session/5e9d5de8fcf58b3200371aa3943f24f3/element/E637C5E84138B777246CA41A5F1C68B9_element_246/text - {}
COMMAND: GET /session/5e9d5de8fcf58b3200371aa3943f24f3/element/E637C5E84138B777246CA41A5F1C68B9_element_248/text - {}
COMMAND: GET /session/5e9d5de8fcf58b3200371aa3943f24f3/element/E637C5E84138B777246CA41A5F1C68B9_element_247/text - {}
RESULT: {}
RESULT: {}
RESULT: {}
RESULT: {}
COMMAND: POST /session/5e9d5de8fcf58b3200371aa3943f24f3/element/E637C5E84138B777246CA41A5F1C68B9_element_243/elements - {"using":"css selector","value":"th,td"}
RESULT: {"using":"css selector","value":"th,td"}
COMMAND: GET /session/5e9d5de8fcf58b3200371aa3943f24f3/element/E637C5E84138B777246CA41A5F1C68B9_element_249/text - {}
RESULT: {}
COMMAND: GET /session/5e9d5de8fcf58b3200371aa3943f24f3/element/E637C5E84138B777246CA41A5F1C68B9_element_250/text - {}
RESULT: {}
COMMAND: GET /session/5e9d5de8fcf58b3200371aa3943f24f3/element/E637C5E84138B777246CA41A5F1C68B9_element_251/text - {}
RESULT: {}
COMMAND: GET /session/5e9d5de8fcf58b3200371aa3943f24f3/element/E637C5E84138B777246CA41A5F1C68B9_element_252/text - {}
RESULT: {}
]]></system-out>
    </testcase>
    <testcase classname="chrome-headless-shell.121_0_6167_184.linux.Invoice_Page_Test.Vendor:_Vendor_Three,Invoice:2005-08" name="should validate measured events table data" time="0.657">
      <system-out><![CDATA[
COMMAND: POST /session/5e9d5de8fcf58b3200371aa3943f24f3/url - {"url":"https://pr-530.btm.dev.account.gov.uk/contracts/3/invoices/2005-08"}
RESULT: {"url":"https://pr-530.btm.dev.account.gov.uk/contracts/3/invoices/2005-08"}
COMMAND: POST /session/5e9d5de8fcf58b3200371aa3943f24f3/execute/sync - {"script":"return (() => document.readyState === \"complete\").apply(null, arguments)","args":[]}
RESULT: {"script":"return (() => document.readyState === \"complete\").apply(null, arguments)","args":[]}
COMMAND: GET /session/5e9d5de8fcf58b3200371aa3943f24f3/url - {}
RESULT: {}
COMMAND: POST /session/5e9d5de8fcf58b3200371aa3943f24f3/element - {"using":"css selector","value":".govuk-heading-xl"}
RESULT: {"using":"css selector","value":".govuk-heading-xl"}
COMMAND: GET /session/5e9d5de8fcf58b3200371aa3943f24f3/element/FC0F5076F24FECCFE24121C0290B65D9_element_255/displayed - {}
RESULT: {}
COMMAND: POST /session/5e9d5de8fcf58b3200371aa3943f24f3/element - {"using":"css selector","value":".govuk-heading-xl"}
RESULT: {"using":"css selector","value":".govuk-heading-xl"}
COMMAND: GET /session/5e9d5de8fcf58b3200371aa3943f24f3/element/FC0F5076F24FECCFE24121C0290B65D9_element_255/text - {}
RESULT: {}
COMMAND: POST /session/5e9d5de8fcf58b3200371aa3943f24f3/element - {"using":"xpath","value":".//caption[contains(., \"Measured (events)\") and not(.//caption)]"}
RESULT: {"using":"xpath","value":".//caption[contains(., \"Measured (events)\") and not(.//caption)]"}
COMMAND: POST /session/5e9d5de8fcf58b3200371aa3943f24f3/execute/sync - {"script":"return (function (elem, id) {\n        return (function parentElement() {\n        return this.parentElement;\n    }).call(elem, id);\n    }).apply(null, arguments)","args":[{"element-6066-11e4-a52e-4f735466cecf":"FC0F5076F24FECCFE24121C0290B65D9_element_258","ELEMENT":"FC0F5076F24FECCFE24121C0290B65D9_element_258"}]}
RESULT: {"script":"return (function (elem, id) {\n        return (function parentElement() {\n        return this.parentElement;\n    }).call(elem, id);\n    }).apply(null, arguments)","args":[{"element-6066-11e4-a52e-4f735466cecf":"FC0F5076F24FECCFE24121C0290B65D9_element_258","ELEMENT":"FC0F5076F24FECCFE24121C0290B65D9_element_258"}]}
COMMAND: GET /session/5e9d5de8fcf58b3200371aa3943f24f3/element/FC0F5076F24FECCFE24121C0290B65D9_element_259/displayed - {}
RESULT: {}
COMMAND: POST /session/5e9d5de8fcf58b3200371aa3943f24f3/element/FC0F5076F24FECCFE24121C0290B65D9_element_259/elements - {"using":"css selector","value":"tbody tr"}
RESULT: {"using":"css selector","value":"tbody tr"}
COMMAND: POST /session/5e9d5de8fcf58b3200371aa3943f24f3/element/FC0F5076F24FECCFE24121C0290B65D9_element_259/element - {"using":"css selector","value":"thead tr"}
RESULT: {"using":"css selector","value":"thead tr"}
COMMAND: POST /session/5e9d5de8fcf58b3200371aa3943f24f3/element/FC0F5076F24FECCFE24121C0290B65D9_element_261/elements - {"using":"css selector","value":"th"}
RESULT: {"using":"css selector","value":"th"}
COMMAND: GET /session/5e9d5de8fcf58b3200371aa3943f24f3/element/FC0F5076F24FECCFE24121C0290B65D9_element_262/text - {}
COMMAND: GET /session/5e9d5de8fcf58b3200371aa3943f24f3/element/FC0F5076F24FECCFE24121C0290B65D9_element_263/text - {}
RESULT: {}
RESULT: {}
COMMAND: POST /session/5e9d5de8fcf58b3200371aa3943f24f3/element/FC0F5076F24FECCFE24121C0290B65D9_element_260/elements - {"using":"css selector","value":"th,td"}
RESULT: {"using":"css selector","value":"th,td"}
COMMAND: GET /session/5e9d5de8fcf58b3200371aa3943f24f3/element/FC0F5076F24FECCFE24121C0290B65D9_element_264/text - {}
RESULT: {}
COMMAND: GET /session/5e9d5de8fcf58b3200371aa3943f24f3/element/FC0F5076F24FECCFE24121C0290B65D9_element_265/text - {}
RESULT: {}
]]></system-out>
    </testcase>
    <testcase classname="chrome-headless-shell.121_0_6167_184.linux.Invoice_Page_Test.Vendor:_Vendor_Three,Invoice:2005-08" name="should validate invoice table data" time="0.666">
      <system-out><![CDATA[
COMMAND: POST /session/5e9d5de8fcf58b3200371aa3943f24f3/url - {"url":"https://pr-530.btm.dev.account.gov.uk/contracts/3/invoices/2005-08"}
RESULT: {"url":"https://pr-530.btm.dev.account.gov.uk/contracts/3/invoices/2005-08"}
COMMAND: POST /session/5e9d5de8fcf58b3200371aa3943f24f3/execute/sync - {"script":"return (() => document.readyState === \"complete\").apply(null, arguments)","args":[]}
RESULT: {"script":"return (() => document.readyState === \"complete\").apply(null, arguments)","args":[]}
COMMAND: GET /session/5e9d5de8fcf58b3200371aa3943f24f3/url - {}
RESULT: {}
COMMAND: POST /session/5e9d5de8fcf58b3200371aa3943f24f3/element - {"using":"css selector","value":".govuk-heading-xl"}
RESULT: {"using":"css selector","value":".govuk-heading-xl"}
COMMAND: GET /session/5e9d5de8fcf58b3200371aa3943f24f3/element/2CA8DE0157092C8F457CD04C9765BF4D_element_268/displayed - {}
RESULT: {}
COMMAND: POST /session/5e9d5de8fcf58b3200371aa3943f24f3/element - {"using":"css selector","value":".govuk-heading-xl"}
RESULT: {"using":"css selector","value":".govuk-heading-xl"}
COMMAND: GET /session/5e9d5de8fcf58b3200371aa3943f24f3/element/2CA8DE0157092C8F457CD04C9765BF4D_element_268/text - {}
RESULT: {}
COMMAND: POST /session/5e9d5de8fcf58b3200371aa3943f24f3/element - {"using":"xpath","value":".//caption[contains(., \"Invoice\") and not(.//caption)]"}
RESULT: {"using":"xpath","value":".//caption[contains(., \"Invoice\") and not(.//caption)]"}
COMMAND: POST /session/5e9d5de8fcf58b3200371aa3943f24f3/execute/sync - {"script":"return (function (elem, id) {\n        return (function parentElement() {\n        return this.parentElement;\n    }).call(elem, id);\n    }).apply(null, arguments)","args":[{"element-6066-11e4-a52e-4f735466cecf":"2CA8DE0157092C8F457CD04C9765BF4D_element_269","ELEMENT":"2CA8DE0157092C8F457CD04C9765BF4D_element_269"}]}
RESULT: {"script":"return (function (elem, id) {\n        return (function parentElement() {\n        return this.parentElement;\n    }).call(elem, id);\n    }).apply(null, arguments)","args":[{"element-6066-11e4-a52e-4f735466cecf":"2CA8DE0157092C8F457CD04C9765BF4D_element_269","ELEMENT":"2CA8DE0157092C8F457CD04C9765BF4D_element_269"}]}
COMMAND: GET /session/5e9d5de8fcf58b3200371aa3943f24f3/element/2CA8DE0157092C8F457CD04C9765BF4D_element_270/displayed - {}
RESULT: {}
COMMAND: POST /session/5e9d5de8fcf58b3200371aa3943f24f3/element/2CA8DE0157092C8F457CD04C9765BF4D_element_270/elements - {"using":"css selector","value":"tbody tr"}
RESULT: {"using":"css selector","value":"tbody tr"}
COMMAND: POST /session/5e9d5de8fcf58b3200371aa3943f24f3/element/2CA8DE0157092C8F457CD04C9765BF4D_element_270/element - {"using":"css selector","value":"thead tr"}
RESULT: {"using":"css selector","value":"thead tr"}
COMMAND: POST /session/5e9d5de8fcf58b3200371aa3943f24f3/element/2CA8DE0157092C8F457CD04C9765BF4D_element_273/elements - {"using":"css selector","value":"th"}
RESULT: {"using":"css selector","value":"th"}
[...]
COMMAND: GET /session/5e9d5de8fcf58b3200371aa3943f24f3/element/CF909BA2887A4A57CEAA3CE98C3557AA_element_1663/text - {}
COMMAND: GET /session/5e9d5de8fcf58b3200371aa3943f24f3/element/CF909BA2887A4A57CEAA3CE98C3557AA_element_1665/text - {}
COMMAND: GET /session/5e9d5de8fcf58b3200371aa3943f24f3/element/CF909BA2887A4A57CEAA3CE98C3557AA_element_1664/text - {}
COMMAND: GET /session/5e9d5de8fcf58b3200371aa3943f24f3/element/CF909BA2887A4A57CEAA3CE98C3557AA_element_1666/text - {}
RESULT: {}
RESULT: {}
RESULT: {}
RESULT: {}
RESULT: {}
COMMAND: POST /session/5e9d5de8fcf58b3200371aa3943f24f3/element/CF909BA2887A4A57CEAA3CE98C3557AA_element_1660/elements - {"using":"css selector","value":"th,td"}
RESULT: {"using":"css selector","value":"th,td"}
COMMAND: GET /session/5e9d5de8fcf58b3200371aa3943f24f3/element/CF909BA2887A4A57CEAA3CE98C3557AA_element_1667/text - {}
RESULT: {}
COMMAND: GET /session/5e9d5de8fcf58b3200371aa3943f24f3/element/CF909BA2887A4A57CEAA3CE98C3557AA_element_1668/text - {}
RESULT: {}
COMMAND: GET /session/5e9d5de8fcf58b3200371aa3943f24f3/element/CF909BA2887A4A57CEAA3CE98C3557AA_element_1669/text - {}
RESULT: {}
COMMAND: GET /session/5e9d5de8fcf58b3200371aa3943f24f3/element/CF909BA2887A4A57CEAA3CE98C3557AA_element_1670/text - {}
RESULT: {}
COMMAND: GET /session/5e9d5de8fcf58b3200371aa3943f24f3/element/CF909BA2887A4A57CEAA3CE98C3557AA_element_1671/text - {}
RESULT: {}
]]></system-out>
    </testcase>
    <testcase classname="chrome-headless-shell.121_0_6167_184.linux.Invoice_Page_Test.Vendor:_Vendor_Six,Invoice:2005-Q2" name="should validate quantity events table data" time="0.488">
      <system-out><![CDATA[
COMMAND: POST /session/5e9d5de8fcf58b3200371aa3943f24f3/url - {"url":"https://pr-530.btm.dev.account.gov.uk/contracts/6/invoices/2005-q2"}
RESULT: {"url":"https://pr-530.btm.dev.account.gov.uk/contracts/6/invoices/2005-q2"}
COMMAND: POST /session/5e9d5de8fcf58b3200371aa3943f24f3/execute/sync - {"script":"return (() => document.readyState === \"complete\").apply(null, arguments)","args":[]}
RESULT: {"script":"return (() => document.readyState === \"complete\").apply(null, arguments)","args":[]}
COMMAND: GET /session/5e9d5de8fcf58b3200371aa3943f24f3/url - {}
RESULT: {}
COMMAND: POST /session/5e9d5de8fcf58b3200371aa3943f24f3/element - {"using":"css selector","value":".govuk-heading-xl"}
RESULT: {"using":"css selector","value":".govuk-heading-xl"}
COMMAND: GET /session/5e9d5de8fcf58b3200371aa3943f24f3/element/BDE3E32FE7BF8AA460ACF9E83EED5101_element_1674/displayed - {}
RESULT: {}
COMMAND: POST /session/5e9d5de8fcf58b3200371aa3943f24f3/element - {"using":"css selector","value":".govuk-heading-xl"}
RESULT: {"using":"css selector","value":".govuk-heading-xl"}
COMMAND: GET /session/5e9d5de8fcf58b3200371aa3943f24f3/element/BDE3E32FE7BF8AA460ACF9E83EED5101_element_1674/text - {}
RESULT: {}
COMMAND: POST /session/5e9d5de8fcf58b3200371aa3943f24f3/element - {"using":"xpath","value":".//caption[contains(., \"Quantity (events)\") and not(.//caption)]"}
RESULT: {"using":"xpath","value":".//caption[contains(., \"Quantity (events)\") and not(.//caption)]"}
COMMAND: POST /session/5e9d5de8fcf58b3200371aa3943f24f3/execute/sync - {"script":"return (function (elem, id) {\n        return (function parentElement() {\n        return this.parentElement;\n    }).call(elem, id);\n    }).apply(null, arguments)","args":[{"element-6066-11e4-a52e-4f735466cecf":"BDE3E32FE7BF8AA460ACF9E83EED5101_element_1677","ELEMENT":"BDE3E32FE7BF8AA460ACF9E83EED5101_element_1677"}]}
RESULT: {"script":"return (function (elem, id) {\n        return (function parentElement() {\n        return this.parentElement;\n    }).call(elem, id);\n    }).apply(null, arguments)","args":[{"element-6066-11e4-a52e-4f735466cecf":"BDE3E32FE7BF8AA460ACF9E83EED5101_element_1677","ELEMENT":"BDE3E32FE7BF8AA460ACF9E83EED5101_element_1677"}]}
COMMAND: GET /session/5e9d5de8fcf58b3200371aa3943f24f3/element/BDE3E32FE7BF8AA460ACF9E83EED5101_element_1678/displayed - {}
RESULT: {}
COMMAND: POST /session/5e9d5de8fcf58b3200371aa3943f24f3/element/BDE3E32FE7BF8AA460ACF9E83EED5101_element_1678/elements - {"using":"css selector","value":"tbody tr"}
RESULT: {"using":"css selector","value":"tbody tr"}
COMMAND: POST /session/5e9d5de8fcf58b3200371aa3943f24f3/element/BDE3E32FE7BF8AA460ACF9E83EED5101_element_1678/element - {"using":"css selector","value":"thead tr"}
RESULT: {"using":"css selector","value":"thead tr"}
COMMAND: POST /session/5e9d5de8fcf58b3200371aa3943f24f3/element/BDE3E32FE7BF8AA460ACF9E83EED5101_element_1680/elements - {"using":"css selector","value":"th"}
RESULT: {"using":"css selector","value":"th"}
COMMAND: GET /session/5e9d5de8fcf58b3200371aa3943f24f3/element/BDE3E32FE7BF8AA460ACF9E83EED5101_element_1681/text - {}
COMMAND: GET /session/5e9d5de8fcf58b3200371aa3943f24f3/element/BDE3E32FE7BF8AA460ACF9E83EED5101_element_1682/text - {}
COMMAND: GET /session/5e9d5de8fcf58b3200371aa3943f24f3/element/BDE3E32FE7BF8AA460ACF9E83EED5101_element_1684/text - {}
COMMAND: GET /session/5e9d5de8fcf58b3200371aa3943f24f3/element/BDE3E32FE7BF8AA460ACF9E83EED5101_element_1683/text - {}
RESULT: {}
RESULT: {}
RESULT: {}
RESULT: {}
COMMAND: POST /session/5e9d5de8fcf58b3200371aa3943f24f3/element/BDE3E32FE7BF8AA460ACF9E83EED5101_element_1679/elements - {"using":"css selector","value":"th,td"}
RESULT: {"using":"css selector","value":"th,td"}
COMMAND: GET /session/5e9d5de8fcf58b3200371aa3943f24f3/element/BDE3E32FE7BF8AA460ACF9E83EED5101_element_1685/text - {}
RESULT: {}
COMMAND: GET /session/5e9d5de8fcf58b3200371aa3943f24f3/element/BDE3E32FE7BF8AA460ACF9E83EED5101_element_1686/text - {}
RESULT: {}
COMMAND: GET /session/5e9d5de8fcf58b3200371aa3943f24f3/element/BDE3E32FE7BF8AA460ACF9E83EED5101_element_1687/text - {}
RESULT: {}
COMMAND: GET /session/5e9d5de8fcf58b3200371aa3943f24f3/element/BDE3E32FE7BF8AA460ACF9E83EED5101_element_1688/text - {}
RESULT: {}
]]></system-out>
    </testcase>
    <testcase classname="chrome-headless-shell.121_0_6167_184.linux.Invoice_Page_Test.Vendor:_Vendor_Six,Invoice:2005-Q2" name="should validate price table data" time="0.595">
      <system-out><![CDATA[
COMMAND: POST /session/5e9d5de8fcf58b3200371aa3943f24f3/url - {"url":"https://pr-530.btm.dev.account.gov.uk/contracts/6/invoices/2005-q2"}
RESULT: {"url":"https://pr-530.btm.dev.account.gov.uk/contracts/6/invoices/2005-q2"}
COMMAND: POST /session/5e9d5de8fcf58b3200371aa3943f24f3/execute/sync - {"script":"return (() => document.readyState === \"complete\").apply(null, arguments)","args":[]}
RESULT: {"script":"return (() => document.readyState === \"complete\").apply(null, arguments)","args":[]}
COMMAND: GET /session/5e9d5de8fcf58b3200371aa3943f24f3/url - {}
RESULT: {}
COMMAND: POST /session/5e9d5de8fcf58b3200371aa3943f24f3/element - {"using":"css selector","value":".govuk-heading-xl"}
RESULT: {"using":"css selector","value":".govuk-heading-xl"}
COMMAND: GET /session/5e9d5de8fcf58b3200371aa3943f24f3/element/06F8DED48628D0939E5655B2B3961FC2_element_1691/displayed - {}
RESULT: {}
COMMAND: POST /session/5e9d5de8fcf58b3200371aa3943f24f3/element - {"using":"css selector","value":".govuk-heading-xl"}
RESULT: {"using":"css selector","value":".govuk-heading-xl"}
COMMAND: GET /session/5e9d5de8fcf58b3200371aa3943f24f3/element/06F8DED48628D0939E5655B2B3961FC2_element_1691/text - {}
RESULT: {}
COMMAND: POST /session/5e9d5de8fcf58b3200371aa3943f24f3/element - {"using":"xpath","value":".//caption[contains(., \"Price\") and not(.//caption)]"}
RESULT: {"using":"xpath","value":".//caption[contains(., \"Price\") and not(.//caption)]"}
COMMAND: POST /session/5e9d5de8fcf58b3200371aa3943f24f3/execute/sync - {"script":"return (function (elem, id) {\n        return (function parentElement() {\n        return this.parentElement;\n    }).call(elem, id);\n    }).apply(null, arguments)","args":[{"element-6066-11e4-a52e-4f735466cecf":"06F8DED48628D0939E5655B2B3961FC2_element_1692","ELEMENT":"06F8DED48628D0939E5655B2B3961FC2_element_1692"}]}
RESULT: {"script":"return (function (elem, id) {\n        return (function parentElement() {\n        return this.parentElement;\n    }).call(elem, id);\n    }).apply(null, arguments)","args":[{"element-6066-11e4-a52e-4f735466cecf":"06F8DED48628D0939E5655B2B3961FC2_element_1692","ELEMENT":"06F8DED48628D0939E5655B2B3961FC2_element_1692"}]}
COMMAND: GET /session/5e9d5de8fcf58b3200371aa3943f24f3/element/06F8DED48628D0939E5655B2B3961FC2_element_1693/displayed - {}
RESULT: {}
COMMAND: POST /session/5e9d5de8fcf58b3200371aa3943f24f3/element/06F8DED48628D0939E5655B2B3961FC2_element_1693/elements - {"using":"css selector","value":"tbody tr"}
RESULT: {"using":"css selector","value":"tbody tr"}
COMMAND: POST /session/5e9d5de8fcf58b3200371aa3943f24f3/element/06F8DED48628D0939E5655B2B3961FC2_element_1693/element - {"using":"css selector","value":"thead tr"}
RESULT: {"using":"css selector","value":"thead tr"}
COMMAND: POST /session/5e9d5de8fcf58b3200371aa3943f24f3/element/06F8DED48628D0939E5655B2B3961FC2_element_1695/elements - {"using":"css selector","value":"th"}
RESULT: {"using":"css selector","value":"th"}
COMMAND: GET /session/5e9d5de8fcf58b3200371aa3943f24f3/element/06F8DED48628D0939E5655B2B3961FC2_element_1696/text - {}
COMMAND: GET /session/5e9d5de8fcf58b3200371aa3943f24f3/element/06F8DED48628D0939E5655B2B3961FC2_element_1697/text - {}
COMMAND: GET /session/5e9d5de8fcf58b3200371aa3943f24f3/element/06F8DED48628D0939E5655B2B3961FC2_element_1699/text - {}
COMMAND: GET /session/5e9d5de8fcf58b3200371aa3943f24f3/element/06F8DED48628D0939E5655B2B3961FC2_element_1698/text - {}
RESULT: {}
RESULT: {}
RESULT: {}
RESULT: {}
COMMAND: POST /session/5e9d5de8fcf58b3200371aa3943f24f3/element/06F8DED48628D0939E5655B2B3961FC2_element_1694/elements - {"using":"css selector","value":"th,td"}
RESULT: {"using":"css selector","value":"th,td"}
COMMAND: GET /session/5e9d5de8fcf58b3200371aa3943f24f3/element/06F8DED48628D0939E5655B2B3961FC2_element_1700/text - {}
RESULT: {}
COMMAND: GET /session/5e9d5de8fcf58b3200371aa3943f24f3/element/06F8DED48628D0939E5655B2B3961FC2_element_1701/text - {}
RESULT: {}
COMMAND: GET /session/5e9d5de8fcf58b3200371aa3943f24f3/element/06F8DED48628D0939E5655B2B3961FC2_element_1702/text - {}
RESULT: {}
COMMAND: GET /session/5e9d5de8fcf58b3200371aa3943f24f3/element/06F8DED48628D0939E5655B2B3961FC2_element_1703/text - {}
RESULT: {}
]]></system-out>
    </testcase>
    <testcase classname="chrome-headless-shell.121_0_6167_184.linux.Invoice_Page_Test.Vendor:_Vendor_Six,Invoice:2005-Q2" name="should validate measured events table data" time="0.512">
      <system-out><![CDATA[
COMMAND: POST /session/5e9d5de8fcf58b3200371aa3943f24f3/url - {"url":"https://pr-530.btm.dev.account.gov.uk/contracts/6/invoices/2005-q2"}
RESULT: {"url":"https://pr-530.btm.dev.account.gov.uk/contracts/6/invoices/2005-q2"}
COMMAND: POST /session/5e9d5de8fcf58b3200371aa3943f24f3/execute/sync - {"script":"return (() => document.readyState === \"complete\").apply(null, arguments)","args":[]}
RESULT: {"script":"return (() => document.readyState === \"complete\").apply(null, arguments)","args":[]}
COMMAND: GET /session/5e9d5de8fcf58b3200371aa3943f24f3/url - {}
RESULT: {}
COMMAND: POST /session/5e9d5de8fcf58b3200371aa3943f24f3/element - {"using":"css selector","value":".govuk-heading-xl"}
RESULT: {"using":"css selector","value":".govuk-heading-xl"}
COMMAND: GET /session/5e9d5de8fcf58b3200371aa3943f24f3/element/7D54D7AA6718CACDBFC4627F1BCAB082_element_1706/displayed - {}
RESULT: {}
COMMAND: POST /session/5e9d5de8fcf58b3200371aa3943f24f3/element - {"using":"css selector","value":".govuk-heading-xl"}
RESULT: {"using":"css selector","value":".govuk-heading-xl"}
COMMAND: GET /session/5e9d5de8fcf58b3200371aa3943f24f3/element/7D54D7AA6718CACDBFC4627F1BCAB082_element_1706/text - {}
RESULT: {}
COMMAND: POST /session/5e9d5de8fcf58b3200371aa3943f24f3/element - {"using":"xpath","value":".//caption[contains(., \"Measured (events)\") and not(.//caption)]"}
RESULT: {"using":"xpath","value":".//caption[contains(., \"Measured (events)\") and not(.//caption)]"}
COMMAND: POST /session/5e9d5de8fcf58b3200371aa3943f24f3/execute/sync - {"script":"return (function (elem, id) {\n        return (function parentElement() {\n        return this.parentElement;\n    }).call(elem, id);\n    }).apply(null, arguments)","args":[{"element-6066-11e4-a52e-4f735466cecf":"7D54D7AA6718CACDBFC4627F1BCAB082_element_1709","ELEMENT":"7D54D7AA6718CACDBFC4627F1BCAB082_element_1709"}]}
RESULT: {"script":"return (function (elem, id) {\n        return (function parentElement() {\n        return this.parentElement;\n    }).call(elem, id);\n    }).apply(null, arguments)","args":[{"element-6066-11e4-a52e-4f735466cecf":"7D54D7AA6718CACDBFC4627F1BCAB082_element_1709","ELEMENT":"7D54D7AA6718CACDBFC4627F1BCAB082_element_1709"}]}
COMMAND: GET /session/5e9d5de8fcf58b3200371aa3943f24f3/element/7D54D7AA6718CACDBFC4627F1BCAB082_element_1710/displayed - {}
RESULT: {}
COMMAND: POST /session/5e9d5de8fcf58b3200371aa3943f24f3/element/7D54D7AA6718CACDBFC4627F1BCAB082_element_1710/elements - {"using":"css selector","value":"tbody tr"}
RESULT: {"using":"css selector","value":"tbody tr"}
COMMAND: POST /session/5e9d5de8fcf58b3200371aa3943f24f3/element/7D54D7AA6718CACDBFC4627F1BCAB082_element_1710/element - {"using":"css selector","value":"thead tr"}
RESULT: {"using":"css selector","value":"thead tr"}
COMMAND: POST /session/5e9d5de8fcf58b3200371aa3943f24f3/element/7D54D7AA6718CACDBFC4627F1BCAB082_element_1712/elements - {"using":"css selector","value":"th"}
RESULT: {"using":"css selector","value":"th"}
COMMAND: GET /session/5e9d5de8fcf58b3200371aa3943f24f3/element/7D54D7AA6718CACDBFC4627F1BCAB082_element_1713/text - {}
COMMAND: GET /session/5e9d5de8fcf58b3200371aa3943f24f3/element/7D54D7AA6718CACDBFC4627F1BCAB082_element_1714/text - {}
RESULT: {}
RESULT: {}
COMMAND: POST /session/5e9d5de8fcf58b3200371aa3943f24f3/element/7D54D7AA6718CACDBFC4627F1BCAB082_element_1711/elements - {"using":"css selector","value":"th,td"}
RESULT: {"using":"css selector","value":"th,td"}
COMMAND: GET /session/5e9d5de8fcf58b3200371aa3943f24f3/element/7D54D7AA6718CACDBFC4627F1BCAB082_element_1715/text - {}
RESULT: {}
COMMAND: GET /session/5e9d5de8fcf58b3200371aa3943f24f3/element/7D54D7AA6718CACDBFC4627F1BCAB082_element_1716/text - {}
RESULT: {}
]]></system-out>
    </testcase>
    <testcase classname="chrome-headless-shell.121_0_6167_184.linux.Invoice_Page_Test.Vendor:_Vendor_Six,Invoice:2005-Q2" name="should validate invoice table data" time="0.735">
      <system-out><![CDATA[
COMMAND: POST /session/5e9d5de8fcf58b3200371aa3943f24f3/url - {"url":"https://pr-530.btm.dev.account.gov.uk/contracts/6/invoices/2005-q2"}
RESULT: {"url":"https://pr-530.btm.dev.account.gov.uk/contracts/6/invoices/2005-q2"}
COMMAND: POST /session/5e9d5de8fcf58b3200371aa3943f24f3/execute/sync - {"script":"return (() => document.readyState === \"complete\").apply(null, arguments)","args":[]}
RESULT: {"script":"return (() => document.readyState === \"complete\").apply(null, arguments)","args":[]}
COMMAND: GET /session/5e9d5de8fcf58b3200371aa3943f24f3/url - {}
RESULT: {}
COMMAND: POST /session/5e9d5de8fcf58b3200371aa3943f24f3/element - {"using":"css selector","value":".govuk-heading-xl"}
RESULT: {"using":"css selector","value":".govuk-heading-xl"}
COMMAND: GET /session/5e9d5de8fcf58b3200371aa3943f24f3/element/0DFAFEC071069B90FC149D94C2BAC5D9_element_1719/displayed - {}
RESULT: {}
COMMAND: POST /session/5e9d5de8fcf58b3200371aa3943f24f3/element - {"using":"css selector","value":".govuk-heading-xl"}
RESULT: {"using":"css selector","value":".govuk-heading-xl"}
COMMAND: GET /session/5e9d5de8fcf58b3200371aa3943f24f3/element/0DFAFEC071069B90FC149D94C2BAC5D9_element_1719/text - {}
RESULT: {}
COMMAND: POST /session/5e9d5de8fcf58b3200371aa3943f24f3/element - {"using":"xpath","value":".//caption[contains(., \"Invoice\") and not(.//caption)]"}
RESULT: {"using":"xpath","value":".//caption[contains(., \"Invoice\") and not(.//caption)]"}
COMMAND: POST /session/5e9d5de8fcf58b3200371aa3943f24f3/execute/sync - {"script":"return (function (elem, id) {\n        return (function parentElement() {\n        return this.parentElement;\n    }).call(elem, id);\n    }).apply(null, arguments)","args":[{"element-6066-11e4-a52e-4f735466cecf":"0DFAFEC071069B90FC149D94C2BAC5D9_element_1720","ELEMENT":"0DFAFEC071069B90FC149D94C2BAC5D9_element_1720"}]}
RESULT: {"script":"return (function (elem, id) {\n        return (function parentElement() {\n        return this.parentElement;\n    }).call(elem, id);\n    }).apply(null, arguments)","args":[{"element-6066-11e4-a52e-4f735466cecf":"0DFAFEC071069B90FC149D94C2BAC5D9_element_1720","ELEMENT":"0DFAFEC071069B90FC149D94C2BAC5D9_element_1720"}]}
COMMAND: GET /session/5e9d5de8fcf58b3200371aa3943f24f3/element/0DFAFEC071069B90FC149D94C2BAC5D9_element_1721/displayed - {}
RESULT: {}
COMMAND: POST /session/5e9d5de8fcf58b3200371aa3943f24f3/element/0DFAFEC071069B90FC149D94C2BAC5D9_element_1721/elements - {"using":"css selector","value":"tbody tr"}
RESULT: {"using":"css selector","value":"tbody tr"}
COMMAND: POST /session/5e9d5de8fcf58b3200371aa3943f24f3/element/0DFAFEC071069B90FC149D94C2BAC5D9_element_1721/element - {"using":"css selector","value":"thead tr"}
RESULT: {"using":"css selector","value":"thead tr"}
COMMAND: POST /session/5e9d5de8fcf58b3200371aa3943f24f3/element/0DFAFEC071069B90FC149D94C2BAC5D9_element_1724/elements - {"using":"css selector","value":"th"}
RESULT: {"using":"css selector","value":"th"}
COMMAND: GET /session/5e9d5de8fcf58b3200371aa3943f24f3/element/0DFAFEC071069B90FC149D94C2BAC5D9_element_1725/text - {}
COMMAND: GET /session/5e9d5de8fcf58b3200371aa3943f24f3/element/0DFAFEC071069B90FC149D94C2BAC5D9_element_1726/text - {}
COMMAND: GET /session/5e9d5de8fcf58b3200371aa3943f24f3/element/0DFAFEC071069B90FC149D94C2BAC5D9_element_1728/text - {}
COMMAND: GET /session/5e9d5de8fcf58b3200371aa3943f24f3/element/0DFAFEC071069B90FC149D94C2BAC5D9_element_1727/text - {}
COMMAND: GET /session/5e9d5de8fcf58b3200371aa3943f24f3/element/0DFAFEC071069B90FC149D94C2BAC5D9_element_1729/text - {}
RESULT: {}
RESULT: {}
RESULT: {}
RESULT: {}
RESULT: {}
COMMAND: POST /session/5e9d5de8fcf58b3200371aa3943f24f3/element/0DFAFEC071069B90FC149D94C2BAC5D9_element_1722/elements - {"using":"css selector","value":"th,td"}
RESULT: {"using":"css selector","value":"th,td"}
COMMAND: GET /session/5e9d5de8fcf58b3200371aa3943f24f3/element/0DFAFEC071069B90FC149D94C2BAC5D9_element_1730/text - {}
RESULT: {}
COMMAND: GET /session/5e9d5de8fcf58b3200371aa3943f24f3/element/0DFAFEC071069B90FC149D94C2BAC5D9_element_1731/text - {}
RESULT: {}
COMMAND: GET /session/5e9d5de8fcf58b3200371aa3943f24f3/element/0DFAFEC071069B90FC149D94C2BAC5D9_element_1732/text - {}
RESULT: {}
COMMAND: GET /session/5e9d5de8fcf58b3200371aa3943f24f3/element/0DFAFEC071069B90FC149D94C2BAC5D9_element_1733/text - {}
RESULT: {}
COMMAND: GET /session/5e9d5de8fcf58b3200371aa3943f24f3/element/0DFAFEC071069B90FC149D94C2BAC5D9_element_1734/text - {}
RESULT: {}
COMMAND: POST /session/5e9d5de8fcf58b3200371aa3943f24f3/element/0DFAFEC071069B90FC149D94C2BAC5D9_element_1723/elements - {"using":"css selector","value":"th,td"}
RESULT: {"using":"css selector","value":"th,td"}
COMMAND: GET /session/5e9d5de8fcf58b3200371aa3943f24f3/element/0DFAFEC071069B90FC149D94C2BAC5D9_element_1735/text - {}
RESULT: {}
COMMAND: GET /session/5e9d5de8fcf58b3200371aa3943f24f3/element/0DFAFEC071069B90FC149D94C2BAC5D9_element_1736/text - {}
RESULT: {}
COMMAND: GET /session/5e9d5de8fcf58b3200371aa3943f24f3/element/0DFAFEC071069B90FC149D94C2BAC5D9_element_1737/text - {}
RESULT: {}
COMMAND: GET /session/5e9d5de8fcf58b3200371aa3943f24f3/element/0DFAFEC071069B90FC149D94C2BAC5D9_element_1738/text - {}
RESULT: {}
COMMAND: GET /session/5e9d5de8fcf58b3200371aa3943f24f3/element/0DFAFEC071069B90FC149D94C2BAC5D9_element_1739/text - {}
RESULT: {}
COMMAND: DELETE /session/5e9d5de8fcf58b3200371aa3943f24f3 - {}
RESULT: {}
]]></system-out>
    </testcase>
  </testsuite>
</testsuites>