<?xml version="1.0" encoding="UTF-8"?>
<testsuites>
  <testsuite name="Invoice Page Test" timestamp="2023-10-06T09:06:05" time="85.656" tests="0" failures="0" errors="0" skipped="0">
    <properties>
      <property name="specId" value="0"/>
      <property name="suiteName" value="Invoice Page Test"/>
      <property name="capabilities" value="chrome.117_0_5938_132.linux"/>
      <property name="file" value="file://./ui-tests/specs/invoice.spec.ts"/>
    </properties>
  </testsuite>
  <testsuite name="Vendor Vendor Three Invoice 2005 09" timestamp="2023-10-06T09:06:05" time="10.345" tests="6" failures="6" errors="6" skipped="0">
    <properties>
      <property name="specId" value="0"/>
      <property name="suiteName" value="Vendor: Vendor Three,Invoice:2005-09"/>
      <property name="capabilities" value="chrome.117_0_5938_132.linux"/>
      <property name="file" value="file://./ui-tests/specs/invoice.spec.ts"/>
    </properties>
    <testcase classname="chrome.117_0_5938_132.linux.Invoice_Page_Test.Vendor:_Vendor_Three,Invoice:2005-09" name="should display correct status banner color and message" time="3.826">
      <failure/>
      <error message="expect(received).toEqual(expected) // deep equality&#xA;&#xA;Expected: &quot;Invoice data missing&quot;&#xA;Received: &quot;Invoice and events missing&quot;"/>
      <system-out><![CDATA[
COMMAND: POST /session/00b0a221a833dea056b614cc34bca90a/url - {"url":"https://pr-505.btm.dev.account.gov.uk/contracts/3/invoices/2005-09"}
RESULT: {"url":"https://pr-505.btm.dev.account.gov.uk/contracts/3/invoices/2005-09"}
COMMAND: POST /session/00b0a221a833dea056b614cc34bca90a/execute/sync - {"script":"return (() => document.readyState === \"complete\").apply(null, arguments)","args":[]}
RESULT: {"script":"return (() => document.readyState === \"complete\").apply(null, arguments)","args":[]}
COMMAND: GET /session/00b0a221a833dea056b614cc34bca90a/url - {}
RESULT: {}
COMMAND: POST /session/00b0a221a833dea056b614cc34bca90a/element - {"using":"css selector","value":".govuk-heading-xl"}
RESULT: {"using":"css selector","value":".govuk-heading-xl"}
COMMAND: POST /session/00b0a221a833dea056b614cc34bca90a/execute/sync - {"script":"return (function isElementDisplayed(element) {\n    function nodeIsElement(node) {\n        if (!node) {\n            return false;\n        }\n        switch (node.nodeType) {\n            case Node.ELEMEN ... (7807 more bytes)","args":[{"element-6066-11e4-a52e-4f735466cecf":"BA951FF776D129ADD7322982EC521F7C_element_4","ELEMENT":"BA951FF776D129ADD7322982EC521F7C_element_4"}]}
RESULT: {"script":"return (function isElementDisplayed(element) {\n    function nodeIsElement(node) {\n        if (!node) {\n            return false;\n        }\n        switch (node.nodeType) {\n            case Node.ELEMEN ... (7807 more bytes)","args":[{"element-6066-11e4-a52e-4f735466cecf":"BA951FF776D129ADD7322982EC521F7C_element_4","ELEMENT":"BA951FF776D129ADD7322982EC521F7C_element_4"}]}
COMMAND: POST /session/00b0a221a833dea056b614cc34bca90a/element - {"using":"css selector","value":".govuk-heading-xl"}
RESULT: {"using":"css selector","value":".govuk-heading-xl"}
COMMAND: GET /session/00b0a221a833dea056b614cc34bca90a/element/BA951FF776D129ADD7322982EC521F7C_element_4/text - {}
RESULT: {}
COMMAND: POST /session/00b0a221a833dea056b614cc34bca90a/element - {"using":"css selector","value":"h2.govuk-panel__title"}
RESULT: {"using":"css selector","value":"h2.govuk-panel__title"}
COMMAND: POST /session/00b0a221a833dea056b614cc34bca90a/execute/sync - {"script":"return (function isElementDisplayed(element) {\n    function nodeIsElement(node) {\n        if (!node) {\n            return false;\n        }\n        switch (node.nodeType) {\n            case Node.ELEMEN ... (7807 more bytes)","args":[{"element-6066-11e4-a52e-4f735466cecf":"BA951FF776D129ADD7322982EC521F7C_element_5","ELEMENT":"BA951FF776D129ADD7322982EC521F7C_element_5"}]}
RESULT: {"script":"return (function isElementDisplayed(element) {\n    function nodeIsElement(node) {\n        if (!node) {\n            return false;\n        }\n        switch (node.nodeType) {\n            case Node.ELEMEN ... (7807 more bytes)","args":[{"element-6066-11e4-a52e-4f735466cecf":"BA951FF776D129ADD7322982EC521F7C_element_5","ELEMENT":"BA951FF776D129ADD7322982EC521F7C_element_5"}]}
COMMAND: POST /session/00b0a221a833dea056b614cc34bca90a/element - {"using":"css selector","value":"h2.govuk-panel__title"}
RESULT: {"using":"css selector","value":"h2.govuk-panel__title"}
COMMAND: GET /session/00b0a221a833dea056b614cc34bca90a/element/BA951FF776D129ADD7322982EC521F7C_element_5/text - {}
RESULT: {}
]]></system-out>
      <system-err><![CDATA[
Error: expect(received).toEqual(expected) // deep equality

Expected: "Invoice data missing"
Received: "Invoice and events missing"
    at expectEqual (file:///home/runner/work/di-billing-transaction-monitoring/di-billing-transaction-monitoring/ui-tests/utils/customTestAssertion.ts:12:20)
    at Context.<anonymous> (file:///home/runner/work/di-billing-transaction-monitoring/di-billing-transaction-monitoring/ui-tests/specs/invoice.spec.ts:81:9)
    at processTicksAndRejections (node:internal/process/task_queues:96:5)
]]></system-err>
    </testcase>
    <testcase classname="chrome.117_0_5938_132.linux.Invoice_Page_Test.Vendor:_Vendor_Three,Invoice:2005-09" name="should validate reconciliation table data" time="2.638">
      <failure/>
      <error message="Cannot read properties of undefined (reading 'Line item')"/>
      <system-out><![CDATA[
COMMAND: POST /session/00b0a221a833dea056b614cc34bca90a/url - {"url":"https://pr-505.btm.dev.account.gov.uk/contracts/3/invoices/2005-09"}
RESULT: {"url":"https://pr-505.btm.dev.account.gov.uk/contracts/3/invoices/2005-09"}
COMMAND: POST /session/00b0a221a833dea056b614cc34bca90a/execute/sync - {"script":"return (() => document.readyState === \"complete\").apply(null, arguments)","args":[]}
RESULT: {"script":"return (() => document.readyState === \"complete\").apply(null, arguments)","args":[]}
COMMAND: GET /session/00b0a221a833dea056b614cc34bca90a/url - {}
RESULT: {}
COMMAND: POST /session/00b0a221a833dea056b614cc34bca90a/element - {"using":"css selector","value":".govuk-heading-xl"}
RESULT: {"using":"css selector","value":".govuk-heading-xl"}
COMMAND: POST /session/00b0a221a833dea056b614cc34bca90a/execute/sync - {"script":"return (function isElementDisplayed(element) {\n    function nodeIsElement(node) {\n        if (!node) {\n            return false;\n        }\n        switch (node.nodeType) {\n            case Node.ELEMEN ... (7807 more bytes)","args":[{"element-6066-11e4-a52e-4f735466cecf":"CF2CB5F636DE297EBF0B34EC64B21766_element_9","ELEMENT":"CF2CB5F636DE297EBF0B34EC64B21766_element_9"}]}
RESULT: {"script":"return (function isElementDisplayed(element) {\n    function nodeIsElement(node) {\n        if (!node) {\n            return false;\n        }\n        switch (node.nodeType) {\n            case Node.ELEMEN ... (7807 more bytes)","args":[{"element-6066-11e4-a52e-4f735466cecf":"CF2CB5F636DE297EBF0B34EC64B21766_element_9","ELEMENT":"CF2CB5F636DE297EBF0B34EC64B21766_element_9"}]}
COMMAND: POST /session/00b0a221a833dea056b614cc34bca90a/element - {"using":"css selector","value":".govuk-heading-xl"}
RESULT: {"using":"css selector","value":".govuk-heading-xl"}
COMMAND: GET /session/00b0a221a833dea056b614cc34bca90a/element/CF2CB5F636DE297EBF0B34EC64B21766_element_9/text - {}
RESULT: {}
COMMAND: POST /session/00b0a221a833dea056b614cc34bca90a/element - {"using":"xpath","value":".//caption[contains(., \"Reconciliation\") and not(.//caption)]"}
RESULT: {"using":"xpath","value":".//caption[contains(., \"Reconciliation\") and not(.//caption)]"}
COMMAND: POST /session/00b0a221a833dea056b614cc34bca90a/execute/sync - {"script":"return (function (elem, id) {\n        return (function parentElement() {\n        return this.parentElement;\n    }).call(elem, id);\n    }).apply(null, arguments)","args":[{"element-6066-11e4-a52e-4f735466cecf":"CF2CB5F636DE297EBF0B34EC64B21766_element_10","ELEMENT":"CF2CB5F636DE297EBF0B34EC64B21766_element_10"}]}
RESULT: {"script":"return (function (elem, id) {\n        return (function parentElement() {\n        return this.parentElement;\n    }).call(elem, id);\n    }).apply(null, arguments)","args":[{"element-6066-11e4-a52e-4f735466cecf":"CF2CB5F636DE297EBF0B34EC64B21766_element_10","ELEMENT":"CF2CB5F636DE297EBF0B34EC64B21766_element_10"}]}
COMMAND: POST /session/00b0a221a833dea056b614cc34bca90a/execute/sync - {"script":"return (function isElementDisplayed(element) {\n    function nodeIsElement(node) {\n        if (!node) {\n            return false;\n        }\n        switch (node.nodeType) {\n            case Node.ELEMEN ... (7807 more bytes)","args":[{"element-6066-11e4-a52e-4f735466cecf":"CF2CB5F636DE297EBF0B34EC64B21766_element_8","ELEMENT":"CF2CB5F636DE297EBF0B34EC64B21766_element_8"}]}
RESULT: {"script":"return (function isElementDisplayed(element) {\n    function nodeIsElement(node) {\n        if (!node) {\n            return false;\n        }\n        switch (node.nodeType) {\n            case Node.ELEMEN ... (7807 more bytes)","args":[{"element-6066-11e4-a52e-4f735466cecf":"CF2CB5F636DE297EBF0B34EC64B21766_element_8","ELEMENT":"CF2CB5F636DE297EBF0B34EC64B21766_element_8"}]}
COMMAND: POST /session/00b0a221a833dea056b614cc34bca90a/element/CF2CB5F636DE297EBF0B34EC64B21766_element_8/elements - {"using":"css selector","value":"tbody tr"}
RESULT: {"using":"css selector","value":"tbody tr"}
COMMAND: POST /session/00b0a221a833dea056b614cc34bca90a/element/CF2CB5F636DE297EBF0B34EC64B21766_element_8/element - {"using":"css selector","value":"thead tr"}
RESULT: {"using":"css selector","value":"thead tr"}
COMMAND: POST /session/00b0a221a833dea056b614cc34bca90a/element/CF2CB5F636DE297EBF0B34EC64B21766_element_11/elements - {"using":"css selector","value":"th"}
RESULT: {"using":"css selector","value":"th"}
COMMAND: GET /session/00b0a221a833dea056b614cc34bca90a/element/CF2CB5F636DE297EBF0B34EC64B21766_element_12/text - {}
COMMAND: GET /session/00b0a221a833dea056b614cc34bca90a/element/CF2CB5F636DE297EBF0B34EC64B21766_element_13/text - {}
COMMAND: GET /session/00b0a221a833dea056b614cc34bca90a/element/CF2CB5F636DE297EBF0B34EC64B21766_element_15/text - {}
COMMAND: GET /session/00b0a221a833dea056b614cc34bca90a/element/CF2CB5F636DE297EBF0B34EC64B21766_element_14/text - {}
COMMAND: GET /session/00b0a221a833dea056b614cc34bca90a/element/CF2CB5F636DE297EBF0B34EC64B21766_element_16/text - {}
RESULT: {}
RESULT: {}
RESULT: {}
RESULT: {}
RESULT: {}
]]></system-out>
      <system-err><![CDATA[
TypeError: Cannot read properties of undefined (reading 'Line item')
    at assertReconciliationTableData (file:///home/runner/work/di-billing-transaction-monitoring/di-billing-transaction-monitoring/ui-tests/specs/invoice.spec.ts:162:23)
    at validateTableDataWithAssertions (file:///home/runner/work/di-billing-transaction-monitoring/di-billing-transaction-monitoring/ui-tests/specs/invoice.spec.ts:154:5)
    at processTicksAndRejections (node:internal/process/task_queues:96:5)
    at async Context.<anonymous> (file:///home/runner/work/di-billing-transaction-monitoring/di-billing-transaction-monitoring/ui-tests/specs/invoice.spec.ts:98:9)
]]></system-err>
    </testcase>
    <testcase classname="chrome.117_0_5938_132.linux.Invoice_Page_Test.Vendor:_Vendor_Three,Invoice:2005-09" name="should validate quantity events table data" time="0.852">
      <failure/>
      <error message="Cannot read properties of undefined (reading 'Line item')"/>
      <system-out><![CDATA[
COMMAND: POST /session/00b0a221a833dea056b614cc34bca90a/url - {"url":"https://pr-505.btm.dev.account.gov.uk/contracts/3/invoices/2005-09"}
RESULT: {"url":"https://pr-505.btm.dev.account.gov.uk/contracts/3/invoices/2005-09"}
COMMAND: POST /session/00b0a221a833dea056b614cc34bca90a/execute/sync - {"script":"return (() => document.readyState === \"complete\").apply(null, arguments)","args":[]}
RESULT: {"script":"return (() => document.readyState === \"complete\").apply(null, arguments)","args":[]}
COMMAND: GET /session/00b0a221a833dea056b614cc34bca90a/url - {}
RESULT: {}
COMMAND: POST /session/00b0a221a833dea056b614cc34bca90a/element - {"using":"css selector","value":".govuk-heading-xl"}
RESULT: {"using":"css selector","value":".govuk-heading-xl"}
COMMAND: POST /session/00b0a221a833dea056b614cc34bca90a/execute/sync - {"script":"return (function isElementDisplayed(element) {\n    function nodeIsElement(node) {\n        if (!node) {\n            return false;\n        }\n        switch (node.nodeType) {\n            case Node.ELEMEN ... (7807 more bytes)","args":[{"element-6066-11e4-a52e-4f735466cecf":"C6C0C098B2F49EEAD6F3637DB95FB1C6_element_18","ELEMENT":"C6C0C098B2F49EEAD6F3637DB95FB1C6_element_18"}]}
RESULT: {"script":"return (function isElementDisplayed(element) {\n    function nodeIsElement(node) {\n        if (!node) {\n            return false;\n        }\n        switch (node.nodeType) {\n            case Node.ELEMEN ... (7807 more bytes)","args":[{"element-6066-11e4-a52e-4f735466cecf":"C6C0C098B2F49EEAD6F3637DB95FB1C6_element_18","ELEMENT":"C6C0C098B2F49EEAD6F3637DB95FB1C6_element_18"}]}
COMMAND: POST /session/00b0a221a833dea056b614cc34bca90a/element - {"using":"css selector","value":".govuk-heading-xl"}
RESULT: {"using":"css selector","value":".govuk-heading-xl"}
COMMAND: GET /session/00b0a221a833dea056b614cc34bca90a/element/C6C0C098B2F49EEAD6F3637DB95FB1C6_element_18/text - {}
RESULT: {}
COMMAND: POST /session/00b0a221a833dea056b614cc34bca90a/element - {"using":"xpath","value":".//caption[contains(., \"Quantity (events)\") and not(.//caption)]"}
RESULT: {"using":"xpath","value":".//caption[contains(., \"Quantity (events)\") and not(.//caption)]"}
COMMAND: POST /session/00b0a221a833dea056b614cc34bca90a/execute/sync - {"script":"return (function (elem, id) {\n        return (function parentElement() {\n        return this.parentElement;\n    }).call(elem, id);\n    }).apply(null, arguments)","args":[{"element-6066-11e4-a52e-4f735466cecf":"C6C0C098B2F49EEAD6F3637DB95FB1C6_element_19","ELEMENT":"C6C0C098B2F49EEAD6F3637DB95FB1C6_element_19"}]}
RESULT: {"script":"return (function (elem, id) {\n        return (function parentElement() {\n        return this.parentElement;\n    }).call(elem, id);\n    }).apply(null, arguments)","args":[{"element-6066-11e4-a52e-4f735466cecf":"C6C0C098B2F49EEAD6F3637DB95FB1C6_element_19","ELEMENT":"C6C0C098B2F49EEAD6F3637DB95FB1C6_element_19"}]}
COMMAND: POST /session/00b0a221a833dea056b614cc34bca90a/execute/sync - {"script":"return (function isElementDisplayed(element) {\n    function nodeIsElement(node) {\n        if (!node) {\n            return false;\n        }\n        switch (node.nodeType) {\n            case Node.ELEMEN ... (7807 more bytes)","args":[{"element-6066-11e4-a52e-4f735466cecf":"C6C0C098B2F49EEAD6F3637DB95FB1C6_element_20","ELEMENT":"C6C0C098B2F49EEAD6F3637DB95FB1C6_element_20"}]}
RESULT: {"script":"return (function isElementDisplayed(element) {\n    function nodeIsElement(node) {\n        if (!node) {\n            return false;\n        }\n        switch (node.nodeType) {\n            case Node.ELEMEN ... (7807 more bytes)","args":[{"element-6066-11e4-a52e-4f735466cecf":"C6C0C098B2F49EEAD6F3637DB95FB1C6_element_20","ELEMENT":"C6C0C098B2F49EEAD6F3637DB95FB1C6_element_20"}]}
COMMAND: POST /session/00b0a221a833dea056b614cc34bca90a/element/C6C0C098B2F49EEAD6F3637DB95FB1C6_element_20/elements - {"using":"css selector","value":"tbody tr"}
RESULT: {"using":"css selector","value":"tbody tr"}
COMMAND: POST /session/00b0a221a833dea056b614cc34bca90a/element/C6C0C098B2F49EEAD6F3637DB95FB1C6_element_20/element - {"using":"css selector","value":"thead tr"}
RESULT: {"using":"css selector","value":"thead tr"}
COMMAND: POST /session/00b0a221a833dea056b614cc34bca90a/element/C6C0C098B2F49EEAD6F3637DB95FB1C6_element_21/elements - {"using":"css selector","value":"th"}
RESULT: {"using":"css selector","value":"th"}
COMMAND: GET /session/00b0a221a833dea056b614cc34bca90a/element/C6C0C098B2F49EEAD6F3637DB95FB1C6_element_22/text - {}
COMMAND: GET /session/00b0a221a833dea056b614cc34bca90a/element/C6C0C098B2F49EEAD6F3637DB95FB1C6_element_23/text - {}
COMMAND: GET /session/00b0a221a833dea056b614cc34bca90a/element/C6C0C098B2F49EEAD6F3637DB95FB1C6_element_25/text - {}
COMMAND: GET /session/00b0a221a833dea056b614cc34bca90a/element/C6C0C098B2F49EEAD6F3637DB95FB1C6_element_24/text - {}
RESULT: {}
RESULT: {}
RESULT: {}
RESULT: {}
]]></system-out>
      <system-err><![CDATA[
TypeError: Cannot read properties of undefined (reading 'Line item')
    at assertQuantityTableData (file:///home/runner/work/di-billing-transaction-monitoring/di-billing-transaction-monitoring/ui-tests/specs/invoice.spec.ts:186:23)
    at validateTableDataWithAssertions (file:///home/runner/work/di-billing-transaction-monitoring/di-billing-transaction-monitoring/ui-tests/specs/invoice.spec.ts:154:5)
    at processTicksAndRejections (node:internal/process/task_queues:96:5)
    at async Context.<anonymous> (file:///home/runner/work/di-billing-transaction-monitoring/di-billing-transaction-monitoring/ui-tests/specs/invoice.spec.ts:106:9)
]]></system-err>
    </testcase>
    <testcase classname="chrome.117_0_5938_132.linux.Invoice_Page_Test.Vendor:_Vendor_Three,Invoice:2005-09" name="should validate price table data" time="0.714">
      <failure/>
      <error message="Cannot read properties of undefined (reading 'Line item')"/>
      <system-out><![CDATA[
COMMAND: POST /session/00b0a221a833dea056b614cc34bca90a/url - {"url":"https://pr-505.btm.dev.account.gov.uk/contracts/3/invoices/2005-09"}
RESULT: {"url":"https://pr-505.btm.dev.account.gov.uk/contracts/3/invoices/2005-09"}
COMMAND: POST /session/00b0a221a833dea056b614cc34bca90a/execute/sync - {"script":"return (() => document.readyState === \"complete\").apply(null, arguments)","args":[]}
RESULT: {"script":"return (() => document.readyState === \"complete\").apply(null, arguments)","args":[]}
COMMAND: GET /session/00b0a221a833dea056b614cc34bca90a/url - {}
RESULT: {}
COMMAND: POST /session/00b0a221a833dea056b614cc34bca90a/element - {"using":"css selector","value":".govuk-heading-xl"}
RESULT: {"using":"css selector","value":".govuk-heading-xl"}
COMMAND: POST /session/00b0a221a833dea056b614cc34bca90a/execute/sync - {"script":"return (function isElementDisplayed(element) {\n    function nodeIsElement(node) {\n        if (!node) {\n            return false;\n        }\n        switch (node.nodeType) {\n            case Node.ELEMEN ... (7807 more bytes)","args":[{"element-6066-11e4-a52e-4f735466cecf":"F1529C2D1B5DA283541FC975FA606A80_element_29","ELEMENT":"F1529C2D1B5DA283541FC975FA606A80_element_29"}]}
RESULT: {"script":"return (function isElementDisplayed(element) {\n    function nodeIsElement(node) {\n        if (!node) {\n            return false;\n        }\n        switch (node.nodeType) {\n            case Node.ELEMEN ... (7807 more bytes)","args":[{"element-6066-11e4-a52e-4f735466cecf":"F1529C2D1B5DA283541FC975FA606A80_element_29","ELEMENT":"F1529C2D1B5DA283541FC975FA606A80_element_29"}]}
COMMAND: POST /session/00b0a221a833dea056b614cc34bca90a/element - {"using":"css selector","value":".govuk-heading-xl"}
RESULT: {"using":"css selector","value":".govuk-heading-xl"}
COMMAND: GET /session/00b0a221a833dea056b614cc34bca90a/element/F1529C2D1B5DA283541FC975FA606A80_element_29/text - {}
RESULT: {}
COMMAND: POST /session/00b0a221a833dea056b614cc34bca90a/element - {"using":"xpath","value":".//caption[contains(., \"Price\") and not(.//caption)]"}
RESULT: {"using":"xpath","value":".//caption[contains(., \"Price\") and not(.//caption)]"}
COMMAND: POST /session/00b0a221a833dea056b614cc34bca90a/execute/sync - {"script":"return (function (elem, id) {\n        return (function parentElement() {\n        return this.parentElement;\n    }).call(elem, id);\n    }).apply(null, arguments)","args":[{"element-6066-11e4-a52e-4f735466cecf":"F1529C2D1B5DA283541FC975FA606A80_element_30","ELEMENT":"F1529C2D1B5DA283541FC975FA606A80_element_30"}]}
RESULT: {"script":"return (function (elem, id) {\n        return (function parentElement() {\n        return this.parentElement;\n    }).call(elem, id);\n    }).apply(null, arguments)","args":[{"element-6066-11e4-a52e-4f735466cecf":"F1529C2D1B5DA283541FC975FA606A80_element_30","ELEMENT":"F1529C2D1B5DA283541FC975FA606A80_element_30"}]}
COMMAND: POST /session/00b0a221a833dea056b614cc34bca90a/execute/sync - {"script":"return (function isElementDisplayed(element) {\n    function nodeIsElement(node) {\n        if (!node) {\n            return false;\n        }\n        switch (node.nodeType) {\n            case Node.ELEMEN ... (7807 more bytes)","args":[{"element-6066-11e4-a52e-4f735466cecf":"F1529C2D1B5DA283541FC975FA606A80_element_31","ELEMENT":"F1529C2D1B5DA283541FC975FA606A80_element_31"}]}
RESULT: {"script":"return (function isElementDisplayed(element) {\n    function nodeIsElement(node) {\n        if (!node) {\n            return false;\n        }\n        switch (node.nodeType) {\n            case Node.ELEMEN ... (7807 more bytes)","args":[{"element-6066-11e4-a52e-4f735466cecf":"F1529C2D1B5DA283541FC975FA606A80_element_31","ELEMENT":"F1529C2D1B5DA283541FC975FA606A80_element_31"}]}
COMMAND: POST /session/00b0a221a833dea056b614cc34bca90a/element/F1529C2D1B5DA283541FC975FA606A80_element_31/elements - {"using":"css selector","value":"tbody tr"}
RESULT: {"using":"css selector","value":"tbody tr"}
COMMAND: POST /session/00b0a221a833dea056b614cc34bca90a/element/F1529C2D1B5DA283541FC975FA606A80_element_31/element - {"using":"css selector","value":"thead tr"}
RESULT: {"using":"css selector","value":"thead tr"}
COMMAND: POST /session/00b0a221a833dea056b614cc34bca90a/element/F1529C2D1B5DA283541FC975FA606A80_element_32/elements - {"using":"css selector","value":"th"}
RESULT: {"using":"css selector","value":"th"}
COMMAND: GET /session/00b0a221a833dea056b614cc34bca90a/element/F1529C2D1B5DA283541FC975FA606A80_element_33/text - {}
COMMAND: GET /session/00b0a221a833dea056b614cc34bca90a/element/F1529C2D1B5DA283541FC975FA606A80_element_34/text - {}
COMMAND: GET /session/00b0a221a833dea056b614cc34bca90a/element/F1529C2D1B5DA283541FC975FA606A80_element_36/text - {}
COMMAND: GET /session/00b0a221a833dea056b614cc34bca90a/element/F1529C2D1B5DA283541FC975FA606A80_element_35/text - {}
RESULT: {}
RESULT: {}
RESULT: {}
RESULT: {}
]]></system-out>
      <system-err><![CDATA[
TypeError: Cannot read properties of undefined (reading 'Line item')
    at assertPriceTableData (file:///home/runner/work/di-billing-transaction-monitoring/di-billing-transaction-monitoring/ui-tests/specs/invoice.spec.ts:199:23)
    at validateTableDataWithAssertions (file:///home/runner/work/di-billing-transaction-monitoring/di-billing-transaction-monitoring/ui-tests/specs/invoice.spec.ts:154:5)
    at processTicksAndRejections (node:internal/process/task_queues:96:5)
    at async Context.<anonymous> (file:///home/runner/work/di-billing-transaction-monitoring/di-billing-transaction-monitoring/ui-tests/specs/invoice.spec.ts:114:9)
]]></system-err>
    </testcase>
    <testcase classname="chrome.117_0_5938_132.linux.Invoice_Page_Test.Vendor:_Vendor_Three,Invoice:2005-09" name="should validate measured events table data" time="1.508">
      <failure/>
      <error message="Cannot read properties of undefined (reading 'Line item')"/>
      <system-out><![CDATA[
COMMAND: POST /session/00b0a221a833dea056b614cc34bca90a/url - {"url":"https://pr-505.btm.dev.account.gov.uk/contracts/3/invoices/2005-09"}
RESULT: {"url":"https://pr-505.btm.dev.account.gov.uk/contracts/3/invoices/2005-09"}
COMMAND: POST /session/00b0a221a833dea056b614cc34bca90a/execute/sync - {"script":"return (() => document.readyState === \"complete\").apply(null, arguments)","args":[]}
RESULT: {"script":"return (() => document.readyState === \"complete\").apply(null, arguments)","args":[]}
COMMAND: GET /session/00b0a221a833dea056b614cc34bca90a/url - {}
RESULT: {}
COMMAND: POST /session/00b0a221a833dea056b614cc34bca90a/element - {"using":"css selector","value":".govuk-heading-xl"}
RESULT: {"using":"css selector","value":".govuk-heading-xl"}
COMMAND: POST /session/00b0a221a833dea056b614cc34bca90a/execute/sync - {"script":"return (function isElementDisplayed(element) {\n    function nodeIsElement(node) {\n        if (!node) {\n            return false;\n        }\n        switch (node.nodeType) {\n            case Node.ELEMEN ... (7807 more bytes)","args":[{"element-6066-11e4-a52e-4f735466cecf":"A220B52A2A5FA4FA9D7235EA511352B8_element_40","ELEMENT":"A220B52A2A5FA4FA9D7235EA511352B8_element_40"}]}
RESULT: {"script":"return (function isElementDisplayed(element) {\n    function nodeIsElement(node) {\n        if (!node) {\n            return false;\n        }\n        switch (node.nodeType) {\n            case Node.ELEMEN ... (7807 more bytes)","args":[{"element-6066-11e4-a52e-4f735466cecf":"A220B52A2A5FA4FA9D7235EA511352B8_element_40","ELEMENT":"A220B52A2A5FA4FA9D7235EA511352B8_element_40"}]}
COMMAND: POST /session/00b0a221a833dea056b614cc34bca90a/element - {"using":"css selector","value":".govuk-heading-xl"}
RESULT: {"using":"css selector","value":".govuk-heading-xl"}
COMMAND: GET /session/00b0a221a833dea056b614cc34bca90a/element/A220B52A2A5FA4FA9D7235EA511352B8_element_40/text - {}
RESULT: {}
COMMAND: POST /session/00b0a221a833dea056b614cc34bca90a/element - {"using":"xpath","value":".//caption[contains(., \"Measured (events)\") and not(.//caption)]"}
RESULT: {"using":"xpath","value":".//caption[contains(., \"Measured (events)\") and not(.//caption)]"}
COMMAND: POST /session/00b0a221a833dea056b614cc34bca90a/execute/sync - {"script":"return (function (elem, id) {\n        return (function parentElement() {\n        return this.parentElement;\n    }).call(elem, id);\n    }).apply(null, arguments)","args":[{"element-6066-11e4-a52e-4f735466cecf":"A220B52A2A5FA4FA9D7235EA511352B8_element_41","ELEMENT":"A220B52A2A5FA4FA9D7235EA511352B8_element_41"}]}
RESULT: {"script":"return (function (elem, id) {\n        return (function parentElement() {\n        return this.parentElement;\n    }).call(elem, id);\n    }).apply(null, arguments)","args":[{"element-6066-11e4-a52e-4f735466cecf":"A220B52A2A5FA4FA9D7235EA511352B8_element_41","ELEMENT":"A220B52A2A5FA4FA9D7235EA511352B8_element_41"}]}
COMMAND: POST /session/00b0a221a833dea056b614cc34bca90a/execute/sync - {"script":"return (function isElementDisplayed(element) {\n    function nodeIsElement(node) {\n        if (!node) {\n            return false;\n        }\n        switch (node.nodeType) {\n            case Node.ELEMEN ... (7807 more bytes)","args":[{"element-6066-11e4-a52e-4f735466cecf":"A220B52A2A5FA4FA9D7235EA511352B8_element_42","ELEMENT":"A220B52A2A5FA4FA9D7235EA511352B8_element_42"}]}
RESULT: {"script":"return (function isElementDisplayed(element) {\n    function nodeIsElement(node) {\n        if (!node) {\n            return false;\n        }\n        switch (node.nodeType) {\n            case Node.ELEMEN ... (7807 more bytes)","args":[{"element-6066-11e4-a52e-4f735466cecf":"A220B52A2A5FA4FA9D7235EA511352B8_element_42","ELEMENT":"A220B52A2A5FA4FA9D7235EA511352B8_element_42"}]}
COMMAND: POST /session/00b0a221a833dea056b614cc34bca90a/element/A220B52A2A5FA4FA9D7235EA511352B8_element_42/elements - {"using":"css selector","value":"tbody tr"}
RESULT: {"using":"css selector","value":"tbody tr"}
COMMAND: POST /session/00b0a221a833dea056b614cc34bca90a/element/A220B52A2A5FA4FA9D7235EA511352B8_element_42/element - {"using":"css selector","value":"thead tr"}
RESULT: {"using":"css selector","value":"thead tr"}
COMMAND: POST /session/00b0a221a833dea056b614cc34bca90a/element/A220B52A2A5FA4FA9D7235EA511352B8_element_43/elements - {"using":"css selector","value":"th"}
RESULT: {"using":"css selector","value":"th"}
COMMAND: GET /session/00b0a221a833dea056b614cc34bca90a/element/A220B52A2A5FA4FA9D7235EA511352B8_element_44/text - {}
COMMAND: GET /session/00b0a221a833dea056b614cc34bca90a/element/A220B52A2A5FA4FA9D7235EA511352B8_element_45/text - {}
RESULT: {}
RESULT: {}
]]></system-out>
      <system-err><![CDATA[
TypeError: Cannot read properties of undefined (reading 'Line item')
    at assertMeasuredTableData (file:///home/runner/work/di-billing-transaction-monitoring/di-billing-transaction-monitoring/ui-tests/specs/invoice.spec.ts:212:23)
    at validateTableDataWithAssertions (file:///home/runner/work/di-billing-transaction-monitoring/di-billing-transaction-monitoring/ui-tests/specs/invoice.spec.ts:154:5)
    at processTicksAndRejections (node:internal/process/task_queues:96:5)
    at async Context.<anonymous> (file:///home/runner/work/di-billing-transaction-monitoring/di-billing-transaction-monitoring/ui-tests/specs/invoice.spec.ts:122:9)
]]></system-err>
    </testcase>
    <testcase classname="chrome.117_0_5938_132.linux.Invoice_Page_Test.Vendor:_Vendor_Three,Invoice:2005-09" name="should validate invoice table data" time="0.79">
      <failure/>
      <error message="expect(received).toEqual(expected) // deep equality&#xA;&#xA;Expected: &quot;Address check&quot;&#xA;Received: &quot;Total&quot;"/>
      <system-out><![CDATA[
COMMAND: POST /session/00b0a221a833dea056b614cc34bca90a/url - {"url":"https://pr-505.btm.dev.account.gov.uk/contracts/3/invoices/2005-09"}
RESULT: {"url":"https://pr-505.btm.dev.account.gov.uk/contracts/3/invoices/2005-09"}
COMMAND: POST /session/00b0a221a833dea056b614cc34bca90a/execute/sync - {"script":"return (() => document.readyState === \"complete\").apply(null, arguments)","args":[]}
RESULT: {"script":"return (() => document.readyState === \"complete\").apply(null, arguments)","args":[]}
COMMAND: GET /session/00b0a221a833dea056b614cc34bca90a/url - {}
RESULT: {}
COMMAND: POST /session/00b0a221a833dea056b614cc34bca90a/element - {"using":"css selector","value":".govuk-heading-xl"}
RESULT: {"using":"css selector","value":".govuk-heading-xl"}
COMMAND: POST /session/00b0a221a833dea056b614cc34bca90a/execute/sync - {"script":"return (function isElementDisplayed(element) {\n    function nodeIsElement(node) {\n        if (!node) {\n            return false;\n        }\n        switch (node.nodeType) {\n            case Node.ELEMEN ... (7807 more bytes)","args":[{"element-6066-11e4-a52e-4f735466cecf":"19AF266D2DF161E8C0BB4424BB4935D4_element_47","ELEMENT":"19AF266D2DF161E8C0BB4424BB4935D4_element_47"}]}
RESULT: {"script":"return (function isElementDisplayed(element) {\n    function nodeIsElement(node) {\n        if (!node) {\n            return false;\n        }\n        switch (node.nodeType) {\n            case Node.ELEMEN ... (7807 more bytes)","args":[{"element-6066-11e4-a52e-4f735466cecf":"19AF266D2DF161E8C0BB4424BB4935D4_element_47","ELEMENT":"19AF266D2DF161E8C0BB4424BB4935D4_element_47"}]}
COMMAND: POST /session/00b0a221a833dea056b614cc34bca90a/element - {"using":"css selector","value":".govuk-heading-xl"}
RESULT: {"using":"css selector","value":".govuk-heading-xl"}
COMMAND: GET /session/00b0a221a833dea056b614cc34bca90a/element/19AF266D2DF161E8C0BB4424BB4935D4_element_47/text - {}
RESULT: {}
COMMAND: POST /session/00b0a221a833dea056b614cc34bca90a/element - {"using":"xpath","value":".//caption[contains(., \"Invoice\") and not(.//caption)]"}
RESULT: {"using":"xpath","value":".//caption[contains(., \"Invoice\") and not(.//caption)]"}
COMMAND: POST /session/00b0a221a833dea056b614cc34bca90a/execute/sync - {"script":"return (function (elem, id) {\n        return (function parentElement() {\n        return this.parentElement;\n    }).call(elem, id);\n    }).apply(null, arguments)","args":[{"element-6066-11e4-a52e-4f735466cecf":"19AF266D2DF161E8C0BB4424BB4935D4_element_48","ELEMENT":"19AF266D2DF161E8C0BB4424BB4935D4_element_48"}]}
RESULT: {"script":"return (function (elem, id) {\n        return (function parentElement() {\n        return this.parentElement;\n    }).call(elem, id);\n    }).apply(null, arguments)","args":[{"element-6066-11e4-a52e-4f735466cecf":"19AF266D2DF161E8C0BB4424BB4935D4_element_48","ELEMENT":"19AF266D2DF161E8C0BB4424BB4935D4_element_48"}]}
COMMAND: POST /session/00b0a221a833dea056b614cc34bca90a/execute/sync - {"script":"return (function isElementDisplayed(element) {\n    function nodeIsElement(node) {\n        if (!node) {\n            return false;\n        }\n        switch (node.nodeType) {\n            case Node.ELEMEN ... (7807 more bytes)","args":[{"element-6066-11e4-a52e-4f735466cecf":"19AF266D2DF161E8C0BB4424BB4935D4_element_49","ELEMENT":"19AF266D2DF161E8C0BB4424BB4935D4_element_49"}]}
RESULT: {"script":"return (function isElementDisplayed(element) {\n    function nodeIsElement(node) {\n        if (!node) {\n            return false;\n        }\n        switch (node.nodeType) {\n            case Node.ELEMEN ... (7807 more bytes)","args":[{"element-6066-11e4-a52e-4f735466cecf":"19AF266D2DF161E8C0BB4424BB4935D4_element_49","ELEMENT":"19AF266D2DF161E8C0BB4424BB4935D4_element_49"}]}
COMMAND: POST /session/00b0a221a833dea056b614cc34bca90a/element/19AF266D2DF161E8C0BB4424BB4935D4_element_49/elements - {"using":"css selector","value":"tbody tr"}
RESULT: {"using":"css selector","value":"tbody tr"}
COMMAND: POST /session/00b0a221a833dea056b614cc34bca90a/element/19AF266D2DF161E8C0BB4424BB4935D4_element_49/element - {"using":"css selector","value":"thead tr"}
RESULT: {"using":"css selector","value":"thead tr"}
COMMAND: POST /session/00b0a221a833dea056b614cc34bca90a/element/19AF266D2DF161E8C0BB4424BB4935D4_element_51/elements - {"using":"css selector","value":"th"}
RESULT: {"using":"css selector","value":"th"}
COMMAND: GET /session/00b0a221a833dea056b614cc34bca90a/element/19AF266D2DF161E8C0BB4424BB4935D4_element_52/text - {}
COMMAND: GET /session/00b0a221a833dea056b614cc34bca90a/element/19AF266D2DF161E8C0BB4424BB4935D4_element_53/text - {}
COMMAND: GET /session/00b0a221a833dea056b614cc34bca90a/element/19AF266D2DF161E8C0BB4424BB4935D4_element_55/text - {}
COMMAND: GET /session/00b0a221a833dea056b614cc34bca90a/element/19AF266D2DF161E8C0BB4424BB4935D4_element_54/text - {}
COMMAND: GET /session/00b0a221a833dea056b614cc34bca90a/element/19AF266D2DF161E8C0BB4424BB4935D4_element_56/text - {}
RESULT: {}
RESULT: {}
RESULT: {}
RESULT: {}
RESULT: {}
COMMAND: POST /session/00b0a221a833dea056b614cc34bca90a/element/19AF266D2DF161E8C0BB4424BB4935D4_element_50/elements - {"using":"css selector","value":"th,td"}
RESULT: {"using":"css selector","value":"th,td"}
COMMAND: GET /session/00b0a221a833dea056b614cc34bca90a/element/19AF266D2DF161E8C0BB4424BB4935D4_element_57/text - {}
RESULT: {}
COMMAND: GET /session/00b0a221a833dea056b614cc34bca90a/element/19AF266D2DF161E8C0BB4424BB4935D4_element_58/text - {}
RESULT: {}
COMMAND: GET /session/00b0a221a833dea056b614cc34bca90a/element/19AF266D2DF161E8C0BB4424BB4935D4_element_59/text - {}
RESULT: {}
COMMAND: GET /session/00b0a221a833dea056b614cc34bca90a/element/19AF266D2DF161E8C0BB4424BB4935D4_element_60/text - {}
RESULT: {}
COMMAND: GET /session/00b0a221a833dea056b614cc34bca90a/element/19AF266D2DF161E8C0BB4424BB4935D4_element_61/text - {}
RESULT: {}
]]></system-out>
      <system-err><![CDATA[
Error: expect(received).toEqual(expected) // deep equality

Expected: "Address check"
Received: "Total"
    at expectEqual (file:///home/runner/work/di-billing-transaction-monitoring/di-billing-transaction-monitoring/ui-tests/utils/customTestAssertion.ts:12:20)
    at assertInvoiceTableData (file:///home/runner/work/di-billing-transaction-monitoring/di-billing-transaction-monitoring/ui-tests/specs/invoice.spec.ts:220:3)
    at validateTableDataWithAssertions (file:///home/runner/work/di-billing-transaction-monitoring/di-billing-transaction-monitoring/ui-tests/specs/invoice.spec.ts:154:5)
    at processTicksAndRejections (node:internal/process/task_queues:96:5)
    at async Context.<anonymous> (file:///home/runner/work/di-billing-transaction-monitoring/di-billing-transaction-monitoring/ui-tests/specs/invoice.spec.ts:130:9)
]]></system-err>
    </testcase>
  </testsuite>
  <testsuite name="Vendor Vendor Three Invoice 2023 03" timestamp="2023-10-06T09:06:16" time="5.787" tests="6" failures="3" errors="3" skipped="0">
    <properties>
      <property name="specId" value="0"/>
      <property name="suiteName" value="Vendor: Vendor Three,Invoice:2023-03"/>
      <property name="capabilities" value="chrome.117_0_5938_132.linux"/>
      <property name="file" value="file://./ui-tests/specs/invoice.spec.ts"/>
    </properties>
    <testcase classname="chrome.117_0_5938_132.linux.Invoice_Page_Test.Vendor:_Vendor_Three,Invoice:2023-03" name="should display correct status banner color and message" time="1.407">
      <system-out><![CDATA[
COMMAND: POST /session/00b0a221a833dea056b614cc34bca90a/url - {"url":"https://pr-505.btm.dev.account.gov.uk/contracts/3/invoices/2023-03"}
RESULT: {"url":"https://pr-505.btm.dev.account.gov.uk/contracts/3/invoices/2023-03"}
COMMAND: POST /session/00b0a221a833dea056b614cc34bca90a/execute/sync - {"script":"return (() => document.readyState === \"complete\").apply(null, arguments)","args":[]}
RESULT: {"script":"return (() => document.readyState === \"complete\").apply(null, arguments)","args":[]}
COMMAND: GET /session/00b0a221a833dea056b614cc34bca90a/url - {}
RESULT: {}
COMMAND: POST /session/00b0a221a833dea056b614cc34bca90a/element - {"using":"css selector","value":".govuk-heading-xl"}
RESULT: {"using":"css selector","value":".govuk-heading-xl"}
COMMAND: POST /session/00b0a221a833dea056b614cc34bca90a/execute/sync - {"script":"return (function isElementDisplayed(element) {\n    function nodeIsElement(node) {\n        if (!node) {\n            return false;\n        }\n        switch (node.nodeType) {\n            case Node.ELEMEN ... (7807 more bytes)","args":[{"element-6066-11e4-a52e-4f735466cecf":"C7A22690BC17EC96BED342C8B52CCAC4_element_65","ELEMENT":"C7A22690BC17EC96BED342C8B52CCAC4_element_65"}]}
RESULT: {"script":"return (function isElementDisplayed(element) {\n    function nodeIsElement(node) {\n        if (!node) {\n            return false;\n        }\n        switch (node.nodeType) {\n            case Node.ELEMEN ... (7807 more bytes)","args":[{"element-6066-11e4-a52e-4f735466cecf":"C7A22690BC17EC96BED342C8B52CCAC4_element_65","ELEMENT":"C7A22690BC17EC96BED342C8B52CCAC4_element_65"}]}
COMMAND: POST /session/00b0a221a833dea056b614cc34bca90a/element - {"using":"css selector","value":".govuk-heading-xl"}
RESULT: {"using":"css selector","value":".govuk-heading-xl"}
COMMAND: GET /session/00b0a221a833dea056b614cc34bca90a/element/C7A22690BC17EC96BED342C8B52CCAC4_element_65/text - {}
RESULT: {}
COMMAND: POST /session/00b0a221a833dea056b614cc34bca90a/element - {"using":"css selector","value":"h2.govuk-panel__title"}
RESULT: {"using":"css selector","value":"h2.govuk-panel__title"}
COMMAND: POST /session/00b0a221a833dea056b614cc34bca90a/execute/sync - {"script":"return (function isElementDisplayed(element) {\n    function nodeIsElement(node) {\n        if (!node) {\n            return false;\n        }\n        switch (node.nodeType) {\n            case Node.ELEMEN ... (7807 more bytes)","args":[{"element-6066-11e4-a52e-4f735466cecf":"C7A22690BC17EC96BED342C8B52CCAC4_element_66","ELEMENT":"C7A22690BC17EC96BED342C8B52CCAC4_element_66"}]}
RESULT: {"script":"return (function isElementDisplayed(element) {\n    function nodeIsElement(node) {\n        if (!node) {\n            return false;\n        }\n        switch (node.nodeType) {\n            case Node.ELEMEN ... (7807 more bytes)","args":[{"element-6066-11e4-a52e-4f735466cecf":"C7A22690BC17EC96BED342C8B52CCAC4_element_66","ELEMENT":"C7A22690BC17EC96BED342C8B52CCAC4_element_66"}]}
COMMAND: POST /session/00b0a221a833dea056b614cc34bca90a/element - {"using":"css selector","value":"h2.govuk-panel__title"}
RESULT: {"using":"css selector","value":"h2.govuk-panel__title"}
COMMAND: GET /session/00b0a221a833dea056b614cc34bca90a/element/C7A22690BC17EC96BED342C8B52CCAC4_element_66/text - {}
RESULT: {}
COMMAND: POST /session/00b0a221a833dea056b614cc34bca90a/element - {"using":"css selector","value":".govuk-panel"}
RESULT: {"using":"css selector","value":".govuk-panel"}
COMMAND: POST /session/00b0a221a833dea056b614cc34bca90a/execute/sync - {"script":"return (function isElementDisplayed(element) {\n    function nodeIsElement(node) {\n        if (!node) {\n            return false;\n        }\n        switch (node.nodeType) {\n            case Node.ELEMEN ... (7807 more bytes)","args":[{"element-6066-11e4-a52e-4f735466cecf":"C7A22690BC17EC96BED342C8B52CCAC4_element_63","ELEMENT":"C7A22690BC17EC96BED342C8B52CCAC4_element_63"}]}
RESULT: {"script":"return (function isElementDisplayed(element) {\n    function nodeIsElement(node) {\n        if (!node) {\n            return false;\n        }\n        switch (node.nodeType) {\n            case Node.ELEMEN ... (7807 more bytes)","args":[{"element-6066-11e4-a52e-4f735466cecf":"C7A22690BC17EC96BED342C8B52CCAC4_element_63","ELEMENT":"C7A22690BC17EC96BED342C8B52CCAC4_element_63"}]}
COMMAND: GET /session/00b0a221a833dea056b614cc34bca90a/element/C7A22690BC17EC96BED342C8B52CCAC4_element_63/css/background-color - {}
RESULT: {}
]]></system-out>
    </testcase>
    <testcase classname="chrome.117_0_5938_132.linux.Invoice_Page_Test.Vendor:_Vendor_Three,Invoice:2023-03" name="should validate reconciliation table data" time="1.022">
      <system-out><![CDATA[
COMMAND: POST /session/00b0a221a833dea056b614cc34bca90a/url - {"url":"https://pr-505.btm.dev.account.gov.uk/contracts/3/invoices/2023-03"}
RESULT: {"url":"https://pr-505.btm.dev.account.gov.uk/contracts/3/invoices/2023-03"}
COMMAND: POST /session/00b0a221a833dea056b614cc34bca90a/execute/sync - {"script":"return (() => document.readyState === \"complete\").apply(null, arguments)","args":[]}
RESULT: {"script":"return (() => document.readyState === \"complete\").apply(null, arguments)","args":[]}
COMMAND: GET /session/00b0a221a833dea056b614cc34bca90a/url - {}
RESULT: {}
COMMAND: POST /session/00b0a221a833dea056b614cc34bca90a/element - {"using":"css selector","value":".govuk-heading-xl"}
RESULT: {"using":"css selector","value":".govuk-heading-xl"}
COMMAND: POST /session/00b0a221a833dea056b614cc34bca90a/execute/sync - {"script":"return (function isElementDisplayed(element) {\n    function nodeIsElement(node) {\n        if (!node) {\n            return false;\n        }\n        switch (node.nodeType) {\n            case Node.ELEMEN ... (7807 more bytes)","args":[{"element-6066-11e4-a52e-4f735466cecf":"6954AAC4C58CCCD191DD1AEE2872D8B1_element_68","ELEMENT":"6954AAC4C58CCCD191DD1AEE2872D8B1_element_68"}]}
RESULT: {"script":"return (function isElementDisplayed(element) {\n    function nodeIsElement(node) {\n        if (!node) {\n            return false;\n        }\n        switch (node.nodeType) {\n            case Node.ELEMEN ... (7807 more bytes)","args":[{"element-6066-11e4-a52e-4f735466cecf":"6954AAC4C58CCCD191DD1AEE2872D8B1_element_68","ELEMENT":"6954AAC4C58CCCD191DD1AEE2872D8B1_element_68"}]}
COMMAND: POST /session/00b0a221a833dea056b614cc34bca90a/element - {"using":"css selector","value":".govuk-heading-xl"}
RESULT: {"using":"css selector","value":".govuk-heading-xl"}
COMMAND: GET /session/00b0a221a833dea056b614cc34bca90a/element/6954AAC4C58CCCD191DD1AEE2872D8B1_element_68/text - {}
RESULT: {}
COMMAND: POST /session/00b0a221a833dea056b614cc34bca90a/element - {"using":"xpath","value":".//caption[contains(., \"Reconciliation\") and not(.//caption)]"}
RESULT: {"using":"xpath","value":".//caption[contains(., \"Reconciliation\") and not(.//caption)]"}
COMMAND: POST /session/00b0a221a833dea056b614cc34bca90a/execute/sync - {"script":"return (function (elem, id) {\n        return (function parentElement() {\n        return this.parentElement;\n    }).call(elem, id);\n    }).apply(null, arguments)","args":[{"element-6066-11e4-a52e-4f735466cecf":"6954AAC4C58CCCD191DD1AEE2872D8B1_element_69","ELEMENT":"6954AAC4C58CCCD191DD1AEE2872D8B1_element_69"}]}
RESULT: {"script":"return (function (elem, id) {\n        return (function parentElement() {\n        return this.parentElement;\n    }).call(elem, id);\n    }).apply(null, arguments)","args":[{"element-6066-11e4-a52e-4f735466cecf":"6954AAC4C58CCCD191DD1AEE2872D8B1_element_69","ELEMENT":"6954AAC4C58CCCD191DD1AEE2872D8B1_element_69"}]}
COMMAND: POST /session/00b0a221a833dea056b614cc34bca90a/execute/sync - {"script":"return (function isElementDisplayed(element) {\n    function nodeIsElement(node) {\n        if (!node) {\n            return false;\n        }\n        switch (node.nodeType) {\n            case Node.ELEMEN ... (7807 more bytes)","args":[{"element-6066-11e4-a52e-4f735466cecf":"6954AAC4C58CCCD191DD1AEE2872D8B1_element_70","ELEMENT":"6954AAC4C58CCCD191DD1AEE2872D8B1_element_70"}]}
RESULT: {"script":"return (function isElementDisplayed(element) {\n    function nodeIsElement(node) {\n        if (!node) {\n            return false;\n        }\n        switch (node.nodeType) {\n            case Node.ELEMEN ... (7807 more bytes)","args":[{"element-6066-11e4-a52e-4f735466cecf":"6954AAC4C58CCCD191DD1AEE2872D8B1_element_70","ELEMENT":"6954AAC4C58CCCD191DD1AEE2872D8B1_element_70"}]}
COMMAND: POST /session/00b0a221a833dea056b614cc34bca90a/element/6954AAC4C58CCCD191DD1AEE2872D8B1_element_70/elements - {"using":"css selector","value":"tbody tr"}
RESULT: {"using":"css selector","value":"tbody tr"}
COMMAND: POST /session/00b0a221a833dea056b614cc34bca90a/element/6954AAC4C58CCCD191DD1AEE2872D8B1_element_70/element - {"using":"css selector","value":"thead tr"}
RESULT: {"using":"css selector","value":"thead tr"}
COMMAND: POST /session/00b0a221a833dea056b614cc34bca90a/element/6954AAC4C58CCCD191DD1AEE2872D8B1_element_73/elements - {"using":"css selector","value":"th"}
RESULT: {"using":"css selector","value":"th"}
COMMAND: GET /session/00b0a221a833dea056b614cc34bca90a/element/6954AAC4C58CCCD191DD1AEE2872D8B1_element_74/text - {}
COMMAND: GET /session/00b0a221a833dea056b614cc34bca90a/element/6954AAC4C58CCCD191DD1AEE2872D8B1_element_75/text - {}
COMMAND: GET /session/00b0a221a833dea056b614cc34bca90a/element/6954AAC4C58CCCD191DD1AEE2872D8B1_element_77/text - {}
COMMAND: GET /session/00b0a221a833dea056b614cc34bca90a/element/6954AAC4C58CCCD191DD1AEE2872D8B1_element_76/text - {}
COMMAND: GET /session/00b0a221a833dea056b614cc34bca90a/element/6954AAC4C58CCCD191DD1AEE2872D8B1_element_78/text - {}
RESULT: {}
RESULT: {}
RESULT: {}
RESULT: {}
RESULT: {}
COMMAND: POST /session/00b0a221a833dea056b614cc34bca90a/element/6954AAC4C58CCCD191DD1AEE2872D8B1_element_71/elements - {"using":"css selector","value":"th,td"}
RESULT: {"using":"css selector","value":"th,td"}
COMMAND: GET /session/00b0a221a833dea056b614cc34bca90a/element/6954AAC4C58CCCD191DD1AEE2872D8B1_element_79/text - {}
RESULT: {}
COMMAND: GET /session/00b0a221a833dea056b614cc34bca90a/element/6954AAC4C58CCCD191DD1AEE2872D8B1_element_80/text - {}
RESULT: {}
COMMAND: GET /session/00b0a221a833dea056b614cc34bca90a/element/6954AAC4C58CCCD191DD1AEE2872D8B1_element_81/text - {}
RESULT: {}
COMMAND: GET /session/00b0a221a833dea056b614cc34bca90a/element/6954AAC4C58CCCD191DD1AEE2872D8B1_element_82/text - {}
RESULT: {}
COMMAND: GET /session/00b0a221a833dea056b614cc34bca90a/element/6954AAC4C58CCCD191DD1AEE2872D8B1_element_83/text - {}
RESULT: {}
COMMAND: POST /session/00b0a221a833dea056b614cc34bca90a/element/6954AAC4C58CCCD191DD1AEE2872D8B1_element_72/elements - {"using":"css selector","value":"th,td"}
RESULT: {"using":"css selector","value":"th,td"}
COMMAND: GET /session/00b0a221a833dea056b614cc34bca90a/element/6954AAC4C58CCCD191DD1AEE2872D8B1_element_84/text - {}
RESULT: {}
COMMAND: GET /session/00b0a221a833dea056b614cc34bca90a/element/6954AAC4C58CCCD191DD1AEE2872D8B1_element_85/text - {}
RESULT: {}
COMMAND: GET /session/00b0a221a833dea056b614cc34bca90a/element/6954AAC4C58CCCD191DD1AEE2872D8B1_element_86/text - {}
RESULT: {}
COMMAND: GET /session/00b0a221a833dea056b614cc34bca90a/element/6954AAC4C58CCCD191DD1AEE2872D8B1_element_87/text - {}
RESULT: {}
COMMAND: GET /session/00b0a221a833dea056b614cc34bca90a/element/6954AAC4C58CCCD191DD1AEE2872D8B1_element_88/text - {}
RESULT: {}
]]></system-out>
    </testcase>
    <testcase classname="chrome.117_0_5938_132.linux.Invoice_Page_Test.Vendor:_Vendor_Three,Invoice:2023-03" name="should validate quantity events table data" time="0.659">
      <failure/>
      <error message="expect(received).toEqual(expected) // deep equality&#xA;&#xA;Expected: &quot;15&quot;&#xA;Received: &quot;26&quot;"/>
      <system-out><![CDATA[
COMMAND: POST /session/00b0a221a833dea056b614cc34bca90a/url - {"url":"https://pr-505.btm.dev.account.gov.uk/contracts/3/invoices/2023-03"}
RESULT: {"url":"https://pr-505.btm.dev.account.gov.uk/contracts/3/invoices/2023-03"}
COMMAND: POST /session/00b0a221a833dea056b614cc34bca90a/execute/sync - {"script":"return (() => document.readyState === \"complete\").apply(null, arguments)","args":[]}
RESULT: {"script":"return (() => document.readyState === \"complete\").apply(null, arguments)","args":[]}
COMMAND: GET /session/00b0a221a833dea056b614cc34bca90a/url - {}
RESULT: {}
COMMAND: POST /session/00b0a221a833dea056b614cc34bca90a/element - {"using":"css selector","value":".govuk-heading-xl"}
RESULT: {"using":"css selector","value":".govuk-heading-xl"}
COMMAND: POST /session/00b0a221a833dea056b614cc34bca90a/execute/sync - {"script":"return (function isElementDisplayed(element) {\n    function nodeIsElement(node) {\n        if (!node) {\n            return false;\n        }\n        switch (node.nodeType) {\n            case Node.ELEMEN ... (7807 more bytes)","args":[{"element-6066-11e4-a52e-4f735466cecf":"14FC70CFB1078F172C692D32AD0ED688_element_90","ELEMENT":"14FC70CFB1078F172C692D32AD0ED688_element_90"}]}
RESULT: {"script":"return (function isElementDisplayed(element) {\n    function nodeIsElement(node) {\n        if (!node) {\n            return false;\n        }\n        switch (node.nodeType) {\n            case Node.ELEMEN ... (7807 more bytes)","args":[{"element-6066-11e4-a52e-4f735466cecf":"14FC70CFB1078F172C692D32AD0ED688_element_90","ELEMENT":"14FC70CFB1078F172C692D32AD0ED688_element_90"}]}
COMMAND: POST /session/00b0a221a833dea056b614cc34bca90a/element - {"using":"css selector","value":".govuk-heading-xl"}
RESULT: {"using":"css selector","value":".govuk-heading-xl"}
COMMAND: GET /session/00b0a221a833dea056b614cc34bca90a/element/14FC70CFB1078F172C692D32AD0ED688_element_90/text - {}
RESULT: {}
COMMAND: POST /session/00b0a221a833dea056b614cc34bca90a/element - {"using":"xpath","value":".//caption[contains(., \"Quantity (events)\") and not(.//caption)]"}
RESULT: {"using":"xpath","value":".//caption[contains(., \"Quantity (events)\") and not(.//caption)]"}
COMMAND: POST /session/00b0a221a833dea056b614cc34bca90a/execute/sync - {"script":"return (function (elem, id) {\n        return (function parentElement() {\n        return this.parentElement;\n    }).call(elem, id);\n    }).apply(null, arguments)","args":[{"element-6066-11e4-a52e-4f735466cecf":"14FC70CFB1078F172C692D32AD0ED688_element_91","ELEMENT":"14FC70CFB1078F172C692D32AD0ED688_element_91"}]}
RESULT: {"script":"return (function (elem, id) {\n        return (function parentElement() {\n        return this.parentElement;\n    }).call(elem, id);\n    }).apply(null, arguments)","args":[{"element-6066-11e4-a52e-4f735466cecf":"14FC70CFB1078F172C692D32AD0ED688_element_91","ELEMENT":"14FC70CFB1078F172C692D32AD0ED688_element_91"}]}
COMMAND: POST /session/00b0a221a833dea056b614cc34bca90a/execute/sync - {"script":"return (function isElementDisplayed(element) {\n    function nodeIsElement(node) {\n        if (!node) {\n            return false;\n        }\n        switch (node.nodeType) {\n            case Node.ELEMEN ... (7807 more bytes)","args":[{"element-6066-11e4-a52e-4f735466cecf":"14FC70CFB1078F172C692D32AD0ED688_element_92","ELEMENT":"14FC70CFB1078F172C692D32AD0ED688_element_92"}]}
RESULT: {"script":"return (function isElementDisplayed(element) {\n    function nodeIsElement(node) {\n        if (!node) {\n            return false;\n        }\n        switch (node.nodeType) {\n            case Node.ELEMEN ... (7807 more bytes)","args":[{"element-6066-11e4-a52e-4f735466cecf":"14FC70CFB1078F172C692D32AD0ED688_element_92","ELEMENT":"14FC70CFB1078F172C692D32AD0ED688_element_92"}]}
COMMAND: POST /session/00b0a221a833dea056b614cc34bca90a/element/14FC70CFB1078F172C692D32AD0ED688_element_92/elements - {"using":"css selector","value":"tbody tr"}
RESULT: {"using":"css selector","value":"tbody tr"}
COMMAND: POST /session/00b0a221a833dea056b614cc34bca90a/element/14FC70CFB1078F172C692D32AD0ED688_element_92/element - {"using":"css selector","value":"thead tr"}
RESULT: {"using":"css selector","value":"thead tr"}
COMMAND: POST /session/00b0a221a833dea056b614cc34bca90a/element/14FC70CFB1078F172C692D32AD0ED688_element_95/elements - {"using":"css selector","value":"th"}
RESULT: {"using":"css selector","value":"th"}
COMMAND: GET /session/00b0a221a833dea056b614cc34bca90a/element/14FC70CFB1078F172C692D32AD0ED688_element_96/text - {}
COMMAND: GET /session/00b0a221a833dea056b614cc34bca90a/element/14FC70CFB1078F172C692D32AD0ED688_element_97/text - {}
COMMAND: GET /session/00b0a221a833dea056b614cc34bca90a/element/14FC70CFB1078F172C692D32AD0ED688_element_99/text - {}
COMMAND: GET /session/00b0a221a833dea056b614cc34bca90a/element/14FC70CFB1078F172C692D32AD0ED688_element_98/text - {}
RESULT: {}
RESULT: {}
RESULT: {}
RESULT: {}
COMMAND: POST /session/00b0a221a833dea056b614cc34bca90a/element/14FC70CFB1078F172C692D32AD0ED688_element_93/elements - {"using":"css selector","value":"th,td"}
RESULT: {"using":"css selector","value":"th,td"}
COMMAND: GET /session/00b0a221a833dea056b614cc34bca90a/element/14FC70CFB1078F172C692D32AD0ED688_element_100/text - {}
RESULT: {}
COMMAND: GET /session/00b0a221a833dea056b614cc34bca90a/element/14FC70CFB1078F172C692D32AD0ED688_element_101/text - {}
RESULT: {}
COMMAND: GET /session/00b0a221a833dea056b614cc34bca90a/element/14FC70CFB1078F172C692D32AD0ED688_element_102/text - {}
RESULT: {}
COMMAND: GET /session/00b0a221a833dea056b614cc34bca90a/element/14FC70CFB1078F172C692D32AD0ED688_element_103/text - {}
RESULT: {}
COMMAND: POST /session/00b0a221a833dea056b614cc34bca90a/element/14FC70CFB1078F172C692D32AD0ED688_element_94/elements - {"using":"css selector","value":"th,td"}
RESULT: {"using":"css selector","value":"th,td"}
COMMAND: GET /session/00b0a221a833dea056b614cc34bca90a/element/14FC70CFB1078F172C692D32AD0ED688_element_104/text - {}
RESULT: {}
COMMAND: GET /session/00b0a221a833dea056b614cc34bca90a/element/14FC70CFB1078F172C692D32AD0ED688_element_105/text - {}
RESULT: {}
COMMAND: GET /session/00b0a221a833dea056b614cc34bca90a/element/14FC70CFB1078F172C692D32AD0ED688_element_106/text - {}
RESULT: {}
COMMAND: GET /session/00b0a221a833dea056b614cc34bca90a/element/14FC70CFB1078F172C692D32AD0ED688_element_107/text - {}
RESULT: {}
]]></system-out>
      <system-err><![CDATA[
Error: expect(received).toEqual(expected) // deep equality

Expected: "15"
Received: "26"
    at expectEqual (file:///home/runner/work/di-billing-transaction-monitoring/di-billing-transaction-monitoring/ui-tests/utils/customTestAssertion.ts:12:20)
    at assertQuantityTableData (file:///home/runner/work/di-billing-transaction-monitoring/di-billing-transaction-monitoring/ui-tests/specs/invoice.spec.ts:187:3)
    at validateTableDataWithAssertions (file:///home/runner/work/di-billing-transaction-monitoring/di-billing-transaction-monitoring/ui-tests/specs/invoice.spec.ts:154:5)
    at runMicrotasks (<anonymous>)
    at processTicksAndRejections (node:internal/process/task_queues:96:5)
    at async Context.<anonymous> (file:///home/runner/work/di-billing-transaction-monitoring/di-billing-transaction-monitoring/ui-tests/specs/invoice.spec.ts:106:9)
]]></system-err>
    </testcase>
    <testcase classname="chrome.117_0_5938_132.linux.Invoice_Page_Test.Vendor:_Vendor_Three,Invoice:2023-03" name="should validate price table data" time="0.802">
      <failure/>
      <error message="expect(received).toEqual(expected) // deep equality&#xA;&#xA;Expected: &quot;£3.75&quot;&#xA;Received: &quot;£230.88&quot;"/>
      <system-out><![CDATA[
COMMAND: POST /session/00b0a221a833dea056b614cc34bca90a/url - {"url":"https://pr-505.btm.dev.account.gov.uk/contracts/3/invoices/2023-03"}
RESULT: {"url":"https://pr-505.btm.dev.account.gov.uk/contracts/3/invoices/2023-03"}
COMMAND: POST /session/00b0a221a833dea056b614cc34bca90a/execute/sync - {"script":"return (() => document.readyState === \"complete\").apply(null, arguments)","args":[]}
RESULT: {"script":"return (() => document.readyState === \"complete\").apply(null, arguments)","args":[]}
COMMAND: GET /session/00b0a221a833dea056b614cc34bca90a/url - {}
RESULT: {}
COMMAND: POST /session/00b0a221a833dea056b614cc34bca90a/element - {"using":"css selector","value":".govuk-heading-xl"}
RESULT: {"using":"css selector","value":".govuk-heading-xl"}
COMMAND: POST /session/00b0a221a833dea056b614cc34bca90a/execute/sync - {"script":"return (function isElementDisplayed(element) {\n    function nodeIsElement(node) {\n        if (!node) {\n            return false;\n        }\n        switch (node.nodeType) {\n            case Node.ELEMEN ... (7807 more bytes)","args":[{"element-6066-11e4-a52e-4f735466cecf":"9CD3915EEE07E7D200509F4D357C4060_element_109","ELEMENT":"9CD3915EEE07E7D200509F4D357C4060_element_109"}]}
RESULT: {"script":"return (function isElementDisplayed(element) {\n    function nodeIsElement(node) {\n        if (!node) {\n            return false;\n        }\n        switch (node.nodeType) {\n            case Node.ELEMEN ... (7807 more bytes)","args":[{"element-6066-11e4-a52e-4f735466cecf":"9CD3915EEE07E7D200509F4D357C4060_element_109","ELEMENT":"9CD3915EEE07E7D200509F4D357C4060_element_109"}]}
COMMAND: POST /session/00b0a221a833dea056b614cc34bca90a/element - {"using":"css selector","value":".govuk-heading-xl"}
RESULT: {"using":"css selector","value":".govuk-heading-xl"}
COMMAND: GET /session/00b0a221a833dea056b614cc34bca90a/element/9CD3915EEE07E7D200509F4D357C4060_element_109/text - {}
RESULT: {}
COMMAND: POST /session/00b0a221a833dea056b614cc34bca90a/element - {"using":"xpath","value":".//caption[contains(., \"Price\") and not(.//caption)]"}
RESULT: {"using":"xpath","value":".//caption[contains(., \"Price\") and not(.//caption)]"}
COMMAND: POST /session/00b0a221a833dea056b614cc34bca90a/execute/sync - {"script":"return (function (elem, id) {\n        return (function parentElement() {\n        return this.parentElement;\n    }).call(elem, id);\n    }).apply(null, arguments)","args":[{"element-6066-11e4-a52e-4f735466cecf":"9CD3915EEE07E7D200509F4D357C4060_element_110","ELEMENT":"9CD3915EEE07E7D200509F4D357C4060_element_110"}]}
RESULT: {"script":"return (function (elem, id) {\n        return (function parentElement() {\n        return this.parentElement;\n    }).call(elem, id);\n    }).apply(null, arguments)","args":[{"element-6066-11e4-a52e-4f735466cecf":"9CD3915EEE07E7D200509F4D357C4060_element_110","ELEMENT":"9CD3915EEE07E7D200509F4D357C4060_element_110"}]}
COMMAND: POST /session/00b0a221a833dea056b614cc34bca90a/execute/sync - {"script":"return (function isElementDisplayed(element) {\n    function nodeIsElement(node) {\n        if (!node) {\n            return false;\n        }\n        switch (node.nodeType) {\n            case Node.ELEMEN ... (7807 more bytes)","args":[{"element-6066-11e4-a52e-4f735466cecf":"9CD3915EEE07E7D200509F4D357C4060_element_111","ELEMENT":"9CD3915EEE07E7D200509F4D357C4060_element_111"}]}
RESULT: {"script":"return (function isElementDisplayed(element) {\n    function nodeIsElement(node) {\n        if (!node) {\n            return false;\n        }\n        switch (node.nodeType) {\n            case Node.ELEMEN ... (7807 more bytes)","args":[{"element-6066-11e4-a52e-4f735466cecf":"9CD3915EEE07E7D200509F4D357C4060_element_111","ELEMENT":"9CD3915EEE07E7D200509F4D357C4060_element_111"}]}
COMMAND: POST /session/00b0a221a833dea056b614cc34bca90a/element/9CD3915EEE07E7D200509F4D357C4060_element_111/elements - {"using":"css selector","value":"tbody tr"}
RESULT: {"using":"css selector","value":"tbody tr"}
COMMAND: POST /session/00b0a221a833dea056b614cc34bca90a/element/9CD3915EEE07E7D200509F4D357C4060_element_111/element - {"using":"css selector","value":"thead tr"}
RESULT: {"using":"css selector","value":"thead tr"}
COMMAND: POST /session/00b0a221a833dea056b614cc34bca90a/element/9CD3915EEE07E7D200509F4D357C4060_element_114/elements - {"using":"css selector","value":"th"}
RESULT: {"using":"css selector","value":"th"}
COMMAND: GET /session/00b0a221a833dea056b614cc34bca90a/element/9CD3915EEE07E7D200509F4D357C4060_element_115/text - {}
COMMAND: GET /session/00b0a221a833dea056b614cc34bca90a/element/9CD3915EEE07E7D200509F4D357C4060_element_116/text - {}
COMMAND: GET /session/00b0a221a833dea056b614cc34bca90a/element/9CD3915EEE07E7D200509F4D357C4060_element_118/text - {}
COMMAND: GET /session/00b0a221a833dea056b614cc34bca90a/element/9CD3915EEE07E7D200509F4D357C4060_element_117/text - {}
RESULT: {}
RESULT: {}
RESULT: {}
RESULT: {}
COMMAND: POST /session/00b0a221a833dea056b614cc34bca90a/element/9CD3915EEE07E7D200509F4D357C4060_element_112/elements - {"using":"css selector","value":"th,td"}
RESULT: {"using":"css selector","value":"th,td"}
COMMAND: GET /session/00b0a221a833dea056b614cc34bca90a/element/9CD3915EEE07E7D200509F4D357C4060_element_119/text - {}
RESULT: {}
COMMAND: GET /session/00b0a221a833dea056b614cc34bca90a/element/9CD3915EEE07E7D200509F4D357C4060_element_120/text - {}
RESULT: {}
COMMAND: GET /session/00b0a221a833dea056b614cc34bca90a/element/9CD3915EEE07E7D200509F4D357C4060_element_121/text - {}
RESULT: {}
COMMAND: GET /session/00b0a221a833dea056b614cc34bca90a/element/9CD3915EEE07E7D200509F4D357C4060_element_122/text - {}
RESULT: {}
COMMAND: POST /session/00b0a221a833dea056b614cc34bca90a/element/9CD3915EEE07E7D200509F4D357C4060_element_113/elements - {"using":"css selector","value":"th,td"}
RESULT: {"using":"css selector","value":"th,td"}
COMMAND: GET /session/00b0a221a833dea056b614cc34bca90a/element/9CD3915EEE07E7D200509F4D357C4060_element_123/text - {}
RESULT: {}
COMMAND: GET /session/00b0a221a833dea056b614cc34bca90a/element/9CD3915EEE07E7D200509F4D357C4060_element_124/text - {}
RESULT: {}
COMMAND: GET /session/00b0a221a833dea056b614cc34bca90a/element/9CD3915EEE07E7D200509F4D357C4060_element_125/text - {}
RESULT: {}
COMMAND: GET /session/00b0a221a833dea056b614cc34bca90a/element/9CD3915EEE07E7D200509F4D357C4060_element_126/text - {}
RESULT: {}
]]></system-out>
      <system-err><![CDATA[
Error: expect(received).toEqual(expected) // deep equality

Expected: "£3.75"
Received: "£230.88"
    at expectEqual (file:///home/runner/work/di-billing-transaction-monitoring/di-billing-transaction-monitoring/ui-tests/utils/customTestAssertion.ts:12:20)
    at assertPriceTableData (file:///home/runner/work/di-billing-transaction-monitoring/di-billing-transaction-monitoring/ui-tests/specs/invoice.spec.ts:200:3)
    at validateTableDataWithAssertions (file:///home/runner/work/di-billing-transaction-monitoring/di-billing-transaction-monitoring/ui-tests/specs/invoice.spec.ts:154:5)
    at runMicrotasks (<anonymous>)
    at processTicksAndRejections (node:internal/process/task_queues:96:5)
    at async Context.<anonymous> (file:///home/runner/work/di-billing-transaction-monitoring/di-billing-transaction-monitoring/ui-tests/specs/invoice.spec.ts:114:9)
]]></system-err>
    </testcase>
    <testcase classname="chrome.117_0_5938_132.linux.Invoice_Page_Test.Vendor:_Vendor_Three,Invoice:2023-03" name="should validate measured events table data" time="1.17">
      <system-out><![CDATA[
COMMAND: POST /session/00b0a221a833dea056b614cc34bca90a/url - {"url":"https://pr-505.btm.dev.account.gov.uk/contracts/3/invoices/2023-03"}
RESULT: {"url":"https://pr-505.btm.dev.account.gov.uk/contracts/3/invoices/2023-03"}
COMMAND: POST /session/00b0a221a833dea056b614cc34bca90a/execute/sync - {"script":"return (() => document.readyState === \"complete\").apply(null, arguments)","args":[]}
RESULT: {"script":"return (() => document.readyState === \"complete\").apply(null, arguments)","args":[]}
COMMAND: GET /session/00b0a221a833dea056b614cc34bca90a/url - {}
RESULT: {}
COMMAND: POST /session/00b0a221a833dea056b614cc34bca90a/element - {"using":"css selector","value":".govuk-heading-xl"}
RESULT: {"using":"css selector","value":".govuk-heading-xl"}
COMMAND: POST /session/00b0a221a833dea056b614cc34bca90a/execute/sync - {"script":"return (function isElementDisplayed(element) {\n    function nodeIsElement(node) {\n        if (!node) {\n            return false;\n        }\n        switch (node.nodeType) {\n            case Node.ELEMEN ... (7807 more bytes)","args":[{"element-6066-11e4-a52e-4f735466cecf":"DCF323E831D635143F7C3B604A9A0128_element_130","ELEMENT":"DCF323E831D635143F7C3B604A9A0128_element_130"}]}
RESULT: {"script":"return (function isElementDisplayed(element) {\n    function nodeIsElement(node) {\n        if (!node) {\n            return false;\n        }\n        switch (node.nodeType) {\n            case Node.ELEMEN ... (7807 more bytes)","args":[{"element-6066-11e4-a52e-4f735466cecf":"DCF323E831D635143F7C3B604A9A0128_element_130","ELEMENT":"DCF323E831D635143F7C3B604A9A0128_element_130"}]}
COMMAND: POST /session/00b0a221a833dea056b614cc34bca90a/element - {"using":"css selector","value":".govuk-heading-xl"}
RESULT: {"using":"css selector","value":".govuk-heading-xl"}
COMMAND: GET /session/00b0a221a833dea056b614cc34bca90a/element/DCF323E831D635143F7C3B604A9A0128_element_130/text - {}
RESULT: {}
COMMAND: POST /session/00b0a221a833dea056b614cc34bca90a/element - {"using":"xpath","value":".//caption[contains(., \"Measured (events)\") and not(.//caption)]"}
RESULT: {"using":"xpath","value":".//caption[contains(., \"Measured (events)\") and not(.//caption)]"}
COMMAND: POST /session/00b0a221a833dea056b614cc34bca90a/execute/sync - {"script":"return (function (elem, id) {\n        return (function parentElement() {\n        return this.parentElement;\n    }).call(elem, id);\n    }).apply(null, arguments)","args":[{"element-6066-11e4-a52e-4f735466cecf":"DCF323E831D635143F7C3B604A9A0128_element_131","ELEMENT":"DCF323E831D635143F7C3B604A9A0128_element_131"}]}
RESULT: {"script":"return (function (elem, id) {\n        return (function parentElement() {\n        return this.parentElement;\n    }).call(elem, id);\n    }).apply(null, arguments)","args":[{"element-6066-11e4-a52e-4f735466cecf":"DCF323E831D635143F7C3B604A9A0128_element_131","ELEMENT":"DCF323E831D635143F7C3B604A9A0128_element_131"}]}
COMMAND: POST /session/00b0a221a833dea056b614cc34bca90a/execute/sync - {"script":"return (function isElementDisplayed(element) {\n    function nodeIsElement(node) {\n        if (!node) {\n            return false;\n        }\n        switch (node.nodeType) {\n            case Node.ELEMEN ... (7807 more bytes)","args":[{"element-6066-11e4-a52e-4f735466cecf":"DCF323E831D635143F7C3B604A9A0128_element_132","ELEMENT":"DCF323E831D635143F7C3B604A9A0128_element_132"}]}
RESULT: {"script":"return (function isElementDisplayed(element) {\n    function nodeIsElement(node) {\n        if (!node) {\n            return false;\n        }\n        switch (node.nodeType) {\n            case Node.ELEMEN ... (7807 more bytes)","args":[{"element-6066-11e4-a52e-4f735466cecf":"DCF323E831D635143F7C3B604A9A0128_element_132","ELEMENT":"DCF323E831D635143F7C3B604A9A0128_element_132"}]}
COMMAND: POST /session/00b0a221a833dea056b614cc34bca90a/element/DCF323E831D635143F7C3B604A9A0128_element_132/elements - {"using":"css selector","value":"tbody tr"}
RESULT: {"using":"css selector","value":"tbody tr"}
COMMAND: POST /session/00b0a221a833dea056b614cc34bca90a/element/DCF323E831D635143F7C3B604A9A0128_element_132/element - {"using":"css selector","value":"thead tr"}
RESULT: {"using":"css selector","value":"thead tr"}
COMMAND: POST /session/00b0a221a833dea056b614cc34bca90a/element/DCF323E831D635143F7C3B604A9A0128_element_135/elements - {"using":"css selector","value":"th"}
RESULT: {"using":"css selector","value":"th"}
COMMAND: GET /session/00b0a221a833dea056b614cc34bca90a/element/DCF323E831D635143F7C3B604A9A0128_element_136/text - {}
COMMAND: GET /session/00b0a221a833dea056b614cc34bca90a/element/DCF323E831D635143F7C3B604A9A0128_element_137/text - {}
RESULT: {}
RESULT: {}
COMMAND: POST /session/00b0a221a833dea056b614cc34bca90a/element/DCF323E831D635143F7C3B604A9A0128_element_133/elements - {"using":"css selector","value":"th,td"}
RESULT: {"using":"css selector","value":"th,td"}
COMMAND: GET /session/00b0a221a833dea056b614cc34bca90a/element/DCF323E831D635143F7C3B604A9A0128_element_138/text - {}
RESULT: {}
COMMAND: GET /session/00b0a221a833dea056b614cc34bca90a/element/DCF323E831D635143F7C3B604A9A0128_element_139/text - {}
RESULT: {}
COMMAND: POST /session/00b0a221a833dea056b614cc34bca90a/element/DCF323E831D635143F7C3B604A9A0128_element_134/elements - {"using":"css selector","value":"th,td"}
RESULT: {"using":"css selector","value":"th,td"}
COMMAND: GET /session/00b0a221a833dea056b614cc34bca90a/element/DCF323E831D635143F7C3B604A9A0128_element_140/text - {}
RESULT: {}
COMMAND: GET /session/00b0a221a833dea056b614cc34bca90a/element/DCF323E831D635143F7C3B604A9A0128_element_141/text - {}
RESULT: {}
]]></system-out>
    </testcase>
    <testcase classname="chrome.117_0_5938_132.linux.Invoice_Page_Test.Vendor:_Vendor_Three,Invoice:2023-03" name="should validate invoice table data" time="0.719">
      <failure/>
      <error message="expect(received).toEqual(expected) // deep equality&#xA;&#xA;Expected: &quot;15&quot;&#xA;Received: &quot;26&quot;"/>
      <system-out><![CDATA[
COMMAND: POST /session/00b0a221a833dea056b614cc34bca90a/url - {"url":"https://pr-505.btm.dev.account.gov.uk/contracts/3/invoices/2023-03"}
RESULT: {"url":"https://pr-505.btm.dev.account.gov.uk/contracts/3/invoices/2023-03"}
COMMAND: POST /session/00b0a221a833dea056b614cc34bca90a/execute/sync - {"script":"return (() => document.readyState === \"complete\").apply(null, arguments)","args":[]}
RESULT: {"script":"return (() => document.readyState === \"complete\").apply(null, arguments)","args":[]}
COMMAND: GET /session/00b0a221a833dea056b614cc34bca90a/url - {}
RESULT: {}
COMMAND: POST /session/00b0a221a833dea056b614cc34bca90a/element - {"using":"css selector","value":".govuk-heading-xl"}
RESULT: {"using":"css selector","value":".govuk-heading-xl"}
COMMAND: POST /session/00b0a221a833dea056b614cc34bca90a/execute/sync - {"script":"return (function isElementDisplayed(element) {\n    function nodeIsElement(node) {\n        if (!node) {\n            return false;\n        }\n        switch (node.nodeType) {\n            case Node.ELEMEN ... (7807 more bytes)","args":[{"element-6066-11e4-a52e-4f735466cecf":"808BACF4E71A730B821FF7001AA87098_element_143","ELEMENT":"808BACF4E71A730B821FF7001AA87098_element_143"}]}
RESULT: {"script":"return (function isElementDisplayed(element) {\n    function nodeIsElement(node) {\n        if (!node) {\n            return false;\n        }\n        switch (node.nodeType) {\n            case Node.ELEMEN ... (7807 more bytes)","args":[{"element-6066-11e4-a52e-4f735466cecf":"808BACF4E71A730B821FF7001AA87098_element_143","ELEMENT":"808BACF4E71A730B821FF7001AA87098_element_143"}]}
COMMAND: POST /session/00b0a221a833dea056b614cc34bca90a/element - {"using":"css selector","value":".govuk-heading-xl"}
RESULT: {"using":"css selector","value":".govuk-heading-xl"}
COMMAND: GET /session/00b0a221a833dea056b614cc34bca90a/element/808BACF4E71A730B821FF7001AA87098_element_143/text - {}
RESULT: {}
COMMAND: POST /session/00b0a221a833dea056b614cc34bca90a/element - {"using":"xpath","value":".//caption[contains(., \"Invoice\") and not(.//caption)]"}
RESULT: {"using":"xpath","value":".//caption[contains(., \"Invoice\") and not(.//caption)]"}
COMMAND: POST /session/00b0a221a833dea056b614cc34bca90a/execute/sync - {"script":"return (function (elem, id) {\n        return (function parentElement() {\n        return this.parentElement;\n    }).call(elem, id);\n    }).apply(null, arguments)","args":[{"element-6066-11e4-a52e-4f735466cecf":"808BACF4E71A730B821FF7001AA87098_element_144","ELEMENT":"808BACF4E71A730B821FF7001AA87098_element_144"}]}
RESULT: {"script":"return (function (elem, id) {\n        return (function parentElement() {\n        return this.parentElement;\n    }).call(elem, id);\n    }).apply(null, arguments)","args":[{"element-6066-11e4-a52e-4f735466cecf":"808BACF4E71A730B821FF7001AA87098_element_144","ELEMENT":"808BACF4E71A730B821FF7001AA87098_element_144"}]}
COMMAND: POST /session/00b0a221a833dea056b614cc34bca90a/execute/sync - {"script":"return (function isElementDisplayed(element) {\n    function nodeIsElement(node) {\n        if (!node) {\n            return false;\n        }\n        switch (node.nodeType) {\n            case Node.ELEMEN ... (7807 more bytes)","args":[{"element-6066-11e4-a52e-4f735466cecf":"808BACF4E71A730B821FF7001AA87098_element_145","ELEMENT":"808BACF4E71A730B821FF7001AA87098_element_145"}]}
RESULT: {"script":"return (function isElementDisplayed(element) {\n    function nodeIsElement(node) {\n        if (!node) {\n            return false;\n        }\n        switch (node.nodeType) {\n            case Node.ELEMEN ... (7807 more bytes)","args":[{"element-6066-11e4-a52e-4f735466cecf":"808BACF4E71A730B821FF7001AA87098_element_145","ELEMENT":"808BACF4E71A730B821FF7001AA87098_element_145"}]}
COMMAND: POST /session/00b0a221a833dea056b614cc34bca90a/element/808BACF4E71A730B821FF7001AA87098_element_145/elements - {"using":"css selector","value":"tbody tr"}
RESULT: {"using":"css selector","value":"tbody tr"}
COMMAND: POST /session/00b0a221a833dea056b614cc34bca90a/element/808BACF4E71A730B821FF7001AA87098_element_145/element - {"using":"css selector","value":"thead tr"}
RESULT: {"using":"css selector","value":"thead tr"}
COMMAND: POST /session/00b0a221a833dea056b614cc34bca90a/element/808BACF4E71A730B821FF7001AA87098_element_149/elements - {"using":"css selector","value":"th"}
RESULT: {"using":"css selector","value":"th"}
COMMAND: GET /session/00b0a221a833dea056b614cc34bca90a/element/808BACF4E71A730B821FF7001AA87098_element_150/text - {}
COMMAND: GET /session/00b0a221a833dea056b614cc34bca90a/element/808BACF4E71A730B821FF7001AA87098_element_151/text - {}
COMMAND: GET /session/00b0a221a833dea056b614cc34bca90a/element/808BACF4E71A730B821FF7001AA87098_element_153/text - {}
COMMAND: GET /session/00b0a221a833dea056b614cc34bca90a/element/808BACF4E71A730B821FF7001AA87098_element_152/text - {}
COMMAND: GET /session/00b0a221a833dea056b614cc34bca90a/element/808BACF4E71A730B821FF7001AA87098_element_154/text - {}
RESULT: {}
RESULT: {}
RESULT: {}
RESULT: {}
RESULT: {}
COMMAND: POST /session/00b0a221a833dea056b614cc34bca90a/element/808BACF4E71A730B821FF7001AA87098_element_146/elements - {"using":"css selector","value":"th,td"}
RESULT: {"using":"css selector","value":"th,td"}
COMMAND: GET /session/00b0a221a833dea056b614cc34bca90a/element/808BACF4E71A730B821FF7001AA87098_element_155/text - {}
RESULT: {}
COMMAND: GET /session/00b0a221a833dea056b614cc34bca90a/element/808BACF4E71A730B821FF7001AA87098_element_156/text - {}
RESULT: {}
COMMAND: GET /session/00b0a221a833dea056b614cc34bca90a/element/808BACF4E71A730B821FF7001AA87098_element_157/text - {}
RESULT: {}
COMMAND: GET /session/00b0a221a833dea056b614cc34bca90a/element/808BACF4E71A730B821FF7001AA87098_element_158/text - {}
RESULT: {}
COMMAND: GET /session/00b0a221a833dea056b614cc34bca90a/element/808BACF4E71A730B821FF7001AA87098_element_159/text - {}
RESULT: {}
COMMAND: POST /session/00b0a221a833dea056b614cc34bca90a/element/808BACF4E71A730B821FF7001AA87098_element_147/elements - {"using":"css selector","value":"th,td"}
RESULT: {"using":"css selector","value":"th,td"}
COMMAND: GET /session/00b0a221a833dea056b614cc34bca90a/element/808BACF4E71A730B821FF7001AA87098_element_160/text - {}
RESULT: {}
COMMAND: GET /session/00b0a221a833dea056b614cc34bca90a/element/808BACF4E71A730B821FF7001AA87098_element_161/text - {}
RESULT: {}
COMMAND: GET /session/00b0a221a833dea056b614cc34bca90a/element/808BACF4E71A730B821FF7001AA87098_element_162/text - {}
RESULT: {}
COMMAND: GET /session/00b0a221a833dea056b614cc34bca90a/element/808BACF4E71A730B821FF7001AA87098_element_163/text - {}
RESULT: {}
COMMAND: GET /session/00b0a221a833dea056b614cc34bca90a/element/808BACF4E71A730B821FF7001AA87098_element_164/text - {}
RESULT: {}
COMMAND: POST /session/00b0a221a833dea056b614cc34bca90a/element/808BACF4E71A730B821FF7001AA87098_element_148/elements - {"using":"css selector","value":"th,td"}
RESULT: {"using":"css selector","value":"th,td"}
COMMAND: GET /session/00b0a221a833dea056b614cc34bca90a/element/808BACF4E71A730B821FF7001AA87098_element_165/text - {}
RESULT: {}
COMMAND: GET /session/00b0a221a833dea056b614cc34bca90a/element/808BACF4E71A730B821FF7001AA87098_element_166/text - {}
RESULT: {}
COMMAND: GET /session/00b0a221a833dea056b614cc34bca90a/element/808BACF4E71A730B821FF7001AA87098_element_167/text - {}
RESULT: {}
COMMAND: GET /session/00b0a221a833dea056b614cc34bca90a/element/808BACF4E71A730B821FF7001AA87098_element_168/text - {}
RESULT: {}
COMMAND: GET /session/00b0a221a833dea056b614cc34bca90a/element/808BACF4E71A730B821FF7001AA87098_element_169/text - {}
RESULT: {}
]]></system-out>
      <system-err><![CDATA[
Error: expect(received).toEqual(expected) // deep equality

Expected: "15"
Received: "26"
    at expectEqual (file:///home/runner/work/di-billing-transaction-monitoring/di-billing-transaction-monitoring/ui-tests/utils/customTestAssertion.ts:12:20)
    at assertInvoiceTableData (file:///home/runner/work/di-billing-transaction-monitoring/di-billing-transaction-monitoring/ui-tests/specs/invoice.spec.ts:221:3)
    at validateTableDataWithAssertions (file:///home/runner/work/di-billing-transaction-monitoring/di-billing-transaction-monitoring/ui-tests/specs/invoice.spec.ts:154:5)
    at runMicrotasks (<anonymous>)
    at processTicksAndRejections (node:internal/process/task_queues:96:5)
    at async Context.<anonymous> (file:///home/runner/work/di-billing-transaction-monitoring/di-billing-transaction-monitoring/ui-tests/specs/invoice.spec.ts:130:9)
]]></system-err>
    </testcase>
  </testsuite>
  <testsuite name="Vendor Vendor Three Invoice 2005 08" timestamp="2023-10-06T09:06:22" time="5.087" tests="6" failures="6" errors="6" skipped="0">
    <properties>
      <property name="specId" value="0"/>
      <property name="suiteName" value="Vendor: Vendor Three,Invoice:2005-08"/>
      <property name="capabilities" value="chrome.117_0_5938_132.linux"/>
      <property name="file" value="file://./ui-tests/specs/invoice.spec.ts"/>
    </properties>
    <testcase classname="chrome.117_0_5938_132.linux.Invoice_Page_Test.Vendor:_Vendor_Three,Invoice:2005-08" name="should display correct status banner color and message" time="0.797">
      <failure/>
      <error message="expect(received).toEqual(expected) // deep equality&#xA;&#xA;Expected: &quot;Invoice data missing&quot;&#xA;Received: &quot;Invoice and events missing&quot;"/>
      <system-out><![CDATA[
COMMAND: POST /session/00b0a221a833dea056b614cc34bca90a/url - {"url":"https://pr-505.btm.dev.account.gov.uk/contracts/3/invoices/2005-08"}
RESULT: {"url":"https://pr-505.btm.dev.account.gov.uk/contracts/3/invoices/2005-08"}
COMMAND: POST /session/00b0a221a833dea056b614cc34bca90a/execute/sync - {"script":"return (() => document.readyState === \"complete\").apply(null, arguments)","args":[]}
RESULT: {"script":"return (() => document.readyState === \"complete\").apply(null, arguments)","args":[]}
COMMAND: GET /session/00b0a221a833dea056b614cc34bca90a/url - {}
RESULT: {}
COMMAND: POST /session/00b0a221a833dea056b614cc34bca90a/element - {"using":"css selector","value":".govuk-heading-xl"}
[...]
RESULT: {}
RESULT: {}
RESULT: {}
RESULT: {}
]]></system-out>
      <system-err><![CDATA[
TypeError: Cannot read properties of undefined (reading 'Line item')
    at assertQuantityTableData (file:///home/runner/work/di-billing-transaction-monitoring/di-billing-transaction-monitoring/ui-tests/specs/invoice.spec.ts:186:23)
    at validateTableDataWithAssertions (file:///home/runner/work/di-billing-transaction-monitoring/di-billing-transaction-monitoring/ui-tests/specs/invoice.spec.ts:154:5)
    at runMicrotasks (<anonymous>)
    at processTicksAndRejections (node:internal/process/task_queues:96:5)
    at async Context.<anonymous> (file:///home/runner/work/di-billing-transaction-monitoring/di-billing-transaction-monitoring/ui-tests/specs/invoice.spec.ts:106:9)
]]></system-err>
    </testcase>
    <testcase classname="chrome.117_0_5938_132.linux.Invoice_Page_Test.Vendor:_Vendor_Six,Invoice:2005-Q2" name="should validate price table data" time="0.545">
      <failure/>
      <error message="Cannot read properties of undefined (reading 'Line item')"/>
      <system-out><![CDATA[
COMMAND: POST /session/00b0a221a833dea056b614cc34bca90a/url - {"url":"https://pr-505.btm.dev.account.gov.uk/contracts/6/invoices/2005-q2"}
RESULT: {"url":"https://pr-505.btm.dev.account.gov.uk/contracts/6/invoices/2005-q2"}
COMMAND: POST /session/00b0a221a833dea056b614cc34bca90a/execute/sync - {"script":"return (() => document.readyState === \"complete\").apply(null, arguments)","args":[]}
RESULT: {"script":"return (() => document.readyState === \"complete\").apply(null, arguments)","args":[]}
COMMAND: GET /session/00b0a221a833dea056b614cc34bca90a/url - {}
RESULT: {}
COMMAND: POST /session/00b0a221a833dea056b614cc34bca90a/element - {"using":"css selector","value":".govuk-heading-xl"}
RESULT: {"using":"css selector","value":".govuk-heading-xl"}
COMMAND: POST /session/00b0a221a833dea056b614cc34bca90a/execute/sync - {"script":"return (function isElementDisplayed(element) {\n    function nodeIsElement(node) {\n        if (!node) {\n            return false;\n        }\n        switch (node.nodeType) {\n            case Node.ELEMEN ... (7807 more bytes)","args":[{"element-6066-11e4-a52e-4f735466cecf":"CDDD9563F08D7E68FB71340578D42350_element_1201","ELEMENT":"CDDD9563F08D7E68FB71340578D42350_element_1201"}]}
RESULT: {"script":"return (function isElementDisplayed(element) {\n    function nodeIsElement(node) {\n        if (!node) {\n            return false;\n        }\n        switch (node.nodeType) {\n            case Node.ELEMEN ... (7807 more bytes)","args":[{"element-6066-11e4-a52e-4f735466cecf":"CDDD9563F08D7E68FB71340578D42350_element_1201","ELEMENT":"CDDD9563F08D7E68FB71340578D42350_element_1201"}]}
COMMAND: POST /session/00b0a221a833dea056b614cc34bca90a/element - {"using":"css selector","value":".govuk-heading-xl"}
RESULT: {"using":"css selector","value":".govuk-heading-xl"}
COMMAND: GET /session/00b0a221a833dea056b614cc34bca90a/element/CDDD9563F08D7E68FB71340578D42350_element_1201/text - {}
RESULT: {}
COMMAND: POST /session/00b0a221a833dea056b614cc34bca90a/element - {"using":"xpath","value":".//caption[contains(., \"Price\") and not(.//caption)]"}
RESULT: {"using":"xpath","value":".//caption[contains(., \"Price\") and not(.//caption)]"}
COMMAND: POST /session/00b0a221a833dea056b614cc34bca90a/execute/sync - {"script":"return (function (elem, id) {\n        return (function parentElement() {\n        return this.parentElement;\n    }).call(elem, id);\n    }).apply(null, arguments)","args":[{"element-6066-11e4-a52e-4f735466cecf":"CDDD9563F08D7E68FB71340578D42350_element_1202","ELEMENT":"CDDD9563F08D7E68FB71340578D42350_element_1202"}]}
RESULT: {"script":"return (function (elem, id) {\n        return (function parentElement() {\n        return this.parentElement;\n    }).call(elem, id);\n    }).apply(null, arguments)","args":[{"element-6066-11e4-a52e-4f735466cecf":"CDDD9563F08D7E68FB71340578D42350_element_1202","ELEMENT":"CDDD9563F08D7E68FB71340578D42350_element_1202"}]}
COMMAND: POST /session/00b0a221a833dea056b614cc34bca90a/execute/sync - {"script":"return (function isElementDisplayed(element) {\n    function nodeIsElement(node) {\n        if (!node) {\n            return false;\n        }\n        switch (node.nodeType) {\n            case Node.ELEMEN ... (7807 more bytes)","args":[{"element-6066-11e4-a52e-4f735466cecf":"CDDD9563F08D7E68FB71340578D42350_element_1203","ELEMENT":"CDDD9563F08D7E68FB71340578D42350_element_1203"}]}
RESULT: {"script":"return (function isElementDisplayed(element) {\n    function nodeIsElement(node) {\n        if (!node) {\n            return false;\n        }\n        switch (node.nodeType) {\n            case Node.ELEMEN ... (7807 more bytes)","args":[{"element-6066-11e4-a52e-4f735466cecf":"CDDD9563F08D7E68FB71340578D42350_element_1203","ELEMENT":"CDDD9563F08D7E68FB71340578D42350_element_1203"}]}
COMMAND: POST /session/00b0a221a833dea056b614cc34bca90a/element/CDDD9563F08D7E68FB71340578D42350_element_1203/elements - {"using":"css selector","value":"tbody tr"}
RESULT: {"using":"css selector","value":"tbody tr"}
COMMAND: POST /session/00b0a221a833dea056b614cc34bca90a/element/CDDD9563F08D7E68FB71340578D42350_element_1203/element - {"using":"css selector","value":"thead tr"}
RESULT: {"using":"css selector","value":"thead tr"}
COMMAND: POST /session/00b0a221a833dea056b614cc34bca90a/element/CDDD9563F08D7E68FB71340578D42350_element_1204/elements - {"using":"css selector","value":"th"}
RESULT: {"using":"css selector","value":"th"}
COMMAND: GET /session/00b0a221a833dea056b614cc34bca90a/element/CDDD9563F08D7E68FB71340578D42350_element_1205/text - {}
COMMAND: GET /session/00b0a221a833dea056b614cc34bca90a/element/CDDD9563F08D7E68FB71340578D42350_element_1206/text - {}
COMMAND: GET /session/00b0a221a833dea056b614cc34bca90a/element/CDDD9563F08D7E68FB71340578D42350_element_1208/text - {}
COMMAND: GET /session/00b0a221a833dea056b614cc34bca90a/element/CDDD9563F08D7E68FB71340578D42350_element_1207/text - {}
RESULT: {}
RESULT: {}
RESULT: {}
RESULT: {}
]]></system-out>
      <system-err><![CDATA[
TypeError: Cannot read properties of undefined (reading 'Line item')
    at assertPriceTableData (file:///home/runner/work/di-billing-transaction-monitoring/di-billing-transaction-monitoring/ui-tests/specs/invoice.spec.ts:199:23)
    at validateTableDataWithAssertions (file:///home/runner/work/di-billing-transaction-monitoring/di-billing-transaction-monitoring/ui-tests/specs/invoice.spec.ts:154:5)
    at runMicrotasks (<anonymous>)
    at processTicksAndRejections (node:internal/process/task_queues:96:5)
    at async Context.<anonymous> (file:///home/runner/work/di-billing-transaction-monitoring/di-billing-transaction-monitoring/ui-tests/specs/invoice.spec.ts:114:9)
]]></system-err>
    </testcase>
    <testcase classname="chrome.117_0_5938_132.linux.Invoice_Page_Test.Vendor:_Vendor_Six,Invoice:2005-Q2" name="should validate measured events table data" time="0.562">
      <failure/>
      <error message="Cannot read properties of undefined (reading 'Line item')"/>
      <system-out><![CDATA[
COMMAND: POST /session/00b0a221a833dea056b614cc34bca90a/url - {"url":"https://pr-505.btm.dev.account.gov.uk/contracts/6/invoices/2005-q2"}
RESULT: {"url":"https://pr-505.btm.dev.account.gov.uk/contracts/6/invoices/2005-q2"}
COMMAND: POST /session/00b0a221a833dea056b614cc34bca90a/execute/sync - {"script":"return (() => document.readyState === \"complete\").apply(null, arguments)","args":[]}
RESULT: {"script":"return (() => document.readyState === \"complete\").apply(null, arguments)","args":[]}
COMMAND: GET /session/00b0a221a833dea056b614cc34bca90a/url - {}
RESULT: {}
COMMAND: POST /session/00b0a221a833dea056b614cc34bca90a/element - {"using":"css selector","value":".govuk-heading-xl"}
RESULT: {"using":"css selector","value":".govuk-heading-xl"}
COMMAND: POST /session/00b0a221a833dea056b614cc34bca90a/execute/sync - {"script":"return (function isElementDisplayed(element) {\n    function nodeIsElement(node) {\n        if (!node) {\n            return false;\n        }\n        switch (node.nodeType) {\n            case Node.ELEMEN ... (7807 more bytes)","args":[{"element-6066-11e4-a52e-4f735466cecf":"7277B6D1DC03802192C2A9975E757DC3_element_1210","ELEMENT":"7277B6D1DC03802192C2A9975E757DC3_element_1210"}]}
RESULT: {"script":"return (function isElementDisplayed(element) {\n    function nodeIsElement(node) {\n        if (!node) {\n            return false;\n        }\n        switch (node.nodeType) {\n            case Node.ELEMEN ... (7807 more bytes)","args":[{"element-6066-11e4-a52e-4f735466cecf":"7277B6D1DC03802192C2A9975E757DC3_element_1210","ELEMENT":"7277B6D1DC03802192C2A9975E757DC3_element_1210"}]}
COMMAND: POST /session/00b0a221a833dea056b614cc34bca90a/element - {"using":"css selector","value":".govuk-heading-xl"}
RESULT: {"using":"css selector","value":".govuk-heading-xl"}
COMMAND: GET /session/00b0a221a833dea056b614cc34bca90a/element/7277B6D1DC03802192C2A9975E757DC3_element_1210/text - {}
RESULT: {}
COMMAND: POST /session/00b0a221a833dea056b614cc34bca90a/element - {"using":"xpath","value":".//caption[contains(., \"Measured (events)\") and not(.//caption)]"}
RESULT: {"using":"xpath","value":".//caption[contains(., \"Measured (events)\") and not(.//caption)]"}
COMMAND: POST /session/00b0a221a833dea056b614cc34bca90a/execute/sync - {"script":"return (function (elem, id) {\n        return (function parentElement() {\n        return this.parentElement;\n    }).call(elem, id);\n    }).apply(null, arguments)","args":[{"element-6066-11e4-a52e-4f735466cecf":"7277B6D1DC03802192C2A9975E757DC3_element_1211","ELEMENT":"7277B6D1DC03802192C2A9975E757DC3_element_1211"}]}
RESULT: {"script":"return (function (elem, id) {\n        return (function parentElement() {\n        return this.parentElement;\n    }).call(elem, id);\n    }).apply(null, arguments)","args":[{"element-6066-11e4-a52e-4f735466cecf":"7277B6D1DC03802192C2A9975E757DC3_element_1211","ELEMENT":"7277B6D1DC03802192C2A9975E757DC3_element_1211"}]}
COMMAND: POST /session/00b0a221a833dea056b614cc34bca90a/execute/sync - {"script":"return (function isElementDisplayed(element) {\n    function nodeIsElement(node) {\n        if (!node) {\n            return false;\n        }\n        switch (node.nodeType) {\n            case Node.ELEMEN ... (7807 more bytes)","args":[{"element-6066-11e4-a52e-4f735466cecf":"7277B6D1DC03802192C2A9975E757DC3_element_1212","ELEMENT":"7277B6D1DC03802192C2A9975E757DC3_element_1212"}]}
RESULT: {"script":"return (function isElementDisplayed(element) {\n    function nodeIsElement(node) {\n        if (!node) {\n            return false;\n        }\n        switch (node.nodeType) {\n            case Node.ELEMEN ... (7807 more bytes)","args":[{"element-6066-11e4-a52e-4f735466cecf":"7277B6D1DC03802192C2A9975E757DC3_element_1212","ELEMENT":"7277B6D1DC03802192C2A9975E757DC3_element_1212"}]}
COMMAND: POST /session/00b0a221a833dea056b614cc34bca90a/element/7277B6D1DC03802192C2A9975E757DC3_element_1212/elements - {"using":"css selector","value":"tbody tr"}
RESULT: {"using":"css selector","value":"tbody tr"}
COMMAND: POST /session/00b0a221a833dea056b614cc34bca90a/element/7277B6D1DC03802192C2A9975E757DC3_element_1212/element - {"using":"css selector","value":"thead tr"}
RESULT: {"using":"css selector","value":"thead tr"}
COMMAND: POST /session/00b0a221a833dea056b614cc34bca90a/element/7277B6D1DC03802192C2A9975E757DC3_element_1213/elements - {"using":"css selector","value":"th"}
RESULT: {"using":"css selector","value":"th"}
COMMAND: GET /session/00b0a221a833dea056b614cc34bca90a/element/7277B6D1DC03802192C2A9975E757DC3_element_1214/text - {}
COMMAND: GET /session/00b0a221a833dea056b614cc34bca90a/element/7277B6D1DC03802192C2A9975E757DC3_element_1215/text - {}
RESULT: {}
RESULT: {}
]]></system-out>
      <system-err><![CDATA[
TypeError: Cannot read properties of undefined (reading 'Line item')
    at assertMeasuredTableData (file:///home/runner/work/di-billing-transaction-monitoring/di-billing-transaction-monitoring/ui-tests/specs/invoice.spec.ts:212:23)
    at validateTableDataWithAssertions (file:///home/runner/work/di-billing-transaction-monitoring/di-billing-transaction-monitoring/ui-tests/specs/invoice.spec.ts:154:5)
    at runMicrotasks (<anonymous>)
    at processTicksAndRejections (node:internal/process/task_queues:96:5)
    at async Context.<anonymous> (file:///home/runner/work/di-billing-transaction-monitoring/di-billing-transaction-monitoring/ui-tests/specs/invoice.spec.ts:122:9)
]]></system-err>
    </testcase>
    <testcase classname="chrome.117_0_5938_132.linux.Invoice_Page_Test.Vendor:_Vendor_Six,Invoice:2005-Q2" name="should validate invoice table data" time="0.729">
      <failure/>
      <error message="expect(received).toEqual(expected) // deep equality&#xA;&#xA;Expected: &quot;Six Data Validation Application&quot;&#xA;Received: &quot;Total&quot;"/>
      <system-out><![CDATA[
COMMAND: POST /session/00b0a221a833dea056b614cc34bca90a/url - {"url":"https://pr-505.btm.dev.account.gov.uk/contracts/6/invoices/2005-q2"}
RESULT: {"url":"https://pr-505.btm.dev.account.gov.uk/contracts/6/invoices/2005-q2"}
COMMAND: POST /session/00b0a221a833dea056b614cc34bca90a/execute/sync - {"script":"return (() => document.readyState === \"complete\").apply(null, arguments)","args":[]}
RESULT: {"script":"return (() => document.readyState === \"complete\").apply(null, arguments)","args":[]}
COMMAND: GET /session/00b0a221a833dea056b614cc34bca90a/url - {}
RESULT: {}
COMMAND: POST /session/00b0a221a833dea056b614cc34bca90a/element - {"using":"css selector","value":".govuk-heading-xl"}
RESULT: {"using":"css selector","value":".govuk-heading-xl"}
COMMAND: POST /session/00b0a221a833dea056b614cc34bca90a/execute/sync - {"script":"return (function isElementDisplayed(element) {\n    function nodeIsElement(node) {\n        if (!node) {\n            return false;\n        }\n        switch (node.nodeType) {\n            case Node.ELEMEN ... (7807 more bytes)","args":[{"element-6066-11e4-a52e-4f735466cecf":"CAD522E69DB0DA329188DDA2EA0E059E_element_1217","ELEMENT":"CAD522E69DB0DA329188DDA2EA0E059E_element_1217"}]}
RESULT: {"script":"return (function isElementDisplayed(element) {\n    function nodeIsElement(node) {\n        if (!node) {\n            return false;\n        }\n        switch (node.nodeType) {\n            case Node.ELEMEN ... (7807 more bytes)","args":[{"element-6066-11e4-a52e-4f735466cecf":"CAD522E69DB0DA329188DDA2EA0E059E_element_1217","ELEMENT":"CAD522E69DB0DA329188DDA2EA0E059E_element_1217"}]}
COMMAND: POST /session/00b0a221a833dea056b614cc34bca90a/element - {"using":"css selector","value":".govuk-heading-xl"}
RESULT: {"using":"css selector","value":".govuk-heading-xl"}
COMMAND: GET /session/00b0a221a833dea056b614cc34bca90a/element/CAD522E69DB0DA329188DDA2EA0E059E_element_1217/text - {}
RESULT: {}
COMMAND: POST /session/00b0a221a833dea056b614cc34bca90a/element - {"using":"xpath","value":".//caption[contains(., \"Invoice\") and not(.//caption)]"}
RESULT: {"using":"xpath","value":".//caption[contains(., \"Invoice\") and not(.//caption)]"}
COMMAND: POST /session/00b0a221a833dea056b614cc34bca90a/execute/sync - {"script":"return (function (elem, id) {\n        return (function parentElement() {\n        return this.parentElement;\n    }).call(elem, id);\n    }).apply(null, arguments)","args":[{"element-6066-11e4-a52e-4f735466cecf":"CAD522E69DB0DA329188DDA2EA0E059E_element_1218","ELEMENT":"CAD522E69DB0DA329188DDA2EA0E059E_element_1218"}]}
RESULT: {"script":"return (function (elem, id) {\n        return (function parentElement() {\n        return this.parentElement;\n    }).call(elem, id);\n    }).apply(null, arguments)","args":[{"element-6066-11e4-a52e-4f735466cecf":"CAD522E69DB0DA329188DDA2EA0E059E_element_1218","ELEMENT":"CAD522E69DB0DA329188DDA2EA0E059E_element_1218"}]}
COMMAND: POST /session/00b0a221a833dea056b614cc34bca90a/execute/sync - {"script":"return (function isElementDisplayed(element) {\n    function nodeIsElement(node) {\n        if (!node) {\n            return false;\n        }\n        switch (node.nodeType) {\n            case Node.ELEMEN ... (7807 more bytes)","args":[{"element-6066-11e4-a52e-4f735466cecf":"CAD522E69DB0DA329188DDA2EA0E059E_element_1219","ELEMENT":"CAD522E69DB0DA329188DDA2EA0E059E_element_1219"}]}
RESULT: {"script":"return (function isElementDisplayed(element) {\n    function nodeIsElement(node) {\n        if (!node) {\n            return false;\n        }\n        switch (node.nodeType) {\n            case Node.ELEMEN ... (7807 more bytes)","args":[{"element-6066-11e4-a52e-4f735466cecf":"CAD522E69DB0DA329188DDA2EA0E059E_element_1219","ELEMENT":"CAD522E69DB0DA329188DDA2EA0E059E_element_1219"}]}
COMMAND: POST /session/00b0a221a833dea056b614cc34bca90a/element/CAD522E69DB0DA329188DDA2EA0E059E_element_1219/elements - {"using":"css selector","value":"tbody tr"}
RESULT: {"using":"css selector","value":"tbody tr"}
COMMAND: POST /session/00b0a221a833dea056b614cc34bca90a/element/CAD522E69DB0DA329188DDA2EA0E059E_element_1219/element - {"using":"css selector","value":"thead tr"}
RESULT: {"using":"css selector","value":"thead tr"}
COMMAND: POST /session/00b0a221a833dea056b614cc34bca90a/element/CAD522E69DB0DA329188DDA2EA0E059E_element_1221/elements - {"using":"css selector","value":"th"}
RESULT: {"using":"css selector","value":"th"}
COMMAND: GET /session/00b0a221a833dea056b614cc34bca90a/element/CAD522E69DB0DA329188DDA2EA0E059E_element_1222/text - {}
COMMAND: GET /session/00b0a221a833dea056b614cc34bca90a/element/CAD522E69DB0DA329188DDA2EA0E059E_element_1223/text - {}
COMMAND: GET /session/00b0a221a833dea056b614cc34bca90a/element/CAD522E69DB0DA329188DDA2EA0E059E_element_1225/text - {}
COMMAND: GET /session/00b0a221a833dea056b614cc34bca90a/element/CAD522E69DB0DA329188DDA2EA0E059E_element_1224/text - {}
COMMAND: GET /session/00b0a221a833dea056b614cc34bca90a/element/CAD522E69DB0DA329188DDA2EA0E059E_element_1226/text - {}
RESULT: {}
RESULT: {}
RESULT: {}
RESULT: {}
RESULT: {}
COMMAND: POST /session/00b0a221a833dea056b614cc34bca90a/element/CAD522E69DB0DA329188DDA2EA0E059E_element_1220/elements - {"using":"css selector","value":"th,td"}
RESULT: {"using":"css selector","value":"th,td"}
COMMAND: GET /session/00b0a221a833dea056b614cc34bca90a/element/CAD522E69DB0DA329188DDA2EA0E059E_element_1227/text - {}
RESULT: {}
COMMAND: GET /session/00b0a221a833dea056b614cc34bca90a/element/CAD522E69DB0DA329188DDA2EA0E059E_element_1228/text - {}
RESULT: {}
COMMAND: GET /session/00b0a221a833dea056b614cc34bca90a/element/CAD522E69DB0DA329188DDA2EA0E059E_element_1229/text - {}
RESULT: {}
COMMAND: GET /session/00b0a221a833dea056b614cc34bca90a/element/CAD522E69DB0DA329188DDA2EA0E059E_element_1230/text - {}
RESULT: {}
COMMAND: GET /session/00b0a221a833dea056b614cc34bca90a/element/CAD522E69DB0DA329188DDA2EA0E059E_element_1231/text - {}
RESULT: {}
COMMAND: DELETE /session/00b0a221a833dea056b614cc34bca90a - {}
RESULT: {}
]]></system-out>
      <system-err><![CDATA[
Error: expect(received).toEqual(expected) // deep equality

Expected: "Six Data Validation Application"
Received: "Total"
    at expectEqual (file:///home/runner/work/di-billing-transaction-monitoring/di-billing-transaction-monitoring/ui-tests/utils/customTestAssertion.ts:12:20)
    at assertInvoiceTableData (file:///home/runner/work/di-billing-transaction-monitoring/di-billing-transaction-monitoring/ui-tests/specs/invoice.spec.ts:220:3)
    at validateTableDataWithAssertions (file:///home/runner/work/di-billing-transaction-monitoring/di-billing-transaction-monitoring/ui-tests/specs/invoice.spec.ts:154:5)
    at runMicrotasks (<anonymous>)
    at processTicksAndRejections (node:internal/process/task_queues:96:5)
    at async Context.<anonymous> (file:///home/runner/work/di-billing-transaction-monitoring/di-billing-transaction-monitoring/ui-tests/specs/invoice.spec.ts:130:9)
]]></system-err>
    </testcase>
  </testsuite>
</testsuites>