<?xml version="1.0" encoding="UTF-8"?>
<testsuites>
  <testsuite name="Invoice Page Test" timestamp="2023-10-11T07:57:53" time="110.588" tests="0" failures="0" errors="0" skipped="0">
    <properties>
      <property name="specId" value="0"/>
      <property name="suiteName" value="Invoice Page Test"/>
      <property name="capabilities" value="chrome.117_0_5938_132.linux"/>
      <property name="file" value="file://./ui-tests/specs/invoice.spec.ts"/>
    </properties>
  </testsuite>
  <testsuite name="Vendor Vendor Three Invoice 2005 09" timestamp="2023-10-11T07:57:53" time="16.976" tests="6" failures="6" errors="6" skipped="0">
    <properties>
      <property name="specId" value="0"/>
      <property name="suiteName" value="Vendor: Vendor Three,Invoice:2005-09"/>
      <property name="capabilities" value="chrome.117_0_5938_132.linux"/>
      <property name="file" value="file://./ui-tests/specs/invoice.spec.ts"/>
    </properties>
    <testcase classname="chrome.117_0_5938_132.linux.Invoice_Page_Test.Vendor:_Vendor_Three,Invoice:2005-09" name="should display correct status banner color and message" time="8.828">
      <failure/>
      <error message="expect(received).toEqual(expected) // deep equality&#xA;&#xA;Expected: &quot;Invoice data missing&quot;&#xA;Received: &quot;Invoice and events missing&quot;"/>
      <system-out><![CDATA[
COMMAND: POST /session/ea34035ac636835a644a5767f83f1a0a/url - {"url":"https://pr-509.btm.dev.account.gov.uk/contracts/3/invoices/2005-09"}
RESULT: {"url":"https://pr-509.btm.dev.account.gov.uk/contracts/3/invoices/2005-09"}
COMMAND: POST /session/ea34035ac636835a644a5767f83f1a0a/execute/sync - {"script":"return (() => document.readyState === \"complete\").apply(null, arguments)","args":[]}
RESULT: {"script":"return (() => document.readyState === \"complete\").apply(null, arguments)","args":[]}
COMMAND: GET /session/ea34035ac636835a644a5767f83f1a0a/url - {}
RESULT: {}
COMMAND: POST /session/ea34035ac636835a644a5767f83f1a0a/element - {"using":"css selector","value":".govuk-heading-xl"}
RESULT: {"using":"css selector","value":".govuk-heading-xl"}
COMMAND: POST /session/ea34035ac636835a644a5767f83f1a0a/execute/sync - {"script":"return (function isElementDisplayed(element) {\n    function nodeIsElement(node) {\n        if (!node) {\n            return false;\n        }\n        switch (node.nodeType) {\n            case Node.ELEMEN ... (7807 more bytes)","args":[{"element-6066-11e4-a52e-4f735466cecf":"DD0DEFA1A2F67AD5BF5C45694ECD27F1_element_5","ELEMENT":"DD0DEFA1A2F67AD5BF5C45694ECD27F1_element_5"}]}
RESULT: {"script":"return (function isElementDisplayed(element) {\n    function nodeIsElement(node) {\n        if (!node) {\n            return false;\n        }\n        switch (node.nodeType) {\n            case Node.ELEMEN ... (7807 more bytes)","args":[{"element-6066-11e4-a52e-4f735466cecf":"DD0DEFA1A2F67AD5BF5C45694ECD27F1_element_5","ELEMENT":"DD0DEFA1A2F67AD5BF5C45694ECD27F1_element_5"}]}
COMMAND: POST /session/ea34035ac636835a644a5767f83f1a0a/element - {"using":"css selector","value":".govuk-heading-xl"}
RESULT: {"using":"css selector","value":".govuk-heading-xl"}
COMMAND: GET /session/ea34035ac636835a644a5767f83f1a0a/element/DD0DEFA1A2F67AD5BF5C45694ECD27F1_element_5/text - {}
RESULT: {}
COMMAND: POST /session/ea34035ac636835a644a5767f83f1a0a/element - {"using":"css selector","value":"h2.govuk-panel__title"}
RESULT: {"using":"css selector","value":"h2.govuk-panel__title"}
COMMAND: POST /session/ea34035ac636835a644a5767f83f1a0a/execute/sync - {"script":"return (function isElementDisplayed(element) {\n    function nodeIsElement(node) {\n        if (!node) {\n            return false;\n        }\n        switch (node.nodeType) {\n            case Node.ELEMEN ... (7807 more bytes)","args":[{"element-6066-11e4-a52e-4f735466cecf":"DD0DEFA1A2F67AD5BF5C45694ECD27F1_element_6","ELEMENT":"DD0DEFA1A2F67AD5BF5C45694ECD27F1_element_6"}]}
RESULT: {"script":"return (function isElementDisplayed(element) {\n    function nodeIsElement(node) {\n        if (!node) {\n            return false;\n        }\n        switch (node.nodeType) {\n            case Node.ELEMEN ... (7807 more bytes)","args":[{"element-6066-11e4-a52e-4f735466cecf":"DD0DEFA1A2F67AD5BF5C45694ECD27F1_element_6","ELEMENT":"DD0DEFA1A2F67AD5BF5C45694ECD27F1_element_6"}]}
COMMAND: POST /session/ea34035ac636835a644a5767f83f1a0a/element - {"using":"css selector","value":"h2.govuk-panel__title"}
RESULT: {"using":"css selector","value":"h2.govuk-panel__title"}
COMMAND: GET /session/ea34035ac636835a644a5767f83f1a0a/element/DD0DEFA1A2F67AD5BF5C45694ECD27F1_element_6/text - {}
RESULT: {}
]]></system-out>
      <system-err><![CDATA[
Error: expect(received).toEqual(expected) // deep equality

Expected: "Invoice data missing"
Received: "Invoice and events missing"
    at expectEqual (file:///home/runner/work/di-billing-transaction-monitoring/di-billing-transaction-monitoring/ui-tests/utils/customTestAssertion.ts:12:20)
    at Context.<anonymous> (file:///home/runner/work/di-billing-transaction-monitoring/di-billing-transaction-monitoring/ui-tests/specs/invoice.spec.ts:81:9)
    at processTicksAndRejections (node:internal/process/task_queues:96:5)
]]></system-err>
    </testcase>
    <testcase classname="chrome.117_0_5938_132.linux.Invoice_Page_Test.Vendor:_Vendor_Three,Invoice:2005-09" name="should validate reconciliation table data" time="0.964">
      <failure/>
      <error message="Cannot read properties of undefined (reading 'Line item')"/>
      <system-out><![CDATA[
COMMAND: POST /session/ea34035ac636835a644a5767f83f1a0a/url - {"url":"https://pr-509.btm.dev.account.gov.uk/contracts/3/invoices/2005-09"}
RESULT: {"url":"https://pr-509.btm.dev.account.gov.uk/contracts/3/invoices/2005-09"}
COMMAND: POST /session/ea34035ac636835a644a5767f83f1a0a/execute/sync - {"script":"return (() => document.readyState === \"complete\").apply(null, arguments)","args":[]}
RESULT: {"script":"return (() => document.readyState === \"complete\").apply(null, arguments)","args":[]}
COMMAND: GET /session/ea34035ac636835a644a5767f83f1a0a/url - {}
RESULT: {}
COMMAND: POST /session/ea34035ac636835a644a5767f83f1a0a/element - {"using":"css selector","value":".govuk-heading-xl"}
RESULT: {"using":"css selector","value":".govuk-heading-xl"}
COMMAND: POST /session/ea34035ac636835a644a5767f83f1a0a/execute/sync - {"script":"return (function isElementDisplayed(element) {\n    function nodeIsElement(node) {\n        if (!node) {\n            return false;\n        }\n        switch (node.nodeType) {\n            case Node.ELEMEN ... (7807 more bytes)","args":[{"element-6066-11e4-a52e-4f735466cecf":"3D6A44152B82C0A0DDC791891C6FDC63_element_9","ELEMENT":"3D6A44152B82C0A0DDC791891C6FDC63_element_9"}]}
RESULT: {"script":"return (function isElementDisplayed(element) {\n    function nodeIsElement(node) {\n        if (!node) {\n            return false;\n        }\n        switch (node.nodeType) {\n            case Node.ELEMEN ... (7807 more bytes)","args":[{"element-6066-11e4-a52e-4f735466cecf":"3D6A44152B82C0A0DDC791891C6FDC63_element_9","ELEMENT":"3D6A44152B82C0A0DDC791891C6FDC63_element_9"}]}
COMMAND: POST /session/ea34035ac636835a644a5767f83f1a0a/element - {"using":"css selector","value":".govuk-heading-xl"}
RESULT: {"using":"css selector","value":".govuk-heading-xl"}
COMMAND: GET /session/ea34035ac636835a644a5767f83f1a0a/element/3D6A44152B82C0A0DDC791891C6FDC63_element_9/text - {}
RESULT: {}
COMMAND: POST /session/ea34035ac636835a644a5767f83f1a0a/element - {"using":"xpath","value":".//caption[contains(., \"Reconciliation\") and not(.//caption)]"}
RESULT: {"using":"xpath","value":".//caption[contains(., \"Reconciliation\") and not(.//caption)]"}
COMMAND: POST /session/ea34035ac636835a644a5767f83f1a0a/execute/sync - {"script":"return (function (elem, id) {\n        return (function parentElement() {\n        return this.parentElement;\n    }).call(elem, id);\n    }).apply(null, arguments)","args":[{"element-6066-11e4-a52e-4f735466cecf":"3D6A44152B82C0A0DDC791891C6FDC63_element_10","ELEMENT":"3D6A44152B82C0A0DDC791891C6FDC63_element_10"}]}
RESULT: {"script":"return (function (elem, id) {\n        return (function parentElement() {\n        return this.parentElement;\n    }).call(elem, id);\n    }).apply(null, arguments)","args":[{"element-6066-11e4-a52e-4f735466cecf":"3D6A44152B82C0A0DDC791891C6FDC63_element_10","ELEMENT":"3D6A44152B82C0A0DDC791891C6FDC63_element_10"}]}
COMMAND: POST /session/ea34035ac636835a644a5767f83f1a0a/execute/sync - {"script":"return (function isElementDisplayed(element) {\n    function nodeIsElement(node) {\n        if (!node) {\n            return false;\n        }\n        switch (node.nodeType) {\n            case Node.ELEMEN ... (7807 more bytes)","args":[{"element-6066-11e4-a52e-4f735466cecf":"3D6A44152B82C0A0DDC791891C6FDC63_element_11","ELEMENT":"3D6A44152B82C0A0DDC791891C6FDC63_element_11"}]}
RESULT: {"script":"return (function isElementDisplayed(element) {\n    function nodeIsElement(node) {\n        if (!node) {\n            return false;\n        }\n        switch (node.nodeType) {\n            case Node.ELEMEN ... (7807 more bytes)","args":[{"element-6066-11e4-a52e-4f735466cecf":"3D6A44152B82C0A0DDC791891C6FDC63_element_11","ELEMENT":"3D6A44152B82C0A0DDC791891C6FDC63_element_11"}]}
COMMAND: POST /session/ea34035ac636835a644a5767f83f1a0a/element/3D6A44152B82C0A0DDC791891C6FDC63_element_11/elements - {"using":"css selector","value":"tbody tr"}
RESULT: {"using":"css selector","value":"tbody tr"}
COMMAND: POST /session/ea34035ac636835a644a5767f83f1a0a/element/3D6A44152B82C0A0DDC791891C6FDC63_element_11/element - {"using":"css selector","value":"thead tr"}
RESULT: {"using":"css selector","value":"thead tr"}
COMMAND: POST /session/ea34035ac636835a644a5767f83f1a0a/element/3D6A44152B82C0A0DDC791891C6FDC63_element_12/elements - {"using":"css selector","value":"th"}
RESULT: {"using":"css selector","value":"th"}
COMMAND: GET /session/ea34035ac636835a644a5767f83f1a0a/element/3D6A44152B82C0A0DDC791891C6FDC63_element_13/text - {}
COMMAND: GET /session/ea34035ac636835a644a5767f83f1a0a/element/3D6A44152B82C0A0DDC791891C6FDC63_element_14/text - {}
COMMAND: GET /session/ea34035ac636835a644a5767f83f1a0a/element/3D6A44152B82C0A0DDC791891C6FDC63_element_16/text - {}
COMMAND: GET /session/ea34035ac636835a644a5767f83f1a0a/element/3D6A44152B82C0A0DDC791891C6FDC63_element_15/text - {}
COMMAND: GET /session/ea34035ac636835a644a5767f83f1a0a/element/3D6A44152B82C0A0DDC791891C6FDC63_element_17/text - {}
RESULT: {}
RESULT: {}
RESULT: {}
RESULT: {}
RESULT: {}
]]></system-out>
      <system-err><![CDATA[
TypeError: Cannot read properties of undefined (reading 'Line item')
    at assertReconciliationTableData (file:///home/runner/work/di-billing-transaction-monitoring/di-billing-transaction-monitoring/ui-tests/specs/invoice.spec.ts:162:23)
    at validateTableDataWithAssertions (file:///home/runner/work/di-billing-transaction-monitoring/di-billing-transaction-monitoring/ui-tests/specs/invoice.spec.ts:154:5)
    at processTicksAndRejections (node:internal/process/task_queues:96:5)
    at async Context.<anonymous> (file:///home/runner/work/di-billing-transaction-monitoring/di-billing-transaction-monitoring/ui-tests/specs/invoice.spec.ts:98:9)
]]></system-err>
    </testcase>
    <testcase classname="chrome.117_0_5938_132.linux.Invoice_Page_Test.Vendor:_Vendor_Three,Invoice:2005-09" name="should validate quantity events table data" time="2.608">
      <failure/>
      <error message="Cannot read properties of undefined (reading 'Line item')"/>
      <system-out><![CDATA[
COMMAND: POST /session/ea34035ac636835a644a5767f83f1a0a/url - {"url":"https://pr-509.btm.dev.account.gov.uk/contracts/3/invoices/2005-09"}
RESULT: {"url":"https://pr-509.btm.dev.account.gov.uk/contracts/3/invoices/2005-09"}
COMMAND: POST /session/ea34035ac636835a644a5767f83f1a0a/execute/sync - {"script":"return (() => document.readyState === \"complete\").apply(null, arguments)","args":[]}
RESULT: {"script":"return (() => document.readyState === \"complete\").apply(null, arguments)","args":[]}
COMMAND: GET /session/ea34035ac636835a644a5767f83f1a0a/url - {}
RESULT: {}
COMMAND: POST /session/ea34035ac636835a644a5767f83f1a0a/element - {"using":"css selector","value":".govuk-heading-xl"}
RESULT: {"using":"css selector","value":".govuk-heading-xl"}
COMMAND: POST /session/ea34035ac636835a644a5767f83f1a0a/execute/sync - {"script":"return (function isElementDisplayed(element) {\n    function nodeIsElement(node) {\n        if (!node) {\n            return false;\n        }\n        switch (node.nodeType) {\n            case Node.ELEMEN ... (7807 more bytes)","args":[{"element-6066-11e4-a52e-4f735466cecf":"A34451A4A1E05E12C3DC83445E7ED981_element_20","ELEMENT":"A34451A4A1E05E12C3DC83445E7ED981_element_20"}]}
RESULT: {"script":"return (function isElementDisplayed(element) {\n    function nodeIsElement(node) {\n        if (!node) {\n            return false;\n        }\n        switch (node.nodeType) {\n            case Node.ELEMEN ... (7807 more bytes)","args":[{"element-6066-11e4-a52e-4f735466cecf":"A34451A4A1E05E12C3DC83445E7ED981_element_20","ELEMENT":"A34451A4A1E05E12C3DC83445E7ED981_element_20"}]}
COMMAND: POST /session/ea34035ac636835a644a5767f83f1a0a/element - {"using":"css selector","value":".govuk-heading-xl"}
RESULT: {"using":"css selector","value":".govuk-heading-xl"}
COMMAND: GET /session/ea34035ac636835a644a5767f83f1a0a/element/A34451A4A1E05E12C3DC83445E7ED981_element_20/text - {}
RESULT: {}
COMMAND: POST /session/ea34035ac636835a644a5767f83f1a0a/element - {"using":"xpath","value":".//caption[contains(., \"Quantity (events)\") and not(.//caption)]"}
RESULT: {"using":"xpath","value":".//caption[contains(., \"Quantity (events)\") and not(.//caption)]"}
COMMAND: POST /session/ea34035ac636835a644a5767f83f1a0a/execute/sync - {"script":"return (function (elem, id) {\n        return (function parentElement() {\n        return this.parentElement;\n    }).call(elem, id);\n    }).apply(null, arguments)","args":[{"element-6066-11e4-a52e-4f735466cecf":"A34451A4A1E05E12C3DC83445E7ED981_element_21","ELEMENT":"A34451A4A1E05E12C3DC83445E7ED981_element_21"}]}
RESULT: {"script":"return (function (elem, id) {\n        return (function parentElement() {\n        return this.parentElement;\n    }).call(elem, id);\n    }).apply(null, arguments)","args":[{"element-6066-11e4-a52e-4f735466cecf":"A34451A4A1E05E12C3DC83445E7ED981_element_21","ELEMENT":"A34451A4A1E05E12C3DC83445E7ED981_element_21"}]}
COMMAND: POST /session/ea34035ac636835a644a5767f83f1a0a/execute/sync - {"script":"return (function isElementDisplayed(element) {\n    function nodeIsElement(node) {\n        if (!node) {\n            return false;\n        }\n        switch (node.nodeType) {\n            case Node.ELEMEN ... (7807 more bytes)","args":[{"element-6066-11e4-a52e-4f735466cecf":"A34451A4A1E05E12C3DC83445E7ED981_element_22","ELEMENT":"A34451A4A1E05E12C3DC83445E7ED981_element_22"}]}
RESULT: {"script":"return (function isElementDisplayed(element) {\n    function nodeIsElement(node) {\n        if (!node) {\n            return false;\n        }\n        switch (node.nodeType) {\n            case Node.ELEMEN ... (7807 more bytes)","args":[{"element-6066-11e4-a52e-4f735466cecf":"A34451A4A1E05E12C3DC83445E7ED981_element_22","ELEMENT":"A34451A4A1E05E12C3DC83445E7ED981_element_22"}]}
COMMAND: POST /session/ea34035ac636835a644a5767f83f1a0a/element/A34451A4A1E05E12C3DC83445E7ED981_element_22/elements - {"using":"css selector","value":"tbody tr"}
RESULT: {"using":"css selector","value":"tbody tr"}
COMMAND: POST /session/ea34035ac636835a644a5767f83f1a0a/element/A34451A4A1E05E12C3DC83445E7ED981_element_22/element - {"using":"css selector","value":"thead tr"}
RESULT: {"using":"css selector","value":"thead tr"}
COMMAND: POST /session/ea34035ac636835a644a5767f83f1a0a/element/A34451A4A1E05E12C3DC83445E7ED981_element_23/elements - {"using":"css selector","value":"th"}
RESULT: {"using":"css selector","value":"th"}
COMMAND: GET /session/ea34035ac636835a644a5767f83f1a0a/element/A34451A4A1E05E12C3DC83445E7ED981_element_24/text - {}
COMMAND: GET /session/ea34035ac636835a644a5767f83f1a0a/element/A34451A4A1E05E12C3DC83445E7ED981_element_25/text - {}
COMMAND: GET /session/ea34035ac636835a644a5767f83f1a0a/element/A34451A4A1E05E12C3DC83445E7ED981_element_27/text - {}
COMMAND: GET /session/ea34035ac636835a644a5767f83f1a0a/element/A34451A4A1E05E12C3DC83445E7ED981_element_26/text - {}
RESULT: {}
RESULT: {}
RESULT: {}
RESULT: {}
]]></system-out>
      <system-err><![CDATA[
TypeError: Cannot read properties of undefined (reading 'Line item')
    at assertQuantityTableData (file:///home/runner/work/di-billing-transaction-monitoring/di-billing-transaction-monitoring/ui-tests/specs/invoice.spec.ts:186:23)
    at validateTableDataWithAssertions (file:///home/runner/work/di-billing-transaction-monitoring/di-billing-transaction-monitoring/ui-tests/specs/invoice.spec.ts:154:5)
    at processTicksAndRejections (node:internal/process/task_queues:96:5)
    at async Context.<anonymous> (file:///home/runner/work/di-billing-transaction-monitoring/di-billing-transaction-monitoring/ui-tests/specs/invoice.spec.ts:106:9)
]]></system-err>
    </testcase>
    <testcase classname="chrome.117_0_5938_132.linux.Invoice_Page_Test.Vendor:_Vendor_Three,Invoice:2005-09" name="should validate price table data" time="1.922">
      <failure/>
      <error message="Cannot read properties of undefined (reading 'Line item')"/>
      <system-out><![CDATA[
COMMAND: POST /session/ea34035ac636835a644a5767f83f1a0a/url - {"url":"https://pr-509.btm.dev.account.gov.uk/contracts/3/invoices/2005-09"}
RESULT: {"url":"https://pr-509.btm.dev.account.gov.uk/contracts/3/invoices/2005-09"}
COMMAND: POST /session/ea34035ac636835a644a5767f83f1a0a/execute/sync - {"script":"return (() => document.readyState === \"complete\").apply(null, arguments)","args":[]}
RESULT: {"script":"return (() => document.readyState === \"complete\").apply(null, arguments)","args":[]}
COMMAND: GET /session/ea34035ac636835a644a5767f83f1a0a/url - {}
RESULT: {}
COMMAND: POST /session/ea34035ac636835a644a5767f83f1a0a/element - {"using":"css selector","value":".govuk-heading-xl"}
RESULT: {"using":"css selector","value":".govuk-heading-xl"}
COMMAND: POST /session/ea34035ac636835a644a5767f83f1a0a/execute/sync - {"script":"return (function isElementDisplayed(element) {\n    function nodeIsElement(node) {\n        if (!node) {\n            return false;\n        }\n        switch (node.nodeType) {\n            case Node.ELEMEN ... (7807 more bytes)","args":[{"element-6066-11e4-a52e-4f735466cecf":"8C04BCF488D74BFFD19F59604F581D06_element_30","ELEMENT":"8C04BCF488D74BFFD19F59604F581D06_element_30"}]}
RESULT: {"script":"return (function isElementDisplayed(element) {\n    function nodeIsElement(node) {\n        if (!node) {\n            return false;\n        }\n        switch (node.nodeType) {\n            case Node.ELEMEN ... (7807 more bytes)","args":[{"element-6066-11e4-a52e-4f735466cecf":"8C04BCF488D74BFFD19F59604F581D06_element_30","ELEMENT":"8C04BCF488D74BFFD19F59604F581D06_element_30"}]}
COMMAND: POST /session/ea34035ac636835a644a5767f83f1a0a/element - {"using":"css selector","value":".govuk-heading-xl"}
RESULT: {"using":"css selector","value":".govuk-heading-xl"}
COMMAND: GET /session/ea34035ac636835a644a5767f83f1a0a/element/8C04BCF488D74BFFD19F59604F581D06_element_30/text - {}
RESULT: {}
COMMAND: POST /session/ea34035ac636835a644a5767f83f1a0a/element - {"using":"xpath","value":".//caption[contains(., \"Price\") and not(.//caption)]"}
RESULT: {"using":"xpath","value":".//caption[contains(., \"Price\") and not(.//caption)]"}
COMMAND: POST /session/ea34035ac636835a644a5767f83f1a0a/execute/sync - {"script":"return (function (elem, id) {\n        return (function parentElement() {\n        return this.parentElement;\n    }).call(elem, id);\n    }).apply(null, arguments)","args":[{"element-6066-11e4-a52e-4f735466cecf":"8C04BCF488D74BFFD19F59604F581D06_element_31","ELEMENT":"8C04BCF488D74BFFD19F59604F581D06_element_31"}]}
RESULT: {"script":"return (function (elem, id) {\n        return (function parentElement() {\n        return this.parentElement;\n    }).call(elem, id);\n    }).apply(null, arguments)","args":[{"element-6066-11e4-a52e-4f735466cecf":"8C04BCF488D74BFFD19F59604F581D06_element_31","ELEMENT":"8C04BCF488D74BFFD19F59604F581D06_element_31"}]}
COMMAND: POST /session/ea34035ac636835a644a5767f83f1a0a/execute/sync - {"script":"return (function isElementDisplayed(element) {\n    function nodeIsElement(node) {\n        if (!node) {\n            return false;\n        }\n        switch (node.nodeType) {\n            case Node.ELEMEN ... (7807 more bytes)","args":[{"element-6066-11e4-a52e-4f735466cecf":"8C04BCF488D74BFFD19F59604F581D06_element_32","ELEMENT":"8C04BCF488D74BFFD19F59604F581D06_element_32"}]}
RESULT: {"script":"return (function isElementDisplayed(element) {\n    function nodeIsElement(node) {\n        if (!node) {\n            return false;\n        }\n        switch (node.nodeType) {\n            case Node.ELEMEN ... (7807 more bytes)","args":[{"element-6066-11e4-a52e-4f735466cecf":"8C04BCF488D74BFFD19F59604F581D06_element_32","ELEMENT":"8C04BCF488D74BFFD19F59604F581D06_element_32"}]}
COMMAND: POST /session/ea34035ac636835a644a5767f83f1a0a/element/8C04BCF488D74BFFD19F59604F581D06_element_32/elements - {"using":"css selector","value":"tbody tr"}
RESULT: {"using":"css selector","value":"tbody tr"}
COMMAND: POST /session/ea34035ac636835a644a5767f83f1a0a/element/8C04BCF488D74BFFD19F59604F581D06_element_32/element - {"using":"css selector","value":"thead tr"}
RESULT: {"using":"css selector","value":"thead tr"}
COMMAND: POST /session/ea34035ac636835a644a5767f83f1a0a/element/8C04BCF488D74BFFD19F59604F581D06_element_33/elements - {"using":"css selector","value":"th"}
RESULT: {"using":"css selector","value":"th"}
COMMAND: GET /session/ea34035ac636835a644a5767f83f1a0a/element/8C04BCF488D74BFFD19F59604F581D06_element_34/text - {}
COMMAND: GET /session/ea34035ac636835a644a5767f83f1a0a/element/8C04BCF488D74BFFD19F59604F581D06_element_35/text - {}
COMMAND: GET /session/ea34035ac636835a644a5767f83f1a0a/element/8C04BCF488D74BFFD19F59604F581D06_element_37/text - {}
COMMAND: GET /session/ea34035ac636835a644a5767f83f1a0a/element/8C04BCF488D74BFFD19F59604F581D06_element_36/text - {}
RESULT: {}
RESULT: {}
RESULT: {}
RESULT: {}
]]></system-out>
      <system-err><![CDATA[
TypeError: Cannot read properties of undefined (reading 'Line item')
    at assertPriceTableData (file:///home/runner/work/di-billing-transaction-monitoring/di-billing-transaction-monitoring/ui-tests/specs/invoice.spec.ts:199:23)
    at validateTableDataWithAssertions (file:///home/runner/work/di-billing-transaction-monitoring/di-billing-transaction-monitoring/ui-tests/specs/invoice.spec.ts:154:5)
    at processTicksAndRejections (node:internal/process/task_queues:96:5)
    at async Context.<anonymous> (file:///home/runner/work/di-billing-transaction-monitoring/di-billing-transaction-monitoring/ui-tests/specs/invoice.spec.ts:114:9)
]]></system-err>
    </testcase>
    <testcase classname="chrome.117_0_5938_132.linux.Invoice_Page_Test.Vendor:_Vendor_Three,Invoice:2005-09" name="should validate measured events table data" time="0.796">
      <failure/>
      <error message="Cannot read properties of undefined (reading 'Line item')"/>
      <system-out><![CDATA[
COMMAND: POST /session/ea34035ac636835a644a5767f83f1a0a/url - {"url":"https://pr-509.btm.dev.account.gov.uk/contracts/3/invoices/2005-09"}
RESULT: {"url":"https://pr-509.btm.dev.account.gov.uk/contracts/3/invoices/2005-09"}
COMMAND: POST /session/ea34035ac636835a644a5767f83f1a0a/execute/sync - {"script":"return (() => document.readyState === \"complete\").apply(null, arguments)","args":[]}
RESULT: {"script":"return (() => document.readyState === \"complete\").apply(null, arguments)","args":[]}
COMMAND: GET /session/ea34035ac636835a644a5767f83f1a0a/url - {}
RESULT: {}
COMMAND: POST /session/ea34035ac636835a644a5767f83f1a0a/element - {"using":"css selector","value":".govuk-heading-xl"}
RESULT: {"using":"css selector","value":".govuk-heading-xl"}
COMMAND: POST /session/ea34035ac636835a644a5767f83f1a0a/execute/sync - {"script":"return (function isElementDisplayed(element) {\n    function nodeIsElement(node) {\n        if (!node) {\n            return false;\n        }\n        switch (node.nodeType) {\n            case Node.ELEMEN ... (7807 more bytes)","args":[{"element-6066-11e4-a52e-4f735466cecf":"F028A0F85C78704FC81C63BAFF44E94E_element_40","ELEMENT":"F028A0F85C78704FC81C63BAFF44E94E_element_40"}]}
RESULT: {"script":"return (function isElementDisplayed(element) {\n    function nodeIsElement(node) {\n        if (!node) {\n            return false;\n        }\n        switch (node.nodeType) {\n            case Node.ELEMEN ... (7807 more bytes)","args":[{"element-6066-11e4-a52e-4f735466cecf":"F028A0F85C78704FC81C63BAFF44E94E_element_40","ELEMENT":"F028A0F85C78704FC81C63BAFF44E94E_element_40"}]}
COMMAND: POST /session/ea34035ac636835a644a5767f83f1a0a/element - {"using":"css selector","value":".govuk-heading-xl"}
RESULT: {"using":"css selector","value":".govuk-heading-xl"}
COMMAND: GET /session/ea34035ac636835a644a5767f83f1a0a/element/F028A0F85C78704FC81C63BAFF44E94E_element_40/text - {}
RESULT: {}
COMMAND: POST /session/ea34035ac636835a644a5767f83f1a0a/element - {"using":"xpath","value":".//caption[contains(., \"Measured (events)\") and not(.//caption)]"}
RESULT: {"using":"xpath","value":".//caption[contains(., \"Measured (events)\") and not(.//caption)]"}
COMMAND: POST /session/ea34035ac636835a644a5767f83f1a0a/execute/sync - {"script":"return (function (elem, id) {\n        return (function parentElement() {\n        return this.parentElement;\n    }).call(elem, id);\n    }).apply(null, arguments)","args":[{"element-6066-11e4-a52e-4f735466cecf":"F028A0F85C78704FC81C63BAFF44E94E_element_41","ELEMENT":"F028A0F85C78704FC81C63BAFF44E94E_element_41"}]}
RESULT: {"script":"return (function (elem, id) {\n        return (function parentElement() {\n        return this.parentElement;\n    }).call(elem, id);\n    }).apply(null, arguments)","args":[{"element-6066-11e4-a52e-4f735466cecf":"F028A0F85C78704FC81C63BAFF44E94E_element_41","ELEMENT":"F028A0F85C78704FC81C63BAFF44E94E_element_41"}]}
COMMAND: POST /session/ea34035ac636835a644a5767f83f1a0a/execute/sync - {"script":"return (function isElementDisplayed(element) {\n    function nodeIsElement(node) {\n        if (!node) {\n            return false;\n        }\n        switch (node.nodeType) {\n            case Node.ELEMEN ... (7807 more bytes)","args":[{"element-6066-11e4-a52e-4f735466cecf":"F028A0F85C78704FC81C63BAFF44E94E_element_42","ELEMENT":"F028A0F85C78704FC81C63BAFF44E94E_element_42"}]}
RESULT: {"script":"return (function isElementDisplayed(element) {\n    function nodeIsElement(node) {\n        if (!node) {\n            return false;\n        }\n        switch (node.nodeType) {\n            case Node.ELEMEN ... (7807 more bytes)","args":[{"element-6066-11e4-a52e-4f735466cecf":"F028A0F85C78704FC81C63BAFF44E94E_element_42","ELEMENT":"F028A0F85C78704FC81C63BAFF44E94E_element_42"}]}
COMMAND: POST /session/ea34035ac636835a644a5767f83f1a0a/element/F028A0F85C78704FC81C63BAFF44E94E_element_42/elements - {"using":"css selector","value":"tbody tr"}
RESULT: {"using":"css selector","value":"tbody tr"}
COMMAND: POST /session/ea34035ac636835a644a5767f83f1a0a/element/F028A0F85C78704FC81C63BAFF44E94E_element_42/element - {"using":"css selector","value":"thead tr"}
RESULT: {"using":"css selector","value":"thead tr"}
COMMAND: POST /session/ea34035ac636835a644a5767f83f1a0a/element/F028A0F85C78704FC81C63BAFF44E94E_element_43/elements - {"using":"css selector","value":"th"}
RESULT: {"using":"css selector","value":"th"}
COMMAND: GET /session/ea34035ac636835a644a5767f83f1a0a/element/F028A0F85C78704FC81C63BAFF44E94E_element_44/text - {}
COMMAND: GET /session/ea34035ac636835a644a5767f83f1a0a/element/F028A0F85C78704FC81C63BAFF44E94E_element_45/text - {}
RESULT: {}
RESULT: {}
]]></system-out>
      <system-err><![CDATA[
TypeError: Cannot read properties of undefined (reading 'Line item')
    at assertMeasuredTableData (file:///home/runner/work/di-billing-transaction-monitoring/di-billing-transaction-monitoring/ui-tests/specs/invoice.spec.ts:212:23)
    at validateTableDataWithAssertions (file:///home/runner/work/di-billing-transaction-monitoring/di-billing-transaction-monitoring/ui-tests/specs/invoice.spec.ts:154:5)
    at processTicksAndRejections (node:internal/process/task_queues:96:5)
    at async Context.<anonymous> (file:///home/runner/work/di-billing-transaction-monitoring/di-billing-transaction-monitoring/ui-tests/specs/invoice.spec.ts:122:9)
]]></system-err>
    </testcase>
    <testcase classname="chrome.117_0_5938_132.linux.Invoice_Page_Test.Vendor:_Vendor_Three,Invoice:2005-09" name="should validate invoice table data" time="1.838">
      <failure/>
      <error message="expect(received).toEqual(expected) // deep equality&#xA;&#xA;Expected: &quot;Address check&quot;&#xA;Received: &quot;Total&quot;"/>
      <system-out><![CDATA[
COMMAND: POST /session/ea34035ac636835a644a5767f83f1a0a/url - {"url":"https://pr-509.btm.dev.account.gov.uk/contracts/3/invoices/2005-09"}
RESULT: {"url":"https://pr-509.btm.dev.account.gov.uk/contracts/3/invoices/2005-09"}
COMMAND: POST /session/ea34035ac636835a644a5767f83f1a0a/execute/sync - {"script":"return (() => document.readyState === \"complete\").apply(null, arguments)","args":[]}
RESULT: {"script":"return (() => document.readyState === \"complete\").apply(null, arguments)","args":[]}
COMMAND: GET /session/ea34035ac636835a644a5767f83f1a0a/url - {}
RESULT: {}
COMMAND: POST /session/ea34035ac636835a644a5767f83f1a0a/element - {"using":"css selector","value":".govuk-heading-xl"}
RESULT: {"using":"css selector","value":".govuk-heading-xl"}
COMMAND: POST /session/ea34035ac636835a644a5767f83f1a0a/execute/sync - {"script":"return (function isElementDisplayed(element) {\n    function nodeIsElement(node) {\n        if (!node) {\n            return false;\n        }\n        switch (node.nodeType) {\n            case Node.ELEMEN ... (7807 more bytes)","args":[{"element-6066-11e4-a52e-4f735466cecf":"BBDDFC9387DA34729E471B8B22654D24_element_48","ELEMENT":"BBDDFC9387DA34729E471B8B22654D24_element_48"}]}
RESULT: {"script":"return (function isElementDisplayed(element) {\n    function nodeIsElement(node) {\n        if (!node) {\n            return false;\n        }\n        switch (node.nodeType) {\n            case Node.ELEMEN ... (7807 more bytes)","args":[{"element-6066-11e4-a52e-4f735466cecf":"BBDDFC9387DA34729E471B8B22654D24_element_48","ELEMENT":"BBDDFC9387DA34729E471B8B22654D24_element_48"}]}
COMMAND: POST /session/ea34035ac636835a644a5767f83f1a0a/element - {"using":"css selector","value":".govuk-heading-xl"}
RESULT: {"using":"css selector","value":".govuk-heading-xl"}
COMMAND: GET /session/ea34035ac636835a644a5767f83f1a0a/element/BBDDFC9387DA34729E471B8B22654D24_element_48/text - {}
RESULT: {}
COMMAND: POST /session/ea34035ac636835a644a5767f83f1a0a/element - {"using":"xpath","value":".//caption[contains(., \"Invoice\") and not(.//caption)]"}
RESULT: {"using":"xpath","value":".//caption[contains(., \"Invoice\") and not(.//caption)]"}
COMMAND: POST /session/ea34035ac636835a644a5767f83f1a0a/execute/sync - {"script":"return (function (elem, id) {\n        return (function parentElement() {\n        return this.parentElement;\n    }).call(elem, id);\n    }).apply(null, arguments)","args":[{"element-6066-11e4-a52e-4f735466cecf":"BBDDFC9387DA34729E471B8B22654D24_element_49","ELEMENT":"BBDDFC9387DA34729E471B8B22654D24_element_49"}]}
RESULT: {"script":"return (function (elem, id) {\n        return (function parentElement() {\n        return this.parentElement;\n    }).call(elem, id);\n    }).apply(null, arguments)","args":[{"element-6066-11e4-a52e-4f735466cecf":"BBDDFC9387DA34729E471B8B22654D24_element_49","ELEMENT":"BBDDFC9387DA34729E471B8B22654D24_element_49"}]}
COMMAND: POST /session/ea34035ac636835a644a5767f83f1a0a/execute/sync - {"script":"return (function isElementDisplayed(element) {\n    function nodeIsElement(node) {\n        if (!node) {\n            return false;\n        }\n        switch (node.nodeType) {\n            case Node.ELEMEN ... (7807 more bytes)","args":[{"element-6066-11e4-a52e-4f735466cecf":"BBDDFC9387DA34729E471B8B22654D24_element_50","ELEMENT":"BBDDFC9387DA34729E471B8B22654D24_element_50"}]}
RESULT: {"script":"return (function isElementDisplayed(element) {\n    function nodeIsElement(node) {\n        if (!node) {\n            return false;\n        }\n        switch (node.nodeType) {\n            case Node.ELEMEN ... (7807 more bytes)","args":[{"element-6066-11e4-a52e-4f735466cecf":"BBDDFC9387DA34729E471B8B22654D24_element_50","ELEMENT":"BBDDFC9387DA34729E471B8B22654D24_element_50"}]}
COMMAND: POST /session/ea34035ac636835a644a5767f83f1a0a/element/BBDDFC9387DA34729E471B8B22654D24_element_50/elements - {"using":"css selector","value":"tbody tr"}
RESULT: {"using":"css selector","value":"tbody tr"}
COMMAND: POST /session/ea34035ac636835a644a5767f83f1a0a/element/BBDDFC9387DA34729E471B8B22654D24_element_50/element - {"using":"css selector","value":"thead tr"}
RESULT: {"using":"css selector","value":"thead tr"}
COMMAND: POST /session/ea34035ac636835a644a5767f83f1a0a/element/BBDDFC9387DA34729E471B8B22654D24_element_52/elements - {"using":"css selector","value":"th"}
RESULT: {"using":"css selector","value":"th"}
COMMAND: GET /session/ea34035ac636835a644a5767f83f1a0a/element/BBDDFC9387DA34729E471B8B22654D24_element_53/text - {}
COMMAND: GET /session/ea34035ac636835a644a5767f83f1a0a/element/BBDDFC9387DA34729E471B8B22654D24_element_54/text - {}
COMMAND: GET /session/ea34035ac636835a644a5767f83f1a0a/element/BBDDFC9387DA34729E471B8B22654D24_element_56/text - {}
COMMAND: GET /session/ea34035ac636835a644a5767f83f1a0a/element/BBDDFC9387DA34729E471B8B22654D24_element_55/text - {}
COMMAND: GET /session/ea34035ac636835a644a5767f83f1a0a/element/BBDDFC9387DA34729E471B8B22654D24_element_57/text - {}
RESULT: {}
RESULT: {}
RESULT: {}
RESULT: {}
RESULT: {}
COMMAND: POST /session/ea34035ac636835a644a5767f83f1a0a/element/BBDDFC9387DA34729E471B8B22654D24_element_51/elements - {"using":"css selector","value":"th,td"}
RESULT: {"using":"css selector","value":"th,td"}
COMMAND: GET /session/ea34035ac636835a644a5767f83f1a0a/element/BBDDFC9387DA34729E471B8B22654D24_element_58/text - {}
RESULT: {}
COMMAND: GET /session/ea34035ac636835a644a5767f83f1a0a/element/BBDDFC9387DA34729E471B8B22654D24_element_59/text - {}
RESULT: {}
COMMAND: GET /session/ea34035ac636835a644a5767f83f1a0a/element/BBDDFC9387DA34729E471B8B22654D24_element_60/text - {}
RESULT: {}
COMMAND: GET /session/ea34035ac636835a644a5767f83f1a0a/element/BBDDFC9387DA34729E471B8B22654D24_element_61/text - {}
RESULT: {}
COMMAND: GET /session/ea34035ac636835a644a5767f83f1a0a/element/BBDDFC9387DA34729E471B8B22654D24_element_62/text - {}
RESULT: {}
]]></system-out>
      <system-err><![CDATA[
Error: expect(received).toEqual(expected) // deep equality

Expected: "Address check"
Received: "Total"
    at expectEqual (file:///home/runner/work/di-billing-transaction-monitoring/di-billing-transaction-monitoring/ui-tests/utils/customTestAssertion.ts:12:20)
    at assertInvoiceTableData (file:///home/runner/work/di-billing-transaction-monitoring/di-billing-transaction-monitoring/ui-tests/specs/invoice.spec.ts:220:3)
    at validateTableDataWithAssertions (file:///home/runner/work/di-billing-transaction-monitoring/di-billing-transaction-monitoring/ui-tests/specs/invoice.spec.ts:154:5)
    at processTicksAndRejections (node:internal/process/task_queues:96:5)
    at async Context.<anonymous> (file:///home/runner/work/di-billing-transaction-monitoring/di-billing-transaction-monitoring/ui-tests/specs/invoice.spec.ts:130:9)
]]></system-err>
    </testcase>
  </testsuite>
  <testsuite name="Vendor Vendor Three Invoice 2023 03" timestamp="2023-10-11T07:58:10" time="5.87" tests="6" failures="6" errors="6" skipped="0">
    <properties>
      <property name="specId" value="0"/>
      <property name="suiteName" value="Vendor: Vendor Three,Invoice:2023-03"/>
      <property name="capabilities" value="chrome.117_0_5938_132.linux"/>
      <property name="file" value="file://./ui-tests/specs/invoice.spec.ts"/>
    </properties>
    <testcase classname="chrome.117_0_5938_132.linux.Invoice_Page_Test.Vendor:_Vendor_Three,Invoice:2023-03" name="should display correct status banner color and message" time="1.521">
      <failure/>
      <error message="expect(received).toEqual(expected) // deep equality&#xA;&#xA;Expected: &quot;Events missing&quot;&#xA;Received: &quot;Invoice and events missing&quot;"/>
      <system-out><![CDATA[
COMMAND: POST /session/ea34035ac636835a644a5767f83f1a0a/url - {"url":"https://pr-509.btm.dev.account.gov.uk/contracts/3/invoices/2023-03"}
RESULT: {"url":"https://pr-509.btm.dev.account.gov.uk/contracts/3/invoices/2023-03"}
COMMAND: POST /session/ea34035ac636835a644a5767f83f1a0a/execute/sync - {"script":"return (() => document.readyState === \"complete\").apply(null, arguments)","args":[]}
RESULT: {"script":"return (() => document.readyState === \"complete\").apply(null, arguments)","args":[]}
COMMAND: GET /session/ea34035ac636835a644a5767f83f1a0a/url - {}
RESULT: {}
COMMAND: POST /session/ea34035ac636835a644a5767f83f1a0a/element - {"using":"css selector","value":".govuk-heading-xl"}
RESULT: {"using":"css selector","value":".govuk-heading-xl"}
COMMAND: POST /session/ea34035ac636835a644a5767f83f1a0a/execute/sync - {"script":"return (function isElementDisplayed(element) {\n    function nodeIsElement(node) {\n        if (!node) {\n            return false;\n        }\n        switch (node.nodeType) {\n            case Node.ELEMEN ... (7807 more bytes)","args":[{"element-6066-11e4-a52e-4f735466cecf":"41DFD58C80DC8D1B05E0CDBE5B3AC2BB_element_65","ELEMENT":"41DFD58C80DC8D1B05E0CDBE5B3AC2BB_element_65"}]}
RESULT: {"script":"return (function isElementDisplayed(element) {\n    function nodeIsElement(node) {\n        if (!node) {\n            return false;\n        }\n        switch (node.nodeType) {\n            case Node.ELEMEN ... (7807 more bytes)","args":[{"element-6066-11e4-a52e-4f735466cecf":"41DFD58C80DC8D1B05E0CDBE5B3AC2BB_element_65","ELEMENT":"41DFD58C80DC8D1B05E0CDBE5B3AC2BB_element_65"}]}
COMMAND: POST /session/ea34035ac636835a644a5767f83f1a0a/element - {"using":"css selector","value":".govuk-heading-xl"}
RESULT: {"using":"css selector","value":".govuk-heading-xl"}
COMMAND: GET /session/ea34035ac636835a644a5767f83f1a0a/element/41DFD58C80DC8D1B05E0CDBE5B3AC2BB_element_65/text - {}
RESULT: {}
COMMAND: POST /session/ea34035ac636835a644a5767f83f1a0a/element - {"using":"css selector","value":"h2.govuk-panel__title"}
RESULT: {"using":"css selector","value":"h2.govuk-panel__title"}
COMMAND: POST /session/ea34035ac636835a644a5767f83f1a0a/execute/sync - {"script":"return (function isElementDisplayed(element) {\n    function nodeIsElement(node) {\n        if (!node) {\n            return false;\n        }\n        switch (node.nodeType) {\n            case Node.ELEMEN ... (7807 more bytes)","args":[{"element-6066-11e4-a52e-4f735466cecf":"41DFD58C80DC8D1B05E0CDBE5B3AC2BB_element_66","ELEMENT":"41DFD58C80DC8D1B05E0CDBE5B3AC2BB_element_66"}]}
RESULT: {"script":"return (function isElementDisplayed(element) {\n    function nodeIsElement(node) {\n        if (!node) {\n            return false;\n        }\n        switch (node.nodeType) {\n            case Node.ELEMEN ... (7807 more bytes)","args":[{"element-6066-11e4-a52e-4f735466cecf":"41DFD58C80DC8D1B05E0CDBE5B3AC2BB_element_66","ELEMENT":"41DFD58C80DC8D1B05E0CDBE5B3AC2BB_element_66"}]}
COMMAND: POST /session/ea34035ac636835a644a5767f83f1a0a/element - {"using":"css selector","value":"h2.govuk-panel__title"}
RESULT: {"using":"css selector","value":"h2.govuk-panel__title"}
COMMAND: GET /session/ea34035ac636835a644a5767f83f1a0a/element/41DFD58C80DC8D1B05E0CDBE5B3AC2BB_element_66/text - {}
RESULT: {}
]]></system-out>
      <system-err><![CDATA[
Error: expect(received).toEqual(expected) // deep equality

Expected: "Events missing"
Received: "Invoice and events missing"
    at expectEqual (file:///home/runner/work/di-billing-transaction-monitoring/di-billing-transaction-monitoring/ui-tests/utils/customTestAssertion.ts:12:20)
    at Context.<anonymous> (file:///home/runner/work/di-billing-transaction-monitoring/di-billing-transaction-monitoring/ui-tests/specs/invoice.spec.ts:81:9)
    at runMicrotasks (<anonymous>)
    at processTicksAndRejections (node:internal/process/task_queues:96:5)
]]></system-err>
    </testcase>
    <testcase classname="chrome.117_0_5938_132.linux.Invoice_Page_Test.Vendor:_Vendor_Three,Invoice:2023-03" name="should validate reconciliation table data" time="0.858">
      <failure/>
      <error message="Cannot read properties of undefined (reading 'Line item')"/>
      <system-out><![CDATA[
COMMAND: POST /session/ea34035ac636835a644a5767f83f1a0a/url - {"url":"https://pr-509.btm.dev.account.gov.uk/contracts/3/invoices/2023-03"}
RESULT: {"url":"https://pr-509.btm.dev.account.gov.uk/contracts/3/invoices/2023-03"}
COMMAND: POST /session/ea34035ac636835a644a5767f83f1a0a/execute/sync - {"script":"return (() => document.readyState === \"complete\").apply(null, arguments)","args":[]}
RESULT: {"script":"return (() => document.readyState === \"complete\").apply(null, arguments)","args":[]}
COMMAND: GET /session/ea34035ac636835a644a5767f83f1a0a/url - {}
RESULT: {}
COMMAND: POST /session/ea34035ac636835a644a5767f83f1a0a/element - {"using":"css selector","value":".govuk-heading-xl"}
RESULT: {"using":"css selector","value":".govuk-heading-xl"}
COMMAND: POST /session/ea34035ac636835a644a5767f83f1a0a/execute/sync - {"script":"return (function isElementDisplayed(element) {\n    function nodeIsElement(node) {\n        if (!node) {\n            return false;\n        }\n        switch (node.nodeType) {\n            case Node.ELEMEN ... (7807 more bytes)","args":[{"element-6066-11e4-a52e-4f735466cecf":"FA5EEAF8BCF18107416B43BB4DBF1058_element_69","ELEMENT":"FA5EEAF8BCF18107416B43BB4DBF1058_element_69"}]}
RESULT: {"script":"return (function isElementDisplayed(element) {\n    function nodeIsElement(node) {\n        if (!node) {\n            return false;\n        }\n        switch (node.nodeType) {\n            case Node.ELEMEN ... (7807 more bytes)","args":[{"element-6066-11e4-a52e-4f735466cecf":"FA5EEAF8BCF18107416B43BB4DBF1058_element_69","ELEMENT":"FA5EEAF8BCF18107416B43BB4DBF1058_element_69"}]}
COMMAND: POST /session/ea34035ac636835a644a5767f83f1a0a/element - {"using":"css selector","value":".govuk-heading-xl"}
RESULT: {"using":"css selector","value":".govuk-heading-xl"}
COMMAND: GET /session/ea34035ac636835a644a5767f83f1a0a/element/FA5EEAF8BCF18107416B43BB4DBF1058_element_69/text - {}
RESULT: {}
COMMAND: POST /session/ea34035ac636835a644a5767f83f1a0a/element - {"using":"xpath","value":".//caption[contains(., \"Reconciliation\") and not(.//caption)]"}
RESULT: {"using":"xpath","value":".//caption[contains(., \"Reconciliation\") and not(.//caption)]"}
COMMAND: POST /session/ea34035ac636835a644a5767f83f1a0a/execute/sync - {"script":"return (function (elem, id) {\n        return (function parentElement() {\n        return this.parentElement;\n    }).call(elem, id);\n    }).apply(null, arguments)","args":[{"element-6066-11e4-a52e-4f735466cecf":"FA5EEAF8BCF18107416B43BB4DBF1058_element_70","ELEMENT":"FA5EEAF8BCF18107416B43BB4DBF1058_element_70"}]}
RESULT: {"script":"return (function (elem, id) {\n        return (function parentElement() {\n        return this.parentElement;\n    }).call(elem, id);\n    }).apply(null, arguments)","args":[{"element-6066-11e4-a52e-4f735466cecf":"FA5EEAF8BCF18107416B43BB4DBF1058_element_70","ELEMENT":"FA5EEAF8BCF18107416B43BB4DBF1058_element_70"}]}
COMMAND: POST /session/ea34035ac636835a644a5767f83f1a0a/execute/sync - {"script":"return (function isElementDisplayed(element) {\n    function nodeIsElement(node) {\n        if (!node) {\n            return false;\n        }\n        switch (node.nodeType) {\n            case Node.ELEMEN ... (7807 more bytes)","args":[{"element-6066-11e4-a52e-4f735466cecf":"FA5EEAF8BCF18107416B43BB4DBF1058_element_71","ELEMENT":"FA5EEAF8BCF18107416B43BB4DBF1058_element_71"}]}
RESULT: {"script":"return (function isElementDisplayed(element) {\n    function nodeIsElement(node) {\n        if (!node) {\n            return false;\n        }\n        switch (node.nodeType) {\n            case Node.ELEMEN ... (7807 more bytes)","args":[{"element-6066-11e4-a52e-4f735466cecf":"FA5EEAF8BCF18107416B43BB4DBF1058_element_71","ELEMENT":"FA5EEAF8BCF18107416B43BB4DBF1058_element_71"}]}
COMMAND: POST /session/ea34035ac636835a644a5767f83f1a0a/element/FA5EEAF8BCF18107416B43BB4DBF1058_element_71/elements - {"using":"css selector","value":"tbody tr"}
RESULT: {"using":"css selector","value":"tbody tr"}
COMMAND: POST /session/ea34035ac636835a644a5767f83f1a0a/element/FA5EEAF8BCF18107416B43BB4DBF1058_element_71/element - {"using":"css selector","value":"thead tr"}
RESULT: {"using":"css selector","value":"thead tr"}
COMMAND: POST /session/ea34035ac636835a644a5767f83f1a0a/element/FA5EEAF8BCF18107416B43BB4DBF1058_element_72/elements - {"using":"css selector","value":"th"}
RESULT: {"using":"css selector","value":"th"}
COMMAND: GET /session/ea34035ac636835a644a5767f83f1a0a/element/FA5EEAF8BCF18107416B43BB4DBF1058_element_73/text - {}
COMMAND: GET /session/ea34035ac636835a644a5767f83f1a0a/element/FA5EEAF8BCF18107416B43BB4DBF1058_element_74/text - {}
COMMAND: GET /session/ea34035ac636835a644a5767f83f1a0a/element/FA5EEAF8BCF18107416B43BB4DBF1058_element_76/text - {}
COMMAND: GET /session/ea34035ac636835a644a5767f83f1a0a/element/FA5EEAF8BCF18107416B43BB4DBF1058_element_75/text - {}
COMMAND: GET /session/ea34035ac636835a644a5767f83f1a0a/element/FA5EEAF8BCF18107416B43BB4DBF1058_element_77/text - {}
RESULT: {}
RESULT: {}
RESULT: {}
RESULT: {}
RESULT: {}
]]></system-out>
      <system-err><![CDATA[
TypeError: Cannot read properties of undefined (reading 'Line item')
    at assertReconciliationTableData (file:///home/runner/work/di-billing-transaction-monitoring/di-billing-transaction-monitoring/ui-tests/specs/invoice.spec.ts:162:23)
    at validateTableDataWithAssertions (file:///home/runner/work/di-billing-transaction-monitoring/di-billing-transaction-monitoring/ui-tests/specs/invoice.spec.ts:154:5)
    at runMicrotasks (<anonymous>)
    at processTicksAndRejections (node:internal/process/task_queues:96:5)
    at async Context.<anonymous> (file:///home/runner/work/di-billing-transaction-monitoring/di-billing-transaction-monitoring/ui-tests/specs/invoice.spec.ts:98:9)
]]></system-err>
    </testcase>
    <testcase classname="chrome.117_0_5938_132.linux.Invoice_Page_Test.Vendor:_Vendor_Three,Invoice:2023-03" name="should validate quantity events table data" time="0.825">
      <failure/>
      <error message="Cannot read properties of undefined (reading 'Line item')"/>
      <system-out><![CDATA[
COMMAND: POST /session/ea34035ac636835a644a5767f83f1a0a/url - {"url":"https://pr-509.btm.dev.account.gov.uk/contracts/3/invoices/2023-03"}
RESULT: {"url":"https://pr-509.btm.dev.account.gov.uk/contracts/3/invoices/2023-03"}
COMMAND: POST /session/ea34035ac636835a644a5767f83f1a0a/execute/sync - {"script":"return (() => document.readyState === \"complete\").apply(null, arguments)","args":[]}
RESULT: {"script":"return (() => document.readyState === \"complete\").apply(null, arguments)","args":[]}
COMMAND: GET /session/ea34035ac636835a644a5767f83f1a0a/url - {}
RESULT: {}
COMMAND: POST /session/ea34035ac636835a644a5767f83f1a0a/element - {"using":"css selector","value":".govuk-heading-xl"}
RESULT: {"using":"css selector","value":".govuk-heading-xl"}
COMMAND: POST /session/ea34035ac636835a644a5767f83f1a0a/execute/sync - {"script":"return (function isElementDisplayed(element) {\n    function nodeIsElement(node) {\n        if (!node) {\n            return false;\n        }\n        switch (node.nodeType) {\n            case Node.ELEMEN ... (7807 more bytes)","args":[{"element-6066-11e4-a52e-4f735466cecf":"256C3A717D5D2C1189A382F6A0C6A4C7_element_80","ELEMENT":"256C3A717D5D2C1189A382F6A0C6A4C7_element_80"}]}
RESULT: {"script":"return (function isElementDisplayed(element) {\n    function nodeIsElement(node) {\n        if (!node) {\n            return false;\n        }\n        switch (node.nodeType) {\n            case Node.ELEMEN ... (7807 more bytes)","args":[{"element-6066-11e4-a52e-4f735466cecf":"256C3A717D5D2C1189A382F6A0C6A4C7_element_80","ELEMENT":"256C3A717D5D2C1189A382F6A0C6A4C7_element_80"}]}
COMMAND: POST /session/ea34035ac636835a644a5767f83f1a0a/element - {"using":"css selector","value":".govuk-heading-xl"}
RESULT: {"using":"css selector","value":".govuk-heading-xl"}
COMMAND: GET /session/ea34035ac636835a644a5767f83f1a0a/element/256C3A717D5D2C1189A382F6A0C6A4C7_element_80/text - {}
RESULT: {}
COMMAND: POST /session/ea34035ac636835a644a5767f83f1a0a/element - {"using":"xpath","value":".//caption[contains(., \"Quantity (events)\") and not(.//caption)]"}
RESULT: {"using":"xpath","value":".//caption[contains(., \"Quantity (events)\") and not(.//caption)]"}
COMMAND: POST /session/ea34035ac636835a644a5767f83f1a0a/execute/sync - {"script":"return (function (elem, id) {\n        return (function parentElement() {\n        return this.parentElement;\n    }).call(elem, id);\n    }).apply(null, arguments)","args":[{"element-6066-11e4-a52e-4f735466cecf":"256C3A717D5D2C1189A382F6A0C6A4C7_element_81","ELEMENT":"256C3A717D5D2C1189A382F6A0C6A4C7_element_81"}]}
RESULT: {"script":"return (function (elem, id) {\n        return (function parentElement() {\n        return this.parentElement;\n    }).call(elem, id);\n    }).apply(null, arguments)","args":[{"element-6066-11e4-a52e-4f735466cecf":"256C3A717D5D2C1189A382F6A0C6A4C7_element_81","ELEMENT":"256C3A717D5D2C1189A382F6A0C6A4C7_element_81"}]}
COMMAND: POST /session/ea34035ac636835a644a5767f83f1a0a/execute/sync - {"script":"return (function isElementDisplayed(element) {\n    function nodeIsElement(node) {\n        if (!node) {\n            return false;\n        }\n        switch (node.nodeType) {\n            case Node.ELEMEN ... (7807 more bytes)","args":[{"element-6066-11e4-a52e-4f735466cecf":"256C3A717D5D2C1189A382F6A0C6A4C7_element_82","ELEMENT":"256C3A717D5D2C1189A382F6A0C6A4C7_element_82"}]}
RESULT: {"script":"return (function isElementDisplayed(element) {\n    function nodeIsElement(node) {\n        if (!node) {\n            return false;\n        }\n        switch (node.nodeType) {\n            case Node.ELEMEN ... (7807 more bytes)","args":[{"element-6066-11e4-a52e-4f735466cecf":"256C3A717D5D2C1189A382F6A0C6A4C7_element_82","ELEMENT":"256C3A717D5D2C1189A382F6A0C6A4C7_element_82"}]}
COMMAND: POST /session/ea34035ac636835a644a5767f83f1a0a/element/256C3A717D5D2C1189A382F6A0C6A4C7_element_82/elements - {"using":"css selector","value":"tbody tr"}
RESULT: {"using":"css selector","value":"tbody tr"}
COMMAND: POST /session/ea34035ac636835a644a5767f83f1a0a/element/256C3A717D5D2C1189A382F6A0C6A4C7_element_82/element - {"using":"css selector","value":"thead tr"}
RESULT: {"using":"css selector","value":"thead tr"}
COMMAND: POST /session/ea34035ac636835a644a5767f83f1a0a/element/256C3A717D5D2C1189A382F6A0C6A4C7_element_83/elements - {"using":"css selector","value":"th"}
RESULT: {"using":"css selector","value":"th"}
COMMAND: GET /session/ea34035ac636835a644a5767f83f1a0a/element/256C3A717D5D2C1189A382F6A0C6A4C7_element_84/text - {}
COMMAND: GET /session/ea34035ac636835a644a5767f83f1a0a/element/256C3A717D5D2C1189A382F6A0C6A4C7_element_85/text - {}
COMMAND: GET /session/ea34035ac636835a644a5767f83f1a0a/element/256C3A717D5D2C1189A382F6A0C6A4C7_element_87/text - {}
COMMAND: GET /session/ea34035ac636835a644a5767f83f1a0a/element/256C3A717D5D2C1189A382F6A0C6A4C7_element_86/text - {}
RESULT: {}
RESULT: {}
RESULT: {}
RESULT: {}
]]></system-out>
      <system-err><![CDATA[
TypeError: Cannot read properties of undefined (reading 'Line item')
    at assertQuantityTableData (file:///home/runner/work/di-billing-transaction-monitoring/di-billing-transaction-monitoring/ui-tests/specs/invoice.spec.ts:186:23)
    at validateTableDataWithAssertions (file:///home/runner/work/di-billing-transaction-monitoring/di-billing-transaction-monitoring/ui-tests/specs/invoice.spec.ts:154:5)
    at runMicrotasks (<anonymous>)
    at processTicksAndRejections (node:internal/process/task_queues:96:5)
    at async Context.<anonymous> (file:///home/runner/work/di-billing-transaction-monitoring/di-billing-transaction-monitoring/ui-tests/specs/invoice.spec.ts:106:9)
]]></system-err>
    </testcase>
    <testcase classname="chrome.117_0_5938_132.linux.Invoice_Page_Test.Vendor:_Vendor_Three,Invoice:2023-03" name="should validate price table data" time="0.896">
      <failure/>
      <error message="Cannot read properties of undefined (reading 'Line item')"/>
      <system-out><![CDATA[
COMMAND: POST /session/ea34035ac636835a644a5767f83f1a0a/url - {"url":"https://pr-509.btm.dev.account.gov.uk/contracts/3/invoices/2023-03"}
RESULT: {"url":"https://pr-509.btm.dev.account.gov.uk/contracts/3/invoices/2023-03"}
COMMAND: POST /session/ea34035ac636835a644a5767f83f1a0a/execute/sync - {"script":"return (() => document.readyState === \"complete\").apply(null, arguments)","args":[]}
RESULT: {"script":"return (() => document.readyState === \"complete\").apply(null, arguments)","args":[]}
COMMAND: GET /session/ea34035ac636835a644a5767f83f1a0a/url - {}
RESULT: {}
COMMAND: POST /session/ea34035ac636835a644a5767f83f1a0a/element - {"using":"css selector","value":".govuk-heading-xl"}
RESULT: {"using":"css selector","value":".govuk-heading-xl"}
COMMAND: POST /session/ea34035ac636835a644a5767f83f1a0a/execute/sync - {"script":"return (function isElementDisplayed(element) {\n    function nodeIsElement(node) {\n        if (!node) {\n            return false;\n        }\n        switch (node.nodeType) {\n            case Node.ELEMEN ... (7807 more bytes)","args":[{"element-6066-11e4-a52e-4f735466cecf":"2451A0A795C77D1344F645BE6C4EC61D_element_90","ELEMENT":"2451A0A795C77D1344F645BE6C4EC61D_element_90"}]}
RESULT: {"script":"return (function isElementDisplayed(element) {\n    function nodeIsElement(node) {\n        if (!node) {\n            return false;\n        }\n        switch (node.nodeType) {\n            case Node.ELEMEN ... (7807 more bytes)","args":[{"element-6066-11e4-a52e-4f735466cecf":"2451A0A795C77D1344F645BE6C4EC61D_element_90","ELEMENT":"2451A0A795C77D1344F645BE6C4EC61D_element_90"}]}
COMMAND: POST /session/ea34035ac636835a644a5767f83f1a0a/element - {"using":"css selector","value":".govuk-heading-xl"}
RESULT: {"using":"css selector","value":".govuk-heading-xl"}
COMMAND: GET /session/ea34035ac636835a644a5767f83f1a0a/element/2451A0A795C77D1344F645BE6C4EC61D_element_90/text - {}
RESULT: {}
COMMAND: POST /session/ea34035ac636835a644a5767f83f1a0a/element - {"using":"xpath","value":".//caption[contains(., \"Price\") and not(.//caption)]"}
RESULT: {"using":"xpath","value":".//caption[contains(., \"Price\") and not(.//caption)]"}
COMMAND: POST /session/ea34035ac636835a644a5767f83f1a0a/execute/sync - {"script":"return (function (elem, id) {\n        return (function parentElement() {\n        return this.parentElement;\n    }).call(elem, id);\n    }).apply(null, arguments)","args":[{"element-6066-11e4-a52e-4f735466cecf":"2451A0A795C77D1344F645BE6C4EC61D_element_91","ELEMENT":"2451A0A795C77D1344F645BE6C4EC61D_element_91"}]}
RESULT: {"script":"return (function (elem, id) {\n        return (function parentElement() {\n        return this.parentElement;\n    }).call(elem, id);\n    }).apply(null, arguments)","args":[{"element-6066-11e4-a52e-4f735466cecf":"2451A0A795C77D1344F645BE6C4EC61D_element_91","ELEMENT":"2451A0A795C77D1344F645BE6C4EC61D_element_91"}]}
COMMAND: POST /session/ea34035ac636835a644a5767f83f1a0a/execute/sync - {"script":"return (function isElementDisplayed(element) {\n    function nodeIsElement(node) {\n        if (!node) {\n            return false;\n        }\n        switch (node.nodeType) {\n            case Node.ELEMEN ... (7807 more bytes)","args":[{"element-6066-11e4-a52e-4f735466cecf":"2451A0A795C77D1344F645BE6C4EC61D_element_92","ELEMENT":"2451A0A795C77D1344F645BE6C4EC61D_element_92"}]}
RESULT: {"script":"return (function isElementDisplayed(element) {\n    function nodeIsElement(node) {\n        if (!node) {\n            return false;\n        }\n        switch (node.nodeType) {\n            case Node.ELEMEN ... (7807 more bytes)","args":[{"element-6066-11e4-a52e-4f735466cecf":"2451A0A795C77D1344F645BE6C4EC61D_element_92","ELEMENT":"2451A0A795C77D1344F645BE6C4EC61D_element_92"}]}
COMMAND: POST /session/ea34035ac636835a644a5767f83f1a0a/element/2451A0A795C77D1344F645BE6C4EC61D_element_92/elements - {"using":"css selector","value":"tbody tr"}
RESULT: {"using":"css selector","value":"tbody tr"}
COMMAND: POST /session/ea34035ac636835a644a5767f83f1a0a/element/2451A0A795C77D1344F645BE6C4EC61D_element_92/element - {"using":"css selector","value":"thead tr"}
RESULT: {"using":"css selector","value":"thead tr"}
COMMAND: POST /session/ea34035ac636835a644a5767f83f1a0a/element/2451A0A795C77D1344F645BE6C4EC61D_element_93/elements - {"using":"css selector","value":"th"}
RESULT: {"using":"css selector","value":"th"}
COMMAND: GET /session/ea34035ac636835a644a5767f83f1a0a/element/2451A0A795C77D1344F645BE6C4EC61D_element_94/text - {}
COMMAND: GET /session/ea34035ac636835a644a5767f83f1a0a/element/2451A0A795C77D1344F645BE6C4EC61D_element_95/text - {}
COMMAND: GET /session/ea34035ac636835a644a5767f83f1a0a/element/2451A0A795C77D1344F645BE6C4EC61D_element_97/text - {}
COMMAND: GET /session/ea34035ac636835a644a5767f83f1a0a/element/2451A0A795C77D1344F645BE6C4EC61D_element_96/text - {}
RESULT: {}
RESULT: {}
RESULT: {}
RESULT: {}
]]></system-out>
      <system-err><![CDATA[
TypeError: Cannot read properties of undefined (reading 'Line item')
    at assertPriceTableData (file:///home/runner/work/di-billing-transaction-monitoring/di-billing-transaction-monitoring/ui-tests/specs/invoice.spec.ts:199:23)
    at validateTableDataWithAssertions (file:///home/runner/work/di-billing-transaction-monitoring/di-billing-transaction-monitoring/ui-tests/specs/invoice.spec.ts:154:5)
    at runMicrotasks (<anonymous>)
    at processTicksAndRejections (node:internal/process/task_queues:96:5)
    at async Context.<anonymous> (file:///home/runner/work/di-billing-transaction-monitoring/di-billing-transaction-monitoring/ui-tests/specs/invoice.spec.ts:114:9)
]]></system-err>
    </testcase>
    <testcase classname="chrome.117_0_5938_132.linux.Invoice_Page_Test.Vendor:_Vendor_Three,Invoice:2023-03" name="should validate measured events table data" time="0.823">
      <failure/>
      <error message="Cannot read properties of undefined (reading 'Line item')"/>
      <system-out><![CDATA[
COMMAND: POST /session/ea34035ac636835a644a5767f83f1a0a/url - {"url":"https://pr-509.btm.dev.account.gov.uk/contracts/3/invoices/2023-03"}
RESULT: {"url":"https://pr-509.btm.dev.account.gov.uk/contracts/3/invoices/2023-03"}
COMMAND: POST /session/ea34035ac636835a644a5767f83f1a0a/execute/sync - {"script":"return (() => document.readyState === \"complete\").apply(null, arguments)","args":[]}
RESULT: {"script":"return (() => document.readyState === \"complete\").apply(null, arguments)","args":[]}
COMMAND: GET /session/ea34035ac636835a644a5767f83f1a0a/url - {}
RESULT: {}
COMMAND: POST /session/ea34035ac636835a644a5767f83f1a0a/element - {"using":"css selector","value":".govuk-heading-xl"}
RESULT: {"using":"css selector","value":".govuk-heading-xl"}
COMMAND: POST /session/ea34035ac636835a644a5767f83f1a0a/execute/sync - {"script":"return (function isElementDisplayed(element) {\n    function nodeIsElement(node) {\n        if (!node) {\n            return false;\n        }\n        switch (node.nodeType) {\n            case Node.ELEMEN ... (7807 more bytes)","args":[{"element-6066-11e4-a52e-4f735466cecf":"806B96CEEC97EA7277D99AC06BC8262C_element_100","ELEMENT":"806B96CEEC97EA7277D99AC06BC8262C_element_100"}]}
RESULT: {"script":"return (function isElementDisplayed(element) {\n    function nodeIsElement(node) {\n        if (!node) {\n            return false;\n        }\n        switch (node.nodeType) {\n            case Node.ELEMEN ... (7807 more bytes)","args":[{"element-6066-11e4-a52e-4f735466cecf":"806B96CEEC97EA7277D99AC06BC8262C_element_100","ELEMENT":"806B96CEEC97EA7277D99AC06BC8262C_element_100"}]}
COMMAND: POST /session/ea34035ac636835a644a5767f83f1a0a/element - {"using":"css selector","value":".govuk-heading-xl"}
RESULT: {"using":"css selector","value":".govuk-heading-xl"}
COMMAND: GET /session/ea34035ac636835a644a5767f83f1a0a/element/806B96CEEC97EA7277D99AC06BC8262C_element_100/text - {}
RESULT: {}
COMMAND: POST /session/ea34035ac636835a644a5767f83f1a0a/element - {"using":"xpath","value":".//caption[contains(., \"Measured (events)\") and not(.//caption)]"}
RESULT: {"using":"xpath","value":".//caption[contains(., \"Measured (events)\") and not(.//caption)]"}
COMMAND: POST /session/ea34035ac636835a644a5767f83f1a0a/execute/sync - {"script":"return (function (elem, id) {\n        return (function parentElement() {\n        return this.parentElement;\n    }).call(elem, id);\n    }).apply(null, arguments)","args":[{"element-6066-11e4-a52e-4f735466cecf":"806B96CEEC97EA7277D99AC06BC8262C_element_101","ELEMENT":"806B96CEEC97EA7277D99AC06BC8262C_element_101"}]}
RESULT: {"script":"return (function (elem, id) {\n        return (function parentElement() {\n        return this.parentElement;\n    }).call(elem, id);\n    }).apply(null, arguments)","args":[{"element-6066-11e4-a52e-4f735466cecf":"806B96CEEC97EA7277D99AC06BC8262C_element_101","ELEMENT":"806B96CEEC97EA7277D99AC06BC8262C_element_101"}]}
COMMAND: POST /session/ea34035ac636835a644a5767f83f1a0a/execute/sync - {"script":"return (function isElementDisplayed(element) {\n    function nodeIsElement(node) {\n        if (!node) {\n            return false;\n        }\n        switch (node.nodeType) {\n            case Node.ELEMEN ... (7807 more bytes)","args":[{"element-6066-11e4-a52e-4f735466cecf":"806B96CEEC97EA7277D99AC06BC8262C_element_102","ELEMENT":"806B96CEEC97EA7277D99AC06BC8262C_element_102"}]}
RESULT: {"script":"return (function isElementDisplayed(element) {\n    function nodeIsElement(node) {\n        if (!node) {\n            return false;\n        }\n        switch (node.nodeType) {\n            case Node.ELEMEN ... (7807 more bytes)","args":[{"element-6066-11e4-a52e-4f735466cecf":"806B96CEEC97EA7277D99AC06BC8262C_element_102","ELEMENT":"806B96CEEC97EA7277D99AC06BC8262C_element_102"}]}
COMMAND: POST /session/ea34035ac636835a644a5767f83f1a0a/element/806B96CEEC97EA7277D99AC06BC8262C_element_102/elements - {"using":"css selector","value":"tbody tr"}
RESULT: {"using":"css selector","value":"tbody tr"}
COMMAND: POST /session/ea34035ac636835a644a5767f83f1a0a/element/806B96CEEC97EA7277D99AC06BC8262C_element_102/element - {"using":"css selector","value":"thead tr"}
RESULT: {"using":"css selector","value":"thead tr"}
COMMAND: POST /session/ea34035ac636835a644a5767f83f1a0a/element/806B96CEEC97EA7277D99AC06BC8262C_element_103/elements - {"using":"css selector","value":"th"}
RESULT: {"using":"css selector","value":"th"}
COMMAND: GET /session/ea34035ac636835a644a5767f83f1a0a/element/806B96CEEC97EA7277D99AC06BC8262C_element_104/text - {}
COMMAND: GET /session/ea34035ac636835a644a5767f83f1a0a/element/806B96CEEC97EA7277D99AC06BC8262C_element_105/text - {}
RESULT: {}
RESULT: {}
]]></system-out>
      <system-err><![CDATA[
TypeError: Cannot read properties of undefined (reading 'Line item')
    at assertMeasuredTableData (file:///home/runner/work/di-billing-transaction-monitoring/di-billing-transaction-monitoring/ui-tests/specs/invoice.spec.ts:212:23)
    at validateTableDataWithAssertions (file:///home/runner/work/di-billing-transaction-monitoring/di-billing-transaction-monitoring/ui-tests/specs/invoice.spec.ts:154:5)
    at runMicrotasks (<anonymous>)
    at processTicksAndRejections (node:internal/process/task_queues:96:5)
    at async Context.<anonymous> (file:///home/runner/work/di-billing-transaction-monitoring/di-billing-transaction-monitoring/ui-tests/specs/invoice.spec.ts:122:9)
]]></system-err>
    </testcase>
    <testcase classname="chrome.117_0_5938_132.linux.Invoice_Page_Test.Vendor:_Vendor_Three,Invoice:2023-03" name="should validate invoice table data" time="0.941">
      <failure/>
      <error message="expect(received).toEqual(expected) // deep equality&#xA;&#xA;Expected: &quot;Passport check&quot;&#xA;Received: &quot;Total&quot;"/>
      <system-out><![CDATA[
COMMAND: POST /session/ea34035ac636835a644a5767f83f1a0a/url - {"url":"https://pr-509.btm.dev.account.gov.uk/contracts/3/invoices/2023-03"}
RESULT: {"url":"https://pr-509.btm.dev.account.gov.uk/contracts/3/invoices/2023-03"}
COMMAND: POST /session/ea34035ac636835a644a5767f83f1a0a/execute/sync - {"script":"return (() => document.readyState === \"complete\").apply(null, arguments)","args":[]}
RESULT: {"script":"return (() => document.readyState === \"complete\").apply(null, arguments)","args":[]}
COMMAND: GET /session/ea34035ac636835a644a5767f83f1a0a/url - {}
RESULT: {}
COMMAND: POST /session/ea34035ac636835a644a5767f83f1a0a/element - {"using":"css selector","value":".govuk-heading-xl"}
RESULT: {"using":"css selector","value":".govuk-heading-xl"}
COMMAND: POST /session/ea34035ac636835a644a5767f83f1a0a/execute/sync - {"script":"return (function isElementDisplayed(element) {\n    function nodeIsElement(node) {\n        if (!node) {\n            return false;\n        }\n        switch (node.nodeType) {\n            case Node.ELEMEN ... (7807 more bytes)","args":[{"element-6066-11e4-a52e-4f735466cecf":"02A07F1E25349A4CA064B640CDC3590F_element_108","ELEMENT":"02A07F1E25349A4CA064B640CDC3590F_element_108"}]}
RESULT: {"script":"return (function isElementDisplayed(element) {\n    function nodeIsElement(node) {\n        if (!node) {\n            return false;\n        }\n        switch (node.nodeType) {\n            case Node.ELEMEN ... (7807 more bytes)","args":[{"element-6066-11e4-a52e-4f735466cecf":"02A07F1E25349A4CA064B640CDC3590F_element_108","ELEMENT":"02A07F1E25349A4CA064B640CDC3590F_element_108"}]}
COMMAND: POST /session/ea34035ac636835a644a5767f83f1a0a/element - {"using":"css selector","value":".govuk-heading-xl"}
RESULT: {"using":"css selector","value":".govuk-heading-xl"}
COMMAND: GET /session/ea34035ac636835a644a5767f83f1a0a/element/02A07F1E25349A4CA064B640CDC3590F_element_108/text - {}
RESULT: {}
COMMAND: POST /session/ea34035ac636835a644a5767f83f1a0a/element - {"using":"xpath","value":".//caption[contains(., \"Invoice\") and not(.//caption)]"}
RESULT: {"using":"xpath","value":".//caption[contains(., \"Invoice\") and not(.//caption)]"}
COMMAND: POST /session/ea34035ac636835a644a5767f83f1a0a/execute/sync - {"script":"return (function (elem, id) {\n        return (function parentElement() {\n        return this.parentElement;\n    }).call(elem, id);\n    }).apply(null, arguments)","args":[{"element-6066-11e4-a52e-4f735466cecf":"02A07F1E25349A4CA064B640CDC3590F_element_109","ELEMENT":"02A07F1E25349A4CA064B640CDC3590F_element_109"}]}
RESULT: {"script":"return (function (elem, id) {\n        return (function parentElement() {\n        return this.parentElement;\n    }).call(elem, id);\n    }).apply(null, arguments)","args":[{"element-6066-11e4-a52e-4f735466cecf":"02A07F1E25349A4CA064B640CDC3590F_element_109","ELEMENT":"02A07F1E25349A4CA064B640CDC3590F_element_109"}]}
COMMAND: POST /session/ea34035ac636835a644a5767f83f1a0a/execute/sync - {"script":"return (function isElementDisplayed(element) {\n    function nodeIsElement(node) {\n        if (!node) {\n            return false;\n        }\n        switch (node.nodeType) {\n            case Node.ELEMEN ... (7807 more bytes)","args":[{"element-6066-11e4-a52e-4f735466cecf":"02A07F1E25349A4CA064B640CDC3590F_element_110","ELEMENT":"02A07F1E25349A4CA064B640CDC3590F_element_110"}]}
RESULT: {"script":"return (function isElementDisplayed(element) {\n    function nodeIsElement(node) {\n        if (!node) {\n            return false;\n        }\n        switch (node.nodeType) {\n            case Node.ELEMEN ... (7807 more bytes)","args":[{"element-6066-11e4-a52e-4f735466cecf":"02A07F1E25349A4CA064B640CDC3590F_element_110","ELEMENT":"02A07F1E25349A4CA064B640CDC3590F_element_110"}]}
COMMAND: POST /session/ea34035ac636835a644a5767f83f1a0a/element/02A07F1E25349A4CA064B640CDC3590F_element_110/elements - {"using":"css selector","value":"tbody tr"}
RESULT: {"using":"css selector","value":"tbody tr"}
COMMAND: POST /session/ea34035ac636835a644a5767f83f1a0a/element/02A07F1E25349A4CA064B640CDC3590F_element_110/element - {"using":"css selector","value":"thead tr"}
RESULT: {"using":"css selector","value":"thead tr"}
COMMAND: POST /session/ea34035ac636835a644a5767f83f1a0a/element/02A07F1E25349A4CA064B640CDC3590F_element_112/elements - {"using":"css selector","value":"th"}
RESULT: {"using":"css selector","value":"th"}
COMMAND: GET /session/ea34035ac636835a644a5767f83f1a0a/element/02A07F1E25349A4CA064B640CDC3590F_element_113/text - {}
COMMAND: GET /session/ea34035ac636835a644a5767f83f1a0a/element/02A07F1E25349A4CA064B640CDC3590F_element_114/text - {}
COMMAND: GET /session/ea34035ac636835a644a5767f83f1a0a/element/02A07F1E25349A4CA064B640CDC3590F_element_116/text - {}
COMMAND: GET /session/ea34035ac636835a644a5767f83f1a0a/element/02A07F1E25349A4CA064B640CDC3590F_element_115/text - {}
COMMAND: GET /session/ea34035ac636835a644a5767f83f1a0a/element/02A07F1E25349A4CA064B640CDC3590F_element_117/text - {}
RESULT: {}
RESULT: {}
RESULT: {}
RESULT: {}
RESULT: {}
COMMAND: POST /session/ea34035ac636835a644a5767f83f1a0a/element/02A07F1E25349A4CA064B640CDC3590F_element_111/elements - {"using":"css selector","value":"th,td"}
RESULT: {"using":"css selector","value":"th,td"}
COMMAND: GET /session/ea34035ac636835a644a5767f83f1a0a/element/02A07F1E25349A4CA064B640CDC3590F_element_118/text - {}
RESULT: {}
COMMAND: GET /session/ea34035ac636835a644a5767f83f1a0a/element/02A07F1E25349A4CA064B640CDC3590F_element_119/text - {}
RESULT: {}
COMMAND: GET /session/ea34035ac636835a644a5767f83f1a0a/element/02A07F1E25349A4CA064B640CDC3590F_element_120/text - {}
RESULT: {}
COMMAND: GET /session/ea34035ac636835a644a5767f83f1a0a/element/02A07F1E25349A4CA064B640CDC3590F_element_121/text - {}
RESULT: {}
COMMAND: GET /session/ea34035ac636835a644a5767f83f1a0a/element/02A07F1E25349A4CA064B640CDC3590F_element_122/text - {}
RESULT: {}
]]></system-out>
      <system-err><![CDATA[
Error: expect(received).toEqual(expected) // deep equality

Expected: "Passport check"
Received: "Total"
    at expectEqual (file:///home/runner/work/di-billing-transaction-monitoring/di-billing-transaction-monitoring/ui-tests/utils/customTestAssertion.ts:12:20)
    at assertInvoiceTableData (file:///home/runner/work/di-billing-transaction-monitoring/di-billing-transaction-monitoring/ui-tests/specs/invoice.spec.ts:220:3)
    at validateTableDataWithAssertions (file:///home/runner/work/di-billing-transaction-monitoring/di-billing-transaction-monitoring/ui-tests/specs/invoice.spec.ts:154:5)
    at runMicrotasks (<anonymous>)
    at processTicksAndRejections (node:internal/process/task_queues:96:5)
    at async Context.<anonymous> (file:///home/runner/work/di-billing-transaction-monitoring/di-billing-transaction-monitoring/ui-tests/specs/invoice.spec.ts:130:9)
]]></system-err>
    </testcase>
  </testsuite>
  <testsuite name="Vendor Vendor Three Invoice 2005 08" timestamp="2023-10-11T07:58:16" time="5.988" tests="6" failures="6" errors="6" skipped="0">
    <properties>
      <property name="specId" value="0"/>
      <property name="suiteName" value="Vendor: Vendor Three,Invoice:2005-08"/>
      <property name="capabilities" value="chrome.117_0_5938_132.linux"/>
      <property name="file" value="file://./ui-tests/specs/invoice.spec.ts"/>
    </properties>
    <testcase classname="chrome.117_0_5938_132.linux.Invoice_Page_Test.Vendor:_Vendor_Three,Invoice:2005-08" name="should display correct status banner color and message" time="1.82">
      <failure/>
      <error message="expect(received).toEqual(expected) // deep equality&#xA;&#xA;Expected: &quot;Invoice data missing&quot;&#xA;Received: &quot;Invoice and events missing&quot;"/>
      <system-out><![CDATA[
COMMAND: POST /session/ea34035ac636835a644a5767f83f1a0a/url - {"url":"https://pr-509.btm.dev.account.gov.uk/contracts/3/invoices/2005-08"}
RESULT: {"url":"https://pr-509.btm.dev.account.gov.uk/contracts/3/invoices/2005-08"}
COMMAND: POST /session/ea34035ac636835a644a5767f83f1a0a/execute/sync - {"script":"return (() => document.readyState === \"complete\").apply(null, arguments)","args":[]}
RESULT: {"script":"return (() => document.readyState === \"complete\").apply(null, arguments)","args":[]}
COMMAND: GET /session/ea34035ac636835a644a5767f83f1a0a/url - {}
RESULT: {}
COMMAND: POST /session/ea34035ac636835a644a5767f83f1a0a/element - {"using":"css selector","value":".govuk-heading-xl"}
RESULT: {"using":"css selector","value":".govuk-heading-xl"}
COMMAND: POST /session/ea34035ac636835a644a5767f83f1a0a/execute/sync - {"script":"return (function isElementDisplayed(element) {\n    function nodeIsElement(node) {\n        if (!node) {\n            return false;\n        }\n        switch (node.nodeType) {\n            case Node.ELEMEN ... (7807 more bytes)","args":[{"element-6066-11e4-a52e-4f735466cecf":"B4AD2012D7896E27AF79EF093F915179_element_125","ELEMENT":"B4AD2012D7896E27AF79EF093F915179_element_125"}]}
RESULT: {"script":"return (function isElementDisplayed(element) {\n    function nodeIsElement(node) {\n        if (!node) {\n            return false;\n        }\n        switch (node.nodeType) {\n            case Node.ELEMEN ... (7807 more bytes)","args":[{"element-6066-11e4-a52e-4f735466cecf":"B4AD2012D7896E27AF79EF093F915179_element_125","ELEMENT":"B4AD2012D7896E27AF79EF093F915179_element_125"}]}
COMMAND: POST /session/ea34035ac636835a644a5767f83f1a0a/element - {"using":"css selector","value":".govuk-heading-xl"}
RESULT: {"using":"css selector","value":".govuk-heading-xl"}
COMMAND: GET /session/ea34035ac636835a644a5767f83f1a0a/element/B4AD2012D7896E27AF79EF093F915179_element_125/text - {}
RESULT: {}
COMMAND: POST /session/ea34035ac636835a644a5767f83f1a0a/element - {"using":"css selector","value":"h2.govuk-panel__title"}
RESULT: {"using":"css selector","value":"h2.govuk-panel__title"}
COMMAND: POST /session/ea34035ac636835a644a5767f83f1a0a/execute/sync - {"script":"return (function isElementDisplayed(element) {\n    function nodeIsElement(node) {\n        if (!node) {\n            return false;\n        }\n        switch (node.nodeType) {\n            case Node.ELEMEN ... (7807 more bytes)","args":[{"element-6066-11e4-a52e-4f735466cecf":"B4AD2012D7896E27AF79EF093F915179_element_126","ELEMENT":"B4AD2012D7896E27AF79EF093F915179_element_126"}]}
RESULT: {"script":"return (function isElementDisplayed(element) {\n    function nodeIsElement(node) {\n        if (!node) {\n            return false;\n        }\n        switch (node.nodeType) {\n            case Node.ELEMEN ... (7807 more bytes)","args":[{"element-6066-11e4-a52e-4f735466cecf":"B4AD2012D7896E27AF79EF093F915179_element_126","ELEMENT":"B4AD2012D7896E27AF79EF093F915179_element_126"}]}
COMMAND: POST /session/ea34035ac636835a644a5767f83f1a0a/element - {"using":"css selector","value":"h2.govuk-panel__title"}
RESULT: {"using":"css selector","value":"h2.govuk-panel__title"}
COMMAND: GET /session/ea34035ac636835a644a5767f83f1a0a/element/B4AD2012D7896E27AF79EF093F915179_element_126/text - {}
RESULT: {}
]]></system-out>
      <system-err><![CDATA[
Error: expect(received).toEqual(expected) // deep equality

Expected: "Invoice data missing"
Received: "Invoice and events missing"
    at expectEqual (file:///home/runner/work/di-billing-transaction-monitoring/di-billing-transaction-monitoring/ui-tests/utils/customTestAssertion.ts:12:20)
    at Context.<anonymous> (file:///home/runner/work/di-billing-transaction-monitoring/di-billing-transaction-monitoring/ui-tests/specs/invoice.spec.ts:81:9)
    at runMicrotasks (<anonymous>)
    at processTicksAndRejections (node:internal/process/task_queues:96:5)
]]></system-err>
    </testcase>
    <testcase classname="chrome.117_0_5938_132.linux.Invoice_Page_Test.Vendor:_Vendor_Three,Invoice:2005-08" name="should validate reconciliation table data" time="0.903">
      <failure/>
      <error message="Cannot read properties of undefined (reading 'Line item')"/>
      <system-out><![CDATA[
COMMAND: POST /session/ea34035ac636835a644a5767f83f1a0a/url - {"url":"https://pr-509.btm.dev.account.gov.uk/contracts/3/invoices/2005-08"}
RESULT: {"url":"https://pr-509.btm.dev.account.gov.uk/contracts/3/invoices/2005-08"}
COMMAND: POST /session/ea34035ac636835a644a5767f83f1a0a/execute/sync - {"script":"return (() => document.readyState === \"complete\").apply(null, arguments)","args":[]}
RESULT: {"script":"return (() => document.readyState === \"complete\").apply(null, arguments)","args":[]}
COMMAND: GET /session/ea34035ac636835a644a5767f83f1a0a/url - {}
RESULT: {}
COMMAND: POST /session/ea34035ac636835a644a5767f83f1a0a/element - {"using":"css selector","value":".govuk-heading-xl"}
RESULT: {"using":"css selector","value":".govuk-heading-xl"}
COMMAND: POST /session/ea34035ac636835a644a5767f83f1a0a/execute/sync - {"script":"return (function isElementDisplayed(element) {\n    function nodeIsElement(node) {\n        if (!node) {\n            return false;\n        }\n        switch (node.nodeType) {\n            case Node.ELEMEN ... (7807 more bytes)","args":[{"element-6066-11e4-a52e-4f735466cecf":"C2EEF3CC02322BAFD2E0F320992E1958_element_129","ELEMENT":"C2EEF3CC02322BAFD2E0F320992E1958_element_129"}]}
RESULT: {"script":"return (function isElementDisplayed(element) {\n    function nodeIsElement(node) {\n        if (!node) {\n            return false;\n        }\n        switch (node.nodeType) {\n            case Node.ELEMEN ... (7807 more bytes)","args":[{"element-6066-11e4-a52e-4f735466cecf":"C2EEF3CC02322BAFD2E0F320992E1958_element_129","ELEMENT":"C2EEF3CC02322BAFD2E0F320992E1958_element_129"}]}
COMMAND: POST /session/ea34035ac636835a644a5767f83f1a0a/element - {"using":"css selector","value":".govuk-heading-xl"}
RESULT: {"using":"css selector","value":".govuk-heading-xl"}
COMMAND: GET /session/ea34035ac636835a644a5767f83f1a0a/element/C2EEF3CC02322BAFD2E0F320992E1958_element_129/text - {}
RESULT: {}
COMMAND: POST /session/ea34035ac636835a644a5767f83f1a0a/element - {"using":"xpath","value":".//caption[contains(., \"Reconciliation\") and not(.//caption)]"}
RESULT: {"using":"xpath","value":".//caption[contains(., \"Reconciliation\") and not(.//caption)]"}
COMMAND: POST /session/ea34035ac636835a644a5767f83f1a0a/execute/sync - {"script":"return (function (elem, id) {\n        return (function parentElement() {\n        return this.parentElement;\n    }).call(elem, id);\n    }).apply(null, arguments)","args":[{"element-6066-11e4-a52e-4f735466cecf":"C2EEF3CC02322BAFD2E0F320992E1958_element_130","ELEMENT":"C2EEF3CC02322BAFD2E0F320992E1958_element_130"}]}
RESULT: {"script":"return (function (elem, id) {\n        return (function parentElement() {\n        return this.parentElement;\n    }).call(elem, id);\n    }).apply(null, arguments)","args":[{"element-6066-11e4-a52e-4f735466cecf":"C2EEF3CC02322BAFD2E0F320992E1958_element_130","ELEMENT":"C2EEF3CC02322BAFD2E0F320992E1958_element_130"}]}
[...]
RESULT: {}
RESULT: {}
RESULT: {}
RESULT: {}
]]></system-out>
      <system-err><![CDATA[
TypeError: Cannot read properties of undefined (reading 'Line item')
    at assertQuantityTableData (file:///home/runner/work/di-billing-transaction-monitoring/di-billing-transaction-monitoring/ui-tests/specs/invoice.spec.ts:186:23)
    at validateTableDataWithAssertions (file:///home/runner/work/di-billing-transaction-monitoring/di-billing-transaction-monitoring/ui-tests/specs/invoice.spec.ts:154:5)
    at runMicrotasks (<anonymous>)
    at processTicksAndRejections (node:internal/process/task_queues:96:5)
    at async Context.<anonymous> (file:///home/runner/work/di-billing-transaction-monitoring/di-billing-transaction-monitoring/ui-tests/specs/invoice.spec.ts:106:9)
]]></system-err>
    </testcase>
    <testcase classname="chrome.117_0_5938_132.linux.Invoice_Page_Test.Vendor:_Vendor_Six,Invoice:2005-Q2" name="should validate price table data" time="1.199">
      <failure/>
      <error message="Cannot read properties of undefined (reading 'Line item')"/>
      <system-out><![CDATA[
COMMAND: POST /session/ea34035ac636835a644a5767f83f1a0a/url - {"url":"https://pr-509.btm.dev.account.gov.uk/contracts/6/invoices/2005-q2"}
RESULT: {"url":"https://pr-509.btm.dev.account.gov.uk/contracts/6/invoices/2005-q2"}
COMMAND: POST /session/ea34035ac636835a644a5767f83f1a0a/execute/sync - {"script":"return (() => document.readyState === \"complete\").apply(null, arguments)","args":[]}
RESULT: {"script":"return (() => document.readyState === \"complete\").apply(null, arguments)","args":[]}
COMMAND: GET /session/ea34035ac636835a644a5767f83f1a0a/url - {}
RESULT: {}
COMMAND: POST /session/ea34035ac636835a644a5767f83f1a0a/element - {"using":"css selector","value":".govuk-heading-xl"}
RESULT: {"using":"css selector","value":".govuk-heading-xl"}
COMMAND: POST /session/ea34035ac636835a644a5767f83f1a0a/execute/sync - {"script":"return (function isElementDisplayed(element) {\n    function nodeIsElement(node) {\n        if (!node) {\n            return false;\n        }\n        switch (node.nodeType) {\n            case Node.ELEMEN ... (7807 more bytes)","args":[{"element-6066-11e4-a52e-4f735466cecf":"D14C82229E49F9F24117AB0D414FCACC_element_1178","ELEMENT":"D14C82229E49F9F24117AB0D414FCACC_element_1178"}]}
RESULT: {"script":"return (function isElementDisplayed(element) {\n    function nodeIsElement(node) {\n        if (!node) {\n            return false;\n        }\n        switch (node.nodeType) {\n            case Node.ELEMEN ... (7807 more bytes)","args":[{"element-6066-11e4-a52e-4f735466cecf":"D14C82229E49F9F24117AB0D414FCACC_element_1178","ELEMENT":"D14C82229E49F9F24117AB0D414FCACC_element_1178"}]}
COMMAND: POST /session/ea34035ac636835a644a5767f83f1a0a/element - {"using":"css selector","value":".govuk-heading-xl"}
RESULT: {"using":"css selector","value":".govuk-heading-xl"}
COMMAND: GET /session/ea34035ac636835a644a5767f83f1a0a/element/D14C82229E49F9F24117AB0D414FCACC_element_1178/text - {}
RESULT: {}
COMMAND: POST /session/ea34035ac636835a644a5767f83f1a0a/element - {"using":"xpath","value":".//caption[contains(., \"Price\") and not(.//caption)]"}
RESULT: {"using":"xpath","value":".//caption[contains(., \"Price\") and not(.//caption)]"}
COMMAND: POST /session/ea34035ac636835a644a5767f83f1a0a/execute/sync - {"script":"return (function (elem, id) {\n        return (function parentElement() {\n        return this.parentElement;\n    }).call(elem, id);\n    }).apply(null, arguments)","args":[{"element-6066-11e4-a52e-4f735466cecf":"D14C82229E49F9F24117AB0D414FCACC_element_1179","ELEMENT":"D14C82229E49F9F24117AB0D414FCACC_element_1179"}]}
RESULT: {"script":"return (function (elem, id) {\n        return (function parentElement() {\n        return this.parentElement;\n    }).call(elem, id);\n    }).apply(null, arguments)","args":[{"element-6066-11e4-a52e-4f735466cecf":"D14C82229E49F9F24117AB0D414FCACC_element_1179","ELEMENT":"D14C82229E49F9F24117AB0D414FCACC_element_1179"}]}
COMMAND: POST /session/ea34035ac636835a644a5767f83f1a0a/execute/sync - {"script":"return (function isElementDisplayed(element) {\n    function nodeIsElement(node) {\n        if (!node) {\n            return false;\n        }\n        switch (node.nodeType) {\n            case Node.ELEMEN ... (7807 more bytes)","args":[{"element-6066-11e4-a52e-4f735466cecf":"D14C82229E49F9F24117AB0D414FCACC_element_1180","ELEMENT":"D14C82229E49F9F24117AB0D414FCACC_element_1180"}]}
RESULT: {"script":"return (function isElementDisplayed(element) {\n    function nodeIsElement(node) {\n        if (!node) {\n            return false;\n        }\n        switch (node.nodeType) {\n            case Node.ELEMEN ... (7807 more bytes)","args":[{"element-6066-11e4-a52e-4f735466cecf":"D14C82229E49F9F24117AB0D414FCACC_element_1180","ELEMENT":"D14C82229E49F9F24117AB0D414FCACC_element_1180"}]}
COMMAND: POST /session/ea34035ac636835a644a5767f83f1a0a/element/D14C82229E49F9F24117AB0D414FCACC_element_1180/elements - {"using":"css selector","value":"tbody tr"}
RESULT: {"using":"css selector","value":"tbody tr"}
COMMAND: POST /session/ea34035ac636835a644a5767f83f1a0a/element/D14C82229E49F9F24117AB0D414FCACC_element_1180/element - {"using":"css selector","value":"thead tr"}
RESULT: {"using":"css selector","value":"thead tr"}
COMMAND: POST /session/ea34035ac636835a644a5767f83f1a0a/element/D14C82229E49F9F24117AB0D414FCACC_element_1181/elements - {"using":"css selector","value":"th"}
RESULT: {"using":"css selector","value":"th"}
COMMAND: GET /session/ea34035ac636835a644a5767f83f1a0a/element/D14C82229E49F9F24117AB0D414FCACC_element_1182/text - {}
COMMAND: GET /session/ea34035ac636835a644a5767f83f1a0a/element/D14C82229E49F9F24117AB0D414FCACC_element_1183/text - {}
COMMAND: GET /session/ea34035ac636835a644a5767f83f1a0a/element/D14C82229E49F9F24117AB0D414FCACC_element_1185/text - {}
COMMAND: GET /session/ea34035ac636835a644a5767f83f1a0a/element/D14C82229E49F9F24117AB0D414FCACC_element_1184/text - {}
RESULT: {}
RESULT: {}
RESULT: {}
RESULT: {}
]]></system-out>
      <system-err><![CDATA[
TypeError: Cannot read properties of undefined (reading 'Line item')
    at assertPriceTableData (file:///home/runner/work/di-billing-transaction-monitoring/di-billing-transaction-monitoring/ui-tests/specs/invoice.spec.ts:199:23)
    at validateTableDataWithAssertions (file:///home/runner/work/di-billing-transaction-monitoring/di-billing-transaction-monitoring/ui-tests/specs/invoice.spec.ts:154:5)
    at runMicrotasks (<anonymous>)
    at processTicksAndRejections (node:internal/process/task_queues:96:5)
    at async Context.<anonymous> (file:///home/runner/work/di-billing-transaction-monitoring/di-billing-transaction-monitoring/ui-tests/specs/invoice.spec.ts:114:9)
]]></system-err>
    </testcase>
    <testcase classname="chrome.117_0_5938_132.linux.Invoice_Page_Test.Vendor:_Vendor_Six,Invoice:2005-Q2" name="should validate measured events table data" time="0.966">
      <failure/>
      <error message="Cannot read properties of undefined (reading 'Line item')"/>
      <system-out><![CDATA[
COMMAND: POST /session/ea34035ac636835a644a5767f83f1a0a/url - {"url":"https://pr-509.btm.dev.account.gov.uk/contracts/6/invoices/2005-q2"}
RESULT: {"url":"https://pr-509.btm.dev.account.gov.uk/contracts/6/invoices/2005-q2"}
COMMAND: POST /session/ea34035ac636835a644a5767f83f1a0a/execute/sync - {"script":"return (() => document.readyState === \"complete\").apply(null, arguments)","args":[]}
RESULT: {"script":"return (() => document.readyState === \"complete\").apply(null, arguments)","args":[]}
COMMAND: GET /session/ea34035ac636835a644a5767f83f1a0a/url - {}
RESULT: {}
COMMAND: POST /session/ea34035ac636835a644a5767f83f1a0a/element - {"using":"css selector","value":".govuk-heading-xl"}
RESULT: {"using":"css selector","value":".govuk-heading-xl"}
COMMAND: POST /session/ea34035ac636835a644a5767f83f1a0a/execute/sync - {"script":"return (function isElementDisplayed(element) {\n    function nodeIsElement(node) {\n        if (!node) {\n            return false;\n        }\n        switch (node.nodeType) {\n            case Node.ELEMEN ... (7807 more bytes)","args":[{"element-6066-11e4-a52e-4f735466cecf":"C2CA2B1486BEB495DEF5B5690829692C_element_1188","ELEMENT":"C2CA2B1486BEB495DEF5B5690829692C_element_1188"}]}
RESULT: {"script":"return (function isElementDisplayed(element) {\n    function nodeIsElement(node) {\n        if (!node) {\n            return false;\n        }\n        switch (node.nodeType) {\n            case Node.ELEMEN ... (7807 more bytes)","args":[{"element-6066-11e4-a52e-4f735466cecf":"C2CA2B1486BEB495DEF5B5690829692C_element_1188","ELEMENT":"C2CA2B1486BEB495DEF5B5690829692C_element_1188"}]}
COMMAND: POST /session/ea34035ac636835a644a5767f83f1a0a/element - {"using":"css selector","value":".govuk-heading-xl"}
RESULT: {"using":"css selector","value":".govuk-heading-xl"}
COMMAND: GET /session/ea34035ac636835a644a5767f83f1a0a/element/C2CA2B1486BEB495DEF5B5690829692C_element_1188/text - {}
RESULT: {}
COMMAND: POST /session/ea34035ac636835a644a5767f83f1a0a/element - {"using":"xpath","value":".//caption[contains(., \"Measured (events)\") and not(.//caption)]"}
RESULT: {"using":"xpath","value":".//caption[contains(., \"Measured (events)\") and not(.//caption)]"}
COMMAND: POST /session/ea34035ac636835a644a5767f83f1a0a/execute/sync - {"script":"return (function (elem, id) {\n        return (function parentElement() {\n        return this.parentElement;\n    }).call(elem, id);\n    }).apply(null, arguments)","args":[{"element-6066-11e4-a52e-4f735466cecf":"C2CA2B1486BEB495DEF5B5690829692C_element_1189","ELEMENT":"C2CA2B1486BEB495DEF5B5690829692C_element_1189"}]}
RESULT: {"script":"return (function (elem, id) {\n        return (function parentElement() {\n        return this.parentElement;\n    }).call(elem, id);\n    }).apply(null, arguments)","args":[{"element-6066-11e4-a52e-4f735466cecf":"C2CA2B1486BEB495DEF5B5690829692C_element_1189","ELEMENT":"C2CA2B1486BEB495DEF5B5690829692C_element_1189"}]}
COMMAND: POST /session/ea34035ac636835a644a5767f83f1a0a/execute/sync - {"script":"return (function isElementDisplayed(element) {\n    function nodeIsElement(node) {\n        if (!node) {\n            return false;\n        }\n        switch (node.nodeType) {\n            case Node.ELEMEN ... (7807 more bytes)","args":[{"element-6066-11e4-a52e-4f735466cecf":"C2CA2B1486BEB495DEF5B5690829692C_element_1190","ELEMENT":"C2CA2B1486BEB495DEF5B5690829692C_element_1190"}]}
RESULT: {"script":"return (function isElementDisplayed(element) {\n    function nodeIsElement(node) {\n        if (!node) {\n            return false;\n        }\n        switch (node.nodeType) {\n            case Node.ELEMEN ... (7807 more bytes)","args":[{"element-6066-11e4-a52e-4f735466cecf":"C2CA2B1486BEB495DEF5B5690829692C_element_1190","ELEMENT":"C2CA2B1486BEB495DEF5B5690829692C_element_1190"}]}
COMMAND: POST /session/ea34035ac636835a644a5767f83f1a0a/element/C2CA2B1486BEB495DEF5B5690829692C_element_1190/elements - {"using":"css selector","value":"tbody tr"}
RESULT: {"using":"css selector","value":"tbody tr"}
COMMAND: POST /session/ea34035ac636835a644a5767f83f1a0a/element/C2CA2B1486BEB495DEF5B5690829692C_element_1190/element - {"using":"css selector","value":"thead tr"}
RESULT: {"using":"css selector","value":"thead tr"}
COMMAND: POST /session/ea34035ac636835a644a5767f83f1a0a/element/C2CA2B1486BEB495DEF5B5690829692C_element_1191/elements - {"using":"css selector","value":"th"}
RESULT: {"using":"css selector","value":"th"}
COMMAND: GET /session/ea34035ac636835a644a5767f83f1a0a/element/C2CA2B1486BEB495DEF5B5690829692C_element_1192/text - {}
COMMAND: GET /session/ea34035ac636835a644a5767f83f1a0a/element/C2CA2B1486BEB495DEF5B5690829692C_element_1193/text - {}
RESULT: {}
RESULT: {}
]]></system-out>
      <system-err><![CDATA[
TypeError: Cannot read properties of undefined (reading 'Line item')
    at assertMeasuredTableData (file:///home/runner/work/di-billing-transaction-monitoring/di-billing-transaction-monitoring/ui-tests/specs/invoice.spec.ts:212:23)
    at validateTableDataWithAssertions (file:///home/runner/work/di-billing-transaction-monitoring/di-billing-transaction-monitoring/ui-tests/specs/invoice.spec.ts:154:5)
    at runMicrotasks (<anonymous>)
    at processTicksAndRejections (node:internal/process/task_queues:96:5)
    at async Context.<anonymous> (file:///home/runner/work/di-billing-transaction-monitoring/di-billing-transaction-monitoring/ui-tests/specs/invoice.spec.ts:122:9)
]]></system-err>
    </testcase>
    <testcase classname="chrome.117_0_5938_132.linux.Invoice_Page_Test.Vendor:_Vendor_Six,Invoice:2005-Q2" name="should validate invoice table data" time="1.465">
      <failure/>
      <error message="expect(received).toEqual(expected) // deep equality&#xA;&#xA;Expected: &quot;Six Data Validation Application&quot;&#xA;Received: &quot;Total&quot;"/>
      <system-out><![CDATA[
COMMAND: POST /session/ea34035ac636835a644a5767f83f1a0a/url - {"url":"https://pr-509.btm.dev.account.gov.uk/contracts/6/invoices/2005-q2"}
RESULT: {"url":"https://pr-509.btm.dev.account.gov.uk/contracts/6/invoices/2005-q2"}
COMMAND: POST /session/ea34035ac636835a644a5767f83f1a0a/execute/sync - {"script":"return (() => document.readyState === \"complete\").apply(null, arguments)","args":[]}
RESULT: {"script":"return (() => document.readyState === \"complete\").apply(null, arguments)","args":[]}
COMMAND: GET /session/ea34035ac636835a644a5767f83f1a0a/url - {}
RESULT: {}
COMMAND: POST /session/ea34035ac636835a644a5767f83f1a0a/element - {"using":"css selector","value":".govuk-heading-xl"}
RESULT: {"using":"css selector","value":".govuk-heading-xl"}
COMMAND: POST /session/ea34035ac636835a644a5767f83f1a0a/execute/sync - {"script":"return (function isElementDisplayed(element) {\n    function nodeIsElement(node) {\n        if (!node) {\n            return false;\n        }\n        switch (node.nodeType) {\n            case Node.ELEMEN ... (7807 more bytes)","args":[{"element-6066-11e4-a52e-4f735466cecf":"C093AC03996ADF4B7A6D9575984B31D4_element_1196","ELEMENT":"C093AC03996ADF4B7A6D9575984B31D4_element_1196"}]}
RESULT: {"script":"return (function isElementDisplayed(element) {\n    function nodeIsElement(node) {\n        if (!node) {\n            return false;\n        }\n        switch (node.nodeType) {\n            case Node.ELEMEN ... (7807 more bytes)","args":[{"element-6066-11e4-a52e-4f735466cecf":"C093AC03996ADF4B7A6D9575984B31D4_element_1196","ELEMENT":"C093AC03996ADF4B7A6D9575984B31D4_element_1196"}]}
COMMAND: POST /session/ea34035ac636835a644a5767f83f1a0a/element - {"using":"css selector","value":".govuk-heading-xl"}
RESULT: {"using":"css selector","value":".govuk-heading-xl"}
COMMAND: GET /session/ea34035ac636835a644a5767f83f1a0a/element/C093AC03996ADF4B7A6D9575984B31D4_element_1196/text - {}
RESULT: {}
COMMAND: POST /session/ea34035ac636835a644a5767f83f1a0a/element - {"using":"xpath","value":".//caption[contains(., \"Invoice\") and not(.//caption)]"}
RESULT: {"using":"xpath","value":".//caption[contains(., \"Invoice\") and not(.//caption)]"}
COMMAND: POST /session/ea34035ac636835a644a5767f83f1a0a/execute/sync - {"script":"return (function (elem, id) {\n        return (function parentElement() {\n        return this.parentElement;\n    }).call(elem, id);\n    }).apply(null, arguments)","args":[{"element-6066-11e4-a52e-4f735466cecf":"C093AC03996ADF4B7A6D9575984B31D4_element_1197","ELEMENT":"C093AC03996ADF4B7A6D9575984B31D4_element_1197"}]}
RESULT: {"script":"return (function (elem, id) {\n        return (function parentElement() {\n        return this.parentElement;\n    }).call(elem, id);\n    }).apply(null, arguments)","args":[{"element-6066-11e4-a52e-4f735466cecf":"C093AC03996ADF4B7A6D9575984B31D4_element_1197","ELEMENT":"C093AC03996ADF4B7A6D9575984B31D4_element_1197"}]}
COMMAND: POST /session/ea34035ac636835a644a5767f83f1a0a/execute/sync - {"script":"return (function isElementDisplayed(element) {\n    function nodeIsElement(node) {\n        if (!node) {\n            return false;\n        }\n        switch (node.nodeType) {\n            case Node.ELEMEN ... (7807 more bytes)","args":[{"element-6066-11e4-a52e-4f735466cecf":"C093AC03996ADF4B7A6D9575984B31D4_element_1198","ELEMENT":"C093AC03996ADF4B7A6D9575984B31D4_element_1198"}]}
RESULT: {"script":"return (function isElementDisplayed(element) {\n    function nodeIsElement(node) {\n        if (!node) {\n            return false;\n        }\n        switch (node.nodeType) {\n            case Node.ELEMEN ... (7807 more bytes)","args":[{"element-6066-11e4-a52e-4f735466cecf":"C093AC03996ADF4B7A6D9575984B31D4_element_1198","ELEMENT":"C093AC03996ADF4B7A6D9575984B31D4_element_1198"}]}
COMMAND: POST /session/ea34035ac636835a644a5767f83f1a0a/element/C093AC03996ADF4B7A6D9575984B31D4_element_1198/elements - {"using":"css selector","value":"tbody tr"}
RESULT: {"using":"css selector","value":"tbody tr"}
COMMAND: POST /session/ea34035ac636835a644a5767f83f1a0a/element/C093AC03996ADF4B7A6D9575984B31D4_element_1198/element - {"using":"css selector","value":"thead tr"}
RESULT: {"using":"css selector","value":"thead tr"}
COMMAND: POST /session/ea34035ac636835a644a5767f83f1a0a/element/C093AC03996ADF4B7A6D9575984B31D4_element_1200/elements - {"using":"css selector","value":"th"}
RESULT: {"using":"css selector","value":"th"}
COMMAND: GET /session/ea34035ac636835a644a5767f83f1a0a/element/C093AC03996ADF4B7A6D9575984B31D4_element_1201/text - {}
COMMAND: GET /session/ea34035ac636835a644a5767f83f1a0a/element/C093AC03996ADF4B7A6D9575984B31D4_element_1202/text - {}
COMMAND: GET /session/ea34035ac636835a644a5767f83f1a0a/element/C093AC03996ADF4B7A6D9575984B31D4_element_1204/text - {}
COMMAND: GET /session/ea34035ac636835a644a5767f83f1a0a/element/C093AC03996ADF4B7A6D9575984B31D4_element_1203/text - {}
COMMAND: GET /session/ea34035ac636835a644a5767f83f1a0a/element/C093AC03996ADF4B7A6D9575984B31D4_element_1205/text - {}
RESULT: {}
RESULT: {}
RESULT: {}
RESULT: {}
RESULT: {}
COMMAND: POST /session/ea34035ac636835a644a5767f83f1a0a/element/C093AC03996ADF4B7A6D9575984B31D4_element_1199/elements - {"using":"css selector","value":"th,td"}
RESULT: {"using":"css selector","value":"th,td"}
COMMAND: GET /session/ea34035ac636835a644a5767f83f1a0a/element/C093AC03996ADF4B7A6D9575984B31D4_element_1206/text - {}
RESULT: {}
COMMAND: GET /session/ea34035ac636835a644a5767f83f1a0a/element/C093AC03996ADF4B7A6D9575984B31D4_element_1207/text - {}
RESULT: {}
COMMAND: GET /session/ea34035ac636835a644a5767f83f1a0a/element/C093AC03996ADF4B7A6D9575984B31D4_element_1208/text - {}
RESULT: {}
COMMAND: GET /session/ea34035ac636835a644a5767f83f1a0a/element/C093AC03996ADF4B7A6D9575984B31D4_element_1209/text - {}
RESULT: {}
COMMAND: GET /session/ea34035ac636835a644a5767f83f1a0a/element/C093AC03996ADF4B7A6D9575984B31D4_element_1210/text - {}
RESULT: {}
COMMAND: DELETE /session/ea34035ac636835a644a5767f83f1a0a - {}
RESULT: {}
]]></system-out>
      <system-err><![CDATA[
Error: expect(received).toEqual(expected) // deep equality

Expected: "Six Data Validation Application"
Received: "Total"
    at expectEqual (file:///home/runner/work/di-billing-transaction-monitoring/di-billing-transaction-monitoring/ui-tests/utils/customTestAssertion.ts:12:20)
    at assertInvoiceTableData (file:///home/runner/work/di-billing-transaction-monitoring/di-billing-transaction-monitoring/ui-tests/specs/invoice.spec.ts:220:3)
    at validateTableDataWithAssertions (file:///home/runner/work/di-billing-transaction-monitoring/di-billing-transaction-monitoring/ui-tests/specs/invoice.spec.ts:154:5)
    at runMicrotasks (<anonymous>)
    at processTicksAndRejections (node:internal/process/task_queues:96:5)
    at async Context.<anonymous> (file:///home/runner/work/di-billing-transaction-monitoring/di-billing-transaction-monitoring/ui-tests/specs/invoice.spec.ts:130:9)
]]></system-err>
    </testcase>
  </testsuite>
</testsuites>