<?xml version="1.0" encoding="UTF-8"?>
<testsuites>
  <testsuite name="Invoice Page Test" timestamp="2023-10-10T10:43:36" time="103.946" tests="0" failures="0" errors="0" skipped="0">
    <properties>
      <property name="specId" value="0"/>
      <property name="suiteName" value="Invoice Page Test"/>
      <property name="capabilities" value="chrome.117_0_5938_132.linux"/>
      <property name="file" value="file://./ui-tests/specs/invoice.spec.ts"/>
    </properties>
  </testsuite>
  <testsuite name="Vendor Vendor Three Invoice 2005 09" timestamp="2023-10-10T10:43:36" time="13.071" tests="6" failures="0" errors="0" skipped="0">
    <properties>
      <property name="specId" value="0"/>
      <property name="suiteName" value="Vendor: Vendor Three,Invoice:2005-09"/>
      <property name="capabilities" value="chrome.117_0_5938_132.linux"/>
      <property name="file" value="file://./ui-tests/specs/invoice.spec.ts"/>
    </properties>
    <testcase classname="chrome.117_0_5938_132.linux.Invoice_Page_Test.Vendor:_Vendor_Three,Invoice:2005-09" name="should display correct status banner color and message" time="6.199">
      <system-out><![CDATA[
COMMAND: POST /session/c7d39fe55cdc56516b97ac4f9a4c0ffd/url - {"url":"https://pr-508.btm.dev.account.gov.uk/contracts/3/invoices/2005-09"}
RESULT: {"url":"https://pr-508.btm.dev.account.gov.uk/contracts/3/invoices/2005-09"}
COMMAND: POST /session/c7d39fe55cdc56516b97ac4f9a4c0ffd/execute/sync - {"script":"return (() => document.readyState === \"complete\").apply(null, arguments)","args":[]}
RESULT: {"script":"return (() => document.readyState === \"complete\").apply(null, arguments)","args":[]}
COMMAND: GET /session/c7d39fe55cdc56516b97ac4f9a4c0ffd/url - {}
RESULT: {}
COMMAND: POST /session/c7d39fe55cdc56516b97ac4f9a4c0ffd/element - {"using":"css selector","value":".govuk-heading-xl"}
RESULT: {"using":"css selector","value":".govuk-heading-xl"}
COMMAND: POST /session/c7d39fe55cdc56516b97ac4f9a4c0ffd/execute/sync - {"script":"return (function isElementDisplayed(element) {\n    function nodeIsElement(node) {\n        if (!node) {\n            return false;\n        }\n        switch (node.nodeType) {\n            case Node.ELEMEN ... (7807 more bytes)","args":[{"element-6066-11e4-a52e-4f735466cecf":"98446B4A21AFA9BFE9D3427CF06A25AA_element_4","ELEMENT":"98446B4A21AFA9BFE9D3427CF06A25AA_element_4"}]}
RESULT: {"script":"return (function isElementDisplayed(element) {\n    function nodeIsElement(node) {\n        if (!node) {\n            return false;\n        }\n        switch (node.nodeType) {\n            case Node.ELEMEN ... (7807 more bytes)","args":[{"element-6066-11e4-a52e-4f735466cecf":"98446B4A21AFA9BFE9D3427CF06A25AA_element_4","ELEMENT":"98446B4A21AFA9BFE9D3427CF06A25AA_element_4"}]}
COMMAND: POST /session/c7d39fe55cdc56516b97ac4f9a4c0ffd/element - {"using":"css selector","value":".govuk-heading-xl"}
RESULT: {"using":"css selector","value":".govuk-heading-xl"}
COMMAND: GET /session/c7d39fe55cdc56516b97ac4f9a4c0ffd/element/98446B4A21AFA9BFE9D3427CF06A25AA_element_4/text - {}
RESULT: {}
COMMAND: POST /session/c7d39fe55cdc56516b97ac4f9a4c0ffd/element - {"using":"css selector","value":"h2.govuk-panel__title"}
RESULT: {"using":"css selector","value":"h2.govuk-panel__title"}
COMMAND: POST /session/c7d39fe55cdc56516b97ac4f9a4c0ffd/execute/sync - {"script":"return (function isElementDisplayed(element) {\n    function nodeIsElement(node) {\n        if (!node) {\n            return false;\n        }\n        switch (node.nodeType) {\n            case Node.ELEMEN ... (7807 more bytes)","args":[{"element-6066-11e4-a52e-4f735466cecf":"98446B4A21AFA9BFE9D3427CF06A25AA_element_5","ELEMENT":"98446B4A21AFA9BFE9D3427CF06A25AA_element_5"}]}
RESULT: {"script":"return (function isElementDisplayed(element) {\n    function nodeIsElement(node) {\n        if (!node) {\n            return false;\n        }\n        switch (node.nodeType) {\n            case Node.ELEMEN ... (7807 more bytes)","args":[{"element-6066-11e4-a52e-4f735466cecf":"98446B4A21AFA9BFE9D3427CF06A25AA_element_5","ELEMENT":"98446B4A21AFA9BFE9D3427CF06A25AA_element_5"}]}
COMMAND: POST /session/c7d39fe55cdc56516b97ac4f9a4c0ffd/element - {"using":"css selector","value":"h2.govuk-panel__title"}
RESULT: {"using":"css selector","value":"h2.govuk-panel__title"}
COMMAND: GET /session/c7d39fe55cdc56516b97ac4f9a4c0ffd/element/98446B4A21AFA9BFE9D3427CF06A25AA_element_5/text - {}
RESULT: {}
COMMAND: POST /session/c7d39fe55cdc56516b97ac4f9a4c0ffd/element - {"using":"css selector","value":".govuk-panel"}
RESULT: {"using":"css selector","value":".govuk-panel"}
COMMAND: POST /session/c7d39fe55cdc56516b97ac4f9a4c0ffd/execute/sync - {"script":"return (function isElementDisplayed(element) {\n    function nodeIsElement(node) {\n        if (!node) {\n            return false;\n        }\n        switch (node.nodeType) {\n            case Node.ELEMEN ... (7807 more bytes)","args":[{"element-6066-11e4-a52e-4f735466cecf":"98446B4A21AFA9BFE9D3427CF06A25AA_element_2","ELEMENT":"98446B4A21AFA9BFE9D3427CF06A25AA_element_2"}]}
RESULT: {"script":"return (function isElementDisplayed(element) {\n    function nodeIsElement(node) {\n        if (!node) {\n            return false;\n        }\n        switch (node.nodeType) {\n            case Node.ELEMEN ... (7807 more bytes)","args":[{"element-6066-11e4-a52e-4f735466cecf":"98446B4A21AFA9BFE9D3427CF06A25AA_element_2","ELEMENT":"98446B4A21AFA9BFE9D3427CF06A25AA_element_2"}]}
COMMAND: GET /session/c7d39fe55cdc56516b97ac4f9a4c0ffd/element/98446B4A21AFA9BFE9D3427CF06A25AA_element_2/css/background-color - {}
RESULT: {}
]]></system-out>
    </testcase>
    <testcase classname="chrome.117_0_5938_132.linux.Invoice_Page_Test.Vendor:_Vendor_Three,Invoice:2005-09" name="should validate reconciliation table data" time="2.242">
      <system-out><![CDATA[
COMMAND: POST /session/c7d39fe55cdc56516b97ac4f9a4c0ffd/url - {"url":"https://pr-508.btm.dev.account.gov.uk/contracts/3/invoices/2005-09"}
RESULT: {"url":"https://pr-508.btm.dev.account.gov.uk/contracts/3/invoices/2005-09"}
COMMAND: POST /session/c7d39fe55cdc56516b97ac4f9a4c0ffd/execute/sync - {"script":"return (() => document.readyState === \"complete\").apply(null, arguments)","args":[]}
RESULT: {"script":"return (() => document.readyState === \"complete\").apply(null, arguments)","args":[]}
COMMAND: GET /session/c7d39fe55cdc56516b97ac4f9a4c0ffd/url - {}
RESULT: {}
COMMAND: POST /session/c7d39fe55cdc56516b97ac4f9a4c0ffd/element - {"using":"css selector","value":".govuk-heading-xl"}
RESULT: {"using":"css selector","value":".govuk-heading-xl"}
COMMAND: POST /session/c7d39fe55cdc56516b97ac4f9a4c0ffd/execute/sync - {"script":"return (function isElementDisplayed(element) {\n    function nodeIsElement(node) {\n        if (!node) {\n            return false;\n        }\n        switch (node.nodeType) {\n            case Node.ELEMEN ... (7807 more bytes)","args":[{"element-6066-11e4-a52e-4f735466cecf":"607D6FF3D88F9A5EEC0C34B2AEF61492_element_9","ELEMENT":"607D6FF3D88F9A5EEC0C34B2AEF61492_element_9"}]}
RESULT: {"script":"return (function isElementDisplayed(element) {\n    function nodeIsElement(node) {\n        if (!node) {\n            return false;\n        }\n        switch (node.nodeType) {\n            case Node.ELEMEN ... (7807 more bytes)","args":[{"element-6066-11e4-a52e-4f735466cecf":"607D6FF3D88F9A5EEC0C34B2AEF61492_element_9","ELEMENT":"607D6FF3D88F9A5EEC0C34B2AEF61492_element_9"}]}
COMMAND: POST /session/c7d39fe55cdc56516b97ac4f9a4c0ffd/element - {"using":"css selector","value":".govuk-heading-xl"}
RESULT: {"using":"css selector","value":".govuk-heading-xl"}
COMMAND: GET /session/c7d39fe55cdc56516b97ac4f9a4c0ffd/element/607D6FF3D88F9A5EEC0C34B2AEF61492_element_9/text - {}
RESULT: {}
COMMAND: POST /session/c7d39fe55cdc56516b97ac4f9a4c0ffd/element - {"using":"xpath","value":".//caption[contains(., \"Reconciliation\") and not(.//caption)]"}
RESULT: {"using":"xpath","value":".//caption[contains(., \"Reconciliation\") and not(.//caption)]"}
COMMAND: POST /session/c7d39fe55cdc56516b97ac4f9a4c0ffd/execute/sync - {"script":"return (function (elem, id) {\n        return (function parentElement() {\n        return this.parentElement;\n    }).call(elem, id);\n    }).apply(null, arguments)","args":[{"element-6066-11e4-a52e-4f735466cecf":"607D6FF3D88F9A5EEC0C34B2AEF61492_element_10","ELEMENT":"607D6FF3D88F9A5EEC0C34B2AEF61492_element_10"}]}
RESULT: {"script":"return (function (elem, id) {\n        return (function parentElement() {\n        return this.parentElement;\n    }).call(elem, id);\n    }).apply(null, arguments)","args":[{"element-6066-11e4-a52e-4f735466cecf":"607D6FF3D88F9A5EEC0C34B2AEF61492_element_10","ELEMENT":"607D6FF3D88F9A5EEC0C34B2AEF61492_element_10"}]}
COMMAND: POST /session/c7d39fe55cdc56516b97ac4f9a4c0ffd/execute/sync - {"script":"return (function isElementDisplayed(element) {\n    function nodeIsElement(node) {\n        if (!node) {\n            return false;\n        }\n        switch (node.nodeType) {\n            case Node.ELEMEN ... (7807 more bytes)","args":[{"element-6066-11e4-a52e-4f735466cecf":"607D6FF3D88F9A5EEC0C34B2AEF61492_element_8","ELEMENT":"607D6FF3D88F9A5EEC0C34B2AEF61492_element_8"}]}
RESULT: {"script":"return (function isElementDisplayed(element) {\n    function nodeIsElement(node) {\n        if (!node) {\n            return false;\n        }\n        switch (node.nodeType) {\n            case Node.ELEMEN ... (7807 more bytes)","args":[{"element-6066-11e4-a52e-4f735466cecf":"607D6FF3D88F9A5EEC0C34B2AEF61492_element_8","ELEMENT":"607D6FF3D88F9A5EEC0C34B2AEF61492_element_8"}]}
COMMAND: POST /session/c7d39fe55cdc56516b97ac4f9a4c0ffd/element/607D6FF3D88F9A5EEC0C34B2AEF61492_element_8/elements - {"using":"css selector","value":"tbody tr"}
RESULT: {"using":"css selector","value":"tbody tr"}
COMMAND: POST /session/c7d39fe55cdc56516b97ac4f9a4c0ffd/element/607D6FF3D88F9A5EEC0C34B2AEF61492_element_8/element - {"using":"css selector","value":"thead tr"}
RESULT: {"using":"css selector","value":"thead tr"}
COMMAND: POST /session/c7d39fe55cdc56516b97ac4f9a4c0ffd/element/607D6FF3D88F9A5EEC0C34B2AEF61492_element_12/elements - {"using":"css selector","value":"th"}
RESULT: {"using":"css selector","value":"th"}
COMMAND: GET /session/c7d39fe55cdc56516b97ac4f9a4c0ffd/element/607D6FF3D88F9A5EEC0C34B2AEF61492_element_13/text - {}
COMMAND: GET /session/c7d39fe55cdc56516b97ac4f9a4c0ffd/element/607D6FF3D88F9A5EEC0C34B2AEF61492_element_14/text - {}
COMMAND: GET /session/c7d39fe55cdc56516b97ac4f9a4c0ffd/element/607D6FF3D88F9A5EEC0C34B2AEF61492_element_16/text - {}
COMMAND: GET /session/c7d39fe55cdc56516b97ac4f9a4c0ffd/element/607D6FF3D88F9A5EEC0C34B2AEF61492_element_15/text - {}
COMMAND: GET /session/c7d39fe55cdc56516b97ac4f9a4c0ffd/element/607D6FF3D88F9A5EEC0C34B2AEF61492_element_17/text - {}
RESULT: {}
RESULT: {}
RESULT: {}
RESULT: {}
RESULT: {}
COMMAND: POST /session/c7d39fe55cdc56516b97ac4f9a4c0ffd/element/607D6FF3D88F9A5EEC0C34B2AEF61492_element_11/elements - {"using":"css selector","value":"th,td"}
RESULT: {"using":"css selector","value":"th,td"}
COMMAND: GET /session/c7d39fe55cdc56516b97ac4f9a4c0ffd/element/607D6FF3D88F9A5EEC0C34B2AEF61492_element_18/text - {}
RESULT: {}
COMMAND: GET /session/c7d39fe55cdc56516b97ac4f9a4c0ffd/element/607D6FF3D88F9A5EEC0C34B2AEF61492_element_19/text - {}
RESULT: {}
COMMAND: GET /session/c7d39fe55cdc56516b97ac4f9a4c0ffd/element/607D6FF3D88F9A5EEC0C34B2AEF61492_element_20/text - {}
RESULT: {}
COMMAND: GET /session/c7d39fe55cdc56516b97ac4f9a4c0ffd/element/607D6FF3D88F9A5EEC0C34B2AEF61492_element_21/text - {}
RESULT: {}
COMMAND: GET /session/c7d39fe55cdc56516b97ac4f9a4c0ffd/element/607D6FF3D88F9A5EEC0C34B2AEF61492_element_22/text - {}
RESULT: {}
]]></system-out>
    </testcase>
    <testcase classname="chrome.117_0_5938_132.linux.Invoice_Page_Test.Vendor:_Vendor_Three,Invoice:2005-09" name="should validate quantity events table data" time="1.908">
      <system-out><![CDATA[
COMMAND: POST /session/c7d39fe55cdc56516b97ac4f9a4c0ffd/url - {"url":"https://pr-508.btm.dev.account.gov.uk/contracts/3/invoices/2005-09"}
RESULT: {"url":"https://pr-508.btm.dev.account.gov.uk/contracts/3/invoices/2005-09"}
COMMAND: POST /session/c7d39fe55cdc56516b97ac4f9a4c0ffd/execute/sync - {"script":"return (() => document.readyState === \"complete\").apply(null, arguments)","args":[]}
RESULT: {"script":"return (() => document.readyState === \"complete\").apply(null, arguments)","args":[]}
COMMAND: GET /session/c7d39fe55cdc56516b97ac4f9a4c0ffd/url - {}
RESULT: {}
COMMAND: POST /session/c7d39fe55cdc56516b97ac4f9a4c0ffd/element - {"using":"css selector","value":".govuk-heading-xl"}
RESULT: {"using":"css selector","value":".govuk-heading-xl"}
COMMAND: POST /session/c7d39fe55cdc56516b97ac4f9a4c0ffd/execute/sync - {"script":"return (function isElementDisplayed(element) {\n    function nodeIsElement(node) {\n        if (!node) {\n            return false;\n        }\n        switch (node.nodeType) {\n            case Node.ELEMEN ... (7807 more bytes)","args":[{"element-6066-11e4-a52e-4f735466cecf":"31A2113B93D53098030A1314EC1F0B1F_element_24","ELEMENT":"31A2113B93D53098030A1314EC1F0B1F_element_24"}]}
RESULT: {"script":"return (function isElementDisplayed(element) {\n    function nodeIsElement(node) {\n        if (!node) {\n            return false;\n        }\n        switch (node.nodeType) {\n            case Node.ELEMEN ... (7807 more bytes)","args":[{"element-6066-11e4-a52e-4f735466cecf":"31A2113B93D53098030A1314EC1F0B1F_element_24","ELEMENT":"31A2113B93D53098030A1314EC1F0B1F_element_24"}]}
COMMAND: POST /session/c7d39fe55cdc56516b97ac4f9a4c0ffd/element - {"using":"css selector","value":".govuk-heading-xl"}
RESULT: {"using":"css selector","value":".govuk-heading-xl"}
COMMAND: GET /session/c7d39fe55cdc56516b97ac4f9a4c0ffd/element/31A2113B93D53098030A1314EC1F0B1F_element_24/text - {}
RESULT: {}
COMMAND: POST /session/c7d39fe55cdc56516b97ac4f9a4c0ffd/element - {"using":"xpath","value":".//caption[contains(., \"Quantity (events)\") and not(.//caption)]"}
RESULT: {"using":"xpath","value":".//caption[contains(., \"Quantity (events)\") and not(.//caption)]"}
COMMAND: POST /session/c7d39fe55cdc56516b97ac4f9a4c0ffd/execute/sync - {"script":"return (function (elem, id) {\n        return (function parentElement() {\n        return this.parentElement;\n    }).call(elem, id);\n    }).apply(null, arguments)","args":[{"element-6066-11e4-a52e-4f735466cecf":"31A2113B93D53098030A1314EC1F0B1F_element_25","ELEMENT":"31A2113B93D53098030A1314EC1F0B1F_element_25"}]}
RESULT: {"script":"return (function (elem, id) {\n        return (function parentElement() {\n        return this.parentElement;\n    }).call(elem, id);\n    }).apply(null, arguments)","args":[{"element-6066-11e4-a52e-4f735466cecf":"31A2113B93D53098030A1314EC1F0B1F_element_25","ELEMENT":"31A2113B93D53098030A1314EC1F0B1F_element_25"}]}
COMMAND: POST /session/c7d39fe55cdc56516b97ac4f9a4c0ffd/execute/sync - {"script":"return (function isElementDisplayed(element) {\n    function nodeIsElement(node) {\n        if (!node) {\n            return false;\n        }\n        switch (node.nodeType) {\n            case Node.ELEMEN ... (7807 more bytes)","args":[{"element-6066-11e4-a52e-4f735466cecf":"31A2113B93D53098030A1314EC1F0B1F_element_26","ELEMENT":"31A2113B93D53098030A1314EC1F0B1F_element_26"}]}
RESULT: {"script":"return (function isElementDisplayed(element) {\n    function nodeIsElement(node) {\n        if (!node) {\n            return false;\n        }\n        switch (node.nodeType) {\n            case Node.ELEMEN ... (7807 more bytes)","args":[{"element-6066-11e4-a52e-4f735466cecf":"31A2113B93D53098030A1314EC1F0B1F_element_26","ELEMENT":"31A2113B93D53098030A1314EC1F0B1F_element_26"}]}
COMMAND: POST /session/c7d39fe55cdc56516b97ac4f9a4c0ffd/element/31A2113B93D53098030A1314EC1F0B1F_element_26/elements - {"using":"css selector","value":"tbody tr"}
RESULT: {"using":"css selector","value":"tbody tr"}
COMMAND: POST /session/c7d39fe55cdc56516b97ac4f9a4c0ffd/element/31A2113B93D53098030A1314EC1F0B1F_element_26/element - {"using":"css selector","value":"thead tr"}
RESULT: {"using":"css selector","value":"thead tr"}
COMMAND: POST /session/c7d39fe55cdc56516b97ac4f9a4c0ffd/element/31A2113B93D53098030A1314EC1F0B1F_element_28/elements - {"using":"css selector","value":"th"}
RESULT: {"using":"css selector","value":"th"}
COMMAND: GET /session/c7d39fe55cdc56516b97ac4f9a4c0ffd/element/31A2113B93D53098030A1314EC1F0B1F_element_29/text - {}
COMMAND: GET /session/c7d39fe55cdc56516b97ac4f9a4c0ffd/element/31A2113B93D53098030A1314EC1F0B1F_element_30/text - {}
COMMAND: GET /session/c7d39fe55cdc56516b97ac4f9a4c0ffd/element/31A2113B93D53098030A1314EC1F0B1F_element_32/text - {}
COMMAND: GET /session/c7d39fe55cdc56516b97ac4f9a4c0ffd/element/31A2113B93D53098030A1314EC1F0B1F_element_31/text - {}
RESULT: {}
RESULT: {}
RESULT: {}
RESULT: {}
COMMAND: POST /session/c7d39fe55cdc56516b97ac4f9a4c0ffd/element/31A2113B93D53098030A1314EC1F0B1F_element_27/elements - {"using":"css selector","value":"th,td"}
RESULT: {"using":"css selector","value":"th,td"}
COMMAND: GET /session/c7d39fe55cdc56516b97ac4f9a4c0ffd/element/31A2113B93D53098030A1314EC1F0B1F_element_33/text - {}
RESULT: {}
COMMAND: GET /session/c7d39fe55cdc56516b97ac4f9a4c0ffd/element/31A2113B93D53098030A1314EC1F0B1F_element_34/text - {}
RESULT: {}
COMMAND: GET /session/c7d39fe55cdc56516b97ac4f9a4c0ffd/element/31A2113B93D53098030A1314EC1F0B1F_element_35/text - {}
RESULT: {}
COMMAND: GET /session/c7d39fe55cdc56516b97ac4f9a4c0ffd/element/31A2113B93D53098030A1314EC1F0B1F_element_36/text - {}
RESULT: {}
]]></system-out>
    </testcase>
    <testcase classname="chrome.117_0_5938_132.linux.Invoice_Page_Test.Vendor:_Vendor_Three,Invoice:2005-09" name="should validate price table data" time="0.92">
      <system-out><![CDATA[
COMMAND: POST /session/c7d39fe55cdc56516b97ac4f9a4c0ffd/url - {"url":"https://pr-508.btm.dev.account.gov.uk/contracts/3/invoices/2005-09"}
RESULT: {"url":"https://pr-508.btm.dev.account.gov.uk/contracts/3/invoices/2005-09"}
COMMAND: POST /session/c7d39fe55cdc56516b97ac4f9a4c0ffd/execute/sync - {"script":"return (() => document.readyState === \"complete\").apply(null, arguments)","args":[]}
RESULT: {"script":"return (() => document.readyState === \"complete\").apply(null, arguments)","args":[]}
COMMAND: GET /session/c7d39fe55cdc56516b97ac4f9a4c0ffd/url - {}
RESULT: {}
COMMAND: POST /session/c7d39fe55cdc56516b97ac4f9a4c0ffd/element - {"using":"css selector","value":".govuk-heading-xl"}
RESULT: {"using":"css selector","value":".govuk-heading-xl"}
COMMAND: POST /session/c7d39fe55cdc56516b97ac4f9a4c0ffd/execute/sync - {"script":"return (function isElementDisplayed(element) {\n    function nodeIsElement(node) {\n        if (!node) {\n            return false;\n        }\n        switch (node.nodeType) {\n            case Node.ELEMEN ... (7807 more bytes)","args":[{"element-6066-11e4-a52e-4f735466cecf":"55EA02B084E82072C80A589302F6C3A1_element_40","ELEMENT":"55EA02B084E82072C80A589302F6C3A1_element_40"}]}
RESULT: {"script":"return (function isElementDisplayed(element) {\n    function nodeIsElement(node) {\n        if (!node) {\n            return false;\n        }\n        switch (node.nodeType) {\n            case Node.ELEMEN ... (7807 more bytes)","args":[{"element-6066-11e4-a52e-4f735466cecf":"55EA02B084E82072C80A589302F6C3A1_element_40","ELEMENT":"55EA02B084E82072C80A589302F6C3A1_element_40"}]}
COMMAND: POST /session/c7d39fe55cdc56516b97ac4f9a4c0ffd/element - {"using":"css selector","value":".govuk-heading-xl"}
RESULT: {"using":"css selector","value":".govuk-heading-xl"}
COMMAND: GET /session/c7d39fe55cdc56516b97ac4f9a4c0ffd/element/55EA02B084E82072C80A589302F6C3A1_element_40/text - {}
RESULT: {}
COMMAND: POST /session/c7d39fe55cdc56516b97ac4f9a4c0ffd/element - {"using":"xpath","value":".//caption[contains(., \"Price\") and not(.//caption)]"}
RESULT: {"using":"xpath","value":".//caption[contains(., \"Price\") and not(.//caption)]"}
COMMAND: POST /session/c7d39fe55cdc56516b97ac4f9a4c0ffd/execute/sync - {"script":"return (function (elem, id) {\n        return (function parentElement() {\n        return this.parentElement;\n    }).call(elem, id);\n    }).apply(null, arguments)","args":[{"element-6066-11e4-a52e-4f735466cecf":"55EA02B084E82072C80A589302F6C3A1_element_41","ELEMENT":"55EA02B084E82072C80A589302F6C3A1_element_41"}]}
RESULT: {"script":"return (function (elem, id) {\n        return (function parentElement() {\n        return this.parentElement;\n    }).call(elem, id);\n    }).apply(null, arguments)","args":[{"element-6066-11e4-a52e-4f735466cecf":"55EA02B084E82072C80A589302F6C3A1_element_41","ELEMENT":"55EA02B084E82072C80A589302F6C3A1_element_41"}]}
COMMAND: POST /session/c7d39fe55cdc56516b97ac4f9a4c0ffd/execute/sync - {"script":"return (function isElementDisplayed(element) {\n    function nodeIsElement(node) {\n        if (!node) {\n            return false;\n        }\n        switch (node.nodeType) {\n            case Node.ELEMEN ... (7807 more bytes)","args":[{"element-6066-11e4-a52e-4f735466cecf":"55EA02B084E82072C80A589302F6C3A1_element_42","ELEMENT":"55EA02B084E82072C80A589302F6C3A1_element_42"}]}
RESULT: {"script":"return (function isElementDisplayed(element) {\n    function nodeIsElement(node) {\n        if (!node) {\n            return false;\n        }\n        switch (node.nodeType) {\n            case Node.ELEMEN ... (7807 more bytes)","args":[{"element-6066-11e4-a52e-4f735466cecf":"55EA02B084E82072C80A589302F6C3A1_element_42","ELEMENT":"55EA02B084E82072C80A589302F6C3A1_element_42"}]}
COMMAND: POST /session/c7d39fe55cdc56516b97ac4f9a4c0ffd/element/55EA02B084E82072C80A589302F6C3A1_element_42/elements - {"using":"css selector","value":"tbody tr"}
RESULT: {"using":"css selector","value":"tbody tr"}
COMMAND: POST /session/c7d39fe55cdc56516b97ac4f9a4c0ffd/element/55EA02B084E82072C80A589302F6C3A1_element_42/element - {"using":"css selector","value":"thead tr"}
RESULT: {"using":"css selector","value":"thead tr"}
COMMAND: POST /session/c7d39fe55cdc56516b97ac4f9a4c0ffd/element/55EA02B084E82072C80A589302F6C3A1_element_44/elements - {"using":"css selector","value":"th"}
RESULT: {"using":"css selector","value":"th"}
COMMAND: GET /session/c7d39fe55cdc56516b97ac4f9a4c0ffd/element/55EA02B084E82072C80A589302F6C3A1_element_45/text - {}
COMMAND: GET /session/c7d39fe55cdc56516b97ac4f9a4c0ffd/element/55EA02B084E82072C80A589302F6C3A1_element_46/text - {}
COMMAND: GET /session/c7d39fe55cdc56516b97ac4f9a4c0ffd/element/55EA02B084E82072C80A589302F6C3A1_element_48/text - {}
COMMAND: GET /session/c7d39fe55cdc56516b97ac4f9a4c0ffd/element/55EA02B084E82072C80A589302F6C3A1_element_47/text - {}
RESULT: {}
RESULT: {}
RESULT: {}
RESULT: {}
COMMAND: POST /session/c7d39fe55cdc56516b97ac4f9a4c0ffd/element/55EA02B084E82072C80A589302F6C3A1_element_43/elements - {"using":"css selector","value":"th,td"}
RESULT: {"using":"css selector","value":"th,td"}
COMMAND: GET /session/c7d39fe55cdc56516b97ac4f9a4c0ffd/element/55EA02B084E82072C80A589302F6C3A1_element_49/text - {}
RESULT: {}
COMMAND: GET /session/c7d39fe55cdc56516b97ac4f9a4c0ffd/element/55EA02B084E82072C80A589302F6C3A1_element_50/text - {}
RESULT: {}
COMMAND: GET /session/c7d39fe55cdc56516b97ac4f9a4c0ffd/element/55EA02B084E82072C80A589302F6C3A1_element_51/text - {}
RESULT: {}
COMMAND: GET /session/c7d39fe55cdc56516b97ac4f9a4c0ffd/element/55EA02B084E82072C80A589302F6C3A1_element_52/text - {}
RESULT: {}
]]></system-out>
    </testcase>
    <testcase classname="chrome.117_0_5938_132.linux.Invoice_Page_Test.Vendor:_Vendor_Three,Invoice:2005-09" name="should validate measured events table data" time="0.817">
      <system-out><![CDATA[
COMMAND: POST /session/c7d39fe55cdc56516b97ac4f9a4c0ffd/url - {"url":"https://pr-508.btm.dev.account.gov.uk/contracts/3/invoices/2005-09"}
RESULT: {"url":"https://pr-508.btm.dev.account.gov.uk/contracts/3/invoices/2005-09"}
COMMAND: POST /session/c7d39fe55cdc56516b97ac4f9a4c0ffd/execute/sync - {"script":"return (() => document.readyState === \"complete\").apply(null, arguments)","args":[]}
RESULT: {"script":"return (() => document.readyState === \"complete\").apply(null, arguments)","args":[]}
COMMAND: GET /session/c7d39fe55cdc56516b97ac4f9a4c0ffd/url - {}
RESULT: {}
COMMAND: POST /session/c7d39fe55cdc56516b97ac4f9a4c0ffd/element - {"using":"css selector","value":".govuk-heading-xl"}
RESULT: {"using":"css selector","value":".govuk-heading-xl"}
COMMAND: POST /session/c7d39fe55cdc56516b97ac4f9a4c0ffd/execute/sync - {"script":"return (function isElementDisplayed(element) {\n    function nodeIsElement(node) {\n        if (!node) {\n            return false;\n        }\n        switch (node.nodeType) {\n            case Node.ELEMEN ... (7807 more bytes)","args":[{"element-6066-11e4-a52e-4f735466cecf":"9FD7C80BFF5B746FB290EF4F887258D5_element_54","ELEMENT":"9FD7C80BFF5B746FB290EF4F887258D5_element_54"}]}
RESULT: {"script":"return (function isElementDisplayed(element) {\n    function nodeIsElement(node) {\n        if (!node) {\n            return false;\n        }\n        switch (node.nodeType) {\n            case Node.ELEMEN ... (7807 more bytes)","args":[{"element-6066-11e4-a52e-4f735466cecf":"9FD7C80BFF5B746FB290EF4F887258D5_element_54","ELEMENT":"9FD7C80BFF5B746FB290EF4F887258D5_element_54"}]}
COMMAND: POST /session/c7d39fe55cdc56516b97ac4f9a4c0ffd/element - {"using":"css selector","value":".govuk-heading-xl"}
RESULT: {"using":"css selector","value":".govuk-heading-xl"}
COMMAND: GET /session/c7d39fe55cdc56516b97ac4f9a4c0ffd/element/9FD7C80BFF5B746FB290EF4F887258D5_element_54/text - {}
RESULT: {}
COMMAND: POST /session/c7d39fe55cdc56516b97ac4f9a4c0ffd/element - {"using":"xpath","value":".//caption[contains(., \"Measured (events)\") and not(.//caption)]"}
RESULT: {"using":"xpath","value":".//caption[contains(., \"Measured (events)\") and not(.//caption)]"}
COMMAND: POST /session/c7d39fe55cdc56516b97ac4f9a4c0ffd/execute/sync - {"script":"return (function (elem, id) {\n        return (function parentElement() {\n        return this.parentElement;\n    }).call(elem, id);\n    }).apply(null, arguments)","args":[{"element-6066-11e4-a52e-4f735466cecf":"9FD7C80BFF5B746FB290EF4F887258D5_element_55","ELEMENT":"9FD7C80BFF5B746FB290EF4F887258D5_element_55"}]}
RESULT: {"script":"return (function (elem, id) {\n        return (function parentElement() {\n        return this.parentElement;\n    }).call(elem, id);\n    }).apply(null, arguments)","args":[{"element-6066-11e4-a52e-4f735466cecf":"9FD7C80BFF5B746FB290EF4F887258D5_element_55","ELEMENT":"9FD7C80BFF5B746FB290EF4F887258D5_element_55"}]}
COMMAND: POST /session/c7d39fe55cdc56516b97ac4f9a4c0ffd/execute/sync - {"script":"return (function isElementDisplayed(element) {\n    function nodeIsElement(node) {\n        if (!node) {\n            return false;\n        }\n        switch (node.nodeType) {\n            case Node.ELEMEN ... (7807 more bytes)","args":[{"element-6066-11e4-a52e-4f735466cecf":"9FD7C80BFF5B746FB290EF4F887258D5_element_56","ELEMENT":"9FD7C80BFF5B746FB290EF4F887258D5_element_56"}]}
RESULT: {"script":"return (function isElementDisplayed(element) {\n    function nodeIsElement(node) {\n        if (!node) {\n            return false;\n        }\n        switch (node.nodeType) {\n            case Node.ELEMEN ... (7807 more bytes)","args":[{"element-6066-11e4-a52e-4f735466cecf":"9FD7C80BFF5B746FB290EF4F887258D5_element_56","ELEMENT":"9FD7C80BFF5B746FB290EF4F887258D5_element_56"}]}
COMMAND: POST /session/c7d39fe55cdc56516b97ac4f9a4c0ffd/element/9FD7C80BFF5B746FB290EF4F887258D5_element_56/elements - {"using":"css selector","value":"tbody tr"}
RESULT: {"using":"css selector","value":"tbody tr"}
COMMAND: POST /session/c7d39fe55cdc56516b97ac4f9a4c0ffd/element/9FD7C80BFF5B746FB290EF4F887258D5_element_56/element - {"using":"css selector","value":"thead tr"}
RESULT: {"using":"css selector","value":"thead tr"}
COMMAND: POST /session/c7d39fe55cdc56516b97ac4f9a4c0ffd/element/9FD7C80BFF5B746FB290EF4F887258D5_element_58/elements - {"using":"css selector","value":"th"}
RESULT: {"using":"css selector","value":"th"}
COMMAND: GET /session/c7d39fe55cdc56516b97ac4f9a4c0ffd/element/9FD7C80BFF5B746FB290EF4F887258D5_element_59/text - {}
COMMAND: GET /session/c7d39fe55cdc56516b97ac4f9a4c0ffd/element/9FD7C80BFF5B746FB290EF4F887258D5_element_60/text - {}
RESULT: {}
RESULT: {}
COMMAND: POST /session/c7d39fe55cdc56516b97ac4f9a4c0ffd/element/9FD7C80BFF5B746FB290EF4F887258D5_element_57/elements - {"using":"css selector","value":"th,td"}
RESULT: {"using":"css selector","value":"th,td"}
COMMAND: GET /session/c7d39fe55cdc56516b97ac4f9a4c0ffd/element/9FD7C80BFF5B746FB290EF4F887258D5_element_61/text - {}
RESULT: {}
COMMAND: GET /session/c7d39fe55cdc56516b97ac4f9a4c0ffd/element/9FD7C80BFF5B746FB290EF4F887258D5_element_62/text - {}
RESULT: {}
]]></system-out>
    </testcase>
    <testcase classname="chrome.117_0_5938_132.linux.Invoice_Page_Test.Vendor:_Vendor_Three,Invoice:2005-09" name="should validate invoice table data" time="0.977">
      <system-out><![CDATA[
COMMAND: POST /session/c7d39fe55cdc56516b97ac4f9a4c0ffd/url - {"url":"https://pr-508.btm.dev.account.gov.uk/contracts/3/invoices/2005-09"}
RESULT: {"url":"https://pr-508.btm.dev.account.gov.uk/contracts/3/invoices/2005-09"}
COMMAND: POST /session/c7d39fe55cdc56516b97ac4f9a4c0ffd/execute/sync - {"script":"return (() => document.readyState === \"complete\").apply(null, arguments)","args":[]}
RESULT: {"script":"return (() => document.readyState === \"complete\").apply(null, arguments)","args":[]}
COMMAND: GET /session/c7d39fe55cdc56516b97ac4f9a4c0ffd/url - {}
RESULT: {}
COMMAND: POST /session/c7d39fe55cdc56516b97ac4f9a4c0ffd/element - {"using":"css selector","value":".govuk-heading-xl"}
RESULT: {"using":"css selector","value":".govuk-heading-xl"}
COMMAND: POST /session/c7d39fe55cdc56516b97ac4f9a4c0ffd/execute/sync - {"script":"return (function isElementDisplayed(element) {\n    function nodeIsElement(node) {\n        if (!node) {\n            return false;\n        }\n        switch (node.nodeType) {\n            case Node.ELEMEN ... (7807 more bytes)","args":[{"element-6066-11e4-a52e-4f735466cecf":"52A0B9B202F08AE11BEA801087D501D7_element_64","ELEMENT":"52A0B9B202F08AE11BEA801087D501D7_element_64"}]}
RESULT: {"script":"return (function isElementDisplayed(element) {\n    function nodeIsElement(node) {\n        if (!node) {\n            return false;\n        }\n        switch (node.nodeType) {\n            case Node.ELEMEN ... (7807 more bytes)","args":[{"element-6066-11e4-a52e-4f735466cecf":"52A0B9B202F08AE11BEA801087D501D7_element_64","ELEMENT":"52A0B9B202F08AE11BEA801087D501D7_element_64"}]}
COMMAND: POST /session/c7d39fe55cdc56516b97ac4f9a4c0ffd/element - {"using":"css selector","value":".govuk-heading-xl"}
RESULT: {"using":"css selector","value":".govuk-heading-xl"}
COMMAND: GET /session/c7d39fe55cdc56516b97ac4f9a4c0ffd/element/52A0B9B202F08AE11BEA801087D501D7_element_64/text - {}
RESULT: {}
COMMAND: POST /session/c7d39fe55cdc56516b97ac4f9a4c0ffd/element - {"using":"xpath","value":".//caption[contains(., \"Invoice\") and not(.//caption)]"}
RESULT: {"using":"xpath","value":".//caption[contains(., \"Invoice\") and not(.//caption)]"}
COMMAND: POST /session/c7d39fe55cdc56516b97ac4f9a4c0ffd/execute/sync - {"script":"return (function (elem, id) {\n        return (function parentElement() {\n        return this.parentElement;\n    }).call(elem, id);\n    }).apply(null, arguments)","args":[{"element-6066-11e4-a52e-4f735466cecf":"52A0B9B202F08AE11BEA801087D501D7_element_65","ELEMENT":"52A0B9B202F08AE11BEA801087D501D7_element_65"}]}
RESULT: {"script":"return (function (elem, id) {\n        return (function parentElement() {\n        return this.parentElement;\n    }).call(elem, id);\n    }).apply(null, arguments)","args":[{"element-6066-11e4-a52e-4f735466cecf":"52A0B9B202F08AE11BEA801087D501D7_element_65","ELEMENT":"52A0B9B202F08AE11BEA801087D501D7_element_65"}]}
COMMAND: POST /session/c7d39fe55cdc56516b97ac4f9a4c0ffd/execute/sync - {"script":"return (function isElementDisplayed(element) {\n    function nodeIsElement(node) {\n        if (!node) {\n            return false;\n        }\n        switch (node.nodeType) {\n            case Node.ELEMEN ... (7807 more bytes)","args":[{"element-6066-11e4-a52e-4f735466cecf":"52A0B9B202F08AE11BEA801087D501D7_element_66","ELEMENT":"52A0B9B202F08AE11BEA801087D501D7_element_66"}]}
RESULT: {"script":"return (function isElementDisplayed(element) {\n    function nodeIsElement(node) {\n        if (!node) {\n            return false;\n        }\n        switch (node.nodeType) {\n            case Node.ELEMEN ... (7807 more bytes)","args":[{"element-6066-11e4-a52e-4f735466cecf":"52A0B9B202F08AE11BEA801087D501D7_element_66","ELEMENT":"52A0B9B202F08AE11BEA801087D501D7_element_66"}]}
COMMAND: POST /session/c7d39fe55cdc56516b97ac4f9a4c0ffd/element/52A0B9B202F08AE11BEA801087D501D7_element_66/elements - {"using":"css selector","value":"tbody tr"}
RESULT: {"using":"css selector","value":"tbody tr"}
COMMAND: POST /session/c7d39fe55cdc56516b97ac4f9a4c0ffd/element/52A0B9B202F08AE11BEA801087D501D7_element_66/element - {"using":"css selector","value":"thead tr"}
RESULT: {"using":"css selector","value":"thead tr"}
COMMAND: POST /session/c7d39fe55cdc56516b97ac4f9a4c0ffd/element/52A0B9B202F08AE11BEA801087D501D7_element_69/elements - {"using":"css selector","value":"th"}
RESULT: {"using":"css selector","value":"th"}
COMMAND: GET /session/c7d39fe55cdc56516b97ac4f9a4c0ffd/element/52A0B9B202F08AE11BEA801087D501D7_element_70/text - {}
COMMAND: GET /session/c7d39fe55cdc56516b97ac4f9a4c0ffd/element/52A0B9B202F08AE11BEA801087D501D7_element_71/text - {}
COMMAND: GET /session/c7d39fe55cdc56516b97ac4f9a4c0ffd/element/52A0B9B202F08AE11BEA801087D501D7_element_73/text - {}
COMMAND: GET /session/c7d39fe55cdc56516b97ac4f9a4c0ffd/element/52A0B9B202F08AE11BEA801087D501D7_element_72/text - {}
COMMAND: GET /session/c7d39fe55cdc56516b97ac4f9a4c0ffd/element/52A0B9B202F08AE11BEA801087D501D7_element_74/text - {}
RESULT: {}
RESULT: {}
RESULT: {}
RESULT: {}
RESULT: {}
COMMAND: POST /session/c7d39fe55cdc56516b97ac4f9a4c0ffd/element/52A0B9B202F08AE11BEA801087D501D7_element_67/elements - {"using":"css selector","value":"th,td"}
RESULT: {"using":"css selector","value":"th,td"}
COMMAND: GET /session/c7d39fe55cdc56516b97ac4f9a4c0ffd/element/52A0B9B202F08AE11BEA801087D501D7_element_75/text - {}
RESULT: {}
COMMAND: GET /session/c7d39fe55cdc56516b97ac4f9a4c0ffd/element/52A0B9B202F08AE11BEA801087D501D7_element_76/text - {}
RESULT: {}
COMMAND: GET /session/c7d39fe55cdc56516b97ac4f9a4c0ffd/element/52A0B9B202F08AE11BEA801087D501D7_element_77/text - {}
RESULT: {}
COMMAND: GET /session/c7d39fe55cdc56516b97ac4f9a4c0ffd/element/52A0B9B202F08AE11BEA801087D501D7_element_78/text - {}
RESULT: {}
COMMAND: GET /session/c7d39fe55cdc56516b97ac4f9a4c0ffd/element/52A0B9B202F08AE11BEA801087D501D7_element_79/text - {}
RESULT: {}
COMMAND: POST /session/c7d39fe55cdc56516b97ac4f9a4c0ffd/element/52A0B9B202F08AE11BEA801087D501D7_element_68/elements - {"using":"css selector","value":"th,td"}
RESULT: {"using":"css selector","value":"th,td"}
COMMAND: GET /session/c7d39fe55cdc56516b97ac4f9a4c0ffd/element/52A0B9B202F08AE11BEA801087D501D7_element_80/text - {}
RESULT: {}
COMMAND: GET /session/c7d39fe55cdc56516b97ac4f9a4c0ffd/element/52A0B9B202F08AE11BEA801087D501D7_element_81/text - {}
RESULT: {}
COMMAND: GET /session/c7d39fe55cdc56516b97ac4f9a4c0ffd/element/52A0B9B202F08AE11BEA801087D501D7_element_82/text - {}
RESULT: {}
COMMAND: GET /session/c7d39fe55cdc56516b97ac4f9a4c0ffd/element/52A0B9B202F08AE11BEA801087D501D7_element_83/text - {}
RESULT: {}
COMMAND: GET /session/c7d39fe55cdc56516b97ac4f9a4c0ffd/element/52A0B9B202F08AE11BEA801087D501D7_element_84/text - {}
RESULT: {}
]]></system-out>
    </testcase>
  </testsuite>
  <testsuite name="Vendor Vendor Three Invoice 2023 03" timestamp="2023-10-10T10:43:50" time="6.028" tests="6" failures="0" errors="0" skipped="0">
    <properties>
      <property name="specId" value="0"/>
      <property name="suiteName" value="Vendor: Vendor Three,Invoice:2023-03"/>
      <property name="capabilities" value="chrome.117_0_5938_132.linux"/>
      <property name="file" value="file://./ui-tests/specs/invoice.spec.ts"/>
    </properties>
    <testcase classname="chrome.117_0_5938_132.linux.Invoice_Page_Test.Vendor:_Vendor_Three,Invoice:2023-03" name="should display correct status banner color and message" time="0.869">
      <system-out><![CDATA[
COMMAND: POST /session/c7d39fe55cdc56516b97ac4f9a4c0ffd/url - {"url":"https://pr-508.btm.dev.account.gov.uk/contracts/3/invoices/2023-03"}
RESULT: {"url":"https://pr-508.btm.dev.account.gov.uk/contracts/3/invoices/2023-03"}
COMMAND: POST /session/c7d39fe55cdc56516b97ac4f9a4c0ffd/execute/sync - {"script":"return (() => document.readyState === \"complete\").apply(null, arguments)","args":[]}
RESULT: {"script":"return (() => document.readyState === \"complete\").apply(null, arguments)","args":[]}
COMMAND: GET /session/c7d39fe55cdc56516b97ac4f9a4c0ffd/url - {}
RESULT: {}
COMMAND: POST /session/c7d39fe55cdc56516b97ac4f9a4c0ffd/element - {"using":"css selector","value":".govuk-heading-xl"}
RESULT: {"using":"css selector","value":".govuk-heading-xl"}
COMMAND: POST /session/c7d39fe55cdc56516b97ac4f9a4c0ffd/execute/sync - {"script":"return (function isElementDisplayed(element) {\n    function nodeIsElement(node) {\n        if (!node) {\n            return false;\n        }\n        switch (node.nodeType) {\n            case Node.ELEMEN ... (7807 more bytes)","args":[{"element-6066-11e4-a52e-4f735466cecf":"47F68CECF031ACE52A00F37D43BEAA02_element_86","ELEMENT":"47F68CECF031ACE52A00F37D43BEAA02_element_86"}]}
RESULT: {"script":"return (function isElementDisplayed(element) {\n    function nodeIsElement(node) {\n        if (!node) {\n            return false;\n        }\n        switch (node.nodeType) {\n            case Node.ELEMEN ... (7807 more bytes)","args":[{"element-6066-11e4-a52e-4f735466cecf":"47F68CECF031ACE52A00F37D43BEAA02_element_86","ELEMENT":"47F68CECF031ACE52A00F37D43BEAA02_element_86"}]}
COMMAND: POST /session/c7d39fe55cdc56516b97ac4f9a4c0ffd/element - {"using":"css selector","value":".govuk-heading-xl"}
RESULT: {"using":"css selector","value":".govuk-heading-xl"}
COMMAND: GET /session/c7d39fe55cdc56516b97ac4f9a4c0ffd/element/47F68CECF031ACE52A00F37D43BEAA02_element_86/text - {}
RESULT: {}
COMMAND: POST /session/c7d39fe55cdc56516b97ac4f9a4c0ffd/element - {"using":"css selector","value":"h2.govuk-panel__title"}
RESULT: {"using":"css selector","value":"h2.govuk-panel__title"}
COMMAND: POST /session/c7d39fe55cdc56516b97ac4f9a4c0ffd/execute/sync - {"script":"return (function isElementDisplayed(element) {\n    function nodeIsElement(node) {\n        if (!node) {\n            return false;\n        }\n        switch (node.nodeType) {\n            case Node.ELEMEN ... (7807 more bytes)","args":[{"element-6066-11e4-a52e-4f735466cecf":"47F68CECF031ACE52A00F37D43BEAA02_element_87","ELEMENT":"47F68CECF031ACE52A00F37D43BEAA02_element_87"}]}
RESULT: {"script":"return (function isElementDisplayed(element) {\n    function nodeIsElement(node) {\n        if (!node) {\n            return false;\n        }\n        switch (node.nodeType) {\n            case Node.ELEMEN ... (7807 more bytes)","args":[{"element-6066-11e4-a52e-4f735466cecf":"47F68CECF031ACE52A00F37D43BEAA02_element_87","ELEMENT":"47F68CECF031ACE52A00F37D43BEAA02_element_87"}]}
COMMAND: POST /session/c7d39fe55cdc56516b97ac4f9a4c0ffd/element - {"using":"css selector","value":"h2.govuk-panel__title"}
RESULT: {"using":"css selector","value":"h2.govuk-panel__title"}
COMMAND: GET /session/c7d39fe55cdc56516b97ac4f9a4c0ffd/element/47F68CECF031ACE52A00F37D43BEAA02_element_87/text - {}
RESULT: {}
COMMAND: POST /session/c7d39fe55cdc56516b97ac4f9a4c0ffd/element - {"using":"css selector","value":".govuk-panel"}
RESULT: {"using":"css selector","value":".govuk-panel"}
COMMAND: POST /session/c7d39fe55cdc56516b97ac4f9a4c0ffd/execute/sync - {"script":"return (function isElementDisplayed(element) {\n    function nodeIsElement(node) {\n        if (!node) {\n            return false;\n        }\n        switch (node.nodeType) {\n            case Node.ELEMEN ... (7807 more bytes)","args":[{"element-6066-11e4-a52e-4f735466cecf":"47F68CECF031ACE52A00F37D43BEAA02_element_88","ELEMENT":"47F68CECF031ACE52A00F37D43BEAA02_element_88"}]}
RESULT: {"script":"return (function isElementDisplayed(element) {\n    function nodeIsElement(node) {\n        if (!node) {\n            return false;\n        }\n        switch (node.nodeType) {\n            case Node.ELEMEN ... (7807 more bytes)","args":[{"element-6066-11e4-a52e-4f735466cecf":"47F68CECF031ACE52A00F37D43BEAA02_element_88","ELEMENT":"47F68CECF031ACE52A00F37D43BEAA02_element_88"}]}
COMMAND: GET /session/c7d39fe55cdc56516b97ac4f9a4c0ffd/element/47F68CECF031ACE52A00F37D43BEAA02_element_88/css/background-color - {}
RESULT: {}
]]></system-out>
    </testcase>
    <testcase classname="chrome.117_0_5938_132.linux.Invoice_Page_Test.Vendor:_Vendor_Three,Invoice:2023-03" name="should validate reconciliation table data" time="0.986">
      <system-out><![CDATA[
COMMAND: POST /session/c7d39fe55cdc56516b97ac4f9a4c0ffd/url - {"url":"https://pr-508.btm.dev.account.gov.uk/contracts/3/invoices/2023-03"}
RESULT: {"url":"https://pr-508.btm.dev.account.gov.uk/contracts/3/invoices/2023-03"}
COMMAND: POST /session/c7d39fe55cdc56516b97ac4f9a4c0ffd/execute/sync - {"script":"return (() => document.readyState === \"complete\").apply(null, arguments)","args":[]}
RESULT: {"script":"return (() => document.readyState === \"complete\").apply(null, arguments)","args":[]}
COMMAND: GET /session/c7d39fe55cdc56516b97ac4f9a4c0ffd/url - {}
RESULT: {}
COMMAND: POST /session/c7d39fe55cdc56516b97ac4f9a4c0ffd/element - {"using":"css selector","value":".govuk-heading-xl"}
RESULT: {"using":"css selector","value":".govuk-heading-xl"}
COMMAND: POST /session/c7d39fe55cdc56516b97ac4f9a4c0ffd/execute/sync - {"script":"return (function isElementDisplayed(element) {\n    function nodeIsElement(node) {\n        if (!node) {\n            return false;\n        }\n        switch (node.nodeType) {\n            case Node.ELEMEN ... (7807 more bytes)","args":[{"element-6066-11e4-a52e-4f735466cecf":"691B960DB8A36EB1B72F512E902E5924_element_90","ELEMENT":"691B960DB8A36EB1B72F512E902E5924_element_90"}]}
RESULT: {"script":"return (function isElementDisplayed(element) {\n    function nodeIsElement(node) {\n        if (!node) {\n            return false;\n        }\n        switch (node.nodeType) {\n            case Node.ELEMEN ... (7807 more bytes)","args":[{"element-6066-11e4-a52e-4f735466cecf":"691B960DB8A36EB1B72F512E902E5924_element_90","ELEMENT":"691B960DB8A36EB1B72F512E902E5924_element_90"}]}
COMMAND: POST /session/c7d39fe55cdc56516b97ac4f9a4c0ffd/element - {"using":"css selector","value":".govuk-heading-xl"}
RESULT: {"using":"css selector","value":".govuk-heading-xl"}
COMMAND: GET /session/c7d39fe55cdc56516b97ac4f9a4c0ffd/element/691B960DB8A36EB1B72F512E902E5924_element_90/text - {}
RESULT: {}
COMMAND: POST /session/c7d39fe55cdc56516b97ac4f9a4c0ffd/element - {"using":"xpath","value":".//caption[contains(., \"Reconciliation\") and not(.//caption)]"}
RESULT: {"using":"xpath","value":".//caption[contains(., \"Reconciliation\") and not(.//caption)]"}
COMMAND: POST /session/c7d39fe55cdc56516b97ac4f9a4c0ffd/execute/sync - {"script":"return (function (elem, id) {\n        return (function parentElement() {\n        return this.parentElement;\n    }).call(elem, id);\n    }).apply(null, arguments)","args":[{"element-6066-11e4-a52e-4f735466cecf":"691B960DB8A36EB1B72F512E902E5924_element_91","ELEMENT":"691B960DB8A36EB1B72F512E902E5924_element_91"}]}
RESULT: {"script":"return (function (elem, id) {\n        return (function parentElement() {\n        return this.parentElement;\n    }).call(elem, id);\n    }).apply(null, arguments)","args":[{"element-6066-11e4-a52e-4f735466cecf":"691B960DB8A36EB1B72F512E902E5924_element_91","ELEMENT":"691B960DB8A36EB1B72F512E902E5924_element_91"}]}
COMMAND: POST /session/c7d39fe55cdc56516b97ac4f9a4c0ffd/execute/sync - {"script":"return (function isElementDisplayed(element) {\n    function nodeIsElement(node) {\n        if (!node) {\n            return false;\n        }\n        switch (node.nodeType) {\n            case Node.ELEMEN ... (7807 more bytes)","args":[{"element-6066-11e4-a52e-4f735466cecf":"691B960DB8A36EB1B72F512E902E5924_element_92","ELEMENT":"691B960DB8A36EB1B72F512E902E5924_element_92"}]}
RESULT: {"script":"return (function isElementDisplayed(element) {\n    function nodeIsElement(node) {\n        if (!node) {\n            return false;\n        }\n        switch (node.nodeType) {\n            case Node.ELEMEN ... (7807 more bytes)","args":[{"element-6066-11e4-a52e-4f735466cecf":"691B960DB8A36EB1B72F512E902E5924_element_92","ELEMENT":"691B960DB8A36EB1B72F512E902E5924_element_92"}]}
COMMAND: POST /session/c7d39fe55cdc56516b97ac4f9a4c0ffd/element/691B960DB8A36EB1B72F512E902E5924_element_92/elements - {"using":"css selector","value":"tbody tr"}
RESULT: {"using":"css selector","value":"tbody tr"}
COMMAND: POST /session/c7d39fe55cdc56516b97ac4f9a4c0ffd/element/691B960DB8A36EB1B72F512E902E5924_element_92/element - {"using":"css selector","value":"thead tr"}
RESULT: {"using":"css selector","value":"thead tr"}
COMMAND: POST /session/c7d39fe55cdc56516b97ac4f9a4c0ffd/element/691B960DB8A36EB1B72F512E902E5924_element_95/elements - {"using":"css selector","value":"th"}
RESULT: {"using":"css selector","value":"th"}
COMMAND: GET /session/c7d39fe55cdc56516b97ac4f9a4c0ffd/element/691B960DB8A36EB1B72F512E902E5924_element_96/text - {}
COMMAND: GET /session/c7d39fe55cdc56516b97ac4f9a4c0ffd/element/691B960DB8A36EB1B72F512E902E5924_element_97/text - {}
COMMAND: GET /session/c7d39fe55cdc56516b97ac4f9a4c0ffd/element/691B960DB8A36EB1B72F512E902E5924_element_99/text - {}
COMMAND: GET /session/c7d39fe55cdc56516b97ac4f9a4c0ffd/element/691B960DB8A36EB1B72F512E902E5924_element_98/text - {}
COMMAND: GET /session/c7d39fe55cdc56516b97ac4f9a4c0ffd/element/691B960DB8A36EB1B72F512E902E5924_element_100/text - {}
RESULT: {}
RESULT: {}
RESULT: {}
RESULT: {}
RESULT: {}
COMMAND: POST /session/c7d39fe55cdc56516b97ac4f9a4c0ffd/element/691B960DB8A36EB1B72F512E902E5924_element_93/elements - {"using":"css selector","value":"th,td"}
RESULT: {"using":"css selector","value":"th,td"}
COMMAND: GET /session/c7d39fe55cdc56516b97ac4f9a4c0ffd/element/691B960DB8A36EB1B72F512E902E5924_element_101/text - {}
RESULT: {}
COMMAND: GET /session/c7d39fe55cdc56516b97ac4f9a4c0ffd/element/691B960DB8A36EB1B72F512E902E5924_element_102/text - {}
RESULT: {}
COMMAND: GET /session/c7d39fe55cdc56516b97ac4f9a4c0ffd/element/691B960DB8A36EB1B72F512E902E5924_element_103/text - {}
RESULT: {}
COMMAND: GET /session/c7d39fe55cdc56516b97ac4f9a4c0ffd/element/691B960DB8A36EB1B72F512E902E5924_element_104/text - {}
RESULT: {}
COMMAND: GET /session/c7d39fe55cdc56516b97ac4f9a4c0ffd/element/691B960DB8A36EB1B72F512E902E5924_element_105/text - {}
RESULT: {}
COMMAND: POST /session/c7d39fe55cdc56516b97ac4f9a4c0ffd/element/691B960DB8A36EB1B72F512E902E5924_element_94/elements - {"using":"css selector","value":"th,td"}
RESULT: {"using":"css selector","value":"th,td"}
COMMAND: GET /session/c7d39fe55cdc56516b97ac4f9a4c0ffd/element/691B960DB8A36EB1B72F512E902E5924_element_106/text - {}
RESULT: {}
COMMAND: GET /session/c7d39fe55cdc56516b97ac4f9a4c0ffd/element/691B960DB8A36EB1B72F512E902E5924_element_107/text - {}
RESULT: {}
COMMAND: GET /session/c7d39fe55cdc56516b97ac4f9a4c0ffd/element/691B960DB8A36EB1B72F512E902E5924_element_108/text - {}
RESULT: {}
COMMAND: GET /session/c7d39fe55cdc56516b97ac4f9a4c0ffd/element/691B960DB8A36EB1B72F512E902E5924_element_109/text - {}
RESULT: {}
COMMAND: GET /session/c7d39fe55cdc56516b97ac4f9a4c0ffd/element/691B960DB8A36EB1B72F512E902E5924_element_110/text - {}
RESULT: {}
]]></system-out>
    </testcase>
    <testcase classname="chrome.117_0_5938_132.linux.Invoice_Page_Test.Vendor:_Vendor_Three,Invoice:2023-03" name="should validate quantity events table data" time="0.851">
      <system-out><![CDATA[
COMMAND: POST /session/c7d39fe55cdc56516b97ac4f9a4c0ffd/url - {"url":"https://pr-508.btm.dev.account.gov.uk/contracts/3/invoices/2023-03"}
RESULT: {"url":"https://pr-508.btm.dev.account.gov.uk/contracts/3/invoices/2023-03"}
COMMAND: POST /session/c7d39fe55cdc56516b97ac4f9a4c0ffd/execute/sync - {"script":"return (() => document.readyState === \"complete\").apply(null, arguments)","args":[]}
RESULT: {"script":"return (() => document.readyState === \"complete\").apply(null, arguments)","args":[]}
COMMAND: GET /session/c7d39fe55cdc56516b97ac4f9a4c0ffd/url - {}
RESULT: {}
COMMAND: POST /session/c7d39fe55cdc56516b97ac4f9a4c0ffd/element - {"using":"css selector","value":".govuk-heading-xl"}
RESULT: {"using":"css selector","value":".govuk-heading-xl"}
COMMAND: POST /session/c7d39fe55cdc56516b97ac4f9a4c0ffd/execute/sync - {"script":"return (function isElementDisplayed(element) {\n    function nodeIsElement(node) {\n        if (!node) {\n            return false;\n        }\n        switch (node.nodeType) {\n            case Node.ELEMEN ... (7807 more bytes)","args":[{"element-6066-11e4-a52e-4f735466cecf":"CD315DA9A2CB859833F1D1554BF94C87_element_112","ELEMENT":"CD315DA9A2CB859833F1D1554BF94C87_element_112"}]}
RESULT: {"script":"return (function isElementDisplayed(element) {\n    function nodeIsElement(node) {\n        if (!node) {\n            return false;\n        }\n        switch (node.nodeType) {\n            case Node.ELEMEN ... (7807 more bytes)","args":[{"element-6066-11e4-a52e-4f735466cecf":"CD315DA9A2CB859833F1D1554BF94C87_element_112","ELEMENT":"CD315DA9A2CB859833F1D1554BF94C87_element_112"}]}
COMMAND: POST /session/c7d39fe55cdc56516b97ac4f9a4c0ffd/element - {"using":"css selector","value":".govuk-heading-xl"}
RESULT: {"using":"css selector","value":".govuk-heading-xl"}
COMMAND: GET /session/c7d39fe55cdc56516b97ac4f9a4c0ffd/element/CD315DA9A2CB859833F1D1554BF94C87_element_112/text - {}
RESULT: {}
COMMAND: POST /session/c7d39fe55cdc56516b97ac4f9a4c0ffd/element - {"using":"xpath","value":".//caption[contains(., \"Quantity (events)\") and not(.//caption)]"}
RESULT: {"using":"xpath","value":".//caption[contains(., \"Quantity (events)\") and not(.//caption)]"}
COMMAND: POST /session/c7d39fe55cdc56516b97ac4f9a4c0ffd/execute/sync - {"script":"return (function (elem, id) {\n        return (function parentElement() {\n        return this.parentElement;\n    }).call(elem, id);\n    }).apply(null, arguments)","args":[{"element-6066-11e4-a52e-4f735466cecf":"CD315DA9A2CB859833F1D1554BF94C87_element_113","ELEMENT":"CD315DA9A2CB859833F1D1554BF94C87_element_113"}]}
RESULT: {"script":"return (function (elem, id) {\n        return (function parentElement() {\n        return this.parentElement;\n    }).call(elem, id);\n    }).apply(null, arguments)","args":[{"element-6066-11e4-a52e-4f735466cecf":"CD315DA9A2CB859833F1D1554BF94C87_element_113","ELEMENT":"CD315DA9A2CB859833F1D1554BF94C87_element_113"}]}
COMMAND: POST /session/c7d39fe55cdc56516b97ac4f9a4c0ffd/execute/sync - {"script":"return (function isElementDisplayed(element) {\n    function nodeIsElement(node) {\n        if (!node) {\n            return false;\n        }\n        switch (node.nodeType) {\n            case Node.ELEMEN ... (7807 more bytes)","args":[{"element-6066-11e4-a52e-4f735466cecf":"CD315DA9A2CB859833F1D1554BF94C87_element_114","ELEMENT":"CD315DA9A2CB859833F1D1554BF94C87_element_114"}]}
RESULT: {"script":"return (function isElementDisplayed(element) {\n    function nodeIsElement(node) {\n        if (!node) {\n            return false;\n        }\n        switch (node.nodeType) {\n            case Node.ELEMEN ... (7807 more bytes)","args":[{"element-6066-11e4-a52e-4f735466cecf":"CD315DA9A2CB859833F1D1554BF94C87_element_114","ELEMENT":"CD315DA9A2CB859833F1D1554BF94C87_element_114"}]}
COMMAND: POST /session/c7d39fe55cdc56516b97ac4f9a4c0ffd/element/CD315DA9A2CB859833F1D1554BF94C87_element_114/elements - {"using":"css selector","value":"tbody tr"}
RESULT: {"using":"css selector","value":"tbody tr"}
COMMAND: POST /session/c7d39fe55cdc56516b97ac4f9a4c0ffd/element/CD315DA9A2CB859833F1D1554BF94C87_element_114/element - {"using":"css selector","value":"thead tr"}
RESULT: {"using":"css selector","value":"thead tr"}
COMMAND: POST /session/c7d39fe55cdc56516b97ac4f9a4c0ffd/element/CD315DA9A2CB859833F1D1554BF94C87_element_117/elements - {"using":"css selector","value":"th"}
RESULT: {"using":"css selector","value":"th"}
COMMAND: GET /session/c7d39fe55cdc56516b97ac4f9a4c0ffd/element/CD315DA9A2CB859833F1D1554BF94C87_element_118/text - {}
COMMAND: GET /session/c7d39fe55cdc56516b97ac4f9a4c0ffd/element/CD315DA9A2CB859833F1D1554BF94C87_element_119/text - {}
COMMAND: GET /session/c7d39fe55cdc56516b97ac4f9a4c0ffd/element/CD315DA9A2CB859833F1D1554BF94C87_element_121/text - {}
COMMAND: GET /session/c7d39fe55cdc56516b97ac4f9a4c0ffd/element/CD315DA9A2CB859833F1D1554BF94C87_element_120/text - {}
RESULT: {}
RESULT: {}
RESULT: {}
RESULT: {}
COMMAND: POST /session/c7d39fe55cdc56516b97ac4f9a4c0ffd/element/CD315DA9A2CB859833F1D1554BF94C87_element_115/elements - {"using":"css selector","value":"th,td"}
RESULT: {"using":"css selector","value":"th,td"}
COMMAND: GET /session/c7d39fe55cdc56516b97ac4f9a4c0ffd/element/CD315DA9A2CB859833F1D1554BF94C87_element_122/text - {}
RESULT: {}
COMMAND: GET /session/c7d39fe55cdc56516b97ac4f9a4c0ffd/element/CD315DA9A2CB859833F1D1554BF94C87_element_123/text - {}
RESULT: {}
COMMAND: GET /session/c7d39fe55cdc56516b97ac4f9a4c0ffd/element/CD315DA9A2CB859833F1D1554BF94C87_element_124/text - {}
RESULT: {}
COMMAND: GET /session/c7d39fe55cdc56516b97ac4f9a4c0ffd/element/CD315DA9A2CB859833F1D1554BF94C87_element_125/text - {}
RESULT: {}
COMMAND: POST /session/c7d39fe55cdc56516b97ac4f9a4c0ffd/element/CD315DA9A2CB859833F1D1554BF94C87_element_116/elements - {"using":"css selector","value":"th,td"}
RESULT: {"using":"css selector","value":"th,td"}
COMMAND: GET /session/c7d39fe55cdc56516b97ac4f9a4c0ffd/element/CD315DA9A2CB859833F1D1554BF94C87_element_126/text - {}
RESULT: {}
COMMAND: GET /session/c7d39fe55cdc56516b97ac4f9a4c0ffd/element/CD315DA9A2CB859833F1D1554BF94C87_element_127/text - {}
RESULT: {}
COMMAND: GET /session/c7d39fe55cdc56516b97ac4f9a4c0ffd/element/CD315DA9A2CB859833F1D1554BF94C87_element_128/text - {}
RESULT: {}
COMMAND: GET /session/c7d39fe55cdc56516b97ac4f9a4c0ffd/element/CD315DA9A2CB859833F1D1554BF94C87_element_129/text - {}
RESULT: {}
]]></system-out>
    </testcase>
    <testcase classname="chrome.117_0_5938_132.linux.Invoice_Page_Test.Vendor:_Vendor_Three,Invoice:2023-03" name="should validate price table data" time="0.909">
      <system-out><![CDATA[
COMMAND: POST /session/c7d39fe55cdc56516b97ac4f9a4c0ffd/url - {"url":"https://pr-508.btm.dev.account.gov.uk/contracts/3/invoices/2023-03"}
RESULT: {"url":"https://pr-508.btm.dev.account.gov.uk/contracts/3/invoices/2023-03"}
COMMAND: POST /session/c7d39fe55cdc56516b97ac4f9a4c0ffd/execute/sync - {"script":"return (() => document.readyState === \"complete\").apply(null, arguments)","args":[]}
RESULT: {"script":"return (() => document.readyState === \"complete\").apply(null, arguments)","args":[]}
COMMAND: GET /session/c7d39fe55cdc56516b97ac4f9a4c0ffd/url - {}
RESULT: {}
COMMAND: POST /session/c7d39fe55cdc56516b97ac4f9a4c0ffd/element - {"using":"css selector","value":".govuk-heading-xl"}
RESULT: {"using":"css selector","value":".govuk-heading-xl"}
COMMAND: POST /session/c7d39fe55cdc56516b97ac4f9a4c0ffd/execute/sync - {"script":"return (function isElementDisplayed(element) {\n    function nodeIsElement(node) {\n        if (!node) {\n            return false;\n        }\n        switch (node.nodeType) {\n            case Node.ELEMEN ... (7807 more bytes)","args":[{"element-6066-11e4-a52e-4f735466cecf":"C8C78BD406ABBE54E34BF946A33820BB_element_131","ELEMENT":"C8C78BD406ABBE54E34BF946A33820BB_element_131"}]}
RESULT: {"script":"return (function isElementDisplayed(element) {\n    function nodeIsElement(node) {\n        if (!node) {\n            return false;\n        }\n        switch (node.nodeType) {\n            case Node.ELEMEN ... (7807 more bytes)","args":[{"element-6066-11e4-a52e-4f735466cecf":"C8C78BD406ABBE54E34BF946A33820BB_element_131","ELEMENT":"C8C78BD406ABBE54E34BF946A33820BB_element_131"}]}
COMMAND: POST /session/c7d39fe55cdc56516b97ac4f9a4c0ffd/element - {"using":"css selector","value":".govuk-heading-xl"}
RESULT: {"using":"css selector","value":".govuk-heading-xl"}
COMMAND: GET /session/c7d39fe55cdc56516b97ac4f9a4c0ffd/element/C8C78BD406ABBE54E34BF946A33820BB_element_131/text - {}
RESULT: {}
COMMAND: POST /session/c7d39fe55cdc56516b97ac4f9a4c0ffd/element - {"using":"xpath","value":".//caption[contains(., \"Price\") and not(.//caption)]"}
RESULT: {"using":"xpath","value":".//caption[contains(., \"Price\") and not(.//caption)]"}
COMMAND: POST /session/c7d39fe55cdc56516b97ac4f9a4c0ffd/execute/sync - {"script":"return (function (elem, id) {\n        return (function parentElement() {\n        return this.parentElement;\n    }).call(elem, id);\n    }).apply(null, arguments)","args":[{"element-6066-11e4-a52e-4f735466cecf":"C8C78BD406ABBE54E34BF946A33820BB_element_132","ELEMENT":"C8C78BD406ABBE54E34BF946A33820BB_element_132"}]}
RESULT: {"script":"return (function (elem, id) {\n        return (function parentElement() {\n        return this.parentElement;\n    }).call(elem, id);\n    }).apply(null, arguments)","args":[{"element-6066-11e4-a52e-4f735466cecf":"C8C78BD406ABBE54E34BF946A33820BB_element_132","ELEMENT":"C8C78BD406ABBE54E34BF946A33820BB_element_132"}]}
COMMAND: POST /session/c7d39fe55cdc56516b97ac4f9a4c0ffd/execute/sync - {"script":"return (function isElementDisplayed(element) {\n    function nodeIsElement(node) {\n        if (!node) {\n            return false;\n        }\n        switch (node.nodeType) {\n            case Node.ELEMEN ... (7807 more bytes)","args":[{"element-6066-11e4-a52e-4f735466cecf":"C8C78BD406ABBE54E34BF946A33820BB_element_133","ELEMENT":"C8C78BD406ABBE54E34BF946A33820BB_element_133"}]}
RESULT: {"script":"return (function isElementDisplayed(element) {\n    function nodeIsElement(node) {\n        if (!node) {\n            return false;\n        }\n        switch (node.nodeType) {\n            case Node.ELEMEN ... (7807 more bytes)","args":[{"element-6066-11e4-a52e-4f735466cecf":"C8C78BD406ABBE54E34BF946A33820BB_element_133","ELEMENT":"C8C78BD406ABBE54E34BF946A33820BB_element_133"}]}
COMMAND: POST /session/c7d39fe55cdc56516b97ac4f9a4c0ffd/element/C8C78BD406ABBE54E34BF946A33820BB_element_133/elements - {"using":"css selector","value":"tbody tr"}
RESULT: {"using":"css selector","value":"tbody tr"}
COMMAND: POST /session/c7d39fe55cdc56516b97ac4f9a4c0ffd/element/C8C78BD406ABBE54E34BF946A33820BB_element_133/element - {"using":"css selector","value":"thead tr"}
RESULT: {"using":"css selector","value":"thead tr"}
COMMAND: POST /session/c7d39fe55cdc56516b97ac4f9a4c0ffd/element/C8C78BD406ABBE54E34BF946A33820BB_element_136/elements - {"using":"css selector","value":"th"}
RESULT: {"using":"css selector","value":"th"}
COMMAND: GET /session/c7d39fe55cdc56516b97ac4f9a4c0ffd/element/C8C78BD406ABBE54E34BF946A33820BB_element_137/text - {}
COMMAND: GET /session/c7d39fe55cdc56516b97ac4f9a4c0ffd/element/C8C78BD406ABBE54E34BF946A33820BB_element_138/text - {}
COMMAND: GET /session/c7d39fe55cdc56516b97ac4f9a4c0ffd/element/C8C78BD406ABBE54E34BF946A33820BB_element_140/text - {}
COMMAND: GET /session/c7d39fe55cdc56516b97ac4f9a4c0ffd/element/C8C78BD406ABBE54E34BF946A33820BB_element_139/text - {}
RESULT: {}
RESULT: {}
RESULT: {}
RESULT: {}
COMMAND: POST /session/c7d39fe55cdc56516b97ac4f9a4c0ffd/element/C8C78BD406ABBE54E34BF946A33820BB_element_134/elements - {"using":"css selector","value":"th,td"}
RESULT: {"using":"css selector","value":"th,td"}
COMMAND: GET /session/c7d39fe55cdc56516b97ac4f9a4c0ffd/element/C8C78BD406ABBE54E34BF946A33820BB_element_141/text - {}
RESULT: {}
COMMAND: GET /session/c7d39fe55cdc56516b97ac4f9a4c0ffd/element/C8C78BD406ABBE54E34BF946A33820BB_element_142/text - {}
RESULT: {}
COMMAND: GET /session/c7d39fe55cdc56516b97ac4f9a4c0ffd/element/C8C78BD406ABBE54E34BF946A33820BB_element_143/text - {}
RESULT: {}
COMMAND: GET /session/c7d39fe55cdc56516b97ac4f9a4c0ffd/element/C8C78BD406ABBE54E34BF946A33820BB_element_144/text - {}
RESULT: {}
COMMAND: POST /session/c7d39fe55cdc56516b97ac4f9a4c0ffd/element/C8C78BD406ABBE54E34BF946A33820BB_element_135/elements - {"using":"css selector","value":"th,td"}
RESULT: {"using":"css selector","value":"th,td"}
COMMAND: GET /session/c7d39fe55cdc56516b97ac4f9a4c0ffd/element/C8C78BD406ABBE54E34BF946A33820BB_element_145/text - {}
RESULT: {}
COMMAND: GET /session/c7d39fe55cdc56516b97ac4f9a4c0ffd/element/C8C78BD406ABBE54E34BF946A33820BB_element_146/text - {}
RESULT: {}
COMMAND: GET /session/c7d39fe55cdc56516b97ac4f9a4c0ffd/element/C8C78BD406ABBE54E34BF946A33820BB_element_147/text - {}
RESULT: {}
COMMAND: GET /session/c7d39fe55cdc56516b97ac4f9a4c0ffd/element/C8C78BD406ABBE54E34BF946A33820BB_element_148/text - {}
RESULT: {}
]]></system-out>
    </testcase>
    <testcase classname="chrome.117_0_5938_132.linux.Invoice_Page_Test.Vendor:_Vendor_Three,Invoice:2023-03" name="should validate measured events table data" time="1.335">
      <system-out><![CDATA[
COMMAND: POST /session/c7d39fe55cdc56516b97ac4f9a4c0ffd/url - {"url":"https://pr-508.btm.dev.account.gov.uk/contracts/3/invoices/2023-03"}
RESULT: {"url":"https://pr-508.btm.dev.account.gov.uk/contracts/3/invoices/2023-03"}
COMMAND: POST /session/c7d39fe55cdc56516b97ac4f9a4c0ffd/execute/sync - {"script":"return (() => document.readyState === \"complete\").apply(null, arguments)","args":[]}
RESULT: {"script":"return (() => document.readyState === \"complete\").apply(null, arguments)","args":[]}
COMMAND: GET /session/c7d39fe55cdc56516b97ac4f9a4c0ffd/url - {}
RESULT: {}
COMMAND: POST /session/c7d39fe55cdc56516b97ac4f9a4c0ffd/element - {"using":"css selector","value":".govuk-heading-xl"}
RESULT: {"using":"css selector","value":".govuk-heading-xl"}
COMMAND: POST /session/c7d39fe55cdc56516b97ac4f9a4c0ffd/execute/sync - {"script":"return (function isElementDisplayed(element) {\n    function nodeIsElement(node) {\n        if (!node) {\n            return false;\n        }\n        switch (node.nodeType) {\n            case Node.ELEMEN ... (7807 more bytes)","args":[{"element-6066-11e4-a52e-4f735466cecf":"DE0CA3939E2B32C8C83A6F11FFB6A00A_element_152","ELEMENT":"DE0CA3939E2B32C8C83A6F11FFB6A00A_element_152"}]}
RESULT: {"script":"return (function isElementDisplayed(element) {\n    function nodeIsElement(node) {\n        if (!node) {\n            return false;\n        }\n        switch (node.nodeType) {\n            case Node.ELEMEN ... (7807 more bytes)","args":[{"element-6066-11e4-a52e-4f735466cecf":"DE0CA3939E2B32C8C83A6F11FFB6A00A_element_152","ELEMENT":"DE0CA3939E2B32C8C83A6F11FFB6A00A_element_152"}]}
COMMAND: POST /session/c7d39fe55cdc56516b97ac4f9a4c0ffd/element - {"using":"css selector","value":".govuk-heading-xl"}
RESULT: {"using":"css selector","value":".govuk-heading-xl"}
COMMAND: GET /session/c7d39fe55cdc56516b97ac4f9a4c0ffd/element/DE0CA3939E2B32C8C83A6F11FFB6A00A_element_152/text - {}
RESULT: {}
COMMAND: POST /session/c7d39fe55cdc56516b97ac4f9a4c0ffd/element - {"using":"xpath","value":".//caption[contains(., \"Measured (events)\") and not(.//caption)]"}
RESULT: {"using":"xpath","value":".//caption[contains(., \"Measured (events)\") and not(.//caption)]"}
COMMAND: POST /session/c7d39fe55cdc56516b97ac4f9a4c0ffd/execute/sync - {"script":"return (function (elem, id) {\n        return (function parentElement() {\n        return this.parentElement;\n    }).call(elem, id);\n    }).apply(null, arguments)","args":[{"element-6066-11e4-a52e-4f735466cecf":"DE0CA3939E2B32C8C83A6F11FFB6A00A_element_153","ELEMENT":"DE0CA3939E2B32C8C83A6F11FFB6A00A_element_153"}]}
RESULT: {"script":"return (function (elem, id) {\n        return (function parentElement() {\n        return this.parentElement;\n    }).call(elem, id);\n    }).apply(null, arguments)","args":[{"element-6066-11e4-a52e-4f735466cecf":"DE0CA3939E2B32C8C83A6F11FFB6A00A_element_153","ELEMENT":"DE0CA3939E2B32C8C83A6F11FFB6A00A_element_153"}]}
COMMAND: POST /session/c7d39fe55cdc56516b97ac4f9a4c0ffd/execute/sync - {"script":"return (function isElementDisplayed(element) {\n    function nodeIsElement(node) {\n        if (!node) {\n            return false;\n        }\n        switch (node.nodeType) {\n            case Node.ELEMEN ... (7807 more bytes)","args":[{"element-6066-11e4-a52e-4f735466cecf":"DE0CA3939E2B32C8C83A6F11FFB6A00A_element_154","ELEMENT":"DE0CA3939E2B32C8C83A6F11FFB6A00A_element_154"}]}
RESULT: {"script":"return (function isElementDisplayed(element) {\n    function nodeIsElement(node) {\n        if (!node) {\n            return false;\n        }\n        switch (node.nodeType) {\n            case Node.ELEMEN ... (7807 more bytes)","args":[{"element-6066-11e4-a52e-4f735466cecf":"DE0CA3939E2B32C8C83A6F11FFB6A00A_element_154","ELEMENT":"DE0CA3939E2B32C8C83A6F11FFB6A00A_element_154"}]}
COMMAND: POST /session/c7d39fe55cdc56516b97ac4f9a4c0ffd/element/DE0CA3939E2B32C8C83A6F11FFB6A00A_element_154/elements - {"using":"css selector","value":"tbody tr"}
RESULT: {"using":"css selector","value":"tbody tr"}
COMMAND: POST /session/c7d39fe55cdc56516b97ac4f9a4c0ffd/element/DE0CA3939E2B32C8C83A6F11FFB6A00A_element_154/element - {"using":"css selector","value":"thead tr"}
RESULT: {"using":"css selector","value":"thead tr"}
COMMAND: POST /session/c7d39fe55cdc56516b97ac4f9a4c0ffd/element/DE0CA3939E2B32C8C83A6F11FFB6A00A_element_157/elements - {"using":"css selector","value":"th"}
RESULT: {"using":"css selector","value":"th"}
COMMAND: GET /session/c7d39fe55cdc56516b97ac4f9a4c0ffd/element/DE0CA3939E2B32C8C83A6F11FFB6A00A_element_158/text - {}
COMMAND: GET /session/c7d39fe55cdc56516b97ac4f9a4c0ffd/element/DE0CA3939E2B32C8C83A6F11FFB6A00A_element_159/text - {}
RESULT: {}
RESULT: {}
COMMAND: POST /session/c7d39fe55cdc56516b97ac4f9a4c0ffd/element/DE0CA3939E2B32C8C83A6F11FFB6A00A_element_155/elements - {"using":"css selector","value":"th,td"}
RESULT: {"using":"css selector","value":"th,td"}
COMMAND: GET /session/c7d39fe55cdc56516b97ac4f9a4c0ffd/element/DE0CA3939E2B32C8C83A6F11FFB6A00A_element_160/text - {}
RESULT: {}
COMMAND: GET /session/c7d39fe55cdc56516b97ac4f9a4c0ffd/element/DE0CA3939E2B32C8C83A6F11FFB6A00A_element_161/text - {}
RESULT: {}
COMMAND: POST /session/c7d39fe55cdc56516b97ac4f9a4c0ffd/element/DE0CA3939E2B32C8C83A6F11FFB6A00A_element_156/elements - {"using":"css selector","value":"th,td"}
RESULT: {"using":"css selector","value":"th,td"}
COMMAND: GET /session/c7d39fe55cdc56516b97ac4f9a4c0ffd/element/DE0CA3939E2B32C8C83A6F11FFB6A00A_element_162/text - {}
RESULT: {}
COMMAND: GET /session/c7d39fe55cdc56516b97ac4f9a4c0ffd/element/DE0CA3939E2B32C8C83A6F11FFB6A00A_element_163/text - {}
RESULT: {}
]]></system-out>
    </testcase>
    <testcase classname="chrome.117_0_5938_132.linux.Invoice_Page_Test.Vendor:_Vendor_Three,Invoice:2023-03" name="should validate invoice table data" time="1.064">
      <system-out><![CDATA[
COMMAND: POST /session/c7d39fe55cdc56516b97ac4f9a4c0ffd/url - {"url":"https://pr-508.btm.dev.account.gov.uk/contracts/3/invoices/2023-03"}
RESULT: {"url":"https://pr-508.btm.dev.account.gov.uk/contracts/3/invoices/2023-03"}
COMMAND: POST /session/c7d39fe55cdc56516b97ac4f9a4c0ffd/execute/sync - {"script":"return (() => document.readyState === \"complete\").apply(null, arguments)","args":[]}
RESULT: {"script":"return (() => document.readyState === \"complete\").apply(null, arguments)","args":[]}
COMMAND: GET /session/c7d39fe55cdc56516b97ac4f9a4c0ffd/url - {}
RESULT: {}
COMMAND: POST /session/c7d39fe55cdc56516b97ac4f9a4c0ffd/element - {"using":"css selector","value":".govuk-heading-xl"}
RESULT: {"using":"css selector","value":".govuk-heading-xl"}
COMMAND: POST /session/c7d39fe55cdc56516b97ac4f9a4c0ffd/execute/sync - {"script":"return (function isElementDisplayed(element) {\n    function nodeIsElement(node) {\n        if (!node) {\n            return false;\n        }\n        switch (node.nodeType) {\n            case Node.ELEMEN ... (7807 more bytes)","args":[{"element-6066-11e4-a52e-4f735466cecf":"39379A16310C43F4EA4B632F3261643D_element_165","ELEMENT":"39379A16310C43F4EA4B632F3261643D_element_165"}]}
RESULT: {"script":"return (function isElementDisplayed(element) {\n    function nodeIsElement(node) {\n        if (!node) {\n            return false;\n        }\n        switch (node.nodeType) {\n            case Node.ELEMEN ... (7807 more bytes)","args":[{"element-6066-11e4-a52e-4f735466cecf":"39379A16310C43F4EA4B632F3261643D_element_165","ELEMENT":"39379A16310C43F4EA4B632F3261643D_element_165"}]}
COMMAND: POST /session/c7d39fe55cdc56516b97ac4f9a4c0ffd/element - {"using":"css selector","value":".govuk-heading-xl"}
RESULT: {"using":"css selector","value":".govuk-heading-xl"}
COMMAND: GET /session/c7d39fe55cdc56516b97ac4f9a4c0ffd/element/39379A16310C43F4EA4B632F3261643D_element_165/text - {}
RESULT: {}
COMMAND: POST /session/c7d39fe55cdc56516b97ac4f9a4c0ffd/element - {"using":"xpath","value":".//caption[contains(., \"Invoice\") and not(.//caption)]"}
RESULT: {"using":"xpath","value":".//caption[contains(., \"Invoice\") and not(.//caption)]"}
COMMAND: POST /session/c7d39fe55cdc56516b97ac4f9a4c0ffd/execute/sync - {"script":"return (function (elem, id) {\n        return (function parentElement() {\n        return this.parentElement;\n    }).call(elem, id);\n    }).apply(null, arguments)","args":[{"element-6066-11e4-a52e-4f735466cecf":"39379A16310C43F4EA4B632F3261643D_element_166","ELEMENT":"39379A16310C43F4EA4B632F3261643D_element_166"}]}
RESULT: {"script":"return (function (elem, id) {\n        return (function parentElement() {\n        return this.parentElement;\n    }).call(elem, id);\n    }).apply(null, arguments)","args":[{"element-6066-11e4-a52e-4f735466cecf":"39379A16310C43F4EA4B632F3261643D_element_166","ELEMENT":"39379A16310C43F4EA4B632F3261643D_element_166"}]}
COMMAND: POST /session/c7d39fe55cdc56516b97ac4f9a4c0ffd/execute/sync - {"script":"return (function isElementDisplayed(element) {\n    function nodeIsElement(node) {\n        if (!node) {\n            return false;\n        }\n        switch (node.nodeType) {\n            case Node.ELEMEN ... (7807 more bytes)","args":[{"element-6066-11e4-a52e-4f735466cecf":"39379A16310C43F4EA4B632F3261643D_element_167","ELEMENT":"39379A16310C43F4EA4B632F3261643D_element_167"}]}
RESULT: {"script":"return (function isElementDisplayed(element) {\n    function nodeIsElement(node) {\n        if (!node) {\n            return false;\n        }\n        switch (node.nodeType) {\n            case Node.ELEMEN ... (7807 more bytes)","args":[{"element-6066-11e4-a52e-4f735466cecf":"39379A16310C43F4EA4B632F3261643D_element_167","ELEMENT":"39379A16310C43F4EA4B632F3261643D_element_167"}]}
COMMAND: POST /session/c7d39fe55cdc56516b97ac4f9a4c0ffd/element/39379A16310C43F4EA4B632F3261643D_element_167/elements - {"using":"css selector","value":"tbody tr"}
RESULT: {"using":"css selector","value":"tbody tr"}
COMMAND: POST /session/c7d39fe55cdc56516b97ac4f9a4c0ffd/element/39379A16310C43F4EA4B632F3261643D_element_167/element - {"using":"css selector","value":"thead tr"}
RESULT: {"using":"css selector","value":"thead tr"}
COMMAND: POST /session/c7d39fe55cdc56516b97ac4f9a4c0ffd/element/39379A16310C43F4EA4B632F3261643D_element_171/elements - {"using":"css selector","value":"th"}
RESULT: {"using":"css selector","value":"th"}
COMMAND: GET /session/c7d39fe55cdc56516b97ac4f9a4c0ffd/element/39379A16310C43F4EA4B632F3261643D_element_172/text - {}
COMMAND: GET /session/c7d39fe55cdc56516b97ac4f9a4c0ffd/element/39379A16310C43F4EA4B632F3261643D_element_173/text - {}
COMMAND: GET /session/c7d39fe55cdc56516b97ac4f9a4c0ffd/element/39379A16310C43F4EA4B632F3261643D_element_175/text - {}
COMMAND: GET /session/c7d39fe55cdc56516b97ac4f9a4c0ffd/element/39379A16310C43F4EA4B632F3261643D_element_174/text - {}
COMMAND: GET /session/c7d39fe55cdc56516b97ac4f9a4c0ffd/element/39379A16310C43F4EA4B632F3261643D_element_176/text - {}
RESULT: {}
RESULT: {}
RESULT: {}
RESULT: {}
RESULT: {}
COMMAND: POST /session/c7d39fe55cdc56516b97ac4f9a4c0ffd/element/39379A16310C43F4EA4B632F3261643D_element_168/elements - {"using":"css selector","value":"th,td"}
RESULT: {"using":"css selector","value":"th,td"}
COMMAND: GET /session/c7d39fe55cdc56516b97ac4f9a4c0ffd/element/39379A16310C43F4EA4B632F3261643D_element_177/text - {}
RESULT: {}
COMMAND: GET /session/c7d39fe55cdc56516b97ac4f9a4c0ffd/element/39379A16310C43F4EA4B632F3261643D_element_178/text - {}
RESULT: {}
COMMAND: GET /session/c7d39fe55cdc56516b97ac4f9a4c0ffd/element/39379A16310C43F4EA4B632F3261643D_element_179/text - {}
RESULT: {}
COMMAND: GET /session/c7d39fe55cdc56516b97ac4f9a4c0ffd/element/39379A16310C43F4EA4B632F3261643D_element_180/text - {}
RESULT: {}
COMMAND: GET /session/c7d39fe55cdc56516b97ac4f9a4c0ffd/element/39379A16310C43F4EA4B632F3261643D_element_181/text - {}
RESULT: {}
COMMAND: POST /session/c7d39fe55cdc56516b97ac4f9a4c0ffd/element/39379A16310C43F4EA4B632F3261643D_element_169/elements - {"using":"css selector","value":"th,td"}
RESULT: {"using":"css selector","value":"th,td"}
COMMAND: GET /session/c7d39fe55cdc56516b97ac4f9a4c0ffd/element/39379A16310C43F4EA4B632F3261643D_element_182/text - {}
RESULT: {}
COMMAND: GET /session/c7d39fe55cdc56516b97ac4f9a4c0ffd/element/39379A16310C43F4EA4B632F3261643D_element_183/text - {}
RESULT: {}
COMMAND: GET /session/c7d39fe55cdc56516b97ac4f9a4c0ffd/element/39379A16310C43F4EA4B632F3261643D_element_184/text - {}
RESULT: {}
COMMAND: GET /session/c7d39fe55cdc56516b97ac4f9a4c0ffd/element/39379A16310C43F4EA4B632F3261643D_element_185/text - {}
RESULT: {}
COMMAND: GET /session/c7d39fe55cdc56516b97ac4f9a4c0ffd/element/39379A16310C43F4EA4B632F3261643D_element_186/text - {}
RESULT: {}
COMMAND: POST /session/c7d39fe55cdc56516b97ac4f9a4c0ffd/element/39379A16310C43F4EA4B632F3261643D_element_170/elements - {"using":"css selector","value":"th,td"}
RESULT: {"using":"css selector","value":"th,td"}
COMMAND: GET /session/c7d39fe55cdc56516b97ac4f9a4c0ffd/element/39379A16310C43F4EA4B632F3261643D_element_187/text - {}
RESULT: {}
COMMAND: GET /session/c7d39fe55cdc56516b97ac4f9a4c0ffd/element/39379A16310C43F4EA4B632F3261643D_element_188/text - {}
RESULT: {}
COMMAND: GET /session/c7d39fe55cdc56516b97ac4f9a4c0ffd/element/39379A16310C43F4EA4B632F3261643D_element_189/text - {}
RESULT: {}
COMMAND: GET /session/c7d39fe55cdc56516b97ac4f9a4c0ffd/element/39379A16310C43F4EA4B632F3261643D_element_190/text - {}
RESULT: {}
COMMAND: GET /session/c7d39fe55cdc56516b97ac4f9a4c0ffd/element/39379A16310C43F4EA4B632F3261643D_element_191/text - {}
RESULT: {}
]]></system-out>
    </testcase>
  </testsuite>
  <testsuite name="Vendor Vendor Three Invoice 2005 08" timestamp="2023-10-10T10:43:56" time="5.808" tests="6" failures="0" errors="0" skipped="0">
    <properties>
      <property name="specId" value="0"/>
      <property name="suiteName" value="Vendor: Vendor Three,Invoice:2005-08"/>
      <property name="capabilities" value="chrome.117_0_5938_132.linux"/>
      <property name="file" value="file://./ui-tests/specs/invoice.spec.ts"/>
    </properties>
    <testcase classname="chrome.117_0_5938_132.linux.Invoice_Page_Test.Vendor:_Vendor_Three,Invoice:2005-08" name="should display correct status banner color and message" time="0.819">
      <system-out><![CDATA[
COMMAND: POST /session/c7d39fe55cdc56516b97ac4f9a4c0ffd/url - {"url":"https://pr-508.btm.dev.account.gov.uk/contracts/3/invoices/2005-08"}
RESULT: {"url":"https://pr-508.btm.dev.account.gov.uk/contracts/3/invoices/2005-08"}
COMMAND: POST /session/c7d39fe55cdc56516b97ac4f9a4c0ffd/execute/sync - {"script":"return (() => document.readyState === \"complete\").apply(null, arguments)","args":[]}
RESULT: {"script":"return (() => document.readyState === \"complete\").apply(null, arguments)","args":[]}
COMMAND: GET /session/c7d39fe55cdc56516b97ac4f9a4c0ffd/url - {}
RESULT: {}
COMMAND: POST /session/c7d39fe55cdc56516b97ac4f9a4c0ffd/element - {"using":"css selector","value":".govuk-heading-xl"}
RESULT: {"using":"css selector","value":".govuk-heading-xl"}
COMMAND: POST /session/c7d39fe55cdc56516b97ac4f9a4c0ffd/execute/sync - {"script":"return (function isElementDisplayed(element) {\n    function nodeIsElement(node) {\n        if (!node) {\n            return false;\n        }\n        switch (node.nodeType) {\n            case Node.ELEMEN ... (7807 more bytes)","args":[{"element-6066-11e4-a52e-4f735466cecf":"5CDD3EEBE9A290F1B7322132D4FDC484_element_195","ELEMENT":"5CDD3EEBE9A290F1B7322132D4FDC484_element_195"}]}
RESULT: {"script":"return (function isElementDisplayed(element) {\n    function nodeIsElement(node) {\n        if (!node) {\n            return false;\n        }\n        switch (node.nodeType) {\n            case Node.ELEMEN ... (7807 more bytes)","args":[{"element-6066-11e4-a52e-4f735466cecf":"5CDD3EEBE9A290F1B7322132D4FDC484_element_195","ELEMENT":"5CDD3EEBE9A290F1B7322132D4FDC484_element_195"}]}
COMMAND: POST /session/c7d39fe55cdc56516b97ac4f9a4c0ffd/element - {"using":"css selector","value":".govuk-heading-xl"}
RESULT: {"using":"css selector","value":".govuk-heading-xl"}
COMMAND: GET /session/c7d39fe55cdc56516b97ac4f9a4c0ffd/element/5CDD3EEBE9A290F1B7322132D4FDC484_element_195/text - {}
RESULT: {}
COMMAND: POST /session/c7d39fe55cdc56516b97ac4f9a4c0ffd/element - {"using":"css selector","value":"h2.govuk-panel__title"}
RESULT: {"using":"css selector","value":"h2.govuk-panel__title"}
COMMAND: POST /session/c7d39fe55cdc56516b97ac4f9a4c0ffd/execute/sync - {"script":"return (function isElementDisplayed(element) {\n    function nodeIsElement(node) {\n        if (!node) {\n            return false;\n        }\n        switch (node.nodeType) {\n            case Node.ELEMEN ... (7807 more bytes)","args":[{"element-6066-11e4-a52e-4f735466cecf":"5CDD3EEBE9A290F1B7322132D4FDC484_element_196","ELEMENT":"5CDD3EEBE9A290F1B7322132D4FDC484_element_196"}]}
RESULT: {"script":"return (function isElementDisplayed(element) {\n    function nodeIsElement(node) {\n        if (!node) {\n            return false;\n        }\n        switch (node.nodeType) {\n            case Node.ELEMEN ... (7807 more bytes)","args":[{"element-6066-11e4-a52e-4f735466cecf":"5CDD3EEBE9A290F1B7322132D4FDC484_element_196","ELEMENT":"5CDD3EEBE9A290F1B7322132D4FDC484_element_196"}]}
COMMAND: POST /session/c7d39fe55cdc56516b97ac4f9a4c0ffd/element - {"using":"css selector","value":"h2.govuk-panel__title"}
RESULT: {"using":"css selector","value":"h2.govuk-panel__title"}
COMMAND: GET /session/c7d39fe55cdc56516b97ac4f9a4c0ffd/element/5CDD3EEBE9A290F1B7322132D4FDC484_element_196/text - {}
RESULT: {}
COMMAND: POST /session/c7d39fe55cdc56516b97ac4f9a4c0ffd/element - {"using":"css selector","value":".govuk-panel"}
RESULT: {"using":"css selector","value":".govuk-panel"}
COMMAND: POST /session/c7d39fe55cdc56516b97ac4f9a4c0ffd/execute/sync - {"script":"return (function isElementDisplayed(element) {\n    function nodeIsElement(node) {\n        if (!node) {\n            return false;\n        }\n        switch (node.nodeType) {\n            case Node.ELEMEN ... (7807 more bytes)","args":[{"element-6066-11e4-a52e-4f735466cecf":"5CDD3EEBE9A290F1B7322132D4FDC484_element_193","ELEMENT":"5CDD3EEBE9A290F1B7322132D4FDC484_element_193"}]}
[...]
COMMAND: POST /session/c7d39fe55cdc56516b97ac4f9a4c0ffd/element - {"using":"css selector","value":".govuk-heading-xl"}
RESULT: {"using":"css selector","value":".govuk-heading-xl"}
COMMAND: GET /session/c7d39fe55cdc56516b97ac4f9a4c0ffd/element/1B71C8D6FC6816FFB7419CBD77222070_element_1360/text - {}
RESULT: {}
COMMAND: POST /session/c7d39fe55cdc56516b97ac4f9a4c0ffd/element - {"using":"xpath","value":".//caption[contains(., \"Price\") and not(.//caption)]"}
RESULT: {"using":"xpath","value":".//caption[contains(., \"Price\") and not(.//caption)]"}
COMMAND: POST /session/c7d39fe55cdc56516b97ac4f9a4c0ffd/execute/sync - {"script":"return (function (elem, id) {\n        return (function parentElement() {\n        return this.parentElement;\n    }).call(elem, id);\n    }).apply(null, arguments)","args":[{"element-6066-11e4-a52e-4f735466cecf":"1B71C8D6FC6816FFB7419CBD77222070_element_1361","ELEMENT":"1B71C8D6FC6816FFB7419CBD77222070_element_1361"}]}
RESULT: {"script":"return (function (elem, id) {\n        return (function parentElement() {\n        return this.parentElement;\n    }).call(elem, id);\n    }).apply(null, arguments)","args":[{"element-6066-11e4-a52e-4f735466cecf":"1B71C8D6FC6816FFB7419CBD77222070_element_1361","ELEMENT":"1B71C8D6FC6816FFB7419CBD77222070_element_1361"}]}
COMMAND: POST /session/c7d39fe55cdc56516b97ac4f9a4c0ffd/execute/sync - {"script":"return (function isElementDisplayed(element) {\n    function nodeIsElement(node) {\n        if (!node) {\n            return false;\n        }\n        switch (node.nodeType) {\n            case Node.ELEMEN ... (7807 more bytes)","args":[{"element-6066-11e4-a52e-4f735466cecf":"1B71C8D6FC6816FFB7419CBD77222070_element_1362","ELEMENT":"1B71C8D6FC6816FFB7419CBD77222070_element_1362"}]}
RESULT: {"script":"return (function isElementDisplayed(element) {\n    function nodeIsElement(node) {\n        if (!node) {\n            return false;\n        }\n        switch (node.nodeType) {\n            case Node.ELEMEN ... (7807 more bytes)","args":[{"element-6066-11e4-a52e-4f735466cecf":"1B71C8D6FC6816FFB7419CBD77222070_element_1362","ELEMENT":"1B71C8D6FC6816FFB7419CBD77222070_element_1362"}]}
COMMAND: POST /session/c7d39fe55cdc56516b97ac4f9a4c0ffd/element/1B71C8D6FC6816FFB7419CBD77222070_element_1362/elements - {"using":"css selector","value":"tbody tr"}
RESULT: {"using":"css selector","value":"tbody tr"}
COMMAND: POST /session/c7d39fe55cdc56516b97ac4f9a4c0ffd/element/1B71C8D6FC6816FFB7419CBD77222070_element_1362/element - {"using":"css selector","value":"thead tr"}
RESULT: {"using":"css selector","value":"thead tr"}
COMMAND: POST /session/c7d39fe55cdc56516b97ac4f9a4c0ffd/element/1B71C8D6FC6816FFB7419CBD77222070_element_1364/elements - {"using":"css selector","value":"th"}
RESULT: {"using":"css selector","value":"th"}
COMMAND: GET /session/c7d39fe55cdc56516b97ac4f9a4c0ffd/element/1B71C8D6FC6816FFB7419CBD77222070_element_1365/text - {}
COMMAND: GET /session/c7d39fe55cdc56516b97ac4f9a4c0ffd/element/1B71C8D6FC6816FFB7419CBD77222070_element_1366/text - {}
COMMAND: GET /session/c7d39fe55cdc56516b97ac4f9a4c0ffd/element/1B71C8D6FC6816FFB7419CBD77222070_element_1368/text - {}
COMMAND: GET /session/c7d39fe55cdc56516b97ac4f9a4c0ffd/element/1B71C8D6FC6816FFB7419CBD77222070_element_1367/text - {}
RESULT: {}
RESULT: {}
RESULT: {}
RESULT: {}
COMMAND: POST /session/c7d39fe55cdc56516b97ac4f9a4c0ffd/element/1B71C8D6FC6816FFB7419CBD77222070_element_1363/elements - {"using":"css selector","value":"th,td"}
RESULT: {"using":"css selector","value":"th,td"}
COMMAND: GET /session/c7d39fe55cdc56516b97ac4f9a4c0ffd/element/1B71C8D6FC6816FFB7419CBD77222070_element_1369/text - {}
RESULT: {}
COMMAND: GET /session/c7d39fe55cdc56516b97ac4f9a4c0ffd/element/1B71C8D6FC6816FFB7419CBD77222070_element_1370/text - {}
RESULT: {}
COMMAND: GET /session/c7d39fe55cdc56516b97ac4f9a4c0ffd/element/1B71C8D6FC6816FFB7419CBD77222070_element_1371/text - {}
RESULT: {}
COMMAND: GET /session/c7d39fe55cdc56516b97ac4f9a4c0ffd/element/1B71C8D6FC6816FFB7419CBD77222070_element_1372/text - {}
RESULT: {}
]]></system-out>
      <system-err><![CDATA[
Error: expect(received).toEqual(expected) // deep equality

Expected: "£100.00"
Received: "£0.64"
    at expectEqual (file:///home/runner/work/di-billing-transaction-monitoring/di-billing-transaction-monitoring/ui-tests/utils/customTestAssertion.ts:12:20)
    at assertPriceTableData (file:///home/runner/work/di-billing-transaction-monitoring/di-billing-transaction-monitoring/ui-tests/specs/invoice.spec.ts:200:3)
    at validateTableDataWithAssertions (file:///home/runner/work/di-billing-transaction-monitoring/di-billing-transaction-monitoring/ui-tests/specs/invoice.spec.ts:154:5)
    at runMicrotasks (<anonymous>)
    at processTicksAndRejections (node:internal/process/task_queues:96:5)
    at async Context.<anonymous> (file:///home/runner/work/di-billing-transaction-monitoring/di-billing-transaction-monitoring/ui-tests/specs/invoice.spec.ts:114:9)
]]></system-err>
    </testcase>
    <testcase classname="chrome.117_0_5938_132.linux.Invoice_Page_Test.Vendor:_Vendor_Six,Invoice:2005-Q2" name="should validate measured events table data" time="0.692">
      <failure/>
      <error message="expect(received).toEqual(expected) // deep equality&#xA;&#xA;Expected: &quot;80&quot;&#xA;Received: &quot;4&quot;"/>
      <system-out><![CDATA[
COMMAND: POST /session/c7d39fe55cdc56516b97ac4f9a4c0ffd/url - {"url":"https://pr-508.btm.dev.account.gov.uk/contracts/6/invoices/2005-q2"}
RESULT: {"url":"https://pr-508.btm.dev.account.gov.uk/contracts/6/invoices/2005-q2"}
COMMAND: POST /session/c7d39fe55cdc56516b97ac4f9a4c0ffd/execute/sync - {"script":"return (() => document.readyState === \"complete\").apply(null, arguments)","args":[]}
RESULT: {"script":"return (() => document.readyState === \"complete\").apply(null, arguments)","args":[]}
COMMAND: GET /session/c7d39fe55cdc56516b97ac4f9a4c0ffd/url - {}
RESULT: {}
COMMAND: POST /session/c7d39fe55cdc56516b97ac4f9a4c0ffd/element - {"using":"css selector","value":".govuk-heading-xl"}
RESULT: {"using":"css selector","value":".govuk-heading-xl"}
COMMAND: POST /session/c7d39fe55cdc56516b97ac4f9a4c0ffd/execute/sync - {"script":"return (function isElementDisplayed(element) {\n    function nodeIsElement(node) {\n        if (!node) {\n            return false;\n        }\n        switch (node.nodeType) {\n            case Node.ELEMEN ... (7807 more bytes)","args":[{"element-6066-11e4-a52e-4f735466cecf":"B9E7AC33EBABC1DFEA9133084A23BFB8_element_1374","ELEMENT":"B9E7AC33EBABC1DFEA9133084A23BFB8_element_1374"}]}
RESULT: {"script":"return (function isElementDisplayed(element) {\n    function nodeIsElement(node) {\n        if (!node) {\n            return false;\n        }\n        switch (node.nodeType) {\n            case Node.ELEMEN ... (7807 more bytes)","args":[{"element-6066-11e4-a52e-4f735466cecf":"B9E7AC33EBABC1DFEA9133084A23BFB8_element_1374","ELEMENT":"B9E7AC33EBABC1DFEA9133084A23BFB8_element_1374"}]}
COMMAND: POST /session/c7d39fe55cdc56516b97ac4f9a4c0ffd/element - {"using":"css selector","value":".govuk-heading-xl"}
RESULT: {"using":"css selector","value":".govuk-heading-xl"}
COMMAND: GET /session/c7d39fe55cdc56516b97ac4f9a4c0ffd/element/B9E7AC33EBABC1DFEA9133084A23BFB8_element_1374/text - {}
RESULT: {}
COMMAND: POST /session/c7d39fe55cdc56516b97ac4f9a4c0ffd/element - {"using":"xpath","value":".//caption[contains(., \"Measured (events)\") and not(.//caption)]"}
RESULT: {"using":"xpath","value":".//caption[contains(., \"Measured (events)\") and not(.//caption)]"}
COMMAND: POST /session/c7d39fe55cdc56516b97ac4f9a4c0ffd/execute/sync - {"script":"return (function (elem, id) {\n        return (function parentElement() {\n        return this.parentElement;\n    }).call(elem, id);\n    }).apply(null, arguments)","args":[{"element-6066-11e4-a52e-4f735466cecf":"B9E7AC33EBABC1DFEA9133084A23BFB8_element_1375","ELEMENT":"B9E7AC33EBABC1DFEA9133084A23BFB8_element_1375"}]}
RESULT: {"script":"return (function (elem, id) {\n        return (function parentElement() {\n        return this.parentElement;\n    }).call(elem, id);\n    }).apply(null, arguments)","args":[{"element-6066-11e4-a52e-4f735466cecf":"B9E7AC33EBABC1DFEA9133084A23BFB8_element_1375","ELEMENT":"B9E7AC33EBABC1DFEA9133084A23BFB8_element_1375"}]}
COMMAND: POST /session/c7d39fe55cdc56516b97ac4f9a4c0ffd/execute/sync - {"script":"return (function isElementDisplayed(element) {\n    function nodeIsElement(node) {\n        if (!node) {\n            return false;\n        }\n        switch (node.nodeType) {\n            case Node.ELEMEN ... (7807 more bytes)","args":[{"element-6066-11e4-a52e-4f735466cecf":"B9E7AC33EBABC1DFEA9133084A23BFB8_element_1376","ELEMENT":"B9E7AC33EBABC1DFEA9133084A23BFB8_element_1376"}]}
RESULT: {"script":"return (function isElementDisplayed(element) {\n    function nodeIsElement(node) {\n        if (!node) {\n            return false;\n        }\n        switch (node.nodeType) {\n            case Node.ELEMEN ... (7807 more bytes)","args":[{"element-6066-11e4-a52e-4f735466cecf":"B9E7AC33EBABC1DFEA9133084A23BFB8_element_1376","ELEMENT":"B9E7AC33EBABC1DFEA9133084A23BFB8_element_1376"}]}
COMMAND: POST /session/c7d39fe55cdc56516b97ac4f9a4c0ffd/element/B9E7AC33EBABC1DFEA9133084A23BFB8_element_1376/elements - {"using":"css selector","value":"tbody tr"}
RESULT: {"using":"css selector","value":"tbody tr"}
COMMAND: POST /session/c7d39fe55cdc56516b97ac4f9a4c0ffd/element/B9E7AC33EBABC1DFEA9133084A23BFB8_element_1376/element - {"using":"css selector","value":"thead tr"}
RESULT: {"using":"css selector","value":"thead tr"}
COMMAND: POST /session/c7d39fe55cdc56516b97ac4f9a4c0ffd/element/B9E7AC33EBABC1DFEA9133084A23BFB8_element_1378/elements - {"using":"css selector","value":"th"}
RESULT: {"using":"css selector","value":"th"}
COMMAND: GET /session/c7d39fe55cdc56516b97ac4f9a4c0ffd/element/B9E7AC33EBABC1DFEA9133084A23BFB8_element_1379/text - {}
COMMAND: GET /session/c7d39fe55cdc56516b97ac4f9a4c0ffd/element/B9E7AC33EBABC1DFEA9133084A23BFB8_element_1380/text - {}
RESULT: {}
RESULT: {}
COMMAND: POST /session/c7d39fe55cdc56516b97ac4f9a4c0ffd/element/B9E7AC33EBABC1DFEA9133084A23BFB8_element_1377/elements - {"using":"css selector","value":"th,td"}
RESULT: {"using":"css selector","value":"th,td"}
COMMAND: GET /session/c7d39fe55cdc56516b97ac4f9a4c0ffd/element/B9E7AC33EBABC1DFEA9133084A23BFB8_element_1381/text - {}
RESULT: {}
COMMAND: GET /session/c7d39fe55cdc56516b97ac4f9a4c0ffd/element/B9E7AC33EBABC1DFEA9133084A23BFB8_element_1382/text - {}
RESULT: {}
]]></system-out>
      <system-err><![CDATA[
Error: expect(received).toEqual(expected) // deep equality

Expected: "80"
Received: "4"
    at expectEqual (file:///home/runner/work/di-billing-transaction-monitoring/di-billing-transaction-monitoring/ui-tests/utils/customTestAssertion.ts:12:20)
    at assertMeasuredTableData (file:///home/runner/work/di-billing-transaction-monitoring/di-billing-transaction-monitoring/ui-tests/specs/invoice.spec.ts:213:3)
    at validateTableDataWithAssertions (file:///home/runner/work/di-billing-transaction-monitoring/di-billing-transaction-monitoring/ui-tests/specs/invoice.spec.ts:154:5)
    at runMicrotasks (<anonymous>)
    at processTicksAndRejections (node:internal/process/task_queues:96:5)
    at async Context.<anonymous> (file:///home/runner/work/di-billing-transaction-monitoring/di-billing-transaction-monitoring/ui-tests/specs/invoice.spec.ts:122:9)
]]></system-err>
    </testcase>
    <testcase classname="chrome.117_0_5938_132.linux.Invoice_Page_Test.Vendor:_Vendor_Six,Invoice:2005-Q2" name="should validate invoice table data" time="0.897">
      <failure/>
      <error message="expect(received).toEqual(expected) // deep equality&#xA;&#xA;Expected: &quot;100&quot;&#xA;Received: &quot;2&quot;"/>
      <system-out><![CDATA[
COMMAND: POST /session/c7d39fe55cdc56516b97ac4f9a4c0ffd/url - {"url":"https://pr-508.btm.dev.account.gov.uk/contracts/6/invoices/2005-q2"}
RESULT: {"url":"https://pr-508.btm.dev.account.gov.uk/contracts/6/invoices/2005-q2"}
COMMAND: POST /session/c7d39fe55cdc56516b97ac4f9a4c0ffd/execute/sync - {"script":"return (() => document.readyState === \"complete\").apply(null, arguments)","args":[]}
RESULT: {"script":"return (() => document.readyState === \"complete\").apply(null, arguments)","args":[]}
COMMAND: GET /session/c7d39fe55cdc56516b97ac4f9a4c0ffd/url - {}
RESULT: {}
COMMAND: POST /session/c7d39fe55cdc56516b97ac4f9a4c0ffd/element - {"using":"css selector","value":".govuk-heading-xl"}
RESULT: {"using":"css selector","value":".govuk-heading-xl"}
COMMAND: POST /session/c7d39fe55cdc56516b97ac4f9a4c0ffd/execute/sync - {"script":"return (function isElementDisplayed(element) {\n    function nodeIsElement(node) {\n        if (!node) {\n            return false;\n        }\n        switch (node.nodeType) {\n            case Node.ELEMEN ... (7807 more bytes)","args":[{"element-6066-11e4-a52e-4f735466cecf":"9A42B88C1D5C0B4B7FFEA7C5DDB5E468_element_1384","ELEMENT":"9A42B88C1D5C0B4B7FFEA7C5DDB5E468_element_1384"}]}
RESULT: {"script":"return (function isElementDisplayed(element) {\n    function nodeIsElement(node) {\n        if (!node) {\n            return false;\n        }\n        switch (node.nodeType) {\n            case Node.ELEMEN ... (7807 more bytes)","args":[{"element-6066-11e4-a52e-4f735466cecf":"9A42B88C1D5C0B4B7FFEA7C5DDB5E468_element_1384","ELEMENT":"9A42B88C1D5C0B4B7FFEA7C5DDB5E468_element_1384"}]}
COMMAND: POST /session/c7d39fe55cdc56516b97ac4f9a4c0ffd/element - {"using":"css selector","value":".govuk-heading-xl"}
RESULT: {"using":"css selector","value":".govuk-heading-xl"}
COMMAND: GET /session/c7d39fe55cdc56516b97ac4f9a4c0ffd/element/9A42B88C1D5C0B4B7FFEA7C5DDB5E468_element_1384/text - {}
RESULT: {}
COMMAND: POST /session/c7d39fe55cdc56516b97ac4f9a4c0ffd/element - {"using":"xpath","value":".//caption[contains(., \"Invoice\") and not(.//caption)]"}
RESULT: {"using":"xpath","value":".//caption[contains(., \"Invoice\") and not(.//caption)]"}
COMMAND: POST /session/c7d39fe55cdc56516b97ac4f9a4c0ffd/execute/sync - {"script":"return (function (elem, id) {\n        return (function parentElement() {\n        return this.parentElement;\n    }).call(elem, id);\n    }).apply(null, arguments)","args":[{"element-6066-11e4-a52e-4f735466cecf":"9A42B88C1D5C0B4B7FFEA7C5DDB5E468_element_1385","ELEMENT":"9A42B88C1D5C0B4B7FFEA7C5DDB5E468_element_1385"}]}
RESULT: {"script":"return (function (elem, id) {\n        return (function parentElement() {\n        return this.parentElement;\n    }).call(elem, id);\n    }).apply(null, arguments)","args":[{"element-6066-11e4-a52e-4f735466cecf":"9A42B88C1D5C0B4B7FFEA7C5DDB5E468_element_1385","ELEMENT":"9A42B88C1D5C0B4B7FFEA7C5DDB5E468_element_1385"}]}
COMMAND: POST /session/c7d39fe55cdc56516b97ac4f9a4c0ffd/execute/sync - {"script":"return (function isElementDisplayed(element) {\n    function nodeIsElement(node) {\n        if (!node) {\n            return false;\n        }\n        switch (node.nodeType) {\n            case Node.ELEMEN ... (7807 more bytes)","args":[{"element-6066-11e4-a52e-4f735466cecf":"9A42B88C1D5C0B4B7FFEA7C5DDB5E468_element_1386","ELEMENT":"9A42B88C1D5C0B4B7FFEA7C5DDB5E468_element_1386"}]}
RESULT: {"script":"return (function isElementDisplayed(element) {\n    function nodeIsElement(node) {\n        if (!node) {\n            return false;\n        }\n        switch (node.nodeType) {\n            case Node.ELEMEN ... (7807 more bytes)","args":[{"element-6066-11e4-a52e-4f735466cecf":"9A42B88C1D5C0B4B7FFEA7C5DDB5E468_element_1386","ELEMENT":"9A42B88C1D5C0B4B7FFEA7C5DDB5E468_element_1386"}]}
COMMAND: POST /session/c7d39fe55cdc56516b97ac4f9a4c0ffd/element/9A42B88C1D5C0B4B7FFEA7C5DDB5E468_element_1386/elements - {"using":"css selector","value":"tbody tr"}
RESULT: {"using":"css selector","value":"tbody tr"}
COMMAND: POST /session/c7d39fe55cdc56516b97ac4f9a4c0ffd/element/9A42B88C1D5C0B4B7FFEA7C5DDB5E468_element_1386/element - {"using":"css selector","value":"thead tr"}
RESULT: {"using":"css selector","value":"thead tr"}
COMMAND: POST /session/c7d39fe55cdc56516b97ac4f9a4c0ffd/element/9A42B88C1D5C0B4B7FFEA7C5DDB5E468_element_1389/elements - {"using":"css selector","value":"th"}
RESULT: {"using":"css selector","value":"th"}
COMMAND: GET /session/c7d39fe55cdc56516b97ac4f9a4c0ffd/element/9A42B88C1D5C0B4B7FFEA7C5DDB5E468_element_1390/text - {}
COMMAND: GET /session/c7d39fe55cdc56516b97ac4f9a4c0ffd/element/9A42B88C1D5C0B4B7FFEA7C5DDB5E468_element_1391/text - {}
COMMAND: GET /session/c7d39fe55cdc56516b97ac4f9a4c0ffd/element/9A42B88C1D5C0B4B7FFEA7C5DDB5E468_element_1393/text - {}
COMMAND: GET /session/c7d39fe55cdc56516b97ac4f9a4c0ffd/element/9A42B88C1D5C0B4B7FFEA7C5DDB5E468_element_1392/text - {}
COMMAND: GET /session/c7d39fe55cdc56516b97ac4f9a4c0ffd/element/9A42B88C1D5C0B4B7FFEA7C5DDB5E468_element_1394/text - {}
RESULT: {}
RESULT: {}
RESULT: {}
RESULT: {}
RESULT: {}
COMMAND: POST /session/c7d39fe55cdc56516b97ac4f9a4c0ffd/element/9A42B88C1D5C0B4B7FFEA7C5DDB5E468_element_1387/elements - {"using":"css selector","value":"th,td"}
RESULT: {"using":"css selector","value":"th,td"}
COMMAND: GET /session/c7d39fe55cdc56516b97ac4f9a4c0ffd/element/9A42B88C1D5C0B4B7FFEA7C5DDB5E468_element_1395/text - {}
RESULT: {}
COMMAND: GET /session/c7d39fe55cdc56516b97ac4f9a4c0ffd/element/9A42B88C1D5C0B4B7FFEA7C5DDB5E468_element_1396/text - {}
RESULT: {}
COMMAND: GET /session/c7d39fe55cdc56516b97ac4f9a4c0ffd/element/9A42B88C1D5C0B4B7FFEA7C5DDB5E468_element_1397/text - {}
RESULT: {}
COMMAND: GET /session/c7d39fe55cdc56516b97ac4f9a4c0ffd/element/9A42B88C1D5C0B4B7FFEA7C5DDB5E468_element_1398/text - {}
RESULT: {}
COMMAND: GET /session/c7d39fe55cdc56516b97ac4f9a4c0ffd/element/9A42B88C1D5C0B4B7FFEA7C5DDB5E468_element_1399/text - {}
RESULT: {}
COMMAND: POST /session/c7d39fe55cdc56516b97ac4f9a4c0ffd/element/9A42B88C1D5C0B4B7FFEA7C5DDB5E468_element_1388/elements - {"using":"css selector","value":"th,td"}
RESULT: {"using":"css selector","value":"th,td"}
COMMAND: GET /session/c7d39fe55cdc56516b97ac4f9a4c0ffd/element/9A42B88C1D5C0B4B7FFEA7C5DDB5E468_element_1400/text - {}
RESULT: {}
COMMAND: GET /session/c7d39fe55cdc56516b97ac4f9a4c0ffd/element/9A42B88C1D5C0B4B7FFEA7C5DDB5E468_element_1401/text - {}
RESULT: {}
COMMAND: GET /session/c7d39fe55cdc56516b97ac4f9a4c0ffd/element/9A42B88C1D5C0B4B7FFEA7C5DDB5E468_element_1402/text - {}
RESULT: {}
COMMAND: GET /session/c7d39fe55cdc56516b97ac4f9a4c0ffd/element/9A42B88C1D5C0B4B7FFEA7C5DDB5E468_element_1403/text - {}
RESULT: {}
COMMAND: GET /session/c7d39fe55cdc56516b97ac4f9a4c0ffd/element/9A42B88C1D5C0B4B7FFEA7C5DDB5E468_element_1404/text - {}
RESULT: {}
COMMAND: DELETE /session/c7d39fe55cdc56516b97ac4f9a4c0ffd - {}
RESULT: {}
]]></system-out>
      <system-err><![CDATA[
Error: expect(received).toEqual(expected) // deep equality

Expected: "100"
Received: "2"
    at expectEqual (file:///home/runner/work/di-billing-transaction-monitoring/di-billing-transaction-monitoring/ui-tests/utils/customTestAssertion.ts:12:20)
    at assertInvoiceTableData (file:///home/runner/work/di-billing-transaction-monitoring/di-billing-transaction-monitoring/ui-tests/specs/invoice.spec.ts:221:3)
    at validateTableDataWithAssertions (file:///home/runner/work/di-billing-transaction-monitoring/di-billing-transaction-monitoring/ui-tests/specs/invoice.spec.ts:154:5)
    at runMicrotasks (<anonymous>)
    at processTicksAndRejections (node:internal/process/task_queues:96:5)
    at async Context.<anonymous> (file:///home/runner/work/di-billing-transaction-monitoring/di-billing-transaction-monitoring/ui-tests/specs/invoice.spec.ts:130:9)
]]></system-err>
    </testcase>
  </testsuite>
</testsuites>