<?xml version="1.0" encoding="UTF-8"?>
<testsuites>
  <testsuite name="Contracts Page Test" timestamp="2023-09-28T08:39:09" time="25.818" tests="7" failures="7" errors="7" skipped="0">
    <properties>
      <property name="specId" value="0"/>
      <property name="suiteName" value="Contracts Page Test"/>
      <property name="capabilities" value="chrome.117_0_5938_92.linux"/>
      <property name="file" value="file://./ui-tests/specs/contract.spec.ts"/>
    </properties>
    <testcase classname="chrome.117_0_5938_92.linux.Contracts_Page_Test" name="UI list of vendors should match with vendor names in test data file" time="9.286">
      <failure/>
      <error message="expect(received).toBeTruthy()&#xA;&#xA;Received: false"/>
      <system-out><![CDATA[
COMMAND: POST /session/6bdeb5db3006a6fac955b336b8107eb6/url - {"url":"https://pr-490.btm.dev.account.gov.uk/contracts"}
RESULT: {"url":"https://pr-490.btm.dev.account.gov.uk/contracts"}
COMMAND: POST /session/6bdeb5db3006a6fac955b336b8107eb6/execute/sync - {"script":"return (() => document.readyState === \"complete\").apply(null, arguments)","args":[]}
RESULT: {"script":"return (() => document.readyState === \"complete\").apply(null, arguments)","args":[]}
COMMAND: POST /session/6bdeb5db3006a6fac955b336b8107eb6/elements - {"using":"css selector","value":"ul.govuk-list li a"}
RESULT: {"using":"css selector","value":"ul.govuk-list li a"}
COMMAND: POST /session/6bdeb5db3006a6fac955b336b8107eb6/execute/sync - {"script":"return (function isElementDisplayed(element) {\n    function nodeIsElement(node) {\n        if (!node) {\n            return false;\n        }\n        switch (node.nodeType) {\n            case Node.ELEMEN ... (7807 more bytes)","args":[{"element-6066-11e4-a52e-4f735466cecf":"F43FF49BEED55FBE33226539F41AE55A_element_4","ELEMENT":"F43FF49BEED55FBE33226539F41AE55A_element_4"}]}
RESULT: {"script":"return (function isElementDisplayed(element) {\n    function nodeIsElement(node) {\n        if (!node) {\n            return false;\n        }\n        switch (node.nodeType) {\n            case Node.ELEMEN ... (7807 more bytes)","args":[{"element-6066-11e4-a52e-4f735466cecf":"F43FF49BEED55FBE33226539F41AE55A_element_4","ELEMENT":"F43FF49BEED55FBE33226539F41AE55A_element_4"}]}
COMMAND: GET /session/6bdeb5db3006a6fac955b336b8107eb6/element/F43FF49BEED55FBE33226539F41AE55A_element_4/text - {}
RESULT: {}
COMMAND: POST /session/6bdeb5db3006a6fac955b336b8107eb6/execute/sync - {"script":"return (function isElementDisplayed(element) {\n    function nodeIsElement(node) {\n        if (!node) {\n            return false;\n        }\n        switch (node.nodeType) {\n            case Node.ELEMEN ... (7807 more bytes)","args":[{"element-6066-11e4-a52e-4f735466cecf":"F43FF49BEED55FBE33226539F41AE55A_element_5","ELEMENT":"F43FF49BEED55FBE33226539F41AE55A_element_5"}]}
RESULT: {"script":"return (function isElementDisplayed(element) {\n    function nodeIsElement(node) {\n        if (!node) {\n            return false;\n        }\n        switch (node.nodeType) {\n            case Node.ELEMEN ... (7807 more bytes)","args":[{"element-6066-11e4-a52e-4f735466cecf":"F43FF49BEED55FBE33226539F41AE55A_element_5","ELEMENT":"F43FF49BEED55FBE33226539F41AE55A_element_5"}]}
COMMAND: GET /session/6bdeb5db3006a6fac955b336b8107eb6/element/F43FF49BEED55FBE33226539F41AE55A_element_5/text - {}
RESULT: {}
COMMAND: POST /session/6bdeb5db3006a6fac955b336b8107eb6/execute/sync - {"script":"return (function isElementDisplayed(element) {\n    function nodeIsElement(node) {\n        if (!node) {\n            return false;\n        }\n        switch (node.nodeType) {\n            case Node.ELEMEN ... (7807 more bytes)","args":[{"element-6066-11e4-a52e-4f735466cecf":"F43FF49BEED55FBE33226539F41AE55A_element_6","ELEMENT":"F43FF49BEED55FBE33226539F41AE55A_element_6"}]}
RESULT: {"script":"return (function isElementDisplayed(element) {\n    function nodeIsElement(node) {\n        if (!node) {\n            return false;\n        }\n        switch (node.nodeType) {\n            case Node.ELEMEN ... (7807 more bytes)","args":[{"element-6066-11e4-a52e-4f735466cecf":"F43FF49BEED55FBE33226539F41AE55A_element_6","ELEMENT":"F43FF49BEED55FBE33226539F41AE55A_element_6"}]}
COMMAND: GET /session/6bdeb5db3006a6fac955b336b8107eb6/element/F43FF49BEED55FBE33226539F41AE55A_element_6/text - {}
RESULT: {}
COMMAND: POST /session/6bdeb5db3006a6fac955b336b8107eb6/execute/sync - {"script":"return (function isElementDisplayed(element) {\n    function nodeIsElement(node) {\n        if (!node) {\n            return false;\n        }\n        switch (node.nodeType) {\n            case Node.ELEMEN ... (7807 more bytes)","args":[{"element-6066-11e4-a52e-4f735466cecf":"F43FF49BEED55FBE33226539F41AE55A_element_7","ELEMENT":"F43FF49BEED55FBE33226539F41AE55A_element_7"}]}
RESULT: {"script":"return (function isElementDisplayed(element) {\n    function nodeIsElement(node) {\n        if (!node) {\n            return false;\n        }\n        switch (node.nodeType) {\n            case Node.ELEMEN ... (7807 more bytes)","args":[{"element-6066-11e4-a52e-4f735466cecf":"F43FF49BEED55FBE33226539F41AE55A_element_7","ELEMENT":"F43FF49BEED55FBE33226539F41AE55A_element_7"}]}
COMMAND: GET /session/6bdeb5db3006a6fac955b336b8107eb6/element/F43FF49BEED55FBE33226539F41AE55A_element_7/text - {}
RESULT: {}
COMMAND: POST /session/6bdeb5db3006a6fac955b336b8107eb6/execute/sync - {"script":"return (function isElementDisplayed(element) {\n    function nodeIsElement(node) {\n        if (!node) {\n            return false;\n        }\n        switch (node.nodeType) {\n            case Node.ELEMEN ... (7807 more bytes)","args":[{"element-6066-11e4-a52e-4f735466cecf":"F43FF49BEED55FBE33226539F41AE55A_element_8","ELEMENT":"F43FF49BEED55FBE33226539F41AE55A_element_8"}]}
RESULT: {"script":"return (function isElementDisplayed(element) {\n    function nodeIsElement(node) {\n        if (!node) {\n            return false;\n        }\n        switch (node.nodeType) {\n            case Node.ELEMEN ... (7807 more bytes)","args":[{"element-6066-11e4-a52e-4f735466cecf":"F43FF49BEED55FBE33226539F41AE55A_element_8","ELEMENT":"F43FF49BEED55FBE33226539F41AE55A_element_8"}]}
COMMAND: GET /session/6bdeb5db3006a6fac955b336b8107eb6/element/F43FF49BEED55FBE33226539F41AE55A_element_8/text - {}
RESULT: {}
COMMAND: POST /session/6bdeb5db3006a6fac955b336b8107eb6/execute/sync - {"script":"return (function isElementDisplayed(element) {\n    function nodeIsElement(node) {\n        if (!node) {\n            return false;\n        }\n        switch (node.nodeType) {\n            case Node.ELEMEN ... (7807 more bytes)","args":[{"element-6066-11e4-a52e-4f735466cecf":"F43FF49BEED55FBE33226539F41AE55A_element_9","ELEMENT":"F43FF49BEED55FBE33226539F41AE55A_element_9"}]}
RESULT: {"script":"return (function isElementDisplayed(element) {\n    function nodeIsElement(node) {\n        if (!node) {\n            return false;\n        }\n        switch (node.nodeType) {\n            case Node.ELEMEN ... (7807 more bytes)","args":[{"element-6066-11e4-a52e-4f735466cecf":"F43FF49BEED55FBE33226539F41AE55A_element_9","ELEMENT":"F43FF49BEED55FBE33226539F41AE55A_element_9"}]}
COMMAND: GET /session/6bdeb5db3006a6fac955b336b8107eb6/element/F43FF49BEED55FBE33226539F41AE55A_element_9/text - {}
RESULT: {}
COMMAND: POST /session/6bdeb5db3006a6fac955b336b8107eb6/execute/sync - {"script":"return (function isElementDisplayed(element) {\n    function nodeIsElement(node) {\n        if (!node) {\n            return false;\n        }\n        switch (node.nodeType) {\n            case Node.ELEMEN ... (7807 more bytes)","args":[{"element-6066-11e4-a52e-4f735466cecf":"F43FF49BEED55FBE33226539F41AE55A_element_10","ELEMENT":"F43FF49BEED55FBE33226539F41AE55A_element_10"}]}
RESULT: {"script":"return (function isElementDisplayed(element) {\n    function nodeIsElement(node) {\n        if (!node) {\n            return false;\n        }\n        switch (node.nodeType) {\n            case Node.ELEMEN ... (7807 more bytes)","args":[{"element-6066-11e4-a52e-4f735466cecf":"F43FF49BEED55FBE33226539F41AE55A_element_10","ELEMENT":"F43FF49BEED55FBE33226539F41AE55A_element_10"}]}
COMMAND: GET /session/6bdeb5db3006a6fac955b336b8107eb6/element/F43FF49BEED55FBE33226539F41AE55A_element_10/text - {}
RESULT: {}
COMMAND: POST /session/6bdeb5db3006a6fac955b336b8107eb6/execute/sync - {"script":"return (function isElementDisplayed(element) {\n    function nodeIsElement(node) {\n        if (!node) {\n            return false;\n        }\n        switch (node.nodeType) {\n            case Node.ELEMEN ... (7807 more bytes)","args":[{"element-6066-11e4-a52e-4f735466cecf":"F43FF49BEED55FBE33226539F41AE55A_element_11","ELEMENT":"F43FF49BEED55FBE33226539F41AE55A_element_11"}]}
RESULT: {"script":"return (function isElementDisplayed(element) {\n    function nodeIsElement(node) {\n        if (!node) {\n            return false;\n        }\n        switch (node.nodeType) {\n            case Node.ELEMEN ... (7807 more bytes)","args":[{"element-6066-11e4-a52e-4f735466cecf":"F43FF49BEED55FBE33226539F41AE55A_element_11","ELEMENT":"F43FF49BEED55FBE33226539F41AE55A_element_11"}]}
COMMAND: GET /session/6bdeb5db3006a6fac955b336b8107eb6/element/F43FF49BEED55FBE33226539F41AE55A_element_11/text - {}
RESULT: {}
COMMAND: POST /session/6bdeb5db3006a6fac955b336b8107eb6/execute/sync - {"script":"return (function isElementDisplayed(element) {\n    function nodeIsElement(node) {\n        if (!node) {\n            return false;\n        }\n        switch (node.nodeType) {\n            case Node.ELEMEN ... (7807 more bytes)","args":[{"element-6066-11e4-a52e-4f735466cecf":"F43FF49BEED55FBE33226539F41AE55A_element_12","ELEMENT":"F43FF49BEED55FBE33226539F41AE55A_element_12"}]}
RESULT: {"script":"return (function isElementDisplayed(element) {\n    function nodeIsElement(node) {\n        if (!node) {\n            return false;\n        }\n        switch (node.nodeType) {\n            case Node.ELEMEN ... (7807 more bytes)","args":[{"element-6066-11e4-a52e-4f735466cecf":"F43FF49BEED55FBE33226539F41AE55A_element_12","ELEMENT":"F43FF49BEED55FBE33226539F41AE55A_element_12"}]}
COMMAND: GET /session/6bdeb5db3006a6fac955b336b8107eb6/element/F43FF49BEED55FBE33226539F41AE55A_element_12/text - {}
RESULT: {}
]]></system-out>
      <system-err><![CDATA[
Error: expect(received).toBeTruthy()

Received: false
    at file:///home/runner/work/di-billing-transaction-monitoring/di-billing-transaction-monitoring/ui-tests/specs/contract.spec.ts:32:9
    at Array.forEach (<anonymous>)
    at Context.<anonymous> (file:///home/runner/work/di-billing-transaction-monitoring/di-billing-transaction-monitoring/ui-tests/specs/contract.spec.ts:29:27)
    at processTicksAndRejections (node:internal/process/task_queues:96:5)
]]></system-err>
    </testcase>
    <testcase classname="chrome.117_0_5938_92.linux.Contracts_Page_Test" name="Should navigate to the invoice list page for Vendor Five" time="4.48">
      <failure/>
      <error message="Contract element with vendor name &quot;Vendor Five&quot; not found"/>
      <system-out><![CDATA[
COMMAND: POST /session/6bdeb5db3006a6fac955b336b8107eb6/url - {"url":"https://pr-490.btm.dev.account.gov.uk/contracts"}
RESULT: {"url":"https://pr-490.btm.dev.account.gov.uk/contracts"}
COMMAND: POST /session/6bdeb5db3006a6fac955b336b8107eb6/execute/sync - {"script":"return (() => document.readyState === \"complete\").apply(null, arguments)","args":[]}
RESULT: {"script":"return (() => document.readyState === \"complete\").apply(null, arguments)","args":[]}
COMMAND: POST /session/6bdeb5db3006a6fac955b336b8107eb6/elements - {"using":"css selector","value":"ul.govuk-list li a"}
RESULT: {"using":"css selector","value":"ul.govuk-list li a"}
COMMAND: POST /session/6bdeb5db3006a6fac955b336b8107eb6/execute/sync - {"script":"return (function isElementDisplayed(element) {\n    function nodeIsElement(node) {\n        if (!node) {\n            return false;\n        }\n        switch (node.nodeType) {\n            case Node.ELEMEN ... (7807 more bytes)","args":[{"element-6066-11e4-a52e-4f735466cecf":"8FD8B798BDB8D975D5A849F93D729070_element_16","ELEMENT":"8FD8B798BDB8D975D5A849F93D729070_element_16"}]}
RESULT: {"script":"return (function isElementDisplayed(element) {\n    function nodeIsElement(node) {\n        if (!node) {\n            return false;\n        }\n        switch (node.nodeType) {\n            case Node.ELEMEN ... (7807 more bytes)","args":[{"element-6066-11e4-a52e-4f735466cecf":"8FD8B798BDB8D975D5A849F93D729070_element_16","ELEMENT":"8FD8B798BDB8D975D5A849F93D729070_element_16"}]}
COMMAND: GET /session/6bdeb5db3006a6fac955b336b8107eb6/element/8FD8B798BDB8D975D5A849F93D729070_element_16/text - {}
RESULT: {}
COMMAND: POST /session/6bdeb5db3006a6fac955b336b8107eb6/execute/sync - {"script":"return (function isElementDisplayed(element) {\n    function nodeIsElement(node) {\n        if (!node) {\n            return false;\n        }\n        switch (node.nodeType) {\n            case Node.ELEMEN ... (7807 more bytes)","args":[{"element-6066-11e4-a52e-4f735466cecf":"8FD8B798BDB8D975D5A849F93D729070_element_17","ELEMENT":"8FD8B798BDB8D975D5A849F93D729070_element_17"}]}
RESULT: {"script":"return (function isElementDisplayed(element) {\n    function nodeIsElement(node) {\n        if (!node) {\n            return false;\n        }\n        switch (node.nodeType) {\n            case Node.ELEMEN ... (7807 more bytes)","args":[{"element-6066-11e4-a52e-4f735466cecf":"8FD8B798BDB8D975D5A849F93D729070_element_17","ELEMENT":"8FD8B798BDB8D975D5A849F93D729070_element_17"}]}
COMMAND: GET /session/6bdeb5db3006a6fac955b336b8107eb6/element/8FD8B798BDB8D975D5A849F93D729070_element_17/text - {}
RESULT: {}
COMMAND: POST /session/6bdeb5db3006a6fac955b336b8107eb6/execute/sync - {"script":"return (function isElementDisplayed(element) {\n    function nodeIsElement(node) {\n        if (!node) {\n            return false;\n        }\n        switch (node.nodeType) {\n            case Node.ELEMEN ... (7807 more bytes)","args":[{"element-6066-11e4-a52e-4f735466cecf":"8FD8B798BDB8D975D5A849F93D729070_element_18","ELEMENT":"8FD8B798BDB8D975D5A849F93D729070_element_18"}]}
RESULT: {"script":"return (function isElementDisplayed(element) {\n    function nodeIsElement(node) {\n        if (!node) {\n            return false;\n        }\n        switch (node.nodeType) {\n            case Node.ELEMEN ... (7807 more bytes)","args":[{"element-6066-11e4-a52e-4f735466cecf":"8FD8B798BDB8D975D5A849F93D729070_element_18","ELEMENT":"8FD8B798BDB8D975D5A849F93D729070_element_18"}]}
COMMAND: GET /session/6bdeb5db3006a6fac955b336b8107eb6/element/8FD8B798BDB8D975D5A849F93D729070_element_18/text - {}
RESULT: {}
COMMAND: POST /session/6bdeb5db3006a6fac955b336b8107eb6/execute/sync - {"script":"return (function isElementDisplayed(element) {\n    function nodeIsElement(node) {\n        if (!node) {\n            return false;\n        }\n        switch (node.nodeType) {\n            case Node.ELEMEN ... (7807 more bytes)","args":[{"element-6066-11e4-a52e-4f735466cecf":"8FD8B798BDB8D975D5A849F93D729070_element_19","ELEMENT":"8FD8B798BDB8D975D5A849F93D729070_element_19"}]}
RESULT: {"script":"return (function isElementDisplayed(element) {\n    function nodeIsElement(node) {\n        if (!node) {\n            return false;\n        }\n        switch (node.nodeType) {\n            case Node.ELEMEN ... (7807 more bytes)","args":[{"element-6066-11e4-a52e-4f735466cecf":"8FD8B798BDB8D975D5A849F93D729070_element_19","ELEMENT":"8FD8B798BDB8D975D5A849F93D729070_element_19"}]}
COMMAND: GET /session/6bdeb5db3006a6fac955b336b8107eb6/element/8FD8B798BDB8D975D5A849F93D729070_element_19/text - {}
RESULT: {}
COMMAND: POST /session/6bdeb5db3006a6fac955b336b8107eb6/execute/sync - {"script":"return (function isElementDisplayed(element) {\n    function nodeIsElement(node) {\n        if (!node) {\n            return false;\n        }\n        switch (node.nodeType) {\n            case Node.ELEMEN ... (7807 more bytes)","args":[{"element-6066-11e4-a52e-4f735466cecf":"8FD8B798BDB8D975D5A849F93D729070_element_20","ELEMENT":"8FD8B798BDB8D975D5A849F93D729070_element_20"}]}
RESULT: {"script":"return (function isElementDisplayed(element) {\n    function nodeIsElement(node) {\n        if (!node) {\n            return false;\n        }\n        switch (node.nodeType) {\n            case Node.ELEMEN ... (7807 more bytes)","args":[{"element-6066-11e4-a52e-4f735466cecf":"8FD8B798BDB8D975D5A849F93D729070_element_20","ELEMENT":"8FD8B798BDB8D975D5A849F93D729070_element_20"}]}
COMMAND: GET /session/6bdeb5db3006a6fac955b336b8107eb6/element/8FD8B798BDB8D975D5A849F93D729070_element_20/text - {}
RESULT: {}
COMMAND: POST /session/6bdeb5db3006a6fac955b336b8107eb6/execute/sync - {"script":"return (function isElementDisplayed(element) {\n    function nodeIsElement(node) {\n        if (!node) {\n            return false;\n        }\n        switch (node.nodeType) {\n            case Node.ELEMEN ... (7807 more bytes)","args":[{"element-6066-11e4-a52e-4f735466cecf":"8FD8B798BDB8D975D5A849F93D729070_element_21","ELEMENT":"8FD8B798BDB8D975D5A849F93D729070_element_21"}]}
RESULT: {"script":"return (function isElementDisplayed(element) {\n    function nodeIsElement(node) {\n        if (!node) {\n            return false;\n        }\n        switch (node.nodeType) {\n            case Node.ELEMEN ... (7807 more bytes)","args":[{"element-6066-11e4-a52e-4f735466cecf":"8FD8B798BDB8D975D5A849F93D729070_element_21","ELEMENT":"8FD8B798BDB8D975D5A849F93D729070_element_21"}]}
COMMAND: GET /session/6bdeb5db3006a6fac955b336b8107eb6/element/8FD8B798BDB8D975D5A849F93D729070_element_21/text - {}
RESULT: {}
COMMAND: POST /session/6bdeb5db3006a6fac955b336b8107eb6/execute/sync - {"script":"return (function isElementDisplayed(element) {\n    function nodeIsElement(node) {\n        if (!node) {\n            return false;\n        }\n        switch (node.nodeType) {\n            case Node.ELEMEN ... (7807 more bytes)","args":[{"element-6066-11e4-a52e-4f735466cecf":"8FD8B798BDB8D975D5A849F93D729070_element_22","ELEMENT":"8FD8B798BDB8D975D5A849F93D729070_element_22"}]}
RESULT: {"script":"return (function isElementDisplayed(element) {\n    function nodeIsElement(node) {\n        if (!node) {\n            return false;\n        }\n        switch (node.nodeType) {\n            case Node.ELEMEN ... (7807 more bytes)","args":[{"element-6066-11e4-a52e-4f735466cecf":"8FD8B798BDB8D975D5A849F93D729070_element_22","ELEMENT":"8FD8B798BDB8D975D5A849F93D729070_element_22"}]}
COMMAND: GET /session/6bdeb5db3006a6fac955b336b8107eb6/element/8FD8B798BDB8D975D5A849F93D729070_element_22/text - {}
RESULT: {}
COMMAND: POST /session/6bdeb5db3006a6fac955b336b8107eb6/execute/sync - {"script":"return (function isElementDisplayed(element) {\n    function nodeIsElement(node) {\n        if (!node) {\n            return false;\n        }\n        switch (node.nodeType) {\n            case Node.ELEMEN ... (7807 more bytes)","args":[{"element-6066-11e4-a52e-4f735466cecf":"8FD8B798BDB8D975D5A849F93D729070_element_23","ELEMENT":"8FD8B798BDB8D975D5A849F93D729070_element_23"}]}
RESULT: {"script":"return (function isElementDisplayed(element) {\n    function nodeIsElement(node) {\n        if (!node) {\n            return false;\n        }\n        switch (node.nodeType) {\n            case Node.ELEMEN ... (7807 more bytes)","args":[{"element-6066-11e4-a52e-4f735466cecf":"8FD8B798BDB8D975D5A849F93D729070_element_23","ELEMENT":"8FD8B798BDB8D975D5A849F93D729070_element_23"}]}
COMMAND: GET /session/6bdeb5db3006a6fac955b336b8107eb6/element/8FD8B798BDB8D975D5A849F93D729070_element_23/text - {}
RESULT: {}
COMMAND: POST /session/6bdeb5db3006a6fac955b336b8107eb6/execute/sync - {"script":"return (function isElementDisplayed(element) {\n    function nodeIsElement(node) {\n        if (!node) {\n            return false;\n        }\n        switch (node.nodeType) {\n            case Node.ELEMEN ... (7807 more bytes)","args":[{"element-6066-11e4-a52e-4f735466cecf":"8FD8B798BDB8D975D5A849F93D729070_element_24","ELEMENT":"8FD8B798BDB8D975D5A849F93D729070_element_24"}]}
RESULT: {"script":"return (function isElementDisplayed(element) {\n    function nodeIsElement(node) {\n        if (!node) {\n            return false;\n        }\n        switch (node.nodeType) {\n            case Node.ELEMEN ... (7807 more bytes)","args":[{"element-6066-11e4-a52e-4f735466cecf":"8FD8B798BDB8D975D5A849F93D729070_element_24","ELEMENT":"8FD8B798BDB8D975D5A849F93D729070_element_24"}]}
COMMAND: GET /session/6bdeb5db3006a6fac955b336b8107eb6/element/8FD8B798BDB8D975D5A849F93D729070_element_24/text - {}
RESULT: {}
COMMAND: POST /session/6bdeb5db3006a6fac955b336b8107eb6/elements - {"using":"css selector","value":"ul.govuk-list li a"}
RESULT: {"using":"css selector","value":"ul.govuk-list li a"}
COMMAND: POST /session/6bdeb5db3006a6fac955b336b8107eb6/execute/sync - {"script":"return (function isElementDisplayed(element) {\n    function nodeIsElement(node) {\n        if (!node) {\n            return false;\n        }\n        switch (node.nodeType) {\n            case Node.ELEMEN ... (7807 more bytes)","args":[{"element-6066-11e4-a52e-4f735466cecf":"8FD8B798BDB8D975D5A849F93D729070_element_16","ELEMENT":"8FD8B798BDB8D975D5A849F93D729070_element_16"}]}
RESULT: {"script":"return (function isElementDisplayed(element) {\n    function nodeIsElement(node) {\n        if (!node) {\n            return false;\n        }\n        switch (node.nodeType) {\n            case Node.ELEMEN ... (7807 more bytes)","args":[{"element-6066-11e4-a52e-4f735466cecf":"8FD8B798BDB8D975D5A849F93D729070_element_16","ELEMENT":"8FD8B798BDB8D975D5A849F93D729070_element_16"}]}
COMMAND: GET /session/6bdeb5db3006a6fac955b336b8107eb6/element/8FD8B798BDB8D975D5A849F93D729070_element_16/text - {}
RESULT: {}
COMMAND: POST /session/6bdeb5db3006a6fac955b336b8107eb6/execute/sync - {"script":"return (function isElementDisplayed(element) {\n    function nodeIsElement(node) {\n        if (!node) {\n            return false;\n        }\n        switch (node.nodeType) {\n            case Node.ELEMEN ... (7807 more bytes)","args":[{"element-6066-11e4-a52e-4f735466cecf":"8FD8B798BDB8D975D5A849F93D729070_element_17","ELEMENT":"8FD8B798BDB8D975D5A849F93D729070_element_17"}]}
RESULT: {"script":"return (function isElementDisplayed(element) {\n    function nodeIsElement(node) {\n        if (!node) {\n            return false;\n        }\n        switch (node.nodeType) {\n            case Node.ELEMEN ... (7807 more bytes)","args":[{"element-6066-11e4-a52e-4f735466cecf":"8FD8B798BDB8D975D5A849F93D729070_element_17","ELEMENT":"8FD8B798BDB8D975D5A849F93D729070_element_17"}]}
COMMAND: GET /session/6bdeb5db3006a6fac955b336b8107eb6/element/8FD8B798BDB8D975D5A849F93D729070_element_17/text - {}
RESULT: {}
COMMAND: POST /session/6bdeb5db3006a6fac955b336b8107eb6/execute/sync - {"script":"return (function isElementDisplayed(element) {\n    function nodeIsElement(node) {\n        if (!node) {\n            return false;\n        }\n        switch (node.nodeType) {\n            case Node.ELEMEN ... (7807 more bytes)","args":[{"element-6066-11e4-a52e-4f735466cecf":"8FD8B798BDB8D975D5A849F93D729070_element_18","ELEMENT":"8FD8B798BDB8D975D5A849F93D729070_element_18"}]}
RESULT: {"script":"return (function isElementDisplayed(element) {\n    function nodeIsElement(node) {\n        if (!node) {\n            return false;\n        }\n        switch (node.nodeType) {\n            case Node.ELEMEN ... (7807 more bytes)","args":[{"element-6066-11e4-a52e-4f735466cecf":"8FD8B798BDB8D975D5A849F93D729070_element_18","ELEMENT":"8FD8B798BDB8D975D5A849F93D729070_element_18"}]}
COMMAND: GET /session/6bdeb5db3006a6fac955b336b8107eb6/element/8FD8B798BDB8D975D5A849F93D729070_element_18/text - {}
RESULT: {}
COMMAND: POST /session/6bdeb5db3006a6fac955b336b8107eb6/execute/sync - {"script":"return (function isElementDisplayed(element) {\n    function nodeIsElement(node) {\n        if (!node) {\n            return false;\n        }\n        switch (node.nodeType) {\n            case Node.ELEMEN ... (7807 more bytes)","args":[{"element-6066-11e4-a52e-4f735466cecf":"8FD8B798BDB8D975D5A849F93D729070_element_19","ELEMENT":"8FD8B798BDB8D975D5A849F93D729070_element_19"}]}
RESULT: {"script":"return (function isElementDisplayed(element) {\n    function nodeIsElement(node) {\n        if (!node) {\n            return false;\n        }\n        switch (node.nodeType) {\n            case Node.ELEMEN ... (7807 more bytes)","args":[{"element-6066-11e4-a52e-4f735466cecf":"8FD8B798BDB8D975D5A849F93D729070_element_19","ELEMENT":"8FD8B798BDB8D975D5A849F93D729070_element_19"}]}
COMMAND: GET /session/6bdeb5db3006a6fac955b336b8107eb6/element/8FD8B798BDB8D975D5A849F93D729070_element_19/text - {}
RESULT: {}
COMMAND: POST /session/6bdeb5db3006a6fac955b336b8107eb6/execute/sync - {"script":"return (function isElementDisplayed(element) {\n    function nodeIsElement(node) {\n        if (!node) {\n            return false;\n        }\n        switch (node.nodeType) {\n            case Node.ELEMEN ... (7807 more bytes)","args":[{"element-6066-11e4-a52e-4f735466cecf":"8FD8B798BDB8D975D5A849F93D729070_element_20","ELEMENT":"8FD8B798BDB8D975D5A849F93D729070_element_20"}]}
RESULT: {"script":"return (function isElementDisplayed(element) {\n    function nodeIsElement(node) {\n        if (!node) {\n            return false;\n        }\n        switch (node.nodeType) {\n            case Node.ELEMEN ... (7807 more bytes)","args":[{"element-6066-11e4-a52e-4f735466cecf":"8FD8B798BDB8D975D5A849F93D729070_element_20","ELEMENT":"8FD8B798BDB8D975D5A849F93D729070_element_20"}]}
COMMAND: GET /session/6bdeb5db3006a6fac955b336b8107eb6/element/8FD8B798BDB8D975D5A849F93D729070_element_20/text - {}
RESULT: {}
COMMAND: POST /session/6bdeb5db3006a6fac955b336b8107eb6/execute/sync - {"script":"return (function isElementDisplayed(element) {\n    function nodeIsElement(node) {\n        if (!node) {\n            return false;\n        }\n        switch (node.nodeType) {\n            case Node.ELEMEN ... (7807 more bytes)","args":[{"element-6066-11e4-a52e-4f735466cecf":"8FD8B798BDB8D975D5A849F93D729070_element_21","ELEMENT":"8FD8B798BDB8D975D5A849F93D729070_element_21"}]}
RESULT: {"script":"return (function isElementDisplayed(element) {\n    function nodeIsElement(node) {\n        if (!node) {\n            return false;\n        }\n        switch (node.nodeType) {\n            case Node.ELEMEN ... (7807 more bytes)","args":[{"element-6066-11e4-a52e-4f735466cecf":"8FD8B798BDB8D975D5A849F93D729070_element_21","ELEMENT":"8FD8B798BDB8D975D5A849F93D729070_element_21"}]}
COMMAND: GET /session/6bdeb5db3006a6fac955b336b8107eb6/element/8FD8B798BDB8D975D5A849F93D729070_element_21/text - {}
RESULT: {}
COMMAND: POST /session/6bdeb5db3006a6fac955b336b8107eb6/execute/sync - {"script":"return (function isElementDisplayed(element) {\n    function nodeIsElement(node) {\n        if (!node) {\n            return false;\n        }\n        switch (node.nodeType) {\n            case Node.ELEMEN ... (7807 more bytes)","args":[{"element-6066-11e4-a52e-4f735466cecf":"8FD8B798BDB8D975D5A849F93D729070_element_22","ELEMENT":"8FD8B798BDB8D975D5A849F93D729070_element_22"}]}
RESULT: {"script":"return (function isElementDisplayed(element) {\n    function nodeIsElement(node) {\n        if (!node) {\n            return false;\n        }\n        switch (node.nodeType) {\n            case Node.ELEMEN ... (7807 more bytes)","args":[{"element-6066-11e4-a52e-4f735466cecf":"8FD8B798BDB8D975D5A849F93D729070_element_22","ELEMENT":"8FD8B798BDB8D975D5A849F93D729070_element_22"}]}
COMMAND: GET /session/6bdeb5db3006a6fac955b336b8107eb6/element/8FD8B798BDB8D975D5A849F93D729070_element_22/text - {}
RESULT: {}
COMMAND: POST /session/6bdeb5db3006a6fac955b336b8107eb6/execute/sync - {"script":"return (function isElementDisplayed(element) {\n    function nodeIsElement(node) {\n        if (!node) {\n            return false;\n        }\n        switch (node.nodeType) {\n            case Node.ELEMEN ... (7807 more bytes)","args":[{"element-6066-11e4-a52e-4f735466cecf":"8FD8B798BDB8D975D5A849F93D729070_element_23","ELEMENT":"8FD8B798BDB8D975D5A849F93D729070_element_23"}]}
RESULT: {"script":"return (function isElementDisplayed(element) {\n    function nodeIsElement(node) {\n        if (!node) {\n            return false;\n        }\n        switch (node.nodeType) {\n            case Node.ELEMEN ... (7807 more bytes)","args":[{"element-6066-11e4-a52e-4f735466cecf":"8FD8B798BDB8D975D5A849F93D729070_element_23","ELEMENT":"8FD8B798BDB8D975D5A849F93D729070_element_23"}]}
COMMAND: GET /session/6bdeb5db3006a6fac955b336b8107eb6/element/8FD8B798BDB8D975D5A849F93D729070_element_23/text - {}
RESULT: {}
COMMAND: POST /session/6bdeb5db3006a6fac955b336b8107eb6/execute/sync - {"script":"return (function isElementDisplayed(element) {\n    function nodeIsElement(node) {\n        if (!node) {\n            return false;\n        }\n        switch (node.nodeType) {\n            case Node.ELEMEN ... (7807 more bytes)","args":[{"element-6066-11e4-a52e-4f735466cecf":"8FD8B798BDB8D975D5A849F93D729070_element_24","ELEMENT":"8FD8B798BDB8D975D5A849F93D729070_element_24"}]}
RESULT: {"script":"return (function isElementDisplayed(element) {\n    function nodeIsElement(node) {\n        if (!node) {\n            return false;\n        }\n        switch (node.nodeType) {\n            case Node.ELEMEN ... (7807 more bytes)","args":[{"element-6066-11e4-a52e-4f735466cecf":"8FD8B798BDB8D975D5A849F93D729070_element_24","ELEMENT":"8FD8B798BDB8D975D5A849F93D729070_element_24"}]}
COMMAND: GET /session/6bdeb5db3006a6fac955b336b8107eb6/element/8FD8B798BDB8D975D5A849F93D729070_element_24/text - {}
RESULT: {}
]]></system-out>
      <system-err><![CDATA[
Error: Contract element with vendor name "Vendor Five" not found
    at ContractsPage.clickContractByVendorName (file:///home/runner/work/di-billing-transaction-monitoring/di-billing-transaction-monitoring/ui-tests/pageobjects/contractsPage.ts:25:13)
    at processTicksAndRejections (node:internal/process/task_queues:96:5)
    at async Context.<anonymous> (file:///home/runner/work/di-billing-transaction-monitoring/di-billing-transaction-monitoring/ui-tests/specs/contract.spec.ts:41:7)
]]></system-err>
    </testcase>
    <testcase classname="chrome.117_0_5938_92.linux.Contracts_Page_Test" name="Should navigate to the invoice list page for Vendor Four" time="2.413">
      <failure/>
      <error message="Contract element with vendor name &quot;Vendor Four&quot; not found"/>
      <system-out><![CDATA[
COMMAND: POST /session/6bdeb5db3006a6fac955b336b8107eb6/url - {"url":"https://pr-490.btm.dev.account.gov.uk/contracts"}
RESULT: {"url":"https://pr-490.btm.dev.account.gov.uk/contracts"}
COMMAND: POST /session/6bdeb5db3006a6fac955b336b8107eb6/execute/sync - {"script":"return (() => document.readyState === \"complete\").apply(null, arguments)","args":[]}
RESULT: {"script":"return (() => document.readyState === \"complete\").apply(null, arguments)","args":[]}
COMMAND: POST /session/6bdeb5db3006a6fac955b336b8107eb6/elements - {"using":"css selector","value":"ul.govuk-list li a"}
RESULT: {"using":"css selector","value":"ul.govuk-list li a"}
COMMAND: POST /session/6bdeb5db3006a6fac955b336b8107eb6/execute/sync - {"script":"return (function isElementDisplayed(element) {\n    function nodeIsElement(node) {\n        if (!node) {\n            return false;\n        }\n        switch (node.nodeType) {\n            case Node.ELEMEN ... (7807 more bytes)","args":[{"element-6066-11e4-a52e-4f735466cecf":"0F8E1495D3C0DFAB2ACED111F6F23CC8_element_26","ELEMENT":"0F8E1495D3C0DFAB2ACED111F6F23CC8_element_26"}]}
RESULT: {"script":"return (function isElementDisplayed(element) {\n    function nodeIsElement(node) {\n        if (!node) {\n            return false;\n        }\n        switch (node.nodeType) {\n            case Node.ELEMEN ... (7807 more bytes)","args":[{"element-6066-11e4-a52e-4f735466cecf":"0F8E1495D3C0DFAB2ACED111F6F23CC8_element_26","ELEMENT":"0F8E1495D3C0DFAB2ACED111F6F23CC8_element_26"}]}
COMMAND: GET /session/6bdeb5db3006a6fac955b336b8107eb6/element/0F8E1495D3C0DFAB2ACED111F6F23CC8_element_26/text - {}
RESULT: {}
COMMAND: POST /session/6bdeb5db3006a6fac955b336b8107eb6/execute/sync - {"script":"return (function isElementDisplayed(element) {\n    function nodeIsElement(node) {\n        if (!node) {\n            return false;\n        }\n        switch (node.nodeType) {\n            case Node.ELEMEN ... (7807 more bytes)","args":[{"element-6066-11e4-a52e-4f735466cecf":"0F8E1495D3C0DFAB2ACED111F6F23CC8_element_27","ELEMENT":"0F8E1495D3C0DFAB2ACED111F6F23CC8_element_27"}]}
RESULT: {"script":"return (function isElementDisplayed(element) {\n    function nodeIsElement(node) {\n        if (!node) {\n            return false;\n        }\n        switch (node.nodeType) {\n            case Node.ELEMEN ... (7807 more bytes)","args":[{"element-6066-11e4-a52e-4f735466cecf":"0F8E1495D3C0DFAB2ACED111F6F23CC8_element_27","ELEMENT":"0F8E1495D3C0DFAB2ACED111F6F23CC8_element_27"}]}
COMMAND: GET /session/6bdeb5db3006a6fac955b336b8107eb6/element/0F8E1495D3C0DFAB2ACED111F6F23CC8_element_27/text - {}
RESULT: {}
COMMAND: POST /session/6bdeb5db3006a6fac955b336b8107eb6/execute/sync - {"script":"return (function isElementDisplayed(element) {\n    function nodeIsElement(node) {\n        if (!node) {\n            return false;\n        }\n        switch (node.nodeType) {\n            case Node.ELEMEN ... (7807 more bytes)","args":[{"element-6066-11e4-a52e-4f735466cecf":"0F8E1495D3C0DFAB2ACED111F6F23CC8_element_28","ELEMENT":"0F8E1495D3C0DFAB2ACED111F6F23CC8_element_28"}]}
RESULT: {"script":"return (function isElementDisplayed(element) {\n    function nodeIsElement(node) {\n        if (!node) {\n            return false;\n        }\n        switch (node.nodeType) {\n            case Node.ELEMEN ... (7807 more bytes)","args":[{"element-6066-11e4-a52e-4f735466cecf":"0F8E1495D3C0DFAB2ACED111F6F23CC8_element_28","ELEMENT":"0F8E1495D3C0DFAB2ACED111F6F23CC8_element_28"}]}
COMMAND: GET /session/6bdeb5db3006a6fac955b336b8107eb6/element/0F8E1495D3C0DFAB2ACED111F6F23CC8_element_28/text - {}
RESULT: {}
COMMAND: POST /session/6bdeb5db3006a6fac955b336b8107eb6/execute/sync - {"script":"return (function isElementDisplayed(element) {\n    function nodeIsElement(node) {\n        if (!node) {\n            return false;\n        }\n        switch (node.nodeType) {\n            case Node.ELEMEN ... (7807 more bytes)","args":[{"element-6066-11e4-a52e-4f735466cecf":"0F8E1495D3C0DFAB2ACED111F6F23CC8_element_29","ELEMENT":"0F8E1495D3C0DFAB2ACED111F6F23CC8_element_29"}]}
RESULT: {"script":"return (function isElementDisplayed(element) {\n    function nodeIsElement(node) {\n        if (!node) {\n            return false;\n        }\n        switch (node.nodeType) {\n            case Node.ELEMEN ... (7807 more bytes)","args":[{"element-6066-11e4-a52e-4f735466cecf":"0F8E1495D3C0DFAB2ACED111F6F23CC8_element_29","ELEMENT":"0F8E1495D3C0DFAB2ACED111F6F23CC8_element_29"}]}
COMMAND: GET /session/6bdeb5db3006a6fac955b336b8107eb6/element/0F8E1495D3C0DFAB2ACED111F6F23CC8_element_29/text - {}
RESULT: {}
COMMAND: POST /session/6bdeb5db3006a6fac955b336b8107eb6/execute/sync - {"script":"return (function isElementDisplayed(element) {\n    function nodeIsElement(node) {\n        if (!node) {\n            return false;\n        }\n        switch (node.nodeType) {\n            case Node.ELEMEN ... (7807 more bytes)","args":[{"element-6066-11e4-a52e-4f735466cecf":"0F8E1495D3C0DFAB2ACED111F6F23CC8_element_30","ELEMENT":"0F8E1495D3C0DFAB2ACED111F6F23CC8_element_30"}]}
RESULT: {"script":"return (function isElementDisplayed(element) {\n    function nodeIsElement(node) {\n        if (!node) {\n            return false;\n        }\n        switch (node.nodeType) {\n            case Node.ELEMEN ... (7807 more bytes)","args":[{"element-6066-11e4-a52e-4f735466cecf":"0F8E1495D3C0DFAB2ACED111F6F23CC8_element_30","ELEMENT":"0F8E1495D3C0DFAB2ACED111F6F23CC8_element_30"}]}
COMMAND: GET /session/6bdeb5db3006a6fac955b336b8107eb6/element/0F8E1495D3C0DFAB2ACED111F6F23CC8_element_30/text - {}
RESULT: {}
COMMAND: POST /session/6bdeb5db3006a6fac955b336b8107eb6/execute/sync - {"script":"return (function isElementDisplayed(element) {\n    function nodeIsElement(node) {\n        if (!node) {\n            return false;\n        }\n        switch (node.nodeType) {\n            case Node.ELEMEN ... (7807 more bytes)","args":[{"element-6066-11e4-a52e-4f735466cecf":"0F8E1495D3C0DFAB2ACED111F6F23CC8_element_31","ELEMENT":"0F8E1495D3C0DFAB2ACED111F6F23CC8_element_31"}]}
RESULT: {"script":"return (function isElementDisplayed(element) {\n    function nodeIsElement(node) {\n        if (!node) {\n            return false;\n        }\n        switch (node.nodeType) {\n            case Node.ELEMEN ... (7807 more bytes)","args":[{"element-6066-11e4-a52e-4f735466cecf":"0F8E1495D3C0DFAB2ACED111F6F23CC8_element_31","ELEMENT":"0F8E1495D3C0DFAB2ACED111F6F23CC8_element_31"}]}
COMMAND: GET /session/6bdeb5db3006a6fac955b336b8107eb6/element/0F8E1495D3C0DFAB2ACED111F6F23CC8_element_31/text - {}
RESULT: {}
COMMAND: POST /session/6bdeb5db3006a6fac955b336b8107eb6/execute/sync - {"script":"return (function isElementDisplayed(element) {\n    function nodeIsElement(node) {\n        if (!node) {\n            return false;\n        }\n        switch (node.nodeType) {\n            case Node.ELEMEN ... (7807 more bytes)","args":[{"element-6066-11e4-a52e-4f735466cecf":"0F8E1495D3C0DFAB2ACED111F6F23CC8_element_32","ELEMENT":"0F8E1495D3C0DFAB2ACED111F6F23CC8_element_32"}]}
RESULT: {"script":"return (function isElementDisplayed(element) {\n    function nodeIsElement(node) {\n        if (!node) {\n            return false;\n        }\n        switch (node.nodeType) {\n            case Node.ELEMEN ... (7807 more bytes)","args":[{"element-6066-11e4-a52e-4f735466cecf":"0F8E1495D3C0DFAB2ACED111F6F23CC8_element_32","ELEMENT":"0F8E1495D3C0DFAB2ACED111F6F23CC8_element_32"}]}
COMMAND: GET /session/6bdeb5db3006a6fac955b336b8107eb6/element/0F8E1495D3C0DFAB2ACED111F6F23CC8_element_32/text - {}
RESULT: {}
COMMAND: POST /session/6bdeb5db3006a6fac955b336b8107eb6/execute/sync - {"script":"return (function isElementDisplayed(element) {\n    function nodeIsElement(node) {\n        if (!node) {\n            return false;\n        }\n        switch (node.nodeType) {\n            case Node.ELEMEN ... (7807 more bytes)","args":[{"element-6066-11e4-a52e-4f735466cecf":"0F8E1495D3C0DFAB2ACED111F6F23CC8_element_33","ELEMENT":"0F8E1495D3C0DFAB2ACED111F6F23CC8_element_33"}]}
RESULT: {"script":"return (function isElementDisplayed(element) {\n    function nodeIsElement(node) {\n        if (!node) {\n            return false;\n        }\n        switch (node.nodeType) {\n            case Node.ELEMEN ... (7807 more bytes)","args":[{"element-6066-11e4-a52e-4f735466cecf":"0F8E1495D3C0DFAB2ACED111F6F23CC8_element_33","ELEMENT":"0F8E1495D3C0DFAB2ACED111F6F23CC8_element_33"}]}
COMMAND: GET /session/6bdeb5db3006a6fac955b336b8107eb6/element/0F8E1495D3C0DFAB2ACED111F6F23CC8_element_33/text - {}
RESULT: {}
COMMAND: POST /session/6bdeb5db3006a6fac955b336b8107eb6/execute/sync - {"script":"return (function isElementDisplayed(element) {\n    function nodeIsElement(node) {\n        if (!node) {\n            return false;\n        }\n        switch (node.nodeType) {\n            case Node.ELEMEN ... (7807 more bytes)","args":[{"element-6066-11e4-a52e-4f735466cecf":"0F8E1495D3C0DFAB2ACED111F6F23CC8_element_34","ELEMENT":"0F8E1495D3C0DFAB2ACED111F6F23CC8_element_34"}]}
RESULT: {"script":"return (function isElementDisplayed(element) {\n    function nodeIsElement(node) {\n        if (!node) {\n            return false;\n        }\n        switch (node.nodeType) {\n            case Node.ELEMEN ... (7807 more bytes)","args":[{"element-6066-11e4-a52e-4f735466cecf":"0F8E1495D3C0DFAB2ACED111F6F23CC8_element_34","ELEMENT":"0F8E1495D3C0DFAB2ACED111F6F23CC8_element_34"}]}
COMMAND: GET /session/6bdeb5db3006a6fac955b336b8107eb6/element/0F8E1495D3C0DFAB2ACED111F6F23CC8_element_34/text - {}
RESULT: {}
COMMAND: POST /session/6bdeb5db3006a6fac955b336b8107eb6/elements - {"using":"css selector","value":"ul.govuk-list li a"}
RESULT: {"using":"css selector","value":"ul.govuk-list li a"}
COMMAND: POST /session/6bdeb5db3006a6fac955b336b8107eb6/execute/sync - {"script":"return (function isElementDisplayed(element) {\n    function nodeIsElement(node) {\n        if (!node) {\n            return false;\n        }\n        switch (node.nodeType) {\n            case Node.ELEMEN ... (7807 more bytes)","args":[{"element-6066-11e4-a52e-4f735466cecf":"0F8E1495D3C0DFAB2ACED111F6F23CC8_element_26","ELEMENT":"0F8E1495D3C0DFAB2ACED111F6F23CC8_element_26"}]}
RESULT: {"script":"return (function isElementDisplayed(element) {\n    function nodeIsElement(node) {\n        if (!node) {\n            return false;\n        }\n        switch (node.nodeType) {\n            case Node.ELEMEN ... (7807 more bytes)","args":[{"element-6066-11e4-a52e-4f735466cecf":"0F8E1495D3C0DFAB2ACED111F6F23CC8_element_26","ELEMENT":"0F8E1495D3C0DFAB2ACED111F6F23CC8_element_26"}]}
COMMAND: GET /session/6bdeb5db3006a6fac955b336b8107eb6/element/0F8E1495D3C0DFAB2ACED111F6F23CC8_element_26/text - {}
RESULT: {}
COMMAND: POST /session/6bdeb5db3006a6fac955b336b8107eb6/execute/sync - {"script":"return (function isElementDisplayed(element) {\n    function nodeIsElement(node) {\n        if (!node) {\n            return false;\n        }\n        switch (node.nodeType) {\n            case Node.ELEMEN ... (7807 more bytes)","args":[{"element-6066-11e4-a52e-4f735466cecf":"0F8E1495D3C0DFAB2ACED111F6F23CC8_element_27","ELEMENT":"0F8E1495D3C0DFAB2ACED111F6F23CC8_element_27"}]}
RESULT: {"script":"return (function isElementDisplayed(element) {\n    function nodeIsElement(node) {\n        if (!node) {\n            return false;\n        }\n        switch (node.nodeType) {\n            case Node.ELEMEN ... (7807 more bytes)","args":[{"element-6066-11e4-a52e-4f735466cecf":"0F8E1495D3C0DFAB2ACED111F6F23CC8_element_27","ELEMENT":"0F8E1495D3C0DFAB2ACED111F6F23CC8_element_27"}]}
COMMAND: GET /session/6bdeb5db3006a6fac955b336b8107eb6/element/0F8E1495D3C0DFAB2ACED111F6F23CC8_element_27/text - {}
RESULT: {}
COMMAND: POST /session/6bdeb5db3006a6fac955b336b8107eb6/execute/sync - {"script":"return (function isElementDisplayed(element) {\n    function nodeIsElement(node) {\n        if (!node) {\n            return false;\n        }\n        switch (node.nodeType) {\n            case Node.ELEMEN ... (7807 more bytes)","args":[{"element-6066-11e4-a52e-4f735466cecf":"0F8E1495D3C0DFAB2ACED111F6F23CC8_element_28","ELEMENT":"0F8E1495D3C0DFAB2ACED111F6F23CC8_element_28"}]}
RESULT: {"script":"return (function isElementDisplayed(element) {\n    function nodeIsElement(node) {\n        if (!node) {\n            return false;\n        }\n        switch (node.nodeType) {\n            case Node.ELEMEN ... (7807 more bytes)","args":[{"element-6066-11e4-a52e-4f735466cecf":"0F8E1495D3C0DFAB2ACED111F6F23CC8_element_28","ELEMENT":"0F8E1495D3C0DFAB2ACED111F6F23CC8_element_28"}]}
COMMAND: GET /session/6bdeb5db3006a6fac955b336b8107eb6/element/0F8E1495D3C0DFAB2ACED111F6F23CC8_element_28/text - {}
RESULT: {}
COMMAND: POST /session/6bdeb5db3006a6fac955b336b8107eb6/execute/sync - {"script":"return (function isElementDisplayed(element) {\n    function nodeIsElement(node) {\n        if (!node) {\n            return false;\n        }\n        switch (node.nodeType) {\n            case Node.ELEMEN ... (7807 more bytes)","args":[{"element-6066-11e4-a52e-4f735466cecf":"0F8E1495D3C0DFAB2ACED111F6F23CC8_element_29","ELEMENT":"0F8E1495D3C0DFAB2ACED111F6F23CC8_element_29"}]}
RESULT: {"script":"return (function isElementDisplayed(element) {\n    function nodeIsElement(node) {\n        if (!node) {\n            return false;\n        }\n        switch (node.nodeType) {\n            case Node.ELEMEN ... (7807 more bytes)","args":[{"element-6066-11e4-a52e-4f735466cecf":"0F8E1495D3C0DFAB2ACED111F6F23CC8_element_29","ELEMENT":"0F8E1495D3C0DFAB2ACED111F6F23CC8_element_29"}]}
COMMAND: GET /session/6bdeb5db3006a6fac955b336b8107eb6/element/0F8E1495D3C0DFAB2ACED111F6F23CC8_element_29/text - {}
RESULT: {}
COMMAND: POST /session/6bdeb5db3006a6fac955b336b8107eb6/execute/sync - {"script":"return (function isElementDisplayed(element) {\n    function nodeIsElement(node) {\n        if (!node) {\n            return false;\n        }\n        switch (node.nodeType) {\n            case Node.ELEMEN ... (7807 more bytes)","args":[{"element-6066-11e4-a52e-4f735466cecf":"0F8E1495D3C0DFAB2ACED111F6F23CC8_element_30","ELEMENT":"0F8E1495D3C0DFAB2ACED111F6F23CC8_element_30"}]}
RESULT: {"script":"return (function isElementDisplayed(element) {\n    function nodeIsElement(node) {\n        if (!node) {\n            return false;\n        }\n        switch (node.nodeType) {\n            case Node.ELEMEN ... (7807 more bytes)","args":[{"element-6066-11e4-a52e-4f735466cecf":"0F8E1495D3C0DFAB2ACED111F6F23CC8_element_30","ELEMENT":"0F8E1495D3C0DFAB2ACED111F6F23CC8_element_30"}]}
COMMAND: GET /session/6bdeb5db3006a6fac955b336b8107eb6/element/0F8E1495D3C0DFAB2ACED111F6F23CC8_element_30/text - {}
RESULT: {}
COMMAND: POST /session/6bdeb5db3006a6fac955b336b8107eb6/execute/sync - {"script":"return (function isElementDisplayed(element) {\n    function nodeIsElement(node) {\n        if (!node) {\n            return false;\n        }\n        switch (node.nodeType) {\n            case Node.ELEMEN ... (7807 more bytes)","args":[{"element-6066-11e4-a52e-4f735466cecf":"0F8E1495D3C0DFAB2ACED111F6F23CC8_element_31","ELEMENT":"0F8E1495D3C0DFAB2ACED111F6F23CC8_element_31"}]}
RESULT: {"script":"return (function isElementDisplayed(element) {\n    function nodeIsElement(node) {\n        if (!node) {\n            return false;\n        }\n        switch (node.nodeType) {\n            case Node.ELEMEN ... (7807 more bytes)","args":[{"element-6066-11e4-a52e-4f735466cecf":"0F8E1495D3C0DFAB2ACED111F6F23CC8_element_31","ELEMENT":"0F8E1495D3C0DFAB2ACED111F6F23CC8_element_31"}]}
COMMAND: GET /session/6bdeb5db3006a6fac955b336b8107eb6/element/0F8E1495D3C0DFAB2ACED111F6F23CC8_element_31/text - {}
RESULT: {}
COMMAND: POST /session/6bdeb5db3006a6fac955b336b8107eb6/execute/sync - {"script":"return (function isElementDisplayed(element) {\n    function nodeIsElement(node) {\n        if (!node) {\n            return false;\n        }\n        switch (node.nodeType) {\n            case Node.ELEMEN ... (7807 more bytes)","args":[{"element-6066-11e4-a52e-4f735466cecf":"0F8E1495D3C0DFAB2ACED111F6F23CC8_element_32","ELEMENT":"0F8E1495D3C0DFAB2ACED111F6F23CC8_element_32"}]}
RESULT: {"script":"return (function isElementDisplayed(element) {\n    function nodeIsElement(node) {\n        if (!node) {\n            return false;\n        }\n        switch (node.nodeType) {\n            case Node.ELEMEN ... (7807 more bytes)","args":[{"element-6066-11e4-a52e-4f735466cecf":"0F8E1495D3C0DFAB2ACED111F6F23CC8_element_32","ELEMENT":"0F8E1495D3C0DFAB2ACED111F6F23CC8_element_32"}]}
COMMAND: GET /session/6bdeb5db3006a6fac955b336b8107eb6/element/0F8E1495D3C0DFAB2ACED111F6F23CC8_element_32/text - {}
RESULT: {}
COMMAND: POST /session/6bdeb5db3006a6fac955b336b8107eb6/execute/sync - {"script":"return (function isElementDisplayed(element) {\n    function nodeIsElement(node) {\n        if (!node) {\n            return false;\n        }\n        switch (node.nodeType) {\n            case Node.ELEMEN ... (7807 more bytes)","args":[{"element-6066-11e4-a52e-4f735466cecf":"0F8E1495D3C0DFAB2ACED111F6F23CC8_element_33","ELEMENT":"0F8E1495D3C0DFAB2ACED111F6F23CC8_element_33"}]}
RESULT: {"script":"return (function isElementDisplayed(element) {\n    function nodeIsElement(node) {\n        if (!node) {\n            return false;\n        }\n        switch (node.nodeType) {\n            case Node.ELEMEN ... (7807 more bytes)","args":[{"element-6066-11e4-a52e-4f735466cecf":"0F8E1495D3C0DFAB2ACED111F6F23CC8_element_33","ELEMENT":"0F8E1495D3C0DFAB2ACED111F6F23CC8_element_33"}]}
COMMAND: GET /session/6bdeb5db3006a6fac955b336b8107eb6/element/0F8E1495D3C0DFAB2ACED111F6F23CC8_element_33/text - {}
RESULT: {}
COMMAND: POST /session/6bdeb5db3006a6fac955b336b8107eb6/execute/sync - {"script":"return (function isElementDisplayed(element) {\n    function nodeIsElement(node) {\n        if (!node) {\n            return false;\n        }\n        switch (node.nodeType) {\n            case Node.ELEMEN ... (7807 more bytes)","args":[{"element-6066-11e4-a52e-4f735466cecf":"0F8E1495D3C0DFAB2ACED111F6F23CC8_element_34","ELEMENT":"0F8E1495D3C0DFAB2ACED111F6F23CC8_element_34"}]}
RESULT: {"script":"return (function isElementDisplayed(element) {\n    function nodeIsElement(node) {\n        if (!node) {\n            return false;\n        }\n        switch (node.nodeType) {\n            case Node.ELEMEN ... (7807 more bytes)","args":[{"element-6066-11e4-a52e-4f735466cecf":"0F8E1495D3C0DFAB2ACED111F6F23CC8_element_34","ELEMENT":"0F8E1495D3C0DFAB2ACED111F6F23CC8_element_34"}]}
COMMAND: GET /session/6bdeb5db3006a6fac955b336b8107eb6/element/0F8E1495D3C0DFAB2ACED111F6F23CC8_element_34/text - {}
RESULT: {}
]]></system-out>
      <system-err><![CDATA[
Error: Contract element with vendor name "Vendor Four" not found
    at ContractsPage.clickContractByVendorName (file:///home/runner/work/di-billing-transaction-monitoring/di-billing-transaction-monitoring/ui-tests/pageobjects/contractsPage.ts:25:13)
    at processTicksAndRejections (node:internal/process/task_queues:96:5)
    at async Context.<anonymous> (file:///home/runner/work/di-billing-transaction-monitoring/di-billing-transaction-monitoring/ui-tests/specs/contract.spec.ts:41:7)
]]></system-err>
    </testcase>
    <testcase classname="chrome.117_0_5938_92.linux.Contracts_Page_Test" name="Should navigate to the invoice list page for Vendor One" time="1.53">
      <failure/>
      <error message="Contract element with vendor name &quot;Vendor One&quot; not found"/>
      <system-out><![CDATA[
COMMAND: POST /session/6bdeb5db3006a6fac955b336b8107eb6/url - {"url":"https://pr-490.btm.dev.account.gov.uk/contracts"}
RESULT: {"url":"https://pr-490.btm.dev.account.gov.uk/contracts"}
COMMAND: POST /session/6bdeb5db3006a6fac955b336b8107eb6/execute/sync - {"script":"return (() => document.readyState === \"complete\").apply(null, arguments)","args":[]}
RESULT: {"script":"return (() => document.readyState === \"complete\").apply(null, arguments)","args":[]}
COMMAND: POST /session/6bdeb5db3006a6fac955b336b8107eb6/elements - {"using":"css selector","value":"ul.govuk-list li a"}
RESULT: {"using":"css selector","value":"ul.govuk-list li a"}
COMMAND: POST /session/6bdeb5db3006a6fac955b336b8107eb6/execute/sync - {"script":"return (function isElementDisplayed(element) {\n    function nodeIsElement(node) {\n        if (!node) {\n            return false;\n        }\n        switch (node.nodeType) {\n            case Node.ELEMEN ... (7807 more bytes)","args":[{"element-6066-11e4-a52e-4f735466cecf":"4AAC10C79DE77A192FC13B4E70A4A88E_element_36","ELEMENT":"4AAC10C79DE77A192FC13B4E70A4A88E_element_36"}]}
RESULT: {"script":"return (function isElementDisplayed(element) {\n    function nodeIsElement(node) {\n        if (!node) {\n            return false;\n        }\n        switch (node.nodeType) {\n            case Node.ELEMEN ... (7807 more bytes)","args":[{"element-6066-11e4-a52e-4f735466cecf":"4AAC10C79DE77A192FC13B4E70A4A88E_element_36","ELEMENT":"4AAC10C79DE77A192FC13B4E70A4A88E_element_36"}]}
COMMAND: GET /session/6bdeb5db3006a6fac955b336b8107eb6/element/4AAC10C79DE77A192FC13B4E70A4A88E_element_36/text - {}
RESULT: {}
COMMAND: POST /session/6bdeb5db3006a6fac955b336b8107eb6/execute/sync - {"script":"return (function isElementDisplayed(element) {\n    function nodeIsElement(node) {\n        if (!node) {\n            return false;\n        }\n        switch (node.nodeType) {\n            case Node.ELEMEN ... (7807 more bytes)","args":[{"element-6066-11e4-a52e-4f735466cecf":"4AAC10C79DE77A192FC13B4E70A4A88E_element_37","ELEMENT":"4AAC10C79DE77A192FC13B4E70A4A88E_element_37"}]}
RESULT: {"script":"return (function isElementDisplayed(element) {\n    function nodeIsElement(node) {\n        if (!node) {\n            return false;\n        }\n        switch (node.nodeType) {\n            case Node.ELEMEN ... (7807 more bytes)","args":[{"element-6066-11e4-a52e-4f735466cecf":"4AAC10C79DE77A192FC13B4E70A4A88E_element_37","ELEMENT":"4AAC10C79DE77A192FC13B4E70A4A88E_element_37"}]}
COMMAND: GET /session/6bdeb5db3006a6fac955b336b8107eb6/element/4AAC10C79DE77A192FC13B4E70A4A88E_element_37/text - {}
RESULT: {}
COMMAND: POST /session/6bdeb5db3006a6fac955b336b8107eb6/execute/sync - {"script":"return (function isElementDisplayed(element) {\n    function nodeIsElement(node) {\n        if (!node) {\n            return false;\n        }\n        switch (node.nodeType) {\n            case Node.ELEMEN ... (7807 more bytes)","args":[{"element-6066-11e4-a52e-4f735466cecf":"4AAC10C79DE77A192FC13B4E70A4A88E_element_38","ELEMENT":"4AAC10C79DE77A192FC13B4E70A4A88E_element_38"}]}
RESULT: {"script":"return (function isElementDisplayed(element) {\n    function nodeIsElement(node) {\n        if (!node) {\n            return false;\n        }\n        switch (node.nodeType) {\n            case Node.ELEMEN ... (7807 more bytes)","args":[{"element-6066-11e4-a52e-4f735466cecf":"4AAC10C79DE77A192FC13B4E70A4A88E_element_38","ELEMENT":"4AAC10C79DE77A192FC13B4E70A4A88E_element_38"}]}
COMMAND: GET /session/6bdeb5db3006a6fac955b336b8107eb6/element/4AAC10C79DE77A192FC13B4E70A4A88E_element_38/text - {}
RESULT: {}
COMMAND: POST /session/6bdeb5db3006a6fac955b336b8107eb6/execute/sync - {"script":"return (function isElementDisplayed(element) {\n    function nodeIsElement(node) {\n        if (!node) {\n            return false;\n        }\n        switch (node.nodeType) {\n            case Node.ELEMEN ... (7807 more bytes)","args":[{"element-6066-11e4-a52e-4f735466cecf":"4AAC10C79DE77A192FC13B4E70A4A88E_element_39","ELEMENT":"4AAC10C79DE77A192FC13B4E70A4A88E_element_39"}]}
RESULT: {"script":"return (function isElementDisplayed(element) {\n    function nodeIsElement(node) {\n        if (!node) {\n            return false;\n        }\n        switch (node.nodeType) {\n            case Node.ELEMEN ... (7807 more bytes)","args":[{"element-6066-11e4-a52e-4f735466cecf":"4AAC10C79DE77A192FC13B4E70A4A88E_element_39","ELEMENT":"4AAC10C79DE77A192FC13B4E70A4A88E_element_39"}]}
COMMAND: GET /session/6bdeb5db3006a6fac955b336b8107eb6/element/4AAC10C79DE77A192FC13B4E70A4A88E_element_39/text - {}
RESULT: {}
COMMAND: POST /session/6bdeb5db3006a6fac955b336b8107eb6/execute/sync - {"script":"return (function isElementDisplayed(element) {\n    function nodeIsElement(node) {\n        if (!node) {\n            return false;\n        }\n        switch (node.nodeType) {\n            case Node.ELEMEN ... (7807 more bytes)","args":[{"element-6066-11e4-a52e-4f735466cecf":"4AAC10C79DE77A192FC13B4E70A4A88E_element_40","ELEMENT":"4AAC10C79DE77A192FC13B4E70A4A88E_element_40"}]}
RESULT: {"script":"return (function isElementDisplayed(element) {\n    function nodeIsElement(node) {\n        if (!node) {\n            return false;\n        }\n        switch (node.nodeType) {\n            case Node.ELEMEN ... (7807 more bytes)","args":[{"element-6066-11e4-a52e-4f735466cecf":"4AAC10C79DE77A192FC13B4E70A4A88E_element_40","ELEMENT":"4AAC10C79DE77A192FC13B4E70A4A88E_element_40"}]}
COMMAND: GET /session/6bdeb5db3006a6fac955b336b8107eb6/element/4AAC10C79DE77A192FC13B4E70A4A88E_element_40/text - {}
RESULT: {}
COMMAND: POST /session/6bdeb5db3006a6fac955b336b8107eb6/execute/sync - {"script":"return (function isElementDisplayed(element) {\n    function nodeIsElement(node) {\n        if (!node) {\n            return false;\n        }\n        switch (node.nodeType) {\n            case Node.ELEMEN ... (7807 more bytes)","args":[{"element-6066-11e4-a52e-4f735466cecf":"4AAC10C79DE77A192FC13B4E70A4A88E_element_41","ELEMENT":"4AAC10C79DE77A192FC13B4E70A4A88E_element_41"}]}
RESULT: {"script":"return (function isElementDisplayed(element) {\n    function nodeIsElement(node) {\n        if (!node) {\n            return false;\n        }\n        switch (node.nodeType) {\n            case Node.ELEMEN ... (7807 more bytes)","args":[{"element-6066-11e4-a52e-4f735466cecf":"4AAC10C79DE77A192FC13B4E70A4A88E_element_41","ELEMENT":"4AAC10C79DE77A192FC13B4E70A4A88E_element_41"}]}
COMMAND: GET /session/6bdeb5db3006a6fac955b336b8107eb6/element/4AAC10C79DE77A192FC13B4E70A4A88E_element_41/text - {}
RESULT: {}
COMMAND: POST /session/6bdeb5db3006a6fac955b336b8107eb6/execute/sync - {"script":"return (function isElementDisplayed(element) {\n    function nodeIsElement(node) {\n        if (!node) {\n            return false;\n        }\n        switch (node.nodeType) {\n            case Node.ELEMEN ... (7807 more bytes)","args":[{"element-6066-11e4-a52e-4f735466cecf":"4AAC10C79DE77A192FC13B4E70A4A88E_element_42","ELEMENT":"4AAC10C79DE77A192FC13B4E70A4A88E_element_42"}]}
RESULT: {"script":"return (function isElementDisplayed(element) {\n    function nodeIsElement(node) {\n        if (!node) {\n            return false;\n        }\n        switch (node.nodeType) {\n            case Node.ELEMEN ... (7807 more bytes)","args":[{"element-6066-11e4-a52e-4f735466cecf":"4AAC10C79DE77A192FC13B4E70A4A88E_element_42","ELEMENT":"4AAC10C79DE77A192FC13B4E70A4A88E_element_42"}]}
COMMAND: GET /session/6bdeb5db3006a6fac955b336b8107eb6/element/4AAC10C79DE77A192FC13B4E70A4A88E_element_42/text - {}
RESULT: {}
COMMAND: POST /session/6bdeb5db3006a6fac955b336b8107eb6/execute/sync - {"script":"return (function isElementDisplayed(element) {\n    function nodeIsElement(node) {\n        if (!node) {\n            return false;\n        }\n        switch (node.nodeType) {\n            case Node.ELEMEN ... (7807 more bytes)","args":[{"element-6066-11e4-a52e-4f735466cecf":"4AAC10C79DE77A192FC13B4E70A4A88E_element_43","ELEMENT":"4AAC10C79DE77A192FC13B4E70A4A88E_element_43"}]}
RESULT: {"script":"return (function isElementDisplayed(element) {\n    function nodeIsElement(node) {\n        if (!node) {\n            return false;\n        }\n        switch (node.nodeType) {\n            case Node.ELEMEN ... (7807 more bytes)","args":[{"element-6066-11e4-a52e-4f735466cecf":"4AAC10C79DE77A192FC13B4E70A4A88E_element_43","ELEMENT":"4AAC10C79DE77A192FC13B4E70A4A88E_element_43"}]}
COMMAND: GET /session/6bdeb5db3006a6fac955b336b8107eb6/element/4AAC10C79DE77A192FC13B4E70A4A88E_element_43/text - {}
RESULT: {}
COMMAND: POST /session/6bdeb5db3006a6fac955b336b8107eb6/execute/sync - {"script":"return (function isElementDisplayed(element) {\n    function nodeIsElement(node) {\n        if (!node) {\n            return false;\n        }\n        switch (node.nodeType) {\n            case Node.ELEMEN ... (7807 more bytes)","args":[{"element-6066-11e4-a52e-4f735466cecf":"4AAC10C79DE77A192FC13B4E70A4A88E_element_44","ELEMENT":"4AAC10C79DE77A192FC13B4E70A4A88E_element_44"}]}
RESULT: {"script":"return (function isElementDisplayed(element) {\n    function nodeIsElement(node) {\n        if (!node) {\n            return false;\n        }\n        switch (node.nodeType) {\n            case Node.ELEMEN ... (7807 more bytes)","args":[{"element-6066-11e4-a52e-4f735466cecf":"4AAC10C79DE77A192FC13B4E70A4A88E_element_44","ELEMENT":"4AAC10C79DE77A192FC13B4E70A4A88E_element_44"}]}
COMMAND: GET /session/6bdeb5db3006a6fac955b336b8107eb6/element/4AAC10C79DE77A192FC13B4E70A4A88E_element_44/text - {}
RESULT: {}
COMMAND: POST /session/6bdeb5db3006a6fac955b336b8107eb6/elements - {"using":"css selector","value":"ul.govuk-list li a"}
RESULT: {"using":"css selector","value":"ul.govuk-list li a"}
COMMAND: POST /session/6bdeb5db3006a6fac955b336b8107eb6/execute/sync - {"script":"return (function isElementDisplayed(element) {\n    function nodeIsElement(node) {\n        if (!node) {\n            return false;\n        }\n        switch (node.nodeType) {\n            case Node.ELEMEN ... (7807 more bytes)","args":[{"element-6066-11e4-a52e-4f735466cecf":"4AAC10C79DE77A192FC13B4E70A4A88E_element_36","ELEMENT":"4AAC10C79DE77A192FC13B4E70A4A88E_element_36"}]}
RESULT: {"script":"return (function isElementDisplayed(element) {\n    function nodeIsElement(node) {\n        if (!node) {\n            return false;\n        }\n        switch (node.nodeType) {\n            case Node.ELEMEN ... (7807 more bytes)","args":[{"element-6066-11e4-a52e-4f735466cecf":"4AAC10C79DE77A192FC13B4E70A4A88E_element_36","ELEMENT":"4AAC10C79DE77A192FC13B4E70A4A88E_element_36"}]}
COMMAND: GET /session/6bdeb5db3006a6fac955b336b8107eb6/element/4AAC10C79DE77A192FC13B4E70A4A88E_element_36/text - {}
RESULT: {}
COMMAND: POST /session/6bdeb5db3006a6fac955b336b8107eb6/execute/sync - {"script":"return (function isElementDisplayed(element) {\n    function nodeIsElement(node) {\n        if (!node) {\n            return false;\n        }\n        switch (node.nodeType) {\n            case Node.ELEMEN ... (7807 more bytes)","args":[{"element-6066-11e4-a52e-4f735466cecf":"4AAC10C79DE77A192FC13B4E70A4A88E_element_37","ELEMENT":"4AAC10C79DE77A192FC13B4E70A4A88E_element_37"}]}
RESULT: {"script":"return (function isElementDisplayed(element) {\n    function nodeIsElement(node) {\n        if (!node) {\n            return false;\n        }\n        switch (node.nodeType) {\n            case Node.ELEMEN ... (7807 more bytes)","args":[{"element-6066-11e4-a52e-4f735466cecf":"4AAC10C79DE77A192FC13B4E70A4A88E_element_37","ELEMENT":"4AAC10C79DE77A192FC13B4E70A4A88E_element_37"}]}
COMMAND: GET /session/6bdeb5db3006a6fac955b336b8107eb6/element/4AAC10C79DE77A192FC13B4E70A4A88E_element_37/text - {}
RESULT: {}
COMMAND: POST /session/6bdeb5db3006a6fac955b336b8107eb6/execute/sync - {"script":"return (function isElementDisplayed(element) {\n    function nodeIsElement(node) {\n        if (!node) {\n            return false;\n        }\n        switch (node.nodeType) {\n            case Node.ELEMEN ... (7807 more bytes)","args":[{"element-6066-11e4-a52e-4f735466cecf":"4AAC10C79DE77A192FC13B4E70A4A88E_element_38","ELEMENT":"4AAC10C79DE77A192FC13B4E70A4A88E_element_38"}]}
RESULT: {"script":"return (function isElementDisplayed(element) {\n    function nodeIsElement(node) {\n        if (!node) {\n            return false;\n        }\n        switch (node.nodeType) {\n            case Node.ELEMEN ... (7807 more bytes)","args":[{"element-6066-11e4-a52e-4f735466cecf":"4AAC10C79DE77A192FC13B4E70A4A88E_element_38","ELEMENT":"4AAC10C79DE77A192FC13B4E70A4A88E_element_38"}]}
COMMAND: GET /session/6bdeb5db3006a6fac955b336b8107eb6/element/4AAC10C79DE77A192FC13B4E70A4A88E_element_38/text - {}
RESULT: {}
COMMAND: POST /session/6bdeb5db3006a6fac955b336b8107eb6/execute/sync - {"script":"return (function isElementDisplayed(element) {\n    function nodeIsElement(node) {\n        if (!node) {\n            return false;\n        }\n        switch (node.nodeType) {\n            case Node.ELEMEN ... (7807 more bytes)","args":[{"element-6066-11e4-a52e-4f735466cecf":"4AAC10C79DE77A192FC13B4E70A4A88E_element_39","ELEMENT":"4AAC10C79DE77A192FC13B4E70A4A88E_element_39"}]}
RESULT: {"script":"return (function isElementDisplayed(element) {\n    function nodeIsElement(node) {\n        if (!node) {\n            return false;\n        }\n        switch (node.nodeType) {\n            case Node.ELEMEN ... (7807 more bytes)","args":[{"element-6066-11e4-a52e-4f735466cecf":"4AAC10C79DE77A192FC13B4E70A4A88E_element_39","ELEMENT":"4AAC10C79DE77A192FC13B4E70A4A88E_element_39"}]}
COMMAND: GET /session/6bdeb5db3006a6fac955b336b8107eb6/element/4AAC10C79DE77A192FC13B4E70A4A88E_element_39/text - {}
RESULT: {}
COMMAND: POST /session/6bdeb5db3006a6fac955b336b8107eb6/execute/sync - {"script":"return (function isElementDisplayed(element) {\n    function nodeIsElement(node) {\n        if (!node) {\n            return false;\n        }\n        switch (node.nodeType) {\n            case Node.ELEMEN ... (7807 more bytes)","args":[{"element-6066-11e4-a52e-4f735466cecf":"4AAC10C79DE77A192FC13B4E70A4A88E_element_40","ELEMENT":"4AAC10C79DE77A192FC13B4E70A4A88E_element_40"}]}
RESULT: {"script":"return (function isElementDisplayed(element) {\n    function nodeIsElement(node) {\n        if (!node) {\n            return false;\n        }\n        switch (node.nodeType) {\n            case Node.ELEMEN ... (7807 more bytes)","args":[{"element-6066-11e4-a52e-4f735466cecf":"4AAC10C79DE77A192FC13B4E70A4A88E_element_40","ELEMENT":"4AAC10C79DE77A192FC13B4E70A4A88E_element_40"}]}
COMMAND: GET /session/6bdeb5db3006a6fac955b336b8107eb6/element/4AAC10C79DE77A192FC13B4E70A4A88E_element_40/text - {}
RESULT: {}
COMMAND: POST /session/6bdeb5db3006a6fac955b336b8107eb6/execute/sync - {"script":"return (function isElementDisplayed(element) {\n    function nodeIsElement(node) {\n        if (!node) {\n            return false;\n        }\n        switch (node.nodeType) {\n            case Node.ELEMEN ... (7807 more bytes)","args":[{"element-6066-11e4-a52e-4f735466cecf":"4AAC10C79DE77A192FC13B4E70A4A88E_element_41","ELEMENT":"4AAC10C79DE77A192FC13B4E70A4A88E_element_41"}]}
RESULT: {"script":"return (function isElementDisplayed(element) {\n    function nodeIsElement(node) {\n        if (!node) {\n            return false;\n        }\n        switch (node.nodeType) {\n            case Node.ELEMEN ... (7807 more bytes)","args":[{"element-6066-11e4-a52e-4f735466cecf":"4AAC10C79DE77A192FC13B4E70A4A88E_element_41","ELEMENT":"4AAC10C79DE77A192FC13B4E70A4A88E_element_41"}]}
COMMAND: GET /session/6bdeb5db3006a6fac955b336b8107eb6/element/4AAC10C79DE77A192FC13B4E70A4A88E_element_41/text - {}
RESULT: {}
COMMAND: POST /session/6bdeb5db3006a6fac955b336b8107eb6/execute/sync - {"script":"return (function isElementDisplayed(element) {\n    function nodeIsElement(node) {\n        if (!node) {\n            return false;\n        }\n        switch (node.nodeType) {\n            case Node.ELEMEN ... (7807 more bytes)","args":[{"element-6066-11e4-a52e-4f735466cecf":"4AAC10C79DE77A192FC13B4E70A4A88E_element_42","ELEMENT":"4AAC10C79DE77A192FC13B4E70A4A88E_element_42"}]}
RESULT: {"script":"return (function isElementDisplayed(element) {\n    function nodeIsElement(node) {\n        if (!node) {\n            return false;\n        }\n        switch (node.nodeType) {\n            case Node.ELEMEN ... (7807 more bytes)","args":[{"element-6066-11e4-a52e-4f735466cecf":"4AAC10C79DE77A192FC13B4E70A4A88E_element_42","ELEMENT":"4AAC10C79DE77A192FC13B4E70A4A88E_element_42"}]}
COMMAND: GET /session/6bdeb5db3006a6fac955b336b8107eb6/element/4AAC10C79DE77A192FC13B4E70A4A88E_element_42/text - {}
RESULT: {}
COMMAND: POST /session/6bdeb5db3006a6fac955b336b8107eb6/execute/sync - {"script":"return (function isElementDisplayed(element) {\n    function nodeIsElement(node) {\n        if (!node) {\n            return false;\n        }\n        switch (node.nodeType) {\n            case Node.ELEMEN ... (7807 more bytes)","args":[{"element-6066-11e4-a52e-4f735466cecf":"4AAC10C79DE77A192FC13B4E70A4A88E_element_43","ELEMENT":"4AAC10C79DE77A192FC13B4E70A4A88E_element_43"}]}
RESULT: {"script":"return (function isElementDisplayed(element) {\n    function nodeIsElement(node) {\n        if (!node) {\n            return false;\n        }\n        switch (node.nodeType) {\n            case Node.ELEMEN ... (7807 more bytes)","args":[{"element-6066-11e4-a52e-4f735466cecf":"4AAC10C79DE77A192FC13B4E70A4A88E_element_43","ELEMENT":"4AAC10C79DE77A192FC13B4E70A4A88E_element_43"}]}
COMMAND: GET /session/6bdeb5db3006a6fac955b336b8107eb6/element/4AAC10C79DE77A192FC13B4E70A4A88E_element_43/text - {}
RESULT: {}
COMMAND: POST /session/6bdeb5db3006a6fac955b336b8107eb6/execute/sync - {"script":"return (function isElementDisplayed(element) {\n    function nodeIsElement(node) {\n        if (!node) {\n            return false;\n        }\n        switch (node.nodeType) {\n            case Node.ELEMEN ... (7807 more bytes)","args":[{"element-6066-11e4-a52e-4f735466cecf":"4AAC10C79DE77A192FC13B4E70A4A88E_element_44","ELEMENT":"4AAC10C79DE77A192FC13B4E70A4A88E_element_44"}]}
RESULT: {"script":"return (function isElementDisplayed(element) {\n    function nodeIsElement(node) {\n        if (!node) {\n            return false;\n        }\n        switch (node.nodeType) {\n            case Node.ELEMEN ... (7807 more bytes)","args":[{"element-6066-11e4-a52e-4f735466cecf":"4AAC10C79DE77A192FC13B4E70A4A88E_element_44","ELEMENT":"4AAC10C79DE77A192FC13B4E70A4A88E_element_44"}]}
COMMAND: GET /session/6bdeb5db3006a6fac955b336b8107eb6/element/4AAC10C79DE77A192FC13B4E70A4A88E_element_44/text - {}
RESULT: {}
]]></system-out>
      <system-err><![CDATA[
Error: Contract element with vendor name "Vendor One" not found
    at ContractsPage.clickContractByVendorName (file:///home/runner/work/di-billing-transaction-monitoring/di-billing-transaction-monitoring/ui-tests/pageobjects/contractsPage.ts:25:13)
    at runMicrotasks (<anonymous>)
    at processTicksAndRejections (node:internal/process/task_queues:96:5)
    at async Context.<anonymous> (file:///home/runner/work/di-billing-transaction-monitoring/di-billing-transaction-monitoring/ui-tests/specs/contract.spec.ts:41:7)
]]></system-err>
    </testcase>
    <testcase classname="chrome.117_0_5938_92.linux.Contracts_Page_Test" name="Should navigate to the invoice list page for Vendor Six" time="2.942">
      <failure/>
      <error message="Contract element with vendor name &quot;Vendor Six&quot; not found"/>
      <system-out><![CDATA[
COMMAND: POST /session/6bdeb5db3006a6fac955b336b8107eb6/url - {"url":"https://pr-490.btm.dev.account.gov.uk/contracts"}
RESULT: {"url":"https://pr-490.btm.dev.account.gov.uk/contracts"}
COMMAND: POST /session/6bdeb5db3006a6fac955b336b8107eb6/execute/sync - {"script":"return (() => document.readyState === \"complete\").apply(null, arguments)","args":[]}
RESULT: {"script":"return (() => document.readyState === \"complete\").apply(null, arguments)","args":[]}
COMMAND: POST /session/6bdeb5db3006a6fac955b336b8107eb6/elements - {"using":"css selector","value":"ul.govuk-list li a"}
RESULT: {"using":"css selector","value":"ul.govuk-list li a"}
COMMAND: POST /session/6bdeb5db3006a6fac955b336b8107eb6/execute/sync - {"script":"return (function isElementDisplayed(element) {\n    function nodeIsElement(node) {\n        if (!node) {\n            return false;\n        }\n        switch (node.nodeType) {\n            case Node.ELEMEN ... (7807 more bytes)","args":[{"element-6066-11e4-a52e-4f735466cecf":"8408385CBADAB7187DEE9B2DF1618871_element_46","ELEMENT":"8408385CBADAB7187DEE9B2DF1618871_element_46"}]}
RESULT: {"script":"return (function isElementDisplayed(element) {\n    function nodeIsElement(node) {\n        if (!node) {\n            return false;\n        }\n        switch (node.nodeType) {\n            case Node.ELEMEN ... (7807 more bytes)","args":[{"element-6066-11e4-a52e-4f735466cecf":"8408385CBADAB7187DEE9B2DF1618871_element_46","ELEMENT":"8408385CBADAB7187DEE9B2DF1618871_element_46"}]}
COMMAND: GET /session/6bdeb5db3006a6fac955b336b8107eb6/element/8408385CBADAB7187DEE9B2DF1618871_element_46/text - {}
RESULT: {}
COMMAND: POST /session/6bdeb5db3006a6fac955b336b8107eb6/execute/sync - {"script":"return (function isElementDisplayed(element) {\n    function nodeIsElement(node) {\n        if (!node) {\n            return false;\n        }\n        switch (node.nodeType) {\n            case Node.ELEMEN ... (7807 more bytes)","args":[{"element-6066-11e4-a52e-4f735466cecf":"8408385CBADAB7187DEE9B2DF1618871_element_47","ELEMENT":"8408385CBADAB7187DEE9B2DF1618871_element_47"}]}
RESULT: {"script":"return (function isElementDisplayed(element) {\n    function nodeIsElement(node) {\n        if (!node) {\n            return false;\n        }\n        switch (node.nodeType) {\n            case Node.ELEMEN ... (7807 more bytes)","args":[{"element-6066-11e4-a52e-4f735466cecf":"8408385CBADAB7187DEE9B2DF1618871_element_47","ELEMENT":"8408385CBADAB7187DEE9B2DF1618871_element_47"}]}
COMMAND: GET /session/6bdeb5db3006a6fac955b336b8107eb6/element/8408385CBADAB7187DEE9B2DF1618871_element_47/text - {}
RESULT: {}
COMMAND: POST /session/6bdeb5db3006a6fac955b336b8107eb6/execute/sync - {"script":"return (function isElementDisplayed(element) {\n    function nodeIsElement(node) {\n        if (!node) {\n            return false;\n        }\n        switch (node.nodeType) {\n            case Node.ELEMEN ... (7807 more bytes)","args":[{"element-6066-11e4-a52e-4f735466cecf":"8408385CBADAB7187DEE9B2DF1618871_element_48","ELEMENT":"8408385CBADAB7187DEE9B2DF1618871_element_48"}]}
RESULT: {"script":"return (function isElementDisplayed(element) {\n    function nodeIsElement(node) {\n        if (!node) {\n            return false;\n        }\n        switch (node.nodeType) {\n            case Node.ELEMEN ... (7807 more bytes)","args":[{"element-6066-11e4-a52e-4f735466cecf":"8408385CBADAB7187DEE9B2DF1618871_element_48","ELEMENT":"8408385CBADAB7187DEE9B2DF1618871_element_48"}]}
COMMAND: GET /session/6bdeb5db3006a6fac955b336b8107eb6/element/8408385CBADAB7187DEE9B2DF1618871_element_48/text - {}
RESULT: {}
COMMAND: POST /session/6bdeb5db3006a6fac955b336b8107eb6/execute/sync - {"script":"return (function isElementDisplayed(element) {\n    function nodeIsElement(node) {\n        if (!node) {\n            return false;\n        }\n        switch (node.nodeType) {\n            case Node.ELEMEN ... (7807 more bytes)","args":[{"element-6066-11e4-a52e-4f735466cecf":"8408385CBADAB7187DEE9B2DF1618871_element_49","ELEMENT":"8408385CBADAB7187DEE9B2DF1618871_element_49"}]}
RESULT: {"script":"return (function isElementDisplayed(element) {\n    function nodeIsElement(node) {\n        if (!node) {\n            return false;\n        }\n        switch (node.nodeType) {\n            case Node.ELEMEN ... (7807 more bytes)","args":[{"element-6066-11e4-a52e-4f735466cecf":"8408385CBADAB7187DEE9B2DF1618871_element_49","ELEMENT":"8408385CBADAB7187DEE9B2DF1618871_element_49"}]}
COMMAND: GET /session/6bdeb5db3006a6fac955b336b8107eb6/element/8408385CBADAB7187DEE9B2DF1618871_element_49/text - {}
RESULT: {}
COMMAND: POST /session/6bdeb5db3006a6fac955b336b8107eb6/execute/sync - {"script":"return (function isElementDisplayed(element) {\n    function nodeIsElement(node) {\n        if (!node) {\n            return false;\n        }\n        switch (node.nodeType) {\n            case Node.ELEMEN ... (7807 more bytes)","args":[{"element-6066-11e4-a52e-4f735466cecf":"8408385CBADAB7187DEE9B2DF1618871_element_50","ELEMENT":"8408385CBADAB7187DEE9B2DF1618871_element_50"}]}
RESULT: {"script":"return (function isElementDisplayed(element) {\n    function nodeIsElement(node) {\n        if (!node) {\n            return false;\n        }\n        switch (node.nodeType) {\n            case Node.ELEMEN ... (7807 more bytes)","args":[{"element-6066-11e4-a52e-4f735466cecf":"8408385CBADAB7187DEE9B2DF1618871_element_50","ELEMENT":"8408385CBADAB7187DEE9B2DF1618871_element_50"}]}
COMMAND: GET /session/6bdeb5db3006a6fac955b336b8107eb6/element/8408385CBADAB7187DEE9B2DF1618871_element_50/text - {}
RESULT: {}
COMMAND: POST /session/6bdeb5db3006a6fac955b336b8107eb6/execute/sync - {"script":"return (function isElementDisplayed(element) {\n    function nodeIsElement(node) {\n        if (!node) {\n            return false;\n        }\n        switch (node.nodeType) {\n            case Node.ELEMEN ... (7807 more bytes)","args":[{"element-6066-11e4-a52e-4f735466cecf":"8408385CBADAB7187DEE9B2DF1618871_element_51","ELEMENT":"8408385CBADAB7187DEE9B2DF1618871_element_51"}]}
RESULT: {"script":"return (function isElementDisplayed(element) {\n    function nodeIsElement(node) {\n        if (!node) {\n            return false;\n        }\n        switch (node.nodeType) {\n            case Node.ELEMEN ... (7807 more bytes)","args":[{"element-6066-11e4-a52e-4f735466cecf":"8408385CBADAB7187DEE9B2DF1618871_element_51","ELEMENT":"8408385CBADAB7187DEE9B2DF1618871_element_51"}]}
COMMAND: GET /session/6bdeb5db3006a6fac955b336b8107eb6/element/8408385CBADAB7187DEE9B2DF1618871_element_51/text - {}
RESULT: {}
COMMAND: POST /session/6bdeb5db3006a6fac955b336b8107eb6/execute/sync - {"script":"return (function isElementDisplayed(element) {\n    function nodeIsElement(node) {\n        if (!node) {\n            return false;\n        }\n        switch (node.nodeType) {\n            case Node.ELEMEN ... (7807 more bytes)","args":[{"element-6066-11e4-a52e-4f735466cecf":"8408385CBADAB7187DEE9B2DF1618871_element_52","ELEMENT":"8408385CBADAB7187DEE9B2DF1618871_element_52"}]}
RESULT: {"script":"return (function isElementDisplayed(element) {\n    function nodeIsElement(node) {\n        if (!node) {\n            return false;\n        }\n        switch (node.nodeType) {\n            case Node.ELEMEN ... (7807 more bytes)","args":[{"element-6066-11e4-a52e-4f735466cecf":"8408385CBADAB7187DEE9B2DF1618871_element_52","ELEMENT":"8408385CBADAB7187DEE9B2DF1618871_element_52"}]}
COMMAND: GET /session/6bdeb5db3006a6fac955b336b8107eb6/element/8408385CBADAB7187DEE9B2DF1618871_element_52/text - {}
RESULT: {}
COMMAND: POST /session/6bdeb5db3006a6fac955b336b8107eb6/execute/sync - {"script":"return (function isElementDisplayed(element) {\n    function nodeIsElement(node) {\n        if (!node) {\n            return false;\n        }\n        switch (node.nodeType) {\n            case Node.ELEMEN ... (7807 more bytes)","args":[{"element-6066-11e4-a52e-4f735466cecf":"8408385CBADAB7187DEE9B2DF1618871_element_53","ELEMENT":"8408385CBADAB7187DEE9B2DF1618871_element_53"}]}
RESULT: {"script":"return (function isElementDisplayed(element) {\n    function nodeIsElement(node) {\n        if (!node) {\n            return false;\n        }\n        switch (node.nodeType) {\n            case Node.ELEMEN ... (7807 more bytes)","args":[{"element-6066-11e4-a52e-4f735466cecf":"8408385CBADAB7187DEE9B2DF1618871_element_53","ELEMENT":"8408385CBADAB7187DEE9B2DF1618871_element_53"}]}
COMMAND: GET /session/6bdeb5db3006a6fac955b336b8107eb6/element/8408385CBADAB7187DEE9B2DF1618871_element_53/text - {}
RESULT: {}
COMMAND: POST /session/6bdeb5db3006a6fac955b336b8107eb6/execute/sync - {"script":"return (function isElementDisplayed(element) {\n    function nodeIsElement(node) {\n        if (!node) {\n            return false;\n        }\n        switch (node.nodeType) {\n            case Node.ELEMEN ... (7807 more bytes)","args":[{"element-6066-11e4-a52e-4f735466cecf":"8408385CBADAB7187DEE9B2DF1618871_element_54","ELEMENT":"8408385CBADAB7187DEE9B2DF1618871_element_54"}]}
RESULT: {"script":"return (function isElementDisplayed(element) {\n    function nodeIsElement(node) {\n        if (!node) {\n            return false;\n        }\n        switch (node.nodeType) {\n            case Node.ELEMEN ... (7807 more bytes)","args":[{"element-6066-11e4-a52e-4f735466cecf":"8408385CBADAB7187DEE9B2DF1618871_element_54","ELEMENT":"8408385CBADAB7187DEE9B2DF1618871_element_54"}]}
COMMAND: GET /session/6bdeb5db3006a6fac955b336b8107eb6/element/8408385CBADAB7187DEE9B2DF1618871_element_54/text - {}
RESULT: {}
COMMAND: POST /session/6bdeb5db3006a6fac955b336b8107eb6/elements - {"using":"css selector","value":"ul.govuk-list li a"}
RESULT: {"using":"css selector","value":"ul.govuk-list li a"}
[...]
    at runMicrotasks (<anonymous>)
    at processTicksAndRejections (node:internal/process/task_queues:96:5)
    at async Context.<anonymous> (file:///home/runner/work/di-billing-transaction-monitoring/di-billing-transaction-monitoring/ui-tests/specs/contract.spec.ts:41:7)
]]></system-err>
    </testcase>
    <testcase classname="chrome.117_0_5938_92.linux.Contracts_Page_Test" name="Should navigate to the invoice list page for Vendor Two" time="2.193">
      <failure/>
      <error message="Contract element with vendor name &quot;Vendor Two&quot; not found"/>
      <system-out><![CDATA[
COMMAND: POST /session/6bdeb5db3006a6fac955b336b8107eb6/url - {"url":"https://pr-490.btm.dev.account.gov.uk/contracts"}
RESULT: {"url":"https://pr-490.btm.dev.account.gov.uk/contracts"}
COMMAND: POST /session/6bdeb5db3006a6fac955b336b8107eb6/execute/sync - {"script":"return (() => document.readyState === \"complete\").apply(null, arguments)","args":[]}
RESULT: {"script":"return (() => document.readyState === \"complete\").apply(null, arguments)","args":[]}
COMMAND: POST /session/6bdeb5db3006a6fac955b336b8107eb6/elements - {"using":"css selector","value":"ul.govuk-list li a"}
RESULT: {"using":"css selector","value":"ul.govuk-list li a"}
COMMAND: POST /session/6bdeb5db3006a6fac955b336b8107eb6/execute/sync - {"script":"return (function isElementDisplayed(element) {\n    function nodeIsElement(node) {\n        if (!node) {\n            return false;\n        }\n        switch (node.nodeType) {\n            case Node.ELEMEN ... (7807 more bytes)","args":[{"element-6066-11e4-a52e-4f735466cecf":"B3B8AD4C03400FA08BD3731E55BF5527_element_68","ELEMENT":"B3B8AD4C03400FA08BD3731E55BF5527_element_68"}]}
RESULT: {"script":"return (function isElementDisplayed(element) {\n    function nodeIsElement(node) {\n        if (!node) {\n            return false;\n        }\n        switch (node.nodeType) {\n            case Node.ELEMEN ... (7807 more bytes)","args":[{"element-6066-11e4-a52e-4f735466cecf":"B3B8AD4C03400FA08BD3731E55BF5527_element_68","ELEMENT":"B3B8AD4C03400FA08BD3731E55BF5527_element_68"}]}
COMMAND: GET /session/6bdeb5db3006a6fac955b336b8107eb6/element/B3B8AD4C03400FA08BD3731E55BF5527_element_68/text - {}
RESULT: {}
COMMAND: POST /session/6bdeb5db3006a6fac955b336b8107eb6/execute/sync - {"script":"return (function isElementDisplayed(element) {\n    function nodeIsElement(node) {\n        if (!node) {\n            return false;\n        }\n        switch (node.nodeType) {\n            case Node.ELEMEN ... (7807 more bytes)","args":[{"element-6066-11e4-a52e-4f735466cecf":"B3B8AD4C03400FA08BD3731E55BF5527_element_69","ELEMENT":"B3B8AD4C03400FA08BD3731E55BF5527_element_69"}]}
RESULT: {"script":"return (function isElementDisplayed(element) {\n    function nodeIsElement(node) {\n        if (!node) {\n            return false;\n        }\n        switch (node.nodeType) {\n            case Node.ELEMEN ... (7807 more bytes)","args":[{"element-6066-11e4-a52e-4f735466cecf":"B3B8AD4C03400FA08BD3731E55BF5527_element_69","ELEMENT":"B3B8AD4C03400FA08BD3731E55BF5527_element_69"}]}
COMMAND: GET /session/6bdeb5db3006a6fac955b336b8107eb6/element/B3B8AD4C03400FA08BD3731E55BF5527_element_69/text - {}
RESULT: {}
COMMAND: POST /session/6bdeb5db3006a6fac955b336b8107eb6/execute/sync - {"script":"return (function isElementDisplayed(element) {\n    function nodeIsElement(node) {\n        if (!node) {\n            return false;\n        }\n        switch (node.nodeType) {\n            case Node.ELEMEN ... (7807 more bytes)","args":[{"element-6066-11e4-a52e-4f735466cecf":"B3B8AD4C03400FA08BD3731E55BF5527_element_70","ELEMENT":"B3B8AD4C03400FA08BD3731E55BF5527_element_70"}]}
RESULT: {"script":"return (function isElementDisplayed(element) {\n    function nodeIsElement(node) {\n        if (!node) {\n            return false;\n        }\n        switch (node.nodeType) {\n            case Node.ELEMEN ... (7807 more bytes)","args":[{"element-6066-11e4-a52e-4f735466cecf":"B3B8AD4C03400FA08BD3731E55BF5527_element_70","ELEMENT":"B3B8AD4C03400FA08BD3731E55BF5527_element_70"}]}
COMMAND: GET /session/6bdeb5db3006a6fac955b336b8107eb6/element/B3B8AD4C03400FA08BD3731E55BF5527_element_70/text - {}
RESULT: {}
COMMAND: POST /session/6bdeb5db3006a6fac955b336b8107eb6/execute/sync - {"script":"return (function isElementDisplayed(element) {\n    function nodeIsElement(node) {\n        if (!node) {\n            return false;\n        }\n        switch (node.nodeType) {\n            case Node.ELEMEN ... (7807 more bytes)","args":[{"element-6066-11e4-a52e-4f735466cecf":"B3B8AD4C03400FA08BD3731E55BF5527_element_71","ELEMENT":"B3B8AD4C03400FA08BD3731E55BF5527_element_71"}]}
RESULT: {"script":"return (function isElementDisplayed(element) {\n    function nodeIsElement(node) {\n        if (!node) {\n            return false;\n        }\n        switch (node.nodeType) {\n            case Node.ELEMEN ... (7807 more bytes)","args":[{"element-6066-11e4-a52e-4f735466cecf":"B3B8AD4C03400FA08BD3731E55BF5527_element_71","ELEMENT":"B3B8AD4C03400FA08BD3731E55BF5527_element_71"}]}
COMMAND: GET /session/6bdeb5db3006a6fac955b336b8107eb6/element/B3B8AD4C03400FA08BD3731E55BF5527_element_71/text - {}
RESULT: {}
COMMAND: POST /session/6bdeb5db3006a6fac955b336b8107eb6/execute/sync - {"script":"return (function isElementDisplayed(element) {\n    function nodeIsElement(node) {\n        if (!node) {\n            return false;\n        }\n        switch (node.nodeType) {\n            case Node.ELEMEN ... (7807 more bytes)","args":[{"element-6066-11e4-a52e-4f735466cecf":"B3B8AD4C03400FA08BD3731E55BF5527_element_72","ELEMENT":"B3B8AD4C03400FA08BD3731E55BF5527_element_72"}]}
RESULT: {"script":"return (function isElementDisplayed(element) {\n    function nodeIsElement(node) {\n        if (!node) {\n            return false;\n        }\n        switch (node.nodeType) {\n            case Node.ELEMEN ... (7807 more bytes)","args":[{"element-6066-11e4-a52e-4f735466cecf":"B3B8AD4C03400FA08BD3731E55BF5527_element_72","ELEMENT":"B3B8AD4C03400FA08BD3731E55BF5527_element_72"}]}
COMMAND: GET /session/6bdeb5db3006a6fac955b336b8107eb6/element/B3B8AD4C03400FA08BD3731E55BF5527_element_72/text - {}
RESULT: {}
COMMAND: POST /session/6bdeb5db3006a6fac955b336b8107eb6/execute/sync - {"script":"return (function isElementDisplayed(element) {\n    function nodeIsElement(node) {\n        if (!node) {\n            return false;\n        }\n        switch (node.nodeType) {\n            case Node.ELEMEN ... (7807 more bytes)","args":[{"element-6066-11e4-a52e-4f735466cecf":"B3B8AD4C03400FA08BD3731E55BF5527_element_73","ELEMENT":"B3B8AD4C03400FA08BD3731E55BF5527_element_73"}]}
RESULT: {"script":"return (function isElementDisplayed(element) {\n    function nodeIsElement(node) {\n        if (!node) {\n            return false;\n        }\n        switch (node.nodeType) {\n            case Node.ELEMEN ... (7807 more bytes)","args":[{"element-6066-11e4-a52e-4f735466cecf":"B3B8AD4C03400FA08BD3731E55BF5527_element_73","ELEMENT":"B3B8AD4C03400FA08BD3731E55BF5527_element_73"}]}
COMMAND: GET /session/6bdeb5db3006a6fac955b336b8107eb6/element/B3B8AD4C03400FA08BD3731E55BF5527_element_73/text - {}
RESULT: {}
COMMAND: POST /session/6bdeb5db3006a6fac955b336b8107eb6/execute/sync - {"script":"return (function isElementDisplayed(element) {\n    function nodeIsElement(node) {\n        if (!node) {\n            return false;\n        }\n        switch (node.nodeType) {\n            case Node.ELEMEN ... (7807 more bytes)","args":[{"element-6066-11e4-a52e-4f735466cecf":"B3B8AD4C03400FA08BD3731E55BF5527_element_74","ELEMENT":"B3B8AD4C03400FA08BD3731E55BF5527_element_74"}]}
RESULT: {"script":"return (function isElementDisplayed(element) {\n    function nodeIsElement(node) {\n        if (!node) {\n            return false;\n        }\n        switch (node.nodeType) {\n            case Node.ELEMEN ... (7807 more bytes)","args":[{"element-6066-11e4-a52e-4f735466cecf":"B3B8AD4C03400FA08BD3731E55BF5527_element_74","ELEMENT":"B3B8AD4C03400FA08BD3731E55BF5527_element_74"}]}
COMMAND: GET /session/6bdeb5db3006a6fac955b336b8107eb6/element/B3B8AD4C03400FA08BD3731E55BF5527_element_74/text - {}
RESULT: {}
COMMAND: POST /session/6bdeb5db3006a6fac955b336b8107eb6/execute/sync - {"script":"return (function isElementDisplayed(element) {\n    function nodeIsElement(node) {\n        if (!node) {\n            return false;\n        }\n        switch (node.nodeType) {\n            case Node.ELEMEN ... (7807 more bytes)","args":[{"element-6066-11e4-a52e-4f735466cecf":"B3B8AD4C03400FA08BD3731E55BF5527_element_75","ELEMENT":"B3B8AD4C03400FA08BD3731E55BF5527_element_75"}]}
RESULT: {"script":"return (function isElementDisplayed(element) {\n    function nodeIsElement(node) {\n        if (!node) {\n            return false;\n        }\n        switch (node.nodeType) {\n            case Node.ELEMEN ... (7807 more bytes)","args":[{"element-6066-11e4-a52e-4f735466cecf":"B3B8AD4C03400FA08BD3731E55BF5527_element_75","ELEMENT":"B3B8AD4C03400FA08BD3731E55BF5527_element_75"}]}
COMMAND: GET /session/6bdeb5db3006a6fac955b336b8107eb6/element/B3B8AD4C03400FA08BD3731E55BF5527_element_75/text - {}
RESULT: {}
COMMAND: POST /session/6bdeb5db3006a6fac955b336b8107eb6/execute/sync - {"script":"return (function isElementDisplayed(element) {\n    function nodeIsElement(node) {\n        if (!node) {\n            return false;\n        }\n        switch (node.nodeType) {\n            case Node.ELEMEN ... (7807 more bytes)","args":[{"element-6066-11e4-a52e-4f735466cecf":"B3B8AD4C03400FA08BD3731E55BF5527_element_76","ELEMENT":"B3B8AD4C03400FA08BD3731E55BF5527_element_76"}]}
RESULT: {"script":"return (function isElementDisplayed(element) {\n    function nodeIsElement(node) {\n        if (!node) {\n            return false;\n        }\n        switch (node.nodeType) {\n            case Node.ELEMEN ... (7807 more bytes)","args":[{"element-6066-11e4-a52e-4f735466cecf":"B3B8AD4C03400FA08BD3731E55BF5527_element_76","ELEMENT":"B3B8AD4C03400FA08BD3731E55BF5527_element_76"}]}
COMMAND: GET /session/6bdeb5db3006a6fac955b336b8107eb6/element/B3B8AD4C03400FA08BD3731E55BF5527_element_76/text - {}
RESULT: {}
COMMAND: POST /session/6bdeb5db3006a6fac955b336b8107eb6/elements - {"using":"css selector","value":"ul.govuk-list li a"}
RESULT: {"using":"css selector","value":"ul.govuk-list li a"}
COMMAND: POST /session/6bdeb5db3006a6fac955b336b8107eb6/execute/sync - {"script":"return (function isElementDisplayed(element) {\n    function nodeIsElement(node) {\n        if (!node) {\n            return false;\n        }\n        switch (node.nodeType) {\n            case Node.ELEMEN ... (7807 more bytes)","args":[{"element-6066-11e4-a52e-4f735466cecf":"B3B8AD4C03400FA08BD3731E55BF5527_element_68","ELEMENT":"B3B8AD4C03400FA08BD3731E55BF5527_element_68"}]}
RESULT: {"script":"return (function isElementDisplayed(element) {\n    function nodeIsElement(node) {\n        if (!node) {\n            return false;\n        }\n        switch (node.nodeType) {\n            case Node.ELEMEN ... (7807 more bytes)","args":[{"element-6066-11e4-a52e-4f735466cecf":"B3B8AD4C03400FA08BD3731E55BF5527_element_68","ELEMENT":"B3B8AD4C03400FA08BD3731E55BF5527_element_68"}]}
COMMAND: GET /session/6bdeb5db3006a6fac955b336b8107eb6/element/B3B8AD4C03400FA08BD3731E55BF5527_element_68/text - {}
RESULT: {}
COMMAND: POST /session/6bdeb5db3006a6fac955b336b8107eb6/execute/sync - {"script":"return (function isElementDisplayed(element) {\n    function nodeIsElement(node) {\n        if (!node) {\n            return false;\n        }\n        switch (node.nodeType) {\n            case Node.ELEMEN ... (7807 more bytes)","args":[{"element-6066-11e4-a52e-4f735466cecf":"B3B8AD4C03400FA08BD3731E55BF5527_element_69","ELEMENT":"B3B8AD4C03400FA08BD3731E55BF5527_element_69"}]}
RESULT: {"script":"return (function isElementDisplayed(element) {\n    function nodeIsElement(node) {\n        if (!node) {\n            return false;\n        }\n        switch (node.nodeType) {\n            case Node.ELEMEN ... (7807 more bytes)","args":[{"element-6066-11e4-a52e-4f735466cecf":"B3B8AD4C03400FA08BD3731E55BF5527_element_69","ELEMENT":"B3B8AD4C03400FA08BD3731E55BF5527_element_69"}]}
COMMAND: GET /session/6bdeb5db3006a6fac955b336b8107eb6/element/B3B8AD4C03400FA08BD3731E55BF5527_element_69/text - {}
RESULT: {}
COMMAND: POST /session/6bdeb5db3006a6fac955b336b8107eb6/execute/sync - {"script":"return (function isElementDisplayed(element) {\n    function nodeIsElement(node) {\n        if (!node) {\n            return false;\n        }\n        switch (node.nodeType) {\n            case Node.ELEMEN ... (7807 more bytes)","args":[{"element-6066-11e4-a52e-4f735466cecf":"B3B8AD4C03400FA08BD3731E55BF5527_element_70","ELEMENT":"B3B8AD4C03400FA08BD3731E55BF5527_element_70"}]}
RESULT: {"script":"return (function isElementDisplayed(element) {\n    function nodeIsElement(node) {\n        if (!node) {\n            return false;\n        }\n        switch (node.nodeType) {\n            case Node.ELEMEN ... (7807 more bytes)","args":[{"element-6066-11e4-a52e-4f735466cecf":"B3B8AD4C03400FA08BD3731E55BF5527_element_70","ELEMENT":"B3B8AD4C03400FA08BD3731E55BF5527_element_70"}]}
COMMAND: GET /session/6bdeb5db3006a6fac955b336b8107eb6/element/B3B8AD4C03400FA08BD3731E55BF5527_element_70/text - {}
RESULT: {}
COMMAND: POST /session/6bdeb5db3006a6fac955b336b8107eb6/execute/sync - {"script":"return (function isElementDisplayed(element) {\n    function nodeIsElement(node) {\n        if (!node) {\n            return false;\n        }\n        switch (node.nodeType) {\n            case Node.ELEMEN ... (7807 more bytes)","args":[{"element-6066-11e4-a52e-4f735466cecf":"B3B8AD4C03400FA08BD3731E55BF5527_element_71","ELEMENT":"B3B8AD4C03400FA08BD3731E55BF5527_element_71"}]}
RESULT: {"script":"return (function isElementDisplayed(element) {\n    function nodeIsElement(node) {\n        if (!node) {\n            return false;\n        }\n        switch (node.nodeType) {\n            case Node.ELEMEN ... (7807 more bytes)","args":[{"element-6066-11e4-a52e-4f735466cecf":"B3B8AD4C03400FA08BD3731E55BF5527_element_71","ELEMENT":"B3B8AD4C03400FA08BD3731E55BF5527_element_71"}]}
COMMAND: GET /session/6bdeb5db3006a6fac955b336b8107eb6/element/B3B8AD4C03400FA08BD3731E55BF5527_element_71/text - {}
RESULT: {}
COMMAND: POST /session/6bdeb5db3006a6fac955b336b8107eb6/execute/sync - {"script":"return (function isElementDisplayed(element) {\n    function nodeIsElement(node) {\n        if (!node) {\n            return false;\n        }\n        switch (node.nodeType) {\n            case Node.ELEMEN ... (7807 more bytes)","args":[{"element-6066-11e4-a52e-4f735466cecf":"B3B8AD4C03400FA08BD3731E55BF5527_element_72","ELEMENT":"B3B8AD4C03400FA08BD3731E55BF5527_element_72"}]}
RESULT: {"script":"return (function isElementDisplayed(element) {\n    function nodeIsElement(node) {\n        if (!node) {\n            return false;\n        }\n        switch (node.nodeType) {\n            case Node.ELEMEN ... (7807 more bytes)","args":[{"element-6066-11e4-a52e-4f735466cecf":"B3B8AD4C03400FA08BD3731E55BF5527_element_72","ELEMENT":"B3B8AD4C03400FA08BD3731E55BF5527_element_72"}]}
COMMAND: GET /session/6bdeb5db3006a6fac955b336b8107eb6/element/B3B8AD4C03400FA08BD3731E55BF5527_element_72/text - {}
RESULT: {}
COMMAND: POST /session/6bdeb5db3006a6fac955b336b8107eb6/execute/sync - {"script":"return (function isElementDisplayed(element) {\n    function nodeIsElement(node) {\n        if (!node) {\n            return false;\n        }\n        switch (node.nodeType) {\n            case Node.ELEMEN ... (7807 more bytes)","args":[{"element-6066-11e4-a52e-4f735466cecf":"B3B8AD4C03400FA08BD3731E55BF5527_element_73","ELEMENT":"B3B8AD4C03400FA08BD3731E55BF5527_element_73"}]}
RESULT: {"script":"return (function isElementDisplayed(element) {\n    function nodeIsElement(node) {\n        if (!node) {\n            return false;\n        }\n        switch (node.nodeType) {\n            case Node.ELEMEN ... (7807 more bytes)","args":[{"element-6066-11e4-a52e-4f735466cecf":"B3B8AD4C03400FA08BD3731E55BF5527_element_73","ELEMENT":"B3B8AD4C03400FA08BD3731E55BF5527_element_73"}]}
COMMAND: GET /session/6bdeb5db3006a6fac955b336b8107eb6/element/B3B8AD4C03400FA08BD3731E55BF5527_element_73/text - {}
RESULT: {}
COMMAND: POST /session/6bdeb5db3006a6fac955b336b8107eb6/execute/sync - {"script":"return (function isElementDisplayed(element) {\n    function nodeIsElement(node) {\n        if (!node) {\n            return false;\n        }\n        switch (node.nodeType) {\n            case Node.ELEMEN ... (7807 more bytes)","args":[{"element-6066-11e4-a52e-4f735466cecf":"B3B8AD4C03400FA08BD3731E55BF5527_element_74","ELEMENT":"B3B8AD4C03400FA08BD3731E55BF5527_element_74"}]}
RESULT: {"script":"return (function isElementDisplayed(element) {\n    function nodeIsElement(node) {\n        if (!node) {\n            return false;\n        }\n        switch (node.nodeType) {\n            case Node.ELEMEN ... (7807 more bytes)","args":[{"element-6066-11e4-a52e-4f735466cecf":"B3B8AD4C03400FA08BD3731E55BF5527_element_74","ELEMENT":"B3B8AD4C03400FA08BD3731E55BF5527_element_74"}]}
COMMAND: GET /session/6bdeb5db3006a6fac955b336b8107eb6/element/B3B8AD4C03400FA08BD3731E55BF5527_element_74/text - {}
RESULT: {}
COMMAND: POST /session/6bdeb5db3006a6fac955b336b8107eb6/execute/sync - {"script":"return (function isElementDisplayed(element) {\n    function nodeIsElement(node) {\n        if (!node) {\n            return false;\n        }\n        switch (node.nodeType) {\n            case Node.ELEMEN ... (7807 more bytes)","args":[{"element-6066-11e4-a52e-4f735466cecf":"B3B8AD4C03400FA08BD3731E55BF5527_element_75","ELEMENT":"B3B8AD4C03400FA08BD3731E55BF5527_element_75"}]}
RESULT: {"script":"return (function isElementDisplayed(element) {\n    function nodeIsElement(node) {\n        if (!node) {\n            return false;\n        }\n        switch (node.nodeType) {\n            case Node.ELEMEN ... (7807 more bytes)","args":[{"element-6066-11e4-a52e-4f735466cecf":"B3B8AD4C03400FA08BD3731E55BF5527_element_75","ELEMENT":"B3B8AD4C03400FA08BD3731E55BF5527_element_75"}]}
COMMAND: GET /session/6bdeb5db3006a6fac955b336b8107eb6/element/B3B8AD4C03400FA08BD3731E55BF5527_element_75/text - {}
RESULT: {}
COMMAND: POST /session/6bdeb5db3006a6fac955b336b8107eb6/execute/sync - {"script":"return (function isElementDisplayed(element) {\n    function nodeIsElement(node) {\n        if (!node) {\n            return false;\n        }\n        switch (node.nodeType) {\n            case Node.ELEMEN ... (7807 more bytes)","args":[{"element-6066-11e4-a52e-4f735466cecf":"B3B8AD4C03400FA08BD3731E55BF5527_element_76","ELEMENT":"B3B8AD4C03400FA08BD3731E55BF5527_element_76"}]}
RESULT: {"script":"return (function isElementDisplayed(element) {\n    function nodeIsElement(node) {\n        if (!node) {\n            return false;\n        }\n        switch (node.nodeType) {\n            case Node.ELEMEN ... (7807 more bytes)","args":[{"element-6066-11e4-a52e-4f735466cecf":"B3B8AD4C03400FA08BD3731E55BF5527_element_76","ELEMENT":"B3B8AD4C03400FA08BD3731E55BF5527_element_76"}]}
COMMAND: GET /session/6bdeb5db3006a6fac955b336b8107eb6/element/B3B8AD4C03400FA08BD3731E55BF5527_element_76/text - {}
RESULT: {}
COMMAND: DELETE /session/6bdeb5db3006a6fac955b336b8107eb6 - {}
RESULT: {}
]]></system-out>
      <system-err><![CDATA[
Error: Contract element with vendor name "Vendor Two" not found
    at ContractsPage.clickContractByVendorName (file:///home/runner/work/di-billing-transaction-monitoring/di-billing-transaction-monitoring/ui-tests/pageobjects/contractsPage.ts:25:13)
    at runMicrotasks (<anonymous>)
    at processTicksAndRejections (node:internal/process/task_queues:96:5)
    at async Context.<anonymous> (file:///home/runner/work/di-billing-transaction-monitoring/di-billing-transaction-monitoring/ui-tests/specs/contract.spec.ts:41:7)
]]></system-err>
    </testcase>
  </testsuite>
</testsuites>