<?xml version="1.0" encoding="UTF-8"?>
<testsuites>
  <testsuite name="Invoice Page Test" timestamp="2023-10-10T10:40:10" time="98.798" tests="0" failures="0" errors="0" skipped="0">
    <properties>
      <property name="specId" value="0"/>
      <property name="suiteName" value="Invoice Page Test"/>
      <property name="capabilities" value="chrome.117_0_5938_132.linux"/>
      <property name="file" value="file://./ui-tests/specs/invoice.spec.ts"/>
    </properties>
  </testsuite>
  <testsuite name="Vendor Vendor Three Invoice 2005 09" timestamp="2023-10-10T10:40:10" time="16.418" tests="6" failures="6" errors="6" skipped="0">
    <properties>
      <property name="specId" value="0"/>
      <property name="suiteName" value="Vendor: Vendor Three,Invoice:2005-09"/>
      <property name="capabilities" value="chrome.117_0_5938_132.linux"/>
      <property name="file" value="file://./ui-tests/specs/invoice.spec.ts"/>
    </properties>
    <testcase classname="chrome.117_0_5938_132.linux.Invoice_Page_Test.Vendor:_Vendor_Three,Invoice:2005-09" name="should display correct status banner color and message" time="9.285">
      <failure/>
      <error message="expect(received).toEqual(expected) // deep equality&#xA;&#xA;Expected: &quot;Invoice data missing&quot;&#xA;Received: &quot;Invoice and events missing&quot;"/>
      <system-out><![CDATA[
COMMAND: POST /session/4736623b33805498a5d99cdd3935461b/url - {"url":"https://pr-508.btm.dev.account.gov.uk/contracts/3/invoices/2005-09"}
RESULT: {"url":"https://pr-508.btm.dev.account.gov.uk/contracts/3/invoices/2005-09"}
COMMAND: POST /session/4736623b33805498a5d99cdd3935461b/execute/sync - {"script":"return (() => document.readyState === \"complete\").apply(null, arguments)","args":[]}
RESULT: {"script":"return (() => document.readyState === \"complete\").apply(null, arguments)","args":[]}
COMMAND: GET /session/4736623b33805498a5d99cdd3935461b/url - {}
RESULT: {}
COMMAND: POST /session/4736623b33805498a5d99cdd3935461b/element - {"using":"css selector","value":".govuk-heading-xl"}
RESULT: {"using":"css selector","value":".govuk-heading-xl"}
COMMAND: POST /session/4736623b33805498a5d99cdd3935461b/execute/sync - {"script":"return (function isElementDisplayed(element) {\n    function nodeIsElement(node) {\n        if (!node) {\n            return false;\n        }\n        switch (node.nodeType) {\n            case Node.ELEMEN ... (7807 more bytes)","args":[{"element-6066-11e4-a52e-4f735466cecf":"2C9D61EC40F0EC8EB19AB4C81CF1E12E_element_4","ELEMENT":"2C9D61EC40F0EC8EB19AB4C81CF1E12E_element_4"}]}
RESULT: {"script":"return (function isElementDisplayed(element) {\n    function nodeIsElement(node) {\n        if (!node) {\n            return false;\n        }\n        switch (node.nodeType) {\n            case Node.ELEMEN ... (7807 more bytes)","args":[{"element-6066-11e4-a52e-4f735466cecf":"2C9D61EC40F0EC8EB19AB4C81CF1E12E_element_4","ELEMENT":"2C9D61EC40F0EC8EB19AB4C81CF1E12E_element_4"}]}
COMMAND: POST /session/4736623b33805498a5d99cdd3935461b/element - {"using":"css selector","value":".govuk-heading-xl"}
RESULT: {"using":"css selector","value":".govuk-heading-xl"}
COMMAND: GET /session/4736623b33805498a5d99cdd3935461b/element/2C9D61EC40F0EC8EB19AB4C81CF1E12E_element_4/text - {}
RESULT: {}
COMMAND: POST /session/4736623b33805498a5d99cdd3935461b/element - {"using":"css selector","value":"h2.govuk-panel__title"}
RESULT: {"using":"css selector","value":"h2.govuk-panel__title"}
COMMAND: POST /session/4736623b33805498a5d99cdd3935461b/execute/sync - {"script":"return (function isElementDisplayed(element) {\n    function nodeIsElement(node) {\n        if (!node) {\n            return false;\n        }\n        switch (node.nodeType) {\n            case Node.ELEMEN ... (7807 more bytes)","args":[{"element-6066-11e4-a52e-4f735466cecf":"2C9D61EC40F0EC8EB19AB4C81CF1E12E_element_5","ELEMENT":"2C9D61EC40F0EC8EB19AB4C81CF1E12E_element_5"}]}
RESULT: {"script":"return (function isElementDisplayed(element) {\n    function nodeIsElement(node) {\n        if (!node) {\n            return false;\n        }\n        switch (node.nodeType) {\n            case Node.ELEMEN ... (7807 more bytes)","args":[{"element-6066-11e4-a52e-4f735466cecf":"2C9D61EC40F0EC8EB19AB4C81CF1E12E_element_5","ELEMENT":"2C9D61EC40F0EC8EB19AB4C81CF1E12E_element_5"}]}
COMMAND: POST /session/4736623b33805498a5d99cdd3935461b/element - {"using":"css selector","value":"h2.govuk-panel__title"}
RESULT: {"using":"css selector","value":"h2.govuk-panel__title"}
COMMAND: GET /session/4736623b33805498a5d99cdd3935461b/element/2C9D61EC40F0EC8EB19AB4C81CF1E12E_element_5/text - {}
RESULT: {}
]]></system-out>
      <system-err><![CDATA[
Error: expect(received).toEqual(expected) // deep equality

Expected: "Invoice data missing"
Received: "Invoice and events missing"
    at expectEqual (file:///home/runner/work/di-billing-transaction-monitoring/di-billing-transaction-monitoring/ui-tests/utils/customTestAssertion.ts:12:20)
    at Context.<anonymous> (file:///home/runner/work/di-billing-transaction-monitoring/di-billing-transaction-monitoring/ui-tests/specs/invoice.spec.ts:81:9)
    at processTicksAndRejections (node:internal/process/task_queues:96:5)
]]></system-err>
    </testcase>
    <testcase classname="chrome.117_0_5938_132.linux.Invoice_Page_Test.Vendor:_Vendor_Three,Invoice:2005-09" name="should validate reconciliation table data" time="1.846">
      <failure/>
      <error message="Cannot read properties of undefined (reading 'Line item')"/>
      <system-out><![CDATA[
COMMAND: POST /session/4736623b33805498a5d99cdd3935461b/url - {"url":"https://pr-508.btm.dev.account.gov.uk/contracts/3/invoices/2005-09"}
RESULT: {"url":"https://pr-508.btm.dev.account.gov.uk/contracts/3/invoices/2005-09"}
COMMAND: POST /session/4736623b33805498a5d99cdd3935461b/execute/sync - {"script":"return (() => document.readyState === \"complete\").apply(null, arguments)","args":[]}
RESULT: {"script":"return (() => document.readyState === \"complete\").apply(null, arguments)","args":[]}
COMMAND: GET /session/4736623b33805498a5d99cdd3935461b/url - {}
RESULT: {}
COMMAND: POST /session/4736623b33805498a5d99cdd3935461b/element - {"using":"css selector","value":".govuk-heading-xl"}
RESULT: {"using":"css selector","value":".govuk-heading-xl"}
COMMAND: POST /session/4736623b33805498a5d99cdd3935461b/execute/sync - {"script":"return (function isElementDisplayed(element) {\n    function nodeIsElement(node) {\n        if (!node) {\n            return false;\n        }\n        switch (node.nodeType) {\n            case Node.ELEMEN ... (7807 more bytes)","args":[{"element-6066-11e4-a52e-4f735466cecf":"1B3E84195BE236C08035474C4FD6B81B_element_7","ELEMENT":"1B3E84195BE236C08035474C4FD6B81B_element_7"}]}
RESULT: {"script":"return (function isElementDisplayed(element) {\n    function nodeIsElement(node) {\n        if (!node) {\n            return false;\n        }\n        switch (node.nodeType) {\n            case Node.ELEMEN ... (7807 more bytes)","args":[{"element-6066-11e4-a52e-4f735466cecf":"1B3E84195BE236C08035474C4FD6B81B_element_7","ELEMENT":"1B3E84195BE236C08035474C4FD6B81B_element_7"}]}
COMMAND: POST /session/4736623b33805498a5d99cdd3935461b/element - {"using":"css selector","value":".govuk-heading-xl"}
RESULT: {"using":"css selector","value":".govuk-heading-xl"}
COMMAND: GET /session/4736623b33805498a5d99cdd3935461b/element/1B3E84195BE236C08035474C4FD6B81B_element_7/text - {}
RESULT: {}
COMMAND: POST /session/4736623b33805498a5d99cdd3935461b/element - {"using":"xpath","value":".//caption[contains(., \"Reconciliation\") and not(.//caption)]"}
RESULT: {"using":"xpath","value":".//caption[contains(., \"Reconciliation\") and not(.//caption)]"}
COMMAND: POST /session/4736623b33805498a5d99cdd3935461b/execute/sync - {"script":"return (function (elem, id) {\n        return (function parentElement() {\n        return this.parentElement;\n    }).call(elem, id);\n    }).apply(null, arguments)","args":[{"element-6066-11e4-a52e-4f735466cecf":"1B3E84195BE236C08035474C4FD6B81B_element_8","ELEMENT":"1B3E84195BE236C08035474C4FD6B81B_element_8"}]}
RESULT: {"script":"return (function (elem, id) {\n        return (function parentElement() {\n        return this.parentElement;\n    }).call(elem, id);\n    }).apply(null, arguments)","args":[{"element-6066-11e4-a52e-4f735466cecf":"1B3E84195BE236C08035474C4FD6B81B_element_8","ELEMENT":"1B3E84195BE236C08035474C4FD6B81B_element_8"}]}
COMMAND: POST /session/4736623b33805498a5d99cdd3935461b/execute/sync - {"script":"return (function isElementDisplayed(element) {\n    function nodeIsElement(node) {\n        if (!node) {\n            return false;\n        }\n        switch (node.nodeType) {\n            case Node.ELEMEN ... (7807 more bytes)","args":[{"element-6066-11e4-a52e-4f735466cecf":"1B3E84195BE236C08035474C4FD6B81B_element_9","ELEMENT":"1B3E84195BE236C08035474C4FD6B81B_element_9"}]}
RESULT: {"script":"return (function isElementDisplayed(element) {\n    function nodeIsElement(node) {\n        if (!node) {\n            return false;\n        }\n        switch (node.nodeType) {\n            case Node.ELEMEN ... (7807 more bytes)","args":[{"element-6066-11e4-a52e-4f735466cecf":"1B3E84195BE236C08035474C4FD6B81B_element_9","ELEMENT":"1B3E84195BE236C08035474C4FD6B81B_element_9"}]}
COMMAND: POST /session/4736623b33805498a5d99cdd3935461b/element/1B3E84195BE236C08035474C4FD6B81B_element_9/elements - {"using":"css selector","value":"tbody tr"}
RESULT: {"using":"css selector","value":"tbody tr"}
COMMAND: POST /session/4736623b33805498a5d99cdd3935461b/element/1B3E84195BE236C08035474C4FD6B81B_element_9/element - {"using":"css selector","value":"thead tr"}
RESULT: {"using":"css selector","value":"thead tr"}
COMMAND: POST /session/4736623b33805498a5d99cdd3935461b/element/1B3E84195BE236C08035474C4FD6B81B_element_10/elements - {"using":"css selector","value":"th"}
RESULT: {"using":"css selector","value":"th"}
COMMAND: GET /session/4736623b33805498a5d99cdd3935461b/element/1B3E84195BE236C08035474C4FD6B81B_element_11/text - {}
COMMAND: GET /session/4736623b33805498a5d99cdd3935461b/element/1B3E84195BE236C08035474C4FD6B81B_element_12/text - {}
COMMAND: GET /session/4736623b33805498a5d99cdd3935461b/element/1B3E84195BE236C08035474C4FD6B81B_element_14/text - {}
COMMAND: GET /session/4736623b33805498a5d99cdd3935461b/element/1B3E84195BE236C08035474C4FD6B81B_element_13/text - {}
COMMAND: GET /session/4736623b33805498a5d99cdd3935461b/element/1B3E84195BE236C08035474C4FD6B81B_element_15/text - {}
RESULT: {}
RESULT: {}
RESULT: {}
RESULT: {}
RESULT: {}
]]></system-out>
      <system-err><![CDATA[
TypeError: Cannot read properties of undefined (reading 'Line item')
    at assertReconciliationTableData (file:///home/runner/work/di-billing-transaction-monitoring/di-billing-transaction-monitoring/ui-tests/specs/invoice.spec.ts:162:23)
    at validateTableDataWithAssertions (file:///home/runner/work/di-billing-transaction-monitoring/di-billing-transaction-monitoring/ui-tests/specs/invoice.spec.ts:154:5)
    at processTicksAndRejections (node:internal/process/task_queues:96:5)
    at async Context.<anonymous> (file:///home/runner/work/di-billing-transaction-monitoring/di-billing-transaction-monitoring/ui-tests/specs/invoice.spec.ts:98:9)
]]></system-err>
    </testcase>
    <testcase classname="chrome.117_0_5938_132.linux.Invoice_Page_Test.Vendor:_Vendor_Three,Invoice:2005-09" name="should validate quantity events table data" time="2.359">
      <failure/>
      <error message="Cannot read properties of undefined (reading 'Line item')"/>
      <system-out><![CDATA[
COMMAND: POST /session/4736623b33805498a5d99cdd3935461b/url - {"url":"https://pr-508.btm.dev.account.gov.uk/contracts/3/invoices/2005-09"}
RESULT: {"url":"https://pr-508.btm.dev.account.gov.uk/contracts/3/invoices/2005-09"}
COMMAND: POST /session/4736623b33805498a5d99cdd3935461b/execute/sync - {"script":"return (() => document.readyState === \"complete\").apply(null, arguments)","args":[]}
RESULT: {"script":"return (() => document.readyState === \"complete\").apply(null, arguments)","args":[]}
COMMAND: GET /session/4736623b33805498a5d99cdd3935461b/url - {}
RESULT: {}
COMMAND: POST /session/4736623b33805498a5d99cdd3935461b/element - {"using":"css selector","value":".govuk-heading-xl"}
RESULT: {"using":"css selector","value":".govuk-heading-xl"}
COMMAND: POST /session/4736623b33805498a5d99cdd3935461b/execute/sync - {"script":"return (function isElementDisplayed(element) {\n    function nodeIsElement(node) {\n        if (!node) {\n            return false;\n        }\n        switch (node.nodeType) {\n            case Node.ELEMEN ... (7807 more bytes)","args":[{"element-6066-11e4-a52e-4f735466cecf":"88A4816EB86B3493CA71505F1B56E75E_element_19","ELEMENT":"88A4816EB86B3493CA71505F1B56E75E_element_19"}]}
RESULT: {"script":"return (function isElementDisplayed(element) {\n    function nodeIsElement(node) {\n        if (!node) {\n            return false;\n        }\n        switch (node.nodeType) {\n            case Node.ELEMEN ... (7807 more bytes)","args":[{"element-6066-11e4-a52e-4f735466cecf":"88A4816EB86B3493CA71505F1B56E75E_element_19","ELEMENT":"88A4816EB86B3493CA71505F1B56E75E_element_19"}]}
COMMAND: POST /session/4736623b33805498a5d99cdd3935461b/element - {"using":"css selector","value":".govuk-heading-xl"}
RESULT: {"using":"css selector","value":".govuk-heading-xl"}
COMMAND: GET /session/4736623b33805498a5d99cdd3935461b/element/88A4816EB86B3493CA71505F1B56E75E_element_19/text - {}
RESULT: {}
COMMAND: POST /session/4736623b33805498a5d99cdd3935461b/element - {"using":"xpath","value":".//caption[contains(., \"Quantity (events)\") and not(.//caption)]"}
RESULT: {"using":"xpath","value":".//caption[contains(., \"Quantity (events)\") and not(.//caption)]"}
COMMAND: POST /session/4736623b33805498a5d99cdd3935461b/execute/sync - {"script":"return (function (elem, id) {\n        return (function parentElement() {\n        return this.parentElement;\n    }).call(elem, id);\n    }).apply(null, arguments)","args":[{"element-6066-11e4-a52e-4f735466cecf":"88A4816EB86B3493CA71505F1B56E75E_element_20","ELEMENT":"88A4816EB86B3493CA71505F1B56E75E_element_20"}]}
RESULT: {"script":"return (function (elem, id) {\n        return (function parentElement() {\n        return this.parentElement;\n    }).call(elem, id);\n    }).apply(null, arguments)","args":[{"element-6066-11e4-a52e-4f735466cecf":"88A4816EB86B3493CA71505F1B56E75E_element_20","ELEMENT":"88A4816EB86B3493CA71505F1B56E75E_element_20"}]}
COMMAND: POST /session/4736623b33805498a5d99cdd3935461b/execute/sync - {"script":"return (function isElementDisplayed(element) {\n    function nodeIsElement(node) {\n        if (!node) {\n            return false;\n        }\n        switch (node.nodeType) {\n            case Node.ELEMEN ... (7807 more bytes)","args":[{"element-6066-11e4-a52e-4f735466cecf":"88A4816EB86B3493CA71505F1B56E75E_element_21","ELEMENT":"88A4816EB86B3493CA71505F1B56E75E_element_21"}]}
RESULT: {"script":"return (function isElementDisplayed(element) {\n    function nodeIsElement(node) {\n        if (!node) {\n            return false;\n        }\n        switch (node.nodeType) {\n            case Node.ELEMEN ... (7807 more bytes)","args":[{"element-6066-11e4-a52e-4f735466cecf":"88A4816EB86B3493CA71505F1B56E75E_element_21","ELEMENT":"88A4816EB86B3493CA71505F1B56E75E_element_21"}]}
COMMAND: POST /session/4736623b33805498a5d99cdd3935461b/element/88A4816EB86B3493CA71505F1B56E75E_element_21/elements - {"using":"css selector","value":"tbody tr"}
RESULT: {"using":"css selector","value":"tbody tr"}
COMMAND: POST /session/4736623b33805498a5d99cdd3935461b/element/88A4816EB86B3493CA71505F1B56E75E_element_21/element - {"using":"css selector","value":"thead tr"}
RESULT: {"using":"css selector","value":"thead tr"}
COMMAND: POST /session/4736623b33805498a5d99cdd3935461b/element/88A4816EB86B3493CA71505F1B56E75E_element_22/elements - {"using":"css selector","value":"th"}
RESULT: {"using":"css selector","value":"th"}
COMMAND: GET /session/4736623b33805498a5d99cdd3935461b/element/88A4816EB86B3493CA71505F1B56E75E_element_23/text - {}
COMMAND: GET /session/4736623b33805498a5d99cdd3935461b/element/88A4816EB86B3493CA71505F1B56E75E_element_24/text - {}
COMMAND: GET /session/4736623b33805498a5d99cdd3935461b/element/88A4816EB86B3493CA71505F1B56E75E_element_26/text - {}
COMMAND: GET /session/4736623b33805498a5d99cdd3935461b/element/88A4816EB86B3493CA71505F1B56E75E_element_25/text - {}
RESULT: {}
RESULT: {}
RESULT: {}
RESULT: {}
]]></system-out>
      <system-err><![CDATA[
TypeError: Cannot read properties of undefined (reading 'Line item')
    at assertQuantityTableData (file:///home/runner/work/di-billing-transaction-monitoring/di-billing-transaction-monitoring/ui-tests/specs/invoice.spec.ts:186:23)
    at validateTableDataWithAssertions (file:///home/runner/work/di-billing-transaction-monitoring/di-billing-transaction-monitoring/ui-tests/specs/invoice.spec.ts:154:5)
    at processTicksAndRejections (node:internal/process/task_queues:96:5)
    at async Context.<anonymous> (file:///home/runner/work/di-billing-transaction-monitoring/di-billing-transaction-monitoring/ui-tests/specs/invoice.spec.ts:106:9)
]]></system-err>
    </testcase>
    <testcase classname="chrome.117_0_5938_132.linux.Invoice_Page_Test.Vendor:_Vendor_Three,Invoice:2005-09" name="should validate price table data" time="0.874">
      <failure/>
      <error message="Cannot read properties of undefined (reading 'Line item')"/>
      <system-out><![CDATA[
COMMAND: POST /session/4736623b33805498a5d99cdd3935461b/url - {"url":"https://pr-508.btm.dev.account.gov.uk/contracts/3/invoices/2005-09"}
RESULT: {"url":"https://pr-508.btm.dev.account.gov.uk/contracts/3/invoices/2005-09"}
COMMAND: POST /session/4736623b33805498a5d99cdd3935461b/execute/sync - {"script":"return (() => document.readyState === \"complete\").apply(null, arguments)","args":[]}
RESULT: {"script":"return (() => document.readyState === \"complete\").apply(null, arguments)","args":[]}
COMMAND: GET /session/4736623b33805498a5d99cdd3935461b/url - {}
RESULT: {}
COMMAND: POST /session/4736623b33805498a5d99cdd3935461b/element - {"using":"css selector","value":".govuk-heading-xl"}
RESULT: {"using":"css selector","value":".govuk-heading-xl"}
COMMAND: POST /session/4736623b33805498a5d99cdd3935461b/execute/sync - {"script":"return (function isElementDisplayed(element) {\n    function nodeIsElement(node) {\n        if (!node) {\n            return false;\n        }\n        switch (node.nodeType) {\n            case Node.ELEMEN ... (7807 more bytes)","args":[{"element-6066-11e4-a52e-4f735466cecf":"E870B50CD0883531C0D38A13829E2B8A_element_28","ELEMENT":"E870B50CD0883531C0D38A13829E2B8A_element_28"}]}
RESULT: {"script":"return (function isElementDisplayed(element) {\n    function nodeIsElement(node) {\n        if (!node) {\n            return false;\n        }\n        switch (node.nodeType) {\n            case Node.ELEMEN ... (7807 more bytes)","args":[{"element-6066-11e4-a52e-4f735466cecf":"E870B50CD0883531C0D38A13829E2B8A_element_28","ELEMENT":"E870B50CD0883531C0D38A13829E2B8A_element_28"}]}
COMMAND: POST /session/4736623b33805498a5d99cdd3935461b/element - {"using":"css selector","value":".govuk-heading-xl"}
RESULT: {"using":"css selector","value":".govuk-heading-xl"}
COMMAND: GET /session/4736623b33805498a5d99cdd3935461b/element/E870B50CD0883531C0D38A13829E2B8A_element_28/text - {}
RESULT: {}
COMMAND: POST /session/4736623b33805498a5d99cdd3935461b/element - {"using":"xpath","value":".//caption[contains(., \"Price\") and not(.//caption)]"}
RESULT: {"using":"xpath","value":".//caption[contains(., \"Price\") and not(.//caption)]"}
COMMAND: POST /session/4736623b33805498a5d99cdd3935461b/execute/sync - {"script":"return (function (elem, id) {\n        return (function parentElement() {\n        return this.parentElement;\n    }).call(elem, id);\n    }).apply(null, arguments)","args":[{"element-6066-11e4-a52e-4f735466cecf":"E870B50CD0883531C0D38A13829E2B8A_element_29","ELEMENT":"E870B50CD0883531C0D38A13829E2B8A_element_29"}]}
RESULT: {"script":"return (function (elem, id) {\n        return (function parentElement() {\n        return this.parentElement;\n    }).call(elem, id);\n    }).apply(null, arguments)","args":[{"element-6066-11e4-a52e-4f735466cecf":"E870B50CD0883531C0D38A13829E2B8A_element_29","ELEMENT":"E870B50CD0883531C0D38A13829E2B8A_element_29"}]}
COMMAND: POST /session/4736623b33805498a5d99cdd3935461b/execute/sync - {"script":"return (function isElementDisplayed(element) {\n    function nodeIsElement(node) {\n        if (!node) {\n            return false;\n        }\n        switch (node.nodeType) {\n            case Node.ELEMEN ... (7807 more bytes)","args":[{"element-6066-11e4-a52e-4f735466cecf":"E870B50CD0883531C0D38A13829E2B8A_element_30","ELEMENT":"E870B50CD0883531C0D38A13829E2B8A_element_30"}]}
RESULT: {"script":"return (function isElementDisplayed(element) {\n    function nodeIsElement(node) {\n        if (!node) {\n            return false;\n        }\n        switch (node.nodeType) {\n            case Node.ELEMEN ... (7807 more bytes)","args":[{"element-6066-11e4-a52e-4f735466cecf":"E870B50CD0883531C0D38A13829E2B8A_element_30","ELEMENT":"E870B50CD0883531C0D38A13829E2B8A_element_30"}]}
COMMAND: POST /session/4736623b33805498a5d99cdd3935461b/element/E870B50CD0883531C0D38A13829E2B8A_element_30/elements - {"using":"css selector","value":"tbody tr"}
RESULT: {"using":"css selector","value":"tbody tr"}
COMMAND: POST /session/4736623b33805498a5d99cdd3935461b/element/E870B50CD0883531C0D38A13829E2B8A_element_30/element - {"using":"css selector","value":"thead tr"}
RESULT: {"using":"css selector","value":"thead tr"}
COMMAND: POST /session/4736623b33805498a5d99cdd3935461b/element/E870B50CD0883531C0D38A13829E2B8A_element_31/elements - {"using":"css selector","value":"th"}
RESULT: {"using":"css selector","value":"th"}
COMMAND: GET /session/4736623b33805498a5d99cdd3935461b/element/E870B50CD0883531C0D38A13829E2B8A_element_32/text - {}
COMMAND: GET /session/4736623b33805498a5d99cdd3935461b/element/E870B50CD0883531C0D38A13829E2B8A_element_33/text - {}
COMMAND: GET /session/4736623b33805498a5d99cdd3935461b/element/E870B50CD0883531C0D38A13829E2B8A_element_35/text - {}
COMMAND: GET /session/4736623b33805498a5d99cdd3935461b/element/E870B50CD0883531C0D38A13829E2B8A_element_34/text - {}
RESULT: {}
RESULT: {}
RESULT: {}
RESULT: {}
]]></system-out>
      <system-err><![CDATA[
TypeError: Cannot read properties of undefined (reading 'Line item')
    at assertPriceTableData (file:///home/runner/work/di-billing-transaction-monitoring/di-billing-transaction-monitoring/ui-tests/specs/invoice.spec.ts:199:23)
    at validateTableDataWithAssertions (file:///home/runner/work/di-billing-transaction-monitoring/di-billing-transaction-monitoring/ui-tests/specs/invoice.spec.ts:154:5)
    at processTicksAndRejections (node:internal/process/task_queues:96:5)
    at async Context.<anonymous> (file:///home/runner/work/di-billing-transaction-monitoring/di-billing-transaction-monitoring/ui-tests/specs/invoice.spec.ts:114:9)
]]></system-err>
    </testcase>
    <testcase classname="chrome.117_0_5938_132.linux.Invoice_Page_Test.Vendor:_Vendor_Three,Invoice:2005-09" name="should validate measured events table data" time="1.132">
      <failure/>
      <error message="Cannot read properties of undefined (reading 'Line item')"/>
      <system-out><![CDATA[
COMMAND: POST /session/4736623b33805498a5d99cdd3935461b/url - {"url":"https://pr-508.btm.dev.account.gov.uk/contracts/3/invoices/2005-09"}
RESULT: {"url":"https://pr-508.btm.dev.account.gov.uk/contracts/3/invoices/2005-09"}
COMMAND: POST /session/4736623b33805498a5d99cdd3935461b/execute/sync - {"script":"return (() => document.readyState === \"complete\").apply(null, arguments)","args":[]}
RESULT: {"script":"return (() => document.readyState === \"complete\").apply(null, arguments)","args":[]}
COMMAND: GET /session/4736623b33805498a5d99cdd3935461b/url - {}
RESULT: {}
COMMAND: POST /session/4736623b33805498a5d99cdd3935461b/element - {"using":"css selector","value":".govuk-heading-xl"}
RESULT: {"using":"css selector","value":".govuk-heading-xl"}
COMMAND: POST /session/4736623b33805498a5d99cdd3935461b/execute/sync - {"script":"return (function isElementDisplayed(element) {\n    function nodeIsElement(node) {\n        if (!node) {\n            return false;\n        }\n        switch (node.nodeType) {\n            case Node.ELEMEN ... (7807 more bytes)","args":[{"element-6066-11e4-a52e-4f735466cecf":"CB1C5FF38E5143A20765ADC6735FB130_element_39","ELEMENT":"CB1C5FF38E5143A20765ADC6735FB130_element_39"}]}
RESULT: {"script":"return (function isElementDisplayed(element) {\n    function nodeIsElement(node) {\n        if (!node) {\n            return false;\n        }\n        switch (node.nodeType) {\n            case Node.ELEMEN ... (7807 more bytes)","args":[{"element-6066-11e4-a52e-4f735466cecf":"CB1C5FF38E5143A20765ADC6735FB130_element_39","ELEMENT":"CB1C5FF38E5143A20765ADC6735FB130_element_39"}]}
COMMAND: POST /session/4736623b33805498a5d99cdd3935461b/element - {"using":"css selector","value":".govuk-heading-xl"}
RESULT: {"using":"css selector","value":".govuk-heading-xl"}
COMMAND: GET /session/4736623b33805498a5d99cdd3935461b/element/CB1C5FF38E5143A20765ADC6735FB130_element_39/text - {}
RESULT: {}
COMMAND: POST /session/4736623b33805498a5d99cdd3935461b/element - {"using":"xpath","value":".//caption[contains(., \"Measured (events)\") and not(.//caption)]"}
RESULT: {"using":"xpath","value":".//caption[contains(., \"Measured (events)\") and not(.//caption)]"}
COMMAND: POST /session/4736623b33805498a5d99cdd3935461b/execute/sync - {"script":"return (function (elem, id) {\n        return (function parentElement() {\n        return this.parentElement;\n    }).call(elem, id);\n    }).apply(null, arguments)","args":[{"element-6066-11e4-a52e-4f735466cecf":"CB1C5FF38E5143A20765ADC6735FB130_element_40","ELEMENT":"CB1C5FF38E5143A20765ADC6735FB130_element_40"}]}
RESULT: {"script":"return (function (elem, id) {\n        return (function parentElement() {\n        return this.parentElement;\n    }).call(elem, id);\n    }).apply(null, arguments)","args":[{"element-6066-11e4-a52e-4f735466cecf":"CB1C5FF38E5143A20765ADC6735FB130_element_40","ELEMENT":"CB1C5FF38E5143A20765ADC6735FB130_element_40"}]}
COMMAND: POST /session/4736623b33805498a5d99cdd3935461b/execute/sync - {"script":"return (function isElementDisplayed(element) {\n    function nodeIsElement(node) {\n        if (!node) {\n            return false;\n        }\n        switch (node.nodeType) {\n            case Node.ELEMEN ... (7807 more bytes)","args":[{"element-6066-11e4-a52e-4f735466cecf":"CB1C5FF38E5143A20765ADC6735FB130_element_41","ELEMENT":"CB1C5FF38E5143A20765ADC6735FB130_element_41"}]}
RESULT: {"script":"return (function isElementDisplayed(element) {\n    function nodeIsElement(node) {\n        if (!node) {\n            return false;\n        }\n        switch (node.nodeType) {\n            case Node.ELEMEN ... (7807 more bytes)","args":[{"element-6066-11e4-a52e-4f735466cecf":"CB1C5FF38E5143A20765ADC6735FB130_element_41","ELEMENT":"CB1C5FF38E5143A20765ADC6735FB130_element_41"}]}
COMMAND: POST /session/4736623b33805498a5d99cdd3935461b/element/CB1C5FF38E5143A20765ADC6735FB130_element_41/elements - {"using":"css selector","value":"tbody tr"}
RESULT: {"using":"css selector","value":"tbody tr"}
COMMAND: POST /session/4736623b33805498a5d99cdd3935461b/element/CB1C5FF38E5143A20765ADC6735FB130_element_41/element - {"using":"css selector","value":"thead tr"}
RESULT: {"using":"css selector","value":"thead tr"}
COMMAND: POST /session/4736623b33805498a5d99cdd3935461b/element/CB1C5FF38E5143A20765ADC6735FB130_element_42/elements - {"using":"css selector","value":"th"}
RESULT: {"using":"css selector","value":"th"}
COMMAND: GET /session/4736623b33805498a5d99cdd3935461b/element/CB1C5FF38E5143A20765ADC6735FB130_element_43/text - {}
COMMAND: GET /session/4736623b33805498a5d99cdd3935461b/element/CB1C5FF38E5143A20765ADC6735FB130_element_44/text - {}
RESULT: {}
RESULT: {}
]]></system-out>
      <system-err><![CDATA[
TypeError: Cannot read properties of undefined (reading 'Line item')
    at assertMeasuredTableData (file:///home/runner/work/di-billing-transaction-monitoring/di-billing-transaction-monitoring/ui-tests/specs/invoice.spec.ts:212:23)
    at validateTableDataWithAssertions (file:///home/runner/work/di-billing-transaction-monitoring/di-billing-transaction-monitoring/ui-tests/specs/invoice.spec.ts:154:5)
    at processTicksAndRejections (node:internal/process/task_queues:96:5)
    at async Context.<anonymous> (file:///home/runner/work/di-billing-transaction-monitoring/di-billing-transaction-monitoring/ui-tests/specs/invoice.spec.ts:122:9)
]]></system-err>
    </testcase>
    <testcase classname="chrome.117_0_5938_132.linux.Invoice_Page_Test.Vendor:_Vendor_Three,Invoice:2005-09" name="should validate invoice table data" time="0.916">
      <failure/>
      <error message="expect(received).toEqual(expected) // deep equality&#xA;&#xA;Expected: &quot;Address check&quot;&#xA;Received: &quot;Total&quot;"/>
      <system-out><![CDATA[
COMMAND: POST /session/4736623b33805498a5d99cdd3935461b/url - {"url":"https://pr-508.btm.dev.account.gov.uk/contracts/3/invoices/2005-09"}
RESULT: {"url":"https://pr-508.btm.dev.account.gov.uk/contracts/3/invoices/2005-09"}
COMMAND: POST /session/4736623b33805498a5d99cdd3935461b/execute/sync - {"script":"return (() => document.readyState === \"complete\").apply(null, arguments)","args":[]}
RESULT: {"script":"return (() => document.readyState === \"complete\").apply(null, arguments)","args":[]}
COMMAND: GET /session/4736623b33805498a5d99cdd3935461b/url - {}
RESULT: {}
COMMAND: POST /session/4736623b33805498a5d99cdd3935461b/element - {"using":"css selector","value":".govuk-heading-xl"}
RESULT: {"using":"css selector","value":".govuk-heading-xl"}
COMMAND: POST /session/4736623b33805498a5d99cdd3935461b/execute/sync - {"script":"return (function isElementDisplayed(element) {\n    function nodeIsElement(node) {\n        if (!node) {\n            return false;\n        }\n        switch (node.nodeType) {\n            case Node.ELEMEN ... (7807 more bytes)","args":[{"element-6066-11e4-a52e-4f735466cecf":"B77655BBF65762A6AE437D0C473FB46D_element_48","ELEMENT":"B77655BBF65762A6AE437D0C473FB46D_element_48"}]}
RESULT: {"script":"return (function isElementDisplayed(element) {\n    function nodeIsElement(node) {\n        if (!node) {\n            return false;\n        }\n        switch (node.nodeType) {\n            case Node.ELEMEN ... (7807 more bytes)","args":[{"element-6066-11e4-a52e-4f735466cecf":"B77655BBF65762A6AE437D0C473FB46D_element_48","ELEMENT":"B77655BBF65762A6AE437D0C473FB46D_element_48"}]}
COMMAND: POST /session/4736623b33805498a5d99cdd3935461b/element - {"using":"css selector","value":".govuk-heading-xl"}
RESULT: {"using":"css selector","value":".govuk-heading-xl"}
COMMAND: GET /session/4736623b33805498a5d99cdd3935461b/element/B77655BBF65762A6AE437D0C473FB46D_element_48/text - {}
RESULT: {}
COMMAND: POST /session/4736623b33805498a5d99cdd3935461b/element - {"using":"xpath","value":".//caption[contains(., \"Invoice\") and not(.//caption)]"}
RESULT: {"using":"xpath","value":".//caption[contains(., \"Invoice\") and not(.//caption)]"}
COMMAND: POST /session/4736623b33805498a5d99cdd3935461b/execute/sync - {"script":"return (function (elem, id) {\n        return (function parentElement() {\n        return this.parentElement;\n    }).call(elem, id);\n    }).apply(null, arguments)","args":[{"element-6066-11e4-a52e-4f735466cecf":"B77655BBF65762A6AE437D0C473FB46D_element_49","ELEMENT":"B77655BBF65762A6AE437D0C473FB46D_element_49"}]}
RESULT: {"script":"return (function (elem, id) {\n        return (function parentElement() {\n        return this.parentElement;\n    }).call(elem, id);\n    }).apply(null, arguments)","args":[{"element-6066-11e4-a52e-4f735466cecf":"B77655BBF65762A6AE437D0C473FB46D_element_49","ELEMENT":"B77655BBF65762A6AE437D0C473FB46D_element_49"}]}
COMMAND: POST /session/4736623b33805498a5d99cdd3935461b/execute/sync - {"script":"return (function isElementDisplayed(element) {\n    function nodeIsElement(node) {\n        if (!node) {\n            return false;\n        }\n        switch (node.nodeType) {\n            case Node.ELEMEN ... (7807 more bytes)","args":[{"element-6066-11e4-a52e-4f735466cecf":"B77655BBF65762A6AE437D0C473FB46D_element_50","ELEMENT":"B77655BBF65762A6AE437D0C473FB46D_element_50"}]}
RESULT: {"script":"return (function isElementDisplayed(element) {\n    function nodeIsElement(node) {\n        if (!node) {\n            return false;\n        }\n        switch (node.nodeType) {\n            case Node.ELEMEN ... (7807 more bytes)","args":[{"element-6066-11e4-a52e-4f735466cecf":"B77655BBF65762A6AE437D0C473FB46D_element_50","ELEMENT":"B77655BBF65762A6AE437D0C473FB46D_element_50"}]}
COMMAND: POST /session/4736623b33805498a5d99cdd3935461b/element/B77655BBF65762A6AE437D0C473FB46D_element_50/elements - {"using":"css selector","value":"tbody tr"}
RESULT: {"using":"css selector","value":"tbody tr"}
COMMAND: POST /session/4736623b33805498a5d99cdd3935461b/element/B77655BBF65762A6AE437D0C473FB46D_element_50/element - {"using":"css selector","value":"thead tr"}
RESULT: {"using":"css selector","value":"thead tr"}
COMMAND: POST /session/4736623b33805498a5d99cdd3935461b/element/B77655BBF65762A6AE437D0C473FB46D_element_52/elements - {"using":"css selector","value":"th"}
RESULT: {"using":"css selector","value":"th"}
COMMAND: GET /session/4736623b33805498a5d99cdd3935461b/element/B77655BBF65762A6AE437D0C473FB46D_element_53/text - {}
COMMAND: GET /session/4736623b33805498a5d99cdd3935461b/element/B77655BBF65762A6AE437D0C473FB46D_element_54/text - {}
COMMAND: GET /session/4736623b33805498a5d99cdd3935461b/element/B77655BBF65762A6AE437D0C473FB46D_element_56/text - {}
COMMAND: GET /session/4736623b33805498a5d99cdd3935461b/element/B77655BBF65762A6AE437D0C473FB46D_element_55/text - {}
COMMAND: GET /session/4736623b33805498a5d99cdd3935461b/element/B77655BBF65762A6AE437D0C473FB46D_element_57/text - {}
RESULT: {}
RESULT: {}
RESULT: {}
RESULT: {}
RESULT: {}
COMMAND: POST /session/4736623b33805498a5d99cdd3935461b/element/B77655BBF65762A6AE437D0C473FB46D_element_51/elements - {"using":"css selector","value":"th,td"}
RESULT: {"using":"css selector","value":"th,td"}
COMMAND: GET /session/4736623b33805498a5d99cdd3935461b/element/B77655BBF65762A6AE437D0C473FB46D_element_58/text - {}
RESULT: {}
COMMAND: GET /session/4736623b33805498a5d99cdd3935461b/element/B77655BBF65762A6AE437D0C473FB46D_element_59/text - {}
RESULT: {}
COMMAND: GET /session/4736623b33805498a5d99cdd3935461b/element/B77655BBF65762A6AE437D0C473FB46D_element_60/text - {}
RESULT: {}
COMMAND: GET /session/4736623b33805498a5d99cdd3935461b/element/B77655BBF65762A6AE437D0C473FB46D_element_61/text - {}
RESULT: {}
COMMAND: GET /session/4736623b33805498a5d99cdd3935461b/element/B77655BBF65762A6AE437D0C473FB46D_element_62/text - {}
RESULT: {}
]]></system-out>
      <system-err><![CDATA[
Error: expect(received).toEqual(expected) // deep equality

Expected: "Address check"
Received: "Total"
    at expectEqual (file:///home/runner/work/di-billing-transaction-monitoring/di-billing-transaction-monitoring/ui-tests/utils/customTestAssertion.ts:12:20)
    at assertInvoiceTableData (file:///home/runner/work/di-billing-transaction-monitoring/di-billing-transaction-monitoring/ui-tests/specs/invoice.spec.ts:220:3)
    at validateTableDataWithAssertions (file:///home/runner/work/di-billing-transaction-monitoring/di-billing-transaction-monitoring/ui-tests/specs/invoice.spec.ts:154:5)
    at processTicksAndRejections (node:internal/process/task_queues:96:5)
    at async Context.<anonymous> (file:///home/runner/work/di-billing-transaction-monitoring/di-billing-transaction-monitoring/ui-tests/specs/invoice.spec.ts:130:9)
]]></system-err>
    </testcase>
  </testsuite>
  <testsuite name="Vendor Vendor Three Invoice 2023 03" timestamp="2023-10-10T10:40:27" time="5.403" tests="6" failures="6" errors="6" skipped="0">
    <properties>
      <property name="specId" value="0"/>
      <property name="suiteName" value="Vendor: Vendor Three,Invoice:2023-03"/>
      <property name="capabilities" value="chrome.117_0_5938_132.linux"/>
      <property name="file" value="file://./ui-tests/specs/invoice.spec.ts"/>
    </properties>
    <testcase classname="chrome.117_0_5938_132.linux.Invoice_Page_Test.Vendor:_Vendor_Three,Invoice:2023-03" name="should display correct status banner color and message" time="0.748">
      <failure/>
      <error message="expect(received).toEqual(expected) // deep equality&#xA;&#xA;Expected: &quot;Events missing&quot;&#xA;Received: &quot;Invoice and events missing&quot;"/>
      <system-out><![CDATA[
COMMAND: POST /session/4736623b33805498a5d99cdd3935461b/url - {"url":"https://pr-508.btm.dev.account.gov.uk/contracts/3/invoices/2023-03"}
RESULT: {"url":"https://pr-508.btm.dev.account.gov.uk/contracts/3/invoices/2023-03"}
COMMAND: POST /session/4736623b33805498a5d99cdd3935461b/execute/sync - {"script":"return (() => document.readyState === \"complete\").apply(null, arguments)","args":[]}
RESULT: {"script":"return (() => document.readyState === \"complete\").apply(null, arguments)","args":[]}
COMMAND: GET /session/4736623b33805498a5d99cdd3935461b/url - {}
RESULT: {}
COMMAND: POST /session/4736623b33805498a5d99cdd3935461b/element - {"using":"css selector","value":".govuk-heading-xl"}
RESULT: {"using":"css selector","value":".govuk-heading-xl"}
COMMAND: POST /session/4736623b33805498a5d99cdd3935461b/execute/sync - {"script":"return (function isElementDisplayed(element) {\n    function nodeIsElement(node) {\n        if (!node) {\n            return false;\n        }\n        switch (node.nodeType) {\n            case Node.ELEMEN ... (7807 more bytes)","args":[{"element-6066-11e4-a52e-4f735466cecf":"9B3B128555C7CE79B05206F683A1C81F_element_64","ELEMENT":"9B3B128555C7CE79B05206F683A1C81F_element_64"}]}
RESULT: {"script":"return (function isElementDisplayed(element) {\n    function nodeIsElement(node) {\n        if (!node) {\n            return false;\n        }\n        switch (node.nodeType) {\n            case Node.ELEMEN ... (7807 more bytes)","args":[{"element-6066-11e4-a52e-4f735466cecf":"9B3B128555C7CE79B05206F683A1C81F_element_64","ELEMENT":"9B3B128555C7CE79B05206F683A1C81F_element_64"}]}
COMMAND: POST /session/4736623b33805498a5d99cdd3935461b/element - {"using":"css selector","value":".govuk-heading-xl"}
RESULT: {"using":"css selector","value":".govuk-heading-xl"}
COMMAND: GET /session/4736623b33805498a5d99cdd3935461b/element/9B3B128555C7CE79B05206F683A1C81F_element_64/text - {}
RESULT: {}
COMMAND: POST /session/4736623b33805498a5d99cdd3935461b/element - {"using":"css selector","value":"h2.govuk-panel__title"}
RESULT: {"using":"css selector","value":"h2.govuk-panel__title"}
COMMAND: POST /session/4736623b33805498a5d99cdd3935461b/execute/sync - {"script":"return (function isElementDisplayed(element) {\n    function nodeIsElement(node) {\n        if (!node) {\n            return false;\n        }\n        switch (node.nodeType) {\n            case Node.ELEMEN ... (7807 more bytes)","args":[{"element-6066-11e4-a52e-4f735466cecf":"9B3B128555C7CE79B05206F683A1C81F_element_65","ELEMENT":"9B3B128555C7CE79B05206F683A1C81F_element_65"}]}
RESULT: {"script":"return (function isElementDisplayed(element) {\n    function nodeIsElement(node) {\n        if (!node) {\n            return false;\n        }\n        switch (node.nodeType) {\n            case Node.ELEMEN ... (7807 more bytes)","args":[{"element-6066-11e4-a52e-4f735466cecf":"9B3B128555C7CE79B05206F683A1C81F_element_65","ELEMENT":"9B3B128555C7CE79B05206F683A1C81F_element_65"}]}
COMMAND: POST /session/4736623b33805498a5d99cdd3935461b/element - {"using":"css selector","value":"h2.govuk-panel__title"}
RESULT: {"using":"css selector","value":"h2.govuk-panel__title"}
COMMAND: GET /session/4736623b33805498a5d99cdd3935461b/element/9B3B128555C7CE79B05206F683A1C81F_element_65/text - {}
RESULT: {}
]]></system-out>
      <system-err><![CDATA[
Error: expect(received).toEqual(expected) // deep equality

Expected: "Events missing"
Received: "Invoice and events missing"
    at expectEqual (file:///home/runner/work/di-billing-transaction-monitoring/di-billing-transaction-monitoring/ui-tests/utils/customTestAssertion.ts:12:20)
    at Context.<anonymous> (file:///home/runner/work/di-billing-transaction-monitoring/di-billing-transaction-monitoring/ui-tests/specs/invoice.spec.ts:81:9)
    at runMicrotasks (<anonymous>)
    at processTicksAndRejections (node:internal/process/task_queues:96:5)
]]></system-err>
    </testcase>
    <testcase classname="chrome.117_0_5938_132.linux.Invoice_Page_Test.Vendor:_Vendor_Three,Invoice:2023-03" name="should validate reconciliation table data" time="1.274">
      <failure/>
      <error message="Cannot read properties of undefined (reading 'Line item')"/>
      <system-out><![CDATA[
COMMAND: POST /session/4736623b33805498a5d99cdd3935461b/url - {"url":"https://pr-508.btm.dev.account.gov.uk/contracts/3/invoices/2023-03"}
RESULT: {"url":"https://pr-508.btm.dev.account.gov.uk/contracts/3/invoices/2023-03"}
COMMAND: POST /session/4736623b33805498a5d99cdd3935461b/execute/sync - {"script":"return (() => document.readyState === \"complete\").apply(null, arguments)","args":[]}
RESULT: {"script":"return (() => document.readyState === \"complete\").apply(null, arguments)","args":[]}
COMMAND: GET /session/4736623b33805498a5d99cdd3935461b/url - {}
RESULT: {}
COMMAND: POST /session/4736623b33805498a5d99cdd3935461b/element - {"using":"css selector","value":".govuk-heading-xl"}
RESULT: {"using":"css selector","value":".govuk-heading-xl"}
COMMAND: POST /session/4736623b33805498a5d99cdd3935461b/execute/sync - {"script":"return (function isElementDisplayed(element) {\n    function nodeIsElement(node) {\n        if (!node) {\n            return false;\n        }\n        switch (node.nodeType) {\n            case Node.ELEMEN ... (7807 more bytes)","args":[{"element-6066-11e4-a52e-4f735466cecf":"9BF2A604664F9EB42B4F331999763359_element_67","ELEMENT":"9BF2A604664F9EB42B4F331999763359_element_67"}]}
RESULT: {"script":"return (function isElementDisplayed(element) {\n    function nodeIsElement(node) {\n        if (!node) {\n            return false;\n        }\n        switch (node.nodeType) {\n            case Node.ELEMEN ... (7807 more bytes)","args":[{"element-6066-11e4-a52e-4f735466cecf":"9BF2A604664F9EB42B4F331999763359_element_67","ELEMENT":"9BF2A604664F9EB42B4F331999763359_element_67"}]}
COMMAND: POST /session/4736623b33805498a5d99cdd3935461b/element - {"using":"css selector","value":".govuk-heading-xl"}
RESULT: {"using":"css selector","value":".govuk-heading-xl"}
COMMAND: GET /session/4736623b33805498a5d99cdd3935461b/element/9BF2A604664F9EB42B4F331999763359_element_67/text - {}
RESULT: {}
COMMAND: POST /session/4736623b33805498a5d99cdd3935461b/element - {"using":"xpath","value":".//caption[contains(., \"Reconciliation\") and not(.//caption)]"}
RESULT: {"using":"xpath","value":".//caption[contains(., \"Reconciliation\") and not(.//caption)]"}
COMMAND: POST /session/4736623b33805498a5d99cdd3935461b/execute/sync - {"script":"return (function (elem, id) {\n        return (function parentElement() {\n        return this.parentElement;\n    }).call(elem, id);\n    }).apply(null, arguments)","args":[{"element-6066-11e4-a52e-4f735466cecf":"9BF2A604664F9EB42B4F331999763359_element_68","ELEMENT":"9BF2A604664F9EB42B4F331999763359_element_68"}]}
RESULT: {"script":"return (function (elem, id) {\n        return (function parentElement() {\n        return this.parentElement;\n    }).call(elem, id);\n    }).apply(null, arguments)","args":[{"element-6066-11e4-a52e-4f735466cecf":"9BF2A604664F9EB42B4F331999763359_element_68","ELEMENT":"9BF2A604664F9EB42B4F331999763359_element_68"}]}
COMMAND: POST /session/4736623b33805498a5d99cdd3935461b/execute/sync - {"script":"return (function isElementDisplayed(element) {\n    function nodeIsElement(node) {\n        if (!node) {\n            return false;\n        }\n        switch (node.nodeType) {\n            case Node.ELEMEN ... (7807 more bytes)","args":[{"element-6066-11e4-a52e-4f735466cecf":"9BF2A604664F9EB42B4F331999763359_element_69","ELEMENT":"9BF2A604664F9EB42B4F331999763359_element_69"}]}
RESULT: {"script":"return (function isElementDisplayed(element) {\n    function nodeIsElement(node) {\n        if (!node) {\n            return false;\n        }\n        switch (node.nodeType) {\n            case Node.ELEMEN ... (7807 more bytes)","args":[{"element-6066-11e4-a52e-4f735466cecf":"9BF2A604664F9EB42B4F331999763359_element_69","ELEMENT":"9BF2A604664F9EB42B4F331999763359_element_69"}]}
COMMAND: POST /session/4736623b33805498a5d99cdd3935461b/element/9BF2A604664F9EB42B4F331999763359_element_69/elements - {"using":"css selector","value":"tbody tr"}
RESULT: {"using":"css selector","value":"tbody tr"}
COMMAND: POST /session/4736623b33805498a5d99cdd3935461b/element/9BF2A604664F9EB42B4F331999763359_element_69/element - {"using":"css selector","value":"thead tr"}
RESULT: {"using":"css selector","value":"thead tr"}
COMMAND: POST /session/4736623b33805498a5d99cdd3935461b/element/9BF2A604664F9EB42B4F331999763359_element_70/elements - {"using":"css selector","value":"th"}
RESULT: {"using":"css selector","value":"th"}
COMMAND: GET /session/4736623b33805498a5d99cdd3935461b/element/9BF2A604664F9EB42B4F331999763359_element_71/text - {}
COMMAND: GET /session/4736623b33805498a5d99cdd3935461b/element/9BF2A604664F9EB42B4F331999763359_element_72/text - {}
COMMAND: GET /session/4736623b33805498a5d99cdd3935461b/element/9BF2A604664F9EB42B4F331999763359_element_74/text - {}
COMMAND: GET /session/4736623b33805498a5d99cdd3935461b/element/9BF2A604664F9EB42B4F331999763359_element_73/text - {}
COMMAND: GET /session/4736623b33805498a5d99cdd3935461b/element/9BF2A604664F9EB42B4F331999763359_element_75/text - {}
RESULT: {}
RESULT: {}
RESULT: {}
RESULT: {}
RESULT: {}
]]></system-out>
      <system-err><![CDATA[
TypeError: Cannot read properties of undefined (reading 'Line item')
    at assertReconciliationTableData (file:///home/runner/work/di-billing-transaction-monitoring/di-billing-transaction-monitoring/ui-tests/specs/invoice.spec.ts:162:23)
    at validateTableDataWithAssertions (file:///home/runner/work/di-billing-transaction-monitoring/di-billing-transaction-monitoring/ui-tests/specs/invoice.spec.ts:154:5)
    at runMicrotasks (<anonymous>)
    at processTicksAndRejections (node:internal/process/task_queues:96:5)
    at async Context.<anonymous> (file:///home/runner/work/di-billing-transaction-monitoring/di-billing-transaction-monitoring/ui-tests/specs/invoice.spec.ts:98:9)
]]></system-err>
    </testcase>
    <testcase classname="chrome.117_0_5938_132.linux.Invoice_Page_Test.Vendor:_Vendor_Three,Invoice:2023-03" name="should validate quantity events table data" time="0.804">
      <failure/>
      <error message="Cannot read properties of undefined (reading 'Line item')"/>
      <system-out><![CDATA[
COMMAND: POST /session/4736623b33805498a5d99cdd3935461b/url - {"url":"https://pr-508.btm.dev.account.gov.uk/contracts/3/invoices/2023-03"}
RESULT: {"url":"https://pr-508.btm.dev.account.gov.uk/contracts/3/invoices/2023-03"}
COMMAND: POST /session/4736623b33805498a5d99cdd3935461b/execute/sync - {"script":"return (() => document.readyState === \"complete\").apply(null, arguments)","args":[]}
RESULT: {"script":"return (() => document.readyState === \"complete\").apply(null, arguments)","args":[]}
COMMAND: GET /session/4736623b33805498a5d99cdd3935461b/url - {}
RESULT: {}
COMMAND: POST /session/4736623b33805498a5d99cdd3935461b/element - {"using":"css selector","value":".govuk-heading-xl"}
RESULT: {"using":"css selector","value":".govuk-heading-xl"}
COMMAND: POST /session/4736623b33805498a5d99cdd3935461b/execute/sync - {"script":"return (function isElementDisplayed(element) {\n    function nodeIsElement(node) {\n        if (!node) {\n            return false;\n        }\n        switch (node.nodeType) {\n            case Node.ELEMEN ... (7807 more bytes)","args":[{"element-6066-11e4-a52e-4f735466cecf":"5A1841FA8E1D61F482CEF161F3746EBE_element_77","ELEMENT":"5A1841FA8E1D61F482CEF161F3746EBE_element_77"}]}
RESULT: {"script":"return (function isElementDisplayed(element) {\n    function nodeIsElement(node) {\n        if (!node) {\n            return false;\n        }\n        switch (node.nodeType) {\n            case Node.ELEMEN ... (7807 more bytes)","args":[{"element-6066-11e4-a52e-4f735466cecf":"5A1841FA8E1D61F482CEF161F3746EBE_element_77","ELEMENT":"5A1841FA8E1D61F482CEF161F3746EBE_element_77"}]}
COMMAND: POST /session/4736623b33805498a5d99cdd3935461b/element - {"using":"css selector","value":".govuk-heading-xl"}
RESULT: {"using":"css selector","value":".govuk-heading-xl"}
COMMAND: GET /session/4736623b33805498a5d99cdd3935461b/element/5A1841FA8E1D61F482CEF161F3746EBE_element_77/text - {}
RESULT: {}
COMMAND: POST /session/4736623b33805498a5d99cdd3935461b/element - {"using":"xpath","value":".//caption[contains(., \"Quantity (events)\") and not(.//caption)]"}
RESULT: {"using":"xpath","value":".//caption[contains(., \"Quantity (events)\") and not(.//caption)]"}
COMMAND: POST /session/4736623b33805498a5d99cdd3935461b/execute/sync - {"script":"return (function (elem, id) {\n        return (function parentElement() {\n        return this.parentElement;\n    }).call(elem, id);\n    }).apply(null, arguments)","args":[{"element-6066-11e4-a52e-4f735466cecf":"5A1841FA8E1D61F482CEF161F3746EBE_element_78","ELEMENT":"5A1841FA8E1D61F482CEF161F3746EBE_element_78"}]}
RESULT: {"script":"return (function (elem, id) {\n        return (function parentElement() {\n        return this.parentElement;\n    }).call(elem, id);\n    }).apply(null, arguments)","args":[{"element-6066-11e4-a52e-4f735466cecf":"5A1841FA8E1D61F482CEF161F3746EBE_element_78","ELEMENT":"5A1841FA8E1D61F482CEF161F3746EBE_element_78"}]}
COMMAND: POST /session/4736623b33805498a5d99cdd3935461b/execute/sync - {"script":"return (function isElementDisplayed(element) {\n    function nodeIsElement(node) {\n        if (!node) {\n            return false;\n        }\n        switch (node.nodeType) {\n            case Node.ELEMEN ... (7807 more bytes)","args":[{"element-6066-11e4-a52e-4f735466cecf":"5A1841FA8E1D61F482CEF161F3746EBE_element_79","ELEMENT":"5A1841FA8E1D61F482CEF161F3746EBE_element_79"}]}
RESULT: {"script":"return (function isElementDisplayed(element) {\n    function nodeIsElement(node) {\n        if (!node) {\n            return false;\n        }\n        switch (node.nodeType) {\n            case Node.ELEMEN ... (7807 more bytes)","args":[{"element-6066-11e4-a52e-4f735466cecf":"5A1841FA8E1D61F482CEF161F3746EBE_element_79","ELEMENT":"5A1841FA8E1D61F482CEF161F3746EBE_element_79"}]}
COMMAND: POST /session/4736623b33805498a5d99cdd3935461b/element/5A1841FA8E1D61F482CEF161F3746EBE_element_79/elements - {"using":"css selector","value":"tbody tr"}
RESULT: {"using":"css selector","value":"tbody tr"}
COMMAND: POST /session/4736623b33805498a5d99cdd3935461b/element/5A1841FA8E1D61F482CEF161F3746EBE_element_79/element - {"using":"css selector","value":"thead tr"}
RESULT: {"using":"css selector","value":"thead tr"}
COMMAND: POST /session/4736623b33805498a5d99cdd3935461b/element/5A1841FA8E1D61F482CEF161F3746EBE_element_80/elements - {"using":"css selector","value":"th"}
RESULT: {"using":"css selector","value":"th"}
COMMAND: GET /session/4736623b33805498a5d99cdd3935461b/element/5A1841FA8E1D61F482CEF161F3746EBE_element_81/text - {}
COMMAND: GET /session/4736623b33805498a5d99cdd3935461b/element/5A1841FA8E1D61F482CEF161F3746EBE_element_82/text - {}
COMMAND: GET /session/4736623b33805498a5d99cdd3935461b/element/5A1841FA8E1D61F482CEF161F3746EBE_element_84/text - {}
COMMAND: GET /session/4736623b33805498a5d99cdd3935461b/element/5A1841FA8E1D61F482CEF161F3746EBE_element_83/text - {}
RESULT: {}
RESULT: {}
RESULT: {}
RESULT: {}
]]></system-out>
      <system-err><![CDATA[
TypeError: Cannot read properties of undefined (reading 'Line item')
    at assertQuantityTableData (file:///home/runner/work/di-billing-transaction-monitoring/di-billing-transaction-monitoring/ui-tests/specs/invoice.spec.ts:186:23)
    at validateTableDataWithAssertions (file:///home/runner/work/di-billing-transaction-monitoring/di-billing-transaction-monitoring/ui-tests/specs/invoice.spec.ts:154:5)
    at runMicrotasks (<anonymous>)
    at processTicksAndRejections (node:internal/process/task_queues:96:5)
    at async Context.<anonymous> (file:///home/runner/work/di-billing-transaction-monitoring/di-billing-transaction-monitoring/ui-tests/specs/invoice.spec.ts:106:9)
]]></system-err>
    </testcase>
    <testcase classname="chrome.117_0_5938_132.linux.Invoice_Page_Test.Vendor:_Vendor_Three,Invoice:2023-03" name="should validate price table data" time="1.037">
      <failure/>
      <error message="Cannot read properties of undefined (reading 'Line item')"/>
      <system-out><![CDATA[
COMMAND: POST /session/4736623b33805498a5d99cdd3935461b/url - {"url":"https://pr-508.btm.dev.account.gov.uk/contracts/3/invoices/2023-03"}
RESULT: {"url":"https://pr-508.btm.dev.account.gov.uk/contracts/3/invoices/2023-03"}
COMMAND: POST /session/4736623b33805498a5d99cdd3935461b/execute/sync - {"script":"return (() => document.readyState === \"complete\").apply(null, arguments)","args":[]}
RESULT: {"script":"return (() => document.readyState === \"complete\").apply(null, arguments)","args":[]}
COMMAND: GET /session/4736623b33805498a5d99cdd3935461b/url - {}
RESULT: {}
COMMAND: POST /session/4736623b33805498a5d99cdd3935461b/element - {"using":"css selector","value":".govuk-heading-xl"}
RESULT: {"using":"css selector","value":".govuk-heading-xl"}
COMMAND: POST /session/4736623b33805498a5d99cdd3935461b/execute/sync - {"script":"return (function isElementDisplayed(element) {\n    function nodeIsElement(node) {\n        if (!node) {\n            return false;\n        }\n        switch (node.nodeType) {\n            case Node.ELEMEN ... (7807 more bytes)","args":[{"element-6066-11e4-a52e-4f735466cecf":"7F8974EC718D096D0E6272FB6ADC9A3C_element_88","ELEMENT":"7F8974EC718D096D0E6272FB6ADC9A3C_element_88"}]}
RESULT: {"script":"return (function isElementDisplayed(element) {\n    function nodeIsElement(node) {\n        if (!node) {\n            return false;\n        }\n        switch (node.nodeType) {\n            case Node.ELEMEN ... (7807 more bytes)","args":[{"element-6066-11e4-a52e-4f735466cecf":"7F8974EC718D096D0E6272FB6ADC9A3C_element_88","ELEMENT":"7F8974EC718D096D0E6272FB6ADC9A3C_element_88"}]}
COMMAND: POST /session/4736623b33805498a5d99cdd3935461b/element - {"using":"css selector","value":".govuk-heading-xl"}
RESULT: {"using":"css selector","value":".govuk-heading-xl"}
COMMAND: GET /session/4736623b33805498a5d99cdd3935461b/element/7F8974EC718D096D0E6272FB6ADC9A3C_element_88/text - {}
RESULT: {}
COMMAND: POST /session/4736623b33805498a5d99cdd3935461b/element - {"using":"xpath","value":".//caption[contains(., \"Price\") and not(.//caption)]"}
RESULT: {"using":"xpath","value":".//caption[contains(., \"Price\") and not(.//caption)]"}
COMMAND: POST /session/4736623b33805498a5d99cdd3935461b/execute/sync - {"script":"return (function (elem, id) {\n        return (function parentElement() {\n        return this.parentElement;\n    }).call(elem, id);\n    }).apply(null, arguments)","args":[{"element-6066-11e4-a52e-4f735466cecf":"7F8974EC718D096D0E6272FB6ADC9A3C_element_89","ELEMENT":"7F8974EC718D096D0E6272FB6ADC9A3C_element_89"}]}
RESULT: {"script":"return (function (elem, id) {\n        return (function parentElement() {\n        return this.parentElement;\n    }).call(elem, id);\n    }).apply(null, arguments)","args":[{"element-6066-11e4-a52e-4f735466cecf":"7F8974EC718D096D0E6272FB6ADC9A3C_element_89","ELEMENT":"7F8974EC718D096D0E6272FB6ADC9A3C_element_89"}]}
COMMAND: POST /session/4736623b33805498a5d99cdd3935461b/execute/sync - {"script":"return (function isElementDisplayed(element) {\n    function nodeIsElement(node) {\n        if (!node) {\n            return false;\n        }\n        switch (node.nodeType) {\n            case Node.ELEMEN ... (7807 more bytes)","args":[{"element-6066-11e4-a52e-4f735466cecf":"7F8974EC718D096D0E6272FB6ADC9A3C_element_90","ELEMENT":"7F8974EC718D096D0E6272FB6ADC9A3C_element_90"}]}
RESULT: {"script":"return (function isElementDisplayed(element) {\n    function nodeIsElement(node) {\n        if (!node) {\n            return false;\n        }\n        switch (node.nodeType) {\n            case Node.ELEMEN ... (7807 more bytes)","args":[{"element-6066-11e4-a52e-4f735466cecf":"7F8974EC718D096D0E6272FB6ADC9A3C_element_90","ELEMENT":"7F8974EC718D096D0E6272FB6ADC9A3C_element_90"}]}
COMMAND: POST /session/4736623b33805498a5d99cdd3935461b/element/7F8974EC718D096D0E6272FB6ADC9A3C_element_90/elements - {"using":"css selector","value":"tbody tr"}
RESULT: {"using":"css selector","value":"tbody tr"}
COMMAND: POST /session/4736623b33805498a5d99cdd3935461b/element/7F8974EC718D096D0E6272FB6ADC9A3C_element_90/element - {"using":"css selector","value":"thead tr"}
RESULT: {"using":"css selector","value":"thead tr"}
COMMAND: POST /session/4736623b33805498a5d99cdd3935461b/element/7F8974EC718D096D0E6272FB6ADC9A3C_element_91/elements - {"using":"css selector","value":"th"}
RESULT: {"using":"css selector","value":"th"}
COMMAND: GET /session/4736623b33805498a5d99cdd3935461b/element/7F8974EC718D096D0E6272FB6ADC9A3C_element_92/text - {}
COMMAND: GET /session/4736623b33805498a5d99cdd3935461b/element/7F8974EC718D096D0E6272FB6ADC9A3C_element_93/text - {}
COMMAND: GET /session/4736623b33805498a5d99cdd3935461b/element/7F8974EC718D096D0E6272FB6ADC9A3C_element_95/text - {}
COMMAND: GET /session/4736623b33805498a5d99cdd3935461b/element/7F8974EC718D096D0E6272FB6ADC9A3C_element_94/text - {}
RESULT: {}
RESULT: {}
RESULT: {}
RESULT: {}
]]></system-out>
      <system-err><![CDATA[
TypeError: Cannot read properties of undefined (reading 'Line item')
    at assertPriceTableData (file:///home/runner/work/di-billing-transaction-monitoring/di-billing-transaction-monitoring/ui-tests/specs/invoice.spec.ts:199:23)
    at validateTableDataWithAssertions (file:///home/runner/work/di-billing-transaction-monitoring/di-billing-transaction-monitoring/ui-tests/specs/invoice.spec.ts:154:5)
    at runMicrotasks (<anonymous>)
    at processTicksAndRejections (node:internal/process/task_queues:96:5)
    at async Context.<anonymous> (file:///home/runner/work/di-billing-transaction-monitoring/di-billing-transaction-monitoring/ui-tests/specs/invoice.spec.ts:114:9)
]]></system-err>
    </testcase>
    <testcase classname="chrome.117_0_5938_132.linux.Invoice_Page_Test.Vendor:_Vendor_Three,Invoice:2023-03" name="should validate measured events table data" time="0.776">
      <failure/>
      <error message="Cannot read properties of undefined (reading 'Line item')"/>
      <system-out><![CDATA[
COMMAND: POST /session/4736623b33805498a5d99cdd3935461b/url - {"url":"https://pr-508.btm.dev.account.gov.uk/contracts/3/invoices/2023-03"}
RESULT: {"url":"https://pr-508.btm.dev.account.gov.uk/contracts/3/invoices/2023-03"}
COMMAND: POST /session/4736623b33805498a5d99cdd3935461b/execute/sync - {"script":"return (() => document.readyState === \"complete\").apply(null, arguments)","args":[]}
RESULT: {"script":"return (() => document.readyState === \"complete\").apply(null, arguments)","args":[]}
COMMAND: GET /session/4736623b33805498a5d99cdd3935461b/url - {}
RESULT: {}
COMMAND: POST /session/4736623b33805498a5d99cdd3935461b/element - {"using":"css selector","value":".govuk-heading-xl"}
RESULT: {"using":"css selector","value":".govuk-heading-xl"}
COMMAND: POST /session/4736623b33805498a5d99cdd3935461b/execute/sync - {"script":"return (function isElementDisplayed(element) {\n    function nodeIsElement(node) {\n        if (!node) {\n            return false;\n        }\n        switch (node.nodeType) {\n            case Node.ELEMEN ... (7807 more bytes)","args":[{"element-6066-11e4-a52e-4f735466cecf":"01CB47EC25F093F68EDC827ADBFE4860_element_97","ELEMENT":"01CB47EC25F093F68EDC827ADBFE4860_element_97"}]}
RESULT: {"script":"return (function isElementDisplayed(element) {\n    function nodeIsElement(node) {\n        if (!node) {\n            return false;\n        }\n        switch (node.nodeType) {\n            case Node.ELEMEN ... (7807 more bytes)","args":[{"element-6066-11e4-a52e-4f735466cecf":"01CB47EC25F093F68EDC827ADBFE4860_element_97","ELEMENT":"01CB47EC25F093F68EDC827ADBFE4860_element_97"}]}
COMMAND: POST /session/4736623b33805498a5d99cdd3935461b/element - {"using":"css selector","value":".govuk-heading-xl"}
RESULT: {"using":"css selector","value":".govuk-heading-xl"}
COMMAND: GET /session/4736623b33805498a5d99cdd3935461b/element/01CB47EC25F093F68EDC827ADBFE4860_element_97/text - {}
RESULT: {}
COMMAND: POST /session/4736623b33805498a5d99cdd3935461b/element - {"using":"xpath","value":".//caption[contains(., \"Measured (events)\") and not(.//caption)]"}
RESULT: {"using":"xpath","value":".//caption[contains(., \"Measured (events)\") and not(.//caption)]"}
COMMAND: POST /session/4736623b33805498a5d99cdd3935461b/execute/sync - {"script":"return (function (elem, id) {\n        return (function parentElement() {\n        return this.parentElement;\n    }).call(elem, id);\n    }).apply(null, arguments)","args":[{"element-6066-11e4-a52e-4f735466cecf":"01CB47EC25F093F68EDC827ADBFE4860_element_98","ELEMENT":"01CB47EC25F093F68EDC827ADBFE4860_element_98"}]}
RESULT: {"script":"return (function (elem, id) {\n        return (function parentElement() {\n        return this.parentElement;\n    }).call(elem, id);\n    }).apply(null, arguments)","args":[{"element-6066-11e4-a52e-4f735466cecf":"01CB47EC25F093F68EDC827ADBFE4860_element_98","ELEMENT":"01CB47EC25F093F68EDC827ADBFE4860_element_98"}]}
COMMAND: POST /session/4736623b33805498a5d99cdd3935461b/execute/sync - {"script":"return (function isElementDisplayed(element) {\n    function nodeIsElement(node) {\n        if (!node) {\n            return false;\n        }\n        switch (node.nodeType) {\n            case Node.ELEMEN ... (7807 more bytes)","args":[{"element-6066-11e4-a52e-4f735466cecf":"01CB47EC25F093F68EDC827ADBFE4860_element_99","ELEMENT":"01CB47EC25F093F68EDC827ADBFE4860_element_99"}]}
RESULT: {"script":"return (function isElementDisplayed(element) {\n    function nodeIsElement(node) {\n        if (!node) {\n            return false;\n        }\n        switch (node.nodeType) {\n            case Node.ELEMEN ... (7807 more bytes)","args":[{"element-6066-11e4-a52e-4f735466cecf":"01CB47EC25F093F68EDC827ADBFE4860_element_99","ELEMENT":"01CB47EC25F093F68EDC827ADBFE4860_element_99"}]}
COMMAND: POST /session/4736623b33805498a5d99cdd3935461b/element/01CB47EC25F093F68EDC827ADBFE4860_element_99/elements - {"using":"css selector","value":"tbody tr"}
RESULT: {"using":"css selector","value":"tbody tr"}
COMMAND: POST /session/4736623b33805498a5d99cdd3935461b/element/01CB47EC25F093F68EDC827ADBFE4860_element_99/element - {"using":"css selector","value":"thead tr"}
RESULT: {"using":"css selector","value":"thead tr"}
COMMAND: POST /session/4736623b33805498a5d99cdd3935461b/element/01CB47EC25F093F68EDC827ADBFE4860_element_100/elements - {"using":"css selector","value":"th"}
RESULT: {"using":"css selector","value":"th"}
COMMAND: GET /session/4736623b33805498a5d99cdd3935461b/element/01CB47EC25F093F68EDC827ADBFE4860_element_101/text - {}
COMMAND: GET /session/4736623b33805498a5d99cdd3935461b/element/01CB47EC25F093F68EDC827ADBFE4860_element_102/text - {}
RESULT: {}
RESULT: {}
]]></system-out>
      <system-err><![CDATA[
TypeError: Cannot read properties of undefined (reading 'Line item')
    at assertMeasuredTableData (file:///home/runner/work/di-billing-transaction-monitoring/di-billing-transaction-monitoring/ui-tests/specs/invoice.spec.ts:212:23)
    at validateTableDataWithAssertions (file:///home/runner/work/di-billing-transaction-monitoring/di-billing-transaction-monitoring/ui-tests/specs/invoice.spec.ts:154:5)
    at runMicrotasks (<anonymous>)
    at processTicksAndRejections (node:internal/process/task_queues:96:5)
    at async Context.<anonymous> (file:///home/runner/work/di-billing-transaction-monitoring/di-billing-transaction-monitoring/ui-tests/specs/invoice.spec.ts:122:9)
]]></system-err>
    </testcase>
    <testcase classname="chrome.117_0_5938_132.linux.Invoice_Page_Test.Vendor:_Vendor_Three,Invoice:2023-03" name="should validate invoice table data" time="0.757">
      <failure/>
      <error message="expect(received).toEqual(expected) // deep equality&#xA;&#xA;Expected: &quot;Passport check&quot;&#xA;Received: &quot;Total&quot;"/>
      <system-out><![CDATA[
COMMAND: POST /session/4736623b33805498a5d99cdd3935461b/url - {"url":"https://pr-508.btm.dev.account.gov.uk/contracts/3/invoices/2023-03"}
RESULT: {"url":"https://pr-508.btm.dev.account.gov.uk/contracts/3/invoices/2023-03"}
COMMAND: POST /session/4736623b33805498a5d99cdd3935461b/execute/sync - {"script":"return (() => document.readyState === \"complete\").apply(null, arguments)","args":[]}
RESULT: {"script":"return (() => document.readyState === \"complete\").apply(null, arguments)","args":[]}
COMMAND: GET /session/4736623b33805498a5d99cdd3935461b/url - {}
RESULT: {}
COMMAND: POST /session/4736623b33805498a5d99cdd3935461b/element - {"using":"css selector","value":".govuk-heading-xl"}
RESULT: {"using":"css selector","value":".govuk-heading-xl"}
COMMAND: POST /session/4736623b33805498a5d99cdd3935461b/execute/sync - {"script":"return (function isElementDisplayed(element) {\n    function nodeIsElement(node) {\n        if (!node) {\n            return false;\n        }\n        switch (node.nodeType) {\n            case Node.ELEMEN ... (7807 more bytes)","args":[{"element-6066-11e4-a52e-4f735466cecf":"4BEA3BEDA07038D19569DCDFB210F42A_element_104","ELEMENT":"4BEA3BEDA07038D19569DCDFB210F42A_element_104"}]}
RESULT: {"script":"return (function isElementDisplayed(element) {\n    function nodeIsElement(node) {\n        if (!node) {\n            return false;\n        }\n        switch (node.nodeType) {\n            case Node.ELEMEN ... (7807 more bytes)","args":[{"element-6066-11e4-a52e-4f735466cecf":"4BEA3BEDA07038D19569DCDFB210F42A_element_104","ELEMENT":"4BEA3BEDA07038D19569DCDFB210F42A_element_104"}]}
COMMAND: POST /session/4736623b33805498a5d99cdd3935461b/element - {"using":"css selector","value":".govuk-heading-xl"}
RESULT: {"using":"css selector","value":".govuk-heading-xl"}
COMMAND: GET /session/4736623b33805498a5d99cdd3935461b/element/4BEA3BEDA07038D19569DCDFB210F42A_element_104/text - {}
RESULT: {}
COMMAND: POST /session/4736623b33805498a5d99cdd3935461b/element - {"using":"xpath","value":".//caption[contains(., \"Invoice\") and not(.//caption)]"}
RESULT: {"using":"xpath","value":".//caption[contains(., \"Invoice\") and not(.//caption)]"}
COMMAND: POST /session/4736623b33805498a5d99cdd3935461b/execute/sync - {"script":"return (function (elem, id) {\n        return (function parentElement() {\n        return this.parentElement;\n    }).call(elem, id);\n    }).apply(null, arguments)","args":[{"element-6066-11e4-a52e-4f735466cecf":"4BEA3BEDA07038D19569DCDFB210F42A_element_105","ELEMENT":"4BEA3BEDA07038D19569DCDFB210F42A_element_105"}]}
RESULT: {"script":"return (function (elem, id) {\n        return (function parentElement() {\n        return this.parentElement;\n    }).call(elem, id);\n    }).apply(null, arguments)","args":[{"element-6066-11e4-a52e-4f735466cecf":"4BEA3BEDA07038D19569DCDFB210F42A_element_105","ELEMENT":"4BEA3BEDA07038D19569DCDFB210F42A_element_105"}]}
COMMAND: POST /session/4736623b33805498a5d99cdd3935461b/execute/sync - {"script":"return (function isElementDisplayed(element) {\n    function nodeIsElement(node) {\n        if (!node) {\n            return false;\n        }\n        switch (node.nodeType) {\n            case Node.ELEMEN ... (7807 more bytes)","args":[{"element-6066-11e4-a52e-4f735466cecf":"4BEA3BEDA07038D19569DCDFB210F42A_element_106","ELEMENT":"4BEA3BEDA07038D19569DCDFB210F42A_element_106"}]}
RESULT: {"script":"return (function isElementDisplayed(element) {\n    function nodeIsElement(node) {\n        if (!node) {\n            return false;\n        }\n        switch (node.nodeType) {\n            case Node.ELEMEN ... (7807 more bytes)","args":[{"element-6066-11e4-a52e-4f735466cecf":"4BEA3BEDA07038D19569DCDFB210F42A_element_106","ELEMENT":"4BEA3BEDA07038D19569DCDFB210F42A_element_106"}]}
COMMAND: POST /session/4736623b33805498a5d99cdd3935461b/element/4BEA3BEDA07038D19569DCDFB210F42A_element_106/elements - {"using":"css selector","value":"tbody tr"}
RESULT: {"using":"css selector","value":"tbody tr"}
COMMAND: POST /session/4736623b33805498a5d99cdd3935461b/element/4BEA3BEDA07038D19569DCDFB210F42A_element_106/element - {"using":"css selector","value":"thead tr"}
RESULT: {"using":"css selector","value":"thead tr"}
COMMAND: POST /session/4736623b33805498a5d99cdd3935461b/element/4BEA3BEDA07038D19569DCDFB210F42A_element_108/elements - {"using":"css selector","value":"th"}
RESULT: {"using":"css selector","value":"th"}
COMMAND: GET /session/4736623b33805498a5d99cdd3935461b/element/4BEA3BEDA07038D19569DCDFB210F42A_element_109/text - {}
COMMAND: GET /session/4736623b33805498a5d99cdd3935461b/element/4BEA3BEDA07038D19569DCDFB210F42A_element_110/text - {}
COMMAND: GET /session/4736623b33805498a5d99cdd3935461b/element/4BEA3BEDA07038D19569DCDFB210F42A_element_112/text - {}
COMMAND: GET /session/4736623b33805498a5d99cdd3935461b/element/4BEA3BEDA07038D19569DCDFB210F42A_element_111/text - {}
COMMAND: GET /session/4736623b33805498a5d99cdd3935461b/element/4BEA3BEDA07038D19569DCDFB210F42A_element_113/text - {}
RESULT: {}
RESULT: {}
RESULT: {}
RESULT: {}
RESULT: {}
COMMAND: POST /session/4736623b33805498a5d99cdd3935461b/element/4BEA3BEDA07038D19569DCDFB210F42A_element_107/elements - {"using":"css selector","value":"th,td"}
RESULT: {"using":"css selector","value":"th,td"}
COMMAND: GET /session/4736623b33805498a5d99cdd3935461b/element/4BEA3BEDA07038D19569DCDFB210F42A_element_114/text - {}
RESULT: {}
COMMAND: GET /session/4736623b33805498a5d99cdd3935461b/element/4BEA3BEDA07038D19569DCDFB210F42A_element_115/text - {}
RESULT: {}
COMMAND: GET /session/4736623b33805498a5d99cdd3935461b/element/4BEA3BEDA07038D19569DCDFB210F42A_element_116/text - {}
RESULT: {}
COMMAND: GET /session/4736623b33805498a5d99cdd3935461b/element/4BEA3BEDA07038D19569DCDFB210F42A_element_117/text - {}
RESULT: {}
COMMAND: GET /session/4736623b33805498a5d99cdd3935461b/element/4BEA3BEDA07038D19569DCDFB210F42A_element_118/text - {}
RESULT: {}
]]></system-out>
      <system-err><![CDATA[
Error: expect(received).toEqual(expected) // deep equality

Expected: "Passport check"
Received: "Total"
    at expectEqual (file:///home/runner/work/di-billing-transaction-monitoring/di-billing-transaction-monitoring/ui-tests/utils/customTestAssertion.ts:12:20)
    at assertInvoiceTableData (file:///home/runner/work/di-billing-transaction-monitoring/di-billing-transaction-monitoring/ui-tests/specs/invoice.spec.ts:220:3)
    at validateTableDataWithAssertions (file:///home/runner/work/di-billing-transaction-monitoring/di-billing-transaction-monitoring/ui-tests/specs/invoice.spec.ts:154:5)
    at runMicrotasks (<anonymous>)
    at processTicksAndRejections (node:internal/process/task_queues:96:5)
    at async Context.<anonymous> (file:///home/runner/work/di-billing-transaction-monitoring/di-billing-transaction-monitoring/ui-tests/specs/invoice.spec.ts:130:9)
]]></system-err>
    </testcase>
  </testsuite>
  <testsuite name="Vendor Vendor Three Invoice 2005 08" timestamp="2023-10-10T10:40:32" time="4.807" tests="6" failures="6" errors="6" skipped="0">
    <properties>
      <property name="specId" value="0"/>
      <property name="suiteName" value="Vendor: Vendor Three,Invoice:2005-08"/>
      <property name="capabilities" value="chrome.117_0_5938_132.linux"/>
      <property name="file" value="file://./ui-tests/specs/invoice.spec.ts"/>
    </properties>
    <testcase classname="chrome.117_0_5938_132.linux.Invoice_Page_Test.Vendor:_Vendor_Three,Invoice:2005-08" name="should display correct status banner color and message" time="0.764">
      <failure/>
      <error message="expect(received).toEqual(expected) // deep equality&#xA;&#xA;Expected: &quot;Invoice data missing&quot;&#xA;Received: &quot;Invoice and events missing&quot;"/>
      <system-out><![CDATA[
COMMAND: POST /session/4736623b33805498a5d99cdd3935461b/url - {"url":"https://pr-508.btm.dev.account.gov.uk/contracts/3/invoices/2005-08"}
RESULT: {"url":"https://pr-508.btm.dev.account.gov.uk/contracts/3/invoices/2005-08"}
COMMAND: POST /session/4736623b33805498a5d99cdd3935461b/execute/sync - {"script":"return (() => document.readyState === \"complete\").apply(null, arguments)","args":[]}
RESULT: {"script":"return (() => document.readyState === \"complete\").apply(null, arguments)","args":[]}
COMMAND: GET /session/4736623b33805498a5d99cdd3935461b/url - {}
RESULT: {}
COMMAND: POST /session/4736623b33805498a5d99cdd3935461b/element - {"using":"css selector","value":".govuk-heading-xl"}
RESULT: {"using":"css selector","value":".govuk-heading-xl"}
COMMAND: POST /session/4736623b33805498a5d99cdd3935461b/execute/sync - {"script":"return (function isElementDisplayed(element) {\n    function nodeIsElement(node) {\n        if (!node) {\n            return false;\n        }\n        switch (node.nodeType) {\n            case Node.ELEMEN ... (7807 more bytes)","args":[{"element-6066-11e4-a52e-4f735466cecf":"CFB0ABEB14FB745105203B4A64E59F9A_element_120","ELEMENT":"CFB0ABEB14FB745105203B4A64E59F9A_element_120"}]}
RESULT: {"script":"return (function isElementDisplayed(element) {\n    function nodeIsElement(node) {\n        if (!node) {\n            return false;\n        }\n        switch (node.nodeType) {\n            case Node.ELEMEN ... (7807 more bytes)","args":[{"element-6066-11e4-a52e-4f735466cecf":"CFB0ABEB14FB745105203B4A64E59F9A_element_120","ELEMENT":"CFB0ABEB14FB745105203B4A64E59F9A_element_120"}]}
COMMAND: POST /session/4736623b33805498a5d99cdd3935461b/element - {"using":"css selector","value":".govuk-heading-xl"}
RESULT: {"using":"css selector","value":".govuk-heading-xl"}
COMMAND: GET /session/4736623b33805498a5d99cdd3935461b/element/CFB0ABEB14FB745105203B4A64E59F9A_element_120/text - {}
RESULT: {}
COMMAND: POST /session/4736623b33805498a5d99cdd3935461b/element - {"using":"css selector","value":"h2.govuk-panel__title"}
RESULT: {"using":"css selector","value":"h2.govuk-panel__title"}
COMMAND: POST /session/4736623b33805498a5d99cdd3935461b/execute/sync - {"script":"return (function isElementDisplayed(element) {\n    function nodeIsElement(node) {\n        if (!node) {\n            return false;\n        }\n        switch (node.nodeType) {\n            case Node.ELEMEN ... (7807 more bytes)","args":[{"element-6066-11e4-a52e-4f735466cecf":"CFB0ABEB14FB745105203B4A64E59F9A_element_121","ELEMENT":"CFB0ABEB14FB745105203B4A64E59F9A_element_121"}]}
RESULT: {"script":"return (function isElementDisplayed(element) {\n    function nodeIsElement(node) {\n        if (!node) {\n            return false;\n        }\n        switch (node.nodeType) {\n            case Node.ELEMEN ... (7807 more bytes)","args":[{"element-6066-11e4-a52e-4f735466cecf":"CFB0ABEB14FB745105203B4A64E59F9A_element_121","ELEMENT":"CFB0ABEB14FB745105203B4A64E59F9A_element_121"}]}
COMMAND: POST /session/4736623b33805498a5d99cdd3935461b/element - {"using":"css selector","value":"h2.govuk-panel__title"}
RESULT: {"using":"css selector","value":"h2.govuk-panel__title"}
COMMAND: GET /session/4736623b33805498a5d99cdd3935461b/element/CFB0ABEB14FB745105203B4A64E59F9A_element_121/text - {}
RESULT: {}
]]></system-out>
      <system-err><![CDATA[
Error: expect(received).toEqual(expected) // deep equality

Expected: "Invoice data missing"
Received: "Invoice and events missing"
    at expectEqual (file:///home/runner/work/di-billing-transaction-monitoring/di-billing-transaction-monitoring/ui-tests/utils/customTestAssertion.ts:12:20)
    at Context.<anonymous> (file:///home/runner/work/di-billing-transaction-monitoring/di-billing-transaction-monitoring/ui-tests/specs/invoice.spec.ts:81:9)
    at runMicrotasks (<anonymous>)
    at processTicksAndRejections (node:internal/process/task_queues:96:5)
]]></system-err>
    </testcase>
    <testcase classname="chrome.117_0_5938_132.linux.Invoice_Page_Test.Vendor:_Vendor_Three,Invoice:2005-08" name="should validate reconciliation table data" time="0.802">
      <failure/>
      <error message="Cannot read properties of undefined (reading 'Line item')"/>
      <system-out><![CDATA[
COMMAND: POST /session/4736623b33805498a5d99cdd3935461b/url - {"url":"https://pr-508.btm.dev.account.gov.uk/contracts/3/invoices/2005-08"}
RESULT: {"url":"https://pr-508.btm.dev.account.gov.uk/contracts/3/invoices/2005-08"}
COMMAND: POST /session/4736623b33805498a5d99cdd3935461b/execute/sync - {"script":"return (() => document.readyState === \"complete\").apply(null, arguments)","args":[]}
RESULT: {"script":"return (() => document.readyState === \"complete\").apply(null, arguments)","args":[]}
COMMAND: GET /session/4736623b33805498a5d99cdd3935461b/url - {}
RESULT: {}
COMMAND: POST /session/4736623b33805498a5d99cdd3935461b/element - {"using":"css selector","value":".govuk-heading-xl"}
RESULT: {"using":"css selector","value":".govuk-heading-xl"}
COMMAND: POST /session/4736623b33805498a5d99cdd3935461b/execute/sync - {"script":"return (function isElementDisplayed(element) {\n    function nodeIsElement(node) {\n        if (!node) {\n            return false;\n        }\n        switch (node.nodeType) {\n            case Node.ELEMEN ... (7807 more bytes)","args":[{"element-6066-11e4-a52e-4f735466cecf":"7E90046D971DD1302A9B9D3BE72B5F00_element_123","ELEMENT":"7E90046D971DD1302A9B9D3BE72B5F00_element_123"}]}
RESULT: {"script":"return (function isElementDisplayed(element) {\n    function nodeIsElement(node) {\n        if (!node) {\n            return false;\n        }\n        switch (node.nodeType) {\n            case Node.ELEMEN ... (7807 more bytes)","args":[{"element-6066-11e4-a52e-4f735466cecf":"7E90046D971DD1302A9B9D3BE72B5F00_element_123","ELEMENT":"7E90046D971DD1302A9B9D3BE72B5F00_element_123"}]}
COMMAND: POST /session/4736623b33805498a5d99cdd3935461b/element - {"using":"css selector","value":".govuk-heading-xl"}
RESULT: {"using":"css selector","value":".govuk-heading-xl"}
COMMAND: GET /session/4736623b33805498a5d99cdd3935461b/element/7E90046D971DD1302A9B9D3BE72B5F00_element_123/text - {}
RESULT: {}
COMMAND: POST /session/4736623b33805498a5d99cdd3935461b/element - {"using":"xpath","value":".//caption[contains(., \"Reconciliation\") and not(.//caption)]"}
RESULT: {"using":"xpath","value":".//caption[contains(., \"Reconciliation\") and not(.//caption)]"}
COMMAND: POST /session/4736623b33805498a5d99cdd3935461b/execute/sync - {"script":"return (function (elem, id) {\n        return (function parentElement() {\n        return this.parentElement;\n    }).call(elem, id);\n    }).apply(null, arguments)","args":[{"element-6066-11e4-a52e-4f735466cecf":"7E90046D971DD1302A9B9D3BE72B5F00_element_124","ELEMENT":"7E90046D971DD1302A9B9D3BE72B5F00_element_124"}]}
RESULT: {"script":"return (function (elem, id) {\n        return (function parentElement() {\n        return this.parentElement;\n    }).call(elem, id);\n    }).apply(null, arguments)","args":[{"element-6066-11e4-a52e-4f735466cecf":"7E90046D971DD1302A9B9D3BE72B5F00_element_124","ELEMENT":"7E90046D971DD1302A9B9D3BE72B5F00_element_124"}]}
[...]
RESULT: {}
RESULT: {}
RESULT: {}
RESULT: {}
]]></system-out>
      <system-err><![CDATA[
TypeError: Cannot read properties of undefined (reading 'Line item')
    at assertQuantityTableData (file:///home/runner/work/di-billing-transaction-monitoring/di-billing-transaction-monitoring/ui-tests/specs/invoice.spec.ts:186:23)
    at validateTableDataWithAssertions (file:///home/runner/work/di-billing-transaction-monitoring/di-billing-transaction-monitoring/ui-tests/specs/invoice.spec.ts:154:5)
    at runMicrotasks (<anonymous>)
    at processTicksAndRejections (node:internal/process/task_queues:96:5)
    at async Context.<anonymous> (file:///home/runner/work/di-billing-transaction-monitoring/di-billing-transaction-monitoring/ui-tests/specs/invoice.spec.ts:106:9)
]]></system-err>
    </testcase>
    <testcase classname="chrome.117_0_5938_132.linux.Invoice_Page_Test.Vendor:_Vendor_Six,Invoice:2005-Q2" name="should validate price table data" time="0.65">
      <failure/>
      <error message="Cannot read properties of undefined (reading 'Line item')"/>
      <system-out><![CDATA[
COMMAND: POST /session/4736623b33805498a5d99cdd3935461b/url - {"url":"https://pr-508.btm.dev.account.gov.uk/contracts/6/invoices/2005-q2"}
RESULT: {"url":"https://pr-508.btm.dev.account.gov.uk/contracts/6/invoices/2005-q2"}
COMMAND: POST /session/4736623b33805498a5d99cdd3935461b/execute/sync - {"script":"return (() => document.readyState === \"complete\").apply(null, arguments)","args":[]}
RESULT: {"script":"return (() => document.readyState === \"complete\").apply(null, arguments)","args":[]}
COMMAND: GET /session/4736623b33805498a5d99cdd3935461b/url - {}
RESULT: {}
COMMAND: POST /session/4736623b33805498a5d99cdd3935461b/element - {"using":"css selector","value":".govuk-heading-xl"}
RESULT: {"using":"css selector","value":".govuk-heading-xl"}
COMMAND: POST /session/4736623b33805498a5d99cdd3935461b/execute/sync - {"script":"return (function isElementDisplayed(element) {\n    function nodeIsElement(node) {\n        if (!node) {\n            return false;\n        }\n        switch (node.nodeType) {\n            case Node.ELEMEN ... (7807 more bytes)","args":[{"element-6066-11e4-a52e-4f735466cecf":"383B483FD12C4A7861EA959495CF7087_element_1134","ELEMENT":"383B483FD12C4A7861EA959495CF7087_element_1134"}]}
RESULT: {"script":"return (function isElementDisplayed(element) {\n    function nodeIsElement(node) {\n        if (!node) {\n            return false;\n        }\n        switch (node.nodeType) {\n            case Node.ELEMEN ... (7807 more bytes)","args":[{"element-6066-11e4-a52e-4f735466cecf":"383B483FD12C4A7861EA959495CF7087_element_1134","ELEMENT":"383B483FD12C4A7861EA959495CF7087_element_1134"}]}
COMMAND: POST /session/4736623b33805498a5d99cdd3935461b/element - {"using":"css selector","value":".govuk-heading-xl"}
RESULT: {"using":"css selector","value":".govuk-heading-xl"}
COMMAND: GET /session/4736623b33805498a5d99cdd3935461b/element/383B483FD12C4A7861EA959495CF7087_element_1134/text - {}
RESULT: {}
COMMAND: POST /session/4736623b33805498a5d99cdd3935461b/element - {"using":"xpath","value":".//caption[contains(., \"Price\") and not(.//caption)]"}
RESULT: {"using":"xpath","value":".//caption[contains(., \"Price\") and not(.//caption)]"}
COMMAND: POST /session/4736623b33805498a5d99cdd3935461b/execute/sync - {"script":"return (function (elem, id) {\n        return (function parentElement() {\n        return this.parentElement;\n    }).call(elem, id);\n    }).apply(null, arguments)","args":[{"element-6066-11e4-a52e-4f735466cecf":"383B483FD12C4A7861EA959495CF7087_element_1135","ELEMENT":"383B483FD12C4A7861EA959495CF7087_element_1135"}]}
RESULT: {"script":"return (function (elem, id) {\n        return (function parentElement() {\n        return this.parentElement;\n    }).call(elem, id);\n    }).apply(null, arguments)","args":[{"element-6066-11e4-a52e-4f735466cecf":"383B483FD12C4A7861EA959495CF7087_element_1135","ELEMENT":"383B483FD12C4A7861EA959495CF7087_element_1135"}]}
COMMAND: POST /session/4736623b33805498a5d99cdd3935461b/execute/sync - {"script":"return (function isElementDisplayed(element) {\n    function nodeIsElement(node) {\n        if (!node) {\n            return false;\n        }\n        switch (node.nodeType) {\n            case Node.ELEMEN ... (7807 more bytes)","args":[{"element-6066-11e4-a52e-4f735466cecf":"383B483FD12C4A7861EA959495CF7087_element_1136","ELEMENT":"383B483FD12C4A7861EA959495CF7087_element_1136"}]}
RESULT: {"script":"return (function isElementDisplayed(element) {\n    function nodeIsElement(node) {\n        if (!node) {\n            return false;\n        }\n        switch (node.nodeType) {\n            case Node.ELEMEN ... (7807 more bytes)","args":[{"element-6066-11e4-a52e-4f735466cecf":"383B483FD12C4A7861EA959495CF7087_element_1136","ELEMENT":"383B483FD12C4A7861EA959495CF7087_element_1136"}]}
COMMAND: POST /session/4736623b33805498a5d99cdd3935461b/element/383B483FD12C4A7861EA959495CF7087_element_1136/elements - {"using":"css selector","value":"tbody tr"}
RESULT: {"using":"css selector","value":"tbody tr"}
COMMAND: POST /session/4736623b33805498a5d99cdd3935461b/element/383B483FD12C4A7861EA959495CF7087_element_1136/element - {"using":"css selector","value":"thead tr"}
RESULT: {"using":"css selector","value":"thead tr"}
COMMAND: POST /session/4736623b33805498a5d99cdd3935461b/element/383B483FD12C4A7861EA959495CF7087_element_1137/elements - {"using":"css selector","value":"th"}
RESULT: {"using":"css selector","value":"th"}
COMMAND: GET /session/4736623b33805498a5d99cdd3935461b/element/383B483FD12C4A7861EA959495CF7087_element_1138/text - {}
COMMAND: GET /session/4736623b33805498a5d99cdd3935461b/element/383B483FD12C4A7861EA959495CF7087_element_1139/text - {}
COMMAND: GET /session/4736623b33805498a5d99cdd3935461b/element/383B483FD12C4A7861EA959495CF7087_element_1141/text - {}
COMMAND: GET /session/4736623b33805498a5d99cdd3935461b/element/383B483FD12C4A7861EA959495CF7087_element_1140/text - {}
RESULT: {}
RESULT: {}
RESULT: {}
RESULT: {}
]]></system-out>
      <system-err><![CDATA[
TypeError: Cannot read properties of undefined (reading 'Line item')
    at assertPriceTableData (file:///home/runner/work/di-billing-transaction-monitoring/di-billing-transaction-monitoring/ui-tests/specs/invoice.spec.ts:199:23)
    at validateTableDataWithAssertions (file:///home/runner/work/di-billing-transaction-monitoring/di-billing-transaction-monitoring/ui-tests/specs/invoice.spec.ts:154:5)
    at runMicrotasks (<anonymous>)
    at processTicksAndRejections (node:internal/process/task_queues:96:5)
    at async Context.<anonymous> (file:///home/runner/work/di-billing-transaction-monitoring/di-billing-transaction-monitoring/ui-tests/specs/invoice.spec.ts:114:9)
]]></system-err>
    </testcase>
    <testcase classname="chrome.117_0_5938_132.linux.Invoice_Page_Test.Vendor:_Vendor_Six,Invoice:2005-Q2" name="should validate measured events table data" time="0.696">
      <failure/>
      <error message="Cannot read properties of undefined (reading 'Line item')"/>
      <system-out><![CDATA[
COMMAND: POST /session/4736623b33805498a5d99cdd3935461b/url - {"url":"https://pr-508.btm.dev.account.gov.uk/contracts/6/invoices/2005-q2"}
RESULT: {"url":"https://pr-508.btm.dev.account.gov.uk/contracts/6/invoices/2005-q2"}
COMMAND: POST /session/4736623b33805498a5d99cdd3935461b/execute/sync - {"script":"return (() => document.readyState === \"complete\").apply(null, arguments)","args":[]}
RESULT: {"script":"return (() => document.readyState === \"complete\").apply(null, arguments)","args":[]}
COMMAND: GET /session/4736623b33805498a5d99cdd3935461b/url - {}
RESULT: {}
COMMAND: POST /session/4736623b33805498a5d99cdd3935461b/element - {"using":"css selector","value":".govuk-heading-xl"}
RESULT: {"using":"css selector","value":".govuk-heading-xl"}
COMMAND: POST /session/4736623b33805498a5d99cdd3935461b/execute/sync - {"script":"return (function isElementDisplayed(element) {\n    function nodeIsElement(node) {\n        if (!node) {\n            return false;\n        }\n        switch (node.nodeType) {\n            case Node.ELEMEN ... (7807 more bytes)","args":[{"element-6066-11e4-a52e-4f735466cecf":"FBD1AC362039E530093A5B7059DFFFDD_element_1143","ELEMENT":"FBD1AC362039E530093A5B7059DFFFDD_element_1143"}]}
RESULT: {"script":"return (function isElementDisplayed(element) {\n    function nodeIsElement(node) {\n        if (!node) {\n            return false;\n        }\n        switch (node.nodeType) {\n            case Node.ELEMEN ... (7807 more bytes)","args":[{"element-6066-11e4-a52e-4f735466cecf":"FBD1AC362039E530093A5B7059DFFFDD_element_1143","ELEMENT":"FBD1AC362039E530093A5B7059DFFFDD_element_1143"}]}
COMMAND: POST /session/4736623b33805498a5d99cdd3935461b/element - {"using":"css selector","value":".govuk-heading-xl"}
RESULT: {"using":"css selector","value":".govuk-heading-xl"}
COMMAND: GET /session/4736623b33805498a5d99cdd3935461b/element/FBD1AC362039E530093A5B7059DFFFDD_element_1143/text - {}
RESULT: {}
COMMAND: POST /session/4736623b33805498a5d99cdd3935461b/element - {"using":"xpath","value":".//caption[contains(., \"Measured (events)\") and not(.//caption)]"}
RESULT: {"using":"xpath","value":".//caption[contains(., \"Measured (events)\") and not(.//caption)]"}
COMMAND: POST /session/4736623b33805498a5d99cdd3935461b/execute/sync - {"script":"return (function (elem, id) {\n        return (function parentElement() {\n        return this.parentElement;\n    }).call(elem, id);\n    }).apply(null, arguments)","args":[{"element-6066-11e4-a52e-4f735466cecf":"FBD1AC362039E530093A5B7059DFFFDD_element_1144","ELEMENT":"FBD1AC362039E530093A5B7059DFFFDD_element_1144"}]}
RESULT: {"script":"return (function (elem, id) {\n        return (function parentElement() {\n        return this.parentElement;\n    }).call(elem, id);\n    }).apply(null, arguments)","args":[{"element-6066-11e4-a52e-4f735466cecf":"FBD1AC362039E530093A5B7059DFFFDD_element_1144","ELEMENT":"FBD1AC362039E530093A5B7059DFFFDD_element_1144"}]}
COMMAND: POST /session/4736623b33805498a5d99cdd3935461b/execute/sync - {"script":"return (function isElementDisplayed(element) {\n    function nodeIsElement(node) {\n        if (!node) {\n            return false;\n        }\n        switch (node.nodeType) {\n            case Node.ELEMEN ... (7807 more bytes)","args":[{"element-6066-11e4-a52e-4f735466cecf":"FBD1AC362039E530093A5B7059DFFFDD_element_1145","ELEMENT":"FBD1AC362039E530093A5B7059DFFFDD_element_1145"}]}
RESULT: {"script":"return (function isElementDisplayed(element) {\n    function nodeIsElement(node) {\n        if (!node) {\n            return false;\n        }\n        switch (node.nodeType) {\n            case Node.ELEMEN ... (7807 more bytes)","args":[{"element-6066-11e4-a52e-4f735466cecf":"FBD1AC362039E530093A5B7059DFFFDD_element_1145","ELEMENT":"FBD1AC362039E530093A5B7059DFFFDD_element_1145"}]}
COMMAND: POST /session/4736623b33805498a5d99cdd3935461b/element/FBD1AC362039E530093A5B7059DFFFDD_element_1145/elements - {"using":"css selector","value":"tbody tr"}
RESULT: {"using":"css selector","value":"tbody tr"}
COMMAND: POST /session/4736623b33805498a5d99cdd3935461b/element/FBD1AC362039E530093A5B7059DFFFDD_element_1145/element - {"using":"css selector","value":"thead tr"}
RESULT: {"using":"css selector","value":"thead tr"}
COMMAND: POST /session/4736623b33805498a5d99cdd3935461b/element/FBD1AC362039E530093A5B7059DFFFDD_element_1146/elements - {"using":"css selector","value":"th"}
RESULT: {"using":"css selector","value":"th"}
COMMAND: GET /session/4736623b33805498a5d99cdd3935461b/element/FBD1AC362039E530093A5B7059DFFFDD_element_1147/text - {}
COMMAND: GET /session/4736623b33805498a5d99cdd3935461b/element/FBD1AC362039E530093A5B7059DFFFDD_element_1148/text - {}
RESULT: {}
RESULT: {}
]]></system-out>
      <system-err><![CDATA[
TypeError: Cannot read properties of undefined (reading 'Line item')
    at assertMeasuredTableData (file:///home/runner/work/di-billing-transaction-monitoring/di-billing-transaction-monitoring/ui-tests/specs/invoice.spec.ts:212:23)
    at validateTableDataWithAssertions (file:///home/runner/work/di-billing-transaction-monitoring/di-billing-transaction-monitoring/ui-tests/specs/invoice.spec.ts:154:5)
    at runMicrotasks (<anonymous>)
    at processTicksAndRejections (node:internal/process/task_queues:96:5)
    at async Context.<anonymous> (file:///home/runner/work/di-billing-transaction-monitoring/di-billing-transaction-monitoring/ui-tests/specs/invoice.spec.ts:122:9)
]]></system-err>
    </testcase>
    <testcase classname="chrome.117_0_5938_132.linux.Invoice_Page_Test.Vendor:_Vendor_Six,Invoice:2005-Q2" name="should validate invoice table data" time="0.755">
      <failure/>
      <error message="expect(received).toEqual(expected) // deep equality&#xA;&#xA;Expected: &quot;Six Data Validation Application&quot;&#xA;Received: &quot;Total&quot;"/>
      <system-out><![CDATA[
COMMAND: POST /session/4736623b33805498a5d99cdd3935461b/url - {"url":"https://pr-508.btm.dev.account.gov.uk/contracts/6/invoices/2005-q2"}
RESULT: {"url":"https://pr-508.btm.dev.account.gov.uk/contracts/6/invoices/2005-q2"}
COMMAND: POST /session/4736623b33805498a5d99cdd3935461b/execute/sync - {"script":"return (() => document.readyState === \"complete\").apply(null, arguments)","args":[]}
RESULT: {"script":"return (() => document.readyState === \"complete\").apply(null, arguments)","args":[]}
COMMAND: GET /session/4736623b33805498a5d99cdd3935461b/url - {}
RESULT: {}
COMMAND: POST /session/4736623b33805498a5d99cdd3935461b/element - {"using":"css selector","value":".govuk-heading-xl"}
RESULT: {"using":"css selector","value":".govuk-heading-xl"}
COMMAND: POST /session/4736623b33805498a5d99cdd3935461b/execute/sync - {"script":"return (function isElementDisplayed(element) {\n    function nodeIsElement(node) {\n        if (!node) {\n            return false;\n        }\n        switch (node.nodeType) {\n            case Node.ELEMEN ... (7807 more bytes)","args":[{"element-6066-11e4-a52e-4f735466cecf":"8328C7771DF0182497DC7F6F1B8AE810_element_1150","ELEMENT":"8328C7771DF0182497DC7F6F1B8AE810_element_1150"}]}
RESULT: {"script":"return (function isElementDisplayed(element) {\n    function nodeIsElement(node) {\n        if (!node) {\n            return false;\n        }\n        switch (node.nodeType) {\n            case Node.ELEMEN ... (7807 more bytes)","args":[{"element-6066-11e4-a52e-4f735466cecf":"8328C7771DF0182497DC7F6F1B8AE810_element_1150","ELEMENT":"8328C7771DF0182497DC7F6F1B8AE810_element_1150"}]}
COMMAND: POST /session/4736623b33805498a5d99cdd3935461b/element - {"using":"css selector","value":".govuk-heading-xl"}
RESULT: {"using":"css selector","value":".govuk-heading-xl"}
COMMAND: GET /session/4736623b33805498a5d99cdd3935461b/element/8328C7771DF0182497DC7F6F1B8AE810_element_1150/text - {}
RESULT: {}
COMMAND: POST /session/4736623b33805498a5d99cdd3935461b/element - {"using":"xpath","value":".//caption[contains(., \"Invoice\") and not(.//caption)]"}
RESULT: {"using":"xpath","value":".//caption[contains(., \"Invoice\") and not(.//caption)]"}
COMMAND: POST /session/4736623b33805498a5d99cdd3935461b/execute/sync - {"script":"return (function (elem, id) {\n        return (function parentElement() {\n        return this.parentElement;\n    }).call(elem, id);\n    }).apply(null, arguments)","args":[{"element-6066-11e4-a52e-4f735466cecf":"8328C7771DF0182497DC7F6F1B8AE810_element_1151","ELEMENT":"8328C7771DF0182497DC7F6F1B8AE810_element_1151"}]}
RESULT: {"script":"return (function (elem, id) {\n        return (function parentElement() {\n        return this.parentElement;\n    }).call(elem, id);\n    }).apply(null, arguments)","args":[{"element-6066-11e4-a52e-4f735466cecf":"8328C7771DF0182497DC7F6F1B8AE810_element_1151","ELEMENT":"8328C7771DF0182497DC7F6F1B8AE810_element_1151"}]}
COMMAND: POST /session/4736623b33805498a5d99cdd3935461b/execute/sync - {"script":"return (function isElementDisplayed(element) {\n    function nodeIsElement(node) {\n        if (!node) {\n            return false;\n        }\n        switch (node.nodeType) {\n            case Node.ELEMEN ... (7807 more bytes)","args":[{"element-6066-11e4-a52e-4f735466cecf":"8328C7771DF0182497DC7F6F1B8AE810_element_1152","ELEMENT":"8328C7771DF0182497DC7F6F1B8AE810_element_1152"}]}
RESULT: {"script":"return (function isElementDisplayed(element) {\n    function nodeIsElement(node) {\n        if (!node) {\n            return false;\n        }\n        switch (node.nodeType) {\n            case Node.ELEMEN ... (7807 more bytes)","args":[{"element-6066-11e4-a52e-4f735466cecf":"8328C7771DF0182497DC7F6F1B8AE810_element_1152","ELEMENT":"8328C7771DF0182497DC7F6F1B8AE810_element_1152"}]}
COMMAND: POST /session/4736623b33805498a5d99cdd3935461b/element/8328C7771DF0182497DC7F6F1B8AE810_element_1152/elements - {"using":"css selector","value":"tbody tr"}
RESULT: {"using":"css selector","value":"tbody tr"}
COMMAND: POST /session/4736623b33805498a5d99cdd3935461b/element/8328C7771DF0182497DC7F6F1B8AE810_element_1152/element - {"using":"css selector","value":"thead tr"}
RESULT: {"using":"css selector","value":"thead tr"}
COMMAND: POST /session/4736623b33805498a5d99cdd3935461b/element/8328C7771DF0182497DC7F6F1B8AE810_element_1154/elements - {"using":"css selector","value":"th"}
RESULT: {"using":"css selector","value":"th"}
COMMAND: GET /session/4736623b33805498a5d99cdd3935461b/element/8328C7771DF0182497DC7F6F1B8AE810_element_1155/text - {}
COMMAND: GET /session/4736623b33805498a5d99cdd3935461b/element/8328C7771DF0182497DC7F6F1B8AE810_element_1156/text - {}
COMMAND: GET /session/4736623b33805498a5d99cdd3935461b/element/8328C7771DF0182497DC7F6F1B8AE810_element_1158/text - {}
COMMAND: GET /session/4736623b33805498a5d99cdd3935461b/element/8328C7771DF0182497DC7F6F1B8AE810_element_1157/text - {}
COMMAND: GET /session/4736623b33805498a5d99cdd3935461b/element/8328C7771DF0182497DC7F6F1B8AE810_element_1159/text - {}
RESULT: {}
RESULT: {}
RESULT: {}
RESULT: {}
RESULT: {}
COMMAND: POST /session/4736623b33805498a5d99cdd3935461b/element/8328C7771DF0182497DC7F6F1B8AE810_element_1153/elements - {"using":"css selector","value":"th,td"}
RESULT: {"using":"css selector","value":"th,td"}
COMMAND: GET /session/4736623b33805498a5d99cdd3935461b/element/8328C7771DF0182497DC7F6F1B8AE810_element_1160/text - {}
RESULT: {}
COMMAND: GET /session/4736623b33805498a5d99cdd3935461b/element/8328C7771DF0182497DC7F6F1B8AE810_element_1161/text - {}
RESULT: {}
COMMAND: GET /session/4736623b33805498a5d99cdd3935461b/element/8328C7771DF0182497DC7F6F1B8AE810_element_1162/text - {}
RESULT: {}
COMMAND: GET /session/4736623b33805498a5d99cdd3935461b/element/8328C7771DF0182497DC7F6F1B8AE810_element_1163/text - {}
RESULT: {}
COMMAND: GET /session/4736623b33805498a5d99cdd3935461b/element/8328C7771DF0182497DC7F6F1B8AE810_element_1164/text - {}
RESULT: {}
COMMAND: DELETE /session/4736623b33805498a5d99cdd3935461b - {}
RESULT: {}
]]></system-out>
      <system-err><![CDATA[
Error: expect(received).toEqual(expected) // deep equality

Expected: "Six Data Validation Application"
Received: "Total"
    at expectEqual (file:///home/runner/work/di-billing-transaction-monitoring/di-billing-transaction-monitoring/ui-tests/utils/customTestAssertion.ts:12:20)
    at assertInvoiceTableData (file:///home/runner/work/di-billing-transaction-monitoring/di-billing-transaction-monitoring/ui-tests/specs/invoice.spec.ts:220:3)
    at validateTableDataWithAssertions (file:///home/runner/work/di-billing-transaction-monitoring/di-billing-transaction-monitoring/ui-tests/specs/invoice.spec.ts:154:5)
    at runMicrotasks (<anonymous>)
    at processTicksAndRejections (node:internal/process/task_queues:96:5)
    at async Context.<anonymous> (file:///home/runner/work/di-billing-transaction-monitoring/di-billing-transaction-monitoring/ui-tests/specs/invoice.spec.ts:130:9)
]]></system-err>
    </testcase>
  </testsuite>
</testsuites>