<?xml version="1.0" encoding="UTF-8"?>
<testsuites>
  <testsuite name="Invoice Page Test" timestamp="2023-10-12T07:59:09" time="95.877" tests="0" failures="0" errors="0" skipped="0">
    <properties>
      <property name="specId" value="0"/>
      <property name="suiteName" value="Invoice Page Test"/>
      <property name="capabilities" value="chrome.117_0_5938_132.linux"/>
      <property name="file" value="file://./ui-tests/specs/invoice.spec.ts"/>
    </properties>
  </testsuite>
  <testsuite name="Vendor Vendor Three Invoice 2005 09" timestamp="2023-10-12T07:59:09" time="15.082" tests="6" failures="6" errors="6" skipped="0">
    <properties>
      <property name="specId" value="0"/>
      <property name="suiteName" value="Vendor: Vendor Three,Invoice:2005-09"/>
      <property name="capabilities" value="chrome.117_0_5938_132.linux"/>
      <property name="file" value="file://./ui-tests/specs/invoice.spec.ts"/>
    </properties>
    <testcase classname="chrome.117_0_5938_132.linux.Invoice_Page_Test.Vendor:_Vendor_Three,Invoice:2005-09" name="should display correct status banner color and message" time="7.984">
      <failure/>
      <error message="expect(received).toEqual(expected) // deep equality&#xA;&#xA;Expected: &quot;Invoice data missing&quot;&#xA;Received: &quot;Invoice and events missing&quot;"/>
      <system-out><![CDATA[
COMMAND: POST /session/835d2cf9b0229226d17ebdf58d869db8/url - {"url":"https://pr-509.btm.dev.account.gov.uk/contracts/3/invoices/2005-09"}
RESULT: {"url":"https://pr-509.btm.dev.account.gov.uk/contracts/3/invoices/2005-09"}
COMMAND: POST /session/835d2cf9b0229226d17ebdf58d869db8/execute/sync - {"script":"return (() => document.readyState === \"complete\").apply(null, arguments)","args":[]}
RESULT: {"script":"return (() => document.readyState === \"complete\").apply(null, arguments)","args":[]}
COMMAND: GET /session/835d2cf9b0229226d17ebdf58d869db8/url - {}
RESULT: {}
COMMAND: POST /session/835d2cf9b0229226d17ebdf58d869db8/element - {"using":"css selector","value":".govuk-heading-xl"}
RESULT: {"using":"css selector","value":".govuk-heading-xl"}
COMMAND: POST /session/835d2cf9b0229226d17ebdf58d869db8/execute/sync - {"script":"return (function isElementDisplayed(element) {\n    function nodeIsElement(node) {\n        if (!node) {\n            return false;\n        }\n        switch (node.nodeType) {\n            case Node.ELEMEN ... (7807 more bytes)","args":[{"element-6066-11e4-a52e-4f735466cecf":"91C2DBF067094B50C80F81A1F02B0045_element_5","ELEMENT":"91C2DBF067094B50C80F81A1F02B0045_element_5"}]}
RESULT: {"script":"return (function isElementDisplayed(element) {\n    function nodeIsElement(node) {\n        if (!node) {\n            return false;\n        }\n        switch (node.nodeType) {\n            case Node.ELEMEN ... (7807 more bytes)","args":[{"element-6066-11e4-a52e-4f735466cecf":"91C2DBF067094B50C80F81A1F02B0045_element_5","ELEMENT":"91C2DBF067094B50C80F81A1F02B0045_element_5"}]}
COMMAND: POST /session/835d2cf9b0229226d17ebdf58d869db8/element - {"using":"css selector","value":".govuk-heading-xl"}
RESULT: {"using":"css selector","value":".govuk-heading-xl"}
COMMAND: GET /session/835d2cf9b0229226d17ebdf58d869db8/element/91C2DBF067094B50C80F81A1F02B0045_element_5/text - {}
RESULT: {}
COMMAND: POST /session/835d2cf9b0229226d17ebdf58d869db8/element - {"using":"css selector","value":"h2.govuk-panel__title"}
RESULT: {"using":"css selector","value":"h2.govuk-panel__title"}
COMMAND: POST /session/835d2cf9b0229226d17ebdf58d869db8/execute/sync - {"script":"return (function isElementDisplayed(element) {\n    function nodeIsElement(node) {\n        if (!node) {\n            return false;\n        }\n        switch (node.nodeType) {\n            case Node.ELEMEN ... (7807 more bytes)","args":[{"element-6066-11e4-a52e-4f735466cecf":"91C2DBF067094B50C80F81A1F02B0045_element_6","ELEMENT":"91C2DBF067094B50C80F81A1F02B0045_element_6"}]}
RESULT: {"script":"return (function isElementDisplayed(element) {\n    function nodeIsElement(node) {\n        if (!node) {\n            return false;\n        }\n        switch (node.nodeType) {\n            case Node.ELEMEN ... (7807 more bytes)","args":[{"element-6066-11e4-a52e-4f735466cecf":"91C2DBF067094B50C80F81A1F02B0045_element_6","ELEMENT":"91C2DBF067094B50C80F81A1F02B0045_element_6"}]}
COMMAND: POST /session/835d2cf9b0229226d17ebdf58d869db8/element - {"using":"css selector","value":"h2.govuk-panel__title"}
RESULT: {"using":"css selector","value":"h2.govuk-panel__title"}
COMMAND: GET /session/835d2cf9b0229226d17ebdf58d869db8/element/91C2DBF067094B50C80F81A1F02B0045_element_6/text - {}
RESULT: {}
]]></system-out>
      <system-err><![CDATA[
Error: expect(received).toEqual(expected) // deep equality

Expected: "Invoice data missing"
Received: "Invoice and events missing"
    at expectEqual (file:///home/runner/work/di-billing-transaction-monitoring/di-billing-transaction-monitoring/ui-tests/utils/customTestAssertion.ts:12:20)
    at Context.<anonymous> (file:///home/runner/work/di-billing-transaction-monitoring/di-billing-transaction-monitoring/ui-tests/specs/invoice.spec.ts:81:9)
    at processTicksAndRejections (node:internal/process/task_queues:96:5)
]]></system-err>
    </testcase>
    <testcase classname="chrome.117_0_5938_132.linux.Invoice_Page_Test.Vendor:_Vendor_Three,Invoice:2005-09" name="should validate reconciliation table data" time="1.011">
      <failure/>
      <error message="Cannot read properties of undefined (reading 'Line item')"/>
      <system-out><![CDATA[
COMMAND: POST /session/835d2cf9b0229226d17ebdf58d869db8/url - {"url":"https://pr-509.btm.dev.account.gov.uk/contracts/3/invoices/2005-09"}
RESULT: {"url":"https://pr-509.btm.dev.account.gov.uk/contracts/3/invoices/2005-09"}
COMMAND: POST /session/835d2cf9b0229226d17ebdf58d869db8/execute/sync - {"script":"return (() => document.readyState === \"complete\").apply(null, arguments)","args":[]}
RESULT: {"script":"return (() => document.readyState === \"complete\").apply(null, arguments)","args":[]}
COMMAND: GET /session/835d2cf9b0229226d17ebdf58d869db8/url - {}
RESULT: {}
COMMAND: POST /session/835d2cf9b0229226d17ebdf58d869db8/element - {"using":"css selector","value":".govuk-heading-xl"}
RESULT: {"using":"css selector","value":".govuk-heading-xl"}
COMMAND: POST /session/835d2cf9b0229226d17ebdf58d869db8/execute/sync - {"script":"return (function isElementDisplayed(element) {\n    function nodeIsElement(node) {\n        if (!node) {\n            return false;\n        }\n        switch (node.nodeType) {\n            case Node.ELEMEN ... (7807 more bytes)","args":[{"element-6066-11e4-a52e-4f735466cecf":"5A2250A3EF673C78116F582F7E346569_element_11","ELEMENT":"5A2250A3EF673C78116F582F7E346569_element_11"}]}
RESULT: {"script":"return (function isElementDisplayed(element) {\n    function nodeIsElement(node) {\n        if (!node) {\n            return false;\n        }\n        switch (node.nodeType) {\n            case Node.ELEMEN ... (7807 more bytes)","args":[{"element-6066-11e4-a52e-4f735466cecf":"5A2250A3EF673C78116F582F7E346569_element_11","ELEMENT":"5A2250A3EF673C78116F582F7E346569_element_11"}]}
COMMAND: POST /session/835d2cf9b0229226d17ebdf58d869db8/element - {"using":"css selector","value":".govuk-heading-xl"}
RESULT: {"using":"css selector","value":".govuk-heading-xl"}
COMMAND: GET /session/835d2cf9b0229226d17ebdf58d869db8/element/5A2250A3EF673C78116F582F7E346569_element_11/text - {}
RESULT: {}
COMMAND: POST /session/835d2cf9b0229226d17ebdf58d869db8/element - {"using":"xpath","value":".//caption[contains(., \"Reconciliation\") and not(.//caption)]"}
RESULT: {"using":"xpath","value":".//caption[contains(., \"Reconciliation\") and not(.//caption)]"}
COMMAND: POST /session/835d2cf9b0229226d17ebdf58d869db8/execute/sync - {"script":"return (function (elem, id) {\n        return (function parentElement() {\n        return this.parentElement;\n    }).call(elem, id);\n    }).apply(null, arguments)","args":[{"element-6066-11e4-a52e-4f735466cecf":"5A2250A3EF673C78116F582F7E346569_element_12","ELEMENT":"5A2250A3EF673C78116F582F7E346569_element_12"}]}
RESULT: {"script":"return (function (elem, id) {\n        return (function parentElement() {\n        return this.parentElement;\n    }).call(elem, id);\n    }).apply(null, arguments)","args":[{"element-6066-11e4-a52e-4f735466cecf":"5A2250A3EF673C78116F582F7E346569_element_12","ELEMENT":"5A2250A3EF673C78116F582F7E346569_element_12"}]}
COMMAND: POST /session/835d2cf9b0229226d17ebdf58d869db8/execute/sync - {"script":"return (function isElementDisplayed(element) {\n    function nodeIsElement(node) {\n        if (!node) {\n            return false;\n        }\n        switch (node.nodeType) {\n            case Node.ELEMEN ... (7807 more bytes)","args":[{"element-6066-11e4-a52e-4f735466cecf":"5A2250A3EF673C78116F582F7E346569_element_10","ELEMENT":"5A2250A3EF673C78116F582F7E346569_element_10"}]}
RESULT: {"script":"return (function isElementDisplayed(element) {\n    function nodeIsElement(node) {\n        if (!node) {\n            return false;\n        }\n        switch (node.nodeType) {\n            case Node.ELEMEN ... (7807 more bytes)","args":[{"element-6066-11e4-a52e-4f735466cecf":"5A2250A3EF673C78116F582F7E346569_element_10","ELEMENT":"5A2250A3EF673C78116F582F7E346569_element_10"}]}
COMMAND: POST /session/835d2cf9b0229226d17ebdf58d869db8/element/5A2250A3EF673C78116F582F7E346569_element_10/elements - {"using":"css selector","value":"tbody tr"}
RESULT: {"using":"css selector","value":"tbody tr"}
COMMAND: POST /session/835d2cf9b0229226d17ebdf58d869db8/element/5A2250A3EF673C78116F582F7E346569_element_10/element - {"using":"css selector","value":"thead tr"}
RESULT: {"using":"css selector","value":"thead tr"}
COMMAND: POST /session/835d2cf9b0229226d17ebdf58d869db8/element/5A2250A3EF673C78116F582F7E346569_element_13/elements - {"using":"css selector","value":"th"}
RESULT: {"using":"css selector","value":"th"}
COMMAND: GET /session/835d2cf9b0229226d17ebdf58d869db8/element/5A2250A3EF673C78116F582F7E346569_element_14/text - {}
COMMAND: GET /session/835d2cf9b0229226d17ebdf58d869db8/element/5A2250A3EF673C78116F582F7E346569_element_15/text - {}
COMMAND: GET /session/835d2cf9b0229226d17ebdf58d869db8/element/5A2250A3EF673C78116F582F7E346569_element_17/text - {}
COMMAND: GET /session/835d2cf9b0229226d17ebdf58d869db8/element/5A2250A3EF673C78116F582F7E346569_element_16/text - {}
COMMAND: GET /session/835d2cf9b0229226d17ebdf58d869db8/element/5A2250A3EF673C78116F582F7E346569_element_18/text - {}
RESULT: {}
RESULT: {}
RESULT: {}
RESULT: {}
RESULT: {}
]]></system-out>
      <system-err><![CDATA[
TypeError: Cannot read properties of undefined (reading 'Line item')
    at assertReconciliationTableData (file:///home/runner/work/di-billing-transaction-monitoring/di-billing-transaction-monitoring/ui-tests/specs/invoice.spec.ts:162:23)
    at validateTableDataWithAssertions (file:///home/runner/work/di-billing-transaction-monitoring/di-billing-transaction-monitoring/ui-tests/specs/invoice.spec.ts:154:5)
    at processTicksAndRejections (node:internal/process/task_queues:96:5)
    at async Context.<anonymous> (file:///home/runner/work/di-billing-transaction-monitoring/di-billing-transaction-monitoring/ui-tests/specs/invoice.spec.ts:98:9)
]]></system-err>
    </testcase>
    <testcase classname="chrome.117_0_5938_132.linux.Invoice_Page_Test.Vendor:_Vendor_Three,Invoice:2005-09" name="should validate quantity events table data" time="1.31">
      <failure/>
      <error message="Cannot read properties of undefined (reading 'Line item')"/>
      <system-out><![CDATA[
COMMAND: POST /session/835d2cf9b0229226d17ebdf58d869db8/url - {"url":"https://pr-509.btm.dev.account.gov.uk/contracts/3/invoices/2005-09"}
RESULT: {"url":"https://pr-509.btm.dev.account.gov.uk/contracts/3/invoices/2005-09"}
COMMAND: POST /session/835d2cf9b0229226d17ebdf58d869db8/execute/sync - {"script":"return (() => document.readyState === \"complete\").apply(null, arguments)","args":[]}
RESULT: {"script":"return (() => document.readyState === \"complete\").apply(null, arguments)","args":[]}
COMMAND: GET /session/835d2cf9b0229226d17ebdf58d869db8/url - {}
RESULT: {}
COMMAND: POST /session/835d2cf9b0229226d17ebdf58d869db8/element - {"using":"css selector","value":".govuk-heading-xl"}
RESULT: {"using":"css selector","value":".govuk-heading-xl"}
COMMAND: POST /session/835d2cf9b0229226d17ebdf58d869db8/execute/sync - {"script":"return (function isElementDisplayed(element) {\n    function nodeIsElement(node) {\n        if (!node) {\n            return false;\n        }\n        switch (node.nodeType) {\n            case Node.ELEMEN ... (7807 more bytes)","args":[{"element-6066-11e4-a52e-4f735466cecf":"52096C511672EEB651F77FD9145D4642_element_21","ELEMENT":"52096C511672EEB651F77FD9145D4642_element_21"}]}
RESULT: {"script":"return (function isElementDisplayed(element) {\n    function nodeIsElement(node) {\n        if (!node) {\n            return false;\n        }\n        switch (node.nodeType) {\n            case Node.ELEMEN ... (7807 more bytes)","args":[{"element-6066-11e4-a52e-4f735466cecf":"52096C511672EEB651F77FD9145D4642_element_21","ELEMENT":"52096C511672EEB651F77FD9145D4642_element_21"}]}
COMMAND: POST /session/835d2cf9b0229226d17ebdf58d869db8/element - {"using":"css selector","value":".govuk-heading-xl"}
RESULT: {"using":"css selector","value":".govuk-heading-xl"}
COMMAND: GET /session/835d2cf9b0229226d17ebdf58d869db8/element/52096C511672EEB651F77FD9145D4642_element_21/text - {}
RESULT: {}
COMMAND: POST /session/835d2cf9b0229226d17ebdf58d869db8/element - {"using":"xpath","value":".//caption[contains(., \"Quantity (events)\") and not(.//caption)]"}
RESULT: {"using":"xpath","value":".//caption[contains(., \"Quantity (events)\") and not(.//caption)]"}
COMMAND: POST /session/835d2cf9b0229226d17ebdf58d869db8/execute/sync - {"script":"return (function (elem, id) {\n        return (function parentElement() {\n        return this.parentElement;\n    }).call(elem, id);\n    }).apply(null, arguments)","args":[{"element-6066-11e4-a52e-4f735466cecf":"52096C511672EEB651F77FD9145D4642_element_22","ELEMENT":"52096C511672EEB651F77FD9145D4642_element_22"}]}
RESULT: {"script":"return (function (elem, id) {\n        return (function parentElement() {\n        return this.parentElement;\n    }).call(elem, id);\n    }).apply(null, arguments)","args":[{"element-6066-11e4-a52e-4f735466cecf":"52096C511672EEB651F77FD9145D4642_element_22","ELEMENT":"52096C511672EEB651F77FD9145D4642_element_22"}]}
COMMAND: POST /session/835d2cf9b0229226d17ebdf58d869db8/execute/sync - {"script":"return (function isElementDisplayed(element) {\n    function nodeIsElement(node) {\n        if (!node) {\n            return false;\n        }\n        switch (node.nodeType) {\n            case Node.ELEMEN ... (7807 more bytes)","args":[{"element-6066-11e4-a52e-4f735466cecf":"52096C511672EEB651F77FD9145D4642_element_23","ELEMENT":"52096C511672EEB651F77FD9145D4642_element_23"}]}
RESULT: {"script":"return (function isElementDisplayed(element) {\n    function nodeIsElement(node) {\n        if (!node) {\n            return false;\n        }\n        switch (node.nodeType) {\n            case Node.ELEMEN ... (7807 more bytes)","args":[{"element-6066-11e4-a52e-4f735466cecf":"52096C511672EEB651F77FD9145D4642_element_23","ELEMENT":"52096C511672EEB651F77FD9145D4642_element_23"}]}
COMMAND: POST /session/835d2cf9b0229226d17ebdf58d869db8/element/52096C511672EEB651F77FD9145D4642_element_23/elements - {"using":"css selector","value":"tbody tr"}
RESULT: {"using":"css selector","value":"tbody tr"}
COMMAND: POST /session/835d2cf9b0229226d17ebdf58d869db8/element/52096C511672EEB651F77FD9145D4642_element_23/element - {"using":"css selector","value":"thead tr"}
RESULT: {"using":"css selector","value":"thead tr"}
COMMAND: POST /session/835d2cf9b0229226d17ebdf58d869db8/element/52096C511672EEB651F77FD9145D4642_element_24/elements - {"using":"css selector","value":"th"}
RESULT: {"using":"css selector","value":"th"}
COMMAND: GET /session/835d2cf9b0229226d17ebdf58d869db8/element/52096C511672EEB651F77FD9145D4642_element_25/text - {}
COMMAND: GET /session/835d2cf9b0229226d17ebdf58d869db8/element/52096C511672EEB651F77FD9145D4642_element_26/text - {}
COMMAND: GET /session/835d2cf9b0229226d17ebdf58d869db8/element/52096C511672EEB651F77FD9145D4642_element_28/text - {}
COMMAND: GET /session/835d2cf9b0229226d17ebdf58d869db8/element/52096C511672EEB651F77FD9145D4642_element_27/text - {}
RESULT: {}
RESULT: {}
RESULT: {}
RESULT: {}
]]></system-out>
      <system-err><![CDATA[
TypeError: Cannot read properties of undefined (reading 'Line item')
    at assertQuantityTableData (file:///home/runner/work/di-billing-transaction-monitoring/di-billing-transaction-monitoring/ui-tests/specs/invoice.spec.ts:186:23)
    at validateTableDataWithAssertions (file:///home/runner/work/di-billing-transaction-monitoring/di-billing-transaction-monitoring/ui-tests/specs/invoice.spec.ts:154:5)
    at processTicksAndRejections (node:internal/process/task_queues:96:5)
    at async Context.<anonymous> (file:///home/runner/work/di-billing-transaction-monitoring/di-billing-transaction-monitoring/ui-tests/specs/invoice.spec.ts:106:9)
]]></system-err>
    </testcase>
    <testcase classname="chrome.117_0_5938_132.linux.Invoice_Page_Test.Vendor:_Vendor_Three,Invoice:2005-09" name="should validate price table data" time="1.508">
      <failure/>
      <error message="Cannot read properties of undefined (reading 'Line item')"/>
      <system-out><![CDATA[
COMMAND: POST /session/835d2cf9b0229226d17ebdf58d869db8/url - {"url":"https://pr-509.btm.dev.account.gov.uk/contracts/3/invoices/2005-09"}
RESULT: {"url":"https://pr-509.btm.dev.account.gov.uk/contracts/3/invoices/2005-09"}
COMMAND: POST /session/835d2cf9b0229226d17ebdf58d869db8/execute/sync - {"script":"return (() => document.readyState === \"complete\").apply(null, arguments)","args":[]}
RESULT: {"script":"return (() => document.readyState === \"complete\").apply(null, arguments)","args":[]}
COMMAND: GET /session/835d2cf9b0229226d17ebdf58d869db8/url - {}
RESULT: {}
COMMAND: POST /session/835d2cf9b0229226d17ebdf58d869db8/element - {"using":"css selector","value":".govuk-heading-xl"}
RESULT: {"using":"css selector","value":".govuk-heading-xl"}
COMMAND: POST /session/835d2cf9b0229226d17ebdf58d869db8/execute/sync - {"script":"return (function isElementDisplayed(element) {\n    function nodeIsElement(node) {\n        if (!node) {\n            return false;\n        }\n        switch (node.nodeType) {\n            case Node.ELEMEN ... (7807 more bytes)","args":[{"element-6066-11e4-a52e-4f735466cecf":"677E2F1082485024D61D1C55E4DED670_element_33","ELEMENT":"677E2F1082485024D61D1C55E4DED670_element_33"}]}
RESULT: {"script":"return (function isElementDisplayed(element) {\n    function nodeIsElement(node) {\n        if (!node) {\n            return false;\n        }\n        switch (node.nodeType) {\n            case Node.ELEMEN ... (7807 more bytes)","args":[{"element-6066-11e4-a52e-4f735466cecf":"677E2F1082485024D61D1C55E4DED670_element_33","ELEMENT":"677E2F1082485024D61D1C55E4DED670_element_33"}]}
COMMAND: POST /session/835d2cf9b0229226d17ebdf58d869db8/element - {"using":"css selector","value":".govuk-heading-xl"}
RESULT: {"using":"css selector","value":".govuk-heading-xl"}
COMMAND: GET /session/835d2cf9b0229226d17ebdf58d869db8/element/677E2F1082485024D61D1C55E4DED670_element_33/text - {}
RESULT: {}
COMMAND: POST /session/835d2cf9b0229226d17ebdf58d869db8/element - {"using":"xpath","value":".//caption[contains(., \"Price\") and not(.//caption)]"}
RESULT: {"using":"xpath","value":".//caption[contains(., \"Price\") and not(.//caption)]"}
COMMAND: POST /session/835d2cf9b0229226d17ebdf58d869db8/execute/sync - {"script":"return (function (elem, id) {\n        return (function parentElement() {\n        return this.parentElement;\n    }).call(elem, id);\n    }).apply(null, arguments)","args":[{"element-6066-11e4-a52e-4f735466cecf":"677E2F1082485024D61D1C55E4DED670_element_34","ELEMENT":"677E2F1082485024D61D1C55E4DED670_element_34"}]}
RESULT: {"script":"return (function (elem, id) {\n        return (function parentElement() {\n        return this.parentElement;\n    }).call(elem, id);\n    }).apply(null, arguments)","args":[{"element-6066-11e4-a52e-4f735466cecf":"677E2F1082485024D61D1C55E4DED670_element_34","ELEMENT":"677E2F1082485024D61D1C55E4DED670_element_34"}]}
COMMAND: POST /session/835d2cf9b0229226d17ebdf58d869db8/execute/sync - {"script":"return (function isElementDisplayed(element) {\n    function nodeIsElement(node) {\n        if (!node) {\n            return false;\n        }\n        switch (node.nodeType) {\n            case Node.ELEMEN ... (7807 more bytes)","args":[{"element-6066-11e4-a52e-4f735466cecf":"677E2F1082485024D61D1C55E4DED670_element_35","ELEMENT":"677E2F1082485024D61D1C55E4DED670_element_35"}]}
RESULT: {"script":"return (function isElementDisplayed(element) {\n    function nodeIsElement(node) {\n        if (!node) {\n            return false;\n        }\n        switch (node.nodeType) {\n            case Node.ELEMEN ... (7807 more bytes)","args":[{"element-6066-11e4-a52e-4f735466cecf":"677E2F1082485024D61D1C55E4DED670_element_35","ELEMENT":"677E2F1082485024D61D1C55E4DED670_element_35"}]}
COMMAND: POST /session/835d2cf9b0229226d17ebdf58d869db8/element/677E2F1082485024D61D1C55E4DED670_element_35/elements - {"using":"css selector","value":"tbody tr"}
RESULT: {"using":"css selector","value":"tbody tr"}
COMMAND: POST /session/835d2cf9b0229226d17ebdf58d869db8/element/677E2F1082485024D61D1C55E4DED670_element_35/element - {"using":"css selector","value":"thead tr"}
RESULT: {"using":"css selector","value":"thead tr"}
COMMAND: POST /session/835d2cf9b0229226d17ebdf58d869db8/element/677E2F1082485024D61D1C55E4DED670_element_36/elements - {"using":"css selector","value":"th"}
RESULT: {"using":"css selector","value":"th"}
COMMAND: GET /session/835d2cf9b0229226d17ebdf58d869db8/element/677E2F1082485024D61D1C55E4DED670_element_37/text - {}
COMMAND: GET /session/835d2cf9b0229226d17ebdf58d869db8/element/677E2F1082485024D61D1C55E4DED670_element_38/text - {}
COMMAND: GET /session/835d2cf9b0229226d17ebdf58d869db8/element/677E2F1082485024D61D1C55E4DED670_element_40/text - {}
COMMAND: GET /session/835d2cf9b0229226d17ebdf58d869db8/element/677E2F1082485024D61D1C55E4DED670_element_39/text - {}
RESULT: {}
RESULT: {}
RESULT: {}
RESULT: {}
]]></system-out>
      <system-err><![CDATA[
TypeError: Cannot read properties of undefined (reading 'Line item')
    at assertPriceTableData (file:///home/runner/work/di-billing-transaction-monitoring/di-billing-transaction-monitoring/ui-tests/specs/invoice.spec.ts:199:23)
    at validateTableDataWithAssertions (file:///home/runner/work/di-billing-transaction-monitoring/di-billing-transaction-monitoring/ui-tests/specs/invoice.spec.ts:154:5)
    at processTicksAndRejections (node:internal/process/task_queues:96:5)
    at async Context.<anonymous> (file:///home/runner/work/di-billing-transaction-monitoring/di-billing-transaction-monitoring/ui-tests/specs/invoice.spec.ts:114:9)
]]></system-err>
    </testcase>
    <testcase classname="chrome.117_0_5938_132.linux.Invoice_Page_Test.Vendor:_Vendor_Three,Invoice:2005-09" name="should validate measured events table data" time="0.737">
      <failure/>
      <error message="Cannot read properties of undefined (reading 'Line item')"/>
      <system-out><![CDATA[
COMMAND: POST /session/835d2cf9b0229226d17ebdf58d869db8/url - {"url":"https://pr-509.btm.dev.account.gov.uk/contracts/3/invoices/2005-09"}
RESULT: {"url":"https://pr-509.btm.dev.account.gov.uk/contracts/3/invoices/2005-09"}
COMMAND: POST /session/835d2cf9b0229226d17ebdf58d869db8/execute/sync - {"script":"return (() => document.readyState === \"complete\").apply(null, arguments)","args":[]}
RESULT: {"script":"return (() => document.readyState === \"complete\").apply(null, arguments)","args":[]}
COMMAND: GET /session/835d2cf9b0229226d17ebdf58d869db8/url - {}
RESULT: {}
COMMAND: POST /session/835d2cf9b0229226d17ebdf58d869db8/element - {"using":"css selector","value":".govuk-heading-xl"}
RESULT: {"using":"css selector","value":".govuk-heading-xl"}
COMMAND: POST /session/835d2cf9b0229226d17ebdf58d869db8/execute/sync - {"script":"return (function isElementDisplayed(element) {\n    function nodeIsElement(node) {\n        if (!node) {\n            return false;\n        }\n        switch (node.nodeType) {\n            case Node.ELEMEN ... (7807 more bytes)","args":[{"element-6066-11e4-a52e-4f735466cecf":"433DC44E73F8D4BE9FA3D215F6F6F8DE_element_45","ELEMENT":"433DC44E73F8D4BE9FA3D215F6F6F8DE_element_45"}]}
RESULT: {"script":"return (function isElementDisplayed(element) {\n    function nodeIsElement(node) {\n        if (!node) {\n            return false;\n        }\n        switch (node.nodeType) {\n            case Node.ELEMEN ... (7807 more bytes)","args":[{"element-6066-11e4-a52e-4f735466cecf":"433DC44E73F8D4BE9FA3D215F6F6F8DE_element_45","ELEMENT":"433DC44E73F8D4BE9FA3D215F6F6F8DE_element_45"}]}
COMMAND: POST /session/835d2cf9b0229226d17ebdf58d869db8/element - {"using":"css selector","value":".govuk-heading-xl"}
RESULT: {"using":"css selector","value":".govuk-heading-xl"}
COMMAND: GET /session/835d2cf9b0229226d17ebdf58d869db8/element/433DC44E73F8D4BE9FA3D215F6F6F8DE_element_45/text - {}
RESULT: {}
COMMAND: POST /session/835d2cf9b0229226d17ebdf58d869db8/element - {"using":"xpath","value":".//caption[contains(., \"Measured (events)\") and not(.//caption)]"}
RESULT: {"using":"xpath","value":".//caption[contains(., \"Measured (events)\") and not(.//caption)]"}
COMMAND: POST /session/835d2cf9b0229226d17ebdf58d869db8/execute/sync - {"script":"return (function (elem, id) {\n        return (function parentElement() {\n        return this.parentElement;\n    }).call(elem, id);\n    }).apply(null, arguments)","args":[{"element-6066-11e4-a52e-4f735466cecf":"433DC44E73F8D4BE9FA3D215F6F6F8DE_element_46","ELEMENT":"433DC44E73F8D4BE9FA3D215F6F6F8DE_element_46"}]}
RESULT: {"script":"return (function (elem, id) {\n        return (function parentElement() {\n        return this.parentElement;\n    }).call(elem, id);\n    }).apply(null, arguments)","args":[{"element-6066-11e4-a52e-4f735466cecf":"433DC44E73F8D4BE9FA3D215F6F6F8DE_element_46","ELEMENT":"433DC44E73F8D4BE9FA3D215F6F6F8DE_element_46"}]}
COMMAND: POST /session/835d2cf9b0229226d17ebdf58d869db8/execute/sync - {"script":"return (function isElementDisplayed(element) {\n    function nodeIsElement(node) {\n        if (!node) {\n            return false;\n        }\n        switch (node.nodeType) {\n            case Node.ELEMEN ... (7807 more bytes)","args":[{"element-6066-11e4-a52e-4f735466cecf":"433DC44E73F8D4BE9FA3D215F6F6F8DE_element_47","ELEMENT":"433DC44E73F8D4BE9FA3D215F6F6F8DE_element_47"}]}
RESULT: {"script":"return (function isElementDisplayed(element) {\n    function nodeIsElement(node) {\n        if (!node) {\n            return false;\n        }\n        switch (node.nodeType) {\n            case Node.ELEMEN ... (7807 more bytes)","args":[{"element-6066-11e4-a52e-4f735466cecf":"433DC44E73F8D4BE9FA3D215F6F6F8DE_element_47","ELEMENT":"433DC44E73F8D4BE9FA3D215F6F6F8DE_element_47"}]}
COMMAND: POST /session/835d2cf9b0229226d17ebdf58d869db8/element/433DC44E73F8D4BE9FA3D215F6F6F8DE_element_47/elements - {"using":"css selector","value":"tbody tr"}
RESULT: {"using":"css selector","value":"tbody tr"}
COMMAND: POST /session/835d2cf9b0229226d17ebdf58d869db8/element/433DC44E73F8D4BE9FA3D215F6F6F8DE_element_47/element - {"using":"css selector","value":"thead tr"}
RESULT: {"using":"css selector","value":"thead tr"}
COMMAND: POST /session/835d2cf9b0229226d17ebdf58d869db8/element/433DC44E73F8D4BE9FA3D215F6F6F8DE_element_48/elements - {"using":"css selector","value":"th"}
RESULT: {"using":"css selector","value":"th"}
COMMAND: GET /session/835d2cf9b0229226d17ebdf58d869db8/element/433DC44E73F8D4BE9FA3D215F6F6F8DE_element_49/text - {}
COMMAND: GET /session/835d2cf9b0229226d17ebdf58d869db8/element/433DC44E73F8D4BE9FA3D215F6F6F8DE_element_50/text - {}
RESULT: {}
RESULT: {}
]]></system-out>
      <system-err><![CDATA[
TypeError: Cannot read properties of undefined (reading 'Line item')
    at assertMeasuredTableData (file:///home/runner/work/di-billing-transaction-monitoring/di-billing-transaction-monitoring/ui-tests/specs/invoice.spec.ts:212:23)
    at validateTableDataWithAssertions (file:///home/runner/work/di-billing-transaction-monitoring/di-billing-transaction-monitoring/ui-tests/specs/invoice.spec.ts:154:5)
    at processTicksAndRejections (node:internal/process/task_queues:96:5)
    at async Context.<anonymous> (file:///home/runner/work/di-billing-transaction-monitoring/di-billing-transaction-monitoring/ui-tests/specs/invoice.spec.ts:122:9)
]]></system-err>
    </testcase>
    <testcase classname="chrome.117_0_5938_132.linux.Invoice_Page_Test.Vendor:_Vendor_Three,Invoice:2005-09" name="should validate invoice table data" time="2.518">
      <failure/>
      <error message="expect(received).toEqual(expected) // deep equality&#xA;&#xA;Expected: &quot;Address check&quot;&#xA;Received: &quot;Total&quot;"/>
      <system-out><![CDATA[
COMMAND: POST /session/835d2cf9b0229226d17ebdf58d869db8/url - {"url":"https://pr-509.btm.dev.account.gov.uk/contracts/3/invoices/2005-09"}
RESULT: {"url":"https://pr-509.btm.dev.account.gov.uk/contracts/3/invoices/2005-09"}
COMMAND: POST /session/835d2cf9b0229226d17ebdf58d869db8/execute/sync - {"script":"return (() => document.readyState === \"complete\").apply(null, arguments)","args":[]}
RESULT: {"script":"return (() => document.readyState === \"complete\").apply(null, arguments)","args":[]}
COMMAND: GET /session/835d2cf9b0229226d17ebdf58d869db8/url - {}
RESULT: {}
COMMAND: POST /session/835d2cf9b0229226d17ebdf58d869db8/element - {"using":"css selector","value":".govuk-heading-xl"}
RESULT: {"using":"css selector","value":".govuk-heading-xl"}
COMMAND: POST /session/835d2cf9b0229226d17ebdf58d869db8/execute/sync - {"script":"return (function isElementDisplayed(element) {\n    function nodeIsElement(node) {\n        if (!node) {\n            return false;\n        }\n        switch (node.nodeType) {\n            case Node.ELEMEN ... (7807 more bytes)","args":[{"element-6066-11e4-a52e-4f735466cecf":"B7D05035F8155906A7391A55708DC746_element_53","ELEMENT":"B7D05035F8155906A7391A55708DC746_element_53"}]}
RESULT: {"script":"return (function isElementDisplayed(element) {\n    function nodeIsElement(node) {\n        if (!node) {\n            return false;\n        }\n        switch (node.nodeType) {\n            case Node.ELEMEN ... (7807 more bytes)","args":[{"element-6066-11e4-a52e-4f735466cecf":"B7D05035F8155906A7391A55708DC746_element_53","ELEMENT":"B7D05035F8155906A7391A55708DC746_element_53"}]}
COMMAND: POST /session/835d2cf9b0229226d17ebdf58d869db8/element - {"using":"css selector","value":".govuk-heading-xl"}
RESULT: {"using":"css selector","value":".govuk-heading-xl"}
COMMAND: GET /session/835d2cf9b0229226d17ebdf58d869db8/element/B7D05035F8155906A7391A55708DC746_element_53/text - {}
RESULT: {}
COMMAND: POST /session/835d2cf9b0229226d17ebdf58d869db8/element - {"using":"xpath","value":".//caption[contains(., \"Invoice\") and not(.//caption)]"}
RESULT: {"using":"xpath","value":".//caption[contains(., \"Invoice\") and not(.//caption)]"}
COMMAND: POST /session/835d2cf9b0229226d17ebdf58d869db8/execute/sync - {"script":"return (function (elem, id) {\n        return (function parentElement() {\n        return this.parentElement;\n    }).call(elem, id);\n    }).apply(null, arguments)","args":[{"element-6066-11e4-a52e-4f735466cecf":"B7D05035F8155906A7391A55708DC746_element_54","ELEMENT":"B7D05035F8155906A7391A55708DC746_element_54"}]}
RESULT: {"script":"return (function (elem, id) {\n        return (function parentElement() {\n        return this.parentElement;\n    }).call(elem, id);\n    }).apply(null, arguments)","args":[{"element-6066-11e4-a52e-4f735466cecf":"B7D05035F8155906A7391A55708DC746_element_54","ELEMENT":"B7D05035F8155906A7391A55708DC746_element_54"}]}
COMMAND: POST /session/835d2cf9b0229226d17ebdf58d869db8/execute/sync - {"script":"return (function isElementDisplayed(element) {\n    function nodeIsElement(node) {\n        if (!node) {\n            return false;\n        }\n        switch (node.nodeType) {\n            case Node.ELEMEN ... (7807 more bytes)","args":[{"element-6066-11e4-a52e-4f735466cecf":"B7D05035F8155906A7391A55708DC746_element_55","ELEMENT":"B7D05035F8155906A7391A55708DC746_element_55"}]}
RESULT: {"script":"return (function isElementDisplayed(element) {\n    function nodeIsElement(node) {\n        if (!node) {\n            return false;\n        }\n        switch (node.nodeType) {\n            case Node.ELEMEN ... (7807 more bytes)","args":[{"element-6066-11e4-a52e-4f735466cecf":"B7D05035F8155906A7391A55708DC746_element_55","ELEMENT":"B7D05035F8155906A7391A55708DC746_element_55"}]}
COMMAND: POST /session/835d2cf9b0229226d17ebdf58d869db8/element/B7D05035F8155906A7391A55708DC746_element_55/elements - {"using":"css selector","value":"tbody tr"}
RESULT: {"using":"css selector","value":"tbody tr"}
COMMAND: POST /session/835d2cf9b0229226d17ebdf58d869db8/element/B7D05035F8155906A7391A55708DC746_element_55/element - {"using":"css selector","value":"thead tr"}
RESULT: {"using":"css selector","value":"thead tr"}
COMMAND: POST /session/835d2cf9b0229226d17ebdf58d869db8/element/B7D05035F8155906A7391A55708DC746_element_57/elements - {"using":"css selector","value":"th"}
RESULT: {"using":"css selector","value":"th"}
COMMAND: GET /session/835d2cf9b0229226d17ebdf58d869db8/element/B7D05035F8155906A7391A55708DC746_element_58/text - {}
COMMAND: GET /session/835d2cf9b0229226d17ebdf58d869db8/element/B7D05035F8155906A7391A55708DC746_element_59/text - {}
COMMAND: GET /session/835d2cf9b0229226d17ebdf58d869db8/element/B7D05035F8155906A7391A55708DC746_element_61/text - {}
COMMAND: GET /session/835d2cf9b0229226d17ebdf58d869db8/element/B7D05035F8155906A7391A55708DC746_element_60/text - {}
COMMAND: GET /session/835d2cf9b0229226d17ebdf58d869db8/element/B7D05035F8155906A7391A55708DC746_element_62/text - {}
RESULT: {}
RESULT: {}
RESULT: {}
RESULT: {}
RESULT: {}
COMMAND: POST /session/835d2cf9b0229226d17ebdf58d869db8/element/B7D05035F8155906A7391A55708DC746_element_56/elements - {"using":"css selector","value":"th,td"}
RESULT: {"using":"css selector","value":"th,td"}
COMMAND: GET /session/835d2cf9b0229226d17ebdf58d869db8/element/B7D05035F8155906A7391A55708DC746_element_63/text - {}
RESULT: {}
COMMAND: GET /session/835d2cf9b0229226d17ebdf58d869db8/element/B7D05035F8155906A7391A55708DC746_element_64/text - {}
RESULT: {}
COMMAND: GET /session/835d2cf9b0229226d17ebdf58d869db8/element/B7D05035F8155906A7391A55708DC746_element_65/text - {}
RESULT: {}
COMMAND: GET /session/835d2cf9b0229226d17ebdf58d869db8/element/B7D05035F8155906A7391A55708DC746_element_66/text - {}
RESULT: {}
COMMAND: GET /session/835d2cf9b0229226d17ebdf58d869db8/element/B7D05035F8155906A7391A55708DC746_element_67/text - {}
RESULT: {}
]]></system-out>
      <system-err><![CDATA[
Error: expect(received).toEqual(expected) // deep equality

Expected: "Address check"
Received: "Total"
    at expectEqual (file:///home/runner/work/di-billing-transaction-monitoring/di-billing-transaction-monitoring/ui-tests/utils/customTestAssertion.ts:12:20)
    at assertInvoiceTableData (file:///home/runner/work/di-billing-transaction-monitoring/di-billing-transaction-monitoring/ui-tests/specs/invoice.spec.ts:220:3)
    at validateTableDataWithAssertions (file:///home/runner/work/di-billing-transaction-monitoring/di-billing-transaction-monitoring/ui-tests/specs/invoice.spec.ts:154:5)
    at processTicksAndRejections (node:internal/process/task_queues:96:5)
    at async Context.<anonymous> (file:///home/runner/work/di-billing-transaction-monitoring/di-billing-transaction-monitoring/ui-tests/specs/invoice.spec.ts:130:9)
]]></system-err>
    </testcase>
  </testsuite>
  <testsuite name="Vendor Vendor Three Invoice 2023 03" timestamp="2023-10-12T07:59:24" time="6.212" tests="6" failures="6" errors="6" skipped="0">
    <properties>
      <property name="specId" value="0"/>
      <property name="suiteName" value="Vendor: Vendor Three,Invoice:2023-03"/>
      <property name="capabilities" value="chrome.117_0_5938_132.linux"/>
      <property name="file" value="file://./ui-tests/specs/invoice.spec.ts"/>
    </properties>
    <testcase classname="chrome.117_0_5938_132.linux.Invoice_Page_Test.Vendor:_Vendor_Three,Invoice:2023-03" name="should display correct status banner color and message" time="0.597">
      <failure/>
      <error message="expect(received).toEqual(expected) // deep equality&#xA;&#xA;Expected: &quot;Events missing&quot;&#xA;Received: &quot;Invoice and events missing&quot;"/>
      <system-out><![CDATA[
COMMAND: POST /session/835d2cf9b0229226d17ebdf58d869db8/url - {"url":"https://pr-509.btm.dev.account.gov.uk/contracts/3/invoices/2023-03"}
RESULT: {"url":"https://pr-509.btm.dev.account.gov.uk/contracts/3/invoices/2023-03"}
COMMAND: POST /session/835d2cf9b0229226d17ebdf58d869db8/execute/sync - {"script":"return (() => document.readyState === \"complete\").apply(null, arguments)","args":[]}
RESULT: {"script":"return (() => document.readyState === \"complete\").apply(null, arguments)","args":[]}
COMMAND: GET /session/835d2cf9b0229226d17ebdf58d869db8/url - {}
RESULT: {}
COMMAND: POST /session/835d2cf9b0229226d17ebdf58d869db8/element - {"using":"css selector","value":".govuk-heading-xl"}
RESULT: {"using":"css selector","value":".govuk-heading-xl"}
COMMAND: POST /session/835d2cf9b0229226d17ebdf58d869db8/execute/sync - {"script":"return (function isElementDisplayed(element) {\n    function nodeIsElement(node) {\n        if (!node) {\n            return false;\n        }\n        switch (node.nodeType) {\n            case Node.ELEMEN ... (7807 more bytes)","args":[{"element-6066-11e4-a52e-4f735466cecf":"90F7F8C7AD77EF47A22CB71A72DEE11F_element_70","ELEMENT":"90F7F8C7AD77EF47A22CB71A72DEE11F_element_70"}]}
RESULT: {"script":"return (function isElementDisplayed(element) {\n    function nodeIsElement(node) {\n        if (!node) {\n            return false;\n        }\n        switch (node.nodeType) {\n            case Node.ELEMEN ... (7807 more bytes)","args":[{"element-6066-11e4-a52e-4f735466cecf":"90F7F8C7AD77EF47A22CB71A72DEE11F_element_70","ELEMENT":"90F7F8C7AD77EF47A22CB71A72DEE11F_element_70"}]}
COMMAND: POST /session/835d2cf9b0229226d17ebdf58d869db8/element - {"using":"css selector","value":".govuk-heading-xl"}
RESULT: {"using":"css selector","value":".govuk-heading-xl"}
COMMAND: GET /session/835d2cf9b0229226d17ebdf58d869db8/element/90F7F8C7AD77EF47A22CB71A72DEE11F_element_70/text - {}
RESULT: {}
COMMAND: POST /session/835d2cf9b0229226d17ebdf58d869db8/element - {"using":"css selector","value":"h2.govuk-panel__title"}
RESULT: {"using":"css selector","value":"h2.govuk-panel__title"}
COMMAND: POST /session/835d2cf9b0229226d17ebdf58d869db8/execute/sync - {"script":"return (function isElementDisplayed(element) {\n    function nodeIsElement(node) {\n        if (!node) {\n            return false;\n        }\n        switch (node.nodeType) {\n            case Node.ELEMEN ... (7807 more bytes)","args":[{"element-6066-11e4-a52e-4f735466cecf":"90F7F8C7AD77EF47A22CB71A72DEE11F_element_71","ELEMENT":"90F7F8C7AD77EF47A22CB71A72DEE11F_element_71"}]}
RESULT: {"script":"return (function isElementDisplayed(element) {\n    function nodeIsElement(node) {\n        if (!node) {\n            return false;\n        }\n        switch (node.nodeType) {\n            case Node.ELEMEN ... (7807 more bytes)","args":[{"element-6066-11e4-a52e-4f735466cecf":"90F7F8C7AD77EF47A22CB71A72DEE11F_element_71","ELEMENT":"90F7F8C7AD77EF47A22CB71A72DEE11F_element_71"}]}
COMMAND: POST /session/835d2cf9b0229226d17ebdf58d869db8/element - {"using":"css selector","value":"h2.govuk-panel__title"}
RESULT: {"using":"css selector","value":"h2.govuk-panel__title"}
COMMAND: GET /session/835d2cf9b0229226d17ebdf58d869db8/element/90F7F8C7AD77EF47A22CB71A72DEE11F_element_71/text - {}
RESULT: {}
]]></system-out>
      <system-err><![CDATA[
Error: expect(received).toEqual(expected) // deep equality

Expected: "Events missing"
Received: "Invoice and events missing"
    at expectEqual (file:///home/runner/work/di-billing-transaction-monitoring/di-billing-transaction-monitoring/ui-tests/utils/customTestAssertion.ts:12:20)
    at Context.<anonymous> (file:///home/runner/work/di-billing-transaction-monitoring/di-billing-transaction-monitoring/ui-tests/specs/invoice.spec.ts:81:9)
    at runMicrotasks (<anonymous>)
    at processTicksAndRejections (node:internal/process/task_queues:96:5)
]]></system-err>
    </testcase>
    <testcase classname="chrome.117_0_5938_132.linux.Invoice_Page_Test.Vendor:_Vendor_Three,Invoice:2023-03" name="should validate reconciliation table data" time="1.638">
      <failure/>
      <error message="Cannot read properties of undefined (reading 'Line item')"/>
      <system-out><![CDATA[
COMMAND: POST /session/835d2cf9b0229226d17ebdf58d869db8/url - {"url":"https://pr-509.btm.dev.account.gov.uk/contracts/3/invoices/2023-03"}
RESULT: {"url":"https://pr-509.btm.dev.account.gov.uk/contracts/3/invoices/2023-03"}
COMMAND: POST /session/835d2cf9b0229226d17ebdf58d869db8/execute/sync - {"script":"return (() => document.readyState === \"complete\").apply(null, arguments)","args":[]}
RESULT: {"script":"return (() => document.readyState === \"complete\").apply(null, arguments)","args":[]}
COMMAND: GET /session/835d2cf9b0229226d17ebdf58d869db8/url - {}
RESULT: {}
COMMAND: POST /session/835d2cf9b0229226d17ebdf58d869db8/element - {"using":"css selector","value":".govuk-heading-xl"}
RESULT: {"using":"css selector","value":".govuk-heading-xl"}
COMMAND: POST /session/835d2cf9b0229226d17ebdf58d869db8/execute/sync - {"script":"return (function isElementDisplayed(element) {\n    function nodeIsElement(node) {\n        if (!node) {\n            return false;\n        }\n        switch (node.nodeType) {\n            case Node.ELEMEN ... (7807 more bytes)","args":[{"element-6066-11e4-a52e-4f735466cecf":"CCC7DA8F86DB066640FF342E910C5E08_element_74","ELEMENT":"CCC7DA8F86DB066640FF342E910C5E08_element_74"}]}
RESULT: {"script":"return (function isElementDisplayed(element) {\n    function nodeIsElement(node) {\n        if (!node) {\n            return false;\n        }\n        switch (node.nodeType) {\n            case Node.ELEMEN ... (7807 more bytes)","args":[{"element-6066-11e4-a52e-4f735466cecf":"CCC7DA8F86DB066640FF342E910C5E08_element_74","ELEMENT":"CCC7DA8F86DB066640FF342E910C5E08_element_74"}]}
COMMAND: POST /session/835d2cf9b0229226d17ebdf58d869db8/element - {"using":"css selector","value":".govuk-heading-xl"}
RESULT: {"using":"css selector","value":".govuk-heading-xl"}
COMMAND: GET /session/835d2cf9b0229226d17ebdf58d869db8/element/CCC7DA8F86DB066640FF342E910C5E08_element_74/text - {}
RESULT: {}
COMMAND: POST /session/835d2cf9b0229226d17ebdf58d869db8/element - {"using":"xpath","value":".//caption[contains(., \"Reconciliation\") and not(.//caption)]"}
RESULT: {"using":"xpath","value":".//caption[contains(., \"Reconciliation\") and not(.//caption)]"}
COMMAND: POST /session/835d2cf9b0229226d17ebdf58d869db8/execute/sync - {"script":"return (function (elem, id) {\n        return (function parentElement() {\n        return this.parentElement;\n    }).call(elem, id);\n    }).apply(null, arguments)","args":[{"element-6066-11e4-a52e-4f735466cecf":"CCC7DA8F86DB066640FF342E910C5E08_element_75","ELEMENT":"CCC7DA8F86DB066640FF342E910C5E08_element_75"}]}
RESULT: {"script":"return (function (elem, id) {\n        return (function parentElement() {\n        return this.parentElement;\n    }).call(elem, id);\n    }).apply(null, arguments)","args":[{"element-6066-11e4-a52e-4f735466cecf":"CCC7DA8F86DB066640FF342E910C5E08_element_75","ELEMENT":"CCC7DA8F86DB066640FF342E910C5E08_element_75"}]}
COMMAND: POST /session/835d2cf9b0229226d17ebdf58d869db8/execute/sync - {"script":"return (function isElementDisplayed(element) {\n    function nodeIsElement(node) {\n        if (!node) {\n            return false;\n        }\n        switch (node.nodeType) {\n            case Node.ELEMEN ... (7807 more bytes)","args":[{"element-6066-11e4-a52e-4f735466cecf":"CCC7DA8F86DB066640FF342E910C5E08_element_76","ELEMENT":"CCC7DA8F86DB066640FF342E910C5E08_element_76"}]}
RESULT: {"script":"return (function isElementDisplayed(element) {\n    function nodeIsElement(node) {\n        if (!node) {\n            return false;\n        }\n        switch (node.nodeType) {\n            case Node.ELEMEN ... (7807 more bytes)","args":[{"element-6066-11e4-a52e-4f735466cecf":"CCC7DA8F86DB066640FF342E910C5E08_element_76","ELEMENT":"CCC7DA8F86DB066640FF342E910C5E08_element_76"}]}
COMMAND: POST /session/835d2cf9b0229226d17ebdf58d869db8/element/CCC7DA8F86DB066640FF342E910C5E08_element_76/elements - {"using":"css selector","value":"tbody tr"}
RESULT: {"using":"css selector","value":"tbody tr"}
COMMAND: POST /session/835d2cf9b0229226d17ebdf58d869db8/element/CCC7DA8F86DB066640FF342E910C5E08_element_76/element - {"using":"css selector","value":"thead tr"}
RESULT: {"using":"css selector","value":"thead tr"}
COMMAND: POST /session/835d2cf9b0229226d17ebdf58d869db8/element/CCC7DA8F86DB066640FF342E910C5E08_element_77/elements - {"using":"css selector","value":"th"}
RESULT: {"using":"css selector","value":"th"}
COMMAND: GET /session/835d2cf9b0229226d17ebdf58d869db8/element/CCC7DA8F86DB066640FF342E910C5E08_element_78/text - {}
COMMAND: GET /session/835d2cf9b0229226d17ebdf58d869db8/element/CCC7DA8F86DB066640FF342E910C5E08_element_79/text - {}
COMMAND: GET /session/835d2cf9b0229226d17ebdf58d869db8/element/CCC7DA8F86DB066640FF342E910C5E08_element_81/text - {}
COMMAND: GET /session/835d2cf9b0229226d17ebdf58d869db8/element/CCC7DA8F86DB066640FF342E910C5E08_element_80/text - {}
COMMAND: GET /session/835d2cf9b0229226d17ebdf58d869db8/element/CCC7DA8F86DB066640FF342E910C5E08_element_82/text - {}
RESULT: {}
RESULT: {}
RESULT: {}
RESULT: {}
RESULT: {}
]]></system-out>
      <system-err><![CDATA[
TypeError: Cannot read properties of undefined (reading 'Line item')
    at assertReconciliationTableData (file:///home/runner/work/di-billing-transaction-monitoring/di-billing-transaction-monitoring/ui-tests/specs/invoice.spec.ts:162:23)
    at validateTableDataWithAssertions (file:///home/runner/work/di-billing-transaction-monitoring/di-billing-transaction-monitoring/ui-tests/specs/invoice.spec.ts:154:5)
    at runMicrotasks (<anonymous>)
    at processTicksAndRejections (node:internal/process/task_queues:96:5)
    at async Context.<anonymous> (file:///home/runner/work/di-billing-transaction-monitoring/di-billing-transaction-monitoring/ui-tests/specs/invoice.spec.ts:98:9)
]]></system-err>
    </testcase>
    <testcase classname="chrome.117_0_5938_132.linux.Invoice_Page_Test.Vendor:_Vendor_Three,Invoice:2023-03" name="should validate quantity events table data" time="1.1">
      <failure/>
      <error message="Cannot read properties of undefined (reading 'Line item')"/>
      <system-out><![CDATA[
COMMAND: POST /session/835d2cf9b0229226d17ebdf58d869db8/url - {"url":"https://pr-509.btm.dev.account.gov.uk/contracts/3/invoices/2023-03"}
RESULT: {"url":"https://pr-509.btm.dev.account.gov.uk/contracts/3/invoices/2023-03"}
COMMAND: POST /session/835d2cf9b0229226d17ebdf58d869db8/execute/sync - {"script":"return (() => document.readyState === \"complete\").apply(null, arguments)","args":[]}
RESULT: {"script":"return (() => document.readyState === \"complete\").apply(null, arguments)","args":[]}
COMMAND: GET /session/835d2cf9b0229226d17ebdf58d869db8/url - {}
RESULT: {}
COMMAND: POST /session/835d2cf9b0229226d17ebdf58d869db8/element - {"using":"css selector","value":".govuk-heading-xl"}
RESULT: {"using":"css selector","value":".govuk-heading-xl"}
COMMAND: POST /session/835d2cf9b0229226d17ebdf58d869db8/execute/sync - {"script":"return (function isElementDisplayed(element) {\n    function nodeIsElement(node) {\n        if (!node) {\n            return false;\n        }\n        switch (node.nodeType) {\n            case Node.ELEMEN ... (7807 more bytes)","args":[{"element-6066-11e4-a52e-4f735466cecf":"F5E228EBC0F3AC627CAD5F8E08D6FA97_element_85","ELEMENT":"F5E228EBC0F3AC627CAD5F8E08D6FA97_element_85"}]}
RESULT: {"script":"return (function isElementDisplayed(element) {\n    function nodeIsElement(node) {\n        if (!node) {\n            return false;\n        }\n        switch (node.nodeType) {\n            case Node.ELEMEN ... (7807 more bytes)","args":[{"element-6066-11e4-a52e-4f735466cecf":"F5E228EBC0F3AC627CAD5F8E08D6FA97_element_85","ELEMENT":"F5E228EBC0F3AC627CAD5F8E08D6FA97_element_85"}]}
COMMAND: POST /session/835d2cf9b0229226d17ebdf58d869db8/element - {"using":"css selector","value":".govuk-heading-xl"}
RESULT: {"using":"css selector","value":".govuk-heading-xl"}
COMMAND: GET /session/835d2cf9b0229226d17ebdf58d869db8/element/F5E228EBC0F3AC627CAD5F8E08D6FA97_element_85/text - {}
RESULT: {}
COMMAND: POST /session/835d2cf9b0229226d17ebdf58d869db8/element - {"using":"xpath","value":".//caption[contains(., \"Quantity (events)\") and not(.//caption)]"}
RESULT: {"using":"xpath","value":".//caption[contains(., \"Quantity (events)\") and not(.//caption)]"}
COMMAND: POST /session/835d2cf9b0229226d17ebdf58d869db8/execute/sync - {"script":"return (function (elem, id) {\n        return (function parentElement() {\n        return this.parentElement;\n    }).call(elem, id);\n    }).apply(null, arguments)","args":[{"element-6066-11e4-a52e-4f735466cecf":"F5E228EBC0F3AC627CAD5F8E08D6FA97_element_86","ELEMENT":"F5E228EBC0F3AC627CAD5F8E08D6FA97_element_86"}]}
RESULT: {"script":"return (function (elem, id) {\n        return (function parentElement() {\n        return this.parentElement;\n    }).call(elem, id);\n    }).apply(null, arguments)","args":[{"element-6066-11e4-a52e-4f735466cecf":"F5E228EBC0F3AC627CAD5F8E08D6FA97_element_86","ELEMENT":"F5E228EBC0F3AC627CAD5F8E08D6FA97_element_86"}]}
COMMAND: POST /session/835d2cf9b0229226d17ebdf58d869db8/execute/sync - {"script":"return (function isElementDisplayed(element) {\n    function nodeIsElement(node) {\n        if (!node) {\n            return false;\n        }\n        switch (node.nodeType) {\n            case Node.ELEMEN ... (7807 more bytes)","args":[{"element-6066-11e4-a52e-4f735466cecf":"F5E228EBC0F3AC627CAD5F8E08D6FA97_element_87","ELEMENT":"F5E228EBC0F3AC627CAD5F8E08D6FA97_element_87"}]}
RESULT: {"script":"return (function isElementDisplayed(element) {\n    function nodeIsElement(node) {\n        if (!node) {\n            return false;\n        }\n        switch (node.nodeType) {\n            case Node.ELEMEN ... (7807 more bytes)","args":[{"element-6066-11e4-a52e-4f735466cecf":"F5E228EBC0F3AC627CAD5F8E08D6FA97_element_87","ELEMENT":"F5E228EBC0F3AC627CAD5F8E08D6FA97_element_87"}]}
COMMAND: POST /session/835d2cf9b0229226d17ebdf58d869db8/element/F5E228EBC0F3AC627CAD5F8E08D6FA97_element_87/elements - {"using":"css selector","value":"tbody tr"}
RESULT: {"using":"css selector","value":"tbody tr"}
COMMAND: POST /session/835d2cf9b0229226d17ebdf58d869db8/element/F5E228EBC0F3AC627CAD5F8E08D6FA97_element_87/element - {"using":"css selector","value":"thead tr"}
RESULT: {"using":"css selector","value":"thead tr"}
COMMAND: POST /session/835d2cf9b0229226d17ebdf58d869db8/element/F5E228EBC0F3AC627CAD5F8E08D6FA97_element_88/elements - {"using":"css selector","value":"th"}
RESULT: {"using":"css selector","value":"th"}
COMMAND: GET /session/835d2cf9b0229226d17ebdf58d869db8/element/F5E228EBC0F3AC627CAD5F8E08D6FA97_element_89/text - {}
COMMAND: GET /session/835d2cf9b0229226d17ebdf58d869db8/element/F5E228EBC0F3AC627CAD5F8E08D6FA97_element_90/text - {}
COMMAND: GET /session/835d2cf9b0229226d17ebdf58d869db8/element/F5E228EBC0F3AC627CAD5F8E08D6FA97_element_92/text - {}
COMMAND: GET /session/835d2cf9b0229226d17ebdf58d869db8/element/F5E228EBC0F3AC627CAD5F8E08D6FA97_element_91/text - {}
RESULT: {}
RESULT: {}
RESULT: {}
RESULT: {}
]]></system-out>
      <system-err><![CDATA[
TypeError: Cannot read properties of undefined (reading 'Line item')
    at assertQuantityTableData (file:///home/runner/work/di-billing-transaction-monitoring/di-billing-transaction-monitoring/ui-tests/specs/invoice.spec.ts:186:23)
    at validateTableDataWithAssertions (file:///home/runner/work/di-billing-transaction-monitoring/di-billing-transaction-monitoring/ui-tests/specs/invoice.spec.ts:154:5)
    at runMicrotasks (<anonymous>)
    at processTicksAndRejections (node:internal/process/task_queues:96:5)
    at async Context.<anonymous> (file:///home/runner/work/di-billing-transaction-monitoring/di-billing-transaction-monitoring/ui-tests/specs/invoice.spec.ts:106:9)
]]></system-err>
    </testcase>
    <testcase classname="chrome.117_0_5938_132.linux.Invoice_Page_Test.Vendor:_Vendor_Three,Invoice:2023-03" name="should validate price table data" time="1.363">
      <failure/>
      <error message="Cannot read properties of undefined (reading 'Line item')"/>
      <system-out><![CDATA[
COMMAND: POST /session/835d2cf9b0229226d17ebdf58d869db8/url - {"url":"https://pr-509.btm.dev.account.gov.uk/contracts/3/invoices/2023-03"}
RESULT: {"url":"https://pr-509.btm.dev.account.gov.uk/contracts/3/invoices/2023-03"}
COMMAND: POST /session/835d2cf9b0229226d17ebdf58d869db8/execute/sync - {"script":"return (() => document.readyState === \"complete\").apply(null, arguments)","args":[]}
RESULT: {"script":"return (() => document.readyState === \"complete\").apply(null, arguments)","args":[]}
COMMAND: GET /session/835d2cf9b0229226d17ebdf58d869db8/url - {}
RESULT: {}
COMMAND: POST /session/835d2cf9b0229226d17ebdf58d869db8/element - {"using":"css selector","value":".govuk-heading-xl"}
RESULT: {"using":"css selector","value":".govuk-heading-xl"}
COMMAND: POST /session/835d2cf9b0229226d17ebdf58d869db8/execute/sync - {"script":"return (function isElementDisplayed(element) {\n    function nodeIsElement(node) {\n        if (!node) {\n            return false;\n        }\n        switch (node.nodeType) {\n            case Node.ELEMEN ... (7807 more bytes)","args":[{"element-6066-11e4-a52e-4f735466cecf":"C42F82C384B2549733E33F6D3FB48BEF_element_95","ELEMENT":"C42F82C384B2549733E33F6D3FB48BEF_element_95"}]}
RESULT: {"script":"return (function isElementDisplayed(element) {\n    function nodeIsElement(node) {\n        if (!node) {\n            return false;\n        }\n        switch (node.nodeType) {\n            case Node.ELEMEN ... (7807 more bytes)","args":[{"element-6066-11e4-a52e-4f735466cecf":"C42F82C384B2549733E33F6D3FB48BEF_element_95","ELEMENT":"C42F82C384B2549733E33F6D3FB48BEF_element_95"}]}
COMMAND: POST /session/835d2cf9b0229226d17ebdf58d869db8/element - {"using":"css selector","value":".govuk-heading-xl"}
RESULT: {"using":"css selector","value":".govuk-heading-xl"}
COMMAND: GET /session/835d2cf9b0229226d17ebdf58d869db8/element/C42F82C384B2549733E33F6D3FB48BEF_element_95/text - {}
RESULT: {}
COMMAND: POST /session/835d2cf9b0229226d17ebdf58d869db8/element - {"using":"xpath","value":".//caption[contains(., \"Price\") and not(.//caption)]"}
RESULT: {"using":"xpath","value":".//caption[contains(., \"Price\") and not(.//caption)]"}
COMMAND: POST /session/835d2cf9b0229226d17ebdf58d869db8/execute/sync - {"script":"return (function (elem, id) {\n        return (function parentElement() {\n        return this.parentElement;\n    }).call(elem, id);\n    }).apply(null, arguments)","args":[{"element-6066-11e4-a52e-4f735466cecf":"C42F82C384B2549733E33F6D3FB48BEF_element_96","ELEMENT":"C42F82C384B2549733E33F6D3FB48BEF_element_96"}]}
RESULT: {"script":"return (function (elem, id) {\n        return (function parentElement() {\n        return this.parentElement;\n    }).call(elem, id);\n    }).apply(null, arguments)","args":[{"element-6066-11e4-a52e-4f735466cecf":"C42F82C384B2549733E33F6D3FB48BEF_element_96","ELEMENT":"C42F82C384B2549733E33F6D3FB48BEF_element_96"}]}
COMMAND: POST /session/835d2cf9b0229226d17ebdf58d869db8/execute/sync - {"script":"return (function isElementDisplayed(element) {\n    function nodeIsElement(node) {\n        if (!node) {\n            return false;\n        }\n        switch (node.nodeType) {\n            case Node.ELEMEN ... (7807 more bytes)","args":[{"element-6066-11e4-a52e-4f735466cecf":"C42F82C384B2549733E33F6D3FB48BEF_element_97","ELEMENT":"C42F82C384B2549733E33F6D3FB48BEF_element_97"}]}
RESULT: {"script":"return (function isElementDisplayed(element) {\n    function nodeIsElement(node) {\n        if (!node) {\n            return false;\n        }\n        switch (node.nodeType) {\n            case Node.ELEMEN ... (7807 more bytes)","args":[{"element-6066-11e4-a52e-4f735466cecf":"C42F82C384B2549733E33F6D3FB48BEF_element_97","ELEMENT":"C42F82C384B2549733E33F6D3FB48BEF_element_97"}]}
COMMAND: POST /session/835d2cf9b0229226d17ebdf58d869db8/element/C42F82C384B2549733E33F6D3FB48BEF_element_97/elements - {"using":"css selector","value":"tbody tr"}
RESULT: {"using":"css selector","value":"tbody tr"}
COMMAND: POST /session/835d2cf9b0229226d17ebdf58d869db8/element/C42F82C384B2549733E33F6D3FB48BEF_element_97/element - {"using":"css selector","value":"thead tr"}
RESULT: {"using":"css selector","value":"thead tr"}
COMMAND: POST /session/835d2cf9b0229226d17ebdf58d869db8/element/C42F82C384B2549733E33F6D3FB48BEF_element_98/elements - {"using":"css selector","value":"th"}
RESULT: {"using":"css selector","value":"th"}
COMMAND: GET /session/835d2cf9b0229226d17ebdf58d869db8/element/C42F82C384B2549733E33F6D3FB48BEF_element_99/text - {}
COMMAND: GET /session/835d2cf9b0229226d17ebdf58d869db8/element/C42F82C384B2549733E33F6D3FB48BEF_element_100/text - {}
COMMAND: GET /session/835d2cf9b0229226d17ebdf58d869db8/element/C42F82C384B2549733E33F6D3FB48BEF_element_102/text - {}
COMMAND: GET /session/835d2cf9b0229226d17ebdf58d869db8/element/C42F82C384B2549733E33F6D3FB48BEF_element_101/text - {}
RESULT: {}
RESULT: {}
RESULT: {}
RESULT: {}
]]></system-out>
      <system-err><![CDATA[
TypeError: Cannot read properties of undefined (reading 'Line item')
    at assertPriceTableData (file:///home/runner/work/di-billing-transaction-monitoring/di-billing-transaction-monitoring/ui-tests/specs/invoice.spec.ts:199:23)
    at validateTableDataWithAssertions (file:///home/runner/work/di-billing-transaction-monitoring/di-billing-transaction-monitoring/ui-tests/specs/invoice.spec.ts:154:5)
    at runMicrotasks (<anonymous>)
    at processTicksAndRejections (node:internal/process/task_queues:96:5)
    at async Context.<anonymous> (file:///home/runner/work/di-billing-transaction-monitoring/di-billing-transaction-monitoring/ui-tests/specs/invoice.spec.ts:114:9)
]]></system-err>
    </testcase>
    <testcase classname="chrome.117_0_5938_132.linux.Invoice_Page_Test.Vendor:_Vendor_Three,Invoice:2023-03" name="should validate measured events table data" time="0.762">
      <failure/>
      <error message="Cannot read properties of undefined (reading 'Line item')"/>
      <system-out><![CDATA[
COMMAND: POST /session/835d2cf9b0229226d17ebdf58d869db8/url - {"url":"https://pr-509.btm.dev.account.gov.uk/contracts/3/invoices/2023-03"}
RESULT: {"url":"https://pr-509.btm.dev.account.gov.uk/contracts/3/invoices/2023-03"}
COMMAND: POST /session/835d2cf9b0229226d17ebdf58d869db8/execute/sync - {"script":"return (() => document.readyState === \"complete\").apply(null, arguments)","args":[]}
RESULT: {"script":"return (() => document.readyState === \"complete\").apply(null, arguments)","args":[]}
COMMAND: GET /session/835d2cf9b0229226d17ebdf58d869db8/url - {}
RESULT: {}
COMMAND: POST /session/835d2cf9b0229226d17ebdf58d869db8/element - {"using":"css selector","value":".govuk-heading-xl"}
RESULT: {"using":"css selector","value":".govuk-heading-xl"}
COMMAND: POST /session/835d2cf9b0229226d17ebdf58d869db8/execute/sync - {"script":"return (function isElementDisplayed(element) {\n    function nodeIsElement(node) {\n        if (!node) {\n            return false;\n        }\n        switch (node.nodeType) {\n            case Node.ELEMEN ... (7807 more bytes)","args":[{"element-6066-11e4-a52e-4f735466cecf":"E681347C0862D5A8A5136B1E31704F51_element_105","ELEMENT":"E681347C0862D5A8A5136B1E31704F51_element_105"}]}
RESULT: {"script":"return (function isElementDisplayed(element) {\n    function nodeIsElement(node) {\n        if (!node) {\n            return false;\n        }\n        switch (node.nodeType) {\n            case Node.ELEMEN ... (7807 more bytes)","args":[{"element-6066-11e4-a52e-4f735466cecf":"E681347C0862D5A8A5136B1E31704F51_element_105","ELEMENT":"E681347C0862D5A8A5136B1E31704F51_element_105"}]}
COMMAND: POST /session/835d2cf9b0229226d17ebdf58d869db8/element - {"using":"css selector","value":".govuk-heading-xl"}
RESULT: {"using":"css selector","value":".govuk-heading-xl"}
COMMAND: GET /session/835d2cf9b0229226d17ebdf58d869db8/element/E681347C0862D5A8A5136B1E31704F51_element_105/text - {}
RESULT: {}
COMMAND: POST /session/835d2cf9b0229226d17ebdf58d869db8/element - {"using":"xpath","value":".//caption[contains(., \"Measured (events)\") and not(.//caption)]"}
RESULT: {"using":"xpath","value":".//caption[contains(., \"Measured (events)\") and not(.//caption)]"}
COMMAND: POST /session/835d2cf9b0229226d17ebdf58d869db8/execute/sync - {"script":"return (function (elem, id) {\n        return (function parentElement() {\n        return this.parentElement;\n    }).call(elem, id);\n    }).apply(null, arguments)","args":[{"element-6066-11e4-a52e-4f735466cecf":"E681347C0862D5A8A5136B1E31704F51_element_106","ELEMENT":"E681347C0862D5A8A5136B1E31704F51_element_106"}]}
RESULT: {"script":"return (function (elem, id) {\n        return (function parentElement() {\n        return this.parentElement;\n    }).call(elem, id);\n    }).apply(null, arguments)","args":[{"element-6066-11e4-a52e-4f735466cecf":"E681347C0862D5A8A5136B1E31704F51_element_106","ELEMENT":"E681347C0862D5A8A5136B1E31704F51_element_106"}]}
COMMAND: POST /session/835d2cf9b0229226d17ebdf58d869db8/execute/sync - {"script":"return (function isElementDisplayed(element) {\n    function nodeIsElement(node) {\n        if (!node) {\n            return false;\n        }\n        switch (node.nodeType) {\n            case Node.ELEMEN ... (7807 more bytes)","args":[{"element-6066-11e4-a52e-4f735466cecf":"E681347C0862D5A8A5136B1E31704F51_element_107","ELEMENT":"E681347C0862D5A8A5136B1E31704F51_element_107"}]}
RESULT: {"script":"return (function isElementDisplayed(element) {\n    function nodeIsElement(node) {\n        if (!node) {\n            return false;\n        }\n        switch (node.nodeType) {\n            case Node.ELEMEN ... (7807 more bytes)","args":[{"element-6066-11e4-a52e-4f735466cecf":"E681347C0862D5A8A5136B1E31704F51_element_107","ELEMENT":"E681347C0862D5A8A5136B1E31704F51_element_107"}]}
COMMAND: POST /session/835d2cf9b0229226d17ebdf58d869db8/element/E681347C0862D5A8A5136B1E31704F51_element_107/elements - {"using":"css selector","value":"tbody tr"}
RESULT: {"using":"css selector","value":"tbody tr"}
COMMAND: POST /session/835d2cf9b0229226d17ebdf58d869db8/element/E681347C0862D5A8A5136B1E31704F51_element_107/element - {"using":"css selector","value":"thead tr"}
RESULT: {"using":"css selector","value":"thead tr"}
COMMAND: POST /session/835d2cf9b0229226d17ebdf58d869db8/element/E681347C0862D5A8A5136B1E31704F51_element_108/elements - {"using":"css selector","value":"th"}
RESULT: {"using":"css selector","value":"th"}
COMMAND: GET /session/835d2cf9b0229226d17ebdf58d869db8/element/E681347C0862D5A8A5136B1E31704F51_element_109/text - {}
COMMAND: GET /session/835d2cf9b0229226d17ebdf58d869db8/element/E681347C0862D5A8A5136B1E31704F51_element_110/text - {}
RESULT: {}
RESULT: {}
]]></system-out>
      <system-err><![CDATA[
TypeError: Cannot read properties of undefined (reading 'Line item')
    at assertMeasuredTableData (file:///home/runner/work/di-billing-transaction-monitoring/di-billing-transaction-monitoring/ui-tests/specs/invoice.spec.ts:212:23)
    at validateTableDataWithAssertions (file:///home/runner/work/di-billing-transaction-monitoring/di-billing-transaction-monitoring/ui-tests/specs/invoice.spec.ts:154:5)
    at runMicrotasks (<anonymous>)
    at processTicksAndRejections (node:internal/process/task_queues:96:5)
    at async Context.<anonymous> (file:///home/runner/work/di-billing-transaction-monitoring/di-billing-transaction-monitoring/ui-tests/specs/invoice.spec.ts:122:9)
]]></system-err>
    </testcase>
    <testcase classname="chrome.117_0_5938_132.linux.Invoice_Page_Test.Vendor:_Vendor_Three,Invoice:2023-03" name="should validate invoice table data" time="0.748">
      <failure/>
      <error message="expect(received).toEqual(expected) // deep equality&#xA;&#xA;Expected: &quot;Passport check&quot;&#xA;Received: &quot;Total&quot;"/>
      <system-out><![CDATA[
COMMAND: POST /session/835d2cf9b0229226d17ebdf58d869db8/url - {"url":"https://pr-509.btm.dev.account.gov.uk/contracts/3/invoices/2023-03"}
RESULT: {"url":"https://pr-509.btm.dev.account.gov.uk/contracts/3/invoices/2023-03"}
COMMAND: POST /session/835d2cf9b0229226d17ebdf58d869db8/execute/sync - {"script":"return (() => document.readyState === \"complete\").apply(null, arguments)","args":[]}
RESULT: {"script":"return (() => document.readyState === \"complete\").apply(null, arguments)","args":[]}
COMMAND: GET /session/835d2cf9b0229226d17ebdf58d869db8/url - {}
RESULT: {}
COMMAND: POST /session/835d2cf9b0229226d17ebdf58d869db8/element - {"using":"css selector","value":".govuk-heading-xl"}
RESULT: {"using":"css selector","value":".govuk-heading-xl"}
COMMAND: POST /session/835d2cf9b0229226d17ebdf58d869db8/execute/sync - {"script":"return (function isElementDisplayed(element) {\n    function nodeIsElement(node) {\n        if (!node) {\n            return false;\n        }\n        switch (node.nodeType) {\n            case Node.ELEMEN ... (7807 more bytes)","args":[{"element-6066-11e4-a52e-4f735466cecf":"62B9CC655CBE26BBF8A3A58A3088AF62_element_113","ELEMENT":"62B9CC655CBE26BBF8A3A58A3088AF62_element_113"}]}
RESULT: {"script":"return (function isElementDisplayed(element) {\n    function nodeIsElement(node) {\n        if (!node) {\n            return false;\n        }\n        switch (node.nodeType) {\n            case Node.ELEMEN ... (7807 more bytes)","args":[{"element-6066-11e4-a52e-4f735466cecf":"62B9CC655CBE26BBF8A3A58A3088AF62_element_113","ELEMENT":"62B9CC655CBE26BBF8A3A58A3088AF62_element_113"}]}
COMMAND: POST /session/835d2cf9b0229226d17ebdf58d869db8/element - {"using":"css selector","value":".govuk-heading-xl"}
RESULT: {"using":"css selector","value":".govuk-heading-xl"}
COMMAND: GET /session/835d2cf9b0229226d17ebdf58d869db8/element/62B9CC655CBE26BBF8A3A58A3088AF62_element_113/text - {}
RESULT: {}
COMMAND: POST /session/835d2cf9b0229226d17ebdf58d869db8/element - {"using":"xpath","value":".//caption[contains(., \"Invoice\") and not(.//caption)]"}
RESULT: {"using":"xpath","value":".//caption[contains(., \"Invoice\") and not(.//caption)]"}
COMMAND: POST /session/835d2cf9b0229226d17ebdf58d869db8/execute/sync - {"script":"return (function (elem, id) {\n        return (function parentElement() {\n        return this.parentElement;\n    }).call(elem, id);\n    }).apply(null, arguments)","args":[{"element-6066-11e4-a52e-4f735466cecf":"62B9CC655CBE26BBF8A3A58A3088AF62_element_114","ELEMENT":"62B9CC655CBE26BBF8A3A58A3088AF62_element_114"}]}
RESULT: {"script":"return (function (elem, id) {\n        return (function parentElement() {\n        return this.parentElement;\n    }).call(elem, id);\n    }).apply(null, arguments)","args":[{"element-6066-11e4-a52e-4f735466cecf":"62B9CC655CBE26BBF8A3A58A3088AF62_element_114","ELEMENT":"62B9CC655CBE26BBF8A3A58A3088AF62_element_114"}]}
COMMAND: POST /session/835d2cf9b0229226d17ebdf58d869db8/execute/sync - {"script":"return (function isElementDisplayed(element) {\n    function nodeIsElement(node) {\n        if (!node) {\n            return false;\n        }\n        switch (node.nodeType) {\n            case Node.ELEMEN ... (7807 more bytes)","args":[{"element-6066-11e4-a52e-4f735466cecf":"62B9CC655CBE26BBF8A3A58A3088AF62_element_115","ELEMENT":"62B9CC655CBE26BBF8A3A58A3088AF62_element_115"}]}
RESULT: {"script":"return (function isElementDisplayed(element) {\n    function nodeIsElement(node) {\n        if (!node) {\n            return false;\n        }\n        switch (node.nodeType) {\n            case Node.ELEMEN ... (7807 more bytes)","args":[{"element-6066-11e4-a52e-4f735466cecf":"62B9CC655CBE26BBF8A3A58A3088AF62_element_115","ELEMENT":"62B9CC655CBE26BBF8A3A58A3088AF62_element_115"}]}
COMMAND: POST /session/835d2cf9b0229226d17ebdf58d869db8/element/62B9CC655CBE26BBF8A3A58A3088AF62_element_115/elements - {"using":"css selector","value":"tbody tr"}
RESULT: {"using":"css selector","value":"tbody tr"}
COMMAND: POST /session/835d2cf9b0229226d17ebdf58d869db8/element/62B9CC655CBE26BBF8A3A58A3088AF62_element_115/element - {"using":"css selector","value":"thead tr"}
RESULT: {"using":"css selector","value":"thead tr"}
COMMAND: POST /session/835d2cf9b0229226d17ebdf58d869db8/element/62B9CC655CBE26BBF8A3A58A3088AF62_element_117/elements - {"using":"css selector","value":"th"}
RESULT: {"using":"css selector","value":"th"}
COMMAND: GET /session/835d2cf9b0229226d17ebdf58d869db8/element/62B9CC655CBE26BBF8A3A58A3088AF62_element_118/text - {}
COMMAND: GET /session/835d2cf9b0229226d17ebdf58d869db8/element/62B9CC655CBE26BBF8A3A58A3088AF62_element_119/text - {}
COMMAND: GET /session/835d2cf9b0229226d17ebdf58d869db8/element/62B9CC655CBE26BBF8A3A58A3088AF62_element_121/text - {}
COMMAND: GET /session/835d2cf9b0229226d17ebdf58d869db8/element/62B9CC655CBE26BBF8A3A58A3088AF62_element_120/text - {}
COMMAND: GET /session/835d2cf9b0229226d17ebdf58d869db8/element/62B9CC655CBE26BBF8A3A58A3088AF62_element_122/text - {}
RESULT: {}
RESULT: {}
RESULT: {}
RESULT: {}
RESULT: {}
COMMAND: POST /session/835d2cf9b0229226d17ebdf58d869db8/element/62B9CC655CBE26BBF8A3A58A3088AF62_element_116/elements - {"using":"css selector","value":"th,td"}
RESULT: {"using":"css selector","value":"th,td"}
COMMAND: GET /session/835d2cf9b0229226d17ebdf58d869db8/element/62B9CC655CBE26BBF8A3A58A3088AF62_element_123/text - {}
RESULT: {}
COMMAND: GET /session/835d2cf9b0229226d17ebdf58d869db8/element/62B9CC655CBE26BBF8A3A58A3088AF62_element_124/text - {}
RESULT: {}
COMMAND: GET /session/835d2cf9b0229226d17ebdf58d869db8/element/62B9CC655CBE26BBF8A3A58A3088AF62_element_125/text - {}
RESULT: {}
COMMAND: GET /session/835d2cf9b0229226d17ebdf58d869db8/element/62B9CC655CBE26BBF8A3A58A3088AF62_element_126/text - {}
RESULT: {}
COMMAND: GET /session/835d2cf9b0229226d17ebdf58d869db8/element/62B9CC655CBE26BBF8A3A58A3088AF62_element_127/text - {}
RESULT: {}
]]></system-out>
      <system-err><![CDATA[
Error: expect(received).toEqual(expected) // deep equality

Expected: "Passport check"
Received: "Total"
    at expectEqual (file:///home/runner/work/di-billing-transaction-monitoring/di-billing-transaction-monitoring/ui-tests/utils/customTestAssertion.ts:12:20)
    at assertInvoiceTableData (file:///home/runner/work/di-billing-transaction-monitoring/di-billing-transaction-monitoring/ui-tests/specs/invoice.spec.ts:220:3)
    at validateTableDataWithAssertions (file:///home/runner/work/di-billing-transaction-monitoring/di-billing-transaction-monitoring/ui-tests/specs/invoice.spec.ts:154:5)
    at runMicrotasks (<anonymous>)
    at processTicksAndRejections (node:internal/process/task_queues:96:5)
    at async Context.<anonymous> (file:///home/runner/work/di-billing-transaction-monitoring/di-billing-transaction-monitoring/ui-tests/specs/invoice.spec.ts:130:9)
]]></system-err>
    </testcase>
  </testsuite>
  <testsuite name="Vendor Vendor Three Invoice 2005 08" timestamp="2023-10-12T07:59:30" time="4.606" tests="6" failures="6" errors="6" skipped="0">
    <properties>
      <property name="specId" value="0"/>
      <property name="suiteName" value="Vendor: Vendor Three,Invoice:2005-08"/>
      <property name="capabilities" value="chrome.117_0_5938_132.linux"/>
      <property name="file" value="file://./ui-tests/specs/invoice.spec.ts"/>
    </properties>
    <testcase classname="chrome.117_0_5938_132.linux.Invoice_Page_Test.Vendor:_Vendor_Three,Invoice:2005-08" name="should display correct status banner color and message" time="0.536">
      <failure/>
      <error message="expect(received).toEqual(expected) // deep equality&#xA;&#xA;Expected: &quot;Invoice data missing&quot;&#xA;Received: &quot;Invoice and events missing&quot;"/>
      <system-out><![CDATA[
COMMAND: POST /session/835d2cf9b0229226d17ebdf58d869db8/url - {"url":"https://pr-509.btm.dev.account.gov.uk/contracts/3/invoices/2005-08"}
RESULT: {"url":"https://pr-509.btm.dev.account.gov.uk/contracts/3/invoices/2005-08"}
COMMAND: POST /session/835d2cf9b0229226d17ebdf58d869db8/execute/sync - {"script":"return (() => document.readyState === \"complete\").apply(null, arguments)","args":[]}
RESULT: {"script":"return (() => document.readyState === \"complete\").apply(null, arguments)","args":[]}
COMMAND: GET /session/835d2cf9b0229226d17ebdf58d869db8/url - {}
RESULT: {}
COMMAND: POST /session/835d2cf9b0229226d17ebdf58d869db8/element - {"using":"css selector","value":".govuk-heading-xl"}
RESULT: {"using":"css selector","value":".govuk-heading-xl"}
COMMAND: POST /session/835d2cf9b0229226d17ebdf58d869db8/execute/sync - {"script":"return (function isElementDisplayed(element) {\n    function nodeIsElement(node) {\n        if (!node) {\n            return false;\n        }\n        switch (node.nodeType) {\n            case Node.ELEMEN ... (7807 more bytes)","args":[{"element-6066-11e4-a52e-4f735466cecf":"156E463777147DB9B32FF8B13483A0B2_element_130","ELEMENT":"156E463777147DB9B32FF8B13483A0B2_element_130"}]}
RESULT: {"script":"return (function isElementDisplayed(element) {\n    function nodeIsElement(node) {\n        if (!node) {\n            return false;\n        }\n        switch (node.nodeType) {\n            case Node.ELEMEN ... (7807 more bytes)","args":[{"element-6066-11e4-a52e-4f735466cecf":"156E463777147DB9B32FF8B13483A0B2_element_130","ELEMENT":"156E463777147DB9B32FF8B13483A0B2_element_130"}]}
COMMAND: POST /session/835d2cf9b0229226d17ebdf58d869db8/element - {"using":"css selector","value":".govuk-heading-xl"}
RESULT: {"using":"css selector","value":".govuk-heading-xl"}
COMMAND: GET /session/835d2cf9b0229226d17ebdf58d869db8/element/156E463777147DB9B32FF8B13483A0B2_element_130/text - {}
RESULT: {}
COMMAND: POST /session/835d2cf9b0229226d17ebdf58d869db8/element - {"using":"css selector","value":"h2.govuk-panel__title"}
RESULT: {"using":"css selector","value":"h2.govuk-panel__title"}
COMMAND: POST /session/835d2cf9b0229226d17ebdf58d869db8/execute/sync - {"script":"return (function isElementDisplayed(element) {\n    function nodeIsElement(node) {\n        if (!node) {\n            return false;\n        }\n        switch (node.nodeType) {\n            case Node.ELEMEN ... (7807 more bytes)","args":[{"element-6066-11e4-a52e-4f735466cecf":"156E463777147DB9B32FF8B13483A0B2_element_131","ELEMENT":"156E463777147DB9B32FF8B13483A0B2_element_131"}]}
RESULT: {"script":"return (function isElementDisplayed(element) {\n    function nodeIsElement(node) {\n        if (!node) {\n            return false;\n        }\n        switch (node.nodeType) {\n            case Node.ELEMEN ... (7807 more bytes)","args":[{"element-6066-11e4-a52e-4f735466cecf":"156E463777147DB9B32FF8B13483A0B2_element_131","ELEMENT":"156E463777147DB9B32FF8B13483A0B2_element_131"}]}
COMMAND: POST /session/835d2cf9b0229226d17ebdf58d869db8/element - {"using":"css selector","value":"h2.govuk-panel__title"}
RESULT: {"using":"css selector","value":"h2.govuk-panel__title"}
COMMAND: GET /session/835d2cf9b0229226d17ebdf58d869db8/element/156E463777147DB9B32FF8B13483A0B2_element_131/text - {}
RESULT: {}
]]></system-out>
      <system-err><![CDATA[
Error: expect(received).toEqual(expected) // deep equality

Expected: "Invoice data missing"
Received: "Invoice and events missing"
    at expectEqual (file:///home/runner/work/di-billing-transaction-monitoring/di-billing-transaction-monitoring/ui-tests/utils/customTestAssertion.ts:12:20)
    at Context.<anonymous> (file:///home/runner/work/di-billing-transaction-monitoring/di-billing-transaction-monitoring/ui-tests/specs/invoice.spec.ts:81:9)
    at runMicrotasks (<anonymous>)
    at processTicksAndRejections (node:internal/process/task_queues:96:5)
]]></system-err>
    </testcase>
    <testcase classname="chrome.117_0_5938_132.linux.Invoice_Page_Test.Vendor:_Vendor_Three,Invoice:2005-08" name="should validate reconciliation table data" time="0.797">
      <failure/>
      <error message="Cannot read properties of undefined (reading 'Line item')"/>
      <system-out><![CDATA[
COMMAND: POST /session/835d2cf9b0229226d17ebdf58d869db8/url - {"url":"https://pr-509.btm.dev.account.gov.uk/contracts/3/invoices/2005-08"}
RESULT: {"url":"https://pr-509.btm.dev.account.gov.uk/contracts/3/invoices/2005-08"}
COMMAND: POST /session/835d2cf9b0229226d17ebdf58d869db8/execute/sync - {"script":"return (() => document.readyState === \"complete\").apply(null, arguments)","args":[]}
RESULT: {"script":"return (() => document.readyState === \"complete\").apply(null, arguments)","args":[]}
COMMAND: GET /session/835d2cf9b0229226d17ebdf58d869db8/url - {}
RESULT: {}
COMMAND: POST /session/835d2cf9b0229226d17ebdf58d869db8/element - {"using":"css selector","value":".govuk-heading-xl"}
RESULT: {"using":"css selector","value":".govuk-heading-xl"}
COMMAND: POST /session/835d2cf9b0229226d17ebdf58d869db8/execute/sync - {"script":"return (function isElementDisplayed(element) {\n    function nodeIsElement(node) {\n        if (!node) {\n            return false;\n        }\n        switch (node.nodeType) {\n            case Node.ELEMEN ... (7807 more bytes)","args":[{"element-6066-11e4-a52e-4f735466cecf":"FF131FC7D6B51A6E168F1B141A787022_element_134","ELEMENT":"FF131FC7D6B51A6E168F1B141A787022_element_134"}]}
RESULT: {"script":"return (function isElementDisplayed(element) {\n    function nodeIsElement(node) {\n        if (!node) {\n            return false;\n        }\n        switch (node.nodeType) {\n            case Node.ELEMEN ... (7807 more bytes)","args":[{"element-6066-11e4-a52e-4f735466cecf":"FF131FC7D6B51A6E168F1B141A787022_element_134","ELEMENT":"FF131FC7D6B51A6E168F1B141A787022_element_134"}]}
COMMAND: POST /session/835d2cf9b0229226d17ebdf58d869db8/element - {"using":"css selector","value":".govuk-heading-xl"}
RESULT: {"using":"css selector","value":".govuk-heading-xl"}
COMMAND: GET /session/835d2cf9b0229226d17ebdf58d869db8/element/FF131FC7D6B51A6E168F1B141A787022_element_134/text - {}
RESULT: {}
COMMAND: POST /session/835d2cf9b0229226d17ebdf58d869db8/element - {"using":"xpath","value":".//caption[contains(., \"Reconciliation\") and not(.//caption)]"}
RESULT: {"using":"xpath","value":".//caption[contains(., \"Reconciliation\") and not(.//caption)]"}
COMMAND: POST /session/835d2cf9b0229226d17ebdf58d869db8/execute/sync - {"script":"return (function (elem, id) {\n        return (function parentElement() {\n        return this.parentElement;\n    }).call(elem, id);\n    }).apply(null, arguments)","args":[{"element-6066-11e4-a52e-4f735466cecf":"FF131FC7D6B51A6E168F1B141A787022_element_135","ELEMENT":"FF131FC7D6B51A6E168F1B141A787022_element_135"}]}
[...]
COMMAND: POST /session/835d2cf9b0229226d17ebdf58d869db8/element/9CA09B443CB21A7B73B990DB1BB76287_element_1197/elements - {"using":"css selector","value":"th"}
RESULT: {"using":"css selector","value":"th"}
COMMAND: GET /session/835d2cf9b0229226d17ebdf58d869db8/element/9CA09B443CB21A7B73B990DB1BB76287_element_1198/text - {}
COMMAND: GET /session/835d2cf9b0229226d17ebdf58d869db8/element/9CA09B443CB21A7B73B990DB1BB76287_element_1199/text - {}
COMMAND: GET /session/835d2cf9b0229226d17ebdf58d869db8/element/9CA09B443CB21A7B73B990DB1BB76287_element_1201/text - {}
COMMAND: GET /session/835d2cf9b0229226d17ebdf58d869db8/element/9CA09B443CB21A7B73B990DB1BB76287_element_1200/text - {}
RESULT: {}
RESULT: {}
RESULT: {}
RESULT: {}
COMMAND: POST /session/835d2cf9b0229226d17ebdf58d869db8/element/9CA09B443CB21A7B73B990DB1BB76287_element_1196/elements - {"using":"css selector","value":"th,td"}
RESULT: {"using":"css selector","value":"th,td"}
COMMAND: GET /session/835d2cf9b0229226d17ebdf58d869db8/element/9CA09B443CB21A7B73B990DB1BB76287_element_1202/text - {}
RESULT: {}
COMMAND: GET /session/835d2cf9b0229226d17ebdf58d869db8/element/9CA09B443CB21A7B73B990DB1BB76287_element_1203/text - {}
RESULT: {}
COMMAND: GET /session/835d2cf9b0229226d17ebdf58d869db8/element/9CA09B443CB21A7B73B990DB1BB76287_element_1204/text - {}
RESULT: {}
COMMAND: GET /session/835d2cf9b0229226d17ebdf58d869db8/element/9CA09B443CB21A7B73B990DB1BB76287_element_1205/text - {}
RESULT: {}
]]></system-out>
    </testcase>
    <testcase classname="chrome.117_0_5938_132.linux.Invoice_Page_Test.Vendor:_Vendor_Six,Invoice:2005-Q2" name="should validate price table data" time="0.804">
      <system-out><![CDATA[
COMMAND: POST /session/835d2cf9b0229226d17ebdf58d869db8/url - {"url":"https://pr-509.btm.dev.account.gov.uk/contracts/6/invoices/2005-q2"}
RESULT: {"url":"https://pr-509.btm.dev.account.gov.uk/contracts/6/invoices/2005-q2"}
COMMAND: POST /session/835d2cf9b0229226d17ebdf58d869db8/execute/sync - {"script":"return (() => document.readyState === \"complete\").apply(null, arguments)","args":[]}
RESULT: {"script":"return (() => document.readyState === \"complete\").apply(null, arguments)","args":[]}
COMMAND: GET /session/835d2cf9b0229226d17ebdf58d869db8/url - {}
RESULT: {}
COMMAND: POST /session/835d2cf9b0229226d17ebdf58d869db8/element - {"using":"css selector","value":".govuk-heading-xl"}
RESULT: {"using":"css selector","value":".govuk-heading-xl"}
COMMAND: POST /session/835d2cf9b0229226d17ebdf58d869db8/execute/sync - {"script":"return (function isElementDisplayed(element) {\n    function nodeIsElement(node) {\n        if (!node) {\n            return false;\n        }\n        switch (node.nodeType) {\n            case Node.ELEMEN ... (7807 more bytes)","args":[{"element-6066-11e4-a52e-4f735466cecf":"68786CADD41DD62CFC14332AB58AD2D1_element_1208","ELEMENT":"68786CADD41DD62CFC14332AB58AD2D1_element_1208"}]}
RESULT: {"script":"return (function isElementDisplayed(element) {\n    function nodeIsElement(node) {\n        if (!node) {\n            return false;\n        }\n        switch (node.nodeType) {\n            case Node.ELEMEN ... (7807 more bytes)","args":[{"element-6066-11e4-a52e-4f735466cecf":"68786CADD41DD62CFC14332AB58AD2D1_element_1208","ELEMENT":"68786CADD41DD62CFC14332AB58AD2D1_element_1208"}]}
COMMAND: POST /session/835d2cf9b0229226d17ebdf58d869db8/element - {"using":"css selector","value":".govuk-heading-xl"}
RESULT: {"using":"css selector","value":".govuk-heading-xl"}
COMMAND: GET /session/835d2cf9b0229226d17ebdf58d869db8/element/68786CADD41DD62CFC14332AB58AD2D1_element_1208/text - {}
RESULT: {}
COMMAND: POST /session/835d2cf9b0229226d17ebdf58d869db8/element - {"using":"xpath","value":".//caption[contains(., \"Price\") and not(.//caption)]"}
RESULT: {"using":"xpath","value":".//caption[contains(., \"Price\") and not(.//caption)]"}
COMMAND: POST /session/835d2cf9b0229226d17ebdf58d869db8/execute/sync - {"script":"return (function (elem, id) {\n        return (function parentElement() {\n        return this.parentElement;\n    }).call(elem, id);\n    }).apply(null, arguments)","args":[{"element-6066-11e4-a52e-4f735466cecf":"68786CADD41DD62CFC14332AB58AD2D1_element_1209","ELEMENT":"68786CADD41DD62CFC14332AB58AD2D1_element_1209"}]}
RESULT: {"script":"return (function (elem, id) {\n        return (function parentElement() {\n        return this.parentElement;\n    }).call(elem, id);\n    }).apply(null, arguments)","args":[{"element-6066-11e4-a52e-4f735466cecf":"68786CADD41DD62CFC14332AB58AD2D1_element_1209","ELEMENT":"68786CADD41DD62CFC14332AB58AD2D1_element_1209"}]}
COMMAND: POST /session/835d2cf9b0229226d17ebdf58d869db8/execute/sync - {"script":"return (function isElementDisplayed(element) {\n    function nodeIsElement(node) {\n        if (!node) {\n            return false;\n        }\n        switch (node.nodeType) {\n            case Node.ELEMEN ... (7807 more bytes)","args":[{"element-6066-11e4-a52e-4f735466cecf":"68786CADD41DD62CFC14332AB58AD2D1_element_1210","ELEMENT":"68786CADD41DD62CFC14332AB58AD2D1_element_1210"}]}
RESULT: {"script":"return (function isElementDisplayed(element) {\n    function nodeIsElement(node) {\n        if (!node) {\n            return false;\n        }\n        switch (node.nodeType) {\n            case Node.ELEMEN ... (7807 more bytes)","args":[{"element-6066-11e4-a52e-4f735466cecf":"68786CADD41DD62CFC14332AB58AD2D1_element_1210","ELEMENT":"68786CADD41DD62CFC14332AB58AD2D1_element_1210"}]}
COMMAND: POST /session/835d2cf9b0229226d17ebdf58d869db8/element/68786CADD41DD62CFC14332AB58AD2D1_element_1210/elements - {"using":"css selector","value":"tbody tr"}
RESULT: {"using":"css selector","value":"tbody tr"}
COMMAND: POST /session/835d2cf9b0229226d17ebdf58d869db8/element/68786CADD41DD62CFC14332AB58AD2D1_element_1210/element - {"using":"css selector","value":"thead tr"}
RESULT: {"using":"css selector","value":"thead tr"}
COMMAND: POST /session/835d2cf9b0229226d17ebdf58d869db8/element/68786CADD41DD62CFC14332AB58AD2D1_element_1212/elements - {"using":"css selector","value":"th"}
RESULT: {"using":"css selector","value":"th"}
COMMAND: GET /session/835d2cf9b0229226d17ebdf58d869db8/element/68786CADD41DD62CFC14332AB58AD2D1_element_1213/text - {}
COMMAND: GET /session/835d2cf9b0229226d17ebdf58d869db8/element/68786CADD41DD62CFC14332AB58AD2D1_element_1214/text - {}
COMMAND: GET /session/835d2cf9b0229226d17ebdf58d869db8/element/68786CADD41DD62CFC14332AB58AD2D1_element_1216/text - {}
COMMAND: GET /session/835d2cf9b0229226d17ebdf58d869db8/element/68786CADD41DD62CFC14332AB58AD2D1_element_1215/text - {}
RESULT: {}
RESULT: {}
RESULT: {}
RESULT: {}
COMMAND: POST /session/835d2cf9b0229226d17ebdf58d869db8/element/68786CADD41DD62CFC14332AB58AD2D1_element_1211/elements - {"using":"css selector","value":"th,td"}
RESULT: {"using":"css selector","value":"th,td"}
COMMAND: GET /session/835d2cf9b0229226d17ebdf58d869db8/element/68786CADD41DD62CFC14332AB58AD2D1_element_1217/text - {}
RESULT: {}
COMMAND: GET /session/835d2cf9b0229226d17ebdf58d869db8/element/68786CADD41DD62CFC14332AB58AD2D1_element_1218/text - {}
RESULT: {}
COMMAND: GET /session/835d2cf9b0229226d17ebdf58d869db8/element/68786CADD41DD62CFC14332AB58AD2D1_element_1219/text - {}
RESULT: {}
COMMAND: GET /session/835d2cf9b0229226d17ebdf58d869db8/element/68786CADD41DD62CFC14332AB58AD2D1_element_1220/text - {}
RESULT: {}
]]></system-out>
    </testcase>
    <testcase classname="chrome.117_0_5938_132.linux.Invoice_Page_Test.Vendor:_Vendor_Six,Invoice:2005-Q2" name="should validate measured events table data" time="0.639">
      <system-out><![CDATA[
COMMAND: POST /session/835d2cf9b0229226d17ebdf58d869db8/url - {"url":"https://pr-509.btm.dev.account.gov.uk/contracts/6/invoices/2005-q2"}
RESULT: {"url":"https://pr-509.btm.dev.account.gov.uk/contracts/6/invoices/2005-q2"}
COMMAND: POST /session/835d2cf9b0229226d17ebdf58d869db8/execute/sync - {"script":"return (() => document.readyState === \"complete\").apply(null, arguments)","args":[]}
RESULT: {"script":"return (() => document.readyState === \"complete\").apply(null, arguments)","args":[]}
COMMAND: GET /session/835d2cf9b0229226d17ebdf58d869db8/url - {}
RESULT: {}
COMMAND: POST /session/835d2cf9b0229226d17ebdf58d869db8/element - {"using":"css selector","value":".govuk-heading-xl"}
RESULT: {"using":"css selector","value":".govuk-heading-xl"}
COMMAND: POST /session/835d2cf9b0229226d17ebdf58d869db8/execute/sync - {"script":"return (function isElementDisplayed(element) {\n    function nodeIsElement(node) {\n        if (!node) {\n            return false;\n        }\n        switch (node.nodeType) {\n            case Node.ELEMEN ... (7807 more bytes)","args":[{"element-6066-11e4-a52e-4f735466cecf":"85D4CF09036FFE2B4BE1C39F1C700DD0_element_1223","ELEMENT":"85D4CF09036FFE2B4BE1C39F1C700DD0_element_1223"}]}
RESULT: {"script":"return (function isElementDisplayed(element) {\n    function nodeIsElement(node) {\n        if (!node) {\n            return false;\n        }\n        switch (node.nodeType) {\n            case Node.ELEMEN ... (7807 more bytes)","args":[{"element-6066-11e4-a52e-4f735466cecf":"85D4CF09036FFE2B4BE1C39F1C700DD0_element_1223","ELEMENT":"85D4CF09036FFE2B4BE1C39F1C700DD0_element_1223"}]}
COMMAND: POST /session/835d2cf9b0229226d17ebdf58d869db8/element - {"using":"css selector","value":".govuk-heading-xl"}
RESULT: {"using":"css selector","value":".govuk-heading-xl"}
COMMAND: GET /session/835d2cf9b0229226d17ebdf58d869db8/element/85D4CF09036FFE2B4BE1C39F1C700DD0_element_1223/text - {}
RESULT: {}
COMMAND: POST /session/835d2cf9b0229226d17ebdf58d869db8/element - {"using":"xpath","value":".//caption[contains(., \"Measured (events)\") and not(.//caption)]"}
RESULT: {"using":"xpath","value":".//caption[contains(., \"Measured (events)\") and not(.//caption)]"}
COMMAND: POST /session/835d2cf9b0229226d17ebdf58d869db8/execute/sync - {"script":"return (function (elem, id) {\n        return (function parentElement() {\n        return this.parentElement;\n    }).call(elem, id);\n    }).apply(null, arguments)","args":[{"element-6066-11e4-a52e-4f735466cecf":"85D4CF09036FFE2B4BE1C39F1C700DD0_element_1224","ELEMENT":"85D4CF09036FFE2B4BE1C39F1C700DD0_element_1224"}]}
RESULT: {"script":"return (function (elem, id) {\n        return (function parentElement() {\n        return this.parentElement;\n    }).call(elem, id);\n    }).apply(null, arguments)","args":[{"element-6066-11e4-a52e-4f735466cecf":"85D4CF09036FFE2B4BE1C39F1C700DD0_element_1224","ELEMENT":"85D4CF09036FFE2B4BE1C39F1C700DD0_element_1224"}]}
COMMAND: POST /session/835d2cf9b0229226d17ebdf58d869db8/execute/sync - {"script":"return (function isElementDisplayed(element) {\n    function nodeIsElement(node) {\n        if (!node) {\n            return false;\n        }\n        switch (node.nodeType) {\n            case Node.ELEMEN ... (7807 more bytes)","args":[{"element-6066-11e4-a52e-4f735466cecf":"85D4CF09036FFE2B4BE1C39F1C700DD0_element_1225","ELEMENT":"85D4CF09036FFE2B4BE1C39F1C700DD0_element_1225"}]}
RESULT: {"script":"return (function isElementDisplayed(element) {\n    function nodeIsElement(node) {\n        if (!node) {\n            return false;\n        }\n        switch (node.nodeType) {\n            case Node.ELEMEN ... (7807 more bytes)","args":[{"element-6066-11e4-a52e-4f735466cecf":"85D4CF09036FFE2B4BE1C39F1C700DD0_element_1225","ELEMENT":"85D4CF09036FFE2B4BE1C39F1C700DD0_element_1225"}]}
COMMAND: POST /session/835d2cf9b0229226d17ebdf58d869db8/element/85D4CF09036FFE2B4BE1C39F1C700DD0_element_1225/elements - {"using":"css selector","value":"tbody tr"}
RESULT: {"using":"css selector","value":"tbody tr"}
COMMAND: POST /session/835d2cf9b0229226d17ebdf58d869db8/element/85D4CF09036FFE2B4BE1C39F1C700DD0_element_1225/element - {"using":"css selector","value":"thead tr"}
RESULT: {"using":"css selector","value":"thead tr"}
COMMAND: POST /session/835d2cf9b0229226d17ebdf58d869db8/element/85D4CF09036FFE2B4BE1C39F1C700DD0_element_1227/elements - {"using":"css selector","value":"th"}
RESULT: {"using":"css selector","value":"th"}
COMMAND: GET /session/835d2cf9b0229226d17ebdf58d869db8/element/85D4CF09036FFE2B4BE1C39F1C700DD0_element_1228/text - {}
COMMAND: GET /session/835d2cf9b0229226d17ebdf58d869db8/element/85D4CF09036FFE2B4BE1C39F1C700DD0_element_1229/text - {}
RESULT: {}
RESULT: {}
COMMAND: POST /session/835d2cf9b0229226d17ebdf58d869db8/element/85D4CF09036FFE2B4BE1C39F1C700DD0_element_1226/elements - {"using":"css selector","value":"th,td"}
RESULT: {"using":"css selector","value":"th,td"}
COMMAND: GET /session/835d2cf9b0229226d17ebdf58d869db8/element/85D4CF09036FFE2B4BE1C39F1C700DD0_element_1230/text - {}
RESULT: {}
COMMAND: GET /session/835d2cf9b0229226d17ebdf58d869db8/element/85D4CF09036FFE2B4BE1C39F1C700DD0_element_1231/text - {}
RESULT: {}
]]></system-out>
    </testcase>
    <testcase classname="chrome.117_0_5938_132.linux.Invoice_Page_Test.Vendor:_Vendor_Six,Invoice:2005-Q2" name="should validate invoice table data" time="0.817">
      <system-out><![CDATA[
COMMAND: POST /session/835d2cf9b0229226d17ebdf58d869db8/url - {"url":"https://pr-509.btm.dev.account.gov.uk/contracts/6/invoices/2005-q2"}
RESULT: {"url":"https://pr-509.btm.dev.account.gov.uk/contracts/6/invoices/2005-q2"}
COMMAND: POST /session/835d2cf9b0229226d17ebdf58d869db8/execute/sync - {"script":"return (() => document.readyState === \"complete\").apply(null, arguments)","args":[]}
RESULT: {"script":"return (() => document.readyState === \"complete\").apply(null, arguments)","args":[]}
COMMAND: GET /session/835d2cf9b0229226d17ebdf58d869db8/url - {}
RESULT: {}
COMMAND: POST /session/835d2cf9b0229226d17ebdf58d869db8/element - {"using":"css selector","value":".govuk-heading-xl"}
RESULT: {"using":"css selector","value":".govuk-heading-xl"}
COMMAND: POST /session/835d2cf9b0229226d17ebdf58d869db8/execute/sync - {"script":"return (function isElementDisplayed(element) {\n    function nodeIsElement(node) {\n        if (!node) {\n            return false;\n        }\n        switch (node.nodeType) {\n            case Node.ELEMEN ... (7807 more bytes)","args":[{"element-6066-11e4-a52e-4f735466cecf":"2C067019A137EEF291BF412E69F536CD_element_1234","ELEMENT":"2C067019A137EEF291BF412E69F536CD_element_1234"}]}
RESULT: {"script":"return (function isElementDisplayed(element) {\n    function nodeIsElement(node) {\n        if (!node) {\n            return false;\n        }\n        switch (node.nodeType) {\n            case Node.ELEMEN ... (7807 more bytes)","args":[{"element-6066-11e4-a52e-4f735466cecf":"2C067019A137EEF291BF412E69F536CD_element_1234","ELEMENT":"2C067019A137EEF291BF412E69F536CD_element_1234"}]}
COMMAND: POST /session/835d2cf9b0229226d17ebdf58d869db8/element - {"using":"css selector","value":".govuk-heading-xl"}
RESULT: {"using":"css selector","value":".govuk-heading-xl"}
COMMAND: GET /session/835d2cf9b0229226d17ebdf58d869db8/element/2C067019A137EEF291BF412E69F536CD_element_1234/text - {}
RESULT: {}
COMMAND: POST /session/835d2cf9b0229226d17ebdf58d869db8/element - {"using":"xpath","value":".//caption[contains(., \"Invoice\") and not(.//caption)]"}
RESULT: {"using":"xpath","value":".//caption[contains(., \"Invoice\") and not(.//caption)]"}
COMMAND: POST /session/835d2cf9b0229226d17ebdf58d869db8/execute/sync - {"script":"return (function (elem, id) {\n        return (function parentElement() {\n        return this.parentElement;\n    }).call(elem, id);\n    }).apply(null, arguments)","args":[{"element-6066-11e4-a52e-4f735466cecf":"2C067019A137EEF291BF412E69F536CD_element_1235","ELEMENT":"2C067019A137EEF291BF412E69F536CD_element_1235"}]}
RESULT: {"script":"return (function (elem, id) {\n        return (function parentElement() {\n        return this.parentElement;\n    }).call(elem, id);\n    }).apply(null, arguments)","args":[{"element-6066-11e4-a52e-4f735466cecf":"2C067019A137EEF291BF412E69F536CD_element_1235","ELEMENT":"2C067019A137EEF291BF412E69F536CD_element_1235"}]}
COMMAND: POST /session/835d2cf9b0229226d17ebdf58d869db8/execute/sync - {"script":"return (function isElementDisplayed(element) {\n    function nodeIsElement(node) {\n        if (!node) {\n            return false;\n        }\n        switch (node.nodeType) {\n            case Node.ELEMEN ... (7807 more bytes)","args":[{"element-6066-11e4-a52e-4f735466cecf":"2C067019A137EEF291BF412E69F536CD_element_1236","ELEMENT":"2C067019A137EEF291BF412E69F536CD_element_1236"}]}
RESULT: {"script":"return (function isElementDisplayed(element) {\n    function nodeIsElement(node) {\n        if (!node) {\n            return false;\n        }\n        switch (node.nodeType) {\n            case Node.ELEMEN ... (7807 more bytes)","args":[{"element-6066-11e4-a52e-4f735466cecf":"2C067019A137EEF291BF412E69F536CD_element_1236","ELEMENT":"2C067019A137EEF291BF412E69F536CD_element_1236"}]}
COMMAND: POST /session/835d2cf9b0229226d17ebdf58d869db8/element/2C067019A137EEF291BF412E69F536CD_element_1236/elements - {"using":"css selector","value":"tbody tr"}
RESULT: {"using":"css selector","value":"tbody tr"}
COMMAND: POST /session/835d2cf9b0229226d17ebdf58d869db8/element/2C067019A137EEF291BF412E69F536CD_element_1236/element - {"using":"css selector","value":"thead tr"}
RESULT: {"using":"css selector","value":"thead tr"}
COMMAND: POST /session/835d2cf9b0229226d17ebdf58d869db8/element/2C067019A137EEF291BF412E69F536CD_element_1239/elements - {"using":"css selector","value":"th"}
RESULT: {"using":"css selector","value":"th"}
COMMAND: GET /session/835d2cf9b0229226d17ebdf58d869db8/element/2C067019A137EEF291BF412E69F536CD_element_1240/text - {}
COMMAND: GET /session/835d2cf9b0229226d17ebdf58d869db8/element/2C067019A137EEF291BF412E69F536CD_element_1241/text - {}
COMMAND: GET /session/835d2cf9b0229226d17ebdf58d869db8/element/2C067019A137EEF291BF412E69F536CD_element_1243/text - {}
COMMAND: GET /session/835d2cf9b0229226d17ebdf58d869db8/element/2C067019A137EEF291BF412E69F536CD_element_1242/text - {}
COMMAND: GET /session/835d2cf9b0229226d17ebdf58d869db8/element/2C067019A137EEF291BF412E69F536CD_element_1244/text - {}
RESULT: {}
RESULT: {}
RESULT: {}
RESULT: {}
RESULT: {}
COMMAND: POST /session/835d2cf9b0229226d17ebdf58d869db8/element/2C067019A137EEF291BF412E69F536CD_element_1237/elements - {"using":"css selector","value":"th,td"}
RESULT: {"using":"css selector","value":"th,td"}
COMMAND: GET /session/835d2cf9b0229226d17ebdf58d869db8/element/2C067019A137EEF291BF412E69F536CD_element_1245/text - {}
RESULT: {}
COMMAND: GET /session/835d2cf9b0229226d17ebdf58d869db8/element/2C067019A137EEF291BF412E69F536CD_element_1246/text - {}
RESULT: {}
COMMAND: GET /session/835d2cf9b0229226d17ebdf58d869db8/element/2C067019A137EEF291BF412E69F536CD_element_1247/text - {}
RESULT: {}
COMMAND: GET /session/835d2cf9b0229226d17ebdf58d869db8/element/2C067019A137EEF291BF412E69F536CD_element_1248/text - {}
RESULT: {}
COMMAND: GET /session/835d2cf9b0229226d17ebdf58d869db8/element/2C067019A137EEF291BF412E69F536CD_element_1249/text - {}
RESULT: {}
COMMAND: POST /session/835d2cf9b0229226d17ebdf58d869db8/element/2C067019A137EEF291BF412E69F536CD_element_1238/elements - {"using":"css selector","value":"th,td"}
RESULT: {"using":"css selector","value":"th,td"}
COMMAND: GET /session/835d2cf9b0229226d17ebdf58d869db8/element/2C067019A137EEF291BF412E69F536CD_element_1250/text - {}
RESULT: {}
COMMAND: GET /session/835d2cf9b0229226d17ebdf58d869db8/element/2C067019A137EEF291BF412E69F536CD_element_1251/text - {}
RESULT: {}
COMMAND: GET /session/835d2cf9b0229226d17ebdf58d869db8/element/2C067019A137EEF291BF412E69F536CD_element_1252/text - {}
RESULT: {}
COMMAND: GET /session/835d2cf9b0229226d17ebdf58d869db8/element/2C067019A137EEF291BF412E69F536CD_element_1253/text - {}
RESULT: {}
COMMAND: GET /session/835d2cf9b0229226d17ebdf58d869db8/element/2C067019A137EEF291BF412E69F536CD_element_1254/text - {}
RESULT: {}
COMMAND: DELETE /session/835d2cf9b0229226d17ebdf58d869db8 - {}
RESULT: {}
]]></system-out>
    </testcase>
  </testsuite>
</testsuites>