<?xml version="1.0" encoding="UTF-8"?>
<testsuites>
  <testsuite name="Invoice Page Test" timestamp="2023-10-10T11:17:03" time="157.159" tests="0" failures="0" errors="0" skipped="0">
    <properties>
      <property name="specId" value="0"/>
      <property name="suiteName" value="Invoice Page Test"/>
      <property name="capabilities" value="chrome.117_0_5938_132.linux"/>
      <property name="file" value="file://./ui-tests/specs/invoice.spec.ts"/>
    </properties>
  </testsuite>
  <testsuite name="Vendor Vendor Three Invoice 2005 09" timestamp="2023-10-10T11:17:03" time="9.622" tests="2" failures="1" errors="1" skipped="1">
    <properties>
      <property name="specId" value="0"/>
      <property name="suiteName" value="Vendor: Vendor Three,Invoice:2005-09"/>
      <property name="capabilities" value="chrome.117_0_5938_132.linux"/>
      <property name="file" value="file://./ui-tests/specs/invoice.spec.ts"/>
    </properties>
    <testcase classname="chrome.117_0_5938_132.linux.Invoice_Page_Test.Vendor:_Vendor_Three,Invoice:2005-09" name="should display correct status banner color and message" time="0">
      <skipped/>
      <system-out><![CDATA[
COMMAND: POST /session/7c6658c06b74e283d8894d08fa029f5c/url - {"url":"https://ephenv-lazar.btm.dev.account.gov.uk/contracts/3/invoices/2005-09"}
RESULT: {"url":"https://ephenv-lazar.btm.dev.account.gov.uk/contracts/3/invoices/2005-09"}
COMMAND: POST /session/7c6658c06b74e283d8894d08fa029f5c/execute/sync - {"script":"return (() => document.readyState === \"complete\").apply(null, arguments)","args":[]}
RESULT: {"script":"return (() => document.readyState === \"complete\").apply(null, arguments)","args":[]}
COMMAND: GET /session/7c6658c06b74e283d8894d08fa029f5c/url - {}
RESULT: {}
COMMAND: POST /session/7c6658c06b74e283d8894d08fa029f5c/element - {"using":"css selector","value":".govuk-heading-xl"}
RESULT: {"using":"css selector","value":".govuk-heading-xl"}
COMMAND: POST /session/7c6658c06b74e283d8894d08fa029f5c/element - {"using":"css selector","value":".govuk-heading-xl"}
RESULT: {"using":"css selector","value":".govuk-heading-xl"}
COMMAND: POST /session/7c6658c06b74e283d8894d08fa029f5c/element - {"using":"css selector","value":".govuk-heading-xl"}
RESULT: {"using":"css selector","value":".govuk-heading-xl"}
COMMAND: POST /session/7c6658c06b74e283d8894d08fa029f5c/element - {"using":"css selector","value":".govuk-heading-xl"}
RESULT: {"using":"css selector","value":".govuk-heading-xl"}
COMMAND: POST /session/7c6658c06b74e283d8894d08fa029f5c/element - {"using":"css selector","value":".govuk-heading-xl"}
RESULT: {"using":"css selector","value":".govuk-heading-xl"}
COMMAND: POST /session/7c6658c06b74e283d8894d08fa029f5c/element - {"using":"css selector","value":".govuk-heading-xl"}
RESULT: {"using":"css selector","value":".govuk-heading-xl"}
COMMAND: POST /session/7c6658c06b74e283d8894d08fa029f5c/element - {"using":"css selector","value":".govuk-heading-xl"}
RESULT: {"using":"css selector","value":".govuk-heading-xl"}
COMMAND: POST /session/7c6658c06b74e283d8894d08fa029f5c/element - {"using":"css selector","value":".govuk-heading-xl"}
RESULT: {"using":"css selector","value":".govuk-heading-xl"}
COMMAND: POST /session/7c6658c06b74e283d8894d08fa029f5c/element - {"using":"css selector","value":".govuk-heading-xl"}
RESULT: {"using":"css selector","value":".govuk-heading-xl"}
COMMAND: POST /session/7c6658c06b74e283d8894d08fa029f5c/element - {"using":"css selector","value":".govuk-heading-xl"}
RESULT: {"using":"css selector","value":".govuk-heading-xl"}
COMMAND: POST /session/7c6658c06b74e283d8894d08fa029f5c/element - {"using":"css selector","value":".govuk-heading-xl"}
RESULT: {"using":"css selector","value":".govuk-heading-xl"}
COMMAND: POST /session/7c6658c06b74e283d8894d08fa029f5c/element - {"using":"css selector","value":".govuk-heading-xl"}
RESULT: {"using":"css selector","value":".govuk-heading-xl"}
COMMAND: POST /session/7c6658c06b74e283d8894d08fa029f5c/element - {"using":"css selector","value":".govuk-heading-xl"}
RESULT: {"using":"css selector","value":".govuk-heading-xl"}
COMMAND: POST /session/7c6658c06b74e283d8894d08fa029f5c/element - {"using":"css selector","value":".govuk-heading-xl"}
]]></system-out>
    </testcase>
    <testcase classname="chrome.117_0_5938_132.linux.Invoice_Page_Test.Vendor:_Vendor_Three,Invoice:2005-09" name="before each hook for Vendor Vendor Three Invoice 2005 09" time="9.62">
      <failure/>
      <error message="Element was not displayed within 6000ms"/>
      <system-err><![CDATA[
Error: Element was not displayed within 6000ms
    at async waitForElementDisplayed (file:///home/runner/work/di-billing-transaction-monitoring/di-billing-transaction-monitoring/ui-tests/helpers/waits.ts:23:3)
    at async InvoicePage.getPageHeadingText (file:///home/runner/work/di-billing-transaction-monitoring/di-billing-transaction-monitoring/ui-tests/pageobjects/page.ts:36:5)
    at async Context.<anonymous> (file:///home/runner/work/di-billing-transaction-monitoring/di-billing-transaction-monitoring/ui-tests/specs/invoice.spec.ts:66:27)
]]></system-err>
    </testcase>
  </testsuite>
  <testsuite name="Vendor Vendor Three Invoice 2023 03" timestamp="2023-10-10T11:17:12" time="6.532" tests="2" failures="1" errors="1" skipped="1">
    <properties>
      <property name="specId" value="0"/>
      <property name="suiteName" value="Vendor: Vendor Three,Invoice:2023-03"/>
      <property name="capabilities" value="chrome.117_0_5938_132.linux"/>
      <property name="file" value="file://./ui-tests/specs/invoice.spec.ts"/>
    </properties>
    <testcase classname="chrome.117_0_5938_132.linux.Invoice_Page_Test.Vendor:_Vendor_Three,Invoice:2023-03" name="should display correct status banner color and message" time="0">
      <skipped/>
      <system-out><![CDATA[
COMMAND: POST /session/7c6658c06b74e283d8894d08fa029f5c/url - {"url":"https://ephenv-lazar.btm.dev.account.gov.uk/contracts/3/invoices/2023-03"}
RESULT: {"using":"css selector","value":".govuk-heading-xl"}
RESULT: {"url":"https://ephenv-lazar.btm.dev.account.gov.uk/contracts/3/invoices/2023-03"}
COMMAND: POST /session/7c6658c06b74e283d8894d08fa029f5c/execute/sync - {"script":"return (() => document.readyState === \"complete\").apply(null, arguments)","args":[]}
RESULT: {"script":"return (() => document.readyState === \"complete\").apply(null, arguments)","args":[]}
COMMAND: GET /session/7c6658c06b74e283d8894d08fa029f5c/url - {}
RESULT: {}
COMMAND: POST /session/7c6658c06b74e283d8894d08fa029f5c/element - {"using":"css selector","value":".govuk-heading-xl"}
RESULT: {"using":"css selector","value":".govuk-heading-xl"}
COMMAND: POST /session/7c6658c06b74e283d8894d08fa029f5c/element - {"using":"css selector","value":".govuk-heading-xl"}
RESULT: {"using":"css selector","value":".govuk-heading-xl"}
COMMAND: POST /session/7c6658c06b74e283d8894d08fa029f5c/element - {"using":"css selector","value":".govuk-heading-xl"}
RESULT: {"using":"css selector","value":".govuk-heading-xl"}
COMMAND: POST /session/7c6658c06b74e283d8894d08fa029f5c/element - {"using":"css selector","value":".govuk-heading-xl"}
RESULT: {"using":"css selector","value":".govuk-heading-xl"}
COMMAND: POST /session/7c6658c06b74e283d8894d08fa029f5c/element - {"using":"css selector","value":".govuk-heading-xl"}
RESULT: {"using":"css selector","value":".govuk-heading-xl"}
COMMAND: POST /session/7c6658c06b74e283d8894d08fa029f5c/element - {"using":"css selector","value":".govuk-heading-xl"}
RESULT: {"using":"css selector","value":".govuk-heading-xl"}
COMMAND: POST /session/7c6658c06b74e283d8894d08fa029f5c/element - {"using":"css selector","value":".govuk-heading-xl"}
RESULT: {"using":"css selector","value":".govuk-heading-xl"}
COMMAND: POST /session/7c6658c06b74e283d8894d08fa029f5c/element - {"using":"css selector","value":".govuk-heading-xl"}
RESULT: {"using":"css selector","value":".govuk-heading-xl"}
COMMAND: POST /session/7c6658c06b74e283d8894d08fa029f5c/element - {"using":"css selector","value":".govuk-heading-xl"}
RESULT: {"using":"css selector","value":".govuk-heading-xl"}
COMMAND: POST /session/7c6658c06b74e283d8894d08fa029f5c/element - {"using":"css selector","value":".govuk-heading-xl"}
RESULT: {"using":"css selector","value":".govuk-heading-xl"}
COMMAND: POST /session/7c6658c06b74e283d8894d08fa029f5c/element - {"using":"css selector","value":".govuk-heading-xl"}
RESULT: {"using":"css selector","value":".govuk-heading-xl"}
COMMAND: POST /session/7c6658c06b74e283d8894d08fa029f5c/element - {"using":"css selector","value":".govuk-heading-xl"}
RESULT: {"using":"css selector","value":".govuk-heading-xl"}
COMMAND: POST /session/7c6658c06b74e283d8894d08fa029f5c/element - {"using":"css selector","value":".govuk-heading-xl"}
RESULT: {"using":"css selector","value":".govuk-heading-xl"}
]]></system-out>
    </testcase>
    <testcase classname="chrome.117_0_5938_132.linux.Invoice_Page_Test.Vendor:_Vendor_Three,Invoice:2023-03" name="before each hook for Vendor Vendor Three Invoice 2023 03" time="6.531">
      <failure/>
      <error message="Element was not displayed within 6000ms"/>
      <system-err><![CDATA[
Error: Element was not displayed within 6000ms
    at async waitForElementDisplayed (file:///home/runner/work/di-billing-transaction-monitoring/di-billing-transaction-monitoring/ui-tests/helpers/waits.ts:23:3)
    at async InvoicePage.getPageHeadingText (file:///home/runner/work/di-billing-transaction-monitoring/di-billing-transaction-monitoring/ui-tests/pageobjects/page.ts:36:5)
    at async Context.<anonymous> (file:///home/runner/work/di-billing-transaction-monitoring/di-billing-transaction-monitoring/ui-tests/specs/invoice.spec.ts:66:27)
]]></system-err>
    </testcase>
  </testsuite>
  <testsuite name="Vendor Vendor Three Invoice 2005 08" timestamp="2023-10-10T11:17:19" time="7.215" tests="2" failures="1" errors="1" skipped="1">
    <properties>
      <property name="specId" value="0"/>
      <property name="suiteName" value="Vendor: Vendor Three,Invoice:2005-08"/>
      <property name="capabilities" value="chrome.117_0_5938_132.linux"/>
      <property name="file" value="file://./ui-tests/specs/invoice.spec.ts"/>
    </properties>
    <testcase classname="chrome.117_0_5938_132.linux.Invoice_Page_Test.Vendor:_Vendor_Three,Invoice:2005-08" name="should display correct status banner color and message" time="0">
      <skipped/>
      <system-out><![CDATA[
COMMAND: POST /session/7c6658c06b74e283d8894d08fa029f5c/url - {"url":"https://ephenv-lazar.btm.dev.account.gov.uk/contracts/3/invoices/2005-08"}
RESULT: {"url":"https://ephenv-lazar.btm.dev.account.gov.uk/contracts/3/invoices/2005-08"}
COMMAND: POST /session/7c6658c06b74e283d8894d08fa029f5c/execute/sync - {"script":"return (() => document.readyState === \"complete\").apply(null, arguments)","args":[]}
RESULT: {"script":"return (() => document.readyState === \"complete\").apply(null, arguments)","args":[]}
COMMAND: GET /session/7c6658c06b74e283d8894d08fa029f5c/url - {}
RESULT: {}
COMMAND: POST /session/7c6658c06b74e283d8894d08fa029f5c/element - {"using":"css selector","value":".govuk-heading-xl"}
RESULT: {"using":"css selector","value":".govuk-heading-xl"}
COMMAND: POST /session/7c6658c06b74e283d8894d08fa029f5c/element - {"using":"css selector","value":".govuk-heading-xl"}
RESULT: {"using":"css selector","value":".govuk-heading-xl"}
COMMAND: POST /session/7c6658c06b74e283d8894d08fa029f5c/element - {"using":"css selector","value":".govuk-heading-xl"}
RESULT: {"using":"css selector","value":".govuk-heading-xl"}
COMMAND: POST /session/7c6658c06b74e283d8894d08fa029f5c/element - {"using":"css selector","value":".govuk-heading-xl"}
RESULT: {"using":"css selector","value":".govuk-heading-xl"}
COMMAND: POST /session/7c6658c06b74e283d8894d08fa029f5c/element - {"using":"css selector","value":".govuk-heading-xl"}
RESULT: {"using":"css selector","value":".govuk-heading-xl"}
COMMAND: POST /session/7c6658c06b74e283d8894d08fa029f5c/element - {"using":"css selector","value":".govuk-heading-xl"}
RESULT: {"using":"css selector","value":".govuk-heading-xl"}
COMMAND: POST /session/7c6658c06b74e283d8894d08fa029f5c/element - {"using":"css selector","value":".govuk-heading-xl"}
RESULT: {"using":"css selector","value":".govuk-heading-xl"}
COMMAND: POST /session/7c6658c06b74e283d8894d08fa029f5c/element - {"using":"css selector","value":".govuk-heading-xl"}
RESULT: {"using":"css selector","value":".govuk-heading-xl"}
COMMAND: POST /session/7c6658c06b74e283d8894d08fa029f5c/element - {"using":"css selector","value":".govuk-heading-xl"}
RESULT: {"using":"css selector","value":".govuk-heading-xl"}
COMMAND: POST /session/7c6658c06b74e283d8894d08fa029f5c/element - {"using":"css selector","value":".govuk-heading-xl"}
RESULT: {"using":"css selector","value":".govuk-heading-xl"}
COMMAND: POST /session/7c6658c06b74e283d8894d08fa029f5c/element - {"using":"css selector","value":".govuk-heading-xl"}
RESULT: {"using":"css selector","value":".govuk-heading-xl"}
COMMAND: POST /session/7c6658c06b74e283d8894d08fa029f5c/element - {"using":"css selector","value":".govuk-heading-xl"}
RESULT: {"using":"css selector","value":".govuk-heading-xl"}
COMMAND: POST /session/7c6658c06b74e283d8894d08fa029f5c/element - {"using":"css selector","value":".govuk-heading-xl"}
RESULT: {"using":"css selector","value":".govuk-heading-xl"}
]]></system-out>
    </testcase>
    <testcase classname="chrome.117_0_5938_132.linux.Invoice_Page_Test.Vendor:_Vendor_Three,Invoice:2005-08" name="before each hook for Vendor Vendor Three Invoice 2005 08" time="7.215">
      <failure/>
      <error message="Element was not displayed within 6000ms"/>
      <system-err><![CDATA[
Error: Element was not displayed within 6000ms
    at async waitForElementDisplayed (file:///home/runner/work/di-billing-transaction-monitoring/di-billing-transaction-monitoring/ui-tests/helpers/waits.ts:23:3)
    at async InvoicePage.getPageHeadingText (file:///home/runner/work/di-billing-transaction-monitoring/di-billing-transaction-monitoring/ui-tests/pageobjects/page.ts:36:5)
    at async Context.<anonymous> (file:///home/runner/work/di-billing-transaction-monitoring/di-billing-transaction-monitoring/ui-tests/specs/invoice.spec.ts:66:27)
]]></system-err>
    </testcase>
  </testsuite>
  <testsuite name="Vendor Vendor Five Invoice 2005 12" timestamp="2023-10-10T11:17:26" time="7.055" tests="2" failures="1" errors="1" skipped="1">
    <properties>
      <property name="specId" value="0"/>
      <property name="suiteName" value="Vendor: Vendor Five,Invoice:2005-12"/>
      <property name="capabilities" value="chrome.117_0_5938_132.linux"/>
      <property name="file" value="file://./ui-tests/specs/invoice.spec.ts"/>
    </properties>
    <testcase classname="chrome.117_0_5938_132.linux.Invoice_Page_Test.Vendor:_Vendor_Five,Invoice:2005-12" name="should display correct status banner color and message" time="0">
      <skipped/>
      <system-out><![CDATA[
COMMAND: POST /session/7c6658c06b74e283d8894d08fa029f5c/url - {"url":"https://ephenv-lazar.btm.dev.account.gov.uk/contracts/5/invoices/2005-12"}
RESULT: {"url":"https://ephenv-lazar.btm.dev.account.gov.uk/contracts/5/invoices/2005-12"}
COMMAND: POST /session/7c6658c06b74e283d8894d08fa029f5c/execute/sync - {"script":"return (() => document.readyState === \"complete\").apply(null, arguments)","args":[]}
RESULT: {"script":"return (() => document.readyState === \"complete\").apply(null, arguments)","args":[]}
COMMAND: GET /session/7c6658c06b74e283d8894d08fa029f5c/url - {}
RESULT: {}
COMMAND: POST /session/7c6658c06b74e283d8894d08fa029f5c/element - {"using":"css selector","value":".govuk-heading-xl"}
RESULT: {"using":"css selector","value":".govuk-heading-xl"}
COMMAND: POST /session/7c6658c06b74e283d8894d08fa029f5c/element - {"using":"css selector","value":".govuk-heading-xl"}
RESULT: {"using":"css selector","value":".govuk-heading-xl"}
COMMAND: POST /session/7c6658c06b74e283d8894d08fa029f5c/element - {"using":"css selector","value":".govuk-heading-xl"}
RESULT: {"using":"css selector","value":".govuk-heading-xl"}
COMMAND: POST /session/7c6658c06b74e283d8894d08fa029f5c/element - {"using":"css selector","value":".govuk-heading-xl"}
RESULT: {"using":"css selector","value":".govuk-heading-xl"}
COMMAND: POST /session/7c6658c06b74e283d8894d08fa029f5c/element - {"using":"css selector","value":".govuk-heading-xl"}
RESULT: {"using":"css selector","value":".govuk-heading-xl"}
COMMAND: POST /session/7c6658c06b74e283d8894d08fa029f5c/element - {"using":"css selector","value":".govuk-heading-xl"}
RESULT: {"using":"css selector","value":".govuk-heading-xl"}
COMMAND: POST /session/7c6658c06b74e283d8894d08fa029f5c/element - {"using":"css selector","value":".govuk-heading-xl"}
RESULT: {"using":"css selector","value":".govuk-heading-xl"}
COMMAND: POST /session/7c6658c06b74e283d8894d08fa029f5c/element - {"using":"css selector","value":".govuk-heading-xl"}
RESULT: {"using":"css selector","value":".govuk-heading-xl"}
COMMAND: POST /session/7c6658c06b74e283d8894d08fa029f5c/element - {"using":"css selector","value":".govuk-heading-xl"}
RESULT: {"using":"css selector","value":".govuk-heading-xl"}
COMMAND: POST /session/7c6658c06b74e283d8894d08fa029f5c/element - {"using":"css selector","value":".govuk-heading-xl"}
RESULT: {"using":"css selector","value":".govuk-heading-xl"}
COMMAND: POST /session/7c6658c06b74e283d8894d08fa029f5c/element - {"using":"css selector","value":".govuk-heading-xl"}
RESULT: {"using":"css selector","value":".govuk-heading-xl"}
COMMAND: POST /session/7c6658c06b74e283d8894d08fa029f5c/element - {"using":"css selector","value":".govuk-heading-xl"}
RESULT: {"using":"css selector","value":".govuk-heading-xl"}
COMMAND: POST /session/7c6658c06b74e283d8894d08fa029f5c/element - {"using":"css selector","value":".govuk-heading-xl"}
RESULT: {"using":"css selector","value":".govuk-heading-xl"}
]]></system-out>
    </testcase>
    <testcase classname="chrome.117_0_5938_132.linux.Invoice_Page_Test.Vendor:_Vendor_Five,Invoice:2005-12" name="before each hook for Vendor Vendor Five Invoice 2005 12" time="7.055">
      <failure/>
      <error message="Element was not displayed within 6000ms"/>
      <system-err><![CDATA[
Error: Element was not displayed within 6000ms
    at async waitForElementDisplayed (file:///home/runner/work/di-billing-transaction-monitoring/di-billing-transaction-monitoring/ui-tests/helpers/waits.ts:23:3)
    at async InvoicePage.getPageHeadingText (file:///home/runner/work/di-billing-transaction-monitoring/di-billing-transaction-monitoring/ui-tests/pageobjects/page.ts:36:5)
    at async Context.<anonymous> (file:///home/runner/work/di-billing-transaction-monitoring/di-billing-transaction-monitoring/ui-tests/specs/invoice.spec.ts:66:27)
]]></system-err>
    </testcase>
  </testsuite>
  <testsuite name="Vendor Vendor Five Invoice 2005 05" timestamp="2023-10-10T11:17:33" time="12.14" tests="2" failures="1" errors="1" skipped="1">
    <properties>
      <property name="specId" value="0"/>
      <property name="suiteName" value="Vendor: Vendor Five,Invoice:2005-05"/>
      <property name="capabilities" value="chrome.117_0_5938_132.linux"/>
      <property name="file" value="file://./ui-tests/specs/invoice.spec.ts"/>
    </properties>
    <testcase classname="chrome.117_0_5938_132.linux.Invoice_Page_Test.Vendor:_Vendor_Five,Invoice:2005-05" name="should display correct status banner color and message" time="0">
      <skipped/>
      <system-out><![CDATA[
COMMAND: POST /session/7c6658c06b74e283d8894d08fa029f5c/url - {"url":"https://ephenv-lazar.btm.dev.account.gov.uk/contracts/5/invoices/2005-05"}
RESULT: {"url":"https://ephenv-lazar.btm.dev.account.gov.uk/contracts/5/invoices/2005-05"}
COMMAND: POST /session/7c6658c06b74e283d8894d08fa029f5c/execute/sync - {"script":"return (() => document.readyState === \"complete\").apply(null, arguments)","args":[]}
RESULT: {"script":"return (() => document.readyState === \"complete\").apply(null, arguments)","args":[]}
COMMAND: GET /session/7c6658c06b74e283d8894d08fa029f5c/url - {}
RESULT: {}
COMMAND: POST /session/7c6658c06b74e283d8894d08fa029f5c/element - {"using":"css selector","value":".govuk-heading-xl"}
RESULT: {"using":"css selector","value":".govuk-heading-xl"}
COMMAND: POST /session/7c6658c06b74e283d8894d08fa029f5c/element - {"using":"css selector","value":".govuk-heading-xl"}
RESULT: {"using":"css selector","value":".govuk-heading-xl"}
COMMAND: POST /session/7c6658c06b74e283d8894d08fa029f5c/element - {"using":"css selector","value":".govuk-heading-xl"}
RESULT: {"using":"css selector","value":".govuk-heading-xl"}
COMMAND: POST /session/7c6658c06b74e283d8894d08fa029f5c/element - {"using":"css selector","value":".govuk-heading-xl"}
RESULT: {"using":"css selector","value":".govuk-heading-xl"}
COMMAND: POST /session/7c6658c06b74e283d8894d08fa029f5c/element - {"using":"css selector","value":".govuk-heading-xl"}
RESULT: {"using":"css selector","value":".govuk-heading-xl"}
COMMAND: POST /session/7c6658c06b74e283d8894d08fa029f5c/element - {"using":"css selector","value":".govuk-heading-xl"}
RESULT: {"using":"css selector","value":".govuk-heading-xl"}
COMMAND: POST /session/7c6658c06b74e283d8894d08fa029f5c/element - {"using":"css selector","value":".govuk-heading-xl"}
RESULT: {"using":"css selector","value":".govuk-heading-xl"}
COMMAND: POST /session/7c6658c06b74e283d8894d08fa029f5c/element - {"using":"css selector","value":".govuk-heading-xl"}
RESULT: {"using":"css selector","value":".govuk-heading-xl"}
COMMAND: POST /session/7c6658c06b74e283d8894d08fa029f5c/element - {"using":"css selector","value":".govuk-heading-xl"}
RESULT: {"using":"css selector","value":".govuk-heading-xl"}
COMMAND: POST /session/7c6658c06b74e283d8894d08fa029f5c/element - {"using":"css selector","value":".govuk-heading-xl"}
RESULT: {"using":"css selector","value":".govuk-heading-xl"}
COMMAND: POST /session/7c6658c06b74e283d8894d08fa029f5c/element - {"using":"css selector","value":".govuk-heading-xl"}
RESULT: {"using":"css selector","value":".govuk-heading-xl"}
COMMAND: POST /session/7c6658c06b74e283d8894d08fa029f5c/element - {"using":"css selector","value":".govuk-heading-xl"}
RESULT: {"using":"css selector","value":".govuk-heading-xl"}
COMMAND: POST /session/7c6658c06b74e283d8894d08fa029f5c/element - {"using":"css selector","value":".govuk-heading-xl"}
RESULT: {"using":"css selector","value":".govuk-heading-xl"}
]]></system-out>
    </testcase>
    <testcase classname="chrome.117_0_5938_132.linux.Invoice_Page_Test.Vendor:_Vendor_Five,Invoice:2005-05" name="before each hook for Vendor Vendor Five Invoice 2005 05" time="12.14">
      <failure/>
      <error message="Element was not displayed within 6000ms"/>
      <system-err><![CDATA[
Error: Element was not displayed within 6000ms
    at async waitForElementDisplayed (file:///home/runner/work/di-billing-transaction-monitoring/di-billing-transaction-monitoring/ui-tests/helpers/waits.ts:23:3)
    at async InvoicePage.getPageHeadingText (file:///home/runner/work/di-billing-transaction-monitoring/di-billing-transaction-monitoring/ui-tests/pageobjects/page.ts:36:5)
    at async Context.<anonymous> (file:///home/runner/work/di-billing-transaction-monitoring/di-billing-transaction-monitoring/ui-tests/specs/invoice.spec.ts:66:27)
]]></system-err>
    </testcase>
  </testsuite>
  <testsuite name="Vendor Vendor Five Invoice 2005 11" timestamp="2023-10-10T11:17:45" time="6.982" tests="2" failures="1" errors="1" skipped="1">
    <properties>
      <property name="specId" value="0"/>
      <property name="suiteName" value="Vendor: Vendor Five,Invoice:2005-11"/>
      <property name="capabilities" value="chrome.117_0_5938_132.linux"/>
      <property name="file" value="file://./ui-tests/specs/invoice.spec.ts"/>
    </properties>
    <testcase classname="chrome.117_0_5938_132.linux.Invoice_Page_Test.Vendor:_Vendor_Five,Invoice:2005-11" name="should display correct status banner color and message" time="0">
      <skipped/>
      <system-out><![CDATA[
COMMAND: POST /session/7c6658c06b74e283d8894d08fa029f5c/url - {"url":"https://ephenv-lazar.btm.dev.account.gov.uk/contracts/5/invoices/2005-11"}
RESULT: {"url":"https://ephenv-lazar.btm.dev.account.gov.uk/contracts/5/invoices/2005-11"}
COMMAND: POST /session/7c6658c06b74e283d8894d08fa029f5c/execute/sync - {"script":"return (() => document.readyState === \"complete\").apply(null, arguments)","args":[]}
RESULT: {"script":"return (() => document.readyState === \"complete\").apply(null, arguments)","args":[]}
COMMAND: GET /session/7c6658c06b74e283d8894d08fa029f5c/url - {}
RESULT: {}
COMMAND: POST /session/7c6658c06b74e283d8894d08fa029f5c/element - {"using":"css selector","value":".govuk-heading-xl"}
RESULT: {"using":"css selector","value":".govuk-heading-xl"}
COMMAND: POST /session/7c6658c06b74e283d8894d08fa029f5c/element - {"using":"css selector","value":".govuk-heading-xl"}
RESULT: {"using":"css selector","value":".govuk-heading-xl"}
COMMAND: POST /session/7c6658c06b74e283d8894d08fa029f5c/element - {"using":"css selector","value":".govuk-heading-xl"}
RESULT: {"using":"css selector","value":".govuk-heading-xl"}
COMMAND: POST /session/7c6658c06b74e283d8894d08fa029f5c/element - {"using":"css selector","value":".govuk-heading-xl"}
RESULT: {"using":"css selector","value":".govuk-heading-xl"}
COMMAND: POST /session/7c6658c06b74e283d8894d08fa029f5c/element - {"using":"css selector","value":".govuk-heading-xl"}
RESULT: {"using":"css selector","value":".govuk-heading-xl"}
COMMAND: POST /session/7c6658c06b74e283d8894d08fa029f5c/element - {"using":"css selector","value":".govuk-heading-xl"}
RESULT: {"using":"css selector","value":".govuk-heading-xl"}
COMMAND: POST /session/7c6658c06b74e283d8894d08fa029f5c/element - {"using":"css selector","value":".govuk-heading-xl"}
RESULT: {"using":"css selector","value":".govuk-heading-xl"}
COMMAND: POST /session/7c6658c06b74e283d8894d08fa029f5c/element - {"using":"css selector","value":".govuk-heading-xl"}
RESULT: {"using":"css selector","value":".govuk-heading-xl"}
COMMAND: POST /session/7c6658c06b74e283d8894d08fa029f5c/element - {"using":"css selector","value":".govuk-heading-xl"}
RESULT: {"using":"css selector","value":".govuk-heading-xl"}
COMMAND: POST /session/7c6658c06b74e283d8894d08fa029f5c/element - {"using":"css selector","value":".govuk-heading-xl"}
RESULT: {"using":"css selector","value":".govuk-heading-xl"}
COMMAND: POST /session/7c6658c06b74e283d8894d08fa029f5c/element - {"using":"css selector","value":".govuk-heading-xl"}
RESULT: {"using":"css selector","value":".govuk-heading-xl"}
COMMAND: POST /session/7c6658c06b74e283d8894d08fa029f5c/element - {"using":"css selector","value":".govuk-heading-xl"}
RESULT: {"using":"css selector","value":".govuk-heading-xl"}
COMMAND: POST /session/7c6658c06b74e283d8894d08fa029f5c/element - {"using":"css selector","value":".govuk-heading-xl"}
RESULT: {"using":"css selector","value":".govuk-heading-xl"}
]]></system-out>
    </testcase>
    <testcase classname="chrome.117_0_5938_132.linux.Invoice_Page_Test.Vendor:_Vendor_Five,Invoice:2005-11" name="before each hook for Vendor Vendor Five Invoice 2005 11" time="6.982">
      <failure/>
      <error message="Element was not displayed within 6000ms"/>
      <system-err><![CDATA[
Error: Element was not displayed within 6000ms
    at async waitForElementDisplayed (file:///home/runner/work/di-billing-transaction-monitoring/di-billing-transaction-monitoring/ui-tests/helpers/waits.ts:23:3)
    at async InvoicePage.getPageHeadingText (file:///home/runner/work/di-billing-transaction-monitoring/di-billing-transaction-monitoring/ui-tests/pageobjects/page.ts:36:5)
    at async Context.<anonymous> (file:///home/runner/work/di-billing-transaction-monitoring/di-billing-transaction-monitoring/ui-tests/specs/invoice.spec.ts:66:27)
]]></system-err>
    </testcase>
  </testsuite>
  <testsuite name="Vendor Vendor Four Invoice 2005 04" timestamp="2023-10-10T11:17:52" time="9.314" tests="2" failures="1" errors="1" skipped="1">
    <properties>
      <property name="specId" value="0"/>
      <property name="suiteName" value="Vendor: Vendor Four,Invoice:2005-04"/>
      <property name="capabilities" value="chrome.117_0_5938_132.linux"/>
      <property name="file" value="file://./ui-tests/specs/invoice.spec.ts"/>
    </properties>
    <testcase classname="chrome.117_0_5938_132.linux.Invoice_Page_Test.Vendor:_Vendor_Four,Invoice:2005-04" name="should display correct status banner color and message" time="0">
      <skipped/>
      <system-out><![CDATA[
COMMAND: POST /session/7c6658c06b74e283d8894d08fa029f5c/url - {"url":"https://ephenv-lazar.btm.dev.account.gov.uk/contracts/4/invoices/2005-04"}
RESULT: {"url":"https://ephenv-lazar.btm.dev.account.gov.uk/contracts/4/invoices/2005-04"}
COMMAND: POST /session/7c6658c06b74e283d8894d08fa029f5c/execute/sync - {"script":"return (() => document.readyState === \"complete\").apply(null, arguments)","args":[]}
RESULT: {"script":"return (() => document.readyState === \"complete\").apply(null, arguments)","args":[]}
COMMAND: GET /session/7c6658c06b74e283d8894d08fa029f5c/url - {}
RESULT: {}
COMMAND: POST /session/7c6658c06b74e283d8894d08fa029f5c/element - {"using":"css selector","value":".govuk-heading-xl"}
RESULT: {"using":"css selector","value":".govuk-heading-xl"}
COMMAND: POST /session/7c6658c06b74e283d8894d08fa029f5c/element - {"using":"css selector","value":".govuk-heading-xl"}
RESULT: {"using":"css selector","value":".govuk-heading-xl"}
COMMAND: POST /session/7c6658c06b74e283d8894d08fa029f5c/element - {"using":"css selector","value":".govuk-heading-xl"}
RESULT: {"using":"css selector","value":".govuk-heading-xl"}
COMMAND: POST /session/7c6658c06b74e283d8894d08fa029f5c/element - {"using":"css selector","value":".govuk-heading-xl"}
RESULT: {"using":"css selector","value":".govuk-heading-xl"}
COMMAND: POST /session/7c6658c06b74e283d8894d08fa029f5c/element - {"using":"css selector","value":".govuk-heading-xl"}
RESULT: {"using":"css selector","value":".govuk-heading-xl"}
COMMAND: POST /session/7c6658c06b74e283d8894d08fa029f5c/element - {"using":"css selector","value":".govuk-heading-xl"}
RESULT: {"using":"css selector","value":".govuk-heading-xl"}
COMMAND: POST /session/7c6658c06b74e283d8894d08fa029f5c/element - {"using":"css selector","value":".govuk-heading-xl"}
RESULT: {"using":"css selector","value":".govuk-heading-xl"}
COMMAND: POST /session/7c6658c06b74e283d8894d08fa029f5c/element - {"using":"css selector","value":".govuk-heading-xl"}
RESULT: {"using":"css selector","value":".govuk-heading-xl"}
COMMAND: POST /session/7c6658c06b74e283d8894d08fa029f5c/element - {"using":"css selector","value":".govuk-heading-xl"}
RESULT: {"using":"css selector","value":".govuk-heading-xl"}
COMMAND: POST /session/7c6658c06b74e283d8894d08fa029f5c/element - {"using":"css selector","value":".govuk-heading-xl"}
RESULT: {"using":"css selector","value":".govuk-heading-xl"}
COMMAND: POST /session/7c6658c06b74e283d8894d08fa029f5c/element - {"using":"css selector","value":".govuk-heading-xl"}
RESULT: {"using":"css selector","value":".govuk-heading-xl"}
COMMAND: POST /session/7c6658c06b74e283d8894d08fa029f5c/element - {"using":"css selector","value":".govuk-heading-xl"}
RESULT: {"using":"css selector","value":".govuk-heading-xl"}
COMMAND: POST /session/7c6658c06b74e283d8894d08fa029f5c/element - {"using":"css selector","value":".govuk-heading-xl"}
RESULT: {"using":"css selector","value":".govuk-heading-xl"}
COMMAND: POST /session/7c6658c06b74e283d8894d08fa029f5c/element - {"using":"css selector","value":".govuk-heading-xl"}
]]></system-out>
    </testcase>
    <testcase classname="chrome.117_0_5938_132.linux.Invoice_Page_Test.Vendor:_Vendor_Four,Invoice:2005-04" name="before each hook for Vendor Vendor Four Invoice 2005 04" time="9.313">
      <failure/>
      <error message="Element was not displayed within 6000ms"/>
      <system-err><![CDATA[
Error: Element was not displayed within 6000ms
    at async waitForElementDisplayed (file:///home/runner/work/di-billing-transaction-monitoring/di-billing-transaction-monitoring/ui-tests/helpers/waits.ts:23:3)
    at async InvoicePage.getPageHeadingText (file:///home/runner/work/di-billing-transaction-monitoring/di-billing-transaction-monitoring/ui-tests/pageobjects/page.ts:36:5)
    at async Context.<anonymous> (file:///home/runner/work/di-billing-transaction-monitoring/di-billing-transaction-monitoring/ui-tests/specs/invoice.spec.ts:66:27)
]]></system-err>
    </testcase>
  </testsuite>
  <testsuite name="Vendor Vendor Four Invoice 2005 03" timestamp="2023-10-10T11:18:01" time="7.155" tests="2" failures="1" errors="1" skipped="1">
    <properties>
      <property name="specId" value="0"/>
      <property name="suiteName" value="Vendor: Vendor Four,Invoice:2005-03"/>
      <property name="capabilities" value="chrome.117_0_5938_132.linux"/>
      <property name="file" value="file://./ui-tests/specs/invoice.spec.ts"/>
    </properties>
    <testcase classname="chrome.117_0_5938_132.linux.Invoice_Page_Test.Vendor:_Vendor_Four,Invoice:2005-03" name="should display correct status banner color and message" time="0">
      <skipped/>
      <system-out><![CDATA[
COMMAND: POST /session/7c6658c06b74e283d8894d08fa029f5c/url - {"url":"https://ephenv-lazar.btm.dev.account.gov.uk/contracts/4/invoices/2005-03"}
RESULT: {"using":"css selector","value":".govuk-heading-xl"}
RESULT: {"url":"https://ephenv-lazar.btm.dev.account.gov.uk/contracts/4/invoices/2005-03"}
COMMAND: POST /session/7c6658c06b74e283d8894d08fa029f5c/execute/sync - {"script":"return (() => document.readyState === \"complete\").apply(null, arguments)","args":[]}
RESULT: {"script":"return (() => document.readyState === \"complete\").apply(null, arguments)","args":[]}
COMMAND: GET /session/7c6658c06b74e283d8894d08fa029f5c/url - {}
RESULT: {}
COMMAND: POST /session/7c6658c06b74e283d8894d08fa029f5c/element - {"using":"css selector","value":".govuk-heading-xl"}
RESULT: {"using":"css selector","value":".govuk-heading-xl"}
COMMAND: POST /session/7c6658c06b74e283d8894d08fa029f5c/element - {"using":"css selector","value":".govuk-heading-xl"}
RESULT: {"using":"css selector","value":".govuk-heading-xl"}
COMMAND: POST /session/7c6658c06b74e283d8894d08fa029f5c/element - {"using":"css selector","value":".govuk-heading-xl"}
RESULT: {"using":"css selector","value":".govuk-heading-xl"}
COMMAND: POST /session/7c6658c06b74e283d8894d08fa029f5c/element - {"using":"css selector","value":".govuk-heading-xl"}
RESULT: {"using":"css selector","value":".govuk-heading-xl"}
COMMAND: POST /session/7c6658c06b74e283d8894d08fa029f5c/element - {"using":"css selector","value":".govuk-heading-xl"}
RESULT: {"using":"css selector","value":".govuk-heading-xl"}
COMMAND: POST /session/7c6658c06b74e283d8894d08fa029f5c/element - {"using":"css selector","value":".govuk-heading-xl"}
RESULT: {"using":"css selector","value":".govuk-heading-xl"}
COMMAND: POST /session/7c6658c06b74e283d8894d08fa029f5c/element - {"using":"css selector","value":".govuk-heading-xl"}
RESULT: {"using":"css selector","value":".govuk-heading-xl"}
COMMAND: POST /session/7c6658c06b74e283d8894d08fa029f5c/element - {"using":"css selector","value":".govuk-heading-xl"}
RESULT: {"using":"css selector","value":".govuk-heading-xl"}
COMMAND: POST /session/7c6658c06b74e283d8894d08fa029f5c/element - {"using":"css selector","value":".govuk-heading-xl"}
RESULT: {"using":"css selector","value":".govuk-heading-xl"}
COMMAND: POST /session/7c6658c06b74e283d8894d08fa029f5c/element - {"using":"css selector","value":".govuk-heading-xl"}
RESULT: {"using":"css selector","value":".govuk-heading-xl"}
COMMAND: POST /session/7c6658c06b74e283d8894d08fa029f5c/element - {"using":"css selector","value":".govuk-heading-xl"}
RESULT: {"using":"css selector","value":".govuk-heading-xl"}
COMMAND: POST /session/7c6658c06b74e283d8894d08fa029f5c/element - {"using":"css selector","value":".govuk-heading-xl"}
RESULT: {"using":"css selector","value":".govuk-heading-xl"}
COMMAND: POST /session/7c6658c06b74e283d8894d08fa029f5c/element - {"using":"css selector","value":".govuk-heading-xl"}
RESULT: {"using":"css selector","value":".govuk-heading-xl"}
]]></system-out>
    </testcase>
    <testcase classname="chrome.117_0_5938_132.linux.Invoice_Page_Test.Vendor:_Vendor_Four,Invoice:2005-03" name="before each hook for Vendor Vendor Four Invoice 2005 03" time="7.155">
      <failure/>
      <error message="Element was not displayed within 6000ms"/>
      <system-err><![CDATA[
Error: Element was not displayed within 6000ms
    at async waitForElementDisplayed (file:///home/runner/work/di-billing-transaction-monitoring/di-billing-transaction-monitoring/ui-tests/helpers/waits.ts:23:3)
    at async InvoicePage.getPageHeadingText (file:///home/runner/work/di-billing-transaction-monitoring/di-billing-transaction-monitoring/ui-tests/pageobjects/page.ts:36:5)
    at async Context.<anonymous> (file:///home/runner/work/di-billing-transaction-monitoring/di-billing-transaction-monitoring/ui-tests/specs/invoice.spec.ts:66:27)
]]></system-err>
    </testcase>
  </testsuite>
  <testsuite name="Vendor Vendor Four Invoice 2005 02" timestamp="2023-10-10T11:18:09" time="6.542" tests="2" failures="1" errors="1" skipped="1">
    <properties>
      <property name="specId" value="0"/>
      <property name="suiteName" value="Vendor: Vendor Four,Invoice:2005-02"/>
      <property name="capabilities" value="chrome.117_0_5938_132.linux"/>
      <property name="file" value="file://./ui-tests/specs/invoice.spec.ts"/>
    </properties>
    <testcase classname="chrome.117_0_5938_132.linux.Invoice_Page_Test.Vendor:_Vendor_Four,Invoice:2005-02" name="should display correct status banner color and message" time="0">
      <skipped/>
      <system-out><![CDATA[
COMMAND: POST /session/7c6658c06b74e283d8894d08fa029f5c/url - {"url":"https://ephenv-lazar.btm.dev.account.gov.uk/contracts/4/invoices/2005-02"}
RESULT: {"url":"https://ephenv-lazar.btm.dev.account.gov.uk/contracts/4/invoices/2005-02"}
COMMAND: POST /session/7c6658c06b74e283d8894d08fa029f5c/execute/sync - {"script":"return (() => document.readyState === \"complete\").apply(null, arguments)","args":[]}
RESULT: {"script":"return (() => document.readyState === \"complete\").apply(null, arguments)","args":[]}
COMMAND: GET /session/7c6658c06b74e283d8894d08fa029f5c/url - {}
RESULT: {}
COMMAND: POST /session/7c6658c06b74e283d8894d08fa029f5c/element - {"using":"css selector","value":".govuk-heading-xl"}
RESULT: {"using":"css selector","value":".govuk-heading-xl"}
COMMAND: POST /session/7c6658c06b74e283d8894d08fa029f5c/element - {"using":"css selector","value":".govuk-heading-xl"}
RESULT: {"using":"css selector","value":".govuk-heading-xl"}
COMMAND: POST /session/7c6658c06b74e283d8894d08fa029f5c/element - {"using":"css selector","value":".govuk-heading-xl"}
RESULT: {"using":"css selector","value":".govuk-heading-xl"}
COMMAND: POST /session/7c6658c06b74e283d8894d08fa029f5c/element - {"using":"css selector","value":".govuk-heading-xl"}
RESULT: {"using":"css selector","value":".govuk-heading-xl"}
COMMAND: POST /session/7c6658c06b74e283d8894d08fa029f5c/element - {"using":"css selector","value":".govuk-heading-xl"}
RESULT: {"using":"css selector","value":".govuk-heading-xl"}
COMMAND: POST /session/7c6658c06b74e283d8894d08fa029f5c/element - {"using":"css selector","value":".govuk-heading-xl"}
RESULT: {"using":"css selector","value":".govuk-heading-xl"}
COMMAND: POST /session/7c6658c06b74e283d8894d08fa029f5c/element - {"using":"css selector","value":".govuk-heading-xl"}
RESULT: {"using":"css selector","value":".govuk-heading-xl"}
COMMAND: POST /session/7c6658c06b74e283d8894d08fa029f5c/element - {"using":"css selector","value":".govuk-heading-xl"}
RESULT: {"using":"css selector","value":".govuk-heading-xl"}
COMMAND: POST /session/7c6658c06b74e283d8894d08fa029f5c/element - {"using":"css selector","value":".govuk-heading-xl"}
RESULT: {"using":"css selector","value":".govuk-heading-xl"}
COMMAND: POST /session/7c6658c06b74e283d8894d08fa029f5c/element - {"using":"css selector","value":".govuk-heading-xl"}
RESULT: {"using":"css selector","value":".govuk-heading-xl"}
COMMAND: POST /session/7c6658c06b74e283d8894d08fa029f5c/element - {"using":"css selector","value":".govuk-heading-xl"}
RESULT: {"using":"css selector","value":".govuk-heading-xl"}
COMMAND: POST /session/7c6658c06b74e283d8894d08fa029f5c/element - {"using":"css selector","value":".govuk-heading-xl"}
RESULT: {"using":"css selector","value":".govuk-heading-xl"}
COMMAND: POST /session/7c6658c06b74e283d8894d08fa029f5c/element - {"using":"css selector","value":".govuk-heading-xl"}
RESULT: {"using":"css selector","value":".govuk-heading-xl"}
]]></system-out>
    </testcase>
    <testcase classname="chrome.117_0_5938_132.linux.Invoice_Page_Test.Vendor:_Vendor_Four,Invoice:2005-02" name="before each hook for Vendor Vendor Four Invoice 2005 02" time="6.541">
      <failure/>
      <error message="Element was not displayed within 6000ms"/>
      <system-err><![CDATA[
Error: Element was not displayed within 6000ms
    at async waitForElementDisplayed (file:///home/runner/work/di-billing-transaction-monitoring/di-billing-transaction-monitoring/ui-tests/helpers/waits.ts:23:3)
    at async InvoicePage.getPageHeadingText (file:///home/runner/work/di-billing-transaction-monitoring/di-billing-transaction-monitoring/ui-tests/pageobjects/page.ts:36:5)
    at async Context.<anonymous> (file:///home/runner/work/di-billing-transaction-monitoring/di-billing-transaction-monitoring/ui-tests/specs/invoice.spec.ts:66:27)
]]></system-err>
    </testcase>
  </testsuite>
  <testsuite name="Vendor Vendor Two Invoice 2005 07" timestamp="2023-10-10T11:18:15" time="7.878" tests="2" failures="1" errors="1" skipped="1">
    <properties>
      <property name="specId" value="0"/>
      <property name="suiteName" value="Vendor: Vendor Two,Invoice:2005-07"/>
      <property name="capabilities" value="chrome.117_0_5938_132.linux"/>
      <property name="file" value="file://./ui-tests/specs/invoice.spec.ts"/>
    </properties>
    <testcase classname="chrome.117_0_5938_132.linux.Invoice_Page_Test.Vendor:_Vendor_Two,Invoice:2005-07" name="should display correct status banner color and message" time="0">
      <skipped/>
      <system-out><![CDATA[
COMMAND: POST /session/7c6658c06b74e283d8894d08fa029f5c/url - {"url":"https://ephenv-lazar.btm.dev.account.gov.uk/contracts/2/invoices/2005-07"}
RESULT: {"url":"https://ephenv-lazar.btm.dev.account.gov.uk/contracts/2/invoices/2005-07"}
COMMAND: POST /session/7c6658c06b74e283d8894d08fa029f5c/execute/sync - {"script":"return (() => document.readyState === \"complete\").apply(null, arguments)","args":[]}
RESULT: {"script":"return (() => document.readyState === \"complete\").apply(null, arguments)","args":[]}
COMMAND: GET /session/7c6658c06b74e283d8894d08fa029f5c/url - {}
RESULT: {}
COMMAND: POST /session/7c6658c06b74e283d8894d08fa029f5c/element - {"using":"css selector","value":".govuk-heading-xl"}
RESULT: {"using":"css selector","value":".govuk-heading-xl"}
COMMAND: POST /session/7c6658c06b74e283d8894d08fa029f5c/element - {"using":"css selector","value":".govuk-heading-xl"}
RESULT: {"using":"css selector","value":".govuk-heading-xl"}
COMMAND: POST /session/7c6658c06b74e283d8894d08fa029f5c/element - {"using":"css selector","value":".govuk-heading-xl"}
RESULT: {"using":"css selector","value":".govuk-heading-xl"}
COMMAND: POST /session/7c6658c06b74e283d8894d08fa029f5c/element - {"using":"css selector","value":".govuk-heading-xl"}
RESULT: {"using":"css selector","value":".govuk-heading-xl"}
COMMAND: POST /session/7c6658c06b74e283d8894d08fa029f5c/element - {"using":"css selector","value":".govuk-heading-xl"}
RESULT: {"using":"css selector","value":".govuk-heading-xl"}
COMMAND: POST /session/7c6658c06b74e283d8894d08fa029f5c/element - {"using":"css selector","value":".govuk-heading-xl"}
RESULT: {"using":"css selector","value":".govuk-heading-xl"}
COMMAND: POST /session/7c6658c06b74e283d8894d08fa029f5c/element - {"using":"css selector","value":".govuk-heading-xl"}
RESULT: {"using":"css selector","value":".govuk-heading-xl"}
COMMAND: POST /session/7c6658c06b74e283d8894d08fa029f5c/element - {"using":"css selector","value":".govuk-heading-xl"}
RESULT: {"using":"css selector","value":".govuk-heading-xl"}
COMMAND: POST /session/7c6658c06b74e283d8894d08fa029f5c/element - {"using":"css selector","value":".govuk-heading-xl"}
RESULT: {"using":"css selector","value":".govuk-heading-xl"}
COMMAND: POST /session/7c6658c06b74e283d8894d08fa029f5c/element - {"using":"css selector","value":".govuk-heading-xl"}
RESULT: {"using":"css selector","value":".govuk-heading-xl"}
COMMAND: POST /session/7c6658c06b74e283d8894d08fa029f5c/element - {"using":"css selector","value":".govuk-heading-xl"}
RESULT: {"using":"css selector","value":".govuk-heading-xl"}
COMMAND: POST /session/7c6658c06b74e283d8894d08fa029f5c/element - {"using":"css selector","value":".govuk-heading-xl"}
RESULT: {"using":"css selector","value":".govuk-heading-xl"}
COMMAND: POST /session/7c6658c06b74e283d8894d08fa029f5c/element - {"using":"css selector","value":".govuk-heading-xl"}
RESULT: {"using":"css selector","value":".govuk-heading-xl"}
]]></system-out>
    </testcase>
    <testcase classname="chrome.117_0_5938_132.linux.Invoice_Page_Test.Vendor:_Vendor_Two,Invoice:2005-07" name="before each hook for Vendor Vendor Two Invoice 2005 07" time="7.877">
      <failure/>
      <error message="Element was not displayed within 6000ms"/>
      <system-err><![CDATA[
Error: Element was not displayed within 6000ms
    at async waitForElementDisplayed (file:///home/runner/work/di-billing-transaction-monitoring/di-billing-transaction-monitoring/ui-tests/helpers/waits.ts:23:3)
    at async InvoicePage.getPageHeadingText (file:///home/runner/work/di-billing-transaction-monitoring/di-billing-transaction-monitoring/ui-tests/pageobjects/page.ts:36:5)
    at async Context.<anonymous> (file:///home/runner/work/di-billing-transaction-monitoring/di-billing-transaction-monitoring/ui-tests/specs/invoice.spec.ts:66:27)
]]></system-err>
    </testcase>
  </testsuite>
  <testsuite name="Vendor Vendor One Invoice 2023 01" timestamp="2023-10-10T11:18:23" time="10.627" tests="2" failures="1" errors="1" skipped="1">
    <properties>
      <property name="specId" value="0"/>
      <property name="suiteName" value="Vendor: Vendor One,Invoice:2023-01"/>
      <property name="capabilities" value="chrome.117_0_5938_132.linux"/>
      <property name="file" value="file://./ui-tests/specs/invoice.spec.ts"/>
    </properties>
    <testcase classname="chrome.117_0_5938_132.linux.Invoice_Page_Test.Vendor:_Vendor_One,Invoice:2023-01" name="should display correct status banner color and message" time="0">
      <skipped/>
      <system-out><![CDATA[
COMMAND: POST /session/7c6658c06b74e283d8894d08fa029f5c/url - {"url":"https://ephenv-lazar.btm.dev.account.gov.uk/contracts/1/invoices/2023-01"}
RESULT: {"url":"https://ephenv-lazar.btm.dev.account.gov.uk/contracts/1/invoices/2023-01"}
COMMAND: POST /session/7c6658c06b74e283d8894d08fa029f5c/execute/sync - {"script":"return (() => document.readyState === \"complete\").apply(null, arguments)","args":[]}
RESULT: {"script":"return (() => document.readyState === \"complete\").apply(null, arguments)","args":[]}
COMMAND: GET /session/7c6658c06b74e283d8894d08fa029f5c/url - {}
RESULT: {}
COMMAND: POST /session/7c6658c06b74e283d8894d08fa029f5c/element - {"using":"css selector","value":".govuk-heading-xl"}
RESULT: {"using":"css selector","value":".govuk-heading-xl"}
COMMAND: POST /session/7c6658c06b74e283d8894d08fa029f5c/element - {"using":"css selector","value":".govuk-heading-xl"}
RESULT: {"using":"css selector","value":".govuk-heading-xl"}
COMMAND: POST /session/7c6658c06b74e283d8894d08fa029f5c/element - {"using":"css selector","value":".govuk-heading-xl"}
RESULT: {"using":"css selector","value":".govuk-heading-xl"}
COMMAND: POST /session/7c6658c06b74e283d8894d08fa029f5c/element - {"using":"css selector","value":".govuk-heading-xl"}
RESULT: {"using":"css selector","value":".govuk-heading-xl"}
COMMAND: POST /session/7c6658c06b74e283d8894d08fa029f5c/element - {"using":"css selector","value":".govuk-heading-xl"}
RESULT: {"using":"css selector","value":".govuk-heading-xl"}
COMMAND: POST /session/7c6658c06b74e283d8894d08fa029f5c/element - {"using":"css selector","value":".govuk-heading-xl"}
RESULT: {"using":"css selector","value":".govuk-heading-xl"}
COMMAND: POST /session/7c6658c06b74e283d8894d08fa029f5c/element - {"using":"css selector","value":".govuk-heading-xl"}
RESULT: {"using":"css selector","value":".govuk-heading-xl"}
COMMAND: POST /session/7c6658c06b74e283d8894d08fa029f5c/element - {"using":"css selector","value":".govuk-heading-xl"}
RESULT: {"using":"css selector","value":".govuk-heading-xl"}
COMMAND: POST /session/7c6658c06b74e283d8894d08fa029f5c/element - {"using":"css selector","value":".govuk-heading-xl"}
RESULT: {"using":"css selector","value":".govuk-heading-xl"}
COMMAND: POST /session/7c6658c06b74e283d8894d08fa029f5c/element - {"using":"css selector","value":".govuk-heading-xl"}
RESULT: {"using":"css selector","value":".govuk-heading-xl"}
COMMAND: POST /session/7c6658c06b74e283d8894d08fa029f5c/element - {"using":"css selector","value":".govuk-heading-xl"}
RESULT: {"using":"css selector","value":".govuk-heading-xl"}
COMMAND: POST /session/7c6658c06b74e283d8894d08fa029f5c/element - {"using":"css selector","value":".govuk-heading-xl"}
RESULT: {"using":"css selector","value":".govuk-heading-xl"}
COMMAND: POST /session/7c6658c06b74e283d8894d08fa029f5c/element - {"using":"css selector","value":".govuk-heading-xl"}
RESULT: {"using":"css selector","value":".govuk-heading-xl"}
]]></system-out>
    </testcase>
    <testcase classname="chrome.117_0_5938_132.linux.Invoice_Page_Test.Vendor:_Vendor_One,Invoice:2023-01" name="before each hook for Vendor Vendor One Invoice 2023 01" time="10.627">
      <failure/>
      <error message="Element was not displayed within 6000ms"/>
      <system-err><![CDATA[
Error: Element was not displayed within 6000ms
    at async waitForElementDisplayed (file:///home/runner/work/di-billing-transaction-monitoring/di-billing-transaction-monitoring/ui-tests/helpers/waits.ts:23:3)
    at async InvoicePage.getPageHeadingText (file:///home/runner/work/di-billing-transaction-monitoring/di-billing-transaction-monitoring/ui-tests/pageobjects/page.ts:36:5)
    at async Context.<anonymous> (file:///home/runner/work/di-billing-transaction-monitoring/di-billing-transaction-monitoring/ui-tests/specs/invoice.spec.ts:66:27)
]]></system-err>
    </testcase>
  </testsuite>
  <testsuite name="Vendor Vendor One Invoice 2023 02" timestamp="2023-10-10T11:18:34" time="10.372" tests="2" failures="1" errors="1" skipped="1">
    <properties>
      <property name="specId" value="0"/>
      <property name="suiteName" value="Vendor: Vendor One,Invoice:2023-02"/>
      <property name="capabilities" value="chrome.117_0_5938_132.linux"/>
      <property name="file" value="file://./ui-tests/specs/invoice.spec.ts"/>
    </properties>
    <testcase classname="chrome.117_0_5938_132.linux.Invoice_Page_Test.Vendor:_Vendor_One,Invoice:2023-02" name="should display correct status banner color and message" time="0">
      <skipped/>
      <system-out><![CDATA[
COMMAND: POST /session/7c6658c06b74e283d8894d08fa029f5c/url - {"url":"https://ephenv-lazar.btm.dev.account.gov.uk/contracts/1/invoices/2023-02"}
RESULT: {"url":"https://ephenv-lazar.btm.dev.account.gov.uk/contracts/1/invoices/2023-02"}
COMMAND: POST /session/7c6658c06b74e283d8894d08fa029f5c/execute/sync - {"script":"return (() => document.readyState === \"complete\").apply(null, arguments)","args":[]}
RESULT: {"script":"return (() => document.readyState === \"complete\").apply(null, arguments)","args":[]}
COMMAND: GET /session/7c6658c06b74e283d8894d08fa029f5c/url - {}
RESULT: {}
COMMAND: POST /session/7c6658c06b74e283d8894d08fa029f5c/element - {"using":"css selector","value":".govuk-heading-xl"}
RESULT: {"using":"css selector","value":".govuk-heading-xl"}
COMMAND: POST /session/7c6658c06b74e283d8894d08fa029f5c/element - {"using":"css selector","value":".govuk-heading-xl"}
RESULT: {"using":"css selector","value":".govuk-heading-xl"}
COMMAND: POST /session/7c6658c06b74e283d8894d08fa029f5c/element - {"using":"css selector","value":".govuk-heading-xl"}
RESULT: {"using":"css selector","value":".govuk-heading-xl"}
COMMAND: POST /session/7c6658c06b74e283d8894d08fa029f5c/element - {"using":"css selector","value":".govuk-heading-xl"}
RESULT: {"using":"css selector","value":".govuk-heading-xl"}
COMMAND: POST /session/7c6658c06b74e283d8894d08fa029f5c/element - {"using":"css selector","value":".govuk-heading-xl"}
RESULT: {"using":"css selector","value":".govuk-heading-xl"}
COMMAND: POST /session/7c6658c06b74e283d8894d08fa029f5c/element - {"using":"css selector","value":".govuk-heading-xl"}
RESULT: {"using":"css selector","value":".govuk-heading-xl"}
COMMAND: POST /session/7c6658c06b74e283d8894d08fa029f5c/element - {"using":"css selector","value":".govuk-heading-xl"}
RESULT: {"using":"css selector","value":".govuk-heading-xl"}
COMMAND: POST /session/7c6658c06b74e283d8894d08fa029f5c/element - {"using":"css selector","value":".govuk-heading-xl"}
RESULT: {"using":"css selector","value":".govuk-heading-xl"}
COMMAND: POST /session/7c6658c06b74e283d8894d08fa029f5c/element - {"using":"css selector","value":".govuk-heading-xl"}
RESULT: {"using":"css selector","value":".govuk-heading-xl"}
COMMAND: POST /session/7c6658c06b74e283d8894d08fa029f5c/element - {"using":"css selector","value":".govuk-heading-xl"}
RESULT: {"using":"css selector","value":".govuk-heading-xl"}
COMMAND: POST /session/7c6658c06b74e283d8894d08fa029f5c/element - {"using":"css selector","value":".govuk-heading-xl"}
RESULT: {"using":"css selector","value":".govuk-heading-xl"}
COMMAND: POST /session/7c6658c06b74e283d8894d08fa029f5c/element - {"using":"css selector","value":".govuk-heading-xl"}
RESULT: {"using":"css selector","value":".govuk-heading-xl"}
COMMAND: POST /session/7c6658c06b74e283d8894d08fa029f5c/element - {"using":"css selector","value":".govuk-heading-xl"}
RESULT: {"using":"css selector","value":".govuk-heading-xl"}
]]></system-out>
    </testcase>
    <testcase classname="chrome.117_0_5938_132.linux.Invoice_Page_Test.Vendor:_Vendor_One,Invoice:2023-02" name="before each hook for Vendor Vendor One Invoice 2023 02" time="10.37">
      <failure/>
      <error message="Element was not displayed within 6000ms"/>
      <system-err><![CDATA[
Error: Element was not displayed within 6000ms
    at async waitForElementDisplayed (file:///home/runner/work/di-billing-transaction-monitoring/di-billing-transaction-monitoring/ui-tests/helpers/waits.ts:23:3)
    at async InvoicePage.getPageHeadingText (file:///home/runner/work/di-billing-transaction-monitoring/di-billing-transaction-monitoring/ui-tests/pageobjects/page.ts:36:5)
    at async Context.<anonymous> (file:///home/runner/work/di-billing-transaction-monitoring/di-billing-transaction-monitoring/ui-tests/specs/invoice.spec.ts:66:27)
]]></system-err>
    </testcase>
  </testsuite>
  <testsuite name="Vendor Vendor One Invoice 2023 03" timestamp="2023-10-10T11:18:44" time="6.66" tests="2" failures="1" errors="1" skipped="1">
    <properties>
      <property name="specId" value="0"/>
      <property name="suiteName" value="Vendor: Vendor One,Invoice:2023-03"/>
      <property name="capabilities" value="chrome.117_0_5938_132.linux"/>
      <property name="file" value="file://./ui-tests/specs/invoice.spec.ts"/>
    </properties>
    <testcase classname="chrome.117_0_5938_132.linux.Invoice_Page_Test.Vendor:_Vendor_One,Invoice:2023-03" name="should display correct status banner color and message" time="0">
      <skipped/>
      <system-out><![CDATA[
COMMAND: POST /session/7c6658c06b74e283d8894d08fa029f5c/url - {"url":"https://ephenv-lazar.btm.dev.account.gov.uk/contracts/1/invoices/2023-03"}
RESULT: {"url":"https://ephenv-lazar.btm.dev.account.gov.uk/contracts/1/invoices/2023-03"}
COMMAND: POST /session/7c6658c06b74e283d8894d08fa029f5c/execute/sync - {"script":"return (() => document.readyState === \"complete\").apply(null, arguments)","args":[]}
RESULT: {"script":"return (() => document.readyState === \"complete\").apply(null, arguments)","args":[]}
COMMAND: GET /session/7c6658c06b74e283d8894d08fa029f5c/url - {}
RESULT: {}
COMMAND: POST /session/7c6658c06b74e283d8894d08fa029f5c/element - {"using":"css selector","value":".govuk-heading-xl"}
RESULT: {"using":"css selector","value":".govuk-heading-xl"}
COMMAND: POST /session/7c6658c06b74e283d8894d08fa029f5c/element - {"using":"css selector","value":".govuk-heading-xl"}
RESULT: {"using":"css selector","value":".govuk-heading-xl"}
COMMAND: POST /session/7c6658c06b74e283d8894d08fa029f5c/element - {"using":"css selector","value":".govuk-heading-xl"}
RESULT: {"using":"css selector","value":".govuk-heading-xl"}
COMMAND: POST /session/7c6658c06b74e283d8894d08fa029f5c/element - {"using":"css selector","value":".govuk-heading-xl"}
RESULT: {"using":"css selector","value":".govuk-heading-xl"}
COMMAND: POST /session/7c6658c06b74e283d8894d08fa029f5c/element - {"using":"css selector","value":".govuk-heading-xl"}
RESULT: {"using":"css selector","value":".govuk-heading-xl"}
COMMAND: POST /session/7c6658c06b74e283d8894d08fa029f5c/element - {"using":"css selector","value":".govuk-heading-xl"}
RESULT: {"using":"css selector","value":".govuk-heading-xl"}
COMMAND: POST /session/7c6658c06b74e283d8894d08fa029f5c/element - {"using":"css selector","value":".govuk-heading-xl"}
RESULT: {"using":"css selector","value":".govuk-heading-xl"}
COMMAND: POST /session/7c6658c06b74e283d8894d08fa029f5c/element - {"using":"css selector","value":".govuk-heading-xl"}
RESULT: {"using":"css selector","value":".govuk-heading-xl"}
COMMAND: POST /session/7c6658c06b74e283d8894d08fa029f5c/element - {"using":"css selector","value":".govuk-heading-xl"}
RESULT: {"using":"css selector","value":".govuk-heading-xl"}
COMMAND: POST /session/7c6658c06b74e283d8894d08fa029f5c/element - {"using":"css selector","value":".govuk-heading-xl"}
RESULT: {"using":"css selector","value":".govuk-heading-xl"}
COMMAND: POST /session/7c6658c06b74e283d8894d08fa029f5c/element - {"using":"css selector","value":".govuk-heading-xl"}
RESULT: {"using":"css selector","value":".govuk-heading-xl"}
COMMAND: POST /session/7c6658c06b74e283d8894d08fa029f5c/element - {"using":"css selector","value":".govuk-heading-xl"}
RESULT: {"using":"css selector","value":".govuk-heading-xl"}
COMMAND: POST /session/7c6658c06b74e283d8894d08fa029f5c/element - {"using":"css selector","value":".govuk-heading-xl"}
RESULT: {"using":"css selector","value":".govuk-heading-xl"}
]]></system-out>
    </testcase>
    <testcase classname="chrome.117_0_5938_132.linux.Invoice_Page_Test.Vendor:_Vendor_One,Invoice:2023-03" name="before each hook for Vendor Vendor One Invoice 2023 03" time="6.66">
      <failure/>
      <error message="Element was not displayed within 6000ms"/>
      <system-err><![CDATA[
Error: Element was not displayed within 6000ms
    at async waitForElementDisplayed (file:///home/runner/work/di-billing-transaction-monitoring/di-billing-transaction-monitoring/ui-tests/helpers/waits.ts:23:3)
    at async InvoicePage.getPageHeadingText (file:///home/runner/work/di-billing-transaction-monitoring/di-billing-transaction-monitoring/ui-tests/pageobjects/page.ts:36:5)
    at async Context.<anonymous> (file:///home/runner/work/di-billing-transaction-monitoring/di-billing-transaction-monitoring/ui-tests/specs/invoice.spec.ts:66:27)
]]></system-err>
    </testcase>
  </testsuite>
  <testsuite name="Vendor Vendor One Invoice 2023 04" timestamp="2023-10-10T11:18:51" time="6.798" tests="2" failures="1" errors="1" skipped="1">
    <properties>
      <property name="specId" value="0"/>
      <property name="suiteName" value="Vendor: Vendor One,Invoice:2023-04"/>
      <property name="capabilities" value="chrome.117_0_5938_132.linux"/>
      <property name="file" value="file://./ui-tests/specs/invoice.spec.ts"/>
    </properties>
    <testcase classname="chrome.117_0_5938_132.linux.Invoice_Page_Test.Vendor:_Vendor_One,Invoice:2023-04" name="should display correct status banner color and message" time="0">
      <skipped/>
      <system-out><![CDATA[
COMMAND: POST /session/7c6658c06b74e283d8894d08fa029f5c/url - {"url":"https://ephenv-lazar.btm.dev.account.gov.uk/contracts/1/invoices/2023-04"}
RESULT: {"url":"https://ephenv-lazar.btm.dev.account.gov.uk/contracts/1/invoices/2023-04"}
COMMAND: POST /session/7c6658c06b74e283d8894d08fa029f5c/execute/sync - {"script":"return (() => document.readyState === \"complete\").apply(null, arguments)","args":[]}
RESULT: {"script":"return (() => document.readyState === \"complete\").apply(null, arguments)","args":[]}
COMMAND: GET /session/7c6658c06b74e283d8894d08fa029f5c/url - {}
RESULT: {}
COMMAND: POST /session/7c6658c06b74e283d8894d08fa029f5c/element - {"using":"css selector","value":".govuk-heading-xl"}
RESULT: {"using":"css selector","value":".govuk-heading-xl"}
COMMAND: POST /session/7c6658c06b74e283d8894d08fa029f5c/element - {"using":"css selector","value":".govuk-heading-xl"}
RESULT: {"using":"css selector","value":".govuk-heading-xl"}
COMMAND: POST /session/7c6658c06b74e283d8894d08fa029f5c/element - {"using":"css selector","value":".govuk-heading-xl"}
RESULT: {"using":"css selector","value":".govuk-heading-xl"}
COMMAND: POST /session/7c6658c06b74e283d8894d08fa029f5c/element - {"using":"css selector","value":".govuk-heading-xl"}
RESULT: {"using":"css selector","value":".govuk-heading-xl"}
COMMAND: POST /session/7c6658c06b74e283d8894d08fa029f5c/element - {"using":"css selector","value":".govuk-heading-xl"}
RESULT: {"using":"css selector","value":".govuk-heading-xl"}
COMMAND: POST /session/7c6658c06b74e283d8894d08fa029f5c/element - {"using":"css selector","value":".govuk-heading-xl"}
RESULT: {"using":"css selector","value":".govuk-heading-xl"}
COMMAND: POST /session/7c6658c06b74e283d8894d08fa029f5c/element - {"using":"css selector","value":".govuk-heading-xl"}
RESULT: {"using":"css selector","value":".govuk-heading-xl"}
COMMAND: POST /session/7c6658c06b74e283d8894d08fa029f5c/element - {"using":"css selector","value":".govuk-heading-xl"}
RESULT: {"using":"css selector","value":".govuk-heading-xl"}
COMMAND: POST /session/7c6658c06b74e283d8894d08fa029f5c/element - {"using":"css selector","value":".govuk-heading-xl"}
RESULT: {"using":"css selector","value":".govuk-heading-xl"}
COMMAND: POST /session/7c6658c06b74e283d8894d08fa029f5c/element - {"using":"css selector","value":".govuk-heading-xl"}
RESULT: {"using":"css selector","value":".govuk-heading-xl"}
COMMAND: POST /session/7c6658c06b74e283d8894d08fa029f5c/element - {"using":"css selector","value":".govuk-heading-xl"}
RESULT: {"using":"css selector","value":".govuk-heading-xl"}
COMMAND: POST /session/7c6658c06b74e283d8894d08fa029f5c/element - {"using":"css selector","value":".govuk-heading-xl"}
RESULT: {"using":"css selector","value":".govuk-heading-xl"}
COMMAND: POST /session/7c6658c06b74e283d8894d08fa029f5c/element - {"using":"css selector","value":".govuk-heading-xl"}
RESULT: {"using":"css selector","value":".govuk-heading-xl"}
]]></system-out>
    </testcase>
    <testcase classname="chrome.117_0_5938_132.linux.Invoice_Page_Test.Vendor:_Vendor_One,Invoice:2023-04" name="before each hook for Vendor Vendor One Invoice 2023 04" time="6.798">
      <failure/>
      <error message="Element was not displayed within 6000ms"/>
      <system-err><![CDATA[
Error: Element was not displayed within 6000ms
    at async waitForElementDisplayed (file:///home/runner/work/di-billing-transaction-monitoring/di-billing-transaction-monitoring/ui-tests/helpers/waits.ts:23:3)
    at async InvoicePage.getPageHeadingText (file:///home/runner/work/di-billing-transaction-monitoring/di-billing-transaction-monitoring/ui-tests/pageobjects/page.ts:36:5)
    at async Context.<anonymous> (file:///home/runner/work/di-billing-transaction-monitoring/di-billing-transaction-monitoring/ui-tests/specs/invoice.spec.ts:66:27)
]]></system-err>
    </testcase>
  </testsuite>
  <testsuite name="Vendor Vendor One Invoice 2023 05" timestamp="2023-10-10T11:18:57" time="9.485" tests="2" failures="1" errors="1" skipped="1">
    <properties>
      <property name="specId" value="0"/>
      <property name="suiteName" value="Vendor: Vendor One,Invoice:2023-05"/>
      <property name="capabilities" value="chrome.117_0_5938_132.linux"/>
      <property name="file" value="file://./ui-tests/specs/invoice.spec.ts"/>
    </properties>
    <testcase classname="chrome.117_0_5938_132.linux.Invoice_Page_Test.Vendor:_Vendor_One,Invoice:2023-05" name="should display correct status banner color and message" time="0">
      <skipped/>
      <system-out><![CDATA[
COMMAND: POST /session/7c6658c06b74e283d8894d08fa029f5c/url - {"url":"https://ephenv-lazar.btm.dev.account.gov.uk/contracts/1/invoices/2023-05"}
RESULT: {"url":"https://ephenv-lazar.btm.dev.account.gov.uk/contracts/1/invoices/2023-05"}
COMMAND: POST /session/7c6658c06b74e283d8894d08fa029f5c/execute/sync - {"script":"return (() => document.readyState === \"complete\").apply(null, arguments)","args":[]}
RESULT: {"script":"return (() => document.readyState === \"complete\").apply(null, arguments)","args":[]}
COMMAND: GET /session/7c6658c06b74e283d8894d08fa029f5c/url - {}
RESULT: {}
COMMAND: POST /session/7c6658c06b74e283d8894d08fa029f5c/element - {"using":"css selector","value":".govuk-heading-xl"}
RESULT: {"using":"css selector","value":".govuk-heading-xl"}
COMMAND: POST /session/7c6658c06b74e283d8894d08fa029f5c/element - {"using":"css selector","value":".govuk-heading-xl"}
RESULT: {"using":"css selector","value":".govuk-heading-xl"}
COMMAND: POST /session/7c6658c06b74e283d8894d08fa029f5c/element - {"using":"css selector","value":".govuk-heading-xl"}
RESULT: {"using":"css selector","value":".govuk-heading-xl"}
COMMAND: POST /session/7c6658c06b74e283d8894d08fa029f5c/element - {"using":"css selector","value":".govuk-heading-xl"}
RESULT: {"using":"css selector","value":".govuk-heading-xl"}
COMMAND: POST /session/7c6658c06b74e283d8894d08fa029f5c/element - {"using":"css selector","value":".govuk-heading-xl"}
RESULT: {"using":"css selector","value":".govuk-heading-xl"}
COMMAND: POST /session/7c6658c06b74e283d8894d08fa029f5c/element - {"using":"css selector","value":".govuk-heading-xl"}
RESULT: {"using":"css selector","value":".govuk-heading-xl"}
COMMAND: POST /session/7c6658c06b74e283d8894d08fa029f5c/element - {"using":"css selector","value":".govuk-heading-xl"}
RESULT: {"using":"css selector","value":".govuk-heading-xl"}
COMMAND: POST /session/7c6658c06b74e283d8894d08fa029f5c/element - {"using":"css selector","value":".govuk-heading-xl"}
RESULT: {"using":"css selector","value":".govuk-heading-xl"}
COMMAND: POST /session/7c6658c06b74e283d8894d08fa029f5c/element - {"using":"css selector","value":".govuk-heading-xl"}
RESULT: {"using":"css selector","value":".govuk-heading-xl"}
COMMAND: POST /session/7c6658c06b74e283d8894d08fa029f5c/element - {"using":"css selector","value":".govuk-heading-xl"}
RESULT: {"using":"css selector","value":".govuk-heading-xl"}
COMMAND: POST /session/7c6658c06b74e283d8894d08fa029f5c/element - {"using":"css selector","value":".govuk-heading-xl"}
RESULT: {"using":"css selector","value":".govuk-heading-xl"}
COMMAND: POST /session/7c6658c06b74e283d8894d08fa029f5c/element - {"using":"css selector","value":".govuk-heading-xl"}
RESULT: {"using":"css selector","value":".govuk-heading-xl"}
COMMAND: POST /session/7c6658c06b74e283d8894d08fa029f5c/element - {"using":"css selector","value":".govuk-heading-xl"}
RESULT: {"using":"css selector","value":".govuk-heading-xl"}
]]></system-out>
    </testcase>
    <testcase classname="chrome.117_0_5938_132.linux.Invoice_Page_Test.Vendor:_Vendor_One,Invoice:2023-05" name="before each hook for Vendor Vendor One Invoice 2023 05" time="9.484">
      <failure/>
      <error message="Element was not displayed within 6000ms"/>
      <system-err><![CDATA[
Error: Element was not displayed within 6000ms
    at async waitForElementDisplayed (file:///home/runner/work/di-billing-transaction-monitoring/di-billing-transaction-monitoring/ui-tests/helpers/waits.ts:23:3)
    at async InvoicePage.getPageHeadingText (file:///home/runner/work/di-billing-transaction-monitoring/di-billing-transaction-monitoring/ui-tests/pageobjects/page.ts:36:5)
    at async Context.<anonymous> (file:///home/runner/work/di-billing-transaction-monitoring/di-billing-transaction-monitoring/ui-tests/specs/invoice.spec.ts:66:27)
]]></system-err>
    </testcase>
  </testsuite>
  <testsuite name="Vendor Vendor One Invoice 2023 06" timestamp="2023-10-10T11:19:07" time="7.18" tests="2" failures="1" errors="1" skipped="1">
    <properties>
      <property name="specId" value="0"/>
      <property name="suiteName" value="Vendor: Vendor One,Invoice:2023-06"/>
      <property name="capabilities" value="chrome.117_0_5938_132.linux"/>
      <property name="file" value="file://./ui-tests/specs/invoice.spec.ts"/>
    </properties>
    <testcase classname="chrome.117_0_5938_132.linux.Invoice_Page_Test.Vendor:_Vendor_One,Invoice:2023-06" name="should display correct status banner color and message" time="0">
      <skipped/>
      <system-out><![CDATA[
COMMAND: POST /session/7c6658c06b74e283d8894d08fa029f5c/url - {"url":"https://ephenv-lazar.btm.dev.account.gov.uk/contracts/1/invoices/2023-06"}
RESULT: {"url":"https://ephenv-lazar.btm.dev.account.gov.uk/contracts/1/invoices/2023-06"}
COMMAND: POST /session/7c6658c06b74e283d8894d08fa029f5c/execute/sync - {"script":"return (() => document.readyState === \"complete\").apply(null, arguments)","args":[]}
RESULT: {"script":"return (() => document.readyState === \"complete\").apply(null, arguments)","args":[]}
COMMAND: GET /session/7c6658c06b74e283d8894d08fa029f5c/url - {}
RESULT: {}
COMMAND: POST /session/7c6658c06b74e283d8894d08fa029f5c/element - {"using":"css selector","value":".govuk-heading-xl"}
RESULT: {"using":"css selector","value":".govuk-heading-xl"}
COMMAND: POST /session/7c6658c06b74e283d8894d08fa029f5c/element - {"using":"css selector","value":".govuk-heading-xl"}
RESULT: {"using":"css selector","value":".govuk-heading-xl"}
COMMAND: POST /session/7c6658c06b74e283d8894d08fa029f5c/element - {"using":"css selector","value":".govuk-heading-xl"}
RESULT: {"using":"css selector","value":".govuk-heading-xl"}
COMMAND: POST /session/7c6658c06b74e283d8894d08fa029f5c/element - {"using":"css selector","value":".govuk-heading-xl"}
RESULT: {"using":"css selector","value":".govuk-heading-xl"}
COMMAND: POST /session/7c6658c06b74e283d8894d08fa029f5c/element - {"using":"css selector","value":".govuk-heading-xl"}
RESULT: {"using":"css selector","value":".govuk-heading-xl"}
COMMAND: POST /session/7c6658c06b74e283d8894d08fa029f5c/element - {"using":"css selector","value":".govuk-heading-xl"}
RESULT: {"using":"css selector","value":".govuk-heading-xl"}
COMMAND: POST /session/7c6658c06b74e283d8894d08fa029f5c/element - {"using":"css selector","value":".govuk-heading-xl"}
RESULT: {"using":"css selector","value":".govuk-heading-xl"}
COMMAND: POST /session/7c6658c06b74e283d8894d08fa029f5c/element - {"using":"css selector","value":".govuk-heading-xl"}
RESULT: {"using":"css selector","value":".govuk-heading-xl"}
COMMAND: POST /session/7c6658c06b74e283d8894d08fa029f5c/element - {"using":"css selector","value":".govuk-heading-xl"}
RESULT: {"using":"css selector","value":".govuk-heading-xl"}
COMMAND: POST /session/7c6658c06b74e283d8894d08fa029f5c/element - {"using":"css selector","value":".govuk-heading-xl"}
RESULT: {"using":"css selector","value":".govuk-heading-xl"}
COMMAND: POST /session/7c6658c06b74e283d8894d08fa029f5c/element - {"using":"css selector","value":".govuk-heading-xl"}
RESULT: {"using":"css selector","value":".govuk-heading-xl"}
COMMAND: POST /session/7c6658c06b74e283d8894d08fa029f5c/element - {"using":"css selector","value":".govuk-heading-xl"}
RESULT: {"using":"css selector","value":".govuk-heading-xl"}
COMMAND: POST /session/7c6658c06b74e283d8894d08fa029f5c/element - {"using":"css selector","value":".govuk-heading-xl"}
RESULT: {"using":"css selector","value":".govuk-heading-xl"}
]]></system-out>
    </testcase>
    <testcase classname="chrome.117_0_5938_132.linux.Invoice_Page_Test.Vendor:_Vendor_One,Invoice:2023-06" name="before each hook for Vendor Vendor One Invoice 2023 06" time="7.18">
      <failure/>
      <error message="Element was not displayed within 6000ms"/>
      <system-err><![CDATA[
Error: Element was not displayed within 6000ms
    at async waitForElementDisplayed (file:///home/runner/work/di-billing-transaction-monitoring/di-billing-transaction-monitoring/ui-tests/helpers/waits.ts:23:3)
    at async InvoicePage.getPageHeadingText (file:///home/runner/work/di-billing-transaction-monitoring/di-billing-transaction-monitoring/ui-tests/pageobjects/page.ts:36:5)
    at async Context.<anonymous> (file:///home/runner/work/di-billing-transaction-monitoring/di-billing-transaction-monitoring/ui-tests/specs/invoice.spec.ts:66:27)
]]></system-err>
    </testcase>
  </testsuite>
  <testsuite name="Vendor Vendor One Invoice 2023 07" timestamp="2023-10-10T11:19:14" time="6.699" tests="2" failures="1" errors="1" skipped="1">
    <properties>
      <property name="specId" value="0"/>
      <property name="suiteName" value="Vendor: Vendor One,Invoice:2023-07"/>
      <property name="capabilities" value="chrome.117_0_5938_132.linux"/>
      <property name="file" value="file://./ui-tests/specs/invoice.spec.ts"/>
    </properties>
    <testcase classname="chrome.117_0_5938_132.linux.Invoice_Page_Test.Vendor:_Vendor_One,Invoice:2023-07" name="should display correct status banner color and message" time="0">
      <skipped/>
      <system-out><![CDATA[
COMMAND: POST /session/7c6658c06b74e283d8894d08fa029f5c/url - {"url":"https://ephenv-lazar.btm.dev.account.gov.uk/contracts/1/invoices/2023-07"}
RESULT: {"url":"https://ephenv-lazar.btm.dev.account.gov.uk/contracts/1/invoices/2023-07"}
COMMAND: POST /session/7c6658c06b74e283d8894d08fa029f5c/execute/sync - {"script":"return (() => document.readyState === \"complete\").apply(null, arguments)","args":[]}
RESULT: {"script":"return (() => document.readyState === \"complete\").apply(null, arguments)","args":[]}
COMMAND: GET /session/7c6658c06b74e283d8894d08fa029f5c/url - {}
RESULT: {}
COMMAND: POST /session/7c6658c06b74e283d8894d08fa029f5c/element - {"using":"css selector","value":".govuk-heading-xl"}
RESULT: {"using":"css selector","value":".govuk-heading-xl"}
COMMAND: POST /session/7c6658c06b74e283d8894d08fa029f5c/element - {"using":"css selector","value":".govuk-heading-xl"}
RESULT: {"using":"css selector","value":".govuk-heading-xl"}
COMMAND: POST /session/7c6658c06b74e283d8894d08fa029f5c/element - {"using":"css selector","value":".govuk-heading-xl"}
RESULT: {"using":"css selector","value":".govuk-heading-xl"}
COMMAND: POST /session/7c6658c06b74e283d8894d08fa029f5c/element - {"using":"css selector","value":".govuk-heading-xl"}
RESULT: {"using":"css selector","value":".govuk-heading-xl"}
COMMAND: POST /session/7c6658c06b74e283d8894d08fa029f5c/element - {"using":"css selector","value":".govuk-heading-xl"}
RESULT: {"using":"css selector","value":".govuk-heading-xl"}
COMMAND: POST /session/7c6658c06b74e283d8894d08fa029f5c/element - {"using":"css selector","value":".govuk-heading-xl"}
RESULT: {"using":"css selector","value":".govuk-heading-xl"}
COMMAND: POST /session/7c6658c06b74e283d8894d08fa029f5c/element - {"using":"css selector","value":".govuk-heading-xl"}
RESULT: {"using":"css selector","value":".govuk-heading-xl"}
COMMAND: POST /session/7c6658c06b74e283d8894d08fa029f5c/element - {"using":"css selector","value":".govuk-heading-xl"}
RESULT: {"using":"css selector","value":".govuk-heading-xl"}
COMMAND: POST /session/7c6658c06b74e283d8894d08fa029f5c/element - {"using":"css selector","value":".govuk-heading-xl"}
RESULT: {"using":"css selector","value":".govuk-heading-xl"}
COMMAND: POST /session/7c6658c06b74e283d8894d08fa029f5c/element - {"using":"css selector","value":".govuk-heading-xl"}
RESULT: {"using":"css selector","value":".govuk-heading-xl"}
COMMAND: POST /session/7c6658c06b74e283d8894d08fa029f5c/element - {"using":"css selector","value":".govuk-heading-xl"}
RESULT: {"using":"css selector","value":".govuk-heading-xl"}
COMMAND: POST /session/7c6658c06b74e283d8894d08fa029f5c/element - {"using":"css selector","value":".govuk-heading-xl"}
RESULT: {"using":"css selector","value":".govuk-heading-xl"}
COMMAND: POST /session/7c6658c06b74e283d8894d08fa029f5c/element - {"using":"css selector","value":".govuk-heading-xl"}
RESULT: {"using":"css selector","value":".govuk-heading-xl"}
]]></system-out>
    </testcase>
    <testcase classname="chrome.117_0_5938_132.linux.Invoice_Page_Test.Vendor:_Vendor_One,Invoice:2023-07" name="before each hook for Vendor Vendor One Invoice 2023 07" time="6.698">
      <failure/>
      <error message="Element was not displayed within 6000ms"/>
      <system-err><![CDATA[
Error: Element was not displayed within 6000ms
    at async waitForElementDisplayed (file:///home/runner/work/di-billing-transaction-monitoring/di-billing-transaction-monitoring/ui-tests/helpers/waits.ts:23:3)
    at async InvoicePage.getPageHeadingText (file:///home/runner/work/di-billing-transaction-monitoring/di-billing-transaction-monitoring/ui-tests/pageobjects/page.ts:36:5)
    at async Context.<anonymous> (file:///home/runner/work/di-billing-transaction-monitoring/di-billing-transaction-monitoring/ui-tests/specs/invoice.spec.ts:66:27)
]]></system-err>
    </testcase>
  </testsuite>
  <testsuite name="Vendor Vendor One Invoice 2004 12" timestamp="2023-10-10T11:19:21" time="6.676" tests="2" failures="1" errors="1" skipped="1">
    <properties>
      <property name="specId" value="0"/>
      <property name="suiteName" value="Vendor: Vendor One,Invoice:2004-12"/>
      <property name="capabilities" value="chrome.117_0_5938_132.linux"/>
      <property name="file" value="file://./ui-tests/specs/invoice.spec.ts"/>
    </properties>
    <testcase classname="chrome.117_0_5938_132.linux.Invoice_Page_Test.Vendor:_Vendor_One,Invoice:2004-12" name="should display correct status banner color and message" time="0">
      <skipped/>
      <system-out><![CDATA[
COMMAND: POST /session/7c6658c06b74e283d8894d08fa029f5c/url - {"url":"https://ephenv-lazar.btm.dev.account.gov.uk/contracts/1/invoices/2004-12"}
RESULT: {"url":"https://ephenv-lazar.btm.dev.account.gov.uk/contracts/1/invoices/2004-12"}
COMMAND: POST /session/7c6658c06b74e283d8894d08fa029f5c/execute/sync - {"script":"return (() => document.readyState === \"complete\").apply(null, arguments)","args":[]}
RESULT: {"script":"return (() => document.readyState === \"complete\").apply(null, arguments)","args":[]}
COMMAND: GET /session/7c6658c06b74e283d8894d08fa029f5c/url - {}
RESULT: {}
COMMAND: POST /session/7c6658c06b74e283d8894d08fa029f5c/element - {"using":"css selector","value":".govuk-heading-xl"}
RESULT: {"using":"css selector","value":".govuk-heading-xl"}
COMMAND: POST /session/7c6658c06b74e283d8894d08fa029f5c/element - {"using":"css selector","value":".govuk-heading-xl"}
RESULT: {"using":"css selector","value":".govuk-heading-xl"}
COMMAND: POST /session/7c6658c06b74e283d8894d08fa029f5c/element - {"using":"css selector","value":".govuk-heading-xl"}
RESULT: {"using":"css selector","value":".govuk-heading-xl"}
COMMAND: POST /session/7c6658c06b74e283d8894d08fa029f5c/element - {"using":"css selector","value":".govuk-heading-xl"}
RESULT: {"using":"css selector","value":".govuk-heading-xl"}
COMMAND: POST /session/7c6658c06b74e283d8894d08fa029f5c/element - {"using":"css selector","value":".govuk-heading-xl"}
RESULT: {"using":"css selector","value":".govuk-heading-xl"}
COMMAND: POST /session/7c6658c06b74e283d8894d08fa029f5c/element - {"using":"css selector","value":".govuk-heading-xl"}
RESULT: {"using":"css selector","value":".govuk-heading-xl"}
COMMAND: POST /session/7c6658c06b74e283d8894d08fa029f5c/element - {"using":"css selector","value":".govuk-heading-xl"}
RESULT: {"using":"css selector","value":".govuk-heading-xl"}
COMMAND: POST /session/7c6658c06b74e283d8894d08fa029f5c/element - {"using":"css selector","value":".govuk-heading-xl"}
RESULT: {"using":"css selector","value":".govuk-heading-xl"}
COMMAND: POST /session/7c6658c06b74e283d8894d08fa029f5c/element - {"using":"css selector","value":".govuk-heading-xl"}
RESULT: {"using":"css selector","value":".govuk-heading-xl"}
COMMAND: POST /session/7c6658c06b74e283d8894d08fa029f5c/element - {"using":"css selector","value":".govuk-heading-xl"}
RESULT: {"using":"css selector","value":".govuk-heading-xl"}
COMMAND: POST /session/7c6658c06b74e283d8894d08fa029f5c/element - {"using":"css selector","value":".govuk-heading-xl"}
RESULT: {"using":"css selector","value":".govuk-heading-xl"}
COMMAND: POST /session/7c6658c06b74e283d8894d08fa029f5c/element - {"using":"css selector","value":".govuk-heading-xl"}
RESULT: {"using":"css selector","value":".govuk-heading-xl"}
COMMAND: POST /session/7c6658c06b74e283d8894d08fa029f5c/element - {"using":"css selector","value":".govuk-heading-xl"}
RESULT: {"using":"css selector","value":".govuk-heading-xl"}
]]></system-out>
    </testcase>
    <testcase classname="chrome.117_0_5938_132.linux.Invoice_Page_Test.Vendor:_Vendor_One,Invoice:2004-12" name="before each hook for Vendor Vendor One Invoice 2004 12" time="6.676">
      <failure/>
      <error message="Element was not displayed within 6000ms"/>
      <system-err><![CDATA[
Error: Element was not displayed within 6000ms
    at async waitForElementDisplayed (file:///home/runner/work/di-billing-transaction-monitoring/di-billing-transaction-monitoring/ui-tests/helpers/waits.ts:23:3)
    at async InvoicePage.getPageHeadingText (file:///home/runner/work/di-billing-transaction-monitoring/di-billing-transaction-monitoring/ui-tests/pageobjects/page.ts:36:5)
    at async Context.<anonymous> (file:///home/runner/work/di-billing-transaction-monitoring/di-billing-transaction-monitoring/ui-tests/specs/invoice.spec.ts:66:27)
]]></system-err>
    </testcase>
  </testsuite>
  <testsuite name="Vendor Vendor Six Invoice 2005 Q2" timestamp="2023-10-10T11:19:27" time="12.22" tests="2" failures="1" errors="1" skipped="1">
    <properties>
      <property name="specId" value="0"/>
      <property name="suiteName" value="Vendor: Vendor Six,Invoice:2005-Q2"/>
      <property name="capabilities" value="chrome.117_0_5938_132.linux"/>
      <property name="file" value="file://./ui-tests/specs/invoice.spec.ts"/>
    </properties>
    <testcase classname="chrome.117_0_5938_132.linux.Invoice_Page_Test.Vendor:_Vendor_Six,Invoice:2005-Q2" name="should display correct status banner color and message" time="0">
      <skipped/>
      <system-out><![CDATA[
COMMAND: POST /session/7c6658c06b74e283d8894d08fa029f5c/url - {"url":"https://ephenv-lazar.btm.dev.account.gov.uk/contracts/6/invoices/2005-q2"}
RESULT: {"url":"https://ephenv-lazar.btm.dev.account.gov.uk/contracts/6/invoices/2005-q2"}
COMMAND: POST /session/7c6658c06b74e283d8894d08fa029f5c/execute/sync - {"script":"return (() => document.readyState === \"complete\").apply(null, arguments)","args":[]}
RESULT: {"script":"return (() => document.readyState === \"complete\").apply(null, arguments)","args":[]}
COMMAND: GET /session/7c6658c06b74e283d8894d08fa029f5c/url - {}
RESULT: {}
COMMAND: POST /session/7c6658c06b74e283d8894d08fa029f5c/element - {"using":"css selector","value":".govuk-heading-xl"}
RESULT: {"using":"css selector","value":".govuk-heading-xl"}
COMMAND: POST /session/7c6658c06b74e283d8894d08fa029f5c/element - {"using":"css selector","value":".govuk-heading-xl"}
RESULT: {"using":"css selector","value":".govuk-heading-xl"}
COMMAND: POST /session/7c6658c06b74e283d8894d08fa029f5c/element - {"using":"css selector","value":".govuk-heading-xl"}
RESULT: {"using":"css selector","value":".govuk-heading-xl"}
COMMAND: POST /session/7c6658c06b74e283d8894d08fa029f5c/element - {"using":"css selector","value":".govuk-heading-xl"}
RESULT: {"using":"css selector","value":".govuk-heading-xl"}
COMMAND: POST /session/7c6658c06b74e283d8894d08fa029f5c/element - {"using":"css selector","value":".govuk-heading-xl"}
RESULT: {"using":"css selector","value":".govuk-heading-xl"}
COMMAND: POST /session/7c6658c06b74e283d8894d08fa029f5c/element - {"using":"css selector","value":".govuk-heading-xl"}
RESULT: {"using":"css selector","value":".govuk-heading-xl"}
COMMAND: POST /session/7c6658c06b74e283d8894d08fa029f5c/element - {"using":"css selector","value":".govuk-heading-xl"}
RESULT: {"using":"css selector","value":".govuk-heading-xl"}
COMMAND: POST /session/7c6658c06b74e283d8894d08fa029f5c/element - {"using":"css selector","value":".govuk-heading-xl"}
RESULT: {"using":"css selector","value":".govuk-heading-xl"}
COMMAND: POST /session/7c6658c06b74e283d8894d08fa029f5c/element - {"using":"css selector","value":".govuk-heading-xl"}
RESULT: {"using":"css selector","value":".govuk-heading-xl"}
COMMAND: POST /session/7c6658c06b74e283d8894d08fa029f5c/element - {"using":"css selector","value":".govuk-heading-xl"}
RESULT: {"using":"css selector","value":".govuk-heading-xl"}
COMMAND: POST /session/7c6658c06b74e283d8894d08fa029f5c/element - {"using":"css selector","value":".govuk-heading-xl"}
RESULT: {"using":"css selector","value":".govuk-heading-xl"}
COMMAND: POST /session/7c6658c06b74e283d8894d08fa029f5c/element - {"using":"css selector","value":".govuk-heading-xl"}
RESULT: {"using":"css selector","value":".govuk-heading-xl"}
COMMAND: POST /session/7c6658c06b74e283d8894d08fa029f5c/element - {"using":"css selector","value":".govuk-heading-xl"}
RESULT: {"using":"css selector","value":".govuk-heading-xl"}
COMMAND: DELETE /session/7c6658c06b74e283d8894d08fa029f5c - {}
RESULT: {}
]]></system-out>
    </testcase>
    <testcase classname="chrome.117_0_5938_132.linux.Invoice_Page_Test.Vendor:_Vendor_Six,Invoice:2005-Q2" name="before each hook for Vendor Vendor Six Invoice 2005 Q2" time="12.22">
      <failure/>
      <error message="Element was not displayed within 6000ms"/>
      <system-err><![CDATA[
Error: Element was not displayed within 6000ms
    at async waitForElementDisplayed (file:///home/runner/work/di-billing-transaction-monitoring/di-billing-transaction-monitoring/ui-tests/helpers/waits.ts:23:3)
    at async InvoicePage.getPageHeadingText (file:///home/runner/work/di-billing-transaction-monitoring/di-billing-transaction-monitoring/ui-tests/pageobjects/page.ts:36:5)
    at async Context.<anonymous> (file:///home/runner/work/di-billing-transaction-monitoring/di-billing-transaction-monitoring/ui-tests/specs/invoice.spec.ts:66:27)
]]></system-err>
    </testcase>
  </testsuite>
</testsuites>