<?xml version="1.0" encoding="UTF-8"?>
<testsuites>
  <testsuite name="Invoice Page Test" timestamp="2024-02-19T14:07:27" time="82.667" tests="0" failures="0" errors="0" skipped="0">
    <properties>
      <property name="specId" value="0"/>
      <property name="suiteName" value="Invoice Page Test"/>
      <property name="capabilities" value="chrome-headless-shell.121_0_6167_160.linux"/>
      <property name="file" value="file://./ui-tests/specs/invoice.spec.ts"/>
    </properties>
  </testsuite>
  <testsuite name="Vendor Vendor Three Invoice 2005 09" timestamp="2024-02-19T14:07:27" time="15.831" tests="6" failures="0" errors="0" skipped="0">
    <properties>
      <property name="specId" value="0"/>
      <property name="suiteName" value="Vendor: Vendor Three,Invoice:2005-09"/>
      <property name="capabilities" value="chrome-headless-shell.121_0_6167_160.linux"/>
      <property name="file" value="file://./ui-tests/specs/invoice.spec.ts"/>
    </properties>
    <testcase classname="chrome-headless-shell.121_0_6167_160.linux.Invoice_Page_Test.Vendor:_Vendor_Three,Invoice:2005-09" name="should display correct status banner color and message" time="8.41">
      <system-out><![CDATA[
COMMAND: POST /session/fc5459e8ec102b07d3dd84a44e5887bc/url - {"url":"https://pr-527.btm.dev.account.gov.uk/contracts/3/invoices/2005-09"}
RESULT: {"url":"https://pr-527.btm.dev.account.gov.uk/contracts/3/invoices/2005-09"}
COMMAND: POST /session/fc5459e8ec102b07d3dd84a44e5887bc/execute/sync - {"script":"return (() => document.readyState === \"complete\").apply(null, arguments)","args":[]}
RESULT: {"script":"return (() => document.readyState === \"complete\").apply(null, arguments)","args":[]}
COMMAND: GET /session/fc5459e8ec102b07d3dd84a44e5887bc/url - {}
RESULT: {}
COMMAND: POST /session/fc5459e8ec102b07d3dd84a44e5887bc/element - {"using":"css selector","value":".govuk-heading-xl"}
RESULT: {"using":"css selector","value":".govuk-heading-xl"}
COMMAND: GET /session/fc5459e8ec102b07d3dd84a44e5887bc/element/CFB87C6B3A2A85F41982DBDFB93D8509_element_5/displayed - {}
RESULT: {}
COMMAND: POST /session/fc5459e8ec102b07d3dd84a44e5887bc/element - {"using":"css selector","value":".govuk-heading-xl"}
RESULT: {"using":"css selector","value":".govuk-heading-xl"}
COMMAND: GET /session/fc5459e8ec102b07d3dd84a44e5887bc/element/CFB87C6B3A2A85F41982DBDFB93D8509_element_5/text - {}
RESULT: {}
COMMAND: POST /session/fc5459e8ec102b07d3dd84a44e5887bc/element - {"using":"css selector","value":"h2.govuk-panel__title"}
RESULT: {"using":"css selector","value":"h2.govuk-panel__title"}
COMMAND: GET /session/fc5459e8ec102b07d3dd84a44e5887bc/element/CFB87C6B3A2A85F41982DBDFB93D8509_element_6/displayed - {}
RESULT: {}
COMMAND: POST /session/fc5459e8ec102b07d3dd84a44e5887bc/element - {"using":"css selector","value":"h2.govuk-panel__title"}
RESULT: {"using":"css selector","value":"h2.govuk-panel__title"}
COMMAND: GET /session/fc5459e8ec102b07d3dd84a44e5887bc/element/CFB87C6B3A2A85F41982DBDFB93D8509_element_6/text - {}
RESULT: {}
COMMAND: POST /session/fc5459e8ec102b07d3dd84a44e5887bc/element - {"using":"css selector","value":".govuk-panel"}
RESULT: {"using":"css selector","value":".govuk-panel"}
COMMAND: GET /session/fc5459e8ec102b07d3dd84a44e5887bc/element/CFB87C6B3A2A85F41982DBDFB93D8509_element_3/displayed - {}
RESULT: {}
COMMAND: GET /session/fc5459e8ec102b07d3dd84a44e5887bc/element/CFB87C6B3A2A85F41982DBDFB93D8509_element_3/css/background-color - {}
RESULT: {}
]]></system-out>
    </testcase>
    <testcase classname="chrome-headless-shell.121_0_6167_160.linux.Invoice_Page_Test.Vendor:_Vendor_Three,Invoice:2005-09" name="should validate reconciliation table data" time="3.915">
      <system-out><![CDATA[
COMMAND: POST /session/fc5459e8ec102b07d3dd84a44e5887bc/url - {"url":"https://pr-527.btm.dev.account.gov.uk/contracts/3/invoices/2005-09"}
RESULT: {"url":"https://pr-527.btm.dev.account.gov.uk/contracts/3/invoices/2005-09"}
COMMAND: POST /session/fc5459e8ec102b07d3dd84a44e5887bc/execute/sync - {"script":"return (() => document.readyState === \"complete\").apply(null, arguments)","args":[]}
RESULT: {"script":"return (() => document.readyState === \"complete\").apply(null, arguments)","args":[]}
COMMAND: GET /session/fc5459e8ec102b07d3dd84a44e5887bc/url - {}
RESULT: {}
COMMAND: POST /session/fc5459e8ec102b07d3dd84a44e5887bc/element - {"using":"css selector","value":".govuk-heading-xl"}
RESULT: {"using":"css selector","value":".govuk-heading-xl"}
COMMAND: GET /session/fc5459e8ec102b07d3dd84a44e5887bc/element/7BBB85AC9CD9D72084F9DB89256A8A99_element_11/displayed - {}
RESULT: {}
COMMAND: POST /session/fc5459e8ec102b07d3dd84a44e5887bc/element - {"using":"css selector","value":".govuk-heading-xl"}
RESULT: {"using":"css selector","value":".govuk-heading-xl"}
COMMAND: GET /session/fc5459e8ec102b07d3dd84a44e5887bc/element/7BBB85AC9CD9D72084F9DB89256A8A99_element_11/text - {}
RESULT: {}
COMMAND: POST /session/fc5459e8ec102b07d3dd84a44e5887bc/element - {"using":"xpath","value":".//caption[contains(., \"Reconciliation\") and not(.//caption)]"}
RESULT: {"using":"xpath","value":".//caption[contains(., \"Reconciliation\") and not(.//caption)]"}
COMMAND: POST /session/fc5459e8ec102b07d3dd84a44e5887bc/execute/sync - {"script":"return (function (elem, id) {\n        return (function parentElement() {\n        return this.parentElement;\n    }).call(elem, id);\n    }).apply(null, arguments)","args":[{"element-6066-11e4-a52e-4f735466cecf":"7BBB85AC9CD9D72084F9DB89256A8A99_element_12","ELEMENT":"7BBB85AC9CD9D72084F9DB89256A8A99_element_12"}]}
RESULT: {"script":"return (function (elem, id) {\n        return (function parentElement() {\n        return this.parentElement;\n    }).call(elem, id);\n    }).apply(null, arguments)","args":[{"element-6066-11e4-a52e-4f735466cecf":"7BBB85AC9CD9D72084F9DB89256A8A99_element_12","ELEMENT":"7BBB85AC9CD9D72084F9DB89256A8A99_element_12"}]}
COMMAND: GET /session/fc5459e8ec102b07d3dd84a44e5887bc/element/7BBB85AC9CD9D72084F9DB89256A8A99_element_10/displayed - {}
RESULT: {}
COMMAND: POST /session/fc5459e8ec102b07d3dd84a44e5887bc/element/7BBB85AC9CD9D72084F9DB89256A8A99_element_10/elements - {"using":"css selector","value":"tbody tr"}
RESULT: {"using":"css selector","value":"tbody tr"}
COMMAND: POST /session/fc5459e8ec102b07d3dd84a44e5887bc/element/7BBB85AC9CD9D72084F9DB89256A8A99_element_10/element - {"using":"css selector","value":"thead tr"}
RESULT: {"using":"css selector","value":"thead tr"}
COMMAND: POST /session/fc5459e8ec102b07d3dd84a44e5887bc/element/7BBB85AC9CD9D72084F9DB89256A8A99_element_14/elements - {"using":"css selector","value":"th"}
RESULT: {"using":"css selector","value":"th"}
COMMAND: GET /session/fc5459e8ec102b07d3dd84a44e5887bc/element/7BBB85AC9CD9D72084F9DB89256A8A99_element_15/text - {}
COMMAND: GET /session/fc5459e8ec102b07d3dd84a44e5887bc/element/7BBB85AC9CD9D72084F9DB89256A8A99_element_16/text - {}
COMMAND: GET /session/fc5459e8ec102b07d3dd84a44e5887bc/element/7BBB85AC9CD9D72084F9DB89256A8A99_element_18/text - {}
COMMAND: GET /session/fc5459e8ec102b07d3dd84a44e5887bc/element/7BBB85AC9CD9D72084F9DB89256A8A99_element_17/text - {}
COMMAND: GET /session/fc5459e8ec102b07d3dd84a44e5887bc/element/7BBB85AC9CD9D72084F9DB89256A8A99_element_19/text - {}
RESULT: {}
RESULT: {}
RESULT: {}
RESULT: {}
RESULT: {}
COMMAND: POST /session/fc5459e8ec102b07d3dd84a44e5887bc/element/7BBB85AC9CD9D72084F9DB89256A8A99_element_13/elements - {"using":"css selector","value":"th,td"}
RESULT: {"using":"css selector","value":"th,td"}
COMMAND: GET /session/fc5459e8ec102b07d3dd84a44e5887bc/element/7BBB85AC9CD9D72084F9DB89256A8A99_element_20/text - {}
RESULT: {}
COMMAND: GET /session/fc5459e8ec102b07d3dd84a44e5887bc/element/7BBB85AC9CD9D72084F9DB89256A8A99_element_21/text - {}
RESULT: {}
COMMAND: GET /session/fc5459e8ec102b07d3dd84a44e5887bc/element/7BBB85AC9CD9D72084F9DB89256A8A99_element_22/text - {}
RESULT: {}
COMMAND: GET /session/fc5459e8ec102b07d3dd84a44e5887bc/element/7BBB85AC9CD9D72084F9DB89256A8A99_element_23/text - {}
RESULT: {}
COMMAND: GET /session/fc5459e8ec102b07d3dd84a44e5887bc/element/7BBB85AC9CD9D72084F9DB89256A8A99_element_24/text - {}
RESULT: {}
]]></system-out>
    </testcase>
    <testcase classname="chrome-headless-shell.121_0_6167_160.linux.Invoice_Page_Test.Vendor:_Vendor_Three,Invoice:2005-09" name="should validate quantity events table data" time="1.338">
      <system-out><![CDATA[
COMMAND: POST /session/fc5459e8ec102b07d3dd84a44e5887bc/url - {"url":"https://pr-527.btm.dev.account.gov.uk/contracts/3/invoices/2005-09"}
RESULT: {"url":"https://pr-527.btm.dev.account.gov.uk/contracts/3/invoices/2005-09"}
COMMAND: POST /session/fc5459e8ec102b07d3dd84a44e5887bc/execute/sync - {"script":"return (() => document.readyState === \"complete\").apply(null, arguments)","args":[]}
RESULT: {"script":"return (() => document.readyState === \"complete\").apply(null, arguments)","args":[]}
COMMAND: GET /session/fc5459e8ec102b07d3dd84a44e5887bc/url - {}
RESULT: {}
COMMAND: POST /session/fc5459e8ec102b07d3dd84a44e5887bc/element - {"using":"css selector","value":".govuk-heading-xl"}
RESULT: {"using":"css selector","value":".govuk-heading-xl"}
COMMAND: GET /session/fc5459e8ec102b07d3dd84a44e5887bc/element/20B9BFC17C055C6587A9BA323591EF10_element_27/displayed - {}
RESULT: {}
COMMAND: POST /session/fc5459e8ec102b07d3dd84a44e5887bc/element - {"using":"css selector","value":".govuk-heading-xl"}
RESULT: {"using":"css selector","value":".govuk-heading-xl"}
COMMAND: GET /session/fc5459e8ec102b07d3dd84a44e5887bc/element/20B9BFC17C055C6587A9BA323591EF10_element_27/text - {}
RESULT: {}
COMMAND: POST /session/fc5459e8ec102b07d3dd84a44e5887bc/element - {"using":"xpath","value":".//caption[contains(., \"Quantity (events)\") and not(.//caption)]"}
RESULT: {"using":"xpath","value":".//caption[contains(., \"Quantity (events)\") and not(.//caption)]"}
COMMAND: POST /session/fc5459e8ec102b07d3dd84a44e5887bc/execute/sync - {"script":"return (function (elem, id) {\n        return (function parentElement() {\n        return this.parentElement;\n    }).call(elem, id);\n    }).apply(null, arguments)","args":[{"element-6066-11e4-a52e-4f735466cecf":"20B9BFC17C055C6587A9BA323591EF10_element_28","ELEMENT":"20B9BFC17C055C6587A9BA323591EF10_element_28"}]}
RESULT: {"script":"return (function (elem, id) {\n        return (function parentElement() {\n        return this.parentElement;\n    }).call(elem, id);\n    }).apply(null, arguments)","args":[{"element-6066-11e4-a52e-4f735466cecf":"20B9BFC17C055C6587A9BA323591EF10_element_28","ELEMENT":"20B9BFC17C055C6587A9BA323591EF10_element_28"}]}
COMMAND: GET /session/fc5459e8ec102b07d3dd84a44e5887bc/element/20B9BFC17C055C6587A9BA323591EF10_element_29/displayed - {}
RESULT: {}
COMMAND: POST /session/fc5459e8ec102b07d3dd84a44e5887bc/element/20B9BFC17C055C6587A9BA323591EF10_element_29/elements - {"using":"css selector","value":"tbody tr"}
RESULT: {"using":"css selector","value":"tbody tr"}
COMMAND: POST /session/fc5459e8ec102b07d3dd84a44e5887bc/element/20B9BFC17C055C6587A9BA323591EF10_element_29/element - {"using":"css selector","value":"thead tr"}
RESULT: {"using":"css selector","value":"thead tr"}
COMMAND: POST /session/fc5459e8ec102b07d3dd84a44e5887bc/element/20B9BFC17C055C6587A9BA323591EF10_element_31/elements - {"using":"css selector","value":"th"}
RESULT: {"using":"css selector","value":"th"}
COMMAND: GET /session/fc5459e8ec102b07d3dd84a44e5887bc/element/20B9BFC17C055C6587A9BA323591EF10_element_32/text - {}
COMMAND: GET /session/fc5459e8ec102b07d3dd84a44e5887bc/element/20B9BFC17C055C6587A9BA323591EF10_element_33/text - {}
COMMAND: GET /session/fc5459e8ec102b07d3dd84a44e5887bc/element/20B9BFC17C055C6587A9BA323591EF10_element_35/text - {}
COMMAND: GET /session/fc5459e8ec102b07d3dd84a44e5887bc/element/20B9BFC17C055C6587A9BA323591EF10_element_34/text - {}
RESULT: {}
RESULT: {}
RESULT: {}
RESULT: {}
COMMAND: POST /session/fc5459e8ec102b07d3dd84a44e5887bc/element/20B9BFC17C055C6587A9BA323591EF10_element_30/elements - {"using":"css selector","value":"th,td"}
RESULT: {"using":"css selector","value":"th,td"}
COMMAND: GET /session/fc5459e8ec102b07d3dd84a44e5887bc/element/20B9BFC17C055C6587A9BA323591EF10_element_36/text - {}
RESULT: {}
COMMAND: GET /session/fc5459e8ec102b07d3dd84a44e5887bc/element/20B9BFC17C055C6587A9BA323591EF10_element_37/text - {}
RESULT: {}
COMMAND: GET /session/fc5459e8ec102b07d3dd84a44e5887bc/element/20B9BFC17C055C6587A9BA323591EF10_element_38/text - {}
RESULT: {}
COMMAND: GET /session/fc5459e8ec102b07d3dd84a44e5887bc/element/20B9BFC17C055C6587A9BA323591EF10_element_39/text - {}
RESULT: {}
]]></system-out>
    </testcase>
    <testcase classname="chrome-headless-shell.121_0_6167_160.linux.Invoice_Page_Test.Vendor:_Vendor_Three,Invoice:2005-09" name="should validate price table data" time="0.745">
      <system-out><![CDATA[
COMMAND: POST /session/fc5459e8ec102b07d3dd84a44e5887bc/url - {"url":"https://pr-527.btm.dev.account.gov.uk/contracts/3/invoices/2005-09"}
RESULT: {"url":"https://pr-527.btm.dev.account.gov.uk/contracts/3/invoices/2005-09"}
COMMAND: POST /session/fc5459e8ec102b07d3dd84a44e5887bc/execute/sync - {"script":"return (() => document.readyState === \"complete\").apply(null, arguments)","args":[]}
RESULT: {"script":"return (() => document.readyState === \"complete\").apply(null, arguments)","args":[]}
COMMAND: GET /session/fc5459e8ec102b07d3dd84a44e5887bc/url - {}
RESULT: {}
COMMAND: POST /session/fc5459e8ec102b07d3dd84a44e5887bc/element - {"using":"css selector","value":".govuk-heading-xl"}
RESULT: {"using":"css selector","value":".govuk-heading-xl"}
COMMAND: GET /session/fc5459e8ec102b07d3dd84a44e5887bc/element/77B7743AD8C5170BFDDB9910050D3B2E_element_42/displayed - {}
RESULT: {}
COMMAND: POST /session/fc5459e8ec102b07d3dd84a44e5887bc/element - {"using":"css selector","value":".govuk-heading-xl"}
RESULT: {"using":"css selector","value":".govuk-heading-xl"}
COMMAND: GET /session/fc5459e8ec102b07d3dd84a44e5887bc/element/77B7743AD8C5170BFDDB9910050D3B2E_element_42/text - {}
RESULT: {}
COMMAND: POST /session/fc5459e8ec102b07d3dd84a44e5887bc/element - {"using":"xpath","value":".//caption[contains(., \"Price\") and not(.//caption)]"}
RESULT: {"using":"xpath","value":".//caption[contains(., \"Price\") and not(.//caption)]"}
COMMAND: POST /session/fc5459e8ec102b07d3dd84a44e5887bc/execute/sync - {"script":"return (function (elem, id) {\n        return (function parentElement() {\n        return this.parentElement;\n    }).call(elem, id);\n    }).apply(null, arguments)","args":[{"element-6066-11e4-a52e-4f735466cecf":"77B7743AD8C5170BFDDB9910050D3B2E_element_43","ELEMENT":"77B7743AD8C5170BFDDB9910050D3B2E_element_43"}]}
RESULT: {"script":"return (function (elem, id) {\n        return (function parentElement() {\n        return this.parentElement;\n    }).call(elem, id);\n    }).apply(null, arguments)","args":[{"element-6066-11e4-a52e-4f735466cecf":"77B7743AD8C5170BFDDB9910050D3B2E_element_43","ELEMENT":"77B7743AD8C5170BFDDB9910050D3B2E_element_43"}]}
COMMAND: GET /session/fc5459e8ec102b07d3dd84a44e5887bc/element/77B7743AD8C5170BFDDB9910050D3B2E_element_44/displayed - {}
RESULT: {}
COMMAND: POST /session/fc5459e8ec102b07d3dd84a44e5887bc/element/77B7743AD8C5170BFDDB9910050D3B2E_element_44/elements - {"using":"css selector","value":"tbody tr"}
RESULT: {"using":"css selector","value":"tbody tr"}
COMMAND: POST /session/fc5459e8ec102b07d3dd84a44e5887bc/element/77B7743AD8C5170BFDDB9910050D3B2E_element_44/element - {"using":"css selector","value":"thead tr"}
RESULT: {"using":"css selector","value":"thead tr"}
COMMAND: POST /session/fc5459e8ec102b07d3dd84a44e5887bc/element/77B7743AD8C5170BFDDB9910050D3B2E_element_46/elements - {"using":"css selector","value":"th"}
RESULT: {"using":"css selector","value":"th"}
COMMAND: GET /session/fc5459e8ec102b07d3dd84a44e5887bc/element/77B7743AD8C5170BFDDB9910050D3B2E_element_47/text - {}
COMMAND: GET /session/fc5459e8ec102b07d3dd84a44e5887bc/element/77B7743AD8C5170BFDDB9910050D3B2E_element_48/text - {}
COMMAND: GET /session/fc5459e8ec102b07d3dd84a44e5887bc/element/77B7743AD8C5170BFDDB9910050D3B2E_element_50/text - {}
COMMAND: GET /session/fc5459e8ec102b07d3dd84a44e5887bc/element/77B7743AD8C5170BFDDB9910050D3B2E_element_49/text - {}
RESULT: {}
RESULT: {}
RESULT: {}
RESULT: {}
COMMAND: POST /session/fc5459e8ec102b07d3dd84a44e5887bc/element/77B7743AD8C5170BFDDB9910050D3B2E_element_45/elements - {"using":"css selector","value":"th,td"}
RESULT: {"using":"css selector","value":"th,td"}
COMMAND: GET /session/fc5459e8ec102b07d3dd84a44e5887bc/element/77B7743AD8C5170BFDDB9910050D3B2E_element_51/text - {}
RESULT: {}
COMMAND: GET /session/fc5459e8ec102b07d3dd84a44e5887bc/element/77B7743AD8C5170BFDDB9910050D3B2E_element_52/text - {}
RESULT: {}
COMMAND: GET /session/fc5459e8ec102b07d3dd84a44e5887bc/element/77B7743AD8C5170BFDDB9910050D3B2E_element_53/text - {}
RESULT: {}
COMMAND: GET /session/fc5459e8ec102b07d3dd84a44e5887bc/element/77B7743AD8C5170BFDDB9910050D3B2E_element_54/text - {}
RESULT: {}
]]></system-out>
    </testcase>
    <testcase classname="chrome-headless-shell.121_0_6167_160.linux.Invoice_Page_Test.Vendor:_Vendor_Three,Invoice:2005-09" name="should validate measured events table data" time="0.706">
      <system-out><![CDATA[
COMMAND: POST /session/fc5459e8ec102b07d3dd84a44e5887bc/url - {"url":"https://pr-527.btm.dev.account.gov.uk/contracts/3/invoices/2005-09"}
RESULT: {"url":"https://pr-527.btm.dev.account.gov.uk/contracts/3/invoices/2005-09"}
COMMAND: POST /session/fc5459e8ec102b07d3dd84a44e5887bc/execute/sync - {"script":"return (() => document.readyState === \"complete\").apply(null, arguments)","args":[]}
RESULT: {"script":"return (() => document.readyState === \"complete\").apply(null, arguments)","args":[]}
COMMAND: GET /session/fc5459e8ec102b07d3dd84a44e5887bc/url - {}
RESULT: {}
COMMAND: POST /session/fc5459e8ec102b07d3dd84a44e5887bc/element - {"using":"css selector","value":".govuk-heading-xl"}
RESULT: {"using":"css selector","value":".govuk-heading-xl"}
COMMAND: GET /session/fc5459e8ec102b07d3dd84a44e5887bc/element/6FE2981A9F9483C35C90B76838554680_element_57/displayed - {}
RESULT: {}
COMMAND: POST /session/fc5459e8ec102b07d3dd84a44e5887bc/element - {"using":"css selector","value":".govuk-heading-xl"}
RESULT: {"using":"css selector","value":".govuk-heading-xl"}
COMMAND: GET /session/fc5459e8ec102b07d3dd84a44e5887bc/element/6FE2981A9F9483C35C90B76838554680_element_57/text - {}
RESULT: {}
COMMAND: POST /session/fc5459e8ec102b07d3dd84a44e5887bc/element - {"using":"xpath","value":".//caption[contains(., \"Measured (events)\") and not(.//caption)]"}
RESULT: {"using":"xpath","value":".//caption[contains(., \"Measured (events)\") and not(.//caption)]"}
COMMAND: POST /session/fc5459e8ec102b07d3dd84a44e5887bc/execute/sync - {"script":"return (function (elem, id) {\n        return (function parentElement() {\n        return this.parentElement;\n    }).call(elem, id);\n    }).apply(null, arguments)","args":[{"element-6066-11e4-a52e-4f735466cecf":"6FE2981A9F9483C35C90B76838554680_element_58","ELEMENT":"6FE2981A9F9483C35C90B76838554680_element_58"}]}
RESULT: {"script":"return (function (elem, id) {\n        return (function parentElement() {\n        return this.parentElement;\n    }).call(elem, id);\n    }).apply(null, arguments)","args":[{"element-6066-11e4-a52e-4f735466cecf":"6FE2981A9F9483C35C90B76838554680_element_58","ELEMENT":"6FE2981A9F9483C35C90B76838554680_element_58"}]}
COMMAND: GET /session/fc5459e8ec102b07d3dd84a44e5887bc/element/6FE2981A9F9483C35C90B76838554680_element_59/displayed - {}
RESULT: {}
COMMAND: POST /session/fc5459e8ec102b07d3dd84a44e5887bc/element/6FE2981A9F9483C35C90B76838554680_element_59/elements - {"using":"css selector","value":"tbody tr"}
RESULT: {"using":"css selector","value":"tbody tr"}
COMMAND: POST /session/fc5459e8ec102b07d3dd84a44e5887bc/element/6FE2981A9F9483C35C90B76838554680_element_59/element - {"using":"css selector","value":"thead tr"}
RESULT: {"using":"css selector","value":"thead tr"}
COMMAND: POST /session/fc5459e8ec102b07d3dd84a44e5887bc/element/6FE2981A9F9483C35C90B76838554680_element_61/elements - {"using":"css selector","value":"th"}
RESULT: {"using":"css selector","value":"th"}
COMMAND: GET /session/fc5459e8ec102b07d3dd84a44e5887bc/element/6FE2981A9F9483C35C90B76838554680_element_62/text - {}
COMMAND: GET /session/fc5459e8ec102b07d3dd84a44e5887bc/element/6FE2981A9F9483C35C90B76838554680_element_63/text - {}
RESULT: {}
RESULT: {}
COMMAND: POST /session/fc5459e8ec102b07d3dd84a44e5887bc/element/6FE2981A9F9483C35C90B76838554680_element_60/elements - {"using":"css selector","value":"th,td"}
RESULT: {"using":"css selector","value":"th,td"}
COMMAND: GET /session/fc5459e8ec102b07d3dd84a44e5887bc/element/6FE2981A9F9483C35C90B76838554680_element_64/text - {}
RESULT: {}
COMMAND: GET /session/fc5459e8ec102b07d3dd84a44e5887bc/element/6FE2981A9F9483C35C90B76838554680_element_65/text - {}
RESULT: {}
]]></system-out>
    </testcase>
    <testcase classname="chrome-headless-shell.121_0_6167_160.linux.Invoice_Page_Test.Vendor:_Vendor_Three,Invoice:2005-09" name="should validate invoice table data" time="0.717">
      <system-out><![CDATA[
COMMAND: POST /session/fc5459e8ec102b07d3dd84a44e5887bc/url - {"url":"https://pr-527.btm.dev.account.gov.uk/contracts/3/invoices/2005-09"}
RESULT: {"url":"https://pr-527.btm.dev.account.gov.uk/contracts/3/invoices/2005-09"}
COMMAND: POST /session/fc5459e8ec102b07d3dd84a44e5887bc/execute/sync - {"script":"return (() => document.readyState === \"complete\").apply(null, arguments)","args":[]}
RESULT: {"script":"return (() => document.readyState === \"complete\").apply(null, arguments)","args":[]}
COMMAND: GET /session/fc5459e8ec102b07d3dd84a44e5887bc/url - {}
RESULT: {}
COMMAND: POST /session/fc5459e8ec102b07d3dd84a44e5887bc/element - {"using":"css selector","value":".govuk-heading-xl"}
RESULT: {"using":"css selector","value":".govuk-heading-xl"}
COMMAND: GET /session/fc5459e8ec102b07d3dd84a44e5887bc/element/DC7A64F7518086EFC732790B36C66D7A_element_68/displayed - {}
RESULT: {}
COMMAND: POST /session/fc5459e8ec102b07d3dd84a44e5887bc/element - {"using":"css selector","value":".govuk-heading-xl"}
RESULT: {"using":"css selector","value":".govuk-heading-xl"}
COMMAND: GET /session/fc5459e8ec102b07d3dd84a44e5887bc/element/DC7A64F7518086EFC732790B36C66D7A_element_68/text - {}
RESULT: {}
COMMAND: POST /session/fc5459e8ec102b07d3dd84a44e5887bc/element - {"using":"xpath","value":".//caption[contains(., \"Invoice\") and not(.//caption)]"}
RESULT: {"using":"xpath","value":".//caption[contains(., \"Invoice\") and not(.//caption)]"}
COMMAND: POST /session/fc5459e8ec102b07d3dd84a44e5887bc/execute/sync - {"script":"return (function (elem, id) {\n        return (function parentElement() {\n        return this.parentElement;\n    }).call(elem, id);\n    }).apply(null, arguments)","args":[{"element-6066-11e4-a52e-4f735466cecf":"DC7A64F7518086EFC732790B36C66D7A_element_69","ELEMENT":"DC7A64F7518086EFC732790B36C66D7A_element_69"}]}
RESULT: {"script":"return (function (elem, id) {\n        return (function parentElement() {\n        return this.parentElement;\n    }).call(elem, id);\n    }).apply(null, arguments)","args":[{"element-6066-11e4-a52e-4f735466cecf":"DC7A64F7518086EFC732790B36C66D7A_element_69","ELEMENT":"DC7A64F7518086EFC732790B36C66D7A_element_69"}]}
COMMAND: GET /session/fc5459e8ec102b07d3dd84a44e5887bc/element/DC7A64F7518086EFC732790B36C66D7A_element_70/displayed - {}
RESULT: {}
COMMAND: POST /session/fc5459e8ec102b07d3dd84a44e5887bc/element/DC7A64F7518086EFC732790B36C66D7A_element_70/elements - {"using":"css selector","value":"tbody tr"}
RESULT: {"using":"css selector","value":"tbody tr"}
COMMAND: POST /session/fc5459e8ec102b07d3dd84a44e5887bc/element/DC7A64F7518086EFC732790B36C66D7A_element_70/element - {"using":"css selector","value":"thead tr"}
RESULT: {"using":"css selector","value":"thead tr"}
COMMAND: POST /session/fc5459e8ec102b07d3dd84a44e5887bc/element/DC7A64F7518086EFC732790B36C66D7A_element_73/elements - {"using":"css selector","value":"th"}
RESULT: {"using":"css selector","value":"th"}
COMMAND: GET /session/fc5459e8ec102b07d3dd84a44e5887bc/element/DC7A64F7518086EFC732790B36C66D7A_element_74/text - {}
COMMAND: GET /session/fc5459e8ec102b07d3dd84a44e5887bc/element/DC7A64F7518086EFC732790B36C66D7A_element_75/text - {}
COMMAND: GET /session/fc5459e8ec102b07d3dd84a44e5887bc/element/DC7A64F7518086EFC732790B36C66D7A_element_77/text - {}
COMMAND: GET /session/fc5459e8ec102b07d3dd84a44e5887bc/element/DC7A64F7518086EFC732790B36C66D7A_element_76/text - {}
COMMAND: GET /session/fc5459e8ec102b07d3dd84a44e5887bc/element/DC7A64F7518086EFC732790B36C66D7A_element_78/text - {}
RESULT: {}
RESULT: {}
RESULT: {}
RESULT: {}
RESULT: {}
COMMAND: POST /session/fc5459e8ec102b07d3dd84a44e5887bc/element/DC7A64F7518086EFC732790B36C66D7A_element_71/elements - {"using":"css selector","value":"th,td"}
RESULT: {"using":"css selector","value":"th,td"}
COMMAND: GET /session/fc5459e8ec102b07d3dd84a44e5887bc/element/DC7A64F7518086EFC732790B36C66D7A_element_79/text - {}
RESULT: {}
COMMAND: GET /session/fc5459e8ec102b07d3dd84a44e5887bc/element/DC7A64F7518086EFC732790B36C66D7A_element_80/text - {}
RESULT: {}
COMMAND: GET /session/fc5459e8ec102b07d3dd84a44e5887bc/element/DC7A64F7518086EFC732790B36C66D7A_element_81/text - {}
RESULT: {}
COMMAND: GET /session/fc5459e8ec102b07d3dd84a44e5887bc/element/DC7A64F7518086EFC732790B36C66D7A_element_82/text - {}
RESULT: {}
COMMAND: GET /session/fc5459e8ec102b07d3dd84a44e5887bc/element/DC7A64F7518086EFC732790B36C66D7A_element_83/text - {}
RESULT: {}
COMMAND: POST /session/fc5459e8ec102b07d3dd84a44e5887bc/element/DC7A64F7518086EFC732790B36C66D7A_element_72/elements - {"using":"css selector","value":"th,td"}
RESULT: {"using":"css selector","value":"th,td"}
COMMAND: GET /session/fc5459e8ec102b07d3dd84a44e5887bc/element/DC7A64F7518086EFC732790B36C66D7A_element_84/text - {}
RESULT: {}
COMMAND: GET /session/fc5459e8ec102b07d3dd84a44e5887bc/element/DC7A64F7518086EFC732790B36C66D7A_element_85/text - {}
RESULT: {}
COMMAND: GET /session/fc5459e8ec102b07d3dd84a44e5887bc/element/DC7A64F7518086EFC732790B36C66D7A_element_86/text - {}
RESULT: {}
COMMAND: GET /session/fc5459e8ec102b07d3dd84a44e5887bc/element/DC7A64F7518086EFC732790B36C66D7A_element_87/text - {}
RESULT: {}
COMMAND: GET /session/fc5459e8ec102b07d3dd84a44e5887bc/element/DC7A64F7518086EFC732790B36C66D7A_element_88/text - {}
RESULT: {}
]]></system-out>
    </testcase>
  </testsuite>
  <testsuite name="Vendor Vendor Three Invoice 2023 03" timestamp="2024-02-19T14:07:43" time="4.587" tests="6" failures="0" errors="0" skipped="0">
    <properties>
      <property name="specId" value="0"/>
      <property name="suiteName" value="Vendor: Vendor Three,Invoice:2023-03"/>
      <property name="capabilities" value="chrome-headless-shell.121_0_6167_160.linux"/>
      <property name="file" value="file://./ui-tests/specs/invoice.spec.ts"/>
    </properties>
    <testcase classname="chrome-headless-shell.121_0_6167_160.linux.Invoice_Page_Test.Vendor:_Vendor_Three,Invoice:2023-03" name="should display correct status banner color and message" time="0.619">
      <system-out><![CDATA[
COMMAND: POST /session/fc5459e8ec102b07d3dd84a44e5887bc/url - {"url":"https://pr-527.btm.dev.account.gov.uk/contracts/3/invoices/2023-03"}
RESULT: {"url":"https://pr-527.btm.dev.account.gov.uk/contracts/3/invoices/2023-03"}
COMMAND: POST /session/fc5459e8ec102b07d3dd84a44e5887bc/execute/sync - {"script":"return (() => document.readyState === \"complete\").apply(null, arguments)","args":[]}
RESULT: {"script":"return (() => document.readyState === \"complete\").apply(null, arguments)","args":[]}
COMMAND: GET /session/fc5459e8ec102b07d3dd84a44e5887bc/url - {}
RESULT: {}
COMMAND: POST /session/fc5459e8ec102b07d3dd84a44e5887bc/element - {"using":"css selector","value":".govuk-heading-xl"}
RESULT: {"using":"css selector","value":".govuk-heading-xl"}
COMMAND: GET /session/fc5459e8ec102b07d3dd84a44e5887bc/element/988E7FE9B40139786D4B5E22780E0D5E_element_91/displayed - {}
RESULT: {}
COMMAND: POST /session/fc5459e8ec102b07d3dd84a44e5887bc/element - {"using":"css selector","value":".govuk-heading-xl"}
RESULT: {"using":"css selector","value":".govuk-heading-xl"}
COMMAND: GET /session/fc5459e8ec102b07d3dd84a44e5887bc/element/988E7FE9B40139786D4B5E22780E0D5E_element_91/text - {}
RESULT: {}
COMMAND: POST /session/fc5459e8ec102b07d3dd84a44e5887bc/element - {"using":"css selector","value":"h2.govuk-panel__title"}
RESULT: {"using":"css selector","value":"h2.govuk-panel__title"}
COMMAND: GET /session/fc5459e8ec102b07d3dd84a44e5887bc/element/988E7FE9B40139786D4B5E22780E0D5E_element_92/displayed - {}
RESULT: {}
COMMAND: POST /session/fc5459e8ec102b07d3dd84a44e5887bc/element - {"using":"css selector","value":"h2.govuk-panel__title"}
RESULT: {"using":"css selector","value":"h2.govuk-panel__title"}
COMMAND: GET /session/fc5459e8ec102b07d3dd84a44e5887bc/element/988E7FE9B40139786D4B5E22780E0D5E_element_92/text - {}
RESULT: {}
COMMAND: POST /session/fc5459e8ec102b07d3dd84a44e5887bc/element - {"using":"css selector","value":".govuk-panel"}
RESULT: {"using":"css selector","value":".govuk-panel"}
COMMAND: GET /session/fc5459e8ec102b07d3dd84a44e5887bc/element/988E7FE9B40139786D4B5E22780E0D5E_element_93/displayed - {}
RESULT: {}
COMMAND: GET /session/fc5459e8ec102b07d3dd84a44e5887bc/element/988E7FE9B40139786D4B5E22780E0D5E_element_93/css/background-color - {}
RESULT: {}
]]></system-out>
    </testcase>
    <testcase classname="chrome-headless-shell.121_0_6167_160.linux.Invoice_Page_Test.Vendor:_Vendor_Three,Invoice:2023-03" name="should validate reconciliation table data" time="0.768">
      <system-out><![CDATA[
COMMAND: POST /session/fc5459e8ec102b07d3dd84a44e5887bc/url - {"url":"https://pr-527.btm.dev.account.gov.uk/contracts/3/invoices/2023-03"}
RESULT: {"url":"https://pr-527.btm.dev.account.gov.uk/contracts/3/invoices/2023-03"}
COMMAND: POST /session/fc5459e8ec102b07d3dd84a44e5887bc/execute/sync - {"script":"return (() => document.readyState === \"complete\").apply(null, arguments)","args":[]}
RESULT: {"script":"return (() => document.readyState === \"complete\").apply(null, arguments)","args":[]}
COMMAND: GET /session/fc5459e8ec102b07d3dd84a44e5887bc/url - {}
RESULT: {}
COMMAND: POST /session/fc5459e8ec102b07d3dd84a44e5887bc/element - {"using":"css selector","value":".govuk-heading-xl"}
RESULT: {"using":"css selector","value":".govuk-heading-xl"}
COMMAND: GET /session/fc5459e8ec102b07d3dd84a44e5887bc/element/EE7B9E3CE8E2EB156E3F0B4FFFDF3BD9_element_98/displayed - {}
RESULT: {}
COMMAND: POST /session/fc5459e8ec102b07d3dd84a44e5887bc/element - {"using":"css selector","value":".govuk-heading-xl"}
RESULT: {"using":"css selector","value":".govuk-heading-xl"}
COMMAND: GET /session/fc5459e8ec102b07d3dd84a44e5887bc/element/EE7B9E3CE8E2EB156E3F0B4FFFDF3BD9_element_98/text - {}
RESULT: {}
COMMAND: POST /session/fc5459e8ec102b07d3dd84a44e5887bc/element - {"using":"xpath","value":".//caption[contains(., \"Reconciliation\") and not(.//caption)]"}
RESULT: {"using":"xpath","value":".//caption[contains(., \"Reconciliation\") and not(.//caption)]"}
COMMAND: POST /session/fc5459e8ec102b07d3dd84a44e5887bc/execute/sync - {"script":"return (function (elem, id) {\n        return (function parentElement() {\n        return this.parentElement;\n    }).call(elem, id);\n    }).apply(null, arguments)","args":[{"element-6066-11e4-a52e-4f735466cecf":"EE7B9E3CE8E2EB156E3F0B4FFFDF3BD9_element_99","ELEMENT":"EE7B9E3CE8E2EB156E3F0B4FFFDF3BD9_element_99"}]}
RESULT: {"script":"return (function (elem, id) {\n        return (function parentElement() {\n        return this.parentElement;\n    }).call(elem, id);\n    }).apply(null, arguments)","args":[{"element-6066-11e4-a52e-4f735466cecf":"EE7B9E3CE8E2EB156E3F0B4FFFDF3BD9_element_99","ELEMENT":"EE7B9E3CE8E2EB156E3F0B4FFFDF3BD9_element_99"}]}
COMMAND: GET /session/fc5459e8ec102b07d3dd84a44e5887bc/element/EE7B9E3CE8E2EB156E3F0B4FFFDF3BD9_element_97/displayed - {}
RESULT: {}
COMMAND: POST /session/fc5459e8ec102b07d3dd84a44e5887bc/element/EE7B9E3CE8E2EB156E3F0B4FFFDF3BD9_element_97/elements - {"using":"css selector","value":"tbody tr"}
RESULT: {"using":"css selector","value":"tbody tr"}
COMMAND: POST /session/fc5459e8ec102b07d3dd84a44e5887bc/element/EE7B9E3CE8E2EB156E3F0B4FFFDF3BD9_element_97/element - {"using":"css selector","value":"thead tr"}
RESULT: {"using":"css selector","value":"thead tr"}
COMMAND: POST /session/fc5459e8ec102b07d3dd84a44e5887bc/element/EE7B9E3CE8E2EB156E3F0B4FFFDF3BD9_element_102/elements - {"using":"css selector","value":"th"}
RESULT: {"using":"css selector","value":"th"}
COMMAND: GET /session/fc5459e8ec102b07d3dd84a44e5887bc/element/EE7B9E3CE8E2EB156E3F0B4FFFDF3BD9_element_103/text - {}
COMMAND: GET /session/fc5459e8ec102b07d3dd84a44e5887bc/element/EE7B9E3CE8E2EB156E3F0B4FFFDF3BD9_element_104/text - {}
COMMAND: GET /session/fc5459e8ec102b07d3dd84a44e5887bc/element/EE7B9E3CE8E2EB156E3F0B4FFFDF3BD9_element_106/text - {}
COMMAND: GET /session/fc5459e8ec102b07d3dd84a44e5887bc/element/EE7B9E3CE8E2EB156E3F0B4FFFDF3BD9_element_105/text - {}
COMMAND: GET /session/fc5459e8ec102b07d3dd84a44e5887bc/element/EE7B9E3CE8E2EB156E3F0B4FFFDF3BD9_element_107/text - {}
RESULT: {}
RESULT: {}
RESULT: {}
RESULT: {}
RESULT: {}
COMMAND: POST /session/fc5459e8ec102b07d3dd84a44e5887bc/element/EE7B9E3CE8E2EB156E3F0B4FFFDF3BD9_element_100/elements - {"using":"css selector","value":"th,td"}
RESULT: {"using":"css selector","value":"th,td"}
COMMAND: GET /session/fc5459e8ec102b07d3dd84a44e5887bc/element/EE7B9E3CE8E2EB156E3F0B4FFFDF3BD9_element_108/text - {}
RESULT: {}
COMMAND: GET /session/fc5459e8ec102b07d3dd84a44e5887bc/element/EE7B9E3CE8E2EB156E3F0B4FFFDF3BD9_element_109/text - {}
RESULT: {}
COMMAND: GET /session/fc5459e8ec102b07d3dd84a44e5887bc/element/EE7B9E3CE8E2EB156E3F0B4FFFDF3BD9_element_110/text - {}
RESULT: {}
COMMAND: GET /session/fc5459e8ec102b07d3dd84a44e5887bc/element/EE7B9E3CE8E2EB156E3F0B4FFFDF3BD9_element_111/text - {}
RESULT: {}
COMMAND: GET /session/fc5459e8ec102b07d3dd84a44e5887bc/element/EE7B9E3CE8E2EB156E3F0B4FFFDF3BD9_element_112/text - {}
RESULT: {}
COMMAND: POST /session/fc5459e8ec102b07d3dd84a44e5887bc/element/EE7B9E3CE8E2EB156E3F0B4FFFDF3BD9_element_101/elements - {"using":"css selector","value":"th,td"}
RESULT: {"using":"css selector","value":"th,td"}
COMMAND: GET /session/fc5459e8ec102b07d3dd84a44e5887bc/element/EE7B9E3CE8E2EB156E3F0B4FFFDF3BD9_element_113/text - {}
RESULT: {}
COMMAND: GET /session/fc5459e8ec102b07d3dd84a44e5887bc/element/EE7B9E3CE8E2EB156E3F0B4FFFDF3BD9_element_114/text - {}
RESULT: {}
COMMAND: GET /session/fc5459e8ec102b07d3dd84a44e5887bc/element/EE7B9E3CE8E2EB156E3F0B4FFFDF3BD9_element_115/text - {}
RESULT: {}
COMMAND: GET /session/fc5459e8ec102b07d3dd84a44e5887bc/element/EE7B9E3CE8E2EB156E3F0B4FFFDF3BD9_element_116/text - {}
RESULT: {}
COMMAND: GET /session/fc5459e8ec102b07d3dd84a44e5887bc/element/EE7B9E3CE8E2EB156E3F0B4FFFDF3BD9_element_117/text - {}
RESULT: {}
]]></system-out>
    </testcase>
    <testcase classname="chrome-headless-shell.121_0_6167_160.linux.Invoice_Page_Test.Vendor:_Vendor_Three,Invoice:2023-03" name="should validate quantity events table data" time="0.88">
      <system-out><![CDATA[
COMMAND: POST /session/fc5459e8ec102b07d3dd84a44e5887bc/url - {"url":"https://pr-527.btm.dev.account.gov.uk/contracts/3/invoices/2023-03"}
RESULT: {"url":"https://pr-527.btm.dev.account.gov.uk/contracts/3/invoices/2023-03"}
COMMAND: POST /session/fc5459e8ec102b07d3dd84a44e5887bc/execute/sync - {"script":"return (() => document.readyState === \"complete\").apply(null, arguments)","args":[]}
RESULT: {"script":"return (() => document.readyState === \"complete\").apply(null, arguments)","args":[]}
COMMAND: GET /session/fc5459e8ec102b07d3dd84a44e5887bc/url - {}
RESULT: {}
COMMAND: POST /session/fc5459e8ec102b07d3dd84a44e5887bc/element - {"using":"css selector","value":".govuk-heading-xl"}
RESULT: {"using":"css selector","value":".govuk-heading-xl"}
COMMAND: GET /session/fc5459e8ec102b07d3dd84a44e5887bc/element/7484A1F4293BCD4158C177FEC56073CE_element_120/displayed - {}
RESULT: {}
COMMAND: POST /session/fc5459e8ec102b07d3dd84a44e5887bc/element - {"using":"css selector","value":".govuk-heading-xl"}
RESULT: {"using":"css selector","value":".govuk-heading-xl"}
COMMAND: GET /session/fc5459e8ec102b07d3dd84a44e5887bc/element/7484A1F4293BCD4158C177FEC56073CE_element_120/text - {}
RESULT: {}
COMMAND: POST /session/fc5459e8ec102b07d3dd84a44e5887bc/element - {"using":"xpath","value":".//caption[contains(., \"Quantity (events)\") and not(.//caption)]"}
RESULT: {"using":"xpath","value":".//caption[contains(., \"Quantity (events)\") and not(.//caption)]"}
COMMAND: POST /session/fc5459e8ec102b07d3dd84a44e5887bc/execute/sync - {"script":"return (function (elem, id) {\n        return (function parentElement() {\n        return this.parentElement;\n    }).call(elem, id);\n    }).apply(null, arguments)","args":[{"element-6066-11e4-a52e-4f735466cecf":"7484A1F4293BCD4158C177FEC56073CE_element_121","ELEMENT":"7484A1F4293BCD4158C177FEC56073CE_element_121"}]}
RESULT: {"script":"return (function (elem, id) {\n        return (function parentElement() {\n        return this.parentElement;\n    }).call(elem, id);\n    }).apply(null, arguments)","args":[{"element-6066-11e4-a52e-4f735466cecf":"7484A1F4293BCD4158C177FEC56073CE_element_121","ELEMENT":"7484A1F4293BCD4158C177FEC56073CE_element_121"}]}
COMMAND: GET /session/fc5459e8ec102b07d3dd84a44e5887bc/element/7484A1F4293BCD4158C177FEC56073CE_element_122/displayed - {}
RESULT: {}
COMMAND: POST /session/fc5459e8ec102b07d3dd84a44e5887bc/element/7484A1F4293BCD4158C177FEC56073CE_element_122/elements - {"using":"css selector","value":"tbody tr"}
RESULT: {"using":"css selector","value":"tbody tr"}
COMMAND: POST /session/fc5459e8ec102b07d3dd84a44e5887bc/element/7484A1F4293BCD4158C177FEC56073CE_element_122/element - {"using":"css selector","value":"thead tr"}
RESULT: {"using":"css selector","value":"thead tr"}
COMMAND: POST /session/fc5459e8ec102b07d3dd84a44e5887bc/element/7484A1F4293BCD4158C177FEC56073CE_element_125/elements - {"using":"css selector","value":"th"}
RESULT: {"using":"css selector","value":"th"}
COMMAND: GET /session/fc5459e8ec102b07d3dd84a44e5887bc/element/7484A1F4293BCD4158C177FEC56073CE_element_126/text - {}
COMMAND: GET /session/fc5459e8ec102b07d3dd84a44e5887bc/element/7484A1F4293BCD4158C177FEC56073CE_element_127/text - {}
COMMAND: GET /session/fc5459e8ec102b07d3dd84a44e5887bc/element/7484A1F4293BCD4158C177FEC56073CE_element_129/text - {}
COMMAND: GET /session/fc5459e8ec102b07d3dd84a44e5887bc/element/7484A1F4293BCD4158C177FEC56073CE_element_128/text - {}
RESULT: {}
RESULT: {}
RESULT: {}
RESULT: {}
COMMAND: POST /session/fc5459e8ec102b07d3dd84a44e5887bc/element/7484A1F4293BCD4158C177FEC56073CE_element_123/elements - {"using":"css selector","value":"th,td"}
RESULT: {"using":"css selector","value":"th,td"}
COMMAND: GET /session/fc5459e8ec102b07d3dd84a44e5887bc/element/7484A1F4293BCD4158C177FEC56073CE_element_130/text - {}
RESULT: {}
COMMAND: GET /session/fc5459e8ec102b07d3dd84a44e5887bc/element/7484A1F4293BCD4158C177FEC56073CE_element_131/text - {}
RESULT: {}
COMMAND: GET /session/fc5459e8ec102b07d3dd84a44e5887bc/element/7484A1F4293BCD4158C177FEC56073CE_element_132/text - {}
RESULT: {}
COMMAND: GET /session/fc5459e8ec102b07d3dd84a44e5887bc/element/7484A1F4293BCD4158C177FEC56073CE_element_133/text - {}
RESULT: {}
COMMAND: POST /session/fc5459e8ec102b07d3dd84a44e5887bc/element/7484A1F4293BCD4158C177FEC56073CE_element_124/elements - {"using":"css selector","value":"th,td"}
RESULT: {"using":"css selector","value":"th,td"}
COMMAND: GET /session/fc5459e8ec102b07d3dd84a44e5887bc/element/7484A1F4293BCD4158C177FEC56073CE_element_134/text - {}
RESULT: {}
COMMAND: GET /session/fc5459e8ec102b07d3dd84a44e5887bc/element/7484A1F4293BCD4158C177FEC56073CE_element_135/text - {}
RESULT: {}
COMMAND: GET /session/fc5459e8ec102b07d3dd84a44e5887bc/element/7484A1F4293BCD4158C177FEC56073CE_element_136/text - {}
RESULT: {}
COMMAND: GET /session/fc5459e8ec102b07d3dd84a44e5887bc/element/7484A1F4293BCD4158C177FEC56073CE_element_137/text - {}
RESULT: {}
]]></system-out>
    </testcase>
    <testcase classname="chrome-headless-shell.121_0_6167_160.linux.Invoice_Page_Test.Vendor:_Vendor_Three,Invoice:2023-03" name="should validate price table data" time="0.77">
      <system-out><![CDATA[
COMMAND: POST /session/fc5459e8ec102b07d3dd84a44e5887bc/url - {"url":"https://pr-527.btm.dev.account.gov.uk/contracts/3/invoices/2023-03"}
RESULT: {"url":"https://pr-527.btm.dev.account.gov.uk/contracts/3/invoices/2023-03"}
COMMAND: POST /session/fc5459e8ec102b07d3dd84a44e5887bc/execute/sync - {"script":"return (() => document.readyState === \"complete\").apply(null, arguments)","args":[]}
RESULT: {"script":"return (() => document.readyState === \"complete\").apply(null, arguments)","args":[]}
COMMAND: GET /session/fc5459e8ec102b07d3dd84a44e5887bc/url - {}
RESULT: {}
COMMAND: POST /session/fc5459e8ec102b07d3dd84a44e5887bc/element - {"using":"css selector","value":".govuk-heading-xl"}
RESULT: {"using":"css selector","value":".govuk-heading-xl"}
COMMAND: GET /session/fc5459e8ec102b07d3dd84a44e5887bc/element/670CD154EBA269BB3C71F42D7413D490_element_140/displayed - {}
RESULT: {}
COMMAND: POST /session/fc5459e8ec102b07d3dd84a44e5887bc/element - {"using":"css selector","value":".govuk-heading-xl"}
RESULT: {"using":"css selector","value":".govuk-heading-xl"}
COMMAND: GET /session/fc5459e8ec102b07d3dd84a44e5887bc/element/670CD154EBA269BB3C71F42D7413D490_element_140/text - {}
RESULT: {}
COMMAND: POST /session/fc5459e8ec102b07d3dd84a44e5887bc/element - {"using":"xpath","value":".//caption[contains(., \"Price\") and not(.//caption)]"}
RESULT: {"using":"xpath","value":".//caption[contains(., \"Price\") and not(.//caption)]"}
COMMAND: POST /session/fc5459e8ec102b07d3dd84a44e5887bc/execute/sync - {"script":"return (function (elem, id) {\n        return (function parentElement() {\n        return this.parentElement;\n    }).call(elem, id);\n    }).apply(null, arguments)","args":[{"element-6066-11e4-a52e-4f735466cecf":"670CD154EBA269BB3C71F42D7413D490_element_141","ELEMENT":"670CD154EBA269BB3C71F42D7413D490_element_141"}]}
RESULT: {"script":"return (function (elem, id) {\n        return (function parentElement() {\n        return this.parentElement;\n    }).call(elem, id);\n    }).apply(null, arguments)","args":[{"element-6066-11e4-a52e-4f735466cecf":"670CD154EBA269BB3C71F42D7413D490_element_141","ELEMENT":"670CD154EBA269BB3C71F42D7413D490_element_141"}]}
COMMAND: GET /session/fc5459e8ec102b07d3dd84a44e5887bc/element/670CD154EBA269BB3C71F42D7413D490_element_142/displayed - {}
RESULT: {}
COMMAND: POST /session/fc5459e8ec102b07d3dd84a44e5887bc/element/670CD154EBA269BB3C71F42D7413D490_element_142/elements - {"using":"css selector","value":"tbody tr"}
RESULT: {"using":"css selector","value":"tbody tr"}
COMMAND: POST /session/fc5459e8ec102b07d3dd84a44e5887bc/element/670CD154EBA269BB3C71F42D7413D490_element_142/element - {"using":"css selector","value":"thead tr"}
RESULT: {"using":"css selector","value":"thead tr"}
COMMAND: POST /session/fc5459e8ec102b07d3dd84a44e5887bc/element/670CD154EBA269BB3C71F42D7413D490_element_145/elements - {"using":"css selector","value":"th"}
RESULT: {"using":"css selector","value":"th"}
COMMAND: GET /session/fc5459e8ec102b07d3dd84a44e5887bc/element/670CD154EBA269BB3C71F42D7413D490_element_146/text - {}
COMMAND: GET /session/fc5459e8ec102b07d3dd84a44e5887bc/element/670CD154EBA269BB3C71F42D7413D490_element_147/text - {}
COMMAND: GET /session/fc5459e8ec102b07d3dd84a44e5887bc/element/670CD154EBA269BB3C71F42D7413D490_element_149/text - {}
COMMAND: GET /session/fc5459e8ec102b07d3dd84a44e5887bc/element/670CD154EBA269BB3C71F42D7413D490_element_148/text - {}
RESULT: {}
RESULT: {}
RESULT: {}
RESULT: {}
COMMAND: POST /session/fc5459e8ec102b07d3dd84a44e5887bc/element/670CD154EBA269BB3C71F42D7413D490_element_143/elements - {"using":"css selector","value":"th,td"}
RESULT: {"using":"css selector","value":"th,td"}
COMMAND: GET /session/fc5459e8ec102b07d3dd84a44e5887bc/element/670CD154EBA269BB3C71F42D7413D490_element_150/text - {}
RESULT: {}
COMMAND: GET /session/fc5459e8ec102b07d3dd84a44e5887bc/element/670CD154EBA269BB3C71F42D7413D490_element_151/text - {}
RESULT: {}
COMMAND: GET /session/fc5459e8ec102b07d3dd84a44e5887bc/element/670CD154EBA269BB3C71F42D7413D490_element_152/text - {}
RESULT: {}
COMMAND: GET /session/fc5459e8ec102b07d3dd84a44e5887bc/element/670CD154EBA269BB3C71F42D7413D490_element_153/text - {}
RESULT: {}
COMMAND: POST /session/fc5459e8ec102b07d3dd84a44e5887bc/element/670CD154EBA269BB3C71F42D7413D490_element_144/elements - {"using":"css selector","value":"th,td"}
RESULT: {"using":"css selector","value":"th,td"}
COMMAND: GET /session/fc5459e8ec102b07d3dd84a44e5887bc/element/670CD154EBA269BB3C71F42D7413D490_element_154/text - {}
RESULT: {}
COMMAND: GET /session/fc5459e8ec102b07d3dd84a44e5887bc/element/670CD154EBA269BB3C71F42D7413D490_element_155/text - {}
RESULT: {}
COMMAND: GET /session/fc5459e8ec102b07d3dd84a44e5887bc/element/670CD154EBA269BB3C71F42D7413D490_element_156/text - {}
RESULT: {}
COMMAND: GET /session/fc5459e8ec102b07d3dd84a44e5887bc/element/670CD154EBA269BB3C71F42D7413D490_element_157/text - {}
RESULT: {}
]]></system-out>
    </testcase>
    <testcase classname="chrome-headless-shell.121_0_6167_160.linux.Invoice_Page_Test.Vendor:_Vendor_Three,Invoice:2023-03" name="should validate measured events table data" time="0.814">
      <system-out><![CDATA[
COMMAND: POST /session/fc5459e8ec102b07d3dd84a44e5887bc/url - {"url":"https://pr-527.btm.dev.account.gov.uk/contracts/3/invoices/2023-03"}
RESULT: {"url":"https://pr-527.btm.dev.account.gov.uk/contracts/3/invoices/2023-03"}
COMMAND: POST /session/fc5459e8ec102b07d3dd84a44e5887bc/execute/sync - {"script":"return (() => document.readyState === \"complete\").apply(null, arguments)","args":[]}
RESULT: {"script":"return (() => document.readyState === \"complete\").apply(null, arguments)","args":[]}
COMMAND: GET /session/fc5459e8ec102b07d3dd84a44e5887bc/url - {}
RESULT: {}
COMMAND: POST /session/fc5459e8ec102b07d3dd84a44e5887bc/element - {"using":"css selector","value":".govuk-heading-xl"}
RESULT: {"using":"css selector","value":".govuk-heading-xl"}
COMMAND: GET /session/fc5459e8ec102b07d3dd84a44e5887bc/element/D31DD7D9C35A734D0F5CBEEAC0DFFA1A_element_160/displayed - {}
RESULT: {}
COMMAND: POST /session/fc5459e8ec102b07d3dd84a44e5887bc/element - {"using":"css selector","value":".govuk-heading-xl"}
RESULT: {"using":"css selector","value":".govuk-heading-xl"}
COMMAND: GET /session/fc5459e8ec102b07d3dd84a44e5887bc/element/D31DD7D9C35A734D0F5CBEEAC0DFFA1A_element_160/text - {}
RESULT: {}
COMMAND: POST /session/fc5459e8ec102b07d3dd84a44e5887bc/element - {"using":"xpath","value":".//caption[contains(., \"Measured (events)\") and not(.//caption)]"}
RESULT: {"using":"xpath","value":".//caption[contains(., \"Measured (events)\") and not(.//caption)]"}
COMMAND: POST /session/fc5459e8ec102b07d3dd84a44e5887bc/execute/sync - {"script":"return (function (elem, id) {\n        return (function parentElement() {\n        return this.parentElement;\n    }).call(elem, id);\n    }).apply(null, arguments)","args":[{"element-6066-11e4-a52e-4f735466cecf":"D31DD7D9C35A734D0F5CBEEAC0DFFA1A_element_161","ELEMENT":"D31DD7D9C35A734D0F5CBEEAC0DFFA1A_element_161"}]}
RESULT: {"script":"return (function (elem, id) {\n        return (function parentElement() {\n        return this.parentElement;\n    }).call(elem, id);\n    }).apply(null, arguments)","args":[{"element-6066-11e4-a52e-4f735466cecf":"D31DD7D9C35A734D0F5CBEEAC0DFFA1A_element_161","ELEMENT":"D31DD7D9C35A734D0F5CBEEAC0DFFA1A_element_161"}]}
COMMAND: GET /session/fc5459e8ec102b07d3dd84a44e5887bc/element/D31DD7D9C35A734D0F5CBEEAC0DFFA1A_element_162/displayed - {}
RESULT: {}
COMMAND: POST /session/fc5459e8ec102b07d3dd84a44e5887bc/element/D31DD7D9C35A734D0F5CBEEAC0DFFA1A_element_162/elements - {"using":"css selector","value":"tbody tr"}
RESULT: {"using":"css selector","value":"tbody tr"}
COMMAND: POST /session/fc5459e8ec102b07d3dd84a44e5887bc/element/D31DD7D9C35A734D0F5CBEEAC0DFFA1A_element_162/element - {"using":"css selector","value":"thead tr"}
RESULT: {"using":"css selector","value":"thead tr"}
COMMAND: POST /session/fc5459e8ec102b07d3dd84a44e5887bc/element/D31DD7D9C35A734D0F5CBEEAC0DFFA1A_element_165/elements - {"using":"css selector","value":"th"}
RESULT: {"using":"css selector","value":"th"}
COMMAND: GET /session/fc5459e8ec102b07d3dd84a44e5887bc/element/D31DD7D9C35A734D0F5CBEEAC0DFFA1A_element_166/text - {}
COMMAND: GET /session/fc5459e8ec102b07d3dd84a44e5887bc/element/D31DD7D9C35A734D0F5CBEEAC0DFFA1A_element_167/text - {}
RESULT: {}
RESULT: {}
COMMAND: POST /session/fc5459e8ec102b07d3dd84a44e5887bc/element/D31DD7D9C35A734D0F5CBEEAC0DFFA1A_element_163/elements - {"using":"css selector","value":"th,td"}
RESULT: {"using":"css selector","value":"th,td"}
COMMAND: GET /session/fc5459e8ec102b07d3dd84a44e5887bc/element/D31DD7D9C35A734D0F5CBEEAC0DFFA1A_element_168/text - {}
RESULT: {}
COMMAND: GET /session/fc5459e8ec102b07d3dd84a44e5887bc/element/D31DD7D9C35A734D0F5CBEEAC0DFFA1A_element_169/text - {}
RESULT: {}
COMMAND: POST /session/fc5459e8ec102b07d3dd84a44e5887bc/element/D31DD7D9C35A734D0F5CBEEAC0DFFA1A_element_164/elements - {"using":"css selector","value":"th,td"}
RESULT: {"using":"css selector","value":"th,td"}
COMMAND: GET /session/fc5459e8ec102b07d3dd84a44e5887bc/element/D31DD7D9C35A734D0F5CBEEAC0DFFA1A_element_170/text - {}
RESULT: {}
COMMAND: GET /session/fc5459e8ec102b07d3dd84a44e5887bc/element/D31DD7D9C35A734D0F5CBEEAC0DFFA1A_element_171/text - {}
RESULT: {}
]]></system-out>
    </testcase>
    <testcase classname="chrome-headless-shell.121_0_6167_160.linux.Invoice_Page_Test.Vendor:_Vendor_Three,Invoice:2023-03" name="should validate invoice table data" time="0.736">
      <system-out><![CDATA[
COMMAND: POST /session/fc5459e8ec102b07d3dd84a44e5887bc/url - {"url":"https://pr-527.btm.dev.account.gov.uk/contracts/3/invoices/2023-03"}
RESULT: {"url":"https://pr-527.btm.dev.account.gov.uk/contracts/3/invoices/2023-03"}
COMMAND: POST /session/fc5459e8ec102b07d3dd84a44e5887bc/execute/sync - {"script":"return (() => document.readyState === \"complete\").apply(null, arguments)","args":[]}
RESULT: {"script":"return (() => document.readyState === \"complete\").apply(null, arguments)","args":[]}
COMMAND: GET /session/fc5459e8ec102b07d3dd84a44e5887bc/url - {}
RESULT: {}
COMMAND: POST /session/fc5459e8ec102b07d3dd84a44e5887bc/element - {"using":"css selector","value":".govuk-heading-xl"}
RESULT: {"using":"css selector","value":".govuk-heading-xl"}
COMMAND: GET /session/fc5459e8ec102b07d3dd84a44e5887bc/element/64F510C0526900851C28C7CD328E1C95_element_174/displayed - {}
RESULT: {}
COMMAND: POST /session/fc5459e8ec102b07d3dd84a44e5887bc/element - {"using":"css selector","value":".govuk-heading-xl"}
RESULT: {"using":"css selector","value":".govuk-heading-xl"}
COMMAND: GET /session/fc5459e8ec102b07d3dd84a44e5887bc/element/64F510C0526900851C28C7CD328E1C95_element_174/text - {}
RESULT: {}
COMMAND: POST /session/fc5459e8ec102b07d3dd84a44e5887bc/element - {"using":"xpath","value":".//caption[contains(., \"Invoice\") and not(.//caption)]"}
RESULT: {"using":"xpath","value":".//caption[contains(., \"Invoice\") and not(.//caption)]"}
COMMAND: POST /session/fc5459e8ec102b07d3dd84a44e5887bc/execute/sync - {"script":"return (function (elem, id) {\n        return (function parentElement() {\n        return this.parentElement;\n    }).call(elem, id);\n    }).apply(null, arguments)","args":[{"element-6066-11e4-a52e-4f735466cecf":"64F510C0526900851C28C7CD328E1C95_element_175","ELEMENT":"64F510C0526900851C28C7CD328E1C95_element_175"}]}
RESULT: {"script":"return (function (elem, id) {\n        return (function parentElement() {\n        return this.parentElement;\n    }).call(elem, id);\n    }).apply(null, arguments)","args":[{"element-6066-11e4-a52e-4f735466cecf":"64F510C0526900851C28C7CD328E1C95_element_175","ELEMENT":"64F510C0526900851C28C7CD328E1C95_element_175"}]}
COMMAND: GET /session/fc5459e8ec102b07d3dd84a44e5887bc/element/64F510C0526900851C28C7CD328E1C95_element_176/displayed - {}
RESULT: {}
COMMAND: POST /session/fc5459e8ec102b07d3dd84a44e5887bc/element/64F510C0526900851C28C7CD328E1C95_element_176/elements - {"using":"css selector","value":"tbody tr"}
RESULT: {"using":"css selector","value":"tbody tr"}
COMMAND: POST /session/fc5459e8ec102b07d3dd84a44e5887bc/element/64F510C0526900851C28C7CD328E1C95_element_176/element - {"using":"css selector","value":"thead tr"}
RESULT: {"using":"css selector","value":"thead tr"}
COMMAND: POST /session/fc5459e8ec102b07d3dd84a44e5887bc/element/64F510C0526900851C28C7CD328E1C95_element_180/elements - {"using":"css selector","value":"th"}
RESULT: {"using":"css selector","value":"th"}
COMMAND: GET /session/fc5459e8ec102b07d3dd84a44e5887bc/element/64F510C0526900851C28C7CD328E1C95_element_181/text - {}
COMMAND: GET /session/fc5459e8ec102b07d3dd84a44e5887bc/element/64F510C0526900851C28C7CD328E1C95_element_182/text - {}
COMMAND: GET /session/fc5459e8ec102b07d3dd84a44e5887bc/element/64F510C0526900851C28C7CD328E1C95_element_184/text - {}
COMMAND: GET /session/fc5459e8ec102b07d3dd84a44e5887bc/element/64F510C0526900851C28C7CD328E1C95_element_183/text - {}
COMMAND: GET /session/fc5459e8ec102b07d3dd84a44e5887bc/element/64F510C0526900851C28C7CD328E1C95_element_185/text - {}
RESULT: {}
RESULT: {}
RESULT: {}
RESULT: {}
RESULT: {}
COMMAND: POST /session/fc5459e8ec102b07d3dd84a44e5887bc/element/64F510C0526900851C28C7CD328E1C95_element_177/elements - {"using":"css selector","value":"th,td"}
RESULT: {"using":"css selector","value":"th,td"}
COMMAND: GET /session/fc5459e8ec102b07d3dd84a44e5887bc/element/64F510C0526900851C28C7CD328E1C95_element_186/text - {}
RESULT: {}
COMMAND: GET /session/fc5459e8ec102b07d3dd84a44e5887bc/element/64F510C0526900851C28C7CD328E1C95_element_187/text - {}
RESULT: {}
COMMAND: GET /session/fc5459e8ec102b07d3dd84a44e5887bc/element/64F510C0526900851C28C7CD328E1C95_element_188/text - {}
RESULT: {}
COMMAND: GET /session/fc5459e8ec102b07d3dd84a44e5887bc/element/64F510C0526900851C28C7CD328E1C95_element_189/text - {}
RESULT: {}
COMMAND: GET /session/fc5459e8ec102b07d3dd84a44e5887bc/element/64F510C0526900851C28C7CD328E1C95_element_190/text - {}
RESULT: {}
COMMAND: POST /session/fc5459e8ec102b07d3dd84a44e5887bc/element/64F510C0526900851C28C7CD328E1C95_element_178/elements - {"using":"css selector","value":"th,td"}
RESULT: {"using":"css selector","value":"th,td"}
COMMAND: GET /session/fc5459e8ec102b07d3dd84a44e5887bc/element/64F510C0526900851C28C7CD328E1C95_element_191/text - {}
RESULT: {}
COMMAND: GET /session/fc5459e8ec102b07d3dd84a44e5887bc/element/64F510C0526900851C28C7CD328E1C95_element_192/text - {}
RESULT: {}
COMMAND: GET /session/fc5459e8ec102b07d3dd84a44e5887bc/element/64F510C0526900851C28C7CD328E1C95_element_193/text - {}
RESULT: {}
COMMAND: GET /session/fc5459e8ec102b07d3dd84a44e5887bc/element/64F510C0526900851C28C7CD328E1C95_element_194/text - {}
RESULT: {}
COMMAND: GET /session/fc5459e8ec102b07d3dd84a44e5887bc/element/64F510C0526900851C28C7CD328E1C95_element_195/text - {}
RESULT: {}
COMMAND: POST /session/fc5459e8ec102b07d3dd84a44e5887bc/element/64F510C0526900851C28C7CD328E1C95_element_179/elements - {"using":"css selector","value":"th,td"}
RESULT: {"using":"css selector","value":"th,td"}
COMMAND: GET /session/fc5459e8ec102b07d3dd84a44e5887bc/element/64F510C0526900851C28C7CD328E1C95_element_196/text - {}
RESULT: {}
COMMAND: GET /session/fc5459e8ec102b07d3dd84a44e5887bc/element/64F510C0526900851C28C7CD328E1C95_element_197/text - {}
RESULT: {}
COMMAND: GET /session/fc5459e8ec102b07d3dd84a44e5887bc/element/64F510C0526900851C28C7CD328E1C95_element_198/text - {}
RESULT: {}
COMMAND: GET /session/fc5459e8ec102b07d3dd84a44e5887bc/element/64F510C0526900851C28C7CD328E1C95_element_199/text - {}
RESULT: {}
COMMAND: GET /session/fc5459e8ec102b07d3dd84a44e5887bc/element/64F510C0526900851C28C7CD328E1C95_element_200/text - {}
RESULT: {}
]]></system-out>
    </testcase>
  </testsuite>
  <testsuite name="Vendor Vendor Three Invoice 2005 08" timestamp="2024-02-19T14:07:47" time="3.976" tests="6" failures="0" errors="0" skipped="0">
    <properties>
      <property name="specId" value="0"/>
      <property name="suiteName" value="Vendor: Vendor Three,Invoice:2005-08"/>
      <property name="capabilities" value="chrome-headless-shell.121_0_6167_160.linux"/>
      <property name="file" value="file://./ui-tests/specs/invoice.spec.ts"/>
    </properties>
    <testcase classname="chrome-headless-shell.121_0_6167_160.linux.Invoice_Page_Test.Vendor:_Vendor_Three,Invoice:2005-08" name="should display correct status banner color and message" time="0.631">
      <system-out><![CDATA[
COMMAND: POST /session/fc5459e8ec102b07d3dd84a44e5887bc/url - {"url":"https://pr-527.btm.dev.account.gov.uk/contracts/3/invoices/2005-08"}
RESULT: {"url":"https://pr-527.btm.dev.account.gov.uk/contracts/3/invoices/2005-08"}
COMMAND: POST /session/fc5459e8ec102b07d3dd84a44e5887bc/execute/sync - {"script":"return (() => document.readyState === \"complete\").apply(null, arguments)","args":[]}
RESULT: {"script":"return (() => document.readyState === \"complete\").apply(null, arguments)","args":[]}
COMMAND: GET /session/fc5459e8ec102b07d3dd84a44e5887bc/url - {}
RESULT: {}
COMMAND: POST /session/fc5459e8ec102b07d3dd84a44e5887bc/element - {"using":"css selector","value":".govuk-heading-xl"}
RESULT: {"using":"css selector","value":".govuk-heading-xl"}
COMMAND: GET /session/fc5459e8ec102b07d3dd84a44e5887bc/element/82A8EA12426EC860DE72BD0AAECC3130_element_203/displayed - {}
RESULT: {}
COMMAND: POST /session/fc5459e8ec102b07d3dd84a44e5887bc/element - {"using":"css selector","value":".govuk-heading-xl"}
RESULT: {"using":"css selector","value":".govuk-heading-xl"}
COMMAND: GET /session/fc5459e8ec102b07d3dd84a44e5887bc/element/82A8EA12426EC860DE72BD0AAECC3130_element_203/text - {}
RESULT: {}
COMMAND: POST /session/fc5459e8ec102b07d3dd84a44e5887bc/element - {"using":"css selector","value":"h2.govuk-panel__title"}
RESULT: {"using":"css selector","value":"h2.govuk-panel__title"}
COMMAND: GET /session/fc5459e8ec102b07d3dd84a44e5887bc/element/82A8EA12426EC860DE72BD0AAECC3130_element_204/displayed - {}
RESULT: {}
COMMAND: POST /session/fc5459e8ec102b07d3dd84a44e5887bc/element - {"using":"css selector","value":"h2.govuk-panel__title"}
RESULT: {"using":"css selector","value":"h2.govuk-panel__title"}
COMMAND: GET /session/fc5459e8ec102b07d3dd84a44e5887bc/element/82A8EA12426EC860DE72BD0AAECC3130_element_204/text - {}
RESULT: {}
COMMAND: POST /session/fc5459e8ec102b07d3dd84a44e5887bc/element - {"using":"css selector","value":".govuk-panel"}
RESULT: {"using":"css selector","value":".govuk-panel"}
COMMAND: GET /session/fc5459e8ec102b07d3dd84a44e5887bc/element/82A8EA12426EC860DE72BD0AAECC3130_element_205/displayed - {}
RESULT: {}
COMMAND: GET /session/fc5459e8ec102b07d3dd84a44e5887bc/element/82A8EA12426EC860DE72BD0AAECC3130_element_205/css/background-color - {}
RESULT: {}
]]></system-out>
    </testcase>
    <testcase classname="chrome-headless-shell.121_0_6167_160.linux.Invoice_Page_Test.Vendor:_Vendor_Three,Invoice:2005-08" name="should validate reconciliation table data" time="0.728">
      <system-out><![CDATA[
COMMAND: POST /session/fc5459e8ec102b07d3dd84a44e5887bc/url - {"url":"https://pr-527.btm.dev.account.gov.uk/contracts/3/invoices/2005-08"}
RESULT: {"url":"https://pr-527.btm.dev.account.gov.uk/contracts/3/invoices/2005-08"}
COMMAND: POST /session/fc5459e8ec102b07d3dd84a44e5887bc/execute/sync - {"script":"return (() => document.readyState === \"complete\").apply(null, arguments)","args":[]}
RESULT: {"script":"return (() => document.readyState === \"complete\").apply(null, arguments)","args":[]}
COMMAND: GET /session/fc5459e8ec102b07d3dd84a44e5887bc/url - {}
RESULT: {}
COMMAND: POST /session/fc5459e8ec102b07d3dd84a44e5887bc/element - {"using":"css selector","value":".govuk-heading-xl"}
RESULT: {"using":"css selector","value":".govuk-heading-xl"}
COMMAND: GET /session/fc5459e8ec102b07d3dd84a44e5887bc/element/698FDFF17CD82385A2C4EB263D3CA723_element_208/displayed - {}
RESULT: {}
COMMAND: POST /session/fc5459e8ec102b07d3dd84a44e5887bc/element - {"using":"css selector","value":".govuk-heading-xl"}
RESULT: {"using":"css selector","value":".govuk-heading-xl"}
COMMAND: GET /session/fc5459e8ec102b07d3dd84a44e5887bc/element/698FDFF17CD82385A2C4EB263D3CA723_element_208/text - {}
RESULT: {}
COMMAND: POST /session/fc5459e8ec102b07d3dd84a44e5887bc/element - {"using":"xpath","value":".//caption[contains(., \"Reconciliation\") and not(.//caption)]"}
RESULT: {"using":"xpath","value":".//caption[contains(., \"Reconciliation\") and not(.//caption)]"}
COMMAND: POST /session/fc5459e8ec102b07d3dd84a44e5887bc/execute/sync - {"script":"return (function (elem, id) {\n        return (function parentElement() {\n        return this.parentElement;\n    }).call(elem, id);\n    }).apply(null, arguments)","args":[{"element-6066-11e4-a52e-4f735466cecf":"698FDFF17CD82385A2C4EB263D3CA723_element_209","ELEMENT":"698FDFF17CD82385A2C4EB263D3CA723_element_209"}]}
RESULT: {"script":"return (function (elem, id) {\n        return (function parentElement() {\n        return this.parentElement;\n    }).call(elem, id);\n    }).apply(null, arguments)","args":[{"element-6066-11e4-a52e-4f735466cecf":"698FDFF17CD82385A2C4EB263D3CA723_element_209","ELEMENT":"698FDFF17CD82385A2C4EB263D3CA723_element_209"}]}
COMMAND: GET /session/fc5459e8ec102b07d3dd84a44e5887bc/element/698FDFF17CD82385A2C4EB263D3CA723_element_210/displayed - {}
RESULT: {}
COMMAND: POST /session/fc5459e8ec102b07d3dd84a44e5887bc/element/698FDFF17CD82385A2C4EB263D3CA723_element_210/elements - {"using":"css selector","value":"tbody tr"}
RESULT: {"using":"css selector","value":"tbody tr"}
COMMAND: POST /session/fc5459e8ec102b07d3dd84a44e5887bc/element/698FDFF17CD82385A2C4EB263D3CA723_element_210/element - {"using":"css selector","value":"thead tr"}
RESULT: {"using":"css selector","value":"thead tr"}
COMMAND: POST /session/fc5459e8ec102b07d3dd84a44e5887bc/element/698FDFF17CD82385A2C4EB263D3CA723_element_212/elements - {"using":"css selector","value":"th"}
RESULT: {"using":"css selector","value":"th"}
COMMAND: GET /session/fc5459e8ec102b07d3dd84a44e5887bc/element/698FDFF17CD82385A2C4EB263D3CA723_element_213/text - {}
COMMAND: GET /session/fc5459e8ec102b07d3dd84a44e5887bc/element/698FDFF17CD82385A2C4EB263D3CA723_element_214/text - {}
COMMAND: GET /session/fc5459e8ec102b07d3dd84a44e5887bc/element/698FDFF17CD82385A2C4EB263D3CA723_element_216/text - {}
COMMAND: GET /session/fc5459e8ec102b07d3dd84a44e5887bc/element/698FDFF17CD82385A2C4EB263D3CA723_element_215/text - {}
COMMAND: GET /session/fc5459e8ec102b07d3dd84a44e5887bc/element/698FDFF17CD82385A2C4EB263D3CA723_element_217/text - {}
RESULT: {}
RESULT: {}
RESULT: {}
RESULT: {}
RESULT: {}
COMMAND: POST /session/fc5459e8ec102b07d3dd84a44e5887bc/element/698FDFF17CD82385A2C4EB263D3CA723_element_211/elements - {"using":"css selector","value":"th,td"}
RESULT: {"using":"css selector","value":"th,td"}
COMMAND: GET /session/fc5459e8ec102b07d3dd84a44e5887bc/element/698FDFF17CD82385A2C4EB263D3CA723_element_218/text - {}
RESULT: {}
COMMAND: GET /session/fc5459e8ec102b07d3dd84a44e5887bc/element/698FDFF17CD82385A2C4EB263D3CA723_element_219/text - {}
RESULT: {}
COMMAND: GET /session/fc5459e8ec102b07d3dd84a44e5887bc/element/698FDFF17CD82385A2C4EB263D3CA723_element_220/text - {}
RESULT: {}
COMMAND: GET /session/fc5459e8ec102b07d3dd84a44e5887bc/element/698FDFF17CD82385A2C4EB263D3CA723_element_221/text - {}
RESULT: {}
COMMAND: GET /session/fc5459e8ec102b07d3dd84a44e5887bc/element/698FDFF17CD82385A2C4EB263D3CA723_element_222/text - {}
RESULT: {}
]]></system-out>
    </testcase>
    <testcase classname="chrome-headless-shell.121_0_6167_160.linux.Invoice_Page_Test.Vendor:_Vendor_Three,Invoice:2005-08" name="should validate quantity events table data" time="0.561">
      <system-out><![CDATA[
COMMAND: POST /session/fc5459e8ec102b07d3dd84a44e5887bc/url - {"url":"https://pr-527.btm.dev.account.gov.uk/contracts/3/invoices/2005-08"}
RESULT: {"url":"https://pr-527.btm.dev.account.gov.uk/contracts/3/invoices/2005-08"}
COMMAND: POST /session/fc5459e8ec102b07d3dd84a44e5887bc/execute/sync - {"script":"return (() => document.readyState === \"complete\").apply(null, arguments)","args":[]}
RESULT: {"script":"return (() => document.readyState === \"complete\").apply(null, arguments)","args":[]}
COMMAND: GET /session/fc5459e8ec102b07d3dd84a44e5887bc/url - {}
RESULT: {}
COMMAND: POST /session/fc5459e8ec102b07d3dd84a44e5887bc/element - {"using":"css selector","value":".govuk-heading-xl"}
RESULT: {"using":"css selector","value":".govuk-heading-xl"}
COMMAND: GET /session/fc5459e8ec102b07d3dd84a44e5887bc/element/E3B01865719E34965EA8EA24212E1A08_element_225/displayed - {}
RESULT: {}
COMMAND: POST /session/fc5459e8ec102b07d3dd84a44e5887bc/element - {"using":"css selector","value":".govuk-heading-xl"}
RESULT: {"using":"css selector","value":".govuk-heading-xl"}
COMMAND: GET /session/fc5459e8ec102b07d3dd84a44e5887bc/element/E3B01865719E34965EA8EA24212E1A08_element_225/text - {}
RESULT: {}
COMMAND: POST /session/fc5459e8ec102b07d3dd84a44e5887bc/element - {"using":"xpath","value":".//caption[contains(., \"Quantity (events)\") and not(.//caption)]"}
RESULT: {"using":"xpath","value":".//caption[contains(., \"Quantity (events)\") and not(.//caption)]"}
COMMAND: POST /session/fc5459e8ec102b07d3dd84a44e5887bc/execute/sync - {"script":"return (function (elem, id) {\n        return (function parentElement() {\n        return this.parentElement;\n    }).call(elem, id);\n    }).apply(null, arguments)","args":[{"element-6066-11e4-a52e-4f735466cecf":"E3B01865719E34965EA8EA24212E1A08_element_226","ELEMENT":"E3B01865719E34965EA8EA24212E1A08_element_226"}]}
RESULT: {"script":"return (function (elem, id) {\n        return (function parentElement() {\n        return this.parentElement;\n    }).call(elem, id);\n    }).apply(null, arguments)","args":[{"element-6066-11e4-a52e-4f735466cecf":"E3B01865719E34965EA8EA24212E1A08_element_226","ELEMENT":"E3B01865719E34965EA8EA24212E1A08_element_226"}]}
COMMAND: GET /session/fc5459e8ec102b07d3dd84a44e5887bc/element/E3B01865719E34965EA8EA24212E1A08_element_227/displayed - {}
RESULT: {}
COMMAND: POST /session/fc5459e8ec102b07d3dd84a44e5887bc/element/E3B01865719E34965EA8EA24212E1A08_element_227/elements - {"using":"css selector","value":"tbody tr"}
RESULT: {"using":"css selector","value":"tbody tr"}
COMMAND: POST /session/fc5459e8ec102b07d3dd84a44e5887bc/element/E3B01865719E34965EA8EA24212E1A08_element_227/element - {"using":"css selector","value":"thead tr"}
RESULT: {"using":"css selector","value":"thead tr"}
COMMAND: POST /session/fc5459e8ec102b07d3dd84a44e5887bc/element/E3B01865719E34965EA8EA24212E1A08_element_229/elements - {"using":"css selector","value":"th"}
RESULT: {"using":"css selector","value":"th"}
COMMAND: GET /session/fc5459e8ec102b07d3dd84a44e5887bc/element/E3B01865719E34965EA8EA24212E1A08_element_230/text - {}
COMMAND: GET /session/fc5459e8ec102b07d3dd84a44e5887bc/element/E3B01865719E34965EA8EA24212E1A08_element_231/text - {}
COMMAND: GET /session/fc5459e8ec102b07d3dd84a44e5887bc/element/E3B01865719E34965EA8EA24212E1A08_element_233/text - {}
COMMAND: GET /session/fc5459e8ec102b07d3dd84a44e5887bc/element/E3B01865719E34965EA8EA24212E1A08_element_232/text - {}
RESULT: {}
RESULT: {}
RESULT: {}
RESULT: {}
COMMAND: POST /session/fc5459e8ec102b07d3dd84a44e5887bc/element/E3B01865719E34965EA8EA24212E1A08_element_228/elements - {"using":"css selector","value":"th,td"}
RESULT: {"using":"css selector","value":"th,td"}
COMMAND: GET /session/fc5459e8ec102b07d3dd84a44e5887bc/element/E3B01865719E34965EA8EA24212E1A08_element_234/text - {}
RESULT: {}
COMMAND: GET /session/fc5459e8ec102b07d3dd84a44e5887bc/element/E3B01865719E34965EA8EA24212E1A08_element_235/text - {}
RESULT: {}
COMMAND: GET /session/fc5459e8ec102b07d3dd84a44e5887bc/element/E3B01865719E34965EA8EA24212E1A08_element_236/text - {}
RESULT: {}
COMMAND: GET /session/fc5459e8ec102b07d3dd84a44e5887bc/element/E3B01865719E34965EA8EA24212E1A08_element_237/text - {}
RESULT: {}
]]></system-out>
    </testcase>
    <testcase classname="chrome-headless-shell.121_0_6167_160.linux.Invoice_Page_Test.Vendor:_Vendor_Three,Invoice:2005-08" name="should validate price table data" time="0.631">
      <system-out><![CDATA[
COMMAND: POST /session/fc5459e8ec102b07d3dd84a44e5887bc/url - {"url":"https://pr-527.btm.dev.account.gov.uk/contracts/3/invoices/2005-08"}
RESULT: {"url":"https://pr-527.btm.dev.account.gov.uk/contracts/3/invoices/2005-08"}
COMMAND: POST /session/fc5459e8ec102b07d3dd84a44e5887bc/execute/sync - {"script":"return (() => document.readyState === \"complete\").apply(null, arguments)","args":[]}
RESULT: {"script":"return (() => document.readyState === \"complete\").apply(null, arguments)","args":[]}
COMMAND: GET /session/fc5459e8ec102b07d3dd84a44e5887bc/url - {}
RESULT: {}
COMMAND: POST /session/fc5459e8ec102b07d3dd84a44e5887bc/element - {"using":"css selector","value":".govuk-heading-xl"}
RESULT: {"using":"css selector","value":".govuk-heading-xl"}
COMMAND: GET /session/fc5459e8ec102b07d3dd84a44e5887bc/element/2D0740ECB3F9D545A246098996AA227E_element_240/displayed - {}
RESULT: {}
COMMAND: POST /session/fc5459e8ec102b07d3dd84a44e5887bc/element - {"using":"css selector","value":".govuk-heading-xl"}
RESULT: {"using":"css selector","value":".govuk-heading-xl"}
COMMAND: GET /session/fc5459e8ec102b07d3dd84a44e5887bc/element/2D0740ECB3F9D545A246098996AA227E_element_240/text - {}
RESULT: {}
COMMAND: POST /session/fc5459e8ec102b07d3dd84a44e5887bc/element - {"using":"xpath","value":".//caption[contains(., \"Price\") and not(.//caption)]"}
RESULT: {"using":"xpath","value":".//caption[contains(., \"Price\") and not(.//caption)]"}
COMMAND: POST /session/fc5459e8ec102b07d3dd84a44e5887bc/execute/sync - {"script":"return (function (elem, id) {\n        return (function parentElement() {\n        return this.parentElement;\n    }).call(elem, id);\n    }).apply(null, arguments)","args":[{"element-6066-11e4-a52e-4f735466cecf":"2D0740ECB3F9D545A246098996AA227E_element_243","ELEMENT":"2D0740ECB3F9D545A246098996AA227E_element_243"}]}
RESULT: {"script":"return (function (elem, id) {\n        return (function parentElement() {\n        return this.parentElement;\n    }).call(elem, id);\n    }).apply(null, arguments)","args":[{"element-6066-11e4-a52e-4f735466cecf":"2D0740ECB3F9D545A246098996AA227E_element_243","ELEMENT":"2D0740ECB3F9D545A246098996AA227E_element_243"}]}
COMMAND: GET /session/fc5459e8ec102b07d3dd84a44e5887bc/element/2D0740ECB3F9D545A246098996AA227E_element_244/displayed - {}
RESULT: {}
COMMAND: POST /session/fc5459e8ec102b07d3dd84a44e5887bc/element/2D0740ECB3F9D545A246098996AA227E_element_244/elements - {"using":"css selector","value":"tbody tr"}
RESULT: {"using":"css selector","value":"tbody tr"}
COMMAND: POST /session/fc5459e8ec102b07d3dd84a44e5887bc/element/2D0740ECB3F9D545A246098996AA227E_element_244/element - {"using":"css selector","value":"thead tr"}
RESULT: {"using":"css selector","value":"thead tr"}
COMMAND: POST /session/fc5459e8ec102b07d3dd84a44e5887bc/element/2D0740ECB3F9D545A246098996AA227E_element_246/elements - {"using":"css selector","value":"th"}
RESULT: {"using":"css selector","value":"th"}
COMMAND: GET /session/fc5459e8ec102b07d3dd84a44e5887bc/element/2D0740ECB3F9D545A246098996AA227E_element_247/text - {}
COMMAND: GET /session/fc5459e8ec102b07d3dd84a44e5887bc/element/2D0740ECB3F9D545A246098996AA227E_element_248/text - {}
COMMAND: GET /session/fc5459e8ec102b07d3dd84a44e5887bc/element/2D0740ECB3F9D545A246098996AA227E_element_250/text - {}
COMMAND: GET /session/fc5459e8ec102b07d3dd84a44e5887bc/element/2D0740ECB3F9D545A246098996AA227E_element_249/text - {}
RESULT: {}
RESULT: {}
RESULT: {}
RESULT: {}
COMMAND: POST /session/fc5459e8ec102b07d3dd84a44e5887bc/element/2D0740ECB3F9D545A246098996AA227E_element_245/elements - {"using":"css selector","value":"th,td"}
RESULT: {"using":"css selector","value":"th,td"}
COMMAND: GET /session/fc5459e8ec102b07d3dd84a44e5887bc/element/2D0740ECB3F9D545A246098996AA227E_element_251/text - {}
RESULT: {}
COMMAND: GET /session/fc5459e8ec102b07d3dd84a44e5887bc/element/2D0740ECB3F9D545A246098996AA227E_element_252/text - {}
RESULT: {}
COMMAND: GET /session/fc5459e8ec102b07d3dd84a44e5887bc/element/2D0740ECB3F9D545A246098996AA227E_element_253/text - {}
RESULT: {}
COMMAND: GET /session/fc5459e8ec102b07d3dd84a44e5887bc/element/2D0740ECB3F9D545A246098996AA227E_element_254/text - {}
RESULT: {}
]]></system-out>
    </testcase>
    <testcase classname="chrome-headless-shell.121_0_6167_160.linux.Invoice_Page_Test.Vendor:_Vendor_Three,Invoice:2005-08" name="should validate measured events table data" time="0.764">
      <system-out><![CDATA[
COMMAND: POST /session/fc5459e8ec102b07d3dd84a44e5887bc/url - {"url":"https://pr-527.btm.dev.account.gov.uk/contracts/3/invoices/2005-08"}
RESULT: {"url":"https://pr-527.btm.dev.account.gov.uk/contracts/3/invoices/2005-08"}
COMMAND: POST /session/fc5459e8ec102b07d3dd84a44e5887bc/execute/sync - {"script":"return (() => document.readyState === \"complete\").apply(null, arguments)","args":[]}
RESULT: {"script":"return (() => document.readyState === \"complete\").apply(null, arguments)","args":[]}
COMMAND: GET /session/fc5459e8ec102b07d3dd84a44e5887bc/url - {}
RESULT: {}
COMMAND: POST /session/fc5459e8ec102b07d3dd84a44e5887bc/element - {"using":"css selector","value":".govuk-heading-xl"}
RESULT: {"using":"css selector","value":".govuk-heading-xl"}
COMMAND: GET /session/fc5459e8ec102b07d3dd84a44e5887bc/element/A8DBED3015288078A92A3DDA1B202D8C_element_257/displayed - {}
RESULT: {}
COMMAND: POST /session/fc5459e8ec102b07d3dd84a44e5887bc/element - {"using":"css selector","value":".govuk-heading-xl"}
RESULT: {"using":"css selector","value":".govuk-heading-xl"}
COMMAND: GET /session/fc5459e8ec102b07d3dd84a44e5887bc/element/A8DBED3015288078A92A3DDA1B202D8C_element_257/text - {}
RESULT: {}
COMMAND: POST /session/fc5459e8ec102b07d3dd84a44e5887bc/element - {"using":"xpath","value":".//caption[contains(., \"Measured (events)\") and not(.//caption)]"}
RESULT: {"using":"xpath","value":".//caption[contains(., \"Measured (events)\") and not(.//caption)]"}
COMMAND: POST /session/fc5459e8ec102b07d3dd84a44e5887bc/execute/sync - {"script":"return (function (elem, id) {\n        return (function parentElement() {\n        return this.parentElement;\n    }).call(elem, id);\n    }).apply(null, arguments)","args":[{"element-6066-11e4-a52e-4f735466cecf":"A8DBED3015288078A92A3DDA1B202D8C_element_258","ELEMENT":"A8DBED3015288078A92A3DDA1B202D8C_element_258"}]}
RESULT: {"script":"return (function (elem, id) {\n        return (function parentElement() {\n        return this.parentElement;\n    }).call(elem, id);\n    }).apply(null, arguments)","args":[{"element-6066-11e4-a52e-4f735466cecf":"A8DBED3015288078A92A3DDA1B202D8C_element_258","ELEMENT":"A8DBED3015288078A92A3DDA1B202D8C_element_258"}]}
COMMAND: GET /session/fc5459e8ec102b07d3dd84a44e5887bc/element/A8DBED3015288078A92A3DDA1B202D8C_element_259/displayed - {}
RESULT: {}
COMMAND: POST /session/fc5459e8ec102b07d3dd84a44e5887bc/element/A8DBED3015288078A92A3DDA1B202D8C_element_259/elements - {"using":"css selector","value":"tbody tr"}
RESULT: {"using":"css selector","value":"tbody tr"}
COMMAND: POST /session/fc5459e8ec102b07d3dd84a44e5887bc/element/A8DBED3015288078A92A3DDA1B202D8C_element_259/element - {"using":"css selector","value":"thead tr"}
RESULT: {"using":"css selector","value":"thead tr"}
COMMAND: POST /session/fc5459e8ec102b07d3dd84a44e5887bc/element/A8DBED3015288078A92A3DDA1B202D8C_element_261/elements - {"using":"css selector","value":"th"}
RESULT: {"using":"css selector","value":"th"}
COMMAND: GET /session/fc5459e8ec102b07d3dd84a44e5887bc/element/A8DBED3015288078A92A3DDA1B202D8C_element_262/text - {}
COMMAND: GET /session/fc5459e8ec102b07d3dd84a44e5887bc/element/A8DBED3015288078A92A3DDA1B202D8C_element_263/text - {}
RESULT: {}
RESULT: {}
COMMAND: POST /session/fc5459e8ec102b07d3dd84a44e5887bc/element/A8DBED3015288078A92A3DDA1B202D8C_element_260/elements - {"using":"css selector","value":"th,td"}
RESULT: {"using":"css selector","value":"th,td"}
COMMAND: GET /session/fc5459e8ec102b07d3dd84a44e5887bc/element/A8DBED3015288078A92A3DDA1B202D8C_element_264/text - {}
RESULT: {}
COMMAND: GET /session/fc5459e8ec102b07d3dd84a44e5887bc/element/A8DBED3015288078A92A3DDA1B202D8C_element_265/text - {}
RESULT: {}
]]></system-out>
    </testcase>
    <testcase classname="chrome-headless-shell.121_0_6167_160.linux.Invoice_Page_Test.Vendor:_Vendor_Three,Invoice:2005-08" name="should validate invoice table data" time="0.657">
      <system-out><![CDATA[
COMMAND: POST /session/fc5459e8ec102b07d3dd84a44e5887bc/url - {"url":"https://pr-527.btm.dev.account.gov.uk/contracts/3/invoices/2005-08"}
RESULT: {"url":"https://pr-527.btm.dev.account.gov.uk/contracts/3/invoices/2005-08"}
COMMAND: POST /session/fc5459e8ec102b07d3dd84a44e5887bc/execute/sync - {"script":"return (() => document.readyState === \"complete\").apply(null, arguments)","args":[]}
RESULT: {"script":"return (() => document.readyState === \"complete\").apply(null, arguments)","args":[]}
COMMAND: GET /session/fc5459e8ec102b07d3dd84a44e5887bc/url - {}
RESULT: {}
COMMAND: POST /session/fc5459e8ec102b07d3dd84a44e5887bc/element - {"using":"css selector","value":".govuk-heading-xl"}
RESULT: {"using":"css selector","value":".govuk-heading-xl"}
COMMAND: GET /session/fc5459e8ec102b07d3dd84a44e5887bc/element/6E7066DB88E6E342FC23C183E910712F_element_270/displayed - {}
RESULT: {}
COMMAND: POST /session/fc5459e8ec102b07d3dd84a44e5887bc/element - {"using":"css selector","value":".govuk-heading-xl"}
RESULT: {"using":"css selector","value":".govuk-heading-xl"}
COMMAND: GET /session/fc5459e8ec102b07d3dd84a44e5887bc/element/6E7066DB88E6E342FC23C183E910712F_element_270/text - {}
RESULT: {}
COMMAND: POST /session/fc5459e8ec102b07d3dd84a44e5887bc/element - {"using":"xpath","value":".//caption[contains(., \"Invoice\") and not(.//caption)]"}
RESULT: {"using":"xpath","value":".//caption[contains(., \"Invoice\") and not(.//caption)]"}
COMMAND: POST /session/fc5459e8ec102b07d3dd84a44e5887bc/execute/sync - {"script":"return (function (elem, id) {\n        return (function parentElement() {\n        return this.parentElement;\n    }).call(elem, id);\n    }).apply(null, arguments)","args":[{"element-6066-11e4-a52e-4f735466cecf":"6E7066DB88E6E342FC23C183E910712F_element_271","ELEMENT":"6E7066DB88E6E342FC23C183E910712F_element_271"}]}
RESULT: {"script":"return (function (elem, id) {\n        return (function parentElement() {\n        return this.parentElement;\n    }).call(elem, id);\n    }).apply(null, arguments)","args":[{"element-6066-11e4-a52e-4f735466cecf":"6E7066DB88E6E342FC23C183E910712F_element_271","ELEMENT":"6E7066DB88E6E342FC23C183E910712F_element_271"}]}
COMMAND: GET /session/fc5459e8ec102b07d3dd84a44e5887bc/element/6E7066DB88E6E342FC23C183E910712F_element_272/displayed - {}
RESULT: {}
COMMAND: POST /session/fc5459e8ec102b07d3dd84a44e5887bc/element/6E7066DB88E6E342FC23C183E910712F_element_272/elements - {"using":"css selector","value":"tbody tr"}
RESULT: {"using":"css selector","value":"tbody tr"}
COMMAND: POST /session/fc5459e8ec102b07d3dd84a44e5887bc/element/6E7066DB88E6E342FC23C183E910712F_element_272/element - {"using":"css selector","value":"thead tr"}
RESULT: {"using":"css selector","value":"thead tr"}
COMMAND: POST /session/fc5459e8ec102b07d3dd84a44e5887bc/element/6E7066DB88E6E342FC23C183E910712F_element_275/elements - {"using":"css selector","value":"th"}
RESULT: {"using":"css selector","value":"th"}
[...]
COMMAND: GET /session/fc5459e8ec102b07d3dd84a44e5887bc/element/77413942A7CAAF6529E542AC31CA53C4_element_1667/text - {}
COMMAND: GET /session/fc5459e8ec102b07d3dd84a44e5887bc/element/77413942A7CAAF6529E542AC31CA53C4_element_1669/text - {}
COMMAND: GET /session/fc5459e8ec102b07d3dd84a44e5887bc/element/77413942A7CAAF6529E542AC31CA53C4_element_1668/text - {}
COMMAND: GET /session/fc5459e8ec102b07d3dd84a44e5887bc/element/77413942A7CAAF6529E542AC31CA53C4_element_1670/text - {}
RESULT: {}
RESULT: {}
RESULT: {}
RESULT: {}
RESULT: {}
COMMAND: POST /session/fc5459e8ec102b07d3dd84a44e5887bc/element/77413942A7CAAF6529E542AC31CA53C4_element_1664/elements - {"using":"css selector","value":"th,td"}
RESULT: {"using":"css selector","value":"th,td"}
COMMAND: GET /session/fc5459e8ec102b07d3dd84a44e5887bc/element/77413942A7CAAF6529E542AC31CA53C4_element_1671/text - {}
RESULT: {}
COMMAND: GET /session/fc5459e8ec102b07d3dd84a44e5887bc/element/77413942A7CAAF6529E542AC31CA53C4_element_1672/text - {}
RESULT: {}
COMMAND: GET /session/fc5459e8ec102b07d3dd84a44e5887bc/element/77413942A7CAAF6529E542AC31CA53C4_element_1673/text - {}
RESULT: {}
COMMAND: GET /session/fc5459e8ec102b07d3dd84a44e5887bc/element/77413942A7CAAF6529E542AC31CA53C4_element_1674/text - {}
RESULT: {}
COMMAND: GET /session/fc5459e8ec102b07d3dd84a44e5887bc/element/77413942A7CAAF6529E542AC31CA53C4_element_1675/text - {}
RESULT: {}
]]></system-out>
    </testcase>
    <testcase classname="chrome-headless-shell.121_0_6167_160.linux.Invoice_Page_Test.Vendor:_Vendor_Six,Invoice:2005-Q2" name="should validate quantity events table data" time="0.517">
      <system-out><![CDATA[
COMMAND: POST /session/fc5459e8ec102b07d3dd84a44e5887bc/url - {"url":"https://pr-527.btm.dev.account.gov.uk/contracts/6/invoices/2005-q2"}
RESULT: {"url":"https://pr-527.btm.dev.account.gov.uk/contracts/6/invoices/2005-q2"}
COMMAND: POST /session/fc5459e8ec102b07d3dd84a44e5887bc/execute/sync - {"script":"return (() => document.readyState === \"complete\").apply(null, arguments)","args":[]}
RESULT: {"script":"return (() => document.readyState === \"complete\").apply(null, arguments)","args":[]}
COMMAND: GET /session/fc5459e8ec102b07d3dd84a44e5887bc/url - {}
RESULT: {}
COMMAND: POST /session/fc5459e8ec102b07d3dd84a44e5887bc/element - {"using":"css selector","value":".govuk-heading-xl"}
RESULT: {"using":"css selector","value":".govuk-heading-xl"}
COMMAND: GET /session/fc5459e8ec102b07d3dd84a44e5887bc/element/6369CFB0AD90081696B3D338005D2B62_element_1678/displayed - {}
RESULT: {}
COMMAND: POST /session/fc5459e8ec102b07d3dd84a44e5887bc/element - {"using":"css selector","value":".govuk-heading-xl"}
RESULT: {"using":"css selector","value":".govuk-heading-xl"}
COMMAND: GET /session/fc5459e8ec102b07d3dd84a44e5887bc/element/6369CFB0AD90081696B3D338005D2B62_element_1678/text - {}
RESULT: {}
COMMAND: POST /session/fc5459e8ec102b07d3dd84a44e5887bc/element - {"using":"xpath","value":".//caption[contains(., \"Quantity (events)\") and not(.//caption)]"}
RESULT: {"using":"xpath","value":".//caption[contains(., \"Quantity (events)\") and not(.//caption)]"}
COMMAND: POST /session/fc5459e8ec102b07d3dd84a44e5887bc/execute/sync - {"script":"return (function (elem, id) {\n        return (function parentElement() {\n        return this.parentElement;\n    }).call(elem, id);\n    }).apply(null, arguments)","args":[{"element-6066-11e4-a52e-4f735466cecf":"6369CFB0AD90081696B3D338005D2B62_element_1679","ELEMENT":"6369CFB0AD90081696B3D338005D2B62_element_1679"}]}
RESULT: {"script":"return (function (elem, id) {\n        return (function parentElement() {\n        return this.parentElement;\n    }).call(elem, id);\n    }).apply(null, arguments)","args":[{"element-6066-11e4-a52e-4f735466cecf":"6369CFB0AD90081696B3D338005D2B62_element_1679","ELEMENT":"6369CFB0AD90081696B3D338005D2B62_element_1679"}]}
COMMAND: GET /session/fc5459e8ec102b07d3dd84a44e5887bc/element/6369CFB0AD90081696B3D338005D2B62_element_1680/displayed - {}
RESULT: {}
COMMAND: POST /session/fc5459e8ec102b07d3dd84a44e5887bc/element/6369CFB0AD90081696B3D338005D2B62_element_1680/elements - {"using":"css selector","value":"tbody tr"}
RESULT: {"using":"css selector","value":"tbody tr"}
COMMAND: POST /session/fc5459e8ec102b07d3dd84a44e5887bc/element/6369CFB0AD90081696B3D338005D2B62_element_1680/element - {"using":"css selector","value":"thead tr"}
RESULT: {"using":"css selector","value":"thead tr"}
COMMAND: POST /session/fc5459e8ec102b07d3dd84a44e5887bc/element/6369CFB0AD90081696B3D338005D2B62_element_1682/elements - {"using":"css selector","value":"th"}
RESULT: {"using":"css selector","value":"th"}
COMMAND: GET /session/fc5459e8ec102b07d3dd84a44e5887bc/element/6369CFB0AD90081696B3D338005D2B62_element_1683/text - {}
COMMAND: GET /session/fc5459e8ec102b07d3dd84a44e5887bc/element/6369CFB0AD90081696B3D338005D2B62_element_1684/text - {}
COMMAND: GET /session/fc5459e8ec102b07d3dd84a44e5887bc/element/6369CFB0AD90081696B3D338005D2B62_element_1686/text - {}
COMMAND: GET /session/fc5459e8ec102b07d3dd84a44e5887bc/element/6369CFB0AD90081696B3D338005D2B62_element_1685/text - {}
RESULT: {}
RESULT: {}
RESULT: {}
RESULT: {}
COMMAND: POST /session/fc5459e8ec102b07d3dd84a44e5887bc/element/6369CFB0AD90081696B3D338005D2B62_element_1681/elements - {"using":"css selector","value":"th,td"}
RESULT: {"using":"css selector","value":"th,td"}
COMMAND: GET /session/fc5459e8ec102b07d3dd84a44e5887bc/element/6369CFB0AD90081696B3D338005D2B62_element_1687/text - {}
RESULT: {}
COMMAND: GET /session/fc5459e8ec102b07d3dd84a44e5887bc/element/6369CFB0AD90081696B3D338005D2B62_element_1688/text - {}
RESULT: {}
COMMAND: GET /session/fc5459e8ec102b07d3dd84a44e5887bc/element/6369CFB0AD90081696B3D338005D2B62_element_1689/text - {}
RESULT: {}
COMMAND: GET /session/fc5459e8ec102b07d3dd84a44e5887bc/element/6369CFB0AD90081696B3D338005D2B62_element_1690/text - {}
RESULT: {}
]]></system-out>
    </testcase>
    <testcase classname="chrome-headless-shell.121_0_6167_160.linux.Invoice_Page_Test.Vendor:_Vendor_Six,Invoice:2005-Q2" name="should validate price table data" time="0.529">
      <system-out><![CDATA[
COMMAND: POST /session/fc5459e8ec102b07d3dd84a44e5887bc/url - {"url":"https://pr-527.btm.dev.account.gov.uk/contracts/6/invoices/2005-q2"}
RESULT: {"url":"https://pr-527.btm.dev.account.gov.uk/contracts/6/invoices/2005-q2"}
COMMAND: POST /session/fc5459e8ec102b07d3dd84a44e5887bc/execute/sync - {"script":"return (() => document.readyState === \"complete\").apply(null, arguments)","args":[]}
RESULT: {"script":"return (() => document.readyState === \"complete\").apply(null, arguments)","args":[]}
COMMAND: GET /session/fc5459e8ec102b07d3dd84a44e5887bc/url - {}
RESULT: {}
COMMAND: POST /session/fc5459e8ec102b07d3dd84a44e5887bc/element - {"using":"css selector","value":".govuk-heading-xl"}
RESULT: {"using":"css selector","value":".govuk-heading-xl"}
COMMAND: GET /session/fc5459e8ec102b07d3dd84a44e5887bc/element/0244C54405E4445548CEA4BB6CCF4DCA_element_1693/displayed - {}
RESULT: {}
COMMAND: POST /session/fc5459e8ec102b07d3dd84a44e5887bc/element - {"using":"css selector","value":".govuk-heading-xl"}
RESULT: {"using":"css selector","value":".govuk-heading-xl"}
COMMAND: GET /session/fc5459e8ec102b07d3dd84a44e5887bc/element/0244C54405E4445548CEA4BB6CCF4DCA_element_1693/text - {}
RESULT: {}
COMMAND: POST /session/fc5459e8ec102b07d3dd84a44e5887bc/element - {"using":"xpath","value":".//caption[contains(., \"Price\") and not(.//caption)]"}
RESULT: {"using":"xpath","value":".//caption[contains(., \"Price\") and not(.//caption)]"}
COMMAND: POST /session/fc5459e8ec102b07d3dd84a44e5887bc/execute/sync - {"script":"return (function (elem, id) {\n        return (function parentElement() {\n        return this.parentElement;\n    }).call(elem, id);\n    }).apply(null, arguments)","args":[{"element-6066-11e4-a52e-4f735466cecf":"0244C54405E4445548CEA4BB6CCF4DCA_element_1694","ELEMENT":"0244C54405E4445548CEA4BB6CCF4DCA_element_1694"}]}
RESULT: {"script":"return (function (elem, id) {\n        return (function parentElement() {\n        return this.parentElement;\n    }).call(elem, id);\n    }).apply(null, arguments)","args":[{"element-6066-11e4-a52e-4f735466cecf":"0244C54405E4445548CEA4BB6CCF4DCA_element_1694","ELEMENT":"0244C54405E4445548CEA4BB6CCF4DCA_element_1694"}]}
COMMAND: GET /session/fc5459e8ec102b07d3dd84a44e5887bc/element/0244C54405E4445548CEA4BB6CCF4DCA_element_1695/displayed - {}
RESULT: {}
COMMAND: POST /session/fc5459e8ec102b07d3dd84a44e5887bc/element/0244C54405E4445548CEA4BB6CCF4DCA_element_1695/elements - {"using":"css selector","value":"tbody tr"}
RESULT: {"using":"css selector","value":"tbody tr"}
COMMAND: POST /session/fc5459e8ec102b07d3dd84a44e5887bc/element/0244C54405E4445548CEA4BB6CCF4DCA_element_1695/element - {"using":"css selector","value":"thead tr"}
RESULT: {"using":"css selector","value":"thead tr"}
COMMAND: POST /session/fc5459e8ec102b07d3dd84a44e5887bc/element/0244C54405E4445548CEA4BB6CCF4DCA_element_1697/elements - {"using":"css selector","value":"th"}
RESULT: {"using":"css selector","value":"th"}
COMMAND: GET /session/fc5459e8ec102b07d3dd84a44e5887bc/element/0244C54405E4445548CEA4BB6CCF4DCA_element_1698/text - {}
COMMAND: GET /session/fc5459e8ec102b07d3dd84a44e5887bc/element/0244C54405E4445548CEA4BB6CCF4DCA_element_1699/text - {}
COMMAND: GET /session/fc5459e8ec102b07d3dd84a44e5887bc/element/0244C54405E4445548CEA4BB6CCF4DCA_element_1701/text - {}
COMMAND: GET /session/fc5459e8ec102b07d3dd84a44e5887bc/element/0244C54405E4445548CEA4BB6CCF4DCA_element_1700/text - {}
RESULT: {}
RESULT: {}
RESULT: {}
RESULT: {}
COMMAND: POST /session/fc5459e8ec102b07d3dd84a44e5887bc/element/0244C54405E4445548CEA4BB6CCF4DCA_element_1696/elements - {"using":"css selector","value":"th,td"}
RESULT: {"using":"css selector","value":"th,td"}
COMMAND: GET /session/fc5459e8ec102b07d3dd84a44e5887bc/element/0244C54405E4445548CEA4BB6CCF4DCA_element_1702/text - {}
RESULT: {}
COMMAND: GET /session/fc5459e8ec102b07d3dd84a44e5887bc/element/0244C54405E4445548CEA4BB6CCF4DCA_element_1703/text - {}
RESULT: {}
COMMAND: GET /session/fc5459e8ec102b07d3dd84a44e5887bc/element/0244C54405E4445548CEA4BB6CCF4DCA_element_1704/text - {}
RESULT: {}
COMMAND: GET /session/fc5459e8ec102b07d3dd84a44e5887bc/element/0244C54405E4445548CEA4BB6CCF4DCA_element_1705/text - {}
RESULT: {}
]]></system-out>
    </testcase>
    <testcase classname="chrome-headless-shell.121_0_6167_160.linux.Invoice_Page_Test.Vendor:_Vendor_Six,Invoice:2005-Q2" name="should validate measured events table data" time="0.571">
      <system-out><![CDATA[
COMMAND: POST /session/fc5459e8ec102b07d3dd84a44e5887bc/url - {"url":"https://pr-527.btm.dev.account.gov.uk/contracts/6/invoices/2005-q2"}
RESULT: {"url":"https://pr-527.btm.dev.account.gov.uk/contracts/6/invoices/2005-q2"}
COMMAND: POST /session/fc5459e8ec102b07d3dd84a44e5887bc/execute/sync - {"script":"return (() => document.readyState === \"complete\").apply(null, arguments)","args":[]}
RESULT: {"script":"return (() => document.readyState === \"complete\").apply(null, arguments)","args":[]}
COMMAND: GET /session/fc5459e8ec102b07d3dd84a44e5887bc/url - {}
RESULT: {}
COMMAND: POST /session/fc5459e8ec102b07d3dd84a44e5887bc/element - {"using":"css selector","value":".govuk-heading-xl"}
RESULT: {"using":"css selector","value":".govuk-heading-xl"}
COMMAND: GET /session/fc5459e8ec102b07d3dd84a44e5887bc/element/7F4AF11B079CF56802CEE6EE4C7B345A_element_1708/displayed - {}
RESULT: {}
COMMAND: POST /session/fc5459e8ec102b07d3dd84a44e5887bc/element - {"using":"css selector","value":".govuk-heading-xl"}
RESULT: {"using":"css selector","value":".govuk-heading-xl"}
COMMAND: GET /session/fc5459e8ec102b07d3dd84a44e5887bc/element/7F4AF11B079CF56802CEE6EE4C7B345A_element_1708/text - {}
RESULT: {}
COMMAND: POST /session/fc5459e8ec102b07d3dd84a44e5887bc/element - {"using":"xpath","value":".//caption[contains(., \"Measured (events)\") and not(.//caption)]"}
RESULT: {"using":"xpath","value":".//caption[contains(., \"Measured (events)\") and not(.//caption)]"}
COMMAND: POST /session/fc5459e8ec102b07d3dd84a44e5887bc/execute/sync - {"script":"return (function (elem, id) {\n        return (function parentElement() {\n        return this.parentElement;\n    }).call(elem, id);\n    }).apply(null, arguments)","args":[{"element-6066-11e4-a52e-4f735466cecf":"7F4AF11B079CF56802CEE6EE4C7B345A_element_1709","ELEMENT":"7F4AF11B079CF56802CEE6EE4C7B345A_element_1709"}]}
RESULT: {"script":"return (function (elem, id) {\n        return (function parentElement() {\n        return this.parentElement;\n    }).call(elem, id);\n    }).apply(null, arguments)","args":[{"element-6066-11e4-a52e-4f735466cecf":"7F4AF11B079CF56802CEE6EE4C7B345A_element_1709","ELEMENT":"7F4AF11B079CF56802CEE6EE4C7B345A_element_1709"}]}
COMMAND: GET /session/fc5459e8ec102b07d3dd84a44e5887bc/element/7F4AF11B079CF56802CEE6EE4C7B345A_element_1710/displayed - {}
RESULT: {}
COMMAND: POST /session/fc5459e8ec102b07d3dd84a44e5887bc/element/7F4AF11B079CF56802CEE6EE4C7B345A_element_1710/elements - {"using":"css selector","value":"tbody tr"}
RESULT: {"using":"css selector","value":"tbody tr"}
COMMAND: POST /session/fc5459e8ec102b07d3dd84a44e5887bc/element/7F4AF11B079CF56802CEE6EE4C7B345A_element_1710/element - {"using":"css selector","value":"thead tr"}
RESULT: {"using":"css selector","value":"thead tr"}
COMMAND: POST /session/fc5459e8ec102b07d3dd84a44e5887bc/element/7F4AF11B079CF56802CEE6EE4C7B345A_element_1712/elements - {"using":"css selector","value":"th"}
RESULT: {"using":"css selector","value":"th"}
COMMAND: GET /session/fc5459e8ec102b07d3dd84a44e5887bc/element/7F4AF11B079CF56802CEE6EE4C7B345A_element_1713/text - {}
COMMAND: GET /session/fc5459e8ec102b07d3dd84a44e5887bc/element/7F4AF11B079CF56802CEE6EE4C7B345A_element_1714/text - {}
RESULT: {}
RESULT: {}
COMMAND: POST /session/fc5459e8ec102b07d3dd84a44e5887bc/element/7F4AF11B079CF56802CEE6EE4C7B345A_element_1711/elements - {"using":"css selector","value":"th,td"}
RESULT: {"using":"css selector","value":"th,td"}
COMMAND: GET /session/fc5459e8ec102b07d3dd84a44e5887bc/element/7F4AF11B079CF56802CEE6EE4C7B345A_element_1715/text - {}
RESULT: {}
COMMAND: GET /session/fc5459e8ec102b07d3dd84a44e5887bc/element/7F4AF11B079CF56802CEE6EE4C7B345A_element_1716/text - {}
RESULT: {}
]]></system-out>
    </testcase>
    <testcase classname="chrome-headless-shell.121_0_6167_160.linux.Invoice_Page_Test.Vendor:_Vendor_Six,Invoice:2005-Q2" name="should validate invoice table data" time="0.917">
      <system-out><![CDATA[
COMMAND: POST /session/fc5459e8ec102b07d3dd84a44e5887bc/url - {"url":"https://pr-527.btm.dev.account.gov.uk/contracts/6/invoices/2005-q2"}
RESULT: {"url":"https://pr-527.btm.dev.account.gov.uk/contracts/6/invoices/2005-q2"}
COMMAND: POST /session/fc5459e8ec102b07d3dd84a44e5887bc/execute/sync - {"script":"return (() => document.readyState === \"complete\").apply(null, arguments)","args":[]}
RESULT: {"script":"return (() => document.readyState === \"complete\").apply(null, arguments)","args":[]}
COMMAND: GET /session/fc5459e8ec102b07d3dd84a44e5887bc/url - {}
RESULT: {}
COMMAND: POST /session/fc5459e8ec102b07d3dd84a44e5887bc/element - {"using":"css selector","value":".govuk-heading-xl"}
RESULT: {"using":"css selector","value":".govuk-heading-xl"}
COMMAND: GET /session/fc5459e8ec102b07d3dd84a44e5887bc/element/AFFADA31C03F4D99CFD147A893862248_element_1719/displayed - {}
RESULT: {}
COMMAND: POST /session/fc5459e8ec102b07d3dd84a44e5887bc/element - {"using":"css selector","value":".govuk-heading-xl"}
RESULT: {"using":"css selector","value":".govuk-heading-xl"}
COMMAND: GET /session/fc5459e8ec102b07d3dd84a44e5887bc/element/AFFADA31C03F4D99CFD147A893862248_element_1719/text - {}
RESULT: {}
COMMAND: POST /session/fc5459e8ec102b07d3dd84a44e5887bc/element - {"using":"xpath","value":".//caption[contains(., \"Invoice\") and not(.//caption)]"}
RESULT: {"using":"xpath","value":".//caption[contains(., \"Invoice\") and not(.//caption)]"}
COMMAND: POST /session/fc5459e8ec102b07d3dd84a44e5887bc/execute/sync - {"script":"return (function (elem, id) {\n        return (function parentElement() {\n        return this.parentElement;\n    }).call(elem, id);\n    }).apply(null, arguments)","args":[{"element-6066-11e4-a52e-4f735466cecf":"AFFADA31C03F4D99CFD147A893862248_element_1720","ELEMENT":"AFFADA31C03F4D99CFD147A893862248_element_1720"}]}
RESULT: {"script":"return (function (elem, id) {\n        return (function parentElement() {\n        return this.parentElement;\n    }).call(elem, id);\n    }).apply(null, arguments)","args":[{"element-6066-11e4-a52e-4f735466cecf":"AFFADA31C03F4D99CFD147A893862248_element_1720","ELEMENT":"AFFADA31C03F4D99CFD147A893862248_element_1720"}]}
COMMAND: GET /session/fc5459e8ec102b07d3dd84a44e5887bc/element/AFFADA31C03F4D99CFD147A893862248_element_1721/displayed - {}
RESULT: {}
COMMAND: POST /session/fc5459e8ec102b07d3dd84a44e5887bc/element/AFFADA31C03F4D99CFD147A893862248_element_1721/elements - {"using":"css selector","value":"tbody tr"}
RESULT: {"using":"css selector","value":"tbody tr"}
COMMAND: POST /session/fc5459e8ec102b07d3dd84a44e5887bc/element/AFFADA31C03F4D99CFD147A893862248_element_1721/element - {"using":"css selector","value":"thead tr"}
RESULT: {"using":"css selector","value":"thead tr"}
COMMAND: POST /session/fc5459e8ec102b07d3dd84a44e5887bc/element/AFFADA31C03F4D99CFD147A893862248_element_1724/elements - {"using":"css selector","value":"th"}
RESULT: {"using":"css selector","value":"th"}
COMMAND: GET /session/fc5459e8ec102b07d3dd84a44e5887bc/element/AFFADA31C03F4D99CFD147A893862248_element_1725/text - {}
COMMAND: GET /session/fc5459e8ec102b07d3dd84a44e5887bc/element/AFFADA31C03F4D99CFD147A893862248_element_1726/text - {}
COMMAND: GET /session/fc5459e8ec102b07d3dd84a44e5887bc/element/AFFADA31C03F4D99CFD147A893862248_element_1728/text - {}
COMMAND: GET /session/fc5459e8ec102b07d3dd84a44e5887bc/element/AFFADA31C03F4D99CFD147A893862248_element_1727/text - {}
COMMAND: GET /session/fc5459e8ec102b07d3dd84a44e5887bc/element/AFFADA31C03F4D99CFD147A893862248_element_1729/text - {}
RESULT: {}
RESULT: {}
RESULT: {}
RESULT: {}
RESULT: {}
COMMAND: POST /session/fc5459e8ec102b07d3dd84a44e5887bc/element/AFFADA31C03F4D99CFD147A893862248_element_1722/elements - {"using":"css selector","value":"th,td"}
RESULT: {"using":"css selector","value":"th,td"}
COMMAND: GET /session/fc5459e8ec102b07d3dd84a44e5887bc/element/AFFADA31C03F4D99CFD147A893862248_element_1730/text - {}
RESULT: {}
COMMAND: GET /session/fc5459e8ec102b07d3dd84a44e5887bc/element/AFFADA31C03F4D99CFD147A893862248_element_1731/text - {}
RESULT: {}
COMMAND: GET /session/fc5459e8ec102b07d3dd84a44e5887bc/element/AFFADA31C03F4D99CFD147A893862248_element_1732/text - {}
RESULT: {}
COMMAND: GET /session/fc5459e8ec102b07d3dd84a44e5887bc/element/AFFADA31C03F4D99CFD147A893862248_element_1733/text - {}
RESULT: {}
COMMAND: GET /session/fc5459e8ec102b07d3dd84a44e5887bc/element/AFFADA31C03F4D99CFD147A893862248_element_1734/text - {}
RESULT: {}
COMMAND: POST /session/fc5459e8ec102b07d3dd84a44e5887bc/element/AFFADA31C03F4D99CFD147A893862248_element_1723/elements - {"using":"css selector","value":"th,td"}
RESULT: {"using":"css selector","value":"th,td"}
COMMAND: GET /session/fc5459e8ec102b07d3dd84a44e5887bc/element/AFFADA31C03F4D99CFD147A893862248_element_1735/text - {}
RESULT: {}
COMMAND: GET /session/fc5459e8ec102b07d3dd84a44e5887bc/element/AFFADA31C03F4D99CFD147A893862248_element_1736/text - {}
RESULT: {}
COMMAND: GET /session/fc5459e8ec102b07d3dd84a44e5887bc/element/AFFADA31C03F4D99CFD147A893862248_element_1737/text - {}
RESULT: {}
COMMAND: GET /session/fc5459e8ec102b07d3dd84a44e5887bc/element/AFFADA31C03F4D99CFD147A893862248_element_1738/text - {}
RESULT: {}
COMMAND: GET /session/fc5459e8ec102b07d3dd84a44e5887bc/element/AFFADA31C03F4D99CFD147A893862248_element_1739/text - {}
RESULT: {}
COMMAND: DELETE /session/fc5459e8ec102b07d3dd84a44e5887bc - {}
RESULT: {}
]]></system-out>
    </testcase>
  </testsuite>
</testsuites>