<?xml version="1.0" encoding="UTF-8"?>
<testsuites>
  <testsuite name="Invoice Page Test" timestamp="2023-10-12T08:50:56" time="90.237" tests="0" failures="0" errors="0" skipped="0">
    <properties>
      <property name="specId" value="0"/>
      <property name="suiteName" value="Invoice Page Test"/>
      <property name="capabilities" value="chrome.117_0_5938_132.linux"/>
      <property name="file" value="file://./ui-tests/specs/invoice.spec.ts"/>
    </properties>
  </testsuite>
  <testsuite name="Vendor Vendor Three Invoice 2005 09" timestamp="2023-10-12T08:50:56" time="13.782" tests="6" failures="0" errors="0" skipped="0">
    <properties>
      <property name="specId" value="0"/>
      <property name="suiteName" value="Vendor: Vendor Three,Invoice:2005-09"/>
      <property name="capabilities" value="chrome.117_0_5938_132.linux"/>
      <property name="file" value="file://./ui-tests/specs/invoice.spec.ts"/>
    </properties>
    <testcase classname="chrome.117_0_5938_132.linux.Invoice_Page_Test.Vendor:_Vendor_Three,Invoice:2005-09" name="should display correct status banner color and message" time="7.942">
      <system-out><![CDATA[
COMMAND: POST /session/25bf4f67d8815c80d9572ddea7d38d49/url - {"url":"https://pr-509.btm.dev.account.gov.uk/contracts/3/invoices/2005-09"}
RESULT: {"url":"https://pr-509.btm.dev.account.gov.uk/contracts/3/invoices/2005-09"}
COMMAND: POST /session/25bf4f67d8815c80d9572ddea7d38d49/execute/sync - {"script":"return (() => document.readyState === \"complete\").apply(null, arguments)","args":[]}
RESULT: {"script":"return (() => document.readyState === \"complete\").apply(null, arguments)","args":[]}
COMMAND: GET /session/25bf4f67d8815c80d9572ddea7d38d49/url - {}
RESULT: {}
COMMAND: POST /session/25bf4f67d8815c80d9572ddea7d38d49/element - {"using":"css selector","value":".govuk-heading-xl"}
RESULT: {"using":"css selector","value":".govuk-heading-xl"}
COMMAND: POST /session/25bf4f67d8815c80d9572ddea7d38d49/execute/sync - {"script":"return (function isElementDisplayed(element) {\n    function nodeIsElement(node) {\n        if (!node) {\n            return false;\n        }\n        switch (node.nodeType) {\n            case Node.ELEMEN ... (7807 more bytes)","args":[{"element-6066-11e4-a52e-4f735466cecf":"2A28C289FD5418606ECAF9FF3E088264_element_5","ELEMENT":"2A28C289FD5418606ECAF9FF3E088264_element_5"}]}
RESULT: {"script":"return (function isElementDisplayed(element) {\n    function nodeIsElement(node) {\n        if (!node) {\n            return false;\n        }\n        switch (node.nodeType) {\n            case Node.ELEMEN ... (7807 more bytes)","args":[{"element-6066-11e4-a52e-4f735466cecf":"2A28C289FD5418606ECAF9FF3E088264_element_5","ELEMENT":"2A28C289FD5418606ECAF9FF3E088264_element_5"}]}
COMMAND: POST /session/25bf4f67d8815c80d9572ddea7d38d49/element - {"using":"css selector","value":".govuk-heading-xl"}
RESULT: {"using":"css selector","value":".govuk-heading-xl"}
COMMAND: GET /session/25bf4f67d8815c80d9572ddea7d38d49/element/2A28C289FD5418606ECAF9FF3E088264_element_5/text - {}
RESULT: {}
COMMAND: POST /session/25bf4f67d8815c80d9572ddea7d38d49/element - {"using":"css selector","value":"h2.govuk-panel__title"}
RESULT: {"using":"css selector","value":"h2.govuk-panel__title"}
COMMAND: POST /session/25bf4f67d8815c80d9572ddea7d38d49/execute/sync - {"script":"return (function isElementDisplayed(element) {\n    function nodeIsElement(node) {\n        if (!node) {\n            return false;\n        }\n        switch (node.nodeType) {\n            case Node.ELEMEN ... (7807 more bytes)","args":[{"element-6066-11e4-a52e-4f735466cecf":"2A28C289FD5418606ECAF9FF3E088264_element_6","ELEMENT":"2A28C289FD5418606ECAF9FF3E088264_element_6"}]}
RESULT: {"script":"return (function isElementDisplayed(element) {\n    function nodeIsElement(node) {\n        if (!node) {\n            return false;\n        }\n        switch (node.nodeType) {\n            case Node.ELEMEN ... (7807 more bytes)","args":[{"element-6066-11e4-a52e-4f735466cecf":"2A28C289FD5418606ECAF9FF3E088264_element_6","ELEMENT":"2A28C289FD5418606ECAF9FF3E088264_element_6"}]}
COMMAND: POST /session/25bf4f67d8815c80d9572ddea7d38d49/element - {"using":"css selector","value":"h2.govuk-panel__title"}
RESULT: {"using":"css selector","value":"h2.govuk-panel__title"}
COMMAND: GET /session/25bf4f67d8815c80d9572ddea7d38d49/element/2A28C289FD5418606ECAF9FF3E088264_element_6/text - {}
RESULT: {}
COMMAND: POST /session/25bf4f67d8815c80d9572ddea7d38d49/element - {"using":"css selector","value":".govuk-panel"}
RESULT: {"using":"css selector","value":".govuk-panel"}
COMMAND: POST /session/25bf4f67d8815c80d9572ddea7d38d49/execute/sync - {"script":"return (function isElementDisplayed(element) {\n    function nodeIsElement(node) {\n        if (!node) {\n            return false;\n        }\n        switch (node.nodeType) {\n            case Node.ELEMEN ... (7807 more bytes)","args":[{"element-6066-11e4-a52e-4f735466cecf":"2A28C289FD5418606ECAF9FF3E088264_element_3","ELEMENT":"2A28C289FD5418606ECAF9FF3E088264_element_3"}]}
RESULT: {"script":"return (function isElementDisplayed(element) {\n    function nodeIsElement(node) {\n        if (!node) {\n            return false;\n        }\n        switch (node.nodeType) {\n            case Node.ELEMEN ... (7807 more bytes)","args":[{"element-6066-11e4-a52e-4f735466cecf":"2A28C289FD5418606ECAF9FF3E088264_element_3","ELEMENT":"2A28C289FD5418606ECAF9FF3E088264_element_3"}]}
COMMAND: GET /session/25bf4f67d8815c80d9572ddea7d38d49/element/2A28C289FD5418606ECAF9FF3E088264_element_3/css/background-color - {}
RESULT: {}
]]></system-out>
    </testcase>
    <testcase classname="chrome.117_0_5938_132.linux.Invoice_Page_Test.Vendor:_Vendor_Three,Invoice:2005-09" name="should validate reconciliation table data" time="0.808">
      <system-out><![CDATA[
COMMAND: POST /session/25bf4f67d8815c80d9572ddea7d38d49/url - {"url":"https://pr-509.btm.dev.account.gov.uk/contracts/3/invoices/2005-09"}
RESULT: {"url":"https://pr-509.btm.dev.account.gov.uk/contracts/3/invoices/2005-09"}
COMMAND: POST /session/25bf4f67d8815c80d9572ddea7d38d49/execute/sync - {"script":"return (() => document.readyState === \"complete\").apply(null, arguments)","args":[]}
RESULT: {"script":"return (() => document.readyState === \"complete\").apply(null, arguments)","args":[]}
COMMAND: GET /session/25bf4f67d8815c80d9572ddea7d38d49/url - {}
RESULT: {}
COMMAND: POST /session/25bf4f67d8815c80d9572ddea7d38d49/element - {"using":"css selector","value":".govuk-heading-xl"}
RESULT: {"using":"css selector","value":".govuk-heading-xl"}
COMMAND: POST /session/25bf4f67d8815c80d9572ddea7d38d49/execute/sync - {"script":"return (function isElementDisplayed(element) {\n    function nodeIsElement(node) {\n        if (!node) {\n            return false;\n        }\n        switch (node.nodeType) {\n            case Node.ELEMEN ... (7807 more bytes)","args":[{"element-6066-11e4-a52e-4f735466cecf":"1A698CBC89E534DE16455A7E85382D35_element_11","ELEMENT":"1A698CBC89E534DE16455A7E85382D35_element_11"}]}
RESULT: {"script":"return (function isElementDisplayed(element) {\n    function nodeIsElement(node) {\n        if (!node) {\n            return false;\n        }\n        switch (node.nodeType) {\n            case Node.ELEMEN ... (7807 more bytes)","args":[{"element-6066-11e4-a52e-4f735466cecf":"1A698CBC89E534DE16455A7E85382D35_element_11","ELEMENT":"1A698CBC89E534DE16455A7E85382D35_element_11"}]}
COMMAND: POST /session/25bf4f67d8815c80d9572ddea7d38d49/element - {"using":"css selector","value":".govuk-heading-xl"}
RESULT: {"using":"css selector","value":".govuk-heading-xl"}
COMMAND: GET /session/25bf4f67d8815c80d9572ddea7d38d49/element/1A698CBC89E534DE16455A7E85382D35_element_11/text - {}
RESULT: {}
COMMAND: POST /session/25bf4f67d8815c80d9572ddea7d38d49/element - {"using":"xpath","value":".//caption[contains(., \"Reconciliation\") and not(.//caption)]"}
RESULT: {"using":"xpath","value":".//caption[contains(., \"Reconciliation\") and not(.//caption)]"}
COMMAND: POST /session/25bf4f67d8815c80d9572ddea7d38d49/execute/sync - {"script":"return (function (elem, id) {\n        return (function parentElement() {\n        return this.parentElement;\n    }).call(elem, id);\n    }).apply(null, arguments)","args":[{"element-6066-11e4-a52e-4f735466cecf":"1A698CBC89E534DE16455A7E85382D35_element_12","ELEMENT":"1A698CBC89E534DE16455A7E85382D35_element_12"}]}
RESULT: {"script":"return (function (elem, id) {\n        return (function parentElement() {\n        return this.parentElement;\n    }).call(elem, id);\n    }).apply(null, arguments)","args":[{"element-6066-11e4-a52e-4f735466cecf":"1A698CBC89E534DE16455A7E85382D35_element_12","ELEMENT":"1A698CBC89E534DE16455A7E85382D35_element_12"}]}
COMMAND: POST /session/25bf4f67d8815c80d9572ddea7d38d49/execute/sync - {"script":"return (function isElementDisplayed(element) {\n    function nodeIsElement(node) {\n        if (!node) {\n            return false;\n        }\n        switch (node.nodeType) {\n            case Node.ELEMEN ... (7807 more bytes)","args":[{"element-6066-11e4-a52e-4f735466cecf":"1A698CBC89E534DE16455A7E85382D35_element_10","ELEMENT":"1A698CBC89E534DE16455A7E85382D35_element_10"}]}
RESULT: {"script":"return (function isElementDisplayed(element) {\n    function nodeIsElement(node) {\n        if (!node) {\n            return false;\n        }\n        switch (node.nodeType) {\n            case Node.ELEMEN ... (7807 more bytes)","args":[{"element-6066-11e4-a52e-4f735466cecf":"1A698CBC89E534DE16455A7E85382D35_element_10","ELEMENT":"1A698CBC89E534DE16455A7E85382D35_element_10"}]}
COMMAND: POST /session/25bf4f67d8815c80d9572ddea7d38d49/element/1A698CBC89E534DE16455A7E85382D35_element_10/elements - {"using":"css selector","value":"tbody tr"}
RESULT: {"using":"css selector","value":"tbody tr"}
COMMAND: POST /session/25bf4f67d8815c80d9572ddea7d38d49/element/1A698CBC89E534DE16455A7E85382D35_element_10/element - {"using":"css selector","value":"thead tr"}
RESULT: {"using":"css selector","value":"thead tr"}
COMMAND: POST /session/25bf4f67d8815c80d9572ddea7d38d49/element/1A698CBC89E534DE16455A7E85382D35_element_14/elements - {"using":"css selector","value":"th"}
RESULT: {"using":"css selector","value":"th"}
COMMAND: GET /session/25bf4f67d8815c80d9572ddea7d38d49/element/1A698CBC89E534DE16455A7E85382D35_element_15/text - {}
COMMAND: GET /session/25bf4f67d8815c80d9572ddea7d38d49/element/1A698CBC89E534DE16455A7E85382D35_element_16/text - {}
COMMAND: GET /session/25bf4f67d8815c80d9572ddea7d38d49/element/1A698CBC89E534DE16455A7E85382D35_element_18/text - {}
COMMAND: GET /session/25bf4f67d8815c80d9572ddea7d38d49/element/1A698CBC89E534DE16455A7E85382D35_element_17/text - {}
COMMAND: GET /session/25bf4f67d8815c80d9572ddea7d38d49/element/1A698CBC89E534DE16455A7E85382D35_element_19/text - {}
RESULT: {}
RESULT: {}
RESULT: {}
RESULT: {}
RESULT: {}
COMMAND: POST /session/25bf4f67d8815c80d9572ddea7d38d49/element/1A698CBC89E534DE16455A7E85382D35_element_13/elements - {"using":"css selector","value":"th,td"}
RESULT: {"using":"css selector","value":"th,td"}
COMMAND: GET /session/25bf4f67d8815c80d9572ddea7d38d49/element/1A698CBC89E534DE16455A7E85382D35_element_20/text - {}
RESULT: {}
COMMAND: GET /session/25bf4f67d8815c80d9572ddea7d38d49/element/1A698CBC89E534DE16455A7E85382D35_element_21/text - {}
RESULT: {}
COMMAND: GET /session/25bf4f67d8815c80d9572ddea7d38d49/element/1A698CBC89E534DE16455A7E85382D35_element_22/text - {}
RESULT: {}
COMMAND: GET /session/25bf4f67d8815c80d9572ddea7d38d49/element/1A698CBC89E534DE16455A7E85382D35_element_23/text - {}
RESULT: {}
COMMAND: GET /session/25bf4f67d8815c80d9572ddea7d38d49/element/1A698CBC89E534DE16455A7E85382D35_element_24/text - {}
RESULT: {}
]]></system-out>
    </testcase>
    <testcase classname="chrome.117_0_5938_132.linux.Invoice_Page_Test.Vendor:_Vendor_Three,Invoice:2005-09" name="should validate quantity events table data" time="0.794">
      <system-out><![CDATA[
COMMAND: POST /session/25bf4f67d8815c80d9572ddea7d38d49/url - {"url":"https://pr-509.btm.dev.account.gov.uk/contracts/3/invoices/2005-09"}
RESULT: {"url":"https://pr-509.btm.dev.account.gov.uk/contracts/3/invoices/2005-09"}
COMMAND: POST /session/25bf4f67d8815c80d9572ddea7d38d49/execute/sync - {"script":"return (() => document.readyState === \"complete\").apply(null, arguments)","args":[]}
RESULT: {"script":"return (() => document.readyState === \"complete\").apply(null, arguments)","args":[]}
COMMAND: GET /session/25bf4f67d8815c80d9572ddea7d38d49/url - {}
RESULT: {}
COMMAND: POST /session/25bf4f67d8815c80d9572ddea7d38d49/element - {"using":"css selector","value":".govuk-heading-xl"}
RESULT: {"using":"css selector","value":".govuk-heading-xl"}
COMMAND: POST /session/25bf4f67d8815c80d9572ddea7d38d49/execute/sync - {"script":"return (function isElementDisplayed(element) {\n    function nodeIsElement(node) {\n        if (!node) {\n            return false;\n        }\n        switch (node.nodeType) {\n            case Node.ELEMEN ... (7807 more bytes)","args":[{"element-6066-11e4-a52e-4f735466cecf":"7AA0F7FEC292A864306BD8F872A46AC6_element_27","ELEMENT":"7AA0F7FEC292A864306BD8F872A46AC6_element_27"}]}
RESULT: {"script":"return (function isElementDisplayed(element) {\n    function nodeIsElement(node) {\n        if (!node) {\n            return false;\n        }\n        switch (node.nodeType) {\n            case Node.ELEMEN ... (7807 more bytes)","args":[{"element-6066-11e4-a52e-4f735466cecf":"7AA0F7FEC292A864306BD8F872A46AC6_element_27","ELEMENT":"7AA0F7FEC292A864306BD8F872A46AC6_element_27"}]}
COMMAND: POST /session/25bf4f67d8815c80d9572ddea7d38d49/element - {"using":"css selector","value":".govuk-heading-xl"}
RESULT: {"using":"css selector","value":".govuk-heading-xl"}
COMMAND: GET /session/25bf4f67d8815c80d9572ddea7d38d49/element/7AA0F7FEC292A864306BD8F872A46AC6_element_27/text - {}
RESULT: {}
COMMAND: POST /session/25bf4f67d8815c80d9572ddea7d38d49/element - {"using":"xpath","value":".//caption[contains(., \"Quantity (events)\") and not(.//caption)]"}
RESULT: {"using":"xpath","value":".//caption[contains(., \"Quantity (events)\") and not(.//caption)]"}
COMMAND: POST /session/25bf4f67d8815c80d9572ddea7d38d49/execute/sync - {"script":"return (function (elem, id) {\n        return (function parentElement() {\n        return this.parentElement;\n    }).call(elem, id);\n    }).apply(null, arguments)","args":[{"element-6066-11e4-a52e-4f735466cecf":"7AA0F7FEC292A864306BD8F872A46AC6_element_28","ELEMENT":"7AA0F7FEC292A864306BD8F872A46AC6_element_28"}]}
RESULT: {"script":"return (function (elem, id) {\n        return (function parentElement() {\n        return this.parentElement;\n    }).call(elem, id);\n    }).apply(null, arguments)","args":[{"element-6066-11e4-a52e-4f735466cecf":"7AA0F7FEC292A864306BD8F872A46AC6_element_28","ELEMENT":"7AA0F7FEC292A864306BD8F872A46AC6_element_28"}]}
COMMAND: POST /session/25bf4f67d8815c80d9572ddea7d38d49/execute/sync - {"script":"return (function isElementDisplayed(element) {\n    function nodeIsElement(node) {\n        if (!node) {\n            return false;\n        }\n        switch (node.nodeType) {\n            case Node.ELEMEN ... (7807 more bytes)","args":[{"element-6066-11e4-a52e-4f735466cecf":"7AA0F7FEC292A864306BD8F872A46AC6_element_29","ELEMENT":"7AA0F7FEC292A864306BD8F872A46AC6_element_29"}]}
RESULT: {"script":"return (function isElementDisplayed(element) {\n    function nodeIsElement(node) {\n        if (!node) {\n            return false;\n        }\n        switch (node.nodeType) {\n            case Node.ELEMEN ... (7807 more bytes)","args":[{"element-6066-11e4-a52e-4f735466cecf":"7AA0F7FEC292A864306BD8F872A46AC6_element_29","ELEMENT":"7AA0F7FEC292A864306BD8F872A46AC6_element_29"}]}
COMMAND: POST /session/25bf4f67d8815c80d9572ddea7d38d49/element/7AA0F7FEC292A864306BD8F872A46AC6_element_29/elements - {"using":"css selector","value":"tbody tr"}
RESULT: {"using":"css selector","value":"tbody tr"}
COMMAND: POST /session/25bf4f67d8815c80d9572ddea7d38d49/element/7AA0F7FEC292A864306BD8F872A46AC6_element_29/element - {"using":"css selector","value":"thead tr"}
RESULT: {"using":"css selector","value":"thead tr"}
COMMAND: POST /session/25bf4f67d8815c80d9572ddea7d38d49/element/7AA0F7FEC292A864306BD8F872A46AC6_element_31/elements - {"using":"css selector","value":"th"}
RESULT: {"using":"css selector","value":"th"}
COMMAND: GET /session/25bf4f67d8815c80d9572ddea7d38d49/element/7AA0F7FEC292A864306BD8F872A46AC6_element_32/text - {}
COMMAND: GET /session/25bf4f67d8815c80d9572ddea7d38d49/element/7AA0F7FEC292A864306BD8F872A46AC6_element_33/text - {}
COMMAND: GET /session/25bf4f67d8815c80d9572ddea7d38d49/element/7AA0F7FEC292A864306BD8F872A46AC6_element_35/text - {}
COMMAND: GET /session/25bf4f67d8815c80d9572ddea7d38d49/element/7AA0F7FEC292A864306BD8F872A46AC6_element_34/text - {}
RESULT: {}
RESULT: {}
RESULT: {}
RESULT: {}
COMMAND: POST /session/25bf4f67d8815c80d9572ddea7d38d49/element/7AA0F7FEC292A864306BD8F872A46AC6_element_30/elements - {"using":"css selector","value":"th,td"}
RESULT: {"using":"css selector","value":"th,td"}
COMMAND: GET /session/25bf4f67d8815c80d9572ddea7d38d49/element/7AA0F7FEC292A864306BD8F872A46AC6_element_36/text - {}
RESULT: {}
COMMAND: GET /session/25bf4f67d8815c80d9572ddea7d38d49/element/7AA0F7FEC292A864306BD8F872A46AC6_element_37/text - {}
RESULT: {}
COMMAND: GET /session/25bf4f67d8815c80d9572ddea7d38d49/element/7AA0F7FEC292A864306BD8F872A46AC6_element_38/text - {}
RESULT: {}
COMMAND: GET /session/25bf4f67d8815c80d9572ddea7d38d49/element/7AA0F7FEC292A864306BD8F872A46AC6_element_39/text - {}
RESULT: {}
]]></system-out>
    </testcase>
    <testcase classname="chrome.117_0_5938_132.linux.Invoice_Page_Test.Vendor:_Vendor_Three,Invoice:2005-09" name="should validate price table data" time="1.31">
      <system-out><![CDATA[
COMMAND: POST /session/25bf4f67d8815c80d9572ddea7d38d49/url - {"url":"https://pr-509.btm.dev.account.gov.uk/contracts/3/invoices/2005-09"}
RESULT: {"url":"https://pr-509.btm.dev.account.gov.uk/contracts/3/invoices/2005-09"}
COMMAND: POST /session/25bf4f67d8815c80d9572ddea7d38d49/execute/sync - {"script":"return (() => document.readyState === \"complete\").apply(null, arguments)","args":[]}
RESULT: {"script":"return (() => document.readyState === \"complete\").apply(null, arguments)","args":[]}
COMMAND: GET /session/25bf4f67d8815c80d9572ddea7d38d49/url - {}
RESULT: {}
COMMAND: POST /session/25bf4f67d8815c80d9572ddea7d38d49/element - {"using":"css selector","value":".govuk-heading-xl"}
RESULT: {"using":"css selector","value":".govuk-heading-xl"}
COMMAND: POST /session/25bf4f67d8815c80d9572ddea7d38d49/execute/sync - {"script":"return (function isElementDisplayed(element) {\n    function nodeIsElement(node) {\n        if (!node) {\n            return false;\n        }\n        switch (node.nodeType) {\n            case Node.ELEMEN ... (7807 more bytes)","args":[{"element-6066-11e4-a52e-4f735466cecf":"A5CF041ED13738B4E0D637E172BCD717_element_42","ELEMENT":"A5CF041ED13738B4E0D637E172BCD717_element_42"}]}
RESULT: {"script":"return (function isElementDisplayed(element) {\n    function nodeIsElement(node) {\n        if (!node) {\n            return false;\n        }\n        switch (node.nodeType) {\n            case Node.ELEMEN ... (7807 more bytes)","args":[{"element-6066-11e4-a52e-4f735466cecf":"A5CF041ED13738B4E0D637E172BCD717_element_42","ELEMENT":"A5CF041ED13738B4E0D637E172BCD717_element_42"}]}
COMMAND: POST /session/25bf4f67d8815c80d9572ddea7d38d49/element - {"using":"css selector","value":".govuk-heading-xl"}
RESULT: {"using":"css selector","value":".govuk-heading-xl"}
COMMAND: GET /session/25bf4f67d8815c80d9572ddea7d38d49/element/A5CF041ED13738B4E0D637E172BCD717_element_42/text - {}
RESULT: {}
COMMAND: POST /session/25bf4f67d8815c80d9572ddea7d38d49/element - {"using":"xpath","value":".//caption[contains(., \"Price\") and not(.//caption)]"}
RESULT: {"using":"xpath","value":".//caption[contains(., \"Price\") and not(.//caption)]"}
COMMAND: POST /session/25bf4f67d8815c80d9572ddea7d38d49/execute/sync - {"script":"return (function (elem, id) {\n        return (function parentElement() {\n        return this.parentElement;\n    }).call(elem, id);\n    }).apply(null, arguments)","args":[{"element-6066-11e4-a52e-4f735466cecf":"A5CF041ED13738B4E0D637E172BCD717_element_43","ELEMENT":"A5CF041ED13738B4E0D637E172BCD717_element_43"}]}
RESULT: {"script":"return (function (elem, id) {\n        return (function parentElement() {\n        return this.parentElement;\n    }).call(elem, id);\n    }).apply(null, arguments)","args":[{"element-6066-11e4-a52e-4f735466cecf":"A5CF041ED13738B4E0D637E172BCD717_element_43","ELEMENT":"A5CF041ED13738B4E0D637E172BCD717_element_43"}]}
COMMAND: POST /session/25bf4f67d8815c80d9572ddea7d38d49/execute/sync - {"script":"return (function isElementDisplayed(element) {\n    function nodeIsElement(node) {\n        if (!node) {\n            return false;\n        }\n        switch (node.nodeType) {\n            case Node.ELEMEN ... (7807 more bytes)","args":[{"element-6066-11e4-a52e-4f735466cecf":"A5CF041ED13738B4E0D637E172BCD717_element_44","ELEMENT":"A5CF041ED13738B4E0D637E172BCD717_element_44"}]}
RESULT: {"script":"return (function isElementDisplayed(element) {\n    function nodeIsElement(node) {\n        if (!node) {\n            return false;\n        }\n        switch (node.nodeType) {\n            case Node.ELEMEN ... (7807 more bytes)","args":[{"element-6066-11e4-a52e-4f735466cecf":"A5CF041ED13738B4E0D637E172BCD717_element_44","ELEMENT":"A5CF041ED13738B4E0D637E172BCD717_element_44"}]}
COMMAND: POST /session/25bf4f67d8815c80d9572ddea7d38d49/element/A5CF041ED13738B4E0D637E172BCD717_element_44/elements - {"using":"css selector","value":"tbody tr"}
RESULT: {"using":"css selector","value":"tbody tr"}
COMMAND: POST /session/25bf4f67d8815c80d9572ddea7d38d49/element/A5CF041ED13738B4E0D637E172BCD717_element_44/element - {"using":"css selector","value":"thead tr"}
RESULT: {"using":"css selector","value":"thead tr"}
COMMAND: POST /session/25bf4f67d8815c80d9572ddea7d38d49/element/A5CF041ED13738B4E0D637E172BCD717_element_46/elements - {"using":"css selector","value":"th"}
RESULT: {"using":"css selector","value":"th"}
COMMAND: GET /session/25bf4f67d8815c80d9572ddea7d38d49/element/A5CF041ED13738B4E0D637E172BCD717_element_47/text - {}
COMMAND: GET /session/25bf4f67d8815c80d9572ddea7d38d49/element/A5CF041ED13738B4E0D637E172BCD717_element_48/text - {}
COMMAND: GET /session/25bf4f67d8815c80d9572ddea7d38d49/element/A5CF041ED13738B4E0D637E172BCD717_element_50/text - {}
COMMAND: GET /session/25bf4f67d8815c80d9572ddea7d38d49/element/A5CF041ED13738B4E0D637E172BCD717_element_49/text - {}
RESULT: {}
RESULT: {}
RESULT: {}
RESULT: {}
COMMAND: POST /session/25bf4f67d8815c80d9572ddea7d38d49/element/A5CF041ED13738B4E0D637E172BCD717_element_45/elements - {"using":"css selector","value":"th,td"}
RESULT: {"using":"css selector","value":"th,td"}
COMMAND: GET /session/25bf4f67d8815c80d9572ddea7d38d49/element/A5CF041ED13738B4E0D637E172BCD717_element_51/text - {}
RESULT: {}
COMMAND: GET /session/25bf4f67d8815c80d9572ddea7d38d49/element/A5CF041ED13738B4E0D637E172BCD717_element_52/text - {}
RESULT: {}
COMMAND: GET /session/25bf4f67d8815c80d9572ddea7d38d49/element/A5CF041ED13738B4E0D637E172BCD717_element_53/text - {}
RESULT: {}
COMMAND: GET /session/25bf4f67d8815c80d9572ddea7d38d49/element/A5CF041ED13738B4E0D637E172BCD717_element_54/text - {}
RESULT: {}
]]></system-out>
    </testcase>
    <testcase classname="chrome.117_0_5938_132.linux.Invoice_Page_Test.Vendor:_Vendor_Three,Invoice:2005-09" name="should validate measured events table data" time="2.058">
      <system-out><![CDATA[
COMMAND: POST /session/25bf4f67d8815c80d9572ddea7d38d49/url - {"url":"https://pr-509.btm.dev.account.gov.uk/contracts/3/invoices/2005-09"}
RESULT: {"url":"https://pr-509.btm.dev.account.gov.uk/contracts/3/invoices/2005-09"}
COMMAND: POST /session/25bf4f67d8815c80d9572ddea7d38d49/execute/sync - {"script":"return (() => document.readyState === \"complete\").apply(null, arguments)","args":[]}
RESULT: {"script":"return (() => document.readyState === \"complete\").apply(null, arguments)","args":[]}
COMMAND: GET /session/25bf4f67d8815c80d9572ddea7d38d49/url - {}
RESULT: {}
COMMAND: POST /session/25bf4f67d8815c80d9572ddea7d38d49/element - {"using":"css selector","value":".govuk-heading-xl"}
RESULT: {"using":"css selector","value":".govuk-heading-xl"}
COMMAND: POST /session/25bf4f67d8815c80d9572ddea7d38d49/execute/sync - {"script":"return (function isElementDisplayed(element) {\n    function nodeIsElement(node) {\n        if (!node) {\n            return false;\n        }\n        switch (node.nodeType) {\n            case Node.ELEMEN ... (7807 more bytes)","args":[{"element-6066-11e4-a52e-4f735466cecf":"FDDC472CE7D96CFA5FA322841CB1A8AF_element_59","ELEMENT":"FDDC472CE7D96CFA5FA322841CB1A8AF_element_59"}]}
RESULT: {"script":"return (function isElementDisplayed(element) {\n    function nodeIsElement(node) {\n        if (!node) {\n            return false;\n        }\n        switch (node.nodeType) {\n            case Node.ELEMEN ... (7807 more bytes)","args":[{"element-6066-11e4-a52e-4f735466cecf":"FDDC472CE7D96CFA5FA322841CB1A8AF_element_59","ELEMENT":"FDDC472CE7D96CFA5FA322841CB1A8AF_element_59"}]}
COMMAND: POST /session/25bf4f67d8815c80d9572ddea7d38d49/element - {"using":"css selector","value":".govuk-heading-xl"}
RESULT: {"using":"css selector","value":".govuk-heading-xl"}
COMMAND: GET /session/25bf4f67d8815c80d9572ddea7d38d49/element/FDDC472CE7D96CFA5FA322841CB1A8AF_element_59/text - {}
RESULT: {}
COMMAND: POST /session/25bf4f67d8815c80d9572ddea7d38d49/element - {"using":"xpath","value":".//caption[contains(., \"Measured (events)\") and not(.//caption)]"}
RESULT: {"using":"xpath","value":".//caption[contains(., \"Measured (events)\") and not(.//caption)]"}
COMMAND: POST /session/25bf4f67d8815c80d9572ddea7d38d49/execute/sync - {"script":"return (function (elem, id) {\n        return (function parentElement() {\n        return this.parentElement;\n    }).call(elem, id);\n    }).apply(null, arguments)","args":[{"element-6066-11e4-a52e-4f735466cecf":"FDDC472CE7D96CFA5FA322841CB1A8AF_element_60","ELEMENT":"FDDC472CE7D96CFA5FA322841CB1A8AF_element_60"}]}
RESULT: {"script":"return (function (elem, id) {\n        return (function parentElement() {\n        return this.parentElement;\n    }).call(elem, id);\n    }).apply(null, arguments)","args":[{"element-6066-11e4-a52e-4f735466cecf":"FDDC472CE7D96CFA5FA322841CB1A8AF_element_60","ELEMENT":"FDDC472CE7D96CFA5FA322841CB1A8AF_element_60"}]}
COMMAND: POST /session/25bf4f67d8815c80d9572ddea7d38d49/execute/sync - {"script":"return (function isElementDisplayed(element) {\n    function nodeIsElement(node) {\n        if (!node) {\n            return false;\n        }\n        switch (node.nodeType) {\n            case Node.ELEMEN ... (7807 more bytes)","args":[{"element-6066-11e4-a52e-4f735466cecf":"FDDC472CE7D96CFA5FA322841CB1A8AF_element_61","ELEMENT":"FDDC472CE7D96CFA5FA322841CB1A8AF_element_61"}]}
RESULT: {"script":"return (function isElementDisplayed(element) {\n    function nodeIsElement(node) {\n        if (!node) {\n            return false;\n        }\n        switch (node.nodeType) {\n            case Node.ELEMEN ... (7807 more bytes)","args":[{"element-6066-11e4-a52e-4f735466cecf":"FDDC472CE7D96CFA5FA322841CB1A8AF_element_61","ELEMENT":"FDDC472CE7D96CFA5FA322841CB1A8AF_element_61"}]}
COMMAND: POST /session/25bf4f67d8815c80d9572ddea7d38d49/element/FDDC472CE7D96CFA5FA322841CB1A8AF_element_61/elements - {"using":"css selector","value":"tbody tr"}
RESULT: {"using":"css selector","value":"tbody tr"}
COMMAND: POST /session/25bf4f67d8815c80d9572ddea7d38d49/element/FDDC472CE7D96CFA5FA322841CB1A8AF_element_61/element - {"using":"css selector","value":"thead tr"}
RESULT: {"using":"css selector","value":"thead tr"}
COMMAND: POST /session/25bf4f67d8815c80d9572ddea7d38d49/element/FDDC472CE7D96CFA5FA322841CB1A8AF_element_63/elements - {"using":"css selector","value":"th"}
RESULT: {"using":"css selector","value":"th"}
COMMAND: GET /session/25bf4f67d8815c80d9572ddea7d38d49/element/FDDC472CE7D96CFA5FA322841CB1A8AF_element_64/text - {}
COMMAND: GET /session/25bf4f67d8815c80d9572ddea7d38d49/element/FDDC472CE7D96CFA5FA322841CB1A8AF_element_65/text - {}
RESULT: {}
RESULT: {}
COMMAND: POST /session/25bf4f67d8815c80d9572ddea7d38d49/element/FDDC472CE7D96CFA5FA322841CB1A8AF_element_62/elements - {"using":"css selector","value":"th,td"}
RESULT: {"using":"css selector","value":"th,td"}
COMMAND: GET /session/25bf4f67d8815c80d9572ddea7d38d49/element/FDDC472CE7D96CFA5FA322841CB1A8AF_element_66/text - {}
RESULT: {}
COMMAND: GET /session/25bf4f67d8815c80d9572ddea7d38d49/element/FDDC472CE7D96CFA5FA322841CB1A8AF_element_67/text - {}
RESULT: {}
]]></system-out>
    </testcase>
    <testcase classname="chrome.117_0_5938_132.linux.Invoice_Page_Test.Vendor:_Vendor_Three,Invoice:2005-09" name="should validate invoice table data" time="0.863">
      <system-out><![CDATA[
COMMAND: POST /session/25bf4f67d8815c80d9572ddea7d38d49/url - {"url":"https://pr-509.btm.dev.account.gov.uk/contracts/3/invoices/2005-09"}
RESULT: {"url":"https://pr-509.btm.dev.account.gov.uk/contracts/3/invoices/2005-09"}
COMMAND: POST /session/25bf4f67d8815c80d9572ddea7d38d49/execute/sync - {"script":"return (() => document.readyState === \"complete\").apply(null, arguments)","args":[]}
RESULT: {"script":"return (() => document.readyState === \"complete\").apply(null, arguments)","args":[]}
COMMAND: GET /session/25bf4f67d8815c80d9572ddea7d38d49/url - {}
RESULT: {}
COMMAND: POST /session/25bf4f67d8815c80d9572ddea7d38d49/element - {"using":"css selector","value":".govuk-heading-xl"}
RESULT: {"using":"css selector","value":".govuk-heading-xl"}
COMMAND: POST /session/25bf4f67d8815c80d9572ddea7d38d49/execute/sync - {"script":"return (function isElementDisplayed(element) {\n    function nodeIsElement(node) {\n        if (!node) {\n            return false;\n        }\n        switch (node.nodeType) {\n            case Node.ELEMEN ... (7807 more bytes)","args":[{"element-6066-11e4-a52e-4f735466cecf":"7334C018346088C657DDCB8C5AE95E27_element_72","ELEMENT":"7334C018346088C657DDCB8C5AE95E27_element_72"}]}
RESULT: {"script":"return (function isElementDisplayed(element) {\n    function nodeIsElement(node) {\n        if (!node) {\n            return false;\n        }\n        switch (node.nodeType) {\n            case Node.ELEMEN ... (7807 more bytes)","args":[{"element-6066-11e4-a52e-4f735466cecf":"7334C018346088C657DDCB8C5AE95E27_element_72","ELEMENT":"7334C018346088C657DDCB8C5AE95E27_element_72"}]}
COMMAND: POST /session/25bf4f67d8815c80d9572ddea7d38d49/element - {"using":"css selector","value":".govuk-heading-xl"}
RESULT: {"using":"css selector","value":".govuk-heading-xl"}
COMMAND: GET /session/25bf4f67d8815c80d9572ddea7d38d49/element/7334C018346088C657DDCB8C5AE95E27_element_72/text - {}
RESULT: {}
COMMAND: POST /session/25bf4f67d8815c80d9572ddea7d38d49/element - {"using":"xpath","value":".//caption[contains(., \"Invoice\") and not(.//caption)]"}
RESULT: {"using":"xpath","value":".//caption[contains(., \"Invoice\") and not(.//caption)]"}
COMMAND: POST /session/25bf4f67d8815c80d9572ddea7d38d49/execute/sync - {"script":"return (function (elem, id) {\n        return (function parentElement() {\n        return this.parentElement;\n    }).call(elem, id);\n    }).apply(null, arguments)","args":[{"element-6066-11e4-a52e-4f735466cecf":"7334C018346088C657DDCB8C5AE95E27_element_73","ELEMENT":"7334C018346088C657DDCB8C5AE95E27_element_73"}]}
RESULT: {"script":"return (function (elem, id) {\n        return (function parentElement() {\n        return this.parentElement;\n    }).call(elem, id);\n    }).apply(null, arguments)","args":[{"element-6066-11e4-a52e-4f735466cecf":"7334C018346088C657DDCB8C5AE95E27_element_73","ELEMENT":"7334C018346088C657DDCB8C5AE95E27_element_73"}]}
COMMAND: POST /session/25bf4f67d8815c80d9572ddea7d38d49/execute/sync - {"script":"return (function isElementDisplayed(element) {\n    function nodeIsElement(node) {\n        if (!node) {\n            return false;\n        }\n        switch (node.nodeType) {\n            case Node.ELEMEN ... (7807 more bytes)","args":[{"element-6066-11e4-a52e-4f735466cecf":"7334C018346088C657DDCB8C5AE95E27_element_74","ELEMENT":"7334C018346088C657DDCB8C5AE95E27_element_74"}]}
RESULT: {"script":"return (function isElementDisplayed(element) {\n    function nodeIsElement(node) {\n        if (!node) {\n            return false;\n        }\n        switch (node.nodeType) {\n            case Node.ELEMEN ... (7807 more bytes)","args":[{"element-6066-11e4-a52e-4f735466cecf":"7334C018346088C657DDCB8C5AE95E27_element_74","ELEMENT":"7334C018346088C657DDCB8C5AE95E27_element_74"}]}
COMMAND: POST /session/25bf4f67d8815c80d9572ddea7d38d49/element/7334C018346088C657DDCB8C5AE95E27_element_74/elements - {"using":"css selector","value":"tbody tr"}
RESULT: {"using":"css selector","value":"tbody tr"}
COMMAND: POST /session/25bf4f67d8815c80d9572ddea7d38d49/element/7334C018346088C657DDCB8C5AE95E27_element_74/element - {"using":"css selector","value":"thead tr"}
RESULT: {"using":"css selector","value":"thead tr"}
COMMAND: POST /session/25bf4f67d8815c80d9572ddea7d38d49/element/7334C018346088C657DDCB8C5AE95E27_element_77/elements - {"using":"css selector","value":"th"}
RESULT: {"using":"css selector","value":"th"}
COMMAND: GET /session/25bf4f67d8815c80d9572ddea7d38d49/element/7334C018346088C657DDCB8C5AE95E27_element_78/text - {}
COMMAND: GET /session/25bf4f67d8815c80d9572ddea7d38d49/element/7334C018346088C657DDCB8C5AE95E27_element_79/text - {}
COMMAND: GET /session/25bf4f67d8815c80d9572ddea7d38d49/element/7334C018346088C657DDCB8C5AE95E27_element_81/text - {}
COMMAND: GET /session/25bf4f67d8815c80d9572ddea7d38d49/element/7334C018346088C657DDCB8C5AE95E27_element_80/text - {}
COMMAND: GET /session/25bf4f67d8815c80d9572ddea7d38d49/element/7334C018346088C657DDCB8C5AE95E27_element_82/text - {}
RESULT: {}
RESULT: {}
RESULT: {}
RESULT: {}
RESULT: {}
COMMAND: POST /session/25bf4f67d8815c80d9572ddea7d38d49/element/7334C018346088C657DDCB8C5AE95E27_element_75/elements - {"using":"css selector","value":"th,td"}
RESULT: {"using":"css selector","value":"th,td"}
COMMAND: GET /session/25bf4f67d8815c80d9572ddea7d38d49/element/7334C018346088C657DDCB8C5AE95E27_element_83/text - {}
RESULT: {}
COMMAND: GET /session/25bf4f67d8815c80d9572ddea7d38d49/element/7334C018346088C657DDCB8C5AE95E27_element_84/text - {}
RESULT: {}
COMMAND: GET /session/25bf4f67d8815c80d9572ddea7d38d49/element/7334C018346088C657DDCB8C5AE95E27_element_85/text - {}
RESULT: {}
COMMAND: GET /session/25bf4f67d8815c80d9572ddea7d38d49/element/7334C018346088C657DDCB8C5AE95E27_element_86/text - {}
RESULT: {}
COMMAND: GET /session/25bf4f67d8815c80d9572ddea7d38d49/element/7334C018346088C657DDCB8C5AE95E27_element_87/text - {}
RESULT: {}
COMMAND: POST /session/25bf4f67d8815c80d9572ddea7d38d49/element/7334C018346088C657DDCB8C5AE95E27_element_76/elements - {"using":"css selector","value":"th,td"}
RESULT: {"using":"css selector","value":"th,td"}
COMMAND: GET /session/25bf4f67d8815c80d9572ddea7d38d49/element/7334C018346088C657DDCB8C5AE95E27_element_88/text - {}
RESULT: {}
COMMAND: GET /session/25bf4f67d8815c80d9572ddea7d38d49/element/7334C018346088C657DDCB8C5AE95E27_element_89/text - {}
RESULT: {}
COMMAND: GET /session/25bf4f67d8815c80d9572ddea7d38d49/element/7334C018346088C657DDCB8C5AE95E27_element_90/text - {}
RESULT: {}
COMMAND: GET /session/25bf4f67d8815c80d9572ddea7d38d49/element/7334C018346088C657DDCB8C5AE95E27_element_91/text - {}
RESULT: {}
COMMAND: GET /session/25bf4f67d8815c80d9572ddea7d38d49/element/7334C018346088C657DDCB8C5AE95E27_element_92/text - {}
RESULT: {}
]]></system-out>
    </testcase>
  </testsuite>
  <testsuite name="Vendor Vendor Three Invoice 2023 03" timestamp="2023-10-12T08:51:10" time="6.99" tests="6" failures="6" errors="6" skipped="0">
    <properties>
      <property name="specId" value="0"/>
      <property name="suiteName" value="Vendor: Vendor Three,Invoice:2023-03"/>
      <property name="capabilities" value="chrome.117_0_5938_132.linux"/>
      <property name="file" value="file://./ui-tests/specs/invoice.spec.ts"/>
    </properties>
    <testcase classname="chrome.117_0_5938_132.linux.Invoice_Page_Test.Vendor:_Vendor_Three,Invoice:2023-03" name="should display correct status banner color and message" time="0.632">
      <failure/>
      <error message="expect(received).toEqual(expected) // deep equality&#xA;&#xA;Expected: &quot;Events missing&quot;&#xA;Received: &quot;Invoice and events missing&quot;"/>
      <system-out><![CDATA[
COMMAND: POST /session/25bf4f67d8815c80d9572ddea7d38d49/url - {"url":"https://pr-509.btm.dev.account.gov.uk/contracts/3/invoices/2023-03"}
RESULT: {"url":"https://pr-509.btm.dev.account.gov.uk/contracts/3/invoices/2023-03"}
COMMAND: POST /session/25bf4f67d8815c80d9572ddea7d38d49/execute/sync - {"script":"return (() => document.readyState === \"complete\").apply(null, arguments)","args":[]}
RESULT: {"script":"return (() => document.readyState === \"complete\").apply(null, arguments)","args":[]}
COMMAND: GET /session/25bf4f67d8815c80d9572ddea7d38d49/url - {}
RESULT: {}
COMMAND: POST /session/25bf4f67d8815c80d9572ddea7d38d49/element - {"using":"css selector","value":".govuk-heading-xl"}
RESULT: {"using":"css selector","value":".govuk-heading-xl"}
COMMAND: POST /session/25bf4f67d8815c80d9572ddea7d38d49/execute/sync - {"script":"return (function isElementDisplayed(element) {\n    function nodeIsElement(node) {\n        if (!node) {\n            return false;\n        }\n        switch (node.nodeType) {\n            case Node.ELEMEN ... (7807 more bytes)","args":[{"element-6066-11e4-a52e-4f735466cecf":"F5190F639FE1AA7598CE8100478EF9B8_element_95","ELEMENT":"F5190F639FE1AA7598CE8100478EF9B8_element_95"}]}
RESULT: {"script":"return (function isElementDisplayed(element) {\n    function nodeIsElement(node) {\n        if (!node) {\n            return false;\n        }\n        switch (node.nodeType) {\n            case Node.ELEMEN ... (7807 more bytes)","args":[{"element-6066-11e4-a52e-4f735466cecf":"F5190F639FE1AA7598CE8100478EF9B8_element_95","ELEMENT":"F5190F639FE1AA7598CE8100478EF9B8_element_95"}]}
COMMAND: POST /session/25bf4f67d8815c80d9572ddea7d38d49/element - {"using":"css selector","value":".govuk-heading-xl"}
RESULT: {"using":"css selector","value":".govuk-heading-xl"}
COMMAND: GET /session/25bf4f67d8815c80d9572ddea7d38d49/element/F5190F639FE1AA7598CE8100478EF9B8_element_95/text - {}
RESULT: {}
COMMAND: POST /session/25bf4f67d8815c80d9572ddea7d38d49/element - {"using":"css selector","value":"h2.govuk-panel__title"}
RESULT: {"using":"css selector","value":"h2.govuk-panel__title"}
COMMAND: POST /session/25bf4f67d8815c80d9572ddea7d38d49/execute/sync - {"script":"return (function isElementDisplayed(element) {\n    function nodeIsElement(node) {\n        if (!node) {\n            return false;\n        }\n        switch (node.nodeType) {\n            case Node.ELEMEN ... (7807 more bytes)","args":[{"element-6066-11e4-a52e-4f735466cecf":"F5190F639FE1AA7598CE8100478EF9B8_element_96","ELEMENT":"F5190F639FE1AA7598CE8100478EF9B8_element_96"}]}
RESULT: {"script":"return (function isElementDisplayed(element) {\n    function nodeIsElement(node) {\n        if (!node) {\n            return false;\n        }\n        switch (node.nodeType) {\n            case Node.ELEMEN ... (7807 more bytes)","args":[{"element-6066-11e4-a52e-4f735466cecf":"F5190F639FE1AA7598CE8100478EF9B8_element_96","ELEMENT":"F5190F639FE1AA7598CE8100478EF9B8_element_96"}]}
COMMAND: POST /session/25bf4f67d8815c80d9572ddea7d38d49/element - {"using":"css selector","value":"h2.govuk-panel__title"}
RESULT: {"using":"css selector","value":"h2.govuk-panel__title"}
COMMAND: GET /session/25bf4f67d8815c80d9572ddea7d38d49/element/F5190F639FE1AA7598CE8100478EF9B8_element_96/text - {}
RESULT: {}
]]></system-out>
      <system-err><![CDATA[
Error: expect(received).toEqual(expected) // deep equality

Expected: "Events missing"
Received: "Invoice and events missing"
    at expectEqual (file:///home/runner/work/di-billing-transaction-monitoring/di-billing-transaction-monitoring/ui-tests/utils/customTestAssertion.ts:12:20)
    at Context.<anonymous> (file:///home/runner/work/di-billing-transaction-monitoring/di-billing-transaction-monitoring/ui-tests/specs/invoice.spec.ts:81:9)
    at runMicrotasks (<anonymous>)
    at processTicksAndRejections (node:internal/process/task_queues:96:5)
]]></system-err>
    </testcase>
    <testcase classname="chrome.117_0_5938_132.linux.Invoice_Page_Test.Vendor:_Vendor_Three,Invoice:2023-03" name="should validate reconciliation table data" time="0.689">
      <failure/>
      <error message="Cannot read properties of undefined (reading 'Line item')"/>
      <system-out><![CDATA[
COMMAND: POST /session/25bf4f67d8815c80d9572ddea7d38d49/url - {"url":"https://pr-509.btm.dev.account.gov.uk/contracts/3/invoices/2023-03"}
RESULT: {"url":"https://pr-509.btm.dev.account.gov.uk/contracts/3/invoices/2023-03"}
COMMAND: POST /session/25bf4f67d8815c80d9572ddea7d38d49/execute/sync - {"script":"return (() => document.readyState === \"complete\").apply(null, arguments)","args":[]}
RESULT: {"script":"return (() => document.readyState === \"complete\").apply(null, arguments)","args":[]}
COMMAND: GET /session/25bf4f67d8815c80d9572ddea7d38d49/url - {}
RESULT: {}
COMMAND: POST /session/25bf4f67d8815c80d9572ddea7d38d49/element - {"using":"css selector","value":".govuk-heading-xl"}
RESULT: {"using":"css selector","value":".govuk-heading-xl"}
COMMAND: POST /session/25bf4f67d8815c80d9572ddea7d38d49/execute/sync - {"script":"return (function isElementDisplayed(element) {\n    function nodeIsElement(node) {\n        if (!node) {\n            return false;\n        }\n        switch (node.nodeType) {\n            case Node.ELEMEN ... (7807 more bytes)","args":[{"element-6066-11e4-a52e-4f735466cecf":"F93D1D151BC31F9555854347F37F0169_element_101","ELEMENT":"F93D1D151BC31F9555854347F37F0169_element_101"}]}
RESULT: {"script":"return (function isElementDisplayed(element) {\n    function nodeIsElement(node) {\n        if (!node) {\n            return false;\n        }\n        switch (node.nodeType) {\n            case Node.ELEMEN ... (7807 more bytes)","args":[{"element-6066-11e4-a52e-4f735466cecf":"F93D1D151BC31F9555854347F37F0169_element_101","ELEMENT":"F93D1D151BC31F9555854347F37F0169_element_101"}]}
COMMAND: POST /session/25bf4f67d8815c80d9572ddea7d38d49/element - {"using":"css selector","value":".govuk-heading-xl"}
RESULT: {"using":"css selector","value":".govuk-heading-xl"}
COMMAND: GET /session/25bf4f67d8815c80d9572ddea7d38d49/element/F93D1D151BC31F9555854347F37F0169_element_101/text - {}
RESULT: {}
COMMAND: POST /session/25bf4f67d8815c80d9572ddea7d38d49/element - {"using":"xpath","value":".//caption[contains(., \"Reconciliation\") and not(.//caption)]"}
RESULT: {"using":"xpath","value":".//caption[contains(., \"Reconciliation\") and not(.//caption)]"}
COMMAND: POST /session/25bf4f67d8815c80d9572ddea7d38d49/execute/sync - {"script":"return (function (elem, id) {\n        return (function parentElement() {\n        return this.parentElement;\n    }).call(elem, id);\n    }).apply(null, arguments)","args":[{"element-6066-11e4-a52e-4f735466cecf":"F93D1D151BC31F9555854347F37F0169_element_102","ELEMENT":"F93D1D151BC31F9555854347F37F0169_element_102"}]}
RESULT: {"script":"return (function (elem, id) {\n        return (function parentElement() {\n        return this.parentElement;\n    }).call(elem, id);\n    }).apply(null, arguments)","args":[{"element-6066-11e4-a52e-4f735466cecf":"F93D1D151BC31F9555854347F37F0169_element_102","ELEMENT":"F93D1D151BC31F9555854347F37F0169_element_102"}]}
COMMAND: POST /session/25bf4f67d8815c80d9572ddea7d38d49/execute/sync - {"script":"return (function isElementDisplayed(element) {\n    function nodeIsElement(node) {\n        if (!node) {\n            return false;\n        }\n        switch (node.nodeType) {\n            case Node.ELEMEN ... (7807 more bytes)","args":[{"element-6066-11e4-a52e-4f735466cecf":"F93D1D151BC31F9555854347F37F0169_element_100","ELEMENT":"F93D1D151BC31F9555854347F37F0169_element_100"}]}
RESULT: {"script":"return (function isElementDisplayed(element) {\n    function nodeIsElement(node) {\n        if (!node) {\n            return false;\n        }\n        switch (node.nodeType) {\n            case Node.ELEMEN ... (7807 more bytes)","args":[{"element-6066-11e4-a52e-4f735466cecf":"F93D1D151BC31F9555854347F37F0169_element_100","ELEMENT":"F93D1D151BC31F9555854347F37F0169_element_100"}]}
COMMAND: POST /session/25bf4f67d8815c80d9572ddea7d38d49/element/F93D1D151BC31F9555854347F37F0169_element_100/elements - {"using":"css selector","value":"tbody tr"}
RESULT: {"using":"css selector","value":"tbody tr"}
COMMAND: POST /session/25bf4f67d8815c80d9572ddea7d38d49/element/F93D1D151BC31F9555854347F37F0169_element_100/element - {"using":"css selector","value":"thead tr"}
RESULT: {"using":"css selector","value":"thead tr"}
COMMAND: POST /session/25bf4f67d8815c80d9572ddea7d38d49/element/F93D1D151BC31F9555854347F37F0169_element_103/elements - {"using":"css selector","value":"th"}
RESULT: {"using":"css selector","value":"th"}
COMMAND: GET /session/25bf4f67d8815c80d9572ddea7d38d49/element/F93D1D151BC31F9555854347F37F0169_element_104/text - {}
COMMAND: GET /session/25bf4f67d8815c80d9572ddea7d38d49/element/F93D1D151BC31F9555854347F37F0169_element_105/text - {}
COMMAND: GET /session/25bf4f67d8815c80d9572ddea7d38d49/element/F93D1D151BC31F9555854347F37F0169_element_107/text - {}
COMMAND: GET /session/25bf4f67d8815c80d9572ddea7d38d49/element/F93D1D151BC31F9555854347F37F0169_element_106/text - {}
COMMAND: GET /session/25bf4f67d8815c80d9572ddea7d38d49/element/F93D1D151BC31F9555854347F37F0169_element_108/text - {}
RESULT: {}
RESULT: {}
RESULT: {}
RESULT: {}
RESULT: {}
]]></system-out>
      <system-err><![CDATA[
TypeError: Cannot read properties of undefined (reading 'Line item')
    at assertReconciliationTableData (file:///home/runner/work/di-billing-transaction-monitoring/di-billing-transaction-monitoring/ui-tests/specs/invoice.spec.ts:162:23)
    at validateTableDataWithAssertions (file:///home/runner/work/di-billing-transaction-monitoring/di-billing-transaction-monitoring/ui-tests/specs/invoice.spec.ts:154:5)
    at runMicrotasks (<anonymous>)
    at processTicksAndRejections (node:internal/process/task_queues:96:5)
    at async Context.<anonymous> (file:///home/runner/work/di-billing-transaction-monitoring/di-billing-transaction-monitoring/ui-tests/specs/invoice.spec.ts:98:9)
]]></system-err>
    </testcase>
    <testcase classname="chrome.117_0_5938_132.linux.Invoice_Page_Test.Vendor:_Vendor_Three,Invoice:2023-03" name="should validate quantity events table data" time="1.439">
      <failure/>
      <error message="Cannot read properties of undefined (reading 'Line item')"/>
      <system-out><![CDATA[
COMMAND: POST /session/25bf4f67d8815c80d9572ddea7d38d49/url - {"url":"https://pr-509.btm.dev.account.gov.uk/contracts/3/invoices/2023-03"}
RESULT: {"url":"https://pr-509.btm.dev.account.gov.uk/contracts/3/invoices/2023-03"}
COMMAND: POST /session/25bf4f67d8815c80d9572ddea7d38d49/execute/sync - {"script":"return (() => document.readyState === \"complete\").apply(null, arguments)","args":[]}
RESULT: {"script":"return (() => document.readyState === \"complete\").apply(null, arguments)","args":[]}
COMMAND: GET /session/25bf4f67d8815c80d9572ddea7d38d49/url - {}
RESULT: {}
COMMAND: POST /session/25bf4f67d8815c80d9572ddea7d38d49/element - {"using":"css selector","value":".govuk-heading-xl"}
RESULT: {"using":"css selector","value":".govuk-heading-xl"}
COMMAND: POST /session/25bf4f67d8815c80d9572ddea7d38d49/execute/sync - {"script":"return (function isElementDisplayed(element) {\n    function nodeIsElement(node) {\n        if (!node) {\n            return false;\n        }\n        switch (node.nodeType) {\n            case Node.ELEMEN ... (7807 more bytes)","args":[{"element-6066-11e4-a52e-4f735466cecf":"2660C8C34CAB1E975FD459EE32B767CF_element_113","ELEMENT":"2660C8C34CAB1E975FD459EE32B767CF_element_113"}]}
RESULT: {"script":"return (function isElementDisplayed(element) {\n    function nodeIsElement(node) {\n        if (!node) {\n            return false;\n        }\n        switch (node.nodeType) {\n            case Node.ELEMEN ... (7807 more bytes)","args":[{"element-6066-11e4-a52e-4f735466cecf":"2660C8C34CAB1E975FD459EE32B767CF_element_113","ELEMENT":"2660C8C34CAB1E975FD459EE32B767CF_element_113"}]}
COMMAND: POST /session/25bf4f67d8815c80d9572ddea7d38d49/element - {"using":"css selector","value":".govuk-heading-xl"}
RESULT: {"using":"css selector","value":".govuk-heading-xl"}
COMMAND: GET /session/25bf4f67d8815c80d9572ddea7d38d49/element/2660C8C34CAB1E975FD459EE32B767CF_element_113/text - {}
RESULT: {}
COMMAND: POST /session/25bf4f67d8815c80d9572ddea7d38d49/element - {"using":"xpath","value":".//caption[contains(., \"Quantity (events)\") and not(.//caption)]"}
RESULT: {"using":"xpath","value":".//caption[contains(., \"Quantity (events)\") and not(.//caption)]"}
COMMAND: POST /session/25bf4f67d8815c80d9572ddea7d38d49/execute/sync - {"script":"return (function (elem, id) {\n        return (function parentElement() {\n        return this.parentElement;\n    }).call(elem, id);\n    }).apply(null, arguments)","args":[{"element-6066-11e4-a52e-4f735466cecf":"2660C8C34CAB1E975FD459EE32B767CF_element_114","ELEMENT":"2660C8C34CAB1E975FD459EE32B767CF_element_114"}]}
RESULT: {"script":"return (function (elem, id) {\n        return (function parentElement() {\n        return this.parentElement;\n    }).call(elem, id);\n    }).apply(null, arguments)","args":[{"element-6066-11e4-a52e-4f735466cecf":"2660C8C34CAB1E975FD459EE32B767CF_element_114","ELEMENT":"2660C8C34CAB1E975FD459EE32B767CF_element_114"}]}
COMMAND: POST /session/25bf4f67d8815c80d9572ddea7d38d49/execute/sync - {"script":"return (function isElementDisplayed(element) {\n    function nodeIsElement(node) {\n        if (!node) {\n            return false;\n        }\n        switch (node.nodeType) {\n            case Node.ELEMEN ... (7807 more bytes)","args":[{"element-6066-11e4-a52e-4f735466cecf":"2660C8C34CAB1E975FD459EE32B767CF_element_115","ELEMENT":"2660C8C34CAB1E975FD459EE32B767CF_element_115"}]}
RESULT: {"script":"return (function isElementDisplayed(element) {\n    function nodeIsElement(node) {\n        if (!node) {\n            return false;\n        }\n        switch (node.nodeType) {\n            case Node.ELEMEN ... (7807 more bytes)","args":[{"element-6066-11e4-a52e-4f735466cecf":"2660C8C34CAB1E975FD459EE32B767CF_element_115","ELEMENT":"2660C8C34CAB1E975FD459EE32B767CF_element_115"}]}
COMMAND: POST /session/25bf4f67d8815c80d9572ddea7d38d49/element/2660C8C34CAB1E975FD459EE32B767CF_element_115/elements - {"using":"css selector","value":"tbody tr"}
RESULT: {"using":"css selector","value":"tbody tr"}
COMMAND: POST /session/25bf4f67d8815c80d9572ddea7d38d49/element/2660C8C34CAB1E975FD459EE32B767CF_element_115/element - {"using":"css selector","value":"thead tr"}
RESULT: {"using":"css selector","value":"thead tr"}
COMMAND: POST /session/25bf4f67d8815c80d9572ddea7d38d49/element/2660C8C34CAB1E975FD459EE32B767CF_element_116/elements - {"using":"css selector","value":"th"}
RESULT: {"using":"css selector","value":"th"}
COMMAND: GET /session/25bf4f67d8815c80d9572ddea7d38d49/element/2660C8C34CAB1E975FD459EE32B767CF_element_117/text - {}
COMMAND: GET /session/25bf4f67d8815c80d9572ddea7d38d49/element/2660C8C34CAB1E975FD459EE32B767CF_element_118/text - {}
COMMAND: GET /session/25bf4f67d8815c80d9572ddea7d38d49/element/2660C8C34CAB1E975FD459EE32B767CF_element_120/text - {}
COMMAND: GET /session/25bf4f67d8815c80d9572ddea7d38d49/element/2660C8C34CAB1E975FD459EE32B767CF_element_119/text - {}
RESULT: {}
RESULT: {}
RESULT: {}
RESULT: {}
]]></system-out>
      <system-err><![CDATA[
TypeError: Cannot read properties of undefined (reading 'Line item')
    at assertQuantityTableData (file:///home/runner/work/di-billing-transaction-monitoring/di-billing-transaction-monitoring/ui-tests/specs/invoice.spec.ts:186:23)
    at validateTableDataWithAssertions (file:///home/runner/work/di-billing-transaction-monitoring/di-billing-transaction-monitoring/ui-tests/specs/invoice.spec.ts:154:5)
    at runMicrotasks (<anonymous>)
    at processTicksAndRejections (node:internal/process/task_queues:96:5)
    at async Context.<anonymous> (file:///home/runner/work/di-billing-transaction-monitoring/di-billing-transaction-monitoring/ui-tests/specs/invoice.spec.ts:106:9)
]]></system-err>
    </testcase>
    <testcase classname="chrome.117_0_5938_132.linux.Invoice_Page_Test.Vendor:_Vendor_Three,Invoice:2023-03" name="should validate price table data" time="1.634">
      <failure/>
      <error message="Cannot read properties of undefined (reading 'Line item')"/>
      <system-out><![CDATA[
COMMAND: POST /session/25bf4f67d8815c80d9572ddea7d38d49/url - {"url":"https://pr-509.btm.dev.account.gov.uk/contracts/3/invoices/2023-03"}
RESULT: {"url":"https://pr-509.btm.dev.account.gov.uk/contracts/3/invoices/2023-03"}
COMMAND: POST /session/25bf4f67d8815c80d9572ddea7d38d49/execute/sync - {"script":"return (() => document.readyState === \"complete\").apply(null, arguments)","args":[]}
RESULT: {"script":"return (() => document.readyState === \"complete\").apply(null, arguments)","args":[]}
COMMAND: GET /session/25bf4f67d8815c80d9572ddea7d38d49/url - {}
RESULT: {}
COMMAND: POST /session/25bf4f67d8815c80d9572ddea7d38d49/element - {"using":"css selector","value":".govuk-heading-xl"}
RESULT: {"using":"css selector","value":".govuk-heading-xl"}
COMMAND: POST /session/25bf4f67d8815c80d9572ddea7d38d49/execute/sync - {"script":"return (function isElementDisplayed(element) {\n    function nodeIsElement(node) {\n        if (!node) {\n            return false;\n        }\n        switch (node.nodeType) {\n            case Node.ELEMEN ... (7807 more bytes)","args":[{"element-6066-11e4-a52e-4f735466cecf":"821F64D6F9F4B0751592754FED90653E_element_125","ELEMENT":"821F64D6F9F4B0751592754FED90653E_element_125"}]}
RESULT: {"script":"return (function isElementDisplayed(element) {\n    function nodeIsElement(node) {\n        if (!node) {\n            return false;\n        }\n        switch (node.nodeType) {\n            case Node.ELEMEN ... (7807 more bytes)","args":[{"element-6066-11e4-a52e-4f735466cecf":"821F64D6F9F4B0751592754FED90653E_element_125","ELEMENT":"821F64D6F9F4B0751592754FED90653E_element_125"}]}
COMMAND: POST /session/25bf4f67d8815c80d9572ddea7d38d49/element - {"using":"css selector","value":".govuk-heading-xl"}
RESULT: {"using":"css selector","value":".govuk-heading-xl"}
COMMAND: GET /session/25bf4f67d8815c80d9572ddea7d38d49/element/821F64D6F9F4B0751592754FED90653E_element_125/text - {}
RESULT: {}
COMMAND: POST /session/25bf4f67d8815c80d9572ddea7d38d49/element - {"using":"xpath","value":".//caption[contains(., \"Price\") and not(.//caption)]"}
RESULT: {"using":"xpath","value":".//caption[contains(., \"Price\") and not(.//caption)]"}
COMMAND: POST /session/25bf4f67d8815c80d9572ddea7d38d49/execute/sync - {"script":"return (function (elem, id) {\n        return (function parentElement() {\n        return this.parentElement;\n    }).call(elem, id);\n    }).apply(null, arguments)","args":[{"element-6066-11e4-a52e-4f735466cecf":"821F64D6F9F4B0751592754FED90653E_element_126","ELEMENT":"821F64D6F9F4B0751592754FED90653E_element_126"}]}
RESULT: {"script":"return (function (elem, id) {\n        return (function parentElement() {\n        return this.parentElement;\n    }).call(elem, id);\n    }).apply(null, arguments)","args":[{"element-6066-11e4-a52e-4f735466cecf":"821F64D6F9F4B0751592754FED90653E_element_126","ELEMENT":"821F64D6F9F4B0751592754FED90653E_element_126"}]}
COMMAND: POST /session/25bf4f67d8815c80d9572ddea7d38d49/execute/sync - {"script":"return (function isElementDisplayed(element) {\n    function nodeIsElement(node) {\n        if (!node) {\n            return false;\n        }\n        switch (node.nodeType) {\n            case Node.ELEMEN ... (7807 more bytes)","args":[{"element-6066-11e4-a52e-4f735466cecf":"821F64D6F9F4B0751592754FED90653E_element_127","ELEMENT":"821F64D6F9F4B0751592754FED90653E_element_127"}]}
RESULT: {"script":"return (function isElementDisplayed(element) {\n    function nodeIsElement(node) {\n        if (!node) {\n            return false;\n        }\n        switch (node.nodeType) {\n            case Node.ELEMEN ... (7807 more bytes)","args":[{"element-6066-11e4-a52e-4f735466cecf":"821F64D6F9F4B0751592754FED90653E_element_127","ELEMENT":"821F64D6F9F4B0751592754FED90653E_element_127"}]}
COMMAND: POST /session/25bf4f67d8815c80d9572ddea7d38d49/element/821F64D6F9F4B0751592754FED90653E_element_127/elements - {"using":"css selector","value":"tbody tr"}
RESULT: {"using":"css selector","value":"tbody tr"}
COMMAND: POST /session/25bf4f67d8815c80d9572ddea7d38d49/element/821F64D6F9F4B0751592754FED90653E_element_127/element - {"using":"css selector","value":"thead tr"}
RESULT: {"using":"css selector","value":"thead tr"}
COMMAND: POST /session/25bf4f67d8815c80d9572ddea7d38d49/element/821F64D6F9F4B0751592754FED90653E_element_128/elements - {"using":"css selector","value":"th"}
RESULT: {"using":"css selector","value":"th"}
COMMAND: GET /session/25bf4f67d8815c80d9572ddea7d38d49/element/821F64D6F9F4B0751592754FED90653E_element_129/text - {}
COMMAND: GET /session/25bf4f67d8815c80d9572ddea7d38d49/element/821F64D6F9F4B0751592754FED90653E_element_130/text - {}
COMMAND: GET /session/25bf4f67d8815c80d9572ddea7d38d49/element/821F64D6F9F4B0751592754FED90653E_element_132/text - {}
COMMAND: GET /session/25bf4f67d8815c80d9572ddea7d38d49/element/821F64D6F9F4B0751592754FED90653E_element_131/text - {}
RESULT: {}
RESULT: {}
RESULT: {}
RESULT: {}
]]></system-out>
      <system-err><![CDATA[
TypeError: Cannot read properties of undefined (reading 'Line item')
    at assertPriceTableData (file:///home/runner/work/di-billing-transaction-monitoring/di-billing-transaction-monitoring/ui-tests/specs/invoice.spec.ts:199:23)
    at validateTableDataWithAssertions (file:///home/runner/work/di-billing-transaction-monitoring/di-billing-transaction-monitoring/ui-tests/specs/invoice.spec.ts:154:5)
    at runMicrotasks (<anonymous>)
    at processTicksAndRejections (node:internal/process/task_queues:96:5)
    at async Context.<anonymous> (file:///home/runner/work/di-billing-transaction-monitoring/di-billing-transaction-monitoring/ui-tests/specs/invoice.spec.ts:114:9)
]]></system-err>
    </testcase>
    <testcase classname="chrome.117_0_5938_132.linux.Invoice_Page_Test.Vendor:_Vendor_Three,Invoice:2023-03" name="should validate measured events table data" time="1.333">
      <failure/>
      <error message="Cannot read properties of undefined (reading 'Line item')"/>
      <system-out><![CDATA[
COMMAND: POST /session/25bf4f67d8815c80d9572ddea7d38d49/url - {"url":"https://pr-509.btm.dev.account.gov.uk/contracts/3/invoices/2023-03"}
RESULT: {"url":"https://pr-509.btm.dev.account.gov.uk/contracts/3/invoices/2023-03"}
COMMAND: POST /session/25bf4f67d8815c80d9572ddea7d38d49/execute/sync - {"script":"return (() => document.readyState === \"complete\").apply(null, arguments)","args":[]}
RESULT: {"script":"return (() => document.readyState === \"complete\").apply(null, arguments)","args":[]}
COMMAND: GET /session/25bf4f67d8815c80d9572ddea7d38d49/url - {}
RESULT: {}
COMMAND: POST /session/25bf4f67d8815c80d9572ddea7d38d49/element - {"using":"css selector","value":".govuk-heading-xl"}
RESULT: {"using":"css selector","value":".govuk-heading-xl"}
COMMAND: POST /session/25bf4f67d8815c80d9572ddea7d38d49/execute/sync - {"script":"return (function isElementDisplayed(element) {\n    function nodeIsElement(node) {\n        if (!node) {\n            return false;\n        }\n        switch (node.nodeType) {\n            case Node.ELEMEN ... (7807 more bytes)","args":[{"element-6066-11e4-a52e-4f735466cecf":"395E5D3B02AF55F6E46D54923C4D8311_element_135","ELEMENT":"395E5D3B02AF55F6E46D54923C4D8311_element_135"}]}
RESULT: {"script":"return (function isElementDisplayed(element) {\n    function nodeIsElement(node) {\n        if (!node) {\n            return false;\n        }\n        switch (node.nodeType) {\n            case Node.ELEMEN ... (7807 more bytes)","args":[{"element-6066-11e4-a52e-4f735466cecf":"395E5D3B02AF55F6E46D54923C4D8311_element_135","ELEMENT":"395E5D3B02AF55F6E46D54923C4D8311_element_135"}]}
COMMAND: POST /session/25bf4f67d8815c80d9572ddea7d38d49/element - {"using":"css selector","value":".govuk-heading-xl"}
RESULT: {"using":"css selector","value":".govuk-heading-xl"}
COMMAND: GET /session/25bf4f67d8815c80d9572ddea7d38d49/element/395E5D3B02AF55F6E46D54923C4D8311_element_135/text - {}
RESULT: {}
COMMAND: POST /session/25bf4f67d8815c80d9572ddea7d38d49/element - {"using":"xpath","value":".//caption[contains(., \"Measured (events)\") and not(.//caption)]"}
RESULT: {"using":"xpath","value":".//caption[contains(., \"Measured (events)\") and not(.//caption)]"}
COMMAND: POST /session/25bf4f67d8815c80d9572ddea7d38d49/execute/sync - {"script":"return (function (elem, id) {\n        return (function parentElement() {\n        return this.parentElement;\n    }).call(elem, id);\n    }).apply(null, arguments)","args":[{"element-6066-11e4-a52e-4f735466cecf":"395E5D3B02AF55F6E46D54923C4D8311_element_136","ELEMENT":"395E5D3B02AF55F6E46D54923C4D8311_element_136"}]}
RESULT: {"script":"return (function (elem, id) {\n        return (function parentElement() {\n        return this.parentElement;\n    }).call(elem, id);\n    }).apply(null, arguments)","args":[{"element-6066-11e4-a52e-4f735466cecf":"395E5D3B02AF55F6E46D54923C4D8311_element_136","ELEMENT":"395E5D3B02AF55F6E46D54923C4D8311_element_136"}]}
COMMAND: POST /session/25bf4f67d8815c80d9572ddea7d38d49/execute/sync - {"script":"return (function isElementDisplayed(element) {\n    function nodeIsElement(node) {\n        if (!node) {\n            return false;\n        }\n        switch (node.nodeType) {\n            case Node.ELEMEN ... (7807 more bytes)","args":[{"element-6066-11e4-a52e-4f735466cecf":"395E5D3B02AF55F6E46D54923C4D8311_element_137","ELEMENT":"395E5D3B02AF55F6E46D54923C4D8311_element_137"}]}
RESULT: {"script":"return (function isElementDisplayed(element) {\n    function nodeIsElement(node) {\n        if (!node) {\n            return false;\n        }\n        switch (node.nodeType) {\n            case Node.ELEMEN ... (7807 more bytes)","args":[{"element-6066-11e4-a52e-4f735466cecf":"395E5D3B02AF55F6E46D54923C4D8311_element_137","ELEMENT":"395E5D3B02AF55F6E46D54923C4D8311_element_137"}]}
COMMAND: POST /session/25bf4f67d8815c80d9572ddea7d38d49/element/395E5D3B02AF55F6E46D54923C4D8311_element_137/elements - {"using":"css selector","value":"tbody tr"}
RESULT: {"using":"css selector","value":"tbody tr"}
COMMAND: POST /session/25bf4f67d8815c80d9572ddea7d38d49/element/395E5D3B02AF55F6E46D54923C4D8311_element_137/element - {"using":"css selector","value":"thead tr"}
RESULT: {"using":"css selector","value":"thead tr"}
COMMAND: POST /session/25bf4f67d8815c80d9572ddea7d38d49/element/395E5D3B02AF55F6E46D54923C4D8311_element_138/elements - {"using":"css selector","value":"th"}
RESULT: {"using":"css selector","value":"th"}
COMMAND: GET /session/25bf4f67d8815c80d9572ddea7d38d49/element/395E5D3B02AF55F6E46D54923C4D8311_element_139/text - {}
COMMAND: GET /session/25bf4f67d8815c80d9572ddea7d38d49/element/395E5D3B02AF55F6E46D54923C4D8311_element_140/text - {}
RESULT: {}
RESULT: {}
]]></system-out>
      <system-err><![CDATA[
TypeError: Cannot read properties of undefined (reading 'Line item')
    at assertMeasuredTableData (file:///home/runner/work/di-billing-transaction-monitoring/di-billing-transaction-monitoring/ui-tests/specs/invoice.spec.ts:212:23)
    at validateTableDataWithAssertions (file:///home/runner/work/di-billing-transaction-monitoring/di-billing-transaction-monitoring/ui-tests/specs/invoice.spec.ts:154:5)
    at runMicrotasks (<anonymous>)
    at processTicksAndRejections (node:internal/process/task_queues:96:5)
    at async Context.<anonymous> (file:///home/runner/work/di-billing-transaction-monitoring/di-billing-transaction-monitoring/ui-tests/specs/invoice.spec.ts:122:9)
]]></system-err>
    </testcase>
    <testcase classname="chrome.117_0_5938_132.linux.Invoice_Page_Test.Vendor:_Vendor_Three,Invoice:2023-03" name="should validate invoice table data" time="1.248">
      <failure/>
      <error message="expect(received).toEqual(expected) // deep equality&#xA;&#xA;Expected: &quot;Passport check&quot;&#xA;Received: &quot;Total&quot;"/>
      <system-out><![CDATA[
COMMAND: POST /session/25bf4f67d8815c80d9572ddea7d38d49/url - {"url":"https://pr-509.btm.dev.account.gov.uk/contracts/3/invoices/2023-03"}
RESULT: {"url":"https://pr-509.btm.dev.account.gov.uk/contracts/3/invoices/2023-03"}
COMMAND: POST /session/25bf4f67d8815c80d9572ddea7d38d49/execute/sync - {"script":"return (() => document.readyState === \"complete\").apply(null, arguments)","args":[]}
RESULT: {"script":"return (() => document.readyState === \"complete\").apply(null, arguments)","args":[]}
COMMAND: GET /session/25bf4f67d8815c80d9572ddea7d38d49/url - {}
RESULT: {}
COMMAND: POST /session/25bf4f67d8815c80d9572ddea7d38d49/element - {"using":"css selector","value":".govuk-heading-xl"}
RESULT: {"using":"css selector","value":".govuk-heading-xl"}
COMMAND: POST /session/25bf4f67d8815c80d9572ddea7d38d49/execute/sync - {"script":"return (function isElementDisplayed(element) {\n    function nodeIsElement(node) {\n        if (!node) {\n            return false;\n        }\n        switch (node.nodeType) {\n            case Node.ELEMEN ... (7807 more bytes)","args":[{"element-6066-11e4-a52e-4f735466cecf":"849FC6B5E276D433B7A55D94B9629F9C_element_143","ELEMENT":"849FC6B5E276D433B7A55D94B9629F9C_element_143"}]}
RESULT: {"script":"return (function isElementDisplayed(element) {\n    function nodeIsElement(node) {\n        if (!node) {\n            return false;\n        }\n        switch (node.nodeType) {\n            case Node.ELEMEN ... (7807 more bytes)","args":[{"element-6066-11e4-a52e-4f735466cecf":"849FC6B5E276D433B7A55D94B9629F9C_element_143","ELEMENT":"849FC6B5E276D433B7A55D94B9629F9C_element_143"}]}
COMMAND: POST /session/25bf4f67d8815c80d9572ddea7d38d49/element - {"using":"css selector","value":".govuk-heading-xl"}
RESULT: {"using":"css selector","value":".govuk-heading-xl"}
COMMAND: GET /session/25bf4f67d8815c80d9572ddea7d38d49/element/849FC6B5E276D433B7A55D94B9629F9C_element_143/text - {}
RESULT: {}
COMMAND: POST /session/25bf4f67d8815c80d9572ddea7d38d49/element - {"using":"xpath","value":".//caption[contains(., \"Invoice\") and not(.//caption)]"}
RESULT: {"using":"xpath","value":".//caption[contains(., \"Invoice\") and not(.//caption)]"}
COMMAND: POST /session/25bf4f67d8815c80d9572ddea7d38d49/execute/sync - {"script":"return (function (elem, id) {\n        return (function parentElement() {\n        return this.parentElement;\n    }).call(elem, id);\n    }).apply(null, arguments)","args":[{"element-6066-11e4-a52e-4f735466cecf":"849FC6B5E276D433B7A55D94B9629F9C_element_144","ELEMENT":"849FC6B5E276D433B7A55D94B9629F9C_element_144"}]}
RESULT: {"script":"return (function (elem, id) {\n        return (function parentElement() {\n        return this.parentElement;\n    }).call(elem, id);\n    }).apply(null, arguments)","args":[{"element-6066-11e4-a52e-4f735466cecf":"849FC6B5E276D433B7A55D94B9629F9C_element_144","ELEMENT":"849FC6B5E276D433B7A55D94B9629F9C_element_144"}]}
COMMAND: POST /session/25bf4f67d8815c80d9572ddea7d38d49/execute/sync - {"script":"return (function isElementDisplayed(element) {\n    function nodeIsElement(node) {\n        if (!node) {\n            return false;\n        }\n        switch (node.nodeType) {\n            case Node.ELEMEN ... (7807 more bytes)","args":[{"element-6066-11e4-a52e-4f735466cecf":"849FC6B5E276D433B7A55D94B9629F9C_element_145","ELEMENT":"849FC6B5E276D433B7A55D94B9629F9C_element_145"}]}
RESULT: {"script":"return (function isElementDisplayed(element) {\n    function nodeIsElement(node) {\n        if (!node) {\n            return false;\n        }\n        switch (node.nodeType) {\n            case Node.ELEMEN ... (7807 more bytes)","args":[{"element-6066-11e4-a52e-4f735466cecf":"849FC6B5E276D433B7A55D94B9629F9C_element_145","ELEMENT":"849FC6B5E276D433B7A55D94B9629F9C_element_145"}]}
COMMAND: POST /session/25bf4f67d8815c80d9572ddea7d38d49/element/849FC6B5E276D433B7A55D94B9629F9C_element_145/elements - {"using":"css selector","value":"tbody tr"}
RESULT: {"using":"css selector","value":"tbody tr"}
COMMAND: POST /session/25bf4f67d8815c80d9572ddea7d38d49/element/849FC6B5E276D433B7A55D94B9629F9C_element_145/element - {"using":"css selector","value":"thead tr"}
RESULT: {"using":"css selector","value":"thead tr"}
COMMAND: POST /session/25bf4f67d8815c80d9572ddea7d38d49/element/849FC6B5E276D433B7A55D94B9629F9C_element_147/elements - {"using":"css selector","value":"th"}
RESULT: {"using":"css selector","value":"th"}
COMMAND: GET /session/25bf4f67d8815c80d9572ddea7d38d49/element/849FC6B5E276D433B7A55D94B9629F9C_element_148/text - {}
COMMAND: GET /session/25bf4f67d8815c80d9572ddea7d38d49/element/849FC6B5E276D433B7A55D94B9629F9C_element_149/text - {}
COMMAND: GET /session/25bf4f67d8815c80d9572ddea7d38d49/element/849FC6B5E276D433B7A55D94B9629F9C_element_151/text - {}
COMMAND: GET /session/25bf4f67d8815c80d9572ddea7d38d49/element/849FC6B5E276D433B7A55D94B9629F9C_element_150/text - {}
COMMAND: GET /session/25bf4f67d8815c80d9572ddea7d38d49/element/849FC6B5E276D433B7A55D94B9629F9C_element_152/text - {}
RESULT: {}
RESULT: {}
RESULT: {}
RESULT: {}
RESULT: {}
COMMAND: POST /session/25bf4f67d8815c80d9572ddea7d38d49/element/849FC6B5E276D433B7A55D94B9629F9C_element_146/elements - {"using":"css selector","value":"th,td"}
RESULT: {"using":"css selector","value":"th,td"}
COMMAND: GET /session/25bf4f67d8815c80d9572ddea7d38d49/element/849FC6B5E276D433B7A55D94B9629F9C_element_153/text - {}
RESULT: {}
COMMAND: GET /session/25bf4f67d8815c80d9572ddea7d38d49/element/849FC6B5E276D433B7A55D94B9629F9C_element_154/text - {}
RESULT: {}
COMMAND: GET /session/25bf4f67d8815c80d9572ddea7d38d49/element/849FC6B5E276D433B7A55D94B9629F9C_element_155/text - {}
RESULT: {}
COMMAND: GET /session/25bf4f67d8815c80d9572ddea7d38d49/element/849FC6B5E276D433B7A55D94B9629F9C_element_156/text - {}
RESULT: {}
COMMAND: GET /session/25bf4f67d8815c80d9572ddea7d38d49/element/849FC6B5E276D433B7A55D94B9629F9C_element_157/text - {}
RESULT: {}
]]></system-out>
      <system-err><![CDATA[
Error: expect(received).toEqual(expected) // deep equality

Expected: "Passport check"
Received: "Total"
    at expectEqual (file:///home/runner/work/di-billing-transaction-monitoring/di-billing-transaction-monitoring/ui-tests/utils/customTestAssertion.ts:12:20)
    at assertInvoiceTableData (file:///home/runner/work/di-billing-transaction-monitoring/di-billing-transaction-monitoring/ui-tests/specs/invoice.spec.ts:220:3)
    at validateTableDataWithAssertions (file:///home/runner/work/di-billing-transaction-monitoring/di-billing-transaction-monitoring/ui-tests/specs/invoice.spec.ts:154:5)
    at runMicrotasks (<anonymous>)
    at processTicksAndRejections (node:internal/process/task_queues:96:5)
    at async Context.<anonymous> (file:///home/runner/work/di-billing-transaction-monitoring/di-billing-transaction-monitoring/ui-tests/specs/invoice.spec.ts:130:9)
]]></system-err>
    </testcase>
  </testsuite>
  <testsuite name="Vendor Vendor Three Invoice 2005 08" timestamp="2023-10-12T08:51:17" time="5.95" tests="6" failures="6" errors="6" skipped="0">
    <properties>
      <property name="specId" value="0"/>
      <property name="suiteName" value="Vendor: Vendor Three,Invoice:2005-08"/>
      <property name="capabilities" value="chrome.117_0_5938_132.linux"/>
      <property name="file" value="file://./ui-tests/specs/invoice.spec.ts"/>
    </properties>
    <testcase classname="chrome.117_0_5938_132.linux.Invoice_Page_Test.Vendor:_Vendor_Three,Invoice:2005-08" name="should display correct status banner color and message" time="2.63">
      <failure/>
      <error message="expect(received).toEqual(expected) // deep equality&#xA;&#xA;Expected: &quot;Invoice data missing&quot;&#xA;Received: &quot;Invoice and events missing&quot;"/>
      <system-out><![CDATA[
COMMAND: POST /session/25bf4f67d8815c80d9572ddea7d38d49/url - {"url":"https://pr-509.btm.dev.account.gov.uk/contracts/3/invoices/2005-08"}
RESULT: {"url":"https://pr-509.btm.dev.account.gov.uk/contracts/3/invoices/2005-08"}
COMMAND: POST /session/25bf4f67d8815c80d9572ddea7d38d49/execute/sync - {"script":"return (() => document.readyState === \"complete\").apply(null, arguments)","args":[]}
RESULT: {"script":"return (() => document.readyState === \"complete\").apply(null, arguments)","args":[]}
COMMAND: GET /session/25bf4f67d8815c80d9572ddea7d38d49/url - {}
RESULT: {}
COMMAND: POST /session/25bf4f67d8815c80d9572ddea7d38d49/element - {"using":"css selector","value":".govuk-heading-xl"}
RESULT: {"using":"css selector","value":".govuk-heading-xl"}
COMMAND: POST /session/25bf4f67d8815c80d9572ddea7d38d49/execute/sync - {"script":"return (function isElementDisplayed(element) {\n    function nodeIsElement(node) {\n        if (!node) {\n            return false;\n        }\n        switch (node.nodeType) {\n            case Node.ELEMEN ... (7807 more bytes)","args":[{"element-6066-11e4-a52e-4f735466cecf":"C47DAE4544EFFDB0523A7070A1A86DA1_element_162","ELEMENT":"C47DAE4544EFFDB0523A7070A1A86DA1_element_162"}]}
RESULT: {"script":"return (function isElementDisplayed(element) {\n    function nodeIsElement(node) {\n        if (!node) {\n            return false;\n        }\n        switch (node.nodeType) {\n            case Node.ELEMEN ... (7807 more bytes)","args":[{"element-6066-11e4-a52e-4f735466cecf":"C47DAE4544EFFDB0523A7070A1A86DA1_element_162","ELEMENT":"C47DAE4544EFFDB0523A7070A1A86DA1_element_162"}]}
COMMAND: POST /session/25bf4f67d8815c80d9572ddea7d38d49/element - {"using":"css selector","value":".govuk-heading-xl"}
RESULT: {"using":"css selector","value":".govuk-heading-xl"}
COMMAND: GET /session/25bf4f67d8815c80d9572ddea7d38d49/element/C47DAE4544EFFDB0523A7070A1A86DA1_element_162/text - {}
RESULT: {}
COMMAND: POST /session/25bf4f67d8815c80d9572ddea7d38d49/element - {"using":"css selector","value":"h2.govuk-panel__title"}
RESULT: {"using":"css selector","value":"h2.govuk-panel__title"}
COMMAND: POST /session/25bf4f67d8815c80d9572ddea7d38d49/execute/sync - {"script":"return (function isElementDisplayed(element) {\n    function nodeIsElement(node) {\n        if (!node) {\n            return false;\n        }\n        switch (node.nodeType) {\n            case Node.ELEMEN ... (7807 more bytes)","args":[{"element-6066-11e4-a52e-4f735466cecf":"C47DAE4544EFFDB0523A7070A1A86DA1_element_163","ELEMENT":"C47DAE4544EFFDB0523A7070A1A86DA1_element_163"}]}
RESULT: {"script":"return (function isElementDisplayed(element) {\n    function nodeIsElement(node) {\n        if (!node) {\n            return false;\n        }\n        switch (node.nodeType) {\n            case Node.ELEMEN ... (7807 more bytes)","args":[{"element-6066-11e4-a52e-4f735466cecf":"C47DAE4544EFFDB0523A7070A1A86DA1_element_163","ELEMENT":"C47DAE4544EFFDB0523A7070A1A86DA1_element_163"}]}
COMMAND: POST /session/25bf4f67d8815c80d9572ddea7d38d49/element - {"using":"css selector","value":"h2.govuk-panel__title"}
RESULT: {"using":"css selector","value":"h2.govuk-panel__title"}
COMMAND: GET /session/25bf4f67d8815c80d9572ddea7d38d49/element/C47DAE4544EFFDB0523A7070A1A86DA1_element_163/text - {}
RESULT: {}
]]></system-out>
      <system-err><![CDATA[
Error: expect(received).toEqual(expected) // deep equality

Expected: "Invoice data missing"
Received: "Invoice and events missing"
    at expectEqual (file:///home/runner/work/di-billing-transaction-monitoring/di-billing-transaction-monitoring/ui-tests/utils/customTestAssertion.ts:12:20)
    at Context.<anonymous> (file:///home/runner/work/di-billing-transaction-monitoring/di-billing-transaction-monitoring/ui-tests/specs/invoice.spec.ts:81:9)
    at runMicrotasks (<anonymous>)
    at processTicksAndRejections (node:internal/process/task_queues:96:5)
]]></system-err>
    </testcase>
    <testcase classname="chrome.117_0_5938_132.linux.Invoice_Page_Test.Vendor:_Vendor_Three,Invoice:2005-08" name="should validate reconciliation table data" time="0.567">
      <failure/>
      <error message="Cannot read properties of undefined (reading 'Line item')"/>
      <system-out><![CDATA[
COMMAND: POST /session/25bf4f67d8815c80d9572ddea7d38d49/url - {"url":"https://pr-509.btm.dev.account.gov.uk/contracts/3/invoices/2005-08"}
RESULT: {"url":"https://pr-509.btm.dev.account.gov.uk/contracts/3/invoices/2005-08"}
COMMAND: POST /session/25bf4f67d8815c80d9572ddea7d38d49/execute/sync - {"script":"return (() => document.readyState === \"complete\").apply(null, arguments)","args":[]}
RESULT: {"script":"return (() => document.readyState === \"complete\").apply(null, arguments)","args":[]}
COMMAND: GET /session/25bf4f67d8815c80d9572ddea7d38d49/url - {}
RESULT: {}
COMMAND: POST /session/25bf4f67d8815c80d9572ddea7d38d49/element - {"using":"css selector","value":".govuk-heading-xl"}
RESULT: {"using":"css selector","value":".govuk-heading-xl"}
COMMAND: POST /session/25bf4f67d8815c80d9572ddea7d38d49/execute/sync - {"script":"return (function isElementDisplayed(element) {\n    function nodeIsElement(node) {\n        if (!node) {\n            return false;\n        }\n        switch (node.nodeType) {\n            case Node.ELEMEN ... (7807 more bytes)","args":[{"element-6066-11e4-a52e-4f735466cecf":"B72F56D845E1647CDFB6D7F914A3990C_element_166","ELEMENT":"B72F56D845E1647CDFB6D7F914A3990C_element_166"}]}
RESULT: {"script":"return (function isElementDisplayed(element) {\n    function nodeIsElement(node) {\n        if (!node) {\n            return false;\n        }\n        switch (node.nodeType) {\n            case Node.ELEMEN ... (7807 more bytes)","args":[{"element-6066-11e4-a52e-4f735466cecf":"B72F56D845E1647CDFB6D7F914A3990C_element_166","ELEMENT":"B72F56D845E1647CDFB6D7F914A3990C_element_166"}]}
COMMAND: POST /session/25bf4f67d8815c80d9572ddea7d38d49/element - {"using":"css selector","value":".govuk-heading-xl"}
RESULT: {"using":"css selector","value":".govuk-heading-xl"}
COMMAND: GET /session/25bf4f67d8815c80d9572ddea7d38d49/element/B72F56D845E1647CDFB6D7F914A3990C_element_166/text - {}
RESULT: {}
COMMAND: POST /session/25bf4f67d8815c80d9572ddea7d38d49/element - {"using":"xpath","value":".//caption[contains(., \"Reconciliation\") and not(.//caption)]"}
RESULT: {"using":"xpath","value":".//caption[contains(., \"Reconciliation\") and not(.//caption)]"}
COMMAND: POST /session/25bf4f67d8815c80d9572ddea7d38d49/execute/sync - {"script":"return (function (elem, id) {\n        return (function parentElement() {\n        return this.parentElement;\n    }).call(elem, id);\n    }).apply(null, arguments)","args":[{"element-6066-11e4-a52e-4f735466cecf":"B72F56D845E1647CDFB6D7F914A3990C_element_167","ELEMENT":"B72F56D845E1647CDFB6D7F914A3990C_element_167"}]}
RESULT: {"script":"return (function (elem, id) {\n        return (function parentElement() {\n        return this.parentElement;\n    }).call(elem, id);\n    }).apply(null, arguments)","args":[{"element-6066-11e4-a52e-4f735466cecf":"B72F56D845E1647CDFB6D7F914A3990C_element_167","ELEMENT":"B72F56D845E1647CDFB6D7F914A3990C_element_167"}]}
[...]
RESULT: {}
RESULT: {}
RESULT: {}
RESULT: {}
]]></system-out>
      <system-err><![CDATA[
TypeError: Cannot read properties of undefined (reading 'Line item')
    at assertQuantityTableData (file:///home/runner/work/di-billing-transaction-monitoring/di-billing-transaction-monitoring/ui-tests/specs/invoice.spec.ts:186:23)
    at validateTableDataWithAssertions (file:///home/runner/work/di-billing-transaction-monitoring/di-billing-transaction-monitoring/ui-tests/specs/invoice.spec.ts:154:5)
    at runMicrotasks (<anonymous>)
    at processTicksAndRejections (node:internal/process/task_queues:96:5)
    at async Context.<anonymous> (file:///home/runner/work/di-billing-transaction-monitoring/di-billing-transaction-monitoring/ui-tests/specs/invoice.spec.ts:106:9)
]]></system-err>
    </testcase>
    <testcase classname="chrome.117_0_5938_132.linux.Invoice_Page_Test.Vendor:_Vendor_Six,Invoice:2005-Q2" name="should validate price table data" time="0.589">
      <failure/>
      <error message="Cannot read properties of undefined (reading 'Line item')"/>
      <system-out><![CDATA[
COMMAND: POST /session/25bf4f67d8815c80d9572ddea7d38d49/url - {"url":"https://pr-509.btm.dev.account.gov.uk/contracts/6/invoices/2005-q2"}
RESULT: {"url":"https://pr-509.btm.dev.account.gov.uk/contracts/6/invoices/2005-q2"}
COMMAND: POST /session/25bf4f67d8815c80d9572ddea7d38d49/execute/sync - {"script":"return (() => document.readyState === \"complete\").apply(null, arguments)","args":[]}
RESULT: {"script":"return (() => document.readyState === \"complete\").apply(null, arguments)","args":[]}
COMMAND: GET /session/25bf4f67d8815c80d9572ddea7d38d49/url - {}
RESULT: {}
COMMAND: POST /session/25bf4f67d8815c80d9572ddea7d38d49/element - {"using":"css selector","value":".govuk-heading-xl"}
RESULT: {"using":"css selector","value":".govuk-heading-xl"}
COMMAND: POST /session/25bf4f67d8815c80d9572ddea7d38d49/execute/sync - {"script":"return (function isElementDisplayed(element) {\n    function nodeIsElement(node) {\n        if (!node) {\n            return false;\n        }\n        switch (node.nodeType) {\n            case Node.ELEMEN ... (7807 more bytes)","args":[{"element-6066-11e4-a52e-4f735466cecf":"CD122E227D1C2A0C82C7F9745F803791_element_1187","ELEMENT":"CD122E227D1C2A0C82C7F9745F803791_element_1187"}]}
RESULT: {"script":"return (function isElementDisplayed(element) {\n    function nodeIsElement(node) {\n        if (!node) {\n            return false;\n        }\n        switch (node.nodeType) {\n            case Node.ELEMEN ... (7807 more bytes)","args":[{"element-6066-11e4-a52e-4f735466cecf":"CD122E227D1C2A0C82C7F9745F803791_element_1187","ELEMENT":"CD122E227D1C2A0C82C7F9745F803791_element_1187"}]}
COMMAND: POST /session/25bf4f67d8815c80d9572ddea7d38d49/element - {"using":"css selector","value":".govuk-heading-xl"}
RESULT: {"using":"css selector","value":".govuk-heading-xl"}
COMMAND: GET /session/25bf4f67d8815c80d9572ddea7d38d49/element/CD122E227D1C2A0C82C7F9745F803791_element_1187/text - {}
RESULT: {}
COMMAND: POST /session/25bf4f67d8815c80d9572ddea7d38d49/element - {"using":"xpath","value":".//caption[contains(., \"Price\") and not(.//caption)]"}
RESULT: {"using":"xpath","value":".//caption[contains(., \"Price\") and not(.//caption)]"}
COMMAND: POST /session/25bf4f67d8815c80d9572ddea7d38d49/execute/sync - {"script":"return (function (elem, id) {\n        return (function parentElement() {\n        return this.parentElement;\n    }).call(elem, id);\n    }).apply(null, arguments)","args":[{"element-6066-11e4-a52e-4f735466cecf":"CD122E227D1C2A0C82C7F9745F803791_element_1188","ELEMENT":"CD122E227D1C2A0C82C7F9745F803791_element_1188"}]}
RESULT: {"script":"return (function (elem, id) {\n        return (function parentElement() {\n        return this.parentElement;\n    }).call(elem, id);\n    }).apply(null, arguments)","args":[{"element-6066-11e4-a52e-4f735466cecf":"CD122E227D1C2A0C82C7F9745F803791_element_1188","ELEMENT":"CD122E227D1C2A0C82C7F9745F803791_element_1188"}]}
COMMAND: POST /session/25bf4f67d8815c80d9572ddea7d38d49/execute/sync - {"script":"return (function isElementDisplayed(element) {\n    function nodeIsElement(node) {\n        if (!node) {\n            return false;\n        }\n        switch (node.nodeType) {\n            case Node.ELEMEN ... (7807 more bytes)","args":[{"element-6066-11e4-a52e-4f735466cecf":"CD122E227D1C2A0C82C7F9745F803791_element_1189","ELEMENT":"CD122E227D1C2A0C82C7F9745F803791_element_1189"}]}
RESULT: {"script":"return (function isElementDisplayed(element) {\n    function nodeIsElement(node) {\n        if (!node) {\n            return false;\n        }\n        switch (node.nodeType) {\n            case Node.ELEMEN ... (7807 more bytes)","args":[{"element-6066-11e4-a52e-4f735466cecf":"CD122E227D1C2A0C82C7F9745F803791_element_1189","ELEMENT":"CD122E227D1C2A0C82C7F9745F803791_element_1189"}]}
COMMAND: POST /session/25bf4f67d8815c80d9572ddea7d38d49/element/CD122E227D1C2A0C82C7F9745F803791_element_1189/elements - {"using":"css selector","value":"tbody tr"}
RESULT: {"using":"css selector","value":"tbody tr"}
COMMAND: POST /session/25bf4f67d8815c80d9572ddea7d38d49/element/CD122E227D1C2A0C82C7F9745F803791_element_1189/element - {"using":"css selector","value":"thead tr"}
RESULT: {"using":"css selector","value":"thead tr"}
COMMAND: POST /session/25bf4f67d8815c80d9572ddea7d38d49/element/CD122E227D1C2A0C82C7F9745F803791_element_1190/elements - {"using":"css selector","value":"th"}
RESULT: {"using":"css selector","value":"th"}
COMMAND: GET /session/25bf4f67d8815c80d9572ddea7d38d49/element/CD122E227D1C2A0C82C7F9745F803791_element_1191/text - {}
COMMAND: GET /session/25bf4f67d8815c80d9572ddea7d38d49/element/CD122E227D1C2A0C82C7F9745F803791_element_1192/text - {}
COMMAND: GET /session/25bf4f67d8815c80d9572ddea7d38d49/element/CD122E227D1C2A0C82C7F9745F803791_element_1194/text - {}
COMMAND: GET /session/25bf4f67d8815c80d9572ddea7d38d49/element/CD122E227D1C2A0C82C7F9745F803791_element_1193/text - {}
RESULT: {}
RESULT: {}
RESULT: {}
RESULT: {}
]]></system-out>
      <system-err><![CDATA[
TypeError: Cannot read properties of undefined (reading 'Line item')
    at assertPriceTableData (file:///home/runner/work/di-billing-transaction-monitoring/di-billing-transaction-monitoring/ui-tests/specs/invoice.spec.ts:199:23)
    at validateTableDataWithAssertions (file:///home/runner/work/di-billing-transaction-monitoring/di-billing-transaction-monitoring/ui-tests/specs/invoice.spec.ts:154:5)
    at runMicrotasks (<anonymous>)
    at processTicksAndRejections (node:internal/process/task_queues:96:5)
    at async Context.<anonymous> (file:///home/runner/work/di-billing-transaction-monitoring/di-billing-transaction-monitoring/ui-tests/specs/invoice.spec.ts:114:9)
]]></system-err>
    </testcase>
    <testcase classname="chrome.117_0_5938_132.linux.Invoice_Page_Test.Vendor:_Vendor_Six,Invoice:2005-Q2" name="should validate measured events table data" time="0.68">
      <failure/>
      <error message="Cannot read properties of undefined (reading 'Line item')"/>
      <system-out><![CDATA[
COMMAND: POST /session/25bf4f67d8815c80d9572ddea7d38d49/url - {"url":"https://pr-509.btm.dev.account.gov.uk/contracts/6/invoices/2005-q2"}
RESULT: {"url":"https://pr-509.btm.dev.account.gov.uk/contracts/6/invoices/2005-q2"}
COMMAND: POST /session/25bf4f67d8815c80d9572ddea7d38d49/execute/sync - {"script":"return (() => document.readyState === \"complete\").apply(null, arguments)","args":[]}
RESULT: {"script":"return (() => document.readyState === \"complete\").apply(null, arguments)","args":[]}
COMMAND: GET /session/25bf4f67d8815c80d9572ddea7d38d49/url - {}
RESULT: {}
COMMAND: POST /session/25bf4f67d8815c80d9572ddea7d38d49/element - {"using":"css selector","value":".govuk-heading-xl"}
RESULT: {"using":"css selector","value":".govuk-heading-xl"}
COMMAND: POST /session/25bf4f67d8815c80d9572ddea7d38d49/execute/sync - {"script":"return (function isElementDisplayed(element) {\n    function nodeIsElement(node) {\n        if (!node) {\n            return false;\n        }\n        switch (node.nodeType) {\n            case Node.ELEMEN ... (7807 more bytes)","args":[{"element-6066-11e4-a52e-4f735466cecf":"7059C29B8142743211E7D70B2AD978A4_element_1199","ELEMENT":"7059C29B8142743211E7D70B2AD978A4_element_1199"}]}
RESULT: {"script":"return (function isElementDisplayed(element) {\n    function nodeIsElement(node) {\n        if (!node) {\n            return false;\n        }\n        switch (node.nodeType) {\n            case Node.ELEMEN ... (7807 more bytes)","args":[{"element-6066-11e4-a52e-4f735466cecf":"7059C29B8142743211E7D70B2AD978A4_element_1199","ELEMENT":"7059C29B8142743211E7D70B2AD978A4_element_1199"}]}
COMMAND: POST /session/25bf4f67d8815c80d9572ddea7d38d49/element - {"using":"css selector","value":".govuk-heading-xl"}
RESULT: {"using":"css selector","value":".govuk-heading-xl"}
COMMAND: GET /session/25bf4f67d8815c80d9572ddea7d38d49/element/7059C29B8142743211E7D70B2AD978A4_element_1199/text - {}
RESULT: {}
COMMAND: POST /session/25bf4f67d8815c80d9572ddea7d38d49/element - {"using":"xpath","value":".//caption[contains(., \"Measured (events)\") and not(.//caption)]"}
RESULT: {"using":"xpath","value":".//caption[contains(., \"Measured (events)\") and not(.//caption)]"}
COMMAND: POST /session/25bf4f67d8815c80d9572ddea7d38d49/execute/sync - {"script":"return (function (elem, id) {\n        return (function parentElement() {\n        return this.parentElement;\n    }).call(elem, id);\n    }).apply(null, arguments)","args":[{"element-6066-11e4-a52e-4f735466cecf":"7059C29B8142743211E7D70B2AD978A4_element_1200","ELEMENT":"7059C29B8142743211E7D70B2AD978A4_element_1200"}]}
RESULT: {"script":"return (function (elem, id) {\n        return (function parentElement() {\n        return this.parentElement;\n    }).call(elem, id);\n    }).apply(null, arguments)","args":[{"element-6066-11e4-a52e-4f735466cecf":"7059C29B8142743211E7D70B2AD978A4_element_1200","ELEMENT":"7059C29B8142743211E7D70B2AD978A4_element_1200"}]}
COMMAND: POST /session/25bf4f67d8815c80d9572ddea7d38d49/execute/sync - {"script":"return (function isElementDisplayed(element) {\n    function nodeIsElement(node) {\n        if (!node) {\n            return false;\n        }\n        switch (node.nodeType) {\n            case Node.ELEMEN ... (7807 more bytes)","args":[{"element-6066-11e4-a52e-4f735466cecf":"7059C29B8142743211E7D70B2AD978A4_element_1201","ELEMENT":"7059C29B8142743211E7D70B2AD978A4_element_1201"}]}
RESULT: {"script":"return (function isElementDisplayed(element) {\n    function nodeIsElement(node) {\n        if (!node) {\n            return false;\n        }\n        switch (node.nodeType) {\n            case Node.ELEMEN ... (7807 more bytes)","args":[{"element-6066-11e4-a52e-4f735466cecf":"7059C29B8142743211E7D70B2AD978A4_element_1201","ELEMENT":"7059C29B8142743211E7D70B2AD978A4_element_1201"}]}
COMMAND: POST /session/25bf4f67d8815c80d9572ddea7d38d49/element/7059C29B8142743211E7D70B2AD978A4_element_1201/elements - {"using":"css selector","value":"tbody tr"}
RESULT: {"using":"css selector","value":"tbody tr"}
COMMAND: POST /session/25bf4f67d8815c80d9572ddea7d38d49/element/7059C29B8142743211E7D70B2AD978A4_element_1201/element - {"using":"css selector","value":"thead tr"}
RESULT: {"using":"css selector","value":"thead tr"}
COMMAND: POST /session/25bf4f67d8815c80d9572ddea7d38d49/element/7059C29B8142743211E7D70B2AD978A4_element_1202/elements - {"using":"css selector","value":"th"}
RESULT: {"using":"css selector","value":"th"}
COMMAND: GET /session/25bf4f67d8815c80d9572ddea7d38d49/element/7059C29B8142743211E7D70B2AD978A4_element_1203/text - {}
COMMAND: GET /session/25bf4f67d8815c80d9572ddea7d38d49/element/7059C29B8142743211E7D70B2AD978A4_element_1204/text - {}
RESULT: {}
RESULT: {}
]]></system-out>
      <system-err><![CDATA[
TypeError: Cannot read properties of undefined (reading 'Line item')
    at assertMeasuredTableData (file:///home/runner/work/di-billing-transaction-monitoring/di-billing-transaction-monitoring/ui-tests/specs/invoice.spec.ts:212:23)
    at validateTableDataWithAssertions (file:///home/runner/work/di-billing-transaction-monitoring/di-billing-transaction-monitoring/ui-tests/specs/invoice.spec.ts:154:5)
    at runMicrotasks (<anonymous>)
    at processTicksAndRejections (node:internal/process/task_queues:96:5)
    at async Context.<anonymous> (file:///home/runner/work/di-billing-transaction-monitoring/di-billing-transaction-monitoring/ui-tests/specs/invoice.spec.ts:122:9)
]]></system-err>
    </testcase>
    <testcase classname="chrome.117_0_5938_132.linux.Invoice_Page_Test.Vendor:_Vendor_Six,Invoice:2005-Q2" name="should validate invoice table data" time="0.881">
      <failure/>
      <error message="expect(received).toEqual(expected) // deep equality&#xA;&#xA;Expected: &quot;Six Data Validation Application&quot;&#xA;Received: &quot;Total&quot;"/>
      <system-out><![CDATA[
COMMAND: POST /session/25bf4f67d8815c80d9572ddea7d38d49/url - {"url":"https://pr-509.btm.dev.account.gov.uk/contracts/6/invoices/2005-q2"}
RESULT: {"url":"https://pr-509.btm.dev.account.gov.uk/contracts/6/invoices/2005-q2"}
COMMAND: POST /session/25bf4f67d8815c80d9572ddea7d38d49/execute/sync - {"script":"return (() => document.readyState === \"complete\").apply(null, arguments)","args":[]}
RESULT: {"script":"return (() => document.readyState === \"complete\").apply(null, arguments)","args":[]}
COMMAND: GET /session/25bf4f67d8815c80d9572ddea7d38d49/url - {}
RESULT: {}
COMMAND: POST /session/25bf4f67d8815c80d9572ddea7d38d49/element - {"using":"css selector","value":".govuk-heading-xl"}
RESULT: {"using":"css selector","value":".govuk-heading-xl"}
COMMAND: POST /session/25bf4f67d8815c80d9572ddea7d38d49/execute/sync - {"script":"return (function isElementDisplayed(element) {\n    function nodeIsElement(node) {\n        if (!node) {\n            return false;\n        }\n        switch (node.nodeType) {\n            case Node.ELEMEN ... (7807 more bytes)","args":[{"element-6066-11e4-a52e-4f735466cecf":"CD462B661F9B98642CB4FA4CDF135D29_element_1207","ELEMENT":"CD462B661F9B98642CB4FA4CDF135D29_element_1207"}]}
RESULT: {"script":"return (function isElementDisplayed(element) {\n    function nodeIsElement(node) {\n        if (!node) {\n            return false;\n        }\n        switch (node.nodeType) {\n            case Node.ELEMEN ... (7807 more bytes)","args":[{"element-6066-11e4-a52e-4f735466cecf":"CD462B661F9B98642CB4FA4CDF135D29_element_1207","ELEMENT":"CD462B661F9B98642CB4FA4CDF135D29_element_1207"}]}
COMMAND: POST /session/25bf4f67d8815c80d9572ddea7d38d49/element - {"using":"css selector","value":".govuk-heading-xl"}
RESULT: {"using":"css selector","value":".govuk-heading-xl"}
COMMAND: GET /session/25bf4f67d8815c80d9572ddea7d38d49/element/CD462B661F9B98642CB4FA4CDF135D29_element_1207/text - {}
RESULT: {}
COMMAND: POST /session/25bf4f67d8815c80d9572ddea7d38d49/element - {"using":"xpath","value":".//caption[contains(., \"Invoice\") and not(.//caption)]"}
RESULT: {"using":"xpath","value":".//caption[contains(., \"Invoice\") and not(.//caption)]"}
COMMAND: POST /session/25bf4f67d8815c80d9572ddea7d38d49/execute/sync - {"script":"return (function (elem, id) {\n        return (function parentElement() {\n        return this.parentElement;\n    }).call(elem, id);\n    }).apply(null, arguments)","args":[{"element-6066-11e4-a52e-4f735466cecf":"CD462B661F9B98642CB4FA4CDF135D29_element_1208","ELEMENT":"CD462B661F9B98642CB4FA4CDF135D29_element_1208"}]}
RESULT: {"script":"return (function (elem, id) {\n        return (function parentElement() {\n        return this.parentElement;\n    }).call(elem, id);\n    }).apply(null, arguments)","args":[{"element-6066-11e4-a52e-4f735466cecf":"CD462B661F9B98642CB4FA4CDF135D29_element_1208","ELEMENT":"CD462B661F9B98642CB4FA4CDF135D29_element_1208"}]}
COMMAND: POST /session/25bf4f67d8815c80d9572ddea7d38d49/execute/sync - {"script":"return (function isElementDisplayed(element) {\n    function nodeIsElement(node) {\n        if (!node) {\n            return false;\n        }\n        switch (node.nodeType) {\n            case Node.ELEMEN ... (7807 more bytes)","args":[{"element-6066-11e4-a52e-4f735466cecf":"CD462B661F9B98642CB4FA4CDF135D29_element_1209","ELEMENT":"CD462B661F9B98642CB4FA4CDF135D29_element_1209"}]}
RESULT: {"script":"return (function isElementDisplayed(element) {\n    function nodeIsElement(node) {\n        if (!node) {\n            return false;\n        }\n        switch (node.nodeType) {\n            case Node.ELEMEN ... (7807 more bytes)","args":[{"element-6066-11e4-a52e-4f735466cecf":"CD462B661F9B98642CB4FA4CDF135D29_element_1209","ELEMENT":"CD462B661F9B98642CB4FA4CDF135D29_element_1209"}]}
COMMAND: POST /session/25bf4f67d8815c80d9572ddea7d38d49/element/CD462B661F9B98642CB4FA4CDF135D29_element_1209/elements - {"using":"css selector","value":"tbody tr"}
RESULT: {"using":"css selector","value":"tbody tr"}
COMMAND: POST /session/25bf4f67d8815c80d9572ddea7d38d49/element/CD462B661F9B98642CB4FA4CDF135D29_element_1209/element - {"using":"css selector","value":"thead tr"}
RESULT: {"using":"css selector","value":"thead tr"}
COMMAND: POST /session/25bf4f67d8815c80d9572ddea7d38d49/element/CD462B661F9B98642CB4FA4CDF135D29_element_1211/elements - {"using":"css selector","value":"th"}
RESULT: {"using":"css selector","value":"th"}
COMMAND: GET /session/25bf4f67d8815c80d9572ddea7d38d49/element/CD462B661F9B98642CB4FA4CDF135D29_element_1212/text - {}
COMMAND: GET /session/25bf4f67d8815c80d9572ddea7d38d49/element/CD462B661F9B98642CB4FA4CDF135D29_element_1213/text - {}
COMMAND: GET /session/25bf4f67d8815c80d9572ddea7d38d49/element/CD462B661F9B98642CB4FA4CDF135D29_element_1215/text - {}
COMMAND: GET /session/25bf4f67d8815c80d9572ddea7d38d49/element/CD462B661F9B98642CB4FA4CDF135D29_element_1214/text - {}
COMMAND: GET /session/25bf4f67d8815c80d9572ddea7d38d49/element/CD462B661F9B98642CB4FA4CDF135D29_element_1216/text - {}
RESULT: {}
RESULT: {}
RESULT: {}
RESULT: {}
RESULT: {}
COMMAND: POST /session/25bf4f67d8815c80d9572ddea7d38d49/element/CD462B661F9B98642CB4FA4CDF135D29_element_1210/elements - {"using":"css selector","value":"th,td"}
RESULT: {"using":"css selector","value":"th,td"}
COMMAND: GET /session/25bf4f67d8815c80d9572ddea7d38d49/element/CD462B661F9B98642CB4FA4CDF135D29_element_1217/text - {}
RESULT: {}
COMMAND: GET /session/25bf4f67d8815c80d9572ddea7d38d49/element/CD462B661F9B98642CB4FA4CDF135D29_element_1218/text - {}
RESULT: {}
COMMAND: GET /session/25bf4f67d8815c80d9572ddea7d38d49/element/CD462B661F9B98642CB4FA4CDF135D29_element_1219/text - {}
RESULT: {}
COMMAND: GET /session/25bf4f67d8815c80d9572ddea7d38d49/element/CD462B661F9B98642CB4FA4CDF135D29_element_1220/text - {}
RESULT: {}
COMMAND: GET /session/25bf4f67d8815c80d9572ddea7d38d49/element/CD462B661F9B98642CB4FA4CDF135D29_element_1221/text - {}
RESULT: {}
COMMAND: DELETE /session/25bf4f67d8815c80d9572ddea7d38d49 - {}
RESULT: {}
]]></system-out>
      <system-err><![CDATA[
Error: expect(received).toEqual(expected) // deep equality

Expected: "Six Data Validation Application"
Received: "Total"
    at expectEqual (file:///home/runner/work/di-billing-transaction-monitoring/di-billing-transaction-monitoring/ui-tests/utils/customTestAssertion.ts:12:20)
    at assertInvoiceTableData (file:///home/runner/work/di-billing-transaction-monitoring/di-billing-transaction-monitoring/ui-tests/specs/invoice.spec.ts:220:3)
    at validateTableDataWithAssertions (file:///home/runner/work/di-billing-transaction-monitoring/di-billing-transaction-monitoring/ui-tests/specs/invoice.spec.ts:154:5)
    at runMicrotasks (<anonymous>)
    at processTicksAndRejections (node:internal/process/task_queues:96:5)
    at async Context.<anonymous> (file:///home/runner/work/di-billing-transaction-monitoring/di-billing-transaction-monitoring/ui-tests/specs/invoice.spec.ts:130:9)
]]></system-err>
    </testcase>
  </testsuite>
</testsuites>