<?xml version="1.0" encoding="UTF-8"?>
<testsuites>
  <testsuite name="Invoice Page Test" timestamp="2023-10-11T08:53:30" time="89.153" tests="0" failures="0" errors="0" skipped="0">
    <properties>
      <property name="specId" value="0"/>
      <property name="suiteName" value="Invoice Page Test"/>
      <property name="capabilities" value="chrome.117_0_5938_132.linux"/>
      <property name="file" value="file://./ui-tests/specs/invoice.spec.ts"/>
    </properties>
  </testsuite>
  <testsuite name="Vendor Vendor Three Invoice 2005 09" timestamp="2023-10-11T08:53:30" time="14.277" tests="6" failures="0" errors="0" skipped="0">
    <properties>
      <property name="specId" value="0"/>
      <property name="suiteName" value="Vendor: Vendor Three,Invoice:2005-09"/>
      <property name="capabilities" value="chrome.117_0_5938_132.linux"/>
      <property name="file" value="file://./ui-tests/specs/invoice.spec.ts"/>
    </properties>
    <testcase classname="chrome.117_0_5938_132.linux.Invoice_Page_Test.Vendor:_Vendor_Three,Invoice:2005-09" name="should display correct status banner color and message" time="7.32">
      <system-out><![CDATA[
COMMAND: POST /session/1fb33260729dd37bb95608e0eaa2a1ec/url - {"url":"https://pr-509.btm.dev.account.gov.uk/contracts/3/invoices/2005-09"}
RESULT: {"url":"https://pr-509.btm.dev.account.gov.uk/contracts/3/invoices/2005-09"}
COMMAND: POST /session/1fb33260729dd37bb95608e0eaa2a1ec/execute/sync - {"script":"return (() => document.readyState === \"complete\").apply(null, arguments)","args":[]}
RESULT: {"script":"return (() => document.readyState === \"complete\").apply(null, arguments)","args":[]}
COMMAND: GET /session/1fb33260729dd37bb95608e0eaa2a1ec/url - {}
RESULT: {}
COMMAND: POST /session/1fb33260729dd37bb95608e0eaa2a1ec/element - {"using":"css selector","value":".govuk-heading-xl"}
RESULT: {"using":"css selector","value":".govuk-heading-xl"}
COMMAND: POST /session/1fb33260729dd37bb95608e0eaa2a1ec/execute/sync - {"script":"return (function isElementDisplayed(element) {\n    function nodeIsElement(node) {\n        if (!node) {\n            return false;\n        }\n        switch (node.nodeType) {\n            case Node.ELEMEN ... (7807 more bytes)","args":[{"element-6066-11e4-a52e-4f735466cecf":"12668739618839250BEA8BEC8B6EA990_element_5","ELEMENT":"12668739618839250BEA8BEC8B6EA990_element_5"}]}
RESULT: {"script":"return (function isElementDisplayed(element) {\n    function nodeIsElement(node) {\n        if (!node) {\n            return false;\n        }\n        switch (node.nodeType) {\n            case Node.ELEMEN ... (7807 more bytes)","args":[{"element-6066-11e4-a52e-4f735466cecf":"12668739618839250BEA8BEC8B6EA990_element_5","ELEMENT":"12668739618839250BEA8BEC8B6EA990_element_5"}]}
COMMAND: POST /session/1fb33260729dd37bb95608e0eaa2a1ec/element - {"using":"css selector","value":".govuk-heading-xl"}
RESULT: {"using":"css selector","value":".govuk-heading-xl"}
COMMAND: GET /session/1fb33260729dd37bb95608e0eaa2a1ec/element/12668739618839250BEA8BEC8B6EA990_element_5/text - {}
RESULT: {}
COMMAND: POST /session/1fb33260729dd37bb95608e0eaa2a1ec/element - {"using":"css selector","value":"h2.govuk-panel__title"}
RESULT: {"using":"css selector","value":"h2.govuk-panel__title"}
COMMAND: POST /session/1fb33260729dd37bb95608e0eaa2a1ec/execute/sync - {"script":"return (function isElementDisplayed(element) {\n    function nodeIsElement(node) {\n        if (!node) {\n            return false;\n        }\n        switch (node.nodeType) {\n            case Node.ELEMEN ... (7807 more bytes)","args":[{"element-6066-11e4-a52e-4f735466cecf":"12668739618839250BEA8BEC8B6EA990_element_6","ELEMENT":"12668739618839250BEA8BEC8B6EA990_element_6"}]}
RESULT: {"script":"return (function isElementDisplayed(element) {\n    function nodeIsElement(node) {\n        if (!node) {\n            return false;\n        }\n        switch (node.nodeType) {\n            case Node.ELEMEN ... (7807 more bytes)","args":[{"element-6066-11e4-a52e-4f735466cecf":"12668739618839250BEA8BEC8B6EA990_element_6","ELEMENT":"12668739618839250BEA8BEC8B6EA990_element_6"}]}
COMMAND: POST /session/1fb33260729dd37bb95608e0eaa2a1ec/element - {"using":"css selector","value":"h2.govuk-panel__title"}
RESULT: {"using":"css selector","value":"h2.govuk-panel__title"}
COMMAND: GET /session/1fb33260729dd37bb95608e0eaa2a1ec/element/12668739618839250BEA8BEC8B6EA990_element_6/text - {}
RESULT: {}
COMMAND: POST /session/1fb33260729dd37bb95608e0eaa2a1ec/element - {"using":"css selector","value":".govuk-panel"}
RESULT: {"using":"css selector","value":".govuk-panel"}
COMMAND: POST /session/1fb33260729dd37bb95608e0eaa2a1ec/execute/sync - {"script":"return (function isElementDisplayed(element) {\n    function nodeIsElement(node) {\n        if (!node) {\n            return false;\n        }\n        switch (node.nodeType) {\n            case Node.ELEMEN ... (7807 more bytes)","args":[{"element-6066-11e4-a52e-4f735466cecf":"12668739618839250BEA8BEC8B6EA990_element_3","ELEMENT":"12668739618839250BEA8BEC8B6EA990_element_3"}]}
RESULT: {"script":"return (function isElementDisplayed(element) {\n    function nodeIsElement(node) {\n        if (!node) {\n            return false;\n        }\n        switch (node.nodeType) {\n            case Node.ELEMEN ... (7807 more bytes)","args":[{"element-6066-11e4-a52e-4f735466cecf":"12668739618839250BEA8BEC8B6EA990_element_3","ELEMENT":"12668739618839250BEA8BEC8B6EA990_element_3"}]}
COMMAND: GET /session/1fb33260729dd37bb95608e0eaa2a1ec/element/12668739618839250BEA8BEC8B6EA990_element_3/css/background-color - {}
RESULT: {}
]]></system-out>
    </testcase>
    <testcase classname="chrome.117_0_5938_132.linux.Invoice_Page_Test.Vendor:_Vendor_Three,Invoice:2005-09" name="should validate reconciliation table data" time="0.844">
      <system-out><![CDATA[
COMMAND: POST /session/1fb33260729dd37bb95608e0eaa2a1ec/url - {"url":"https://pr-509.btm.dev.account.gov.uk/contracts/3/invoices/2005-09"}
RESULT: {"url":"https://pr-509.btm.dev.account.gov.uk/contracts/3/invoices/2005-09"}
COMMAND: POST /session/1fb33260729dd37bb95608e0eaa2a1ec/execute/sync - {"script":"return (() => document.readyState === \"complete\").apply(null, arguments)","args":[]}
RESULT: {"script":"return (() => document.readyState === \"complete\").apply(null, arguments)","args":[]}
COMMAND: GET /session/1fb33260729dd37bb95608e0eaa2a1ec/url - {}
RESULT: {}
COMMAND: POST /session/1fb33260729dd37bb95608e0eaa2a1ec/element - {"using":"css selector","value":".govuk-heading-xl"}
RESULT: {"using":"css selector","value":".govuk-heading-xl"}
COMMAND: POST /session/1fb33260729dd37bb95608e0eaa2a1ec/execute/sync - {"script":"return (function isElementDisplayed(element) {\n    function nodeIsElement(node) {\n        if (!node) {\n            return false;\n        }\n        switch (node.nodeType) {\n            case Node.ELEMEN ... (7807 more bytes)","args":[{"element-6066-11e4-a52e-4f735466cecf":"93A502B5C8135EC67F6C0CD6EEF5EB33_element_9","ELEMENT":"93A502B5C8135EC67F6C0CD6EEF5EB33_element_9"}]}
RESULT: {"script":"return (function isElementDisplayed(element) {\n    function nodeIsElement(node) {\n        if (!node) {\n            return false;\n        }\n        switch (node.nodeType) {\n            case Node.ELEMEN ... (7807 more bytes)","args":[{"element-6066-11e4-a52e-4f735466cecf":"93A502B5C8135EC67F6C0CD6EEF5EB33_element_9","ELEMENT":"93A502B5C8135EC67F6C0CD6EEF5EB33_element_9"}]}
COMMAND: POST /session/1fb33260729dd37bb95608e0eaa2a1ec/element - {"using":"css selector","value":".govuk-heading-xl"}
RESULT: {"using":"css selector","value":".govuk-heading-xl"}
COMMAND: GET /session/1fb33260729dd37bb95608e0eaa2a1ec/element/93A502B5C8135EC67F6C0CD6EEF5EB33_element_9/text - {}
RESULT: {}
COMMAND: POST /session/1fb33260729dd37bb95608e0eaa2a1ec/element - {"using":"xpath","value":".//caption[contains(., \"Reconciliation\") and not(.//caption)]"}
RESULT: {"using":"xpath","value":".//caption[contains(., \"Reconciliation\") and not(.//caption)]"}
COMMAND: POST /session/1fb33260729dd37bb95608e0eaa2a1ec/execute/sync - {"script":"return (function (elem, id) {\n        return (function parentElement() {\n        return this.parentElement;\n    }).call(elem, id);\n    }).apply(null, arguments)","args":[{"element-6066-11e4-a52e-4f735466cecf":"93A502B5C8135EC67F6C0CD6EEF5EB33_element_10","ELEMENT":"93A502B5C8135EC67F6C0CD6EEF5EB33_element_10"}]}
RESULT: {"script":"return (function (elem, id) {\n        return (function parentElement() {\n        return this.parentElement;\n    }).call(elem, id);\n    }).apply(null, arguments)","args":[{"element-6066-11e4-a52e-4f735466cecf":"93A502B5C8135EC67F6C0CD6EEF5EB33_element_10","ELEMENT":"93A502B5C8135EC67F6C0CD6EEF5EB33_element_10"}]}
COMMAND: POST /session/1fb33260729dd37bb95608e0eaa2a1ec/execute/sync - {"script":"return (function isElementDisplayed(element) {\n    function nodeIsElement(node) {\n        if (!node) {\n            return false;\n        }\n        switch (node.nodeType) {\n            case Node.ELEMEN ... (7807 more bytes)","args":[{"element-6066-11e4-a52e-4f735466cecf":"93A502B5C8135EC67F6C0CD6EEF5EB33_element_11","ELEMENT":"93A502B5C8135EC67F6C0CD6EEF5EB33_element_11"}]}
RESULT: {"script":"return (function isElementDisplayed(element) {\n    function nodeIsElement(node) {\n        if (!node) {\n            return false;\n        }\n        switch (node.nodeType) {\n            case Node.ELEMEN ... (7807 more bytes)","args":[{"element-6066-11e4-a52e-4f735466cecf":"93A502B5C8135EC67F6C0CD6EEF5EB33_element_11","ELEMENT":"93A502B5C8135EC67F6C0CD6EEF5EB33_element_11"}]}
COMMAND: POST /session/1fb33260729dd37bb95608e0eaa2a1ec/element/93A502B5C8135EC67F6C0CD6EEF5EB33_element_11/elements - {"using":"css selector","value":"tbody tr"}
RESULT: {"using":"css selector","value":"tbody tr"}
COMMAND: POST /session/1fb33260729dd37bb95608e0eaa2a1ec/element/93A502B5C8135EC67F6C0CD6EEF5EB33_element_11/element - {"using":"css selector","value":"thead tr"}
RESULT: {"using":"css selector","value":"thead tr"}
COMMAND: POST /session/1fb33260729dd37bb95608e0eaa2a1ec/element/93A502B5C8135EC67F6C0CD6EEF5EB33_element_13/elements - {"using":"css selector","value":"th"}
RESULT: {"using":"css selector","value":"th"}
COMMAND: GET /session/1fb33260729dd37bb95608e0eaa2a1ec/element/93A502B5C8135EC67F6C0CD6EEF5EB33_element_14/text - {}
COMMAND: GET /session/1fb33260729dd37bb95608e0eaa2a1ec/element/93A502B5C8135EC67F6C0CD6EEF5EB33_element_15/text - {}
COMMAND: GET /session/1fb33260729dd37bb95608e0eaa2a1ec/element/93A502B5C8135EC67F6C0CD6EEF5EB33_element_17/text - {}
COMMAND: GET /session/1fb33260729dd37bb95608e0eaa2a1ec/element/93A502B5C8135EC67F6C0CD6EEF5EB33_element_16/text - {}
COMMAND: GET /session/1fb33260729dd37bb95608e0eaa2a1ec/element/93A502B5C8135EC67F6C0CD6EEF5EB33_element_18/text - {}
RESULT: {}
RESULT: {}
RESULT: {}
RESULT: {}
RESULT: {}
COMMAND: POST /session/1fb33260729dd37bb95608e0eaa2a1ec/element/93A502B5C8135EC67F6C0CD6EEF5EB33_element_12/elements - {"using":"css selector","value":"th,td"}
RESULT: {"using":"css selector","value":"th,td"}
COMMAND: GET /session/1fb33260729dd37bb95608e0eaa2a1ec/element/93A502B5C8135EC67F6C0CD6EEF5EB33_element_19/text - {}
RESULT: {}
COMMAND: GET /session/1fb33260729dd37bb95608e0eaa2a1ec/element/93A502B5C8135EC67F6C0CD6EEF5EB33_element_20/text - {}
RESULT: {}
COMMAND: GET /session/1fb33260729dd37bb95608e0eaa2a1ec/element/93A502B5C8135EC67F6C0CD6EEF5EB33_element_21/text - {}
RESULT: {}
COMMAND: GET /session/1fb33260729dd37bb95608e0eaa2a1ec/element/93A502B5C8135EC67F6C0CD6EEF5EB33_element_22/text - {}
RESULT: {}
COMMAND: GET /session/1fb33260729dd37bb95608e0eaa2a1ec/element/93A502B5C8135EC67F6C0CD6EEF5EB33_element_23/text - {}
RESULT: {}
]]></system-out>
    </testcase>
    <testcase classname="chrome.117_0_5938_132.linux.Invoice_Page_Test.Vendor:_Vendor_Three,Invoice:2005-09" name="should validate quantity events table data" time="1.993">
      <system-out><![CDATA[
COMMAND: POST /session/1fb33260729dd37bb95608e0eaa2a1ec/url - {"url":"https://pr-509.btm.dev.account.gov.uk/contracts/3/invoices/2005-09"}
RESULT: {"url":"https://pr-509.btm.dev.account.gov.uk/contracts/3/invoices/2005-09"}
COMMAND: POST /session/1fb33260729dd37bb95608e0eaa2a1ec/execute/sync - {"script":"return (() => document.readyState === \"complete\").apply(null, arguments)","args":[]}
RESULT: {"script":"return (() => document.readyState === \"complete\").apply(null, arguments)","args":[]}
COMMAND: GET /session/1fb33260729dd37bb95608e0eaa2a1ec/url - {}
RESULT: {}
COMMAND: POST /session/1fb33260729dd37bb95608e0eaa2a1ec/element - {"using":"css selector","value":".govuk-heading-xl"}
RESULT: {"using":"css selector","value":".govuk-heading-xl"}
COMMAND: POST /session/1fb33260729dd37bb95608e0eaa2a1ec/execute/sync - {"script":"return (function isElementDisplayed(element) {\n    function nodeIsElement(node) {\n        if (!node) {\n            return false;\n        }\n        switch (node.nodeType) {\n            case Node.ELEMEN ... (7807 more bytes)","args":[{"element-6066-11e4-a52e-4f735466cecf":"E88EEBF86A9B96F23A7A7C5C0CC40285_element_26","ELEMENT":"E88EEBF86A9B96F23A7A7C5C0CC40285_element_26"}]}
RESULT: {"script":"return (function isElementDisplayed(element) {\n    function nodeIsElement(node) {\n        if (!node) {\n            return false;\n        }\n        switch (node.nodeType) {\n            case Node.ELEMEN ... (7807 more bytes)","args":[{"element-6066-11e4-a52e-4f735466cecf":"E88EEBF86A9B96F23A7A7C5C0CC40285_element_26","ELEMENT":"E88EEBF86A9B96F23A7A7C5C0CC40285_element_26"}]}
COMMAND: POST /session/1fb33260729dd37bb95608e0eaa2a1ec/element - {"using":"css selector","value":".govuk-heading-xl"}
RESULT: {"using":"css selector","value":".govuk-heading-xl"}
COMMAND: GET /session/1fb33260729dd37bb95608e0eaa2a1ec/element/E88EEBF86A9B96F23A7A7C5C0CC40285_element_26/text - {}
RESULT: {}
COMMAND: POST /session/1fb33260729dd37bb95608e0eaa2a1ec/element - {"using":"xpath","value":".//caption[contains(., \"Quantity (events)\") and not(.//caption)]"}
RESULT: {"using":"xpath","value":".//caption[contains(., \"Quantity (events)\") and not(.//caption)]"}
COMMAND: POST /session/1fb33260729dd37bb95608e0eaa2a1ec/execute/sync - {"script":"return (function (elem, id) {\n        return (function parentElement() {\n        return this.parentElement;\n    }).call(elem, id);\n    }).apply(null, arguments)","args":[{"element-6066-11e4-a52e-4f735466cecf":"E88EEBF86A9B96F23A7A7C5C0CC40285_element_27","ELEMENT":"E88EEBF86A9B96F23A7A7C5C0CC40285_element_27"}]}
RESULT: {"script":"return (function (elem, id) {\n        return (function parentElement() {\n        return this.parentElement;\n    }).call(elem, id);\n    }).apply(null, arguments)","args":[{"element-6066-11e4-a52e-4f735466cecf":"E88EEBF86A9B96F23A7A7C5C0CC40285_element_27","ELEMENT":"E88EEBF86A9B96F23A7A7C5C0CC40285_element_27"}]}
COMMAND: POST /session/1fb33260729dd37bb95608e0eaa2a1ec/execute/sync - {"script":"return (function isElementDisplayed(element) {\n    function nodeIsElement(node) {\n        if (!node) {\n            return false;\n        }\n        switch (node.nodeType) {\n            case Node.ELEMEN ... (7807 more bytes)","args":[{"element-6066-11e4-a52e-4f735466cecf":"E88EEBF86A9B96F23A7A7C5C0CC40285_element_28","ELEMENT":"E88EEBF86A9B96F23A7A7C5C0CC40285_element_28"}]}
RESULT: {"script":"return (function isElementDisplayed(element) {\n    function nodeIsElement(node) {\n        if (!node) {\n            return false;\n        }\n        switch (node.nodeType) {\n            case Node.ELEMEN ... (7807 more bytes)","args":[{"element-6066-11e4-a52e-4f735466cecf":"E88EEBF86A9B96F23A7A7C5C0CC40285_element_28","ELEMENT":"E88EEBF86A9B96F23A7A7C5C0CC40285_element_28"}]}
COMMAND: POST /session/1fb33260729dd37bb95608e0eaa2a1ec/element/E88EEBF86A9B96F23A7A7C5C0CC40285_element_28/elements - {"using":"css selector","value":"tbody tr"}
RESULT: {"using":"css selector","value":"tbody tr"}
COMMAND: POST /session/1fb33260729dd37bb95608e0eaa2a1ec/element/E88EEBF86A9B96F23A7A7C5C0CC40285_element_28/element - {"using":"css selector","value":"thead tr"}
RESULT: {"using":"css selector","value":"thead tr"}
COMMAND: POST /session/1fb33260729dd37bb95608e0eaa2a1ec/element/E88EEBF86A9B96F23A7A7C5C0CC40285_element_30/elements - {"using":"css selector","value":"th"}
RESULT: {"using":"css selector","value":"th"}
COMMAND: GET /session/1fb33260729dd37bb95608e0eaa2a1ec/element/E88EEBF86A9B96F23A7A7C5C0CC40285_element_31/text - {}
COMMAND: GET /session/1fb33260729dd37bb95608e0eaa2a1ec/element/E88EEBF86A9B96F23A7A7C5C0CC40285_element_32/text - {}
COMMAND: GET /session/1fb33260729dd37bb95608e0eaa2a1ec/element/E88EEBF86A9B96F23A7A7C5C0CC40285_element_34/text - {}
COMMAND: GET /session/1fb33260729dd37bb95608e0eaa2a1ec/element/E88EEBF86A9B96F23A7A7C5C0CC40285_element_33/text - {}
RESULT: {}
RESULT: {}
RESULT: {}
RESULT: {}
COMMAND: POST /session/1fb33260729dd37bb95608e0eaa2a1ec/element/E88EEBF86A9B96F23A7A7C5C0CC40285_element_29/elements - {"using":"css selector","value":"th,td"}
RESULT: {"using":"css selector","value":"th,td"}
COMMAND: GET /session/1fb33260729dd37bb95608e0eaa2a1ec/element/E88EEBF86A9B96F23A7A7C5C0CC40285_element_35/text - {}
RESULT: {}
COMMAND: GET /session/1fb33260729dd37bb95608e0eaa2a1ec/element/E88EEBF86A9B96F23A7A7C5C0CC40285_element_36/text - {}
RESULT: {}
COMMAND: GET /session/1fb33260729dd37bb95608e0eaa2a1ec/element/E88EEBF86A9B96F23A7A7C5C0CC40285_element_37/text - {}
RESULT: {}
COMMAND: GET /session/1fb33260729dd37bb95608e0eaa2a1ec/element/E88EEBF86A9B96F23A7A7C5C0CC40285_element_38/text - {}
RESULT: {}
]]></system-out>
    </testcase>
    <testcase classname="chrome.117_0_5938_132.linux.Invoice_Page_Test.Vendor:_Vendor_Three,Invoice:2005-09" name="should validate price table data" time="1.842">
      <system-out><![CDATA[
COMMAND: POST /session/1fb33260729dd37bb95608e0eaa2a1ec/url - {"url":"https://pr-509.btm.dev.account.gov.uk/contracts/3/invoices/2005-09"}
RESULT: {"url":"https://pr-509.btm.dev.account.gov.uk/contracts/3/invoices/2005-09"}
COMMAND: POST /session/1fb33260729dd37bb95608e0eaa2a1ec/execute/sync - {"script":"return (() => document.readyState === \"complete\").apply(null, arguments)","args":[]}
RESULT: {"script":"return (() => document.readyState === \"complete\").apply(null, arguments)","args":[]}
COMMAND: GET /session/1fb33260729dd37bb95608e0eaa2a1ec/url - {}
RESULT: {}
COMMAND: POST /session/1fb33260729dd37bb95608e0eaa2a1ec/element - {"using":"css selector","value":".govuk-heading-xl"}
RESULT: {"using":"css selector","value":".govuk-heading-xl"}
COMMAND: POST /session/1fb33260729dd37bb95608e0eaa2a1ec/execute/sync - {"script":"return (function isElementDisplayed(element) {\n    function nodeIsElement(node) {\n        if (!node) {\n            return false;\n        }\n        switch (node.nodeType) {\n            case Node.ELEMEN ... (7807 more bytes)","args":[{"element-6066-11e4-a52e-4f735466cecf":"D237DF16D99C127854C527D4048D0A6C_element_41","ELEMENT":"D237DF16D99C127854C527D4048D0A6C_element_41"}]}
RESULT: {"script":"return (function isElementDisplayed(element) {\n    function nodeIsElement(node) {\n        if (!node) {\n            return false;\n        }\n        switch (node.nodeType) {\n            case Node.ELEMEN ... (7807 more bytes)","args":[{"element-6066-11e4-a52e-4f735466cecf":"D237DF16D99C127854C527D4048D0A6C_element_41","ELEMENT":"D237DF16D99C127854C527D4048D0A6C_element_41"}]}
COMMAND: POST /session/1fb33260729dd37bb95608e0eaa2a1ec/element - {"using":"css selector","value":".govuk-heading-xl"}
RESULT: {"using":"css selector","value":".govuk-heading-xl"}
COMMAND: GET /session/1fb33260729dd37bb95608e0eaa2a1ec/element/D237DF16D99C127854C527D4048D0A6C_element_41/text - {}
RESULT: {}
COMMAND: POST /session/1fb33260729dd37bb95608e0eaa2a1ec/element - {"using":"xpath","value":".//caption[contains(., \"Price\") and not(.//caption)]"}
RESULT: {"using":"xpath","value":".//caption[contains(., \"Price\") and not(.//caption)]"}
COMMAND: POST /session/1fb33260729dd37bb95608e0eaa2a1ec/execute/sync - {"script":"return (function (elem, id) {\n        return (function parentElement() {\n        return this.parentElement;\n    }).call(elem, id);\n    }).apply(null, arguments)","args":[{"element-6066-11e4-a52e-4f735466cecf":"D237DF16D99C127854C527D4048D0A6C_element_42","ELEMENT":"D237DF16D99C127854C527D4048D0A6C_element_42"}]}
RESULT: {"script":"return (function (elem, id) {\n        return (function parentElement() {\n        return this.parentElement;\n    }).call(elem, id);\n    }).apply(null, arguments)","args":[{"element-6066-11e4-a52e-4f735466cecf":"D237DF16D99C127854C527D4048D0A6C_element_42","ELEMENT":"D237DF16D99C127854C527D4048D0A6C_element_42"}]}
COMMAND: POST /session/1fb33260729dd37bb95608e0eaa2a1ec/execute/sync - {"script":"return (function isElementDisplayed(element) {\n    function nodeIsElement(node) {\n        if (!node) {\n            return false;\n        }\n        switch (node.nodeType) {\n            case Node.ELEMEN ... (7807 more bytes)","args":[{"element-6066-11e4-a52e-4f735466cecf":"D237DF16D99C127854C527D4048D0A6C_element_43","ELEMENT":"D237DF16D99C127854C527D4048D0A6C_element_43"}]}
RESULT: {"script":"return (function isElementDisplayed(element) {\n    function nodeIsElement(node) {\n        if (!node) {\n            return false;\n        }\n        switch (node.nodeType) {\n            case Node.ELEMEN ... (7807 more bytes)","args":[{"element-6066-11e4-a52e-4f735466cecf":"D237DF16D99C127854C527D4048D0A6C_element_43","ELEMENT":"D237DF16D99C127854C527D4048D0A6C_element_43"}]}
COMMAND: POST /session/1fb33260729dd37bb95608e0eaa2a1ec/element/D237DF16D99C127854C527D4048D0A6C_element_43/elements - {"using":"css selector","value":"tbody tr"}
RESULT: {"using":"css selector","value":"tbody tr"}
COMMAND: POST /session/1fb33260729dd37bb95608e0eaa2a1ec/element/D237DF16D99C127854C527D4048D0A6C_element_43/element - {"using":"css selector","value":"thead tr"}
RESULT: {"using":"css selector","value":"thead tr"}
COMMAND: POST /session/1fb33260729dd37bb95608e0eaa2a1ec/element/D237DF16D99C127854C527D4048D0A6C_element_45/elements - {"using":"css selector","value":"th"}
RESULT: {"using":"css selector","value":"th"}
COMMAND: GET /session/1fb33260729dd37bb95608e0eaa2a1ec/element/D237DF16D99C127854C527D4048D0A6C_element_46/text - {}
COMMAND: GET /session/1fb33260729dd37bb95608e0eaa2a1ec/element/D237DF16D99C127854C527D4048D0A6C_element_47/text - {}
COMMAND: GET /session/1fb33260729dd37bb95608e0eaa2a1ec/element/D237DF16D99C127854C527D4048D0A6C_element_49/text - {}
COMMAND: GET /session/1fb33260729dd37bb95608e0eaa2a1ec/element/D237DF16D99C127854C527D4048D0A6C_element_48/text - {}
RESULT: {}
RESULT: {}
RESULT: {}
RESULT: {}
COMMAND: POST /session/1fb33260729dd37bb95608e0eaa2a1ec/element/D237DF16D99C127854C527D4048D0A6C_element_44/elements - {"using":"css selector","value":"th,td"}
RESULT: {"using":"css selector","value":"th,td"}
COMMAND: GET /session/1fb33260729dd37bb95608e0eaa2a1ec/element/D237DF16D99C127854C527D4048D0A6C_element_50/text - {}
RESULT: {}
COMMAND: GET /session/1fb33260729dd37bb95608e0eaa2a1ec/element/D237DF16D99C127854C527D4048D0A6C_element_51/text - {}
RESULT: {}
COMMAND: GET /session/1fb33260729dd37bb95608e0eaa2a1ec/element/D237DF16D99C127854C527D4048D0A6C_element_52/text - {}
RESULT: {}
COMMAND: GET /session/1fb33260729dd37bb95608e0eaa2a1ec/element/D237DF16D99C127854C527D4048D0A6C_element_53/text - {}
RESULT: {}
]]></system-out>
    </testcase>
    <testcase classname="chrome.117_0_5938_132.linux.Invoice_Page_Test.Vendor:_Vendor_Three,Invoice:2005-09" name="should validate measured events table data" time="1.486">
      <system-out><![CDATA[
COMMAND: POST /session/1fb33260729dd37bb95608e0eaa2a1ec/url - {"url":"https://pr-509.btm.dev.account.gov.uk/contracts/3/invoices/2005-09"}
RESULT: {"url":"https://pr-509.btm.dev.account.gov.uk/contracts/3/invoices/2005-09"}
COMMAND: POST /session/1fb33260729dd37bb95608e0eaa2a1ec/execute/sync - {"script":"return (() => document.readyState === \"complete\").apply(null, arguments)","args":[]}
RESULT: {"script":"return (() => document.readyState === \"complete\").apply(null, arguments)","args":[]}
COMMAND: GET /session/1fb33260729dd37bb95608e0eaa2a1ec/url - {}
RESULT: {}
COMMAND: POST /session/1fb33260729dd37bb95608e0eaa2a1ec/element - {"using":"css selector","value":".govuk-heading-xl"}
RESULT: {"using":"css selector","value":".govuk-heading-xl"}
COMMAND: POST /session/1fb33260729dd37bb95608e0eaa2a1ec/execute/sync - {"script":"return (function isElementDisplayed(element) {\n    function nodeIsElement(node) {\n        if (!node) {\n            return false;\n        }\n        switch (node.nodeType) {\n            case Node.ELEMEN ... (7807 more bytes)","args":[{"element-6066-11e4-a52e-4f735466cecf":"A249EE61A2D5D648BBB66684B18BCDEC_element_56","ELEMENT":"A249EE61A2D5D648BBB66684B18BCDEC_element_56"}]}
RESULT: {"script":"return (function isElementDisplayed(element) {\n    function nodeIsElement(node) {\n        if (!node) {\n            return false;\n        }\n        switch (node.nodeType) {\n            case Node.ELEMEN ... (7807 more bytes)","args":[{"element-6066-11e4-a52e-4f735466cecf":"A249EE61A2D5D648BBB66684B18BCDEC_element_56","ELEMENT":"A249EE61A2D5D648BBB66684B18BCDEC_element_56"}]}
COMMAND: POST /session/1fb33260729dd37bb95608e0eaa2a1ec/element - {"using":"css selector","value":".govuk-heading-xl"}
RESULT: {"using":"css selector","value":".govuk-heading-xl"}
COMMAND: GET /session/1fb33260729dd37bb95608e0eaa2a1ec/element/A249EE61A2D5D648BBB66684B18BCDEC_element_56/text - {}
RESULT: {}
COMMAND: POST /session/1fb33260729dd37bb95608e0eaa2a1ec/element - {"using":"xpath","value":".//caption[contains(., \"Measured (events)\") and not(.//caption)]"}
RESULT: {"using":"xpath","value":".//caption[contains(., \"Measured (events)\") and not(.//caption)]"}
COMMAND: POST /session/1fb33260729dd37bb95608e0eaa2a1ec/execute/sync - {"script":"return (function (elem, id) {\n        return (function parentElement() {\n        return this.parentElement;\n    }).call(elem, id);\n    }).apply(null, arguments)","args":[{"element-6066-11e4-a52e-4f735466cecf":"A249EE61A2D5D648BBB66684B18BCDEC_element_57","ELEMENT":"A249EE61A2D5D648BBB66684B18BCDEC_element_57"}]}
RESULT: {"script":"return (function (elem, id) {\n        return (function parentElement() {\n        return this.parentElement;\n    }).call(elem, id);\n    }).apply(null, arguments)","args":[{"element-6066-11e4-a52e-4f735466cecf":"A249EE61A2D5D648BBB66684B18BCDEC_element_57","ELEMENT":"A249EE61A2D5D648BBB66684B18BCDEC_element_57"}]}
COMMAND: POST /session/1fb33260729dd37bb95608e0eaa2a1ec/execute/sync - {"script":"return (function isElementDisplayed(element) {\n    function nodeIsElement(node) {\n        if (!node) {\n            return false;\n        }\n        switch (node.nodeType) {\n            case Node.ELEMEN ... (7807 more bytes)","args":[{"element-6066-11e4-a52e-4f735466cecf":"A249EE61A2D5D648BBB66684B18BCDEC_element_58","ELEMENT":"A249EE61A2D5D648BBB66684B18BCDEC_element_58"}]}
RESULT: {"script":"return (function isElementDisplayed(element) {\n    function nodeIsElement(node) {\n        if (!node) {\n            return false;\n        }\n        switch (node.nodeType) {\n            case Node.ELEMEN ... (7807 more bytes)","args":[{"element-6066-11e4-a52e-4f735466cecf":"A249EE61A2D5D648BBB66684B18BCDEC_element_58","ELEMENT":"A249EE61A2D5D648BBB66684B18BCDEC_element_58"}]}
COMMAND: POST /session/1fb33260729dd37bb95608e0eaa2a1ec/element/A249EE61A2D5D648BBB66684B18BCDEC_element_58/elements - {"using":"css selector","value":"tbody tr"}
RESULT: {"using":"css selector","value":"tbody tr"}
COMMAND: POST /session/1fb33260729dd37bb95608e0eaa2a1ec/element/A249EE61A2D5D648BBB66684B18BCDEC_element_58/element - {"using":"css selector","value":"thead tr"}
RESULT: {"using":"css selector","value":"thead tr"}
COMMAND: POST /session/1fb33260729dd37bb95608e0eaa2a1ec/element/A249EE61A2D5D648BBB66684B18BCDEC_element_60/elements - {"using":"css selector","value":"th"}
RESULT: {"using":"css selector","value":"th"}
COMMAND: GET /session/1fb33260729dd37bb95608e0eaa2a1ec/element/A249EE61A2D5D648BBB66684B18BCDEC_element_61/text - {}
COMMAND: GET /session/1fb33260729dd37bb95608e0eaa2a1ec/element/A249EE61A2D5D648BBB66684B18BCDEC_element_62/text - {}
RESULT: {}
RESULT: {}
COMMAND: POST /session/1fb33260729dd37bb95608e0eaa2a1ec/element/A249EE61A2D5D648BBB66684B18BCDEC_element_59/elements - {"using":"css selector","value":"th,td"}
RESULT: {"using":"css selector","value":"th,td"}
COMMAND: GET /session/1fb33260729dd37bb95608e0eaa2a1ec/element/A249EE61A2D5D648BBB66684B18BCDEC_element_63/text - {}
RESULT: {}
COMMAND: GET /session/1fb33260729dd37bb95608e0eaa2a1ec/element/A249EE61A2D5D648BBB66684B18BCDEC_element_64/text - {}
RESULT: {}
]]></system-out>
    </testcase>
    <testcase classname="chrome.117_0_5938_132.linux.Invoice_Page_Test.Vendor:_Vendor_Three,Invoice:2005-09" name="should validate invoice table data" time="0.787">
      <system-out><![CDATA[
COMMAND: POST /session/1fb33260729dd37bb95608e0eaa2a1ec/url - {"url":"https://pr-509.btm.dev.account.gov.uk/contracts/3/invoices/2005-09"}
RESULT: {"url":"https://pr-509.btm.dev.account.gov.uk/contracts/3/invoices/2005-09"}
COMMAND: POST /session/1fb33260729dd37bb95608e0eaa2a1ec/execute/sync - {"script":"return (() => document.readyState === \"complete\").apply(null, arguments)","args":[]}
RESULT: {"script":"return (() => document.readyState === \"complete\").apply(null, arguments)","args":[]}
COMMAND: GET /session/1fb33260729dd37bb95608e0eaa2a1ec/url - {}
RESULT: {}
COMMAND: POST /session/1fb33260729dd37bb95608e0eaa2a1ec/element - {"using":"css selector","value":".govuk-heading-xl"}
RESULT: {"using":"css selector","value":".govuk-heading-xl"}
COMMAND: POST /session/1fb33260729dd37bb95608e0eaa2a1ec/execute/sync - {"script":"return (function isElementDisplayed(element) {\n    function nodeIsElement(node) {\n        if (!node) {\n            return false;\n        }\n        switch (node.nodeType) {\n            case Node.ELEMEN ... (7807 more bytes)","args":[{"element-6066-11e4-a52e-4f735466cecf":"6EEEE711CABD7AC2760A8F93067B7494_element_69","ELEMENT":"6EEEE711CABD7AC2760A8F93067B7494_element_69"}]}
RESULT: {"script":"return (function isElementDisplayed(element) {\n    function nodeIsElement(node) {\n        if (!node) {\n            return false;\n        }\n        switch (node.nodeType) {\n            case Node.ELEMEN ... (7807 more bytes)","args":[{"element-6066-11e4-a52e-4f735466cecf":"6EEEE711CABD7AC2760A8F93067B7494_element_69","ELEMENT":"6EEEE711CABD7AC2760A8F93067B7494_element_69"}]}
COMMAND: POST /session/1fb33260729dd37bb95608e0eaa2a1ec/element - {"using":"css selector","value":".govuk-heading-xl"}
RESULT: {"using":"css selector","value":".govuk-heading-xl"}
COMMAND: GET /session/1fb33260729dd37bb95608e0eaa2a1ec/element/6EEEE711CABD7AC2760A8F93067B7494_element_69/text - {}
RESULT: {}
COMMAND: POST /session/1fb33260729dd37bb95608e0eaa2a1ec/element - {"using":"xpath","value":".//caption[contains(., \"Invoice\") and not(.//caption)]"}
RESULT: {"using":"xpath","value":".//caption[contains(., \"Invoice\") and not(.//caption)]"}
COMMAND: POST /session/1fb33260729dd37bb95608e0eaa2a1ec/execute/sync - {"script":"return (function (elem, id) {\n        return (function parentElement() {\n        return this.parentElement;\n    }).call(elem, id);\n    }).apply(null, arguments)","args":[{"element-6066-11e4-a52e-4f735466cecf":"6EEEE711CABD7AC2760A8F93067B7494_element_70","ELEMENT":"6EEEE711CABD7AC2760A8F93067B7494_element_70"}]}
RESULT: {"script":"return (function (elem, id) {\n        return (function parentElement() {\n        return this.parentElement;\n    }).call(elem, id);\n    }).apply(null, arguments)","args":[{"element-6066-11e4-a52e-4f735466cecf":"6EEEE711CABD7AC2760A8F93067B7494_element_70","ELEMENT":"6EEEE711CABD7AC2760A8F93067B7494_element_70"}]}
COMMAND: POST /session/1fb33260729dd37bb95608e0eaa2a1ec/execute/sync - {"script":"return (function isElementDisplayed(element) {\n    function nodeIsElement(node) {\n        if (!node) {\n            return false;\n        }\n        switch (node.nodeType) {\n            case Node.ELEMEN ... (7807 more bytes)","args":[{"element-6066-11e4-a52e-4f735466cecf":"6EEEE711CABD7AC2760A8F93067B7494_element_71","ELEMENT":"6EEEE711CABD7AC2760A8F93067B7494_element_71"}]}
RESULT: {"script":"return (function isElementDisplayed(element) {\n    function nodeIsElement(node) {\n        if (!node) {\n            return false;\n        }\n        switch (node.nodeType) {\n            case Node.ELEMEN ... (7807 more bytes)","args":[{"element-6066-11e4-a52e-4f735466cecf":"6EEEE711CABD7AC2760A8F93067B7494_element_71","ELEMENT":"6EEEE711CABD7AC2760A8F93067B7494_element_71"}]}
COMMAND: POST /session/1fb33260729dd37bb95608e0eaa2a1ec/element/6EEEE711CABD7AC2760A8F93067B7494_element_71/elements - {"using":"css selector","value":"tbody tr"}
RESULT: {"using":"css selector","value":"tbody tr"}
COMMAND: POST /session/1fb33260729dd37bb95608e0eaa2a1ec/element/6EEEE711CABD7AC2760A8F93067B7494_element_71/element - {"using":"css selector","value":"thead tr"}
RESULT: {"using":"css selector","value":"thead tr"}
COMMAND: POST /session/1fb33260729dd37bb95608e0eaa2a1ec/element/6EEEE711CABD7AC2760A8F93067B7494_element_74/elements - {"using":"css selector","value":"th"}
RESULT: {"using":"css selector","value":"th"}
COMMAND: GET /session/1fb33260729dd37bb95608e0eaa2a1ec/element/6EEEE711CABD7AC2760A8F93067B7494_element_75/text - {}
COMMAND: GET /session/1fb33260729dd37bb95608e0eaa2a1ec/element/6EEEE711CABD7AC2760A8F93067B7494_element_76/text - {}
COMMAND: GET /session/1fb33260729dd37bb95608e0eaa2a1ec/element/6EEEE711CABD7AC2760A8F93067B7494_element_78/text - {}
COMMAND: GET /session/1fb33260729dd37bb95608e0eaa2a1ec/element/6EEEE711CABD7AC2760A8F93067B7494_element_77/text - {}
COMMAND: GET /session/1fb33260729dd37bb95608e0eaa2a1ec/element/6EEEE711CABD7AC2760A8F93067B7494_element_79/text - {}
RESULT: {}
RESULT: {}
RESULT: {}
RESULT: {}
RESULT: {}
COMMAND: POST /session/1fb33260729dd37bb95608e0eaa2a1ec/element/6EEEE711CABD7AC2760A8F93067B7494_element_72/elements - {"using":"css selector","value":"th,td"}
RESULT: {"using":"css selector","value":"th,td"}
COMMAND: GET /session/1fb33260729dd37bb95608e0eaa2a1ec/element/6EEEE711CABD7AC2760A8F93067B7494_element_80/text - {}
RESULT: {}
COMMAND: GET /session/1fb33260729dd37bb95608e0eaa2a1ec/element/6EEEE711CABD7AC2760A8F93067B7494_element_81/text - {}
RESULT: {}
COMMAND: GET /session/1fb33260729dd37bb95608e0eaa2a1ec/element/6EEEE711CABD7AC2760A8F93067B7494_element_82/text - {}
RESULT: {}
COMMAND: GET /session/1fb33260729dd37bb95608e0eaa2a1ec/element/6EEEE711CABD7AC2760A8F93067B7494_element_83/text - {}
RESULT: {}
COMMAND: GET /session/1fb33260729dd37bb95608e0eaa2a1ec/element/6EEEE711CABD7AC2760A8F93067B7494_element_84/text - {}
RESULT: {}
COMMAND: POST /session/1fb33260729dd37bb95608e0eaa2a1ec/element/6EEEE711CABD7AC2760A8F93067B7494_element_73/elements - {"using":"css selector","value":"th,td"}
RESULT: {"using":"css selector","value":"th,td"}
COMMAND: GET /session/1fb33260729dd37bb95608e0eaa2a1ec/element/6EEEE711CABD7AC2760A8F93067B7494_element_85/text - {}
RESULT: {}
COMMAND: GET /session/1fb33260729dd37bb95608e0eaa2a1ec/element/6EEEE711CABD7AC2760A8F93067B7494_element_86/text - {}
RESULT: {}
COMMAND: GET /session/1fb33260729dd37bb95608e0eaa2a1ec/element/6EEEE711CABD7AC2760A8F93067B7494_element_87/text - {}
RESULT: {}
COMMAND: GET /session/1fb33260729dd37bb95608e0eaa2a1ec/element/6EEEE711CABD7AC2760A8F93067B7494_element_88/text - {}
RESULT: {}
COMMAND: GET /session/1fb33260729dd37bb95608e0eaa2a1ec/element/6EEEE711CABD7AC2760A8F93067B7494_element_89/text - {}
RESULT: {}
]]></system-out>
    </testcase>
  </testsuite>
  <testsuite name="Vendor Vendor Three Invoice 2023 03" timestamp="2023-10-11T08:53:44" time="4.229" tests="6" failures="0" errors="0" skipped="0">
    <properties>
      <property name="specId" value="0"/>
      <property name="suiteName" value="Vendor: Vendor Three,Invoice:2023-03"/>
      <property name="capabilities" value="chrome.117_0_5938_132.linux"/>
      <property name="file" value="file://./ui-tests/specs/invoice.spec.ts"/>
    </properties>
    <testcase classname="chrome.117_0_5938_132.linux.Invoice_Page_Test.Vendor:_Vendor_Three,Invoice:2023-03" name="should display correct status banner color and message" time="0.57">
      <system-out><![CDATA[
COMMAND: POST /session/1fb33260729dd37bb95608e0eaa2a1ec/url - {"url":"https://pr-509.btm.dev.account.gov.uk/contracts/3/invoices/2023-03"}
RESULT: {"url":"https://pr-509.btm.dev.account.gov.uk/contracts/3/invoices/2023-03"}
COMMAND: POST /session/1fb33260729dd37bb95608e0eaa2a1ec/execute/sync - {"script":"return (() => document.readyState === \"complete\").apply(null, arguments)","args":[]}
RESULT: {"script":"return (() => document.readyState === \"complete\").apply(null, arguments)","args":[]}
COMMAND: GET /session/1fb33260729dd37bb95608e0eaa2a1ec/url - {}
RESULT: {}
COMMAND: POST /session/1fb33260729dd37bb95608e0eaa2a1ec/element - {"using":"css selector","value":".govuk-heading-xl"}
RESULT: {"using":"css selector","value":".govuk-heading-xl"}
COMMAND: POST /session/1fb33260729dd37bb95608e0eaa2a1ec/execute/sync - {"script":"return (function isElementDisplayed(element) {\n    function nodeIsElement(node) {\n        if (!node) {\n            return false;\n        }\n        switch (node.nodeType) {\n            case Node.ELEMEN ... (7807 more bytes)","args":[{"element-6066-11e4-a52e-4f735466cecf":"97DEBC454D15330CD0321AE6988239D8_element_92","ELEMENT":"97DEBC454D15330CD0321AE6988239D8_element_92"}]}
RESULT: {"script":"return (function isElementDisplayed(element) {\n    function nodeIsElement(node) {\n        if (!node) {\n            return false;\n        }\n        switch (node.nodeType) {\n            case Node.ELEMEN ... (7807 more bytes)","args":[{"element-6066-11e4-a52e-4f735466cecf":"97DEBC454D15330CD0321AE6988239D8_element_92","ELEMENT":"97DEBC454D15330CD0321AE6988239D8_element_92"}]}
COMMAND: POST /session/1fb33260729dd37bb95608e0eaa2a1ec/element - {"using":"css selector","value":".govuk-heading-xl"}
RESULT: {"using":"css selector","value":".govuk-heading-xl"}
COMMAND: GET /session/1fb33260729dd37bb95608e0eaa2a1ec/element/97DEBC454D15330CD0321AE6988239D8_element_92/text - {}
RESULT: {}
COMMAND: POST /session/1fb33260729dd37bb95608e0eaa2a1ec/element - {"using":"css selector","value":"h2.govuk-panel__title"}
RESULT: {"using":"css selector","value":"h2.govuk-panel__title"}
COMMAND: POST /session/1fb33260729dd37bb95608e0eaa2a1ec/execute/sync - {"script":"return (function isElementDisplayed(element) {\n    function nodeIsElement(node) {\n        if (!node) {\n            return false;\n        }\n        switch (node.nodeType) {\n            case Node.ELEMEN ... (7807 more bytes)","args":[{"element-6066-11e4-a52e-4f735466cecf":"97DEBC454D15330CD0321AE6988239D8_element_93","ELEMENT":"97DEBC454D15330CD0321AE6988239D8_element_93"}]}
RESULT: {"script":"return (function isElementDisplayed(element) {\n    function nodeIsElement(node) {\n        if (!node) {\n            return false;\n        }\n        switch (node.nodeType) {\n            case Node.ELEMEN ... (7807 more bytes)","args":[{"element-6066-11e4-a52e-4f735466cecf":"97DEBC454D15330CD0321AE6988239D8_element_93","ELEMENT":"97DEBC454D15330CD0321AE6988239D8_element_93"}]}
COMMAND: POST /session/1fb33260729dd37bb95608e0eaa2a1ec/element - {"using":"css selector","value":"h2.govuk-panel__title"}
RESULT: {"using":"css selector","value":"h2.govuk-panel__title"}
COMMAND: GET /session/1fb33260729dd37bb95608e0eaa2a1ec/element/97DEBC454D15330CD0321AE6988239D8_element_93/text - {}
RESULT: {}
COMMAND: POST /session/1fb33260729dd37bb95608e0eaa2a1ec/element - {"using":"css selector","value":".govuk-panel"}
RESULT: {"using":"css selector","value":".govuk-panel"}
COMMAND: POST /session/1fb33260729dd37bb95608e0eaa2a1ec/execute/sync - {"script":"return (function isElementDisplayed(element) {\n    function nodeIsElement(node) {\n        if (!node) {\n            return false;\n        }\n        switch (node.nodeType) {\n            case Node.ELEMEN ... (7807 more bytes)","args":[{"element-6066-11e4-a52e-4f735466cecf":"97DEBC454D15330CD0321AE6988239D8_element_94","ELEMENT":"97DEBC454D15330CD0321AE6988239D8_element_94"}]}
RESULT: {"script":"return (function isElementDisplayed(element) {\n    function nodeIsElement(node) {\n        if (!node) {\n            return false;\n        }\n        switch (node.nodeType) {\n            case Node.ELEMEN ... (7807 more bytes)","args":[{"element-6066-11e4-a52e-4f735466cecf":"97DEBC454D15330CD0321AE6988239D8_element_94","ELEMENT":"97DEBC454D15330CD0321AE6988239D8_element_94"}]}
COMMAND: GET /session/1fb33260729dd37bb95608e0eaa2a1ec/element/97DEBC454D15330CD0321AE6988239D8_element_94/css/background-color - {}
RESULT: {}
]]></system-out>
    </testcase>
    <testcase classname="chrome.117_0_5938_132.linux.Invoice_Page_Test.Vendor:_Vendor_Three,Invoice:2023-03" name="should validate reconciliation table data" time="0.674">
      <system-out><![CDATA[
COMMAND: POST /session/1fb33260729dd37bb95608e0eaa2a1ec/url - {"url":"https://pr-509.btm.dev.account.gov.uk/contracts/3/invoices/2023-03"}
RESULT: {"url":"https://pr-509.btm.dev.account.gov.uk/contracts/3/invoices/2023-03"}
COMMAND: POST /session/1fb33260729dd37bb95608e0eaa2a1ec/execute/sync - {"script":"return (() => document.readyState === \"complete\").apply(null, arguments)","args":[]}
RESULT: {"script":"return (() => document.readyState === \"complete\").apply(null, arguments)","args":[]}
COMMAND: GET /session/1fb33260729dd37bb95608e0eaa2a1ec/url - {}
RESULT: {}
COMMAND: POST /session/1fb33260729dd37bb95608e0eaa2a1ec/element - {"using":"css selector","value":".govuk-heading-xl"}
RESULT: {"using":"css selector","value":".govuk-heading-xl"}
COMMAND: POST /session/1fb33260729dd37bb95608e0eaa2a1ec/execute/sync - {"script":"return (function isElementDisplayed(element) {\n    function nodeIsElement(node) {\n        if (!node) {\n            return false;\n        }\n        switch (node.nodeType) {\n            case Node.ELEMEN ... (7807 more bytes)","args":[{"element-6066-11e4-a52e-4f735466cecf":"842FCBF9484F3F52689187438638E064_element_99","ELEMENT":"842FCBF9484F3F52689187438638E064_element_99"}]}
RESULT: {"script":"return (function isElementDisplayed(element) {\n    function nodeIsElement(node) {\n        if (!node) {\n            return false;\n        }\n        switch (node.nodeType) {\n            case Node.ELEMEN ... (7807 more bytes)","args":[{"element-6066-11e4-a52e-4f735466cecf":"842FCBF9484F3F52689187438638E064_element_99","ELEMENT":"842FCBF9484F3F52689187438638E064_element_99"}]}
COMMAND: POST /session/1fb33260729dd37bb95608e0eaa2a1ec/element - {"using":"css selector","value":".govuk-heading-xl"}
RESULT: {"using":"css selector","value":".govuk-heading-xl"}
COMMAND: GET /session/1fb33260729dd37bb95608e0eaa2a1ec/element/842FCBF9484F3F52689187438638E064_element_99/text - {}
RESULT: {}
COMMAND: POST /session/1fb33260729dd37bb95608e0eaa2a1ec/element - {"using":"xpath","value":".//caption[contains(., \"Reconciliation\") and not(.//caption)]"}
RESULT: {"using":"xpath","value":".//caption[contains(., \"Reconciliation\") and not(.//caption)]"}
COMMAND: POST /session/1fb33260729dd37bb95608e0eaa2a1ec/execute/sync - {"script":"return (function (elem, id) {\n        return (function parentElement() {\n        return this.parentElement;\n    }).call(elem, id);\n    }).apply(null, arguments)","args":[{"element-6066-11e4-a52e-4f735466cecf":"842FCBF9484F3F52689187438638E064_element_100","ELEMENT":"842FCBF9484F3F52689187438638E064_element_100"}]}
RESULT: {"script":"return (function (elem, id) {\n        return (function parentElement() {\n        return this.parentElement;\n    }).call(elem, id);\n    }).apply(null, arguments)","args":[{"element-6066-11e4-a52e-4f735466cecf":"842FCBF9484F3F52689187438638E064_element_100","ELEMENT":"842FCBF9484F3F52689187438638E064_element_100"}]}
COMMAND: POST /session/1fb33260729dd37bb95608e0eaa2a1ec/execute/sync - {"script":"return (function isElementDisplayed(element) {\n    function nodeIsElement(node) {\n        if (!node) {\n            return false;\n        }\n        switch (node.nodeType) {\n            case Node.ELEMEN ... (7807 more bytes)","args":[{"element-6066-11e4-a52e-4f735466cecf":"842FCBF9484F3F52689187438638E064_element_98","ELEMENT":"842FCBF9484F3F52689187438638E064_element_98"}]}
RESULT: {"script":"return (function isElementDisplayed(element) {\n    function nodeIsElement(node) {\n        if (!node) {\n            return false;\n        }\n        switch (node.nodeType) {\n            case Node.ELEMEN ... (7807 more bytes)","args":[{"element-6066-11e4-a52e-4f735466cecf":"842FCBF9484F3F52689187438638E064_element_98","ELEMENT":"842FCBF9484F3F52689187438638E064_element_98"}]}
COMMAND: POST /session/1fb33260729dd37bb95608e0eaa2a1ec/element/842FCBF9484F3F52689187438638E064_element_98/elements - {"using":"css selector","value":"tbody tr"}
RESULT: {"using":"css selector","value":"tbody tr"}
COMMAND: POST /session/1fb33260729dd37bb95608e0eaa2a1ec/element/842FCBF9484F3F52689187438638E064_element_98/element - {"using":"css selector","value":"thead tr"}
RESULT: {"using":"css selector","value":"thead tr"}
COMMAND: POST /session/1fb33260729dd37bb95608e0eaa2a1ec/element/842FCBF9484F3F52689187438638E064_element_103/elements - {"using":"css selector","value":"th"}
RESULT: {"using":"css selector","value":"th"}
COMMAND: GET /session/1fb33260729dd37bb95608e0eaa2a1ec/element/842FCBF9484F3F52689187438638E064_element_104/text - {}
COMMAND: GET /session/1fb33260729dd37bb95608e0eaa2a1ec/element/842FCBF9484F3F52689187438638E064_element_105/text - {}
COMMAND: GET /session/1fb33260729dd37bb95608e0eaa2a1ec/element/842FCBF9484F3F52689187438638E064_element_107/text - {}
COMMAND: GET /session/1fb33260729dd37bb95608e0eaa2a1ec/element/842FCBF9484F3F52689187438638E064_element_106/text - {}
COMMAND: GET /session/1fb33260729dd37bb95608e0eaa2a1ec/element/842FCBF9484F3F52689187438638E064_element_108/text - {}
RESULT: {}
RESULT: {}
RESULT: {}
RESULT: {}
RESULT: {}
COMMAND: POST /session/1fb33260729dd37bb95608e0eaa2a1ec/element/842FCBF9484F3F52689187438638E064_element_101/elements - {"using":"css selector","value":"th,td"}
RESULT: {"using":"css selector","value":"th,td"}
COMMAND: GET /session/1fb33260729dd37bb95608e0eaa2a1ec/element/842FCBF9484F3F52689187438638E064_element_109/text - {}
RESULT: {}
COMMAND: GET /session/1fb33260729dd37bb95608e0eaa2a1ec/element/842FCBF9484F3F52689187438638E064_element_110/text - {}
RESULT: {}
COMMAND: GET /session/1fb33260729dd37bb95608e0eaa2a1ec/element/842FCBF9484F3F52689187438638E064_element_111/text - {}
RESULT: {}
COMMAND: GET /session/1fb33260729dd37bb95608e0eaa2a1ec/element/842FCBF9484F3F52689187438638E064_element_112/text - {}
RESULT: {}
COMMAND: GET /session/1fb33260729dd37bb95608e0eaa2a1ec/element/842FCBF9484F3F52689187438638E064_element_113/text - {}
RESULT: {}
COMMAND: POST /session/1fb33260729dd37bb95608e0eaa2a1ec/element/842FCBF9484F3F52689187438638E064_element_102/elements - {"using":"css selector","value":"th,td"}
RESULT: {"using":"css selector","value":"th,td"}
COMMAND: GET /session/1fb33260729dd37bb95608e0eaa2a1ec/element/842FCBF9484F3F52689187438638E064_element_114/text - {}
RESULT: {}
COMMAND: GET /session/1fb33260729dd37bb95608e0eaa2a1ec/element/842FCBF9484F3F52689187438638E064_element_115/text - {}
RESULT: {}
COMMAND: GET /session/1fb33260729dd37bb95608e0eaa2a1ec/element/842FCBF9484F3F52689187438638E064_element_116/text - {}
RESULT: {}
COMMAND: GET /session/1fb33260729dd37bb95608e0eaa2a1ec/element/842FCBF9484F3F52689187438638E064_element_117/text - {}
RESULT: {}
COMMAND: GET /session/1fb33260729dd37bb95608e0eaa2a1ec/element/842FCBF9484F3F52689187438638E064_element_118/text - {}
RESULT: {}
]]></system-out>
    </testcase>
    <testcase classname="chrome.117_0_5938_132.linux.Invoice_Page_Test.Vendor:_Vendor_Three,Invoice:2023-03" name="should validate quantity events table data" time="0.832">
      <system-out><![CDATA[
COMMAND: POST /session/1fb33260729dd37bb95608e0eaa2a1ec/url - {"url":"https://pr-509.btm.dev.account.gov.uk/contracts/3/invoices/2023-03"}
RESULT: {"url":"https://pr-509.btm.dev.account.gov.uk/contracts/3/invoices/2023-03"}
COMMAND: POST /session/1fb33260729dd37bb95608e0eaa2a1ec/execute/sync - {"script":"return (() => document.readyState === \"complete\").apply(null, arguments)","args":[]}
RESULT: {"script":"return (() => document.readyState === \"complete\").apply(null, arguments)","args":[]}
COMMAND: GET /session/1fb33260729dd37bb95608e0eaa2a1ec/url - {}
RESULT: {}
COMMAND: POST /session/1fb33260729dd37bb95608e0eaa2a1ec/element - {"using":"css selector","value":".govuk-heading-xl"}
RESULT: {"using":"css selector","value":".govuk-heading-xl"}
COMMAND: POST /session/1fb33260729dd37bb95608e0eaa2a1ec/execute/sync - {"script":"return (function isElementDisplayed(element) {\n    function nodeIsElement(node) {\n        if (!node) {\n            return false;\n        }\n        switch (node.nodeType) {\n            case Node.ELEMEN ... (7807 more bytes)","args":[{"element-6066-11e4-a52e-4f735466cecf":"26631DAF8E4463001A8FB065B8FB63DD_element_121","ELEMENT":"26631DAF8E4463001A8FB065B8FB63DD_element_121"}]}
RESULT: {"script":"return (function isElementDisplayed(element) {\n    function nodeIsElement(node) {\n        if (!node) {\n            return false;\n        }\n        switch (node.nodeType) {\n            case Node.ELEMEN ... (7807 more bytes)","args":[{"element-6066-11e4-a52e-4f735466cecf":"26631DAF8E4463001A8FB065B8FB63DD_element_121","ELEMENT":"26631DAF8E4463001A8FB065B8FB63DD_element_121"}]}
COMMAND: POST /session/1fb33260729dd37bb95608e0eaa2a1ec/element - {"using":"css selector","value":".govuk-heading-xl"}
RESULT: {"using":"css selector","value":".govuk-heading-xl"}
COMMAND: GET /session/1fb33260729dd37bb95608e0eaa2a1ec/element/26631DAF8E4463001A8FB065B8FB63DD_element_121/text - {}
RESULT: {}
COMMAND: POST /session/1fb33260729dd37bb95608e0eaa2a1ec/element - {"using":"xpath","value":".//caption[contains(., \"Quantity (events)\") and not(.//caption)]"}
RESULT: {"using":"xpath","value":".//caption[contains(., \"Quantity (events)\") and not(.//caption)]"}
COMMAND: POST /session/1fb33260729dd37bb95608e0eaa2a1ec/execute/sync - {"script":"return (function (elem, id) {\n        return (function parentElement() {\n        return this.parentElement;\n    }).call(elem, id);\n    }).apply(null, arguments)","args":[{"element-6066-11e4-a52e-4f735466cecf":"26631DAF8E4463001A8FB065B8FB63DD_element_122","ELEMENT":"26631DAF8E4463001A8FB065B8FB63DD_element_122"}]}
RESULT: {"script":"return (function (elem, id) {\n        return (function parentElement() {\n        return this.parentElement;\n    }).call(elem, id);\n    }).apply(null, arguments)","args":[{"element-6066-11e4-a52e-4f735466cecf":"26631DAF8E4463001A8FB065B8FB63DD_element_122","ELEMENT":"26631DAF8E4463001A8FB065B8FB63DD_element_122"}]}
COMMAND: POST /session/1fb33260729dd37bb95608e0eaa2a1ec/execute/sync - {"script":"return (function isElementDisplayed(element) {\n    function nodeIsElement(node) {\n        if (!node) {\n            return false;\n        }\n        switch (node.nodeType) {\n            case Node.ELEMEN ... (7807 more bytes)","args":[{"element-6066-11e4-a52e-4f735466cecf":"26631DAF8E4463001A8FB065B8FB63DD_element_123","ELEMENT":"26631DAF8E4463001A8FB065B8FB63DD_element_123"}]}
RESULT: {"script":"return (function isElementDisplayed(element) {\n    function nodeIsElement(node) {\n        if (!node) {\n            return false;\n        }\n        switch (node.nodeType) {\n            case Node.ELEMEN ... (7807 more bytes)","args":[{"element-6066-11e4-a52e-4f735466cecf":"26631DAF8E4463001A8FB065B8FB63DD_element_123","ELEMENT":"26631DAF8E4463001A8FB065B8FB63DD_element_123"}]}
COMMAND: POST /session/1fb33260729dd37bb95608e0eaa2a1ec/element/26631DAF8E4463001A8FB065B8FB63DD_element_123/elements - {"using":"css selector","value":"tbody tr"}
RESULT: {"using":"css selector","value":"tbody tr"}
COMMAND: POST /session/1fb33260729dd37bb95608e0eaa2a1ec/element/26631DAF8E4463001A8FB065B8FB63DD_element_123/element - {"using":"css selector","value":"thead tr"}
RESULT: {"using":"css selector","value":"thead tr"}
COMMAND: POST /session/1fb33260729dd37bb95608e0eaa2a1ec/element/26631DAF8E4463001A8FB065B8FB63DD_element_126/elements - {"using":"css selector","value":"th"}
RESULT: {"using":"css selector","value":"th"}
COMMAND: GET /session/1fb33260729dd37bb95608e0eaa2a1ec/element/26631DAF8E4463001A8FB065B8FB63DD_element_127/text - {}
COMMAND: GET /session/1fb33260729dd37bb95608e0eaa2a1ec/element/26631DAF8E4463001A8FB065B8FB63DD_element_128/text - {}
COMMAND: GET /session/1fb33260729dd37bb95608e0eaa2a1ec/element/26631DAF8E4463001A8FB065B8FB63DD_element_130/text - {}
COMMAND: GET /session/1fb33260729dd37bb95608e0eaa2a1ec/element/26631DAF8E4463001A8FB065B8FB63DD_element_129/text - {}
RESULT: {}
RESULT: {}
RESULT: {}
RESULT: {}
COMMAND: POST /session/1fb33260729dd37bb95608e0eaa2a1ec/element/26631DAF8E4463001A8FB065B8FB63DD_element_124/elements - {"using":"css selector","value":"th,td"}
RESULT: {"using":"css selector","value":"th,td"}
COMMAND: GET /session/1fb33260729dd37bb95608e0eaa2a1ec/element/26631DAF8E4463001A8FB065B8FB63DD_element_131/text - {}
RESULT: {}
COMMAND: GET /session/1fb33260729dd37bb95608e0eaa2a1ec/element/26631DAF8E4463001A8FB065B8FB63DD_element_132/text - {}
RESULT: {}
COMMAND: GET /session/1fb33260729dd37bb95608e0eaa2a1ec/element/26631DAF8E4463001A8FB065B8FB63DD_element_133/text - {}
RESULT: {}
COMMAND: GET /session/1fb33260729dd37bb95608e0eaa2a1ec/element/26631DAF8E4463001A8FB065B8FB63DD_element_134/text - {}
RESULT: {}
COMMAND: POST /session/1fb33260729dd37bb95608e0eaa2a1ec/element/26631DAF8E4463001A8FB065B8FB63DD_element_125/elements - {"using":"css selector","value":"th,td"}
RESULT: {"using":"css selector","value":"th,td"}
COMMAND: GET /session/1fb33260729dd37bb95608e0eaa2a1ec/element/26631DAF8E4463001A8FB065B8FB63DD_element_135/text - {}
RESULT: {}
COMMAND: GET /session/1fb33260729dd37bb95608e0eaa2a1ec/element/26631DAF8E4463001A8FB065B8FB63DD_element_136/text - {}
RESULT: {}
COMMAND: GET /session/1fb33260729dd37bb95608e0eaa2a1ec/element/26631DAF8E4463001A8FB065B8FB63DD_element_137/text - {}
RESULT: {}
COMMAND: GET /session/1fb33260729dd37bb95608e0eaa2a1ec/element/26631DAF8E4463001A8FB065B8FB63DD_element_138/text - {}
RESULT: {}
]]></system-out>
    </testcase>
    <testcase classname="chrome.117_0_5938_132.linux.Invoice_Page_Test.Vendor:_Vendor_Three,Invoice:2023-03" name="should validate price table data" time="0.656">
      <system-out><![CDATA[
COMMAND: POST /session/1fb33260729dd37bb95608e0eaa2a1ec/url - {"url":"https://pr-509.btm.dev.account.gov.uk/contracts/3/invoices/2023-03"}
RESULT: {"url":"https://pr-509.btm.dev.account.gov.uk/contracts/3/invoices/2023-03"}
COMMAND: POST /session/1fb33260729dd37bb95608e0eaa2a1ec/execute/sync - {"script":"return (() => document.readyState === \"complete\").apply(null, arguments)","args":[]}
RESULT: {"script":"return (() => document.readyState === \"complete\").apply(null, arguments)","args":[]}
COMMAND: GET /session/1fb33260729dd37bb95608e0eaa2a1ec/url - {}
RESULT: {}
COMMAND: POST /session/1fb33260729dd37bb95608e0eaa2a1ec/element - {"using":"css selector","value":".govuk-heading-xl"}
RESULT: {"using":"css selector","value":".govuk-heading-xl"}
COMMAND: POST /session/1fb33260729dd37bb95608e0eaa2a1ec/execute/sync - {"script":"return (function isElementDisplayed(element) {\n    function nodeIsElement(node) {\n        if (!node) {\n            return false;\n        }\n        switch (node.nodeType) {\n            case Node.ELEMEN ... (7807 more bytes)","args":[{"element-6066-11e4-a52e-4f735466cecf":"D3E486B2C262E1D77866FA438146BBE5_element_141","ELEMENT":"D3E486B2C262E1D77866FA438146BBE5_element_141"}]}
RESULT: {"script":"return (function isElementDisplayed(element) {\n    function nodeIsElement(node) {\n        if (!node) {\n            return false;\n        }\n        switch (node.nodeType) {\n            case Node.ELEMEN ... (7807 more bytes)","args":[{"element-6066-11e4-a52e-4f735466cecf":"D3E486B2C262E1D77866FA438146BBE5_element_141","ELEMENT":"D3E486B2C262E1D77866FA438146BBE5_element_141"}]}
COMMAND: POST /session/1fb33260729dd37bb95608e0eaa2a1ec/element - {"using":"css selector","value":".govuk-heading-xl"}
RESULT: {"using":"css selector","value":".govuk-heading-xl"}
COMMAND: GET /session/1fb33260729dd37bb95608e0eaa2a1ec/element/D3E486B2C262E1D77866FA438146BBE5_element_141/text - {}
RESULT: {}
COMMAND: POST /session/1fb33260729dd37bb95608e0eaa2a1ec/element - {"using":"xpath","value":".//caption[contains(., \"Price\") and not(.//caption)]"}
RESULT: {"using":"xpath","value":".//caption[contains(., \"Price\") and not(.//caption)]"}
COMMAND: POST /session/1fb33260729dd37bb95608e0eaa2a1ec/execute/sync - {"script":"return (function (elem, id) {\n        return (function parentElement() {\n        return this.parentElement;\n    }).call(elem, id);\n    }).apply(null, arguments)","args":[{"element-6066-11e4-a52e-4f735466cecf":"D3E486B2C262E1D77866FA438146BBE5_element_142","ELEMENT":"D3E486B2C262E1D77866FA438146BBE5_element_142"}]}
RESULT: {"script":"return (function (elem, id) {\n        return (function parentElement() {\n        return this.parentElement;\n    }).call(elem, id);\n    }).apply(null, arguments)","args":[{"element-6066-11e4-a52e-4f735466cecf":"D3E486B2C262E1D77866FA438146BBE5_element_142","ELEMENT":"D3E486B2C262E1D77866FA438146BBE5_element_142"}]}
COMMAND: POST /session/1fb33260729dd37bb95608e0eaa2a1ec/execute/sync - {"script":"return (function isElementDisplayed(element) {\n    function nodeIsElement(node) {\n        if (!node) {\n            return false;\n        }\n        switch (node.nodeType) {\n            case Node.ELEMEN ... (7807 more bytes)","args":[{"element-6066-11e4-a52e-4f735466cecf":"D3E486B2C262E1D77866FA438146BBE5_element_143","ELEMENT":"D3E486B2C262E1D77866FA438146BBE5_element_143"}]}
RESULT: {"script":"return (function isElementDisplayed(element) {\n    function nodeIsElement(node) {\n        if (!node) {\n            return false;\n        }\n        switch (node.nodeType) {\n            case Node.ELEMEN ... (7807 more bytes)","args":[{"element-6066-11e4-a52e-4f735466cecf":"D3E486B2C262E1D77866FA438146BBE5_element_143","ELEMENT":"D3E486B2C262E1D77866FA438146BBE5_element_143"}]}
COMMAND: POST /session/1fb33260729dd37bb95608e0eaa2a1ec/element/D3E486B2C262E1D77866FA438146BBE5_element_143/elements - {"using":"css selector","value":"tbody tr"}
RESULT: {"using":"css selector","value":"tbody tr"}
COMMAND: POST /session/1fb33260729dd37bb95608e0eaa2a1ec/element/D3E486B2C262E1D77866FA438146BBE5_element_143/element - {"using":"css selector","value":"thead tr"}
RESULT: {"using":"css selector","value":"thead tr"}
COMMAND: POST /session/1fb33260729dd37bb95608e0eaa2a1ec/element/D3E486B2C262E1D77866FA438146BBE5_element_146/elements - {"using":"css selector","value":"th"}
RESULT: {"using":"css selector","value":"th"}
COMMAND: GET /session/1fb33260729dd37bb95608e0eaa2a1ec/element/D3E486B2C262E1D77866FA438146BBE5_element_147/text - {}
COMMAND: GET /session/1fb33260729dd37bb95608e0eaa2a1ec/element/D3E486B2C262E1D77866FA438146BBE5_element_148/text - {}
COMMAND: GET /session/1fb33260729dd37bb95608e0eaa2a1ec/element/D3E486B2C262E1D77866FA438146BBE5_element_150/text - {}
COMMAND: GET /session/1fb33260729dd37bb95608e0eaa2a1ec/element/D3E486B2C262E1D77866FA438146BBE5_element_149/text - {}
RESULT: {}
RESULT: {}
RESULT: {}
RESULT: {}
COMMAND: POST /session/1fb33260729dd37bb95608e0eaa2a1ec/element/D3E486B2C262E1D77866FA438146BBE5_element_144/elements - {"using":"css selector","value":"th,td"}
RESULT: {"using":"css selector","value":"th,td"}
COMMAND: GET /session/1fb33260729dd37bb95608e0eaa2a1ec/element/D3E486B2C262E1D77866FA438146BBE5_element_151/text - {}
RESULT: {}
COMMAND: GET /session/1fb33260729dd37bb95608e0eaa2a1ec/element/D3E486B2C262E1D77866FA438146BBE5_element_152/text - {}
RESULT: {}
COMMAND: GET /session/1fb33260729dd37bb95608e0eaa2a1ec/element/D3E486B2C262E1D77866FA438146BBE5_element_153/text - {}
RESULT: {}
COMMAND: GET /session/1fb33260729dd37bb95608e0eaa2a1ec/element/D3E486B2C262E1D77866FA438146BBE5_element_154/text - {}
RESULT: {}
COMMAND: POST /session/1fb33260729dd37bb95608e0eaa2a1ec/element/D3E486B2C262E1D77866FA438146BBE5_element_145/elements - {"using":"css selector","value":"th,td"}
RESULT: {"using":"css selector","value":"th,td"}
COMMAND: GET /session/1fb33260729dd37bb95608e0eaa2a1ec/element/D3E486B2C262E1D77866FA438146BBE5_element_155/text - {}
RESULT: {}
COMMAND: GET /session/1fb33260729dd37bb95608e0eaa2a1ec/element/D3E486B2C262E1D77866FA438146BBE5_element_156/text - {}
RESULT: {}
COMMAND: GET /session/1fb33260729dd37bb95608e0eaa2a1ec/element/D3E486B2C262E1D77866FA438146BBE5_element_157/text - {}
RESULT: {}
COMMAND: GET /session/1fb33260729dd37bb95608e0eaa2a1ec/element/D3E486B2C262E1D77866FA438146BBE5_element_158/text - {}
RESULT: {}
]]></system-out>
    </testcase>
    <testcase classname="chrome.117_0_5938_132.linux.Invoice_Page_Test.Vendor:_Vendor_Three,Invoice:2023-03" name="should validate measured events table data" time="0.592">
      <system-out><![CDATA[
COMMAND: POST /session/1fb33260729dd37bb95608e0eaa2a1ec/url - {"url":"https://pr-509.btm.dev.account.gov.uk/contracts/3/invoices/2023-03"}
RESULT: {"url":"https://pr-509.btm.dev.account.gov.uk/contracts/3/invoices/2023-03"}
COMMAND: POST /session/1fb33260729dd37bb95608e0eaa2a1ec/execute/sync - {"script":"return (() => document.readyState === \"complete\").apply(null, arguments)","args":[]}
RESULT: {"script":"return (() => document.readyState === \"complete\").apply(null, arguments)","args":[]}
COMMAND: GET /session/1fb33260729dd37bb95608e0eaa2a1ec/url - {}
RESULT: {}
COMMAND: POST /session/1fb33260729dd37bb95608e0eaa2a1ec/element - {"using":"css selector","value":".govuk-heading-xl"}
RESULT: {"using":"css selector","value":".govuk-heading-xl"}
COMMAND: POST /session/1fb33260729dd37bb95608e0eaa2a1ec/execute/sync - {"script":"return (function isElementDisplayed(element) {\n    function nodeIsElement(node) {\n        if (!node) {\n            return false;\n        }\n        switch (node.nodeType) {\n            case Node.ELEMEN ... (7807 more bytes)","args":[{"element-6066-11e4-a52e-4f735466cecf":"ACCC1FCC47A8FAEA02252A26F9B2919A_element_161","ELEMENT":"ACCC1FCC47A8FAEA02252A26F9B2919A_element_161"}]}
RESULT: {"script":"return (function isElementDisplayed(element) {\n    function nodeIsElement(node) {\n        if (!node) {\n            return false;\n        }\n        switch (node.nodeType) {\n            case Node.ELEMEN ... (7807 more bytes)","args":[{"element-6066-11e4-a52e-4f735466cecf":"ACCC1FCC47A8FAEA02252A26F9B2919A_element_161","ELEMENT":"ACCC1FCC47A8FAEA02252A26F9B2919A_element_161"}]}
COMMAND: POST /session/1fb33260729dd37bb95608e0eaa2a1ec/element - {"using":"css selector","value":".govuk-heading-xl"}
RESULT: {"using":"css selector","value":".govuk-heading-xl"}
COMMAND: GET /session/1fb33260729dd37bb95608e0eaa2a1ec/element/ACCC1FCC47A8FAEA02252A26F9B2919A_element_161/text - {}
RESULT: {}
COMMAND: POST /session/1fb33260729dd37bb95608e0eaa2a1ec/element - {"using":"xpath","value":".//caption[contains(., \"Measured (events)\") and not(.//caption)]"}
RESULT: {"using":"xpath","value":".//caption[contains(., \"Measured (events)\") and not(.//caption)]"}
COMMAND: POST /session/1fb33260729dd37bb95608e0eaa2a1ec/execute/sync - {"script":"return (function (elem, id) {\n        return (function parentElement() {\n        return this.parentElement;\n    }).call(elem, id);\n    }).apply(null, arguments)","args":[{"element-6066-11e4-a52e-4f735466cecf":"ACCC1FCC47A8FAEA02252A26F9B2919A_element_162","ELEMENT":"ACCC1FCC47A8FAEA02252A26F9B2919A_element_162"}]}
RESULT: {"script":"return (function (elem, id) {\n        return (function parentElement() {\n        return this.parentElement;\n    }).call(elem, id);\n    }).apply(null, arguments)","args":[{"element-6066-11e4-a52e-4f735466cecf":"ACCC1FCC47A8FAEA02252A26F9B2919A_element_162","ELEMENT":"ACCC1FCC47A8FAEA02252A26F9B2919A_element_162"}]}
COMMAND: POST /session/1fb33260729dd37bb95608e0eaa2a1ec/execute/sync - {"script":"return (function isElementDisplayed(element) {\n    function nodeIsElement(node) {\n        if (!node) {\n            return false;\n        }\n        switch (node.nodeType) {\n            case Node.ELEMEN ... (7807 more bytes)","args":[{"element-6066-11e4-a52e-4f735466cecf":"ACCC1FCC47A8FAEA02252A26F9B2919A_element_163","ELEMENT":"ACCC1FCC47A8FAEA02252A26F9B2919A_element_163"}]}
RESULT: {"script":"return (function isElementDisplayed(element) {\n    function nodeIsElement(node) {\n        if (!node) {\n            return false;\n        }\n        switch (node.nodeType) {\n            case Node.ELEMEN ... (7807 more bytes)","args":[{"element-6066-11e4-a52e-4f735466cecf":"ACCC1FCC47A8FAEA02252A26F9B2919A_element_163","ELEMENT":"ACCC1FCC47A8FAEA02252A26F9B2919A_element_163"}]}
COMMAND: POST /session/1fb33260729dd37bb95608e0eaa2a1ec/element/ACCC1FCC47A8FAEA02252A26F9B2919A_element_163/elements - {"using":"css selector","value":"tbody tr"}
RESULT: {"using":"css selector","value":"tbody tr"}
COMMAND: POST /session/1fb33260729dd37bb95608e0eaa2a1ec/element/ACCC1FCC47A8FAEA02252A26F9B2919A_element_163/element - {"using":"css selector","value":"thead tr"}
RESULT: {"using":"css selector","value":"thead tr"}
COMMAND: POST /session/1fb33260729dd37bb95608e0eaa2a1ec/element/ACCC1FCC47A8FAEA02252A26F9B2919A_element_166/elements - {"using":"css selector","value":"th"}
RESULT: {"using":"css selector","value":"th"}
COMMAND: GET /session/1fb33260729dd37bb95608e0eaa2a1ec/element/ACCC1FCC47A8FAEA02252A26F9B2919A_element_167/text - {}
COMMAND: GET /session/1fb33260729dd37bb95608e0eaa2a1ec/element/ACCC1FCC47A8FAEA02252A26F9B2919A_element_168/text - {}
RESULT: {}
RESULT: {}
COMMAND: POST /session/1fb33260729dd37bb95608e0eaa2a1ec/element/ACCC1FCC47A8FAEA02252A26F9B2919A_element_164/elements - {"using":"css selector","value":"th,td"}
RESULT: {"using":"css selector","value":"th,td"}
COMMAND: GET /session/1fb33260729dd37bb95608e0eaa2a1ec/element/ACCC1FCC47A8FAEA02252A26F9B2919A_element_169/text - {}
RESULT: {}
COMMAND: GET /session/1fb33260729dd37bb95608e0eaa2a1ec/element/ACCC1FCC47A8FAEA02252A26F9B2919A_element_170/text - {}
RESULT: {}
COMMAND: POST /session/1fb33260729dd37bb95608e0eaa2a1ec/element/ACCC1FCC47A8FAEA02252A26F9B2919A_element_165/elements - {"using":"css selector","value":"th,td"}
RESULT: {"using":"css selector","value":"th,td"}
COMMAND: GET /session/1fb33260729dd37bb95608e0eaa2a1ec/element/ACCC1FCC47A8FAEA02252A26F9B2919A_element_171/text - {}
RESULT: {}
COMMAND: GET /session/1fb33260729dd37bb95608e0eaa2a1ec/element/ACCC1FCC47A8FAEA02252A26F9B2919A_element_172/text - {}
RESULT: {}
]]></system-out>
    </testcase>
    <testcase classname="chrome.117_0_5938_132.linux.Invoice_Page_Test.Vendor:_Vendor_Three,Invoice:2023-03" name="should validate invoice table data" time="0.884">
      <system-out><![CDATA[
COMMAND: POST /session/1fb33260729dd37bb95608e0eaa2a1ec/url - {"url":"https://pr-509.btm.dev.account.gov.uk/contracts/3/invoices/2023-03"}
RESULT: {"url":"https://pr-509.btm.dev.account.gov.uk/contracts/3/invoices/2023-03"}
COMMAND: POST /session/1fb33260729dd37bb95608e0eaa2a1ec/execute/sync - {"script":"return (() => document.readyState === \"complete\").apply(null, arguments)","args":[]}
RESULT: {"script":"return (() => document.readyState === \"complete\").apply(null, arguments)","args":[]}
COMMAND: GET /session/1fb33260729dd37bb95608e0eaa2a1ec/url - {}
RESULT: {}
COMMAND: POST /session/1fb33260729dd37bb95608e0eaa2a1ec/element - {"using":"css selector","value":".govuk-heading-xl"}
RESULT: {"using":"css selector","value":".govuk-heading-xl"}
COMMAND: POST /session/1fb33260729dd37bb95608e0eaa2a1ec/execute/sync - {"script":"return (function isElementDisplayed(element) {\n    function nodeIsElement(node) {\n        if (!node) {\n            return false;\n        }\n        switch (node.nodeType) {\n            case Node.ELEMEN ... (7807 more bytes)","args":[{"element-6066-11e4-a52e-4f735466cecf":"0012F36D004C8B9446EC21365C8ADAD9_element_177","ELEMENT":"0012F36D004C8B9446EC21365C8ADAD9_element_177"}]}
RESULT: {"script":"return (function isElementDisplayed(element) {\n    function nodeIsElement(node) {\n        if (!node) {\n            return false;\n        }\n        switch (node.nodeType) {\n            case Node.ELEMEN ... (7807 more bytes)","args":[{"element-6066-11e4-a52e-4f735466cecf":"0012F36D004C8B9446EC21365C8ADAD9_element_177","ELEMENT":"0012F36D004C8B9446EC21365C8ADAD9_element_177"}]}
COMMAND: POST /session/1fb33260729dd37bb95608e0eaa2a1ec/element - {"using":"css selector","value":".govuk-heading-xl"}
RESULT: {"using":"css selector","value":".govuk-heading-xl"}
COMMAND: GET /session/1fb33260729dd37bb95608e0eaa2a1ec/element/0012F36D004C8B9446EC21365C8ADAD9_element_177/text - {}
RESULT: {}
COMMAND: POST /session/1fb33260729dd37bb95608e0eaa2a1ec/element - {"using":"xpath","value":".//caption[contains(., \"Invoice\") and not(.//caption)]"}
RESULT: {"using":"xpath","value":".//caption[contains(., \"Invoice\") and not(.//caption)]"}
COMMAND: POST /session/1fb33260729dd37bb95608e0eaa2a1ec/execute/sync - {"script":"return (function (elem, id) {\n        return (function parentElement() {\n        return this.parentElement;\n    }).call(elem, id);\n    }).apply(null, arguments)","args":[{"element-6066-11e4-a52e-4f735466cecf":"0012F36D004C8B9446EC21365C8ADAD9_element_178","ELEMENT":"0012F36D004C8B9446EC21365C8ADAD9_element_178"}]}
RESULT: {"script":"return (function (elem, id) {\n        return (function parentElement() {\n        return this.parentElement;\n    }).call(elem, id);\n    }).apply(null, arguments)","args":[{"element-6066-11e4-a52e-4f735466cecf":"0012F36D004C8B9446EC21365C8ADAD9_element_178","ELEMENT":"0012F36D004C8B9446EC21365C8ADAD9_element_178"}]}
COMMAND: POST /session/1fb33260729dd37bb95608e0eaa2a1ec/execute/sync - {"script":"return (function isElementDisplayed(element) {\n    function nodeIsElement(node) {\n        if (!node) {\n            return false;\n        }\n        switch (node.nodeType) {\n            case Node.ELEMEN ... (7807 more bytes)","args":[{"element-6066-11e4-a52e-4f735466cecf":"0012F36D004C8B9446EC21365C8ADAD9_element_179","ELEMENT":"0012F36D004C8B9446EC21365C8ADAD9_element_179"}]}
RESULT: {"script":"return (function isElementDisplayed(element) {\n    function nodeIsElement(node) {\n        if (!node) {\n            return false;\n        }\n        switch (node.nodeType) {\n            case Node.ELEMEN ... (7807 more bytes)","args":[{"element-6066-11e4-a52e-4f735466cecf":"0012F36D004C8B9446EC21365C8ADAD9_element_179","ELEMENT":"0012F36D004C8B9446EC21365C8ADAD9_element_179"}]}
COMMAND: POST /session/1fb33260729dd37bb95608e0eaa2a1ec/element/0012F36D004C8B9446EC21365C8ADAD9_element_179/elements - {"using":"css selector","value":"tbody tr"}
RESULT: {"using":"css selector","value":"tbody tr"}
COMMAND: POST /session/1fb33260729dd37bb95608e0eaa2a1ec/element/0012F36D004C8B9446EC21365C8ADAD9_element_179/element - {"using":"css selector","value":"thead tr"}
RESULT: {"using":"css selector","value":"thead tr"}
COMMAND: POST /session/1fb33260729dd37bb95608e0eaa2a1ec/element/0012F36D004C8B9446EC21365C8ADAD9_element_183/elements - {"using":"css selector","value":"th"}
RESULT: {"using":"css selector","value":"th"}
COMMAND: GET /session/1fb33260729dd37bb95608e0eaa2a1ec/element/0012F36D004C8B9446EC21365C8ADAD9_element_184/text - {}
COMMAND: GET /session/1fb33260729dd37bb95608e0eaa2a1ec/element/0012F36D004C8B9446EC21365C8ADAD9_element_185/text - {}
COMMAND: GET /session/1fb33260729dd37bb95608e0eaa2a1ec/element/0012F36D004C8B9446EC21365C8ADAD9_element_187/text - {}
COMMAND: GET /session/1fb33260729dd37bb95608e0eaa2a1ec/element/0012F36D004C8B9446EC21365C8ADAD9_element_186/text - {}
COMMAND: GET /session/1fb33260729dd37bb95608e0eaa2a1ec/element/0012F36D004C8B9446EC21365C8ADAD9_element_188/text - {}
RESULT: {}
RESULT: {}
RESULT: {}
RESULT: {}
RESULT: {}
COMMAND: POST /session/1fb33260729dd37bb95608e0eaa2a1ec/element/0012F36D004C8B9446EC21365C8ADAD9_element_180/elements - {"using":"css selector","value":"th,td"}
RESULT: {"using":"css selector","value":"th,td"}
COMMAND: GET /session/1fb33260729dd37bb95608e0eaa2a1ec/element/0012F36D004C8B9446EC21365C8ADAD9_element_189/text - {}
RESULT: {}
COMMAND: GET /session/1fb33260729dd37bb95608e0eaa2a1ec/element/0012F36D004C8B9446EC21365C8ADAD9_element_190/text - {}
RESULT: {}
COMMAND: GET /session/1fb33260729dd37bb95608e0eaa2a1ec/element/0012F36D004C8B9446EC21365C8ADAD9_element_191/text - {}
RESULT: {}
COMMAND: GET /session/1fb33260729dd37bb95608e0eaa2a1ec/element/0012F36D004C8B9446EC21365C8ADAD9_element_192/text - {}
RESULT: {}
COMMAND: GET /session/1fb33260729dd37bb95608e0eaa2a1ec/element/0012F36D004C8B9446EC21365C8ADAD9_element_193/text - {}
RESULT: {}
COMMAND: POST /session/1fb33260729dd37bb95608e0eaa2a1ec/element/0012F36D004C8B9446EC21365C8ADAD9_element_181/elements - {"using":"css selector","value":"th,td"}
RESULT: {"using":"css selector","value":"th,td"}
COMMAND: GET /session/1fb33260729dd37bb95608e0eaa2a1ec/element/0012F36D004C8B9446EC21365C8ADAD9_element_194/text - {}
RESULT: {}
COMMAND: GET /session/1fb33260729dd37bb95608e0eaa2a1ec/element/0012F36D004C8B9446EC21365C8ADAD9_element_195/text - {}
RESULT: {}
COMMAND: GET /session/1fb33260729dd37bb95608e0eaa2a1ec/element/0012F36D004C8B9446EC21365C8ADAD9_element_196/text - {}
RESULT: {}
COMMAND: GET /session/1fb33260729dd37bb95608e0eaa2a1ec/element/0012F36D004C8B9446EC21365C8ADAD9_element_197/text - {}
RESULT: {}
COMMAND: GET /session/1fb33260729dd37bb95608e0eaa2a1ec/element/0012F36D004C8B9446EC21365C8ADAD9_element_198/text - {}
RESULT: {}
COMMAND: POST /session/1fb33260729dd37bb95608e0eaa2a1ec/element/0012F36D004C8B9446EC21365C8ADAD9_element_182/elements - {"using":"css selector","value":"th,td"}
RESULT: {"using":"css selector","value":"th,td"}
COMMAND: GET /session/1fb33260729dd37bb95608e0eaa2a1ec/element/0012F36D004C8B9446EC21365C8ADAD9_element_199/text - {}
RESULT: {}
COMMAND: GET /session/1fb33260729dd37bb95608e0eaa2a1ec/element/0012F36D004C8B9446EC21365C8ADAD9_element_200/text - {}
RESULT: {}
COMMAND: GET /session/1fb33260729dd37bb95608e0eaa2a1ec/element/0012F36D004C8B9446EC21365C8ADAD9_element_201/text - {}
RESULT: {}
COMMAND: GET /session/1fb33260729dd37bb95608e0eaa2a1ec/element/0012F36D004C8B9446EC21365C8ADAD9_element_202/text - {}
RESULT: {}
COMMAND: GET /session/1fb33260729dd37bb95608e0eaa2a1ec/element/0012F36D004C8B9446EC21365C8ADAD9_element_203/text - {}
RESULT: {}
]]></system-out>
    </testcase>
  </testsuite>
  <testsuite name="Vendor Vendor Three Invoice 2005 08" timestamp="2023-10-11T08:53:48" time="5.155" tests="6" failures="0" errors="0" skipped="0">
    <properties>
      <property name="specId" value="0"/>
      <property name="suiteName" value="Vendor: Vendor Three,Invoice:2005-08"/>
      <property name="capabilities" value="chrome.117_0_5938_132.linux"/>
      <property name="file" value="file://./ui-tests/specs/invoice.spec.ts"/>
    </properties>
    <testcase classname="chrome.117_0_5938_132.linux.Invoice_Page_Test.Vendor:_Vendor_Three,Invoice:2005-08" name="should display correct status banner color and message" time="0.523">
      <system-out><![CDATA[
COMMAND: POST /session/1fb33260729dd37bb95608e0eaa2a1ec/url - {"url":"https://pr-509.btm.dev.account.gov.uk/contracts/3/invoices/2005-08"}
RESULT: {"url":"https://pr-509.btm.dev.account.gov.uk/contracts/3/invoices/2005-08"}
COMMAND: POST /session/1fb33260729dd37bb95608e0eaa2a1ec/execute/sync - {"script":"return (() => document.readyState === \"complete\").apply(null, arguments)","args":[]}
RESULT: {"script":"return (() => document.readyState === \"complete\").apply(null, arguments)","args":[]}
COMMAND: GET /session/1fb33260729dd37bb95608e0eaa2a1ec/url - {}
RESULT: {}
COMMAND: POST /session/1fb33260729dd37bb95608e0eaa2a1ec/element - {"using":"css selector","value":".govuk-heading-xl"}
RESULT: {"using":"css selector","value":".govuk-heading-xl"}
COMMAND: POST /session/1fb33260729dd37bb95608e0eaa2a1ec/execute/sync - {"script":"return (function isElementDisplayed(element) {\n    function nodeIsElement(node) {\n        if (!node) {\n            return false;\n        }\n        switch (node.nodeType) {\n            case Node.ELEMEN ... (7807 more bytes)","args":[{"element-6066-11e4-a52e-4f735466cecf":"4A02A2ECD42EE2A23850C47C52D5A80D_element_206","ELEMENT":"4A02A2ECD42EE2A23850C47C52D5A80D_element_206"}]}
RESULT: {"script":"return (function isElementDisplayed(element) {\n    function nodeIsElement(node) {\n        if (!node) {\n            return false;\n        }\n        switch (node.nodeType) {\n            case Node.ELEMEN ... (7807 more bytes)","args":[{"element-6066-11e4-a52e-4f735466cecf":"4A02A2ECD42EE2A23850C47C52D5A80D_element_206","ELEMENT":"4A02A2ECD42EE2A23850C47C52D5A80D_element_206"}]}
COMMAND: POST /session/1fb33260729dd37bb95608e0eaa2a1ec/element - {"using":"css selector","value":".govuk-heading-xl"}
RESULT: {"using":"css selector","value":".govuk-heading-xl"}
COMMAND: GET /session/1fb33260729dd37bb95608e0eaa2a1ec/element/4A02A2ECD42EE2A23850C47C52D5A80D_element_206/text - {}
RESULT: {}
COMMAND: POST /session/1fb33260729dd37bb95608e0eaa2a1ec/element - {"using":"css selector","value":"h2.govuk-panel__title"}
RESULT: {"using":"css selector","value":"h2.govuk-panel__title"}
COMMAND: POST /session/1fb33260729dd37bb95608e0eaa2a1ec/execute/sync - {"script":"return (function isElementDisplayed(element) {\n    function nodeIsElement(node) {\n        if (!node) {\n            return false;\n        }\n        switch (node.nodeType) {\n            case Node.ELEMEN ... (7807 more bytes)","args":[{"element-6066-11e4-a52e-4f735466cecf":"4A02A2ECD42EE2A23850C47C52D5A80D_element_207","ELEMENT":"4A02A2ECD42EE2A23850C47C52D5A80D_element_207"}]}
RESULT: {"script":"return (function isElementDisplayed(element) {\n    function nodeIsElement(node) {\n        if (!node) {\n            return false;\n        }\n        switch (node.nodeType) {\n            case Node.ELEMEN ... (7807 more bytes)","args":[{"element-6066-11e4-a52e-4f735466cecf":"4A02A2ECD42EE2A23850C47C52D5A80D_element_207","ELEMENT":"4A02A2ECD42EE2A23850C47C52D5A80D_element_207"}]}
COMMAND: POST /session/1fb33260729dd37bb95608e0eaa2a1ec/element - {"using":"css selector","value":"h2.govuk-panel__title"}
RESULT: {"using":"css selector","value":"h2.govuk-panel__title"}
COMMAND: GET /session/1fb33260729dd37bb95608e0eaa2a1ec/element/4A02A2ECD42EE2A23850C47C52D5A80D_element_207/text - {}
RESULT: {}
COMMAND: POST /session/1fb33260729dd37bb95608e0eaa2a1ec/element - {"using":"css selector","value":".govuk-panel"}
RESULT: {"using":"css selector","value":".govuk-panel"}
COMMAND: POST /session/1fb33260729dd37bb95608e0eaa2a1ec/execute/sync - {"script":"return (function isElementDisplayed(element) {\n    function nodeIsElement(node) {\n        if (!node) {\n            return false;\n        }\n        switch (node.nodeType) {\n            case Node.ELEMEN ... (7807 more bytes)","args":[{"element-6066-11e4-a52e-4f735466cecf":"4A02A2ECD42EE2A23850C47C52D5A80D_element_208","ELEMENT":"4A02A2ECD42EE2A23850C47C52D5A80D_element_208"}]}
[...]
COMMAND: POST /session/1fb33260729dd37bb95608e0eaa2a1ec/element/D6CE3195F37E37F90D66B088E2475F38_element_1683/elements - {"using":"css selector","value":"th"}
RESULT: {"using":"css selector","value":"th"}
COMMAND: GET /session/1fb33260729dd37bb95608e0eaa2a1ec/element/D6CE3195F37E37F90D66B088E2475F38_element_1684/text - {}
COMMAND: GET /session/1fb33260729dd37bb95608e0eaa2a1ec/element/D6CE3195F37E37F90D66B088E2475F38_element_1685/text - {}
COMMAND: GET /session/1fb33260729dd37bb95608e0eaa2a1ec/element/D6CE3195F37E37F90D66B088E2475F38_element_1687/text - {}
COMMAND: GET /session/1fb33260729dd37bb95608e0eaa2a1ec/element/D6CE3195F37E37F90D66B088E2475F38_element_1686/text - {}
RESULT: {}
RESULT: {}
RESULT: {}
RESULT: {}
COMMAND: POST /session/1fb33260729dd37bb95608e0eaa2a1ec/element/D6CE3195F37E37F90D66B088E2475F38_element_1682/elements - {"using":"css selector","value":"th,td"}
RESULT: {"using":"css selector","value":"th,td"}
COMMAND: GET /session/1fb33260729dd37bb95608e0eaa2a1ec/element/D6CE3195F37E37F90D66B088E2475F38_element_1688/text - {}
RESULT: {}
COMMAND: GET /session/1fb33260729dd37bb95608e0eaa2a1ec/element/D6CE3195F37E37F90D66B088E2475F38_element_1689/text - {}
RESULT: {}
COMMAND: GET /session/1fb33260729dd37bb95608e0eaa2a1ec/element/D6CE3195F37E37F90D66B088E2475F38_element_1690/text - {}
RESULT: {}
COMMAND: GET /session/1fb33260729dd37bb95608e0eaa2a1ec/element/D6CE3195F37E37F90D66B088E2475F38_element_1691/text - {}
RESULT: {}
]]></system-out>
    </testcase>
    <testcase classname="chrome.117_0_5938_132.linux.Invoice_Page_Test.Vendor:_Vendor_Six,Invoice:2005-Q2" name="should validate price table data" time="0.688">
      <system-out><![CDATA[
COMMAND: POST /session/1fb33260729dd37bb95608e0eaa2a1ec/url - {"url":"https://pr-509.btm.dev.account.gov.uk/contracts/6/invoices/2005-q2"}
RESULT: {"url":"https://pr-509.btm.dev.account.gov.uk/contracts/6/invoices/2005-q2"}
COMMAND: POST /session/1fb33260729dd37bb95608e0eaa2a1ec/execute/sync - {"script":"return (() => document.readyState === \"complete\").apply(null, arguments)","args":[]}
RESULT: {"script":"return (() => document.readyState === \"complete\").apply(null, arguments)","args":[]}
COMMAND: GET /session/1fb33260729dd37bb95608e0eaa2a1ec/url - {}
RESULT: {}
COMMAND: POST /session/1fb33260729dd37bb95608e0eaa2a1ec/element - {"using":"css selector","value":".govuk-heading-xl"}
RESULT: {"using":"css selector","value":".govuk-heading-xl"}
COMMAND: POST /session/1fb33260729dd37bb95608e0eaa2a1ec/execute/sync - {"script":"return (function isElementDisplayed(element) {\n    function nodeIsElement(node) {\n        if (!node) {\n            return false;\n        }\n        switch (node.nodeType) {\n            case Node.ELEMEN ... (7807 more bytes)","args":[{"element-6066-11e4-a52e-4f735466cecf":"9E4A75A826B47A388A2596310BDBB385_element_1694","ELEMENT":"9E4A75A826B47A388A2596310BDBB385_element_1694"}]}
RESULT: {"script":"return (function isElementDisplayed(element) {\n    function nodeIsElement(node) {\n        if (!node) {\n            return false;\n        }\n        switch (node.nodeType) {\n            case Node.ELEMEN ... (7807 more bytes)","args":[{"element-6066-11e4-a52e-4f735466cecf":"9E4A75A826B47A388A2596310BDBB385_element_1694","ELEMENT":"9E4A75A826B47A388A2596310BDBB385_element_1694"}]}
COMMAND: POST /session/1fb33260729dd37bb95608e0eaa2a1ec/element - {"using":"css selector","value":".govuk-heading-xl"}
RESULT: {"using":"css selector","value":".govuk-heading-xl"}
COMMAND: GET /session/1fb33260729dd37bb95608e0eaa2a1ec/element/9E4A75A826B47A388A2596310BDBB385_element_1694/text - {}
RESULT: {}
COMMAND: POST /session/1fb33260729dd37bb95608e0eaa2a1ec/element - {"using":"xpath","value":".//caption[contains(., \"Price\") and not(.//caption)]"}
RESULT: {"using":"xpath","value":".//caption[contains(., \"Price\") and not(.//caption)]"}
COMMAND: POST /session/1fb33260729dd37bb95608e0eaa2a1ec/execute/sync - {"script":"return (function (elem, id) {\n        return (function parentElement() {\n        return this.parentElement;\n    }).call(elem, id);\n    }).apply(null, arguments)","args":[{"element-6066-11e4-a52e-4f735466cecf":"9E4A75A826B47A388A2596310BDBB385_element_1695","ELEMENT":"9E4A75A826B47A388A2596310BDBB385_element_1695"}]}
RESULT: {"script":"return (function (elem, id) {\n        return (function parentElement() {\n        return this.parentElement;\n    }).call(elem, id);\n    }).apply(null, arguments)","args":[{"element-6066-11e4-a52e-4f735466cecf":"9E4A75A826B47A388A2596310BDBB385_element_1695","ELEMENT":"9E4A75A826B47A388A2596310BDBB385_element_1695"}]}
COMMAND: POST /session/1fb33260729dd37bb95608e0eaa2a1ec/execute/sync - {"script":"return (function isElementDisplayed(element) {\n    function nodeIsElement(node) {\n        if (!node) {\n            return false;\n        }\n        switch (node.nodeType) {\n            case Node.ELEMEN ... (7807 more bytes)","args":[{"element-6066-11e4-a52e-4f735466cecf":"9E4A75A826B47A388A2596310BDBB385_element_1696","ELEMENT":"9E4A75A826B47A388A2596310BDBB385_element_1696"}]}
RESULT: {"script":"return (function isElementDisplayed(element) {\n    function nodeIsElement(node) {\n        if (!node) {\n            return false;\n        }\n        switch (node.nodeType) {\n            case Node.ELEMEN ... (7807 more bytes)","args":[{"element-6066-11e4-a52e-4f735466cecf":"9E4A75A826B47A388A2596310BDBB385_element_1696","ELEMENT":"9E4A75A826B47A388A2596310BDBB385_element_1696"}]}
COMMAND: POST /session/1fb33260729dd37bb95608e0eaa2a1ec/element/9E4A75A826B47A388A2596310BDBB385_element_1696/elements - {"using":"css selector","value":"tbody tr"}
RESULT: {"using":"css selector","value":"tbody tr"}
COMMAND: POST /session/1fb33260729dd37bb95608e0eaa2a1ec/element/9E4A75A826B47A388A2596310BDBB385_element_1696/element - {"using":"css selector","value":"thead tr"}
RESULT: {"using":"css selector","value":"thead tr"}
COMMAND: POST /session/1fb33260729dd37bb95608e0eaa2a1ec/element/9E4A75A826B47A388A2596310BDBB385_element_1698/elements - {"using":"css selector","value":"th"}
RESULT: {"using":"css selector","value":"th"}
COMMAND: GET /session/1fb33260729dd37bb95608e0eaa2a1ec/element/9E4A75A826B47A388A2596310BDBB385_element_1699/text - {}
COMMAND: GET /session/1fb33260729dd37bb95608e0eaa2a1ec/element/9E4A75A826B47A388A2596310BDBB385_element_1700/text - {}
COMMAND: GET /session/1fb33260729dd37bb95608e0eaa2a1ec/element/9E4A75A826B47A388A2596310BDBB385_element_1702/text - {}
COMMAND: GET /session/1fb33260729dd37bb95608e0eaa2a1ec/element/9E4A75A826B47A388A2596310BDBB385_element_1701/text - {}
RESULT: {}
RESULT: {}
RESULT: {}
RESULT: {}
COMMAND: POST /session/1fb33260729dd37bb95608e0eaa2a1ec/element/9E4A75A826B47A388A2596310BDBB385_element_1697/elements - {"using":"css selector","value":"th,td"}
RESULT: {"using":"css selector","value":"th,td"}
COMMAND: GET /session/1fb33260729dd37bb95608e0eaa2a1ec/element/9E4A75A826B47A388A2596310BDBB385_element_1703/text - {}
RESULT: {}
COMMAND: GET /session/1fb33260729dd37bb95608e0eaa2a1ec/element/9E4A75A826B47A388A2596310BDBB385_element_1704/text - {}
RESULT: {}
COMMAND: GET /session/1fb33260729dd37bb95608e0eaa2a1ec/element/9E4A75A826B47A388A2596310BDBB385_element_1705/text - {}
RESULT: {}
COMMAND: GET /session/1fb33260729dd37bb95608e0eaa2a1ec/element/9E4A75A826B47A388A2596310BDBB385_element_1706/text - {}
RESULT: {}
]]></system-out>
    </testcase>
    <testcase classname="chrome.117_0_5938_132.linux.Invoice_Page_Test.Vendor:_Vendor_Six,Invoice:2005-Q2" name="should validate measured events table data" time="0.582">
      <system-out><![CDATA[
COMMAND: POST /session/1fb33260729dd37bb95608e0eaa2a1ec/url - {"url":"https://pr-509.btm.dev.account.gov.uk/contracts/6/invoices/2005-q2"}
RESULT: {"url":"https://pr-509.btm.dev.account.gov.uk/contracts/6/invoices/2005-q2"}
COMMAND: POST /session/1fb33260729dd37bb95608e0eaa2a1ec/execute/sync - {"script":"return (() => document.readyState === \"complete\").apply(null, arguments)","args":[]}
RESULT: {"script":"return (() => document.readyState === \"complete\").apply(null, arguments)","args":[]}
COMMAND: GET /session/1fb33260729dd37bb95608e0eaa2a1ec/url - {}
RESULT: {}
COMMAND: POST /session/1fb33260729dd37bb95608e0eaa2a1ec/element - {"using":"css selector","value":".govuk-heading-xl"}
RESULT: {"using":"css selector","value":".govuk-heading-xl"}
COMMAND: POST /session/1fb33260729dd37bb95608e0eaa2a1ec/execute/sync - {"script":"return (function isElementDisplayed(element) {\n    function nodeIsElement(node) {\n        if (!node) {\n            return false;\n        }\n        switch (node.nodeType) {\n            case Node.ELEMEN ... (7807 more bytes)","args":[{"element-6066-11e4-a52e-4f735466cecf":"71F0502F5E6F77C623BF9EC077303821_element_1709","ELEMENT":"71F0502F5E6F77C623BF9EC077303821_element_1709"}]}
RESULT: {"script":"return (function isElementDisplayed(element) {\n    function nodeIsElement(node) {\n        if (!node) {\n            return false;\n        }\n        switch (node.nodeType) {\n            case Node.ELEMEN ... (7807 more bytes)","args":[{"element-6066-11e4-a52e-4f735466cecf":"71F0502F5E6F77C623BF9EC077303821_element_1709","ELEMENT":"71F0502F5E6F77C623BF9EC077303821_element_1709"}]}
COMMAND: POST /session/1fb33260729dd37bb95608e0eaa2a1ec/element - {"using":"css selector","value":".govuk-heading-xl"}
RESULT: {"using":"css selector","value":".govuk-heading-xl"}
COMMAND: GET /session/1fb33260729dd37bb95608e0eaa2a1ec/element/71F0502F5E6F77C623BF9EC077303821_element_1709/text - {}
RESULT: {}
COMMAND: POST /session/1fb33260729dd37bb95608e0eaa2a1ec/element - {"using":"xpath","value":".//caption[contains(., \"Measured (events)\") and not(.//caption)]"}
RESULT: {"using":"xpath","value":".//caption[contains(., \"Measured (events)\") and not(.//caption)]"}
COMMAND: POST /session/1fb33260729dd37bb95608e0eaa2a1ec/execute/sync - {"script":"return (function (elem, id) {\n        return (function parentElement() {\n        return this.parentElement;\n    }).call(elem, id);\n    }).apply(null, arguments)","args":[{"element-6066-11e4-a52e-4f735466cecf":"71F0502F5E6F77C623BF9EC077303821_element_1710","ELEMENT":"71F0502F5E6F77C623BF9EC077303821_element_1710"}]}
RESULT: {"script":"return (function (elem, id) {\n        return (function parentElement() {\n        return this.parentElement;\n    }).call(elem, id);\n    }).apply(null, arguments)","args":[{"element-6066-11e4-a52e-4f735466cecf":"71F0502F5E6F77C623BF9EC077303821_element_1710","ELEMENT":"71F0502F5E6F77C623BF9EC077303821_element_1710"}]}
COMMAND: POST /session/1fb33260729dd37bb95608e0eaa2a1ec/execute/sync - {"script":"return (function isElementDisplayed(element) {\n    function nodeIsElement(node) {\n        if (!node) {\n            return false;\n        }\n        switch (node.nodeType) {\n            case Node.ELEMEN ... (7807 more bytes)","args":[{"element-6066-11e4-a52e-4f735466cecf":"71F0502F5E6F77C623BF9EC077303821_element_1711","ELEMENT":"71F0502F5E6F77C623BF9EC077303821_element_1711"}]}
RESULT: {"script":"return (function isElementDisplayed(element) {\n    function nodeIsElement(node) {\n        if (!node) {\n            return false;\n        }\n        switch (node.nodeType) {\n            case Node.ELEMEN ... (7807 more bytes)","args":[{"element-6066-11e4-a52e-4f735466cecf":"71F0502F5E6F77C623BF9EC077303821_element_1711","ELEMENT":"71F0502F5E6F77C623BF9EC077303821_element_1711"}]}
COMMAND: POST /session/1fb33260729dd37bb95608e0eaa2a1ec/element/71F0502F5E6F77C623BF9EC077303821_element_1711/elements - {"using":"css selector","value":"tbody tr"}
RESULT: {"using":"css selector","value":"tbody tr"}
COMMAND: POST /session/1fb33260729dd37bb95608e0eaa2a1ec/element/71F0502F5E6F77C623BF9EC077303821_element_1711/element - {"using":"css selector","value":"thead tr"}
RESULT: {"using":"css selector","value":"thead tr"}
COMMAND: POST /session/1fb33260729dd37bb95608e0eaa2a1ec/element/71F0502F5E6F77C623BF9EC077303821_element_1713/elements - {"using":"css selector","value":"th"}
RESULT: {"using":"css selector","value":"th"}
COMMAND: GET /session/1fb33260729dd37bb95608e0eaa2a1ec/element/71F0502F5E6F77C623BF9EC077303821_element_1714/text - {}
COMMAND: GET /session/1fb33260729dd37bb95608e0eaa2a1ec/element/71F0502F5E6F77C623BF9EC077303821_element_1715/text - {}
RESULT: {}
RESULT: {}
COMMAND: POST /session/1fb33260729dd37bb95608e0eaa2a1ec/element/71F0502F5E6F77C623BF9EC077303821_element_1712/elements - {"using":"css selector","value":"th,td"}
RESULT: {"using":"css selector","value":"th,td"}
COMMAND: GET /session/1fb33260729dd37bb95608e0eaa2a1ec/element/71F0502F5E6F77C623BF9EC077303821_element_1716/text - {}
RESULT: {}
COMMAND: GET /session/1fb33260729dd37bb95608e0eaa2a1ec/element/71F0502F5E6F77C623BF9EC077303821_element_1717/text - {}
RESULT: {}
]]></system-out>
    </testcase>
    <testcase classname="chrome.117_0_5938_132.linux.Invoice_Page_Test.Vendor:_Vendor_Six,Invoice:2005-Q2" name="should validate invoice table data" time="0.725">
      <system-out><![CDATA[
COMMAND: POST /session/1fb33260729dd37bb95608e0eaa2a1ec/url - {"url":"https://pr-509.btm.dev.account.gov.uk/contracts/6/invoices/2005-q2"}
RESULT: {"url":"https://pr-509.btm.dev.account.gov.uk/contracts/6/invoices/2005-q2"}
COMMAND: POST /session/1fb33260729dd37bb95608e0eaa2a1ec/execute/sync - {"script":"return (() => document.readyState === \"complete\").apply(null, arguments)","args":[]}
RESULT: {"script":"return (() => document.readyState === \"complete\").apply(null, arguments)","args":[]}
COMMAND: GET /session/1fb33260729dd37bb95608e0eaa2a1ec/url - {}
RESULT: {}
COMMAND: POST /session/1fb33260729dd37bb95608e0eaa2a1ec/element - {"using":"css selector","value":".govuk-heading-xl"}
RESULT: {"using":"css selector","value":".govuk-heading-xl"}
COMMAND: POST /session/1fb33260729dd37bb95608e0eaa2a1ec/execute/sync - {"script":"return (function isElementDisplayed(element) {\n    function nodeIsElement(node) {\n        if (!node) {\n            return false;\n        }\n        switch (node.nodeType) {\n            case Node.ELEMEN ... (7807 more bytes)","args":[{"element-6066-11e4-a52e-4f735466cecf":"4ADBB2A2F4DF27D44CB6F1344ECE1BC0_element_1722","ELEMENT":"4ADBB2A2F4DF27D44CB6F1344ECE1BC0_element_1722"}]}
RESULT: {"script":"return (function isElementDisplayed(element) {\n    function nodeIsElement(node) {\n        if (!node) {\n            return false;\n        }\n        switch (node.nodeType) {\n            case Node.ELEMEN ... (7807 more bytes)","args":[{"element-6066-11e4-a52e-4f735466cecf":"4ADBB2A2F4DF27D44CB6F1344ECE1BC0_element_1722","ELEMENT":"4ADBB2A2F4DF27D44CB6F1344ECE1BC0_element_1722"}]}
COMMAND: POST /session/1fb33260729dd37bb95608e0eaa2a1ec/element - {"using":"css selector","value":".govuk-heading-xl"}
RESULT: {"using":"css selector","value":".govuk-heading-xl"}
COMMAND: GET /session/1fb33260729dd37bb95608e0eaa2a1ec/element/4ADBB2A2F4DF27D44CB6F1344ECE1BC0_element_1722/text - {}
RESULT: {}
COMMAND: POST /session/1fb33260729dd37bb95608e0eaa2a1ec/element - {"using":"xpath","value":".//caption[contains(., \"Invoice\") and not(.//caption)]"}
RESULT: {"using":"xpath","value":".//caption[contains(., \"Invoice\") and not(.//caption)]"}
COMMAND: POST /session/1fb33260729dd37bb95608e0eaa2a1ec/execute/sync - {"script":"return (function (elem, id) {\n        return (function parentElement() {\n        return this.parentElement;\n    }).call(elem, id);\n    }).apply(null, arguments)","args":[{"element-6066-11e4-a52e-4f735466cecf":"4ADBB2A2F4DF27D44CB6F1344ECE1BC0_element_1723","ELEMENT":"4ADBB2A2F4DF27D44CB6F1344ECE1BC0_element_1723"}]}
RESULT: {"script":"return (function (elem, id) {\n        return (function parentElement() {\n        return this.parentElement;\n    }).call(elem, id);\n    }).apply(null, arguments)","args":[{"element-6066-11e4-a52e-4f735466cecf":"4ADBB2A2F4DF27D44CB6F1344ECE1BC0_element_1723","ELEMENT":"4ADBB2A2F4DF27D44CB6F1344ECE1BC0_element_1723"}]}
COMMAND: POST /session/1fb33260729dd37bb95608e0eaa2a1ec/execute/sync - {"script":"return (function isElementDisplayed(element) {\n    function nodeIsElement(node) {\n        if (!node) {\n            return false;\n        }\n        switch (node.nodeType) {\n            case Node.ELEMEN ... (7807 more bytes)","args":[{"element-6066-11e4-a52e-4f735466cecf":"4ADBB2A2F4DF27D44CB6F1344ECE1BC0_element_1724","ELEMENT":"4ADBB2A2F4DF27D44CB6F1344ECE1BC0_element_1724"}]}
RESULT: {"script":"return (function isElementDisplayed(element) {\n    function nodeIsElement(node) {\n        if (!node) {\n            return false;\n        }\n        switch (node.nodeType) {\n            case Node.ELEMEN ... (7807 more bytes)","args":[{"element-6066-11e4-a52e-4f735466cecf":"4ADBB2A2F4DF27D44CB6F1344ECE1BC0_element_1724","ELEMENT":"4ADBB2A2F4DF27D44CB6F1344ECE1BC0_element_1724"}]}
COMMAND: POST /session/1fb33260729dd37bb95608e0eaa2a1ec/element/4ADBB2A2F4DF27D44CB6F1344ECE1BC0_element_1724/elements - {"using":"css selector","value":"tbody tr"}
RESULT: {"using":"css selector","value":"tbody tr"}
COMMAND: POST /session/1fb33260729dd37bb95608e0eaa2a1ec/element/4ADBB2A2F4DF27D44CB6F1344ECE1BC0_element_1724/element - {"using":"css selector","value":"thead tr"}
RESULT: {"using":"css selector","value":"thead tr"}
COMMAND: POST /session/1fb33260729dd37bb95608e0eaa2a1ec/element/4ADBB2A2F4DF27D44CB6F1344ECE1BC0_element_1727/elements - {"using":"css selector","value":"th"}
RESULT: {"using":"css selector","value":"th"}
COMMAND: GET /session/1fb33260729dd37bb95608e0eaa2a1ec/element/4ADBB2A2F4DF27D44CB6F1344ECE1BC0_element_1728/text - {}
COMMAND: GET /session/1fb33260729dd37bb95608e0eaa2a1ec/element/4ADBB2A2F4DF27D44CB6F1344ECE1BC0_element_1729/text - {}
COMMAND: GET /session/1fb33260729dd37bb95608e0eaa2a1ec/element/4ADBB2A2F4DF27D44CB6F1344ECE1BC0_element_1731/text - {}
COMMAND: GET /session/1fb33260729dd37bb95608e0eaa2a1ec/element/4ADBB2A2F4DF27D44CB6F1344ECE1BC0_element_1730/text - {}
COMMAND: GET /session/1fb33260729dd37bb95608e0eaa2a1ec/element/4ADBB2A2F4DF27D44CB6F1344ECE1BC0_element_1732/text - {}
RESULT: {}
RESULT: {}
RESULT: {}
RESULT: {}
RESULT: {}
COMMAND: POST /session/1fb33260729dd37bb95608e0eaa2a1ec/element/4ADBB2A2F4DF27D44CB6F1344ECE1BC0_element_1725/elements - {"using":"css selector","value":"th,td"}
RESULT: {"using":"css selector","value":"th,td"}
COMMAND: GET /session/1fb33260729dd37bb95608e0eaa2a1ec/element/4ADBB2A2F4DF27D44CB6F1344ECE1BC0_element_1733/text - {}
RESULT: {}
COMMAND: GET /session/1fb33260729dd37bb95608e0eaa2a1ec/element/4ADBB2A2F4DF27D44CB6F1344ECE1BC0_element_1734/text - {}
RESULT: {}
COMMAND: GET /session/1fb33260729dd37bb95608e0eaa2a1ec/element/4ADBB2A2F4DF27D44CB6F1344ECE1BC0_element_1735/text - {}
RESULT: {}
COMMAND: GET /session/1fb33260729dd37bb95608e0eaa2a1ec/element/4ADBB2A2F4DF27D44CB6F1344ECE1BC0_element_1736/text - {}
RESULT: {}
COMMAND: GET /session/1fb33260729dd37bb95608e0eaa2a1ec/element/4ADBB2A2F4DF27D44CB6F1344ECE1BC0_element_1737/text - {}
RESULT: {}
COMMAND: POST /session/1fb33260729dd37bb95608e0eaa2a1ec/element/4ADBB2A2F4DF27D44CB6F1344ECE1BC0_element_1726/elements - {"using":"css selector","value":"th,td"}
RESULT: {"using":"css selector","value":"th,td"}
COMMAND: GET /session/1fb33260729dd37bb95608e0eaa2a1ec/element/4ADBB2A2F4DF27D44CB6F1344ECE1BC0_element_1738/text - {}
RESULT: {}
COMMAND: GET /session/1fb33260729dd37bb95608e0eaa2a1ec/element/4ADBB2A2F4DF27D44CB6F1344ECE1BC0_element_1739/text - {}
RESULT: {}
COMMAND: GET /session/1fb33260729dd37bb95608e0eaa2a1ec/element/4ADBB2A2F4DF27D44CB6F1344ECE1BC0_element_1740/text - {}
RESULT: {}
COMMAND: GET /session/1fb33260729dd37bb95608e0eaa2a1ec/element/4ADBB2A2F4DF27D44CB6F1344ECE1BC0_element_1741/text - {}
RESULT: {}
COMMAND: GET /session/1fb33260729dd37bb95608e0eaa2a1ec/element/4ADBB2A2F4DF27D44CB6F1344ECE1BC0_element_1742/text - {}
RESULT: {}
COMMAND: DELETE /session/1fb33260729dd37bb95608e0eaa2a1ec - {}
RESULT: {}
]]></system-out>
    </testcase>
  </testsuite>
</testsuites>