<?xml version="1.0" encoding="UTF-8"?>
<testsuites>
  <testsuite name="Contracts Page Test" timestamp="2023-09-21T13:46:55" time="20.684" tests="7" failures="0" errors="0" skipped="0">
    <properties>
      <property name="specId" value="0"/>
      <property name="suiteName" value="Contracts Page Test"/>
      <property name="capabilities" value="chrome.117_0_5938_88.linux"/>
      <property name="file" value="file://./ui-tests/specs/contract.spec.ts"/>
    </properties>
    <testcase classname="chrome.117_0_5938_88.linux.Contracts_Page_Test" name="UI list of vendors should match with vendor names in test data file" time="5.806">
      <system-out><![CDATA[
COMMAND: POST /session/743f73a422bb9ef147e34c09ba4aea4d/url - {"url":"https://pr-477.btm.dev.account.gov.uk/contracts"}
RESULT: {"url":"https://pr-477.btm.dev.account.gov.uk/contracts"}
COMMAND: POST /session/743f73a422bb9ef147e34c09ba4aea4d/execute/sync - {"script":"return (() => document.readyState === \"complete\").apply(null, arguments)","args":[]}
RESULT: {"script":"return (() => document.readyState === \"complete\").apply(null, arguments)","args":[]}
COMMAND: POST /session/743f73a422bb9ef147e34c09ba4aea4d/elements - {"using":"css selector","value":"ul.govuk-list li a"}
RESULT: {"using":"css selector","value":"ul.govuk-list li a"}
COMMAND: POST /session/743f73a422bb9ef147e34c09ba4aea4d/execute/sync - {"script":"return (function isElementDisplayed(element) {\n    function nodeIsElement(node) {\n        if (!node) {\n            return false;\n        }\n        switch (node.nodeType) {\n            case Node.ELEMEN ... (7807 more bytes)","args":[{"element-6066-11e4-a52e-4f735466cecf":"97E39212520429825F24438EA4670473_element_4","ELEMENT":"97E39212520429825F24438EA4670473_element_4"}]}
RESULT: {"script":"return (function isElementDisplayed(element) {\n    function nodeIsElement(node) {\n        if (!node) {\n            return false;\n        }\n        switch (node.nodeType) {\n            case Node.ELEMEN ... (7807 more bytes)","args":[{"element-6066-11e4-a52e-4f735466cecf":"97E39212520429825F24438EA4670473_element_4","ELEMENT":"97E39212520429825F24438EA4670473_element_4"}]}
COMMAND: GET /session/743f73a422bb9ef147e34c09ba4aea4d/element/97E39212520429825F24438EA4670473_element_4/text - {}
RESULT: {}
COMMAND: POST /session/743f73a422bb9ef147e34c09ba4aea4d/execute/sync - {"script":"return (function isElementDisplayed(element) {\n    function nodeIsElement(node) {\n        if (!node) {\n            return false;\n        }\n        switch (node.nodeType) {\n            case Node.ELEMEN ... (7807 more bytes)","args":[{"element-6066-11e4-a52e-4f735466cecf":"97E39212520429825F24438EA4670473_element_5","ELEMENT":"97E39212520429825F24438EA4670473_element_5"}]}
RESULT: {"script":"return (function isElementDisplayed(element) {\n    function nodeIsElement(node) {\n        if (!node) {\n            return false;\n        }\n        switch (node.nodeType) {\n            case Node.ELEMEN ... (7807 more bytes)","args":[{"element-6066-11e4-a52e-4f735466cecf":"97E39212520429825F24438EA4670473_element_5","ELEMENT":"97E39212520429825F24438EA4670473_element_5"}]}
COMMAND: GET /session/743f73a422bb9ef147e34c09ba4aea4d/element/97E39212520429825F24438EA4670473_element_5/text - {}
RESULT: {}
COMMAND: POST /session/743f73a422bb9ef147e34c09ba4aea4d/execute/sync - {"script":"return (function isElementDisplayed(element) {\n    function nodeIsElement(node) {\n        if (!node) {\n            return false;\n        }\n        switch (node.nodeType) {\n            case Node.ELEMEN ... (7807 more bytes)","args":[{"element-6066-11e4-a52e-4f735466cecf":"97E39212520429825F24438EA4670473_element_6","ELEMENT":"97E39212520429825F24438EA4670473_element_6"}]}
RESULT: {"script":"return (function isElementDisplayed(element) {\n    function nodeIsElement(node) {\n        if (!node) {\n            return false;\n        }\n        switch (node.nodeType) {\n            case Node.ELEMEN ... (7807 more bytes)","args":[{"element-6066-11e4-a52e-4f735466cecf":"97E39212520429825F24438EA4670473_element_6","ELEMENT":"97E39212520429825F24438EA4670473_element_6"}]}
COMMAND: GET /session/743f73a422bb9ef147e34c09ba4aea4d/element/97E39212520429825F24438EA4670473_element_6/text - {}
RESULT: {}
COMMAND: POST /session/743f73a422bb9ef147e34c09ba4aea4d/execute/sync - {"script":"return (function isElementDisplayed(element) {\n    function nodeIsElement(node) {\n        if (!node) {\n            return false;\n        }\n        switch (node.nodeType) {\n            case Node.ELEMEN ... (7807 more bytes)","args":[{"element-6066-11e4-a52e-4f735466cecf":"97E39212520429825F24438EA4670473_element_7","ELEMENT":"97E39212520429825F24438EA4670473_element_7"}]}
RESULT: {"script":"return (function isElementDisplayed(element) {\n    function nodeIsElement(node) {\n        if (!node) {\n            return false;\n        }\n        switch (node.nodeType) {\n            case Node.ELEMEN ... (7807 more bytes)","args":[{"element-6066-11e4-a52e-4f735466cecf":"97E39212520429825F24438EA4670473_element_7","ELEMENT":"97E39212520429825F24438EA4670473_element_7"}]}
COMMAND: GET /session/743f73a422bb9ef147e34c09ba4aea4d/element/97E39212520429825F24438EA4670473_element_7/text - {}
RESULT: {}
COMMAND: POST /session/743f73a422bb9ef147e34c09ba4aea4d/execute/sync - {"script":"return (function isElementDisplayed(element) {\n    function nodeIsElement(node) {\n        if (!node) {\n            return false;\n        }\n        switch (node.nodeType) {\n            case Node.ELEMEN ... (7807 more bytes)","args":[{"element-6066-11e4-a52e-4f735466cecf":"97E39212520429825F24438EA4670473_element_8","ELEMENT":"97E39212520429825F24438EA4670473_element_8"}]}
RESULT: {"script":"return (function isElementDisplayed(element) {\n    function nodeIsElement(node) {\n        if (!node) {\n            return false;\n        }\n        switch (node.nodeType) {\n            case Node.ELEMEN ... (7807 more bytes)","args":[{"element-6066-11e4-a52e-4f735466cecf":"97E39212520429825F24438EA4670473_element_8","ELEMENT":"97E39212520429825F24438EA4670473_element_8"}]}
COMMAND: GET /session/743f73a422bb9ef147e34c09ba4aea4d/element/97E39212520429825F24438EA4670473_element_8/text - {}
RESULT: {}
COMMAND: POST /session/743f73a422bb9ef147e34c09ba4aea4d/execute/sync - {"script":"return (function isElementDisplayed(element) {\n    function nodeIsElement(node) {\n        if (!node) {\n            return false;\n        }\n        switch (node.nodeType) {\n            case Node.ELEMEN ... (7807 more bytes)","args":[{"element-6066-11e4-a52e-4f735466cecf":"97E39212520429825F24438EA4670473_element_9","ELEMENT":"97E39212520429825F24438EA4670473_element_9"}]}
RESULT: {"script":"return (function isElementDisplayed(element) {\n    function nodeIsElement(node) {\n        if (!node) {\n            return false;\n        }\n        switch (node.nodeType) {\n            case Node.ELEMEN ... (7807 more bytes)","args":[{"element-6066-11e4-a52e-4f735466cecf":"97E39212520429825F24438EA4670473_element_9","ELEMENT":"97E39212520429825F24438EA4670473_element_9"}]}
COMMAND: GET /session/743f73a422bb9ef147e34c09ba4aea4d/element/97E39212520429825F24438EA4670473_element_9/text - {}
RESULT: {}
COMMAND: POST /session/743f73a422bb9ef147e34c09ba4aea4d/execute/sync - {"script":"return (function isElementDisplayed(element) {\n    function nodeIsElement(node) {\n        if (!node) {\n            return false;\n        }\n        switch (node.nodeType) {\n            case Node.ELEMEN ... (7807 more bytes)","args":[{"element-6066-11e4-a52e-4f735466cecf":"97E39212520429825F24438EA4670473_element_10","ELEMENT":"97E39212520429825F24438EA4670473_element_10"}]}
RESULT: {"script":"return (function isElementDisplayed(element) {\n    function nodeIsElement(node) {\n        if (!node) {\n            return false;\n        }\n        switch (node.nodeType) {\n            case Node.ELEMEN ... (7807 more bytes)","args":[{"element-6066-11e4-a52e-4f735466cecf":"97E39212520429825F24438EA4670473_element_10","ELEMENT":"97E39212520429825F24438EA4670473_element_10"}]}
COMMAND: GET /session/743f73a422bb9ef147e34c09ba4aea4d/element/97E39212520429825F24438EA4670473_element_10/text - {}
RESULT: {}
COMMAND: POST /session/743f73a422bb9ef147e34c09ba4aea4d/execute/sync - {"script":"return (function isElementDisplayed(element) {\n    function nodeIsElement(node) {\n        if (!node) {\n            return false;\n        }\n        switch (node.nodeType) {\n            case Node.ELEMEN ... (7807 more bytes)","args":[{"element-6066-11e4-a52e-4f735466cecf":"97E39212520429825F24438EA4670473_element_11","ELEMENT":"97E39212520429825F24438EA4670473_element_11"}]}
RESULT: {"script":"return (function isElementDisplayed(element) {\n    function nodeIsElement(node) {\n        if (!node) {\n            return false;\n        }\n        switch (node.nodeType) {\n            case Node.ELEMEN ... (7807 more bytes)","args":[{"element-6066-11e4-a52e-4f735466cecf":"97E39212520429825F24438EA4670473_element_11","ELEMENT":"97E39212520429825F24438EA4670473_element_11"}]}
COMMAND: GET /session/743f73a422bb9ef147e34c09ba4aea4d/element/97E39212520429825F24438EA4670473_element_11/text - {}
RESULT: {}
]]></system-out>
    </testcase>
    <testcase classname="chrome.117_0_5938_88.linux.Contracts_Page_Test" name="Should navigate to the invoice list page for Vendor Five" time="4.378">
      <system-out><![CDATA[
COMMAND: POST /session/743f73a422bb9ef147e34c09ba4aea4d/url - {"url":"https://pr-477.btm.dev.account.gov.uk/contracts"}
RESULT: {"url":"https://pr-477.btm.dev.account.gov.uk/contracts"}
COMMAND: POST /session/743f73a422bb9ef147e34c09ba4aea4d/execute/sync - {"script":"return (() => document.readyState === \"complete\").apply(null, arguments)","args":[]}
RESULT: {"script":"return (() => document.readyState === \"complete\").apply(null, arguments)","args":[]}
COMMAND: POST /session/743f73a422bb9ef147e34c09ba4aea4d/elements - {"using":"css selector","value":"ul.govuk-list li a"}
RESULT: {"using":"css selector","value":"ul.govuk-list li a"}
COMMAND: POST /session/743f73a422bb9ef147e34c09ba4aea4d/execute/sync - {"script":"return (function isElementDisplayed(element) {\n    function nodeIsElement(node) {\n        if (!node) {\n            return false;\n        }\n        switch (node.nodeType) {\n            case Node.ELEMEN ... (7807 more bytes)","args":[{"element-6066-11e4-a52e-4f735466cecf":"CA2B012E433D51DF8B9E404EE897B9A8_element_13","ELEMENT":"CA2B012E433D51DF8B9E404EE897B9A8_element_13"}]}
RESULT: {"script":"return (function isElementDisplayed(element) {\n    function nodeIsElement(node) {\n        if (!node) {\n            return false;\n        }\n        switch (node.nodeType) {\n            case Node.ELEMEN ... (7807 more bytes)","args":[{"element-6066-11e4-a52e-4f735466cecf":"CA2B012E433D51DF8B9E404EE897B9A8_element_13","ELEMENT":"CA2B012E433D51DF8B9E404EE897B9A8_element_13"}]}
COMMAND: GET /session/743f73a422bb9ef147e34c09ba4aea4d/element/CA2B012E433D51DF8B9E404EE897B9A8_element_13/text - {}
RESULT: {}
COMMAND: POST /session/743f73a422bb9ef147e34c09ba4aea4d/execute/sync - {"script":"return (function isElementDisplayed(element) {\n    function nodeIsElement(node) {\n        if (!node) {\n            return false;\n        }\n        switch (node.nodeType) {\n            case Node.ELEMEN ... (7807 more bytes)","args":[{"element-6066-11e4-a52e-4f735466cecf":"CA2B012E433D51DF8B9E404EE897B9A8_element_14","ELEMENT":"CA2B012E433D51DF8B9E404EE897B9A8_element_14"}]}
RESULT: {"script":"return (function isElementDisplayed(element) {\n    function nodeIsElement(node) {\n        if (!node) {\n            return false;\n        }\n        switch (node.nodeType) {\n            case Node.ELEMEN ... (7807 more bytes)","args":[{"element-6066-11e4-a52e-4f735466cecf":"CA2B012E433D51DF8B9E404EE897B9A8_element_14","ELEMENT":"CA2B012E433D51DF8B9E404EE897B9A8_element_14"}]}
COMMAND: GET /session/743f73a422bb9ef147e34c09ba4aea4d/element/CA2B012E433D51DF8B9E404EE897B9A8_element_14/text - {}
RESULT: {}
COMMAND: POST /session/743f73a422bb9ef147e34c09ba4aea4d/execute/sync - {"script":"return (function isElementDisplayed(element) {\n    function nodeIsElement(node) {\n        if (!node) {\n            return false;\n        }\n        switch (node.nodeType) {\n            case Node.ELEMEN ... (7807 more bytes)","args":[{"element-6066-11e4-a52e-4f735466cecf":"CA2B012E433D51DF8B9E404EE897B9A8_element_15","ELEMENT":"CA2B012E433D51DF8B9E404EE897B9A8_element_15"}]}
RESULT: {"script":"return (function isElementDisplayed(element) {\n    function nodeIsElement(node) {\n        if (!node) {\n            return false;\n        }\n        switch (node.nodeType) {\n            case Node.ELEMEN ... (7807 more bytes)","args":[{"element-6066-11e4-a52e-4f735466cecf":"CA2B012E433D51DF8B9E404EE897B9A8_element_15","ELEMENT":"CA2B012E433D51DF8B9E404EE897B9A8_element_15"}]}
COMMAND: GET /session/743f73a422bb9ef147e34c09ba4aea4d/element/CA2B012E433D51DF8B9E404EE897B9A8_element_15/text - {}
RESULT: {}
COMMAND: POST /session/743f73a422bb9ef147e34c09ba4aea4d/execute/sync - {"script":"return (function isElementDisplayed(element) {\n    function nodeIsElement(node) {\n        if (!node) {\n            return false;\n        }\n        switch (node.nodeType) {\n            case Node.ELEMEN ... (7807 more bytes)","args":[{"element-6066-11e4-a52e-4f735466cecf":"CA2B012E433D51DF8B9E404EE897B9A8_element_16","ELEMENT":"CA2B012E433D51DF8B9E404EE897B9A8_element_16"}]}
RESULT: {"script":"return (function isElementDisplayed(element) {\n    function nodeIsElement(node) {\n        if (!node) {\n            return false;\n        }\n        switch (node.nodeType) {\n            case Node.ELEMEN ... (7807 more bytes)","args":[{"element-6066-11e4-a52e-4f735466cecf":"CA2B012E433D51DF8B9E404EE897B9A8_element_16","ELEMENT":"CA2B012E433D51DF8B9E404EE897B9A8_element_16"}]}
COMMAND: GET /session/743f73a422bb9ef147e34c09ba4aea4d/element/CA2B012E433D51DF8B9E404EE897B9A8_element_16/text - {}
RESULT: {}
COMMAND: POST /session/743f73a422bb9ef147e34c09ba4aea4d/execute/sync - {"script":"return (function isElementDisplayed(element) {\n    function nodeIsElement(node) {\n        if (!node) {\n            return false;\n        }\n        switch (node.nodeType) {\n            case Node.ELEMEN ... (7807 more bytes)","args":[{"element-6066-11e4-a52e-4f735466cecf":"CA2B012E433D51DF8B9E404EE897B9A8_element_17","ELEMENT":"CA2B012E433D51DF8B9E404EE897B9A8_element_17"}]}
RESULT: {"script":"return (function isElementDisplayed(element) {\n    function nodeIsElement(node) {\n        if (!node) {\n            return false;\n        }\n        switch (node.nodeType) {\n            case Node.ELEMEN ... (7807 more bytes)","args":[{"element-6066-11e4-a52e-4f735466cecf":"CA2B012E433D51DF8B9E404EE897B9A8_element_17","ELEMENT":"CA2B012E433D51DF8B9E404EE897B9A8_element_17"}]}
COMMAND: GET /session/743f73a422bb9ef147e34c09ba4aea4d/element/CA2B012E433D51DF8B9E404EE897B9A8_element_17/text - {}
RESULT: {}
COMMAND: POST /session/743f73a422bb9ef147e34c09ba4aea4d/execute/sync - {"script":"return (function isElementDisplayed(element) {\n    function nodeIsElement(node) {\n        if (!node) {\n            return false;\n        }\n        switch (node.nodeType) {\n            case Node.ELEMEN ... (7807 more bytes)","args":[{"element-6066-11e4-a52e-4f735466cecf":"CA2B012E433D51DF8B9E404EE897B9A8_element_18","ELEMENT":"CA2B012E433D51DF8B9E404EE897B9A8_element_18"}]}
RESULT: {"script":"return (function isElementDisplayed(element) {\n    function nodeIsElement(node) {\n        if (!node) {\n            return false;\n        }\n        switch (node.nodeType) {\n            case Node.ELEMEN ... (7807 more bytes)","args":[{"element-6066-11e4-a52e-4f735466cecf":"CA2B012E433D51DF8B9E404EE897B9A8_element_18","ELEMENT":"CA2B012E433D51DF8B9E404EE897B9A8_element_18"}]}
COMMAND: GET /session/743f73a422bb9ef147e34c09ba4aea4d/element/CA2B012E433D51DF8B9E404EE897B9A8_element_18/text - {}
RESULT: {}
COMMAND: POST /session/743f73a422bb9ef147e34c09ba4aea4d/execute/sync - {"script":"return (function isElementDisplayed(element) {\n    function nodeIsElement(node) {\n        if (!node) {\n            return false;\n        }\n        switch (node.nodeType) {\n            case Node.ELEMEN ... (7807 more bytes)","args":[{"element-6066-11e4-a52e-4f735466cecf":"CA2B012E433D51DF8B9E404EE897B9A8_element_19","ELEMENT":"CA2B012E433D51DF8B9E404EE897B9A8_element_19"}]}
RESULT: {"script":"return (function isElementDisplayed(element) {\n    function nodeIsElement(node) {\n        if (!node) {\n            return false;\n        }\n        switch (node.nodeType) {\n            case Node.ELEMEN ... (7807 more bytes)","args":[{"element-6066-11e4-a52e-4f735466cecf":"CA2B012E433D51DF8B9E404EE897B9A8_element_19","ELEMENT":"CA2B012E433D51DF8B9E404EE897B9A8_element_19"}]}
COMMAND: GET /session/743f73a422bb9ef147e34c09ba4aea4d/element/CA2B012E433D51DF8B9E404EE897B9A8_element_19/text - {}
RESULT: {}
COMMAND: POST /session/743f73a422bb9ef147e34c09ba4aea4d/execute/sync - {"script":"return (function isElementDisplayed(element) {\n    function nodeIsElement(node) {\n        if (!node) {\n            return false;\n        }\n        switch (node.nodeType) {\n            case Node.ELEMEN ... (7807 more bytes)","args":[{"element-6066-11e4-a52e-4f735466cecf":"CA2B012E433D51DF8B9E404EE897B9A8_element_20","ELEMENT":"CA2B012E433D51DF8B9E404EE897B9A8_element_20"}]}
RESULT: {"script":"return (function isElementDisplayed(element) {\n    function nodeIsElement(node) {\n        if (!node) {\n            return false;\n        }\n        switch (node.nodeType) {\n            case Node.ELEMEN ... (7807 more bytes)","args":[{"element-6066-11e4-a52e-4f735466cecf":"CA2B012E433D51DF8B9E404EE897B9A8_element_20","ELEMENT":"CA2B012E433D51DF8B9E404EE897B9A8_element_20"}]}
COMMAND: GET /session/743f73a422bb9ef147e34c09ba4aea4d/element/CA2B012E433D51DF8B9E404EE897B9A8_element_20/text - {}
RESULT: {}
COMMAND: POST /session/743f73a422bb9ef147e34c09ba4aea4d/elements - {"using":"css selector","value":"ul.govuk-list li a"}
RESULT: {"using":"css selector","value":"ul.govuk-list li a"}
COMMAND: POST /session/743f73a422bb9ef147e34c09ba4aea4d/execute/sync - {"script":"return (function isElementDisplayed(element) {\n    function nodeIsElement(node) {\n        if (!node) {\n            return false;\n        }\n        switch (node.nodeType) {\n            case Node.ELEMEN ... (7807 more bytes)","args":[{"element-6066-11e4-a52e-4f735466cecf":"CA2B012E433D51DF8B9E404EE897B9A8_element_13","ELEMENT":"CA2B012E433D51DF8B9E404EE897B9A8_element_13"}]}
RESULT: {"script":"return (function isElementDisplayed(element) {\n    function nodeIsElement(node) {\n        if (!node) {\n            return false;\n        }\n        switch (node.nodeType) {\n            case Node.ELEMEN ... (7807 more bytes)","args":[{"element-6066-11e4-a52e-4f735466cecf":"CA2B012E433D51DF8B9E404EE897B9A8_element_13","ELEMENT":"CA2B012E433D51DF8B9E404EE897B9A8_element_13"}]}
COMMAND: GET /session/743f73a422bb9ef147e34c09ba4aea4d/element/CA2B012E433D51DF8B9E404EE897B9A8_element_13/text - {}
RESULT: {}
COMMAND: POST /session/743f73a422bb9ef147e34c09ba4aea4d/execute/sync - {"script":"return (function isElementDisplayed(element) {\n    function nodeIsElement(node) {\n        if (!node) {\n            return false;\n        }\n        switch (node.nodeType) {\n            case Node.ELEMEN ... (7807 more bytes)","args":[{"element-6066-11e4-a52e-4f735466cecf":"CA2B012E433D51DF8B9E404EE897B9A8_element_14","ELEMENT":"CA2B012E433D51DF8B9E404EE897B9A8_element_14"}]}
RESULT: {"script":"return (function isElementDisplayed(element) {\n    function nodeIsElement(node) {\n        if (!node) {\n            return false;\n        }\n        switch (node.nodeType) {\n            case Node.ELEMEN ... (7807 more bytes)","args":[{"element-6066-11e4-a52e-4f735466cecf":"CA2B012E433D51DF8B9E404EE897B9A8_element_14","ELEMENT":"CA2B012E433D51DF8B9E404EE897B9A8_element_14"}]}
COMMAND: GET /session/743f73a422bb9ef147e34c09ba4aea4d/element/CA2B012E433D51DF8B9E404EE897B9A8_element_14/text - {}
RESULT: {}
COMMAND: POST /session/743f73a422bb9ef147e34c09ba4aea4d/execute/sync - {"script":"return (function isElementDisplayed(element) {\n    function nodeIsElement(node) {\n        if (!node) {\n            return false;\n        }\n        switch (node.nodeType) {\n            case Node.ELEMEN ... (7807 more bytes)","args":[{"element-6066-11e4-a52e-4f735466cecf":"CA2B012E433D51DF8B9E404EE897B9A8_element_15","ELEMENT":"CA2B012E433D51DF8B9E404EE897B9A8_element_15"}]}
RESULT: {"script":"return (function isElementDisplayed(element) {\n    function nodeIsElement(node) {\n        if (!node) {\n            return false;\n        }\n        switch (node.nodeType) {\n            case Node.ELEMEN ... (7807 more bytes)","args":[{"element-6066-11e4-a52e-4f735466cecf":"CA2B012E433D51DF8B9E404EE897B9A8_element_15","ELEMENT":"CA2B012E433D51DF8B9E404EE897B9A8_element_15"}]}
COMMAND: GET /session/743f73a422bb9ef147e34c09ba4aea4d/element/CA2B012E433D51DF8B9E404EE897B9A8_element_15/text - {}
RESULT: {}
COMMAND: POST /session/743f73a422bb9ef147e34c09ba4aea4d/execute/sync - {"script":"return (function isElementDisplayed(element) {\n    function nodeIsElement(node) {\n        if (!node) {\n            return false;\n        }\n        switch (node.nodeType) {\n            case Node.ELEMEN ... (7807 more bytes)","args":[{"element-6066-11e4-a52e-4f735466cecf":"CA2B012E433D51DF8B9E404EE897B9A8_element_16","ELEMENT":"CA2B012E433D51DF8B9E404EE897B9A8_element_16"}]}
RESULT: {"script":"return (function isElementDisplayed(element) {\n    function nodeIsElement(node) {\n        if (!node) {\n            return false;\n        }\n        switch (node.nodeType) {\n            case Node.ELEMEN ... (7807 more bytes)","args":[{"element-6066-11e4-a52e-4f735466cecf":"CA2B012E433D51DF8B9E404EE897B9A8_element_16","ELEMENT":"CA2B012E433D51DF8B9E404EE897B9A8_element_16"}]}
COMMAND: GET /session/743f73a422bb9ef147e34c09ba4aea4d/element/CA2B012E433D51DF8B9E404EE897B9A8_element_16/text - {}
RESULT: {}
COMMAND: POST /session/743f73a422bb9ef147e34c09ba4aea4d/execute/sync - {"script":"return (function isElementDisplayed(element) {\n    function nodeIsElement(node) {\n        if (!node) {\n            return false;\n        }\n        switch (node.nodeType) {\n            case Node.ELEMEN ... (7807 more bytes)","args":[{"element-6066-11e4-a52e-4f735466cecf":"CA2B012E433D51DF8B9E404EE897B9A8_element_17","ELEMENT":"CA2B012E433D51DF8B9E404EE897B9A8_element_17"}]}
RESULT: {"script":"return (function isElementDisplayed(element) {\n    function nodeIsElement(node) {\n        if (!node) {\n            return false;\n        }\n        switch (node.nodeType) {\n            case Node.ELEMEN ... (7807 more bytes)","args":[{"element-6066-11e4-a52e-4f735466cecf":"CA2B012E433D51DF8B9E404EE897B9A8_element_17","ELEMENT":"CA2B012E433D51DF8B9E404EE897B9A8_element_17"}]}
COMMAND: GET /session/743f73a422bb9ef147e34c09ba4aea4d/element/CA2B012E433D51DF8B9E404EE897B9A8_element_17/text - {}
RESULT: {}
COMMAND: POST /session/743f73a422bb9ef147e34c09ba4aea4d/element/CA2B012E433D51DF8B9E404EE897B9A8_element_17/click - {}
RESULT: {}
COMMAND: POST /session/743f73a422bb9ef147e34c09ba4aea4d/execute/sync - {"script":"return (() => document.readyState === \"complete\").apply(null, arguments)","args":[]}
RESULT: {"script":"return (() => document.readyState === \"complete\").apply(null, arguments)","args":[]}
COMMAND: GET /session/743f73a422bb9ef147e34c09ba4aea4d/title - {}
RESULT: {}
]]></system-out>
    </testcase>
    <testcase classname="chrome.117_0_5938_88.linux.Contracts_Page_Test" name="Should navigate to the invoice list page for Vendor Four" time="1.951">
      <system-out><![CDATA[
COMMAND: POST /session/743f73a422bb9ef147e34c09ba4aea4d/url - {"url":"https://pr-477.btm.dev.account.gov.uk/contracts"}
RESULT: {"url":"https://pr-477.btm.dev.account.gov.uk/contracts"}
COMMAND: POST /session/743f73a422bb9ef147e34c09ba4aea4d/execute/sync - {"script":"return (() => document.readyState === \"complete\").apply(null, arguments)","args":[]}
RESULT: {"script":"return (() => document.readyState === \"complete\").apply(null, arguments)","args":[]}
COMMAND: POST /session/743f73a422bb9ef147e34c09ba4aea4d/elements - {"using":"css selector","value":"ul.govuk-list li a"}
RESULT: {"using":"css selector","value":"ul.govuk-list li a"}
COMMAND: POST /session/743f73a422bb9ef147e34c09ba4aea4d/execute/sync - {"script":"return (function isElementDisplayed(element) {\n    function nodeIsElement(node) {\n        if (!node) {\n            return false;\n        }\n        switch (node.nodeType) {\n            case Node.ELEMEN ... (7807 more bytes)","args":[{"element-6066-11e4-a52e-4f735466cecf":"8C3F3F2BE8A7ADE8F6A43559D83708D8_element_27","ELEMENT":"8C3F3F2BE8A7ADE8F6A43559D83708D8_element_27"}]}
RESULT: {"script":"return (function isElementDisplayed(element) {\n    function nodeIsElement(node) {\n        if (!node) {\n            return false;\n        }\n        switch (node.nodeType) {\n            case Node.ELEMEN ... (7807 more bytes)","args":[{"element-6066-11e4-a52e-4f735466cecf":"8C3F3F2BE8A7ADE8F6A43559D83708D8_element_27","ELEMENT":"8C3F3F2BE8A7ADE8F6A43559D83708D8_element_27"}]}
COMMAND: GET /session/743f73a422bb9ef147e34c09ba4aea4d/element/8C3F3F2BE8A7ADE8F6A43559D83708D8_element_27/text - {}
RESULT: {}
COMMAND: POST /session/743f73a422bb9ef147e34c09ba4aea4d/execute/sync - {"script":"return (function isElementDisplayed(element) {\n    function nodeIsElement(node) {\n        if (!node) {\n            return false;\n        }\n        switch (node.nodeType) {\n            case Node.ELEMEN ... (7807 more bytes)","args":[{"element-6066-11e4-a52e-4f735466cecf":"8C3F3F2BE8A7ADE8F6A43559D83708D8_element_28","ELEMENT":"8C3F3F2BE8A7ADE8F6A43559D83708D8_element_28"}]}
RESULT: {"script":"return (function isElementDisplayed(element) {\n    function nodeIsElement(node) {\n        if (!node) {\n            return false;\n        }\n        switch (node.nodeType) {\n            case Node.ELEMEN ... (7807 more bytes)","args":[{"element-6066-11e4-a52e-4f735466cecf":"8C3F3F2BE8A7ADE8F6A43559D83708D8_element_28","ELEMENT":"8C3F3F2BE8A7ADE8F6A43559D83708D8_element_28"}]}
COMMAND: GET /session/743f73a422bb9ef147e34c09ba4aea4d/element/8C3F3F2BE8A7ADE8F6A43559D83708D8_element_28/text - {}
RESULT: {}
COMMAND: POST /session/743f73a422bb9ef147e34c09ba4aea4d/execute/sync - {"script":"return (function isElementDisplayed(element) {\n    function nodeIsElement(node) {\n        if (!node) {\n            return false;\n        }\n        switch (node.nodeType) {\n            case Node.ELEMEN ... (7807 more bytes)","args":[{"element-6066-11e4-a52e-4f735466cecf":"8C3F3F2BE8A7ADE8F6A43559D83708D8_element_29","ELEMENT":"8C3F3F2BE8A7ADE8F6A43559D83708D8_element_29"}]}
RESULT: {"script":"return (function isElementDisplayed(element) {\n    function nodeIsElement(node) {\n        if (!node) {\n            return false;\n        }\n        switch (node.nodeType) {\n            case Node.ELEMEN ... (7807 more bytes)","args":[{"element-6066-11e4-a52e-4f735466cecf":"8C3F3F2BE8A7ADE8F6A43559D83708D8_element_29","ELEMENT":"8C3F3F2BE8A7ADE8F6A43559D83708D8_element_29"}]}
COMMAND: GET /session/743f73a422bb9ef147e34c09ba4aea4d/element/8C3F3F2BE8A7ADE8F6A43559D83708D8_element_29/text - {}
RESULT: {}
COMMAND: POST /session/743f73a422bb9ef147e34c09ba4aea4d/execute/sync - {"script":"return (function isElementDisplayed(element) {\n    function nodeIsElement(node) {\n        if (!node) {\n            return false;\n        }\n        switch (node.nodeType) {\n            case Node.ELEMEN ... (7807 more bytes)","args":[{"element-6066-11e4-a52e-4f735466cecf":"8C3F3F2BE8A7ADE8F6A43559D83708D8_element_30","ELEMENT":"8C3F3F2BE8A7ADE8F6A43559D83708D8_element_30"}]}
RESULT: {"script":"return (function isElementDisplayed(element) {\n    function nodeIsElement(node) {\n        if (!node) {\n            return false;\n        }\n        switch (node.nodeType) {\n            case Node.ELEMEN ... (7807 more bytes)","args":[{"element-6066-11e4-a52e-4f735466cecf":"8C3F3F2BE8A7ADE8F6A43559D83708D8_element_30","ELEMENT":"8C3F3F2BE8A7ADE8F6A43559D83708D8_element_30"}]}
COMMAND: GET /session/743f73a422bb9ef147e34c09ba4aea4d/element/8C3F3F2BE8A7ADE8F6A43559D83708D8_element_30/text - {}
RESULT: {}
COMMAND: POST /session/743f73a422bb9ef147e34c09ba4aea4d/execute/sync - {"script":"return (function isElementDisplayed(element) {\n    function nodeIsElement(node) {\n        if (!node) {\n            return false;\n        }\n        switch (node.nodeType) {\n            case Node.ELEMEN ... (7807 more bytes)","args":[{"element-6066-11e4-a52e-4f735466cecf":"8C3F3F2BE8A7ADE8F6A43559D83708D8_element_31","ELEMENT":"8C3F3F2BE8A7ADE8F6A43559D83708D8_element_31"}]}
RESULT: {"script":"return (function isElementDisplayed(element) {\n    function nodeIsElement(node) {\n        if (!node) {\n            return false;\n        }\n        switch (node.nodeType) {\n            case Node.ELEMEN ... (7807 more bytes)","args":[{"element-6066-11e4-a52e-4f735466cecf":"8C3F3F2BE8A7ADE8F6A43559D83708D8_element_31","ELEMENT":"8C3F3F2BE8A7ADE8F6A43559D83708D8_element_31"}]}
COMMAND: GET /session/743f73a422bb9ef147e34c09ba4aea4d/element/8C3F3F2BE8A7ADE8F6A43559D83708D8_element_31/text - {}
RESULT: {}
COMMAND: POST /session/743f73a422bb9ef147e34c09ba4aea4d/execute/sync - {"script":"return (function isElementDisplayed(element) {\n    function nodeIsElement(node) {\n        if (!node) {\n            return false;\n        }\n        switch (node.nodeType) {\n            case Node.ELEMEN ... (7807 more bytes)","args":[{"element-6066-11e4-a52e-4f735466cecf":"8C3F3F2BE8A7ADE8F6A43559D83708D8_element_32","ELEMENT":"8C3F3F2BE8A7ADE8F6A43559D83708D8_element_32"}]}
RESULT: {"script":"return (function isElementDisplayed(element) {\n    function nodeIsElement(node) {\n        if (!node) {\n            return false;\n        }\n        switch (node.nodeType) {\n            case Node.ELEMEN ... (7807 more bytes)","args":[{"element-6066-11e4-a52e-4f735466cecf":"8C3F3F2BE8A7ADE8F6A43559D83708D8_element_32","ELEMENT":"8C3F3F2BE8A7ADE8F6A43559D83708D8_element_32"}]}
COMMAND: GET /session/743f73a422bb9ef147e34c09ba4aea4d/element/8C3F3F2BE8A7ADE8F6A43559D83708D8_element_32/text - {}
RESULT: {}
COMMAND: POST /session/743f73a422bb9ef147e34c09ba4aea4d/execute/sync - {"script":"return (function isElementDisplayed(element) {\n    function nodeIsElement(node) {\n        if (!node) {\n            return false;\n        }\n        switch (node.nodeType) {\n            case Node.ELEMEN ... (7807 more bytes)","args":[{"element-6066-11e4-a52e-4f735466cecf":"8C3F3F2BE8A7ADE8F6A43559D83708D8_element_33","ELEMENT":"8C3F3F2BE8A7ADE8F6A43559D83708D8_element_33"}]}
RESULT: {"script":"return (function isElementDisplayed(element) {\n    function nodeIsElement(node) {\n        if (!node) {\n            return false;\n        }\n        switch (node.nodeType) {\n            case Node.ELEMEN ... (7807 more bytes)","args":[{"element-6066-11e4-a52e-4f735466cecf":"8C3F3F2BE8A7ADE8F6A43559D83708D8_element_33","ELEMENT":"8C3F3F2BE8A7ADE8F6A43559D83708D8_element_33"}]}
COMMAND: GET /session/743f73a422bb9ef147e34c09ba4aea4d/element/8C3F3F2BE8A7ADE8F6A43559D83708D8_element_33/text - {}
RESULT: {}
COMMAND: POST /session/743f73a422bb9ef147e34c09ba4aea4d/execute/sync - {"script":"return (function isElementDisplayed(element) {\n    function nodeIsElement(node) {\n        if (!node) {\n            return false;\n        }\n        switch (node.nodeType) {\n            case Node.ELEMEN ... (7807 more bytes)","args":[{"element-6066-11e4-a52e-4f735466cecf":"8C3F3F2BE8A7ADE8F6A43559D83708D8_element_34","ELEMENT":"8C3F3F2BE8A7ADE8F6A43559D83708D8_element_34"}]}
RESULT: {"script":"return (function isElementDisplayed(element) {\n    function nodeIsElement(node) {\n        if (!node) {\n            return false;\n        }\n        switch (node.nodeType) {\n            case Node.ELEMEN ... (7807 more bytes)","args":[{"element-6066-11e4-a52e-4f735466cecf":"8C3F3F2BE8A7ADE8F6A43559D83708D8_element_34","ELEMENT":"8C3F3F2BE8A7ADE8F6A43559D83708D8_element_34"}]}
COMMAND: GET /session/743f73a422bb9ef147e34c09ba4aea4d/element/8C3F3F2BE8A7ADE8F6A43559D83708D8_element_34/text - {}
RESULT: {}
COMMAND: POST /session/743f73a422bb9ef147e34c09ba4aea4d/elements - {"using":"css selector","value":"ul.govuk-list li a"}
RESULT: {"using":"css selector","value":"ul.govuk-list li a"}
COMMAND: POST /session/743f73a422bb9ef147e34c09ba4aea4d/execute/sync - {"script":"return (function isElementDisplayed(element) {\n    function nodeIsElement(node) {\n        if (!node) {\n            return false;\n        }\n        switch (node.nodeType) {\n            case Node.ELEMEN ... (7807 more bytes)","args":[{"element-6066-11e4-a52e-4f735466cecf":"8C3F3F2BE8A7ADE8F6A43559D83708D8_element_27","ELEMENT":"8C3F3F2BE8A7ADE8F6A43559D83708D8_element_27"}]}
RESULT: {"script":"return (function isElementDisplayed(element) {\n    function nodeIsElement(node) {\n        if (!node) {\n            return false;\n        }\n        switch (node.nodeType) {\n            case Node.ELEMEN ... (7807 more bytes)","args":[{"element-6066-11e4-a52e-4f735466cecf":"8C3F3F2BE8A7ADE8F6A43559D83708D8_element_27","ELEMENT":"8C3F3F2BE8A7ADE8F6A43559D83708D8_element_27"}]}
COMMAND: GET /session/743f73a422bb9ef147e34c09ba4aea4d/element/8C3F3F2BE8A7ADE8F6A43559D83708D8_element_27/text - {}
RESULT: {}
COMMAND: POST /session/743f73a422bb9ef147e34c09ba4aea4d/execute/sync - {"script":"return (function isElementDisplayed(element) {\n    function nodeIsElement(node) {\n        if (!node) {\n            return false;\n        }\n        switch (node.nodeType) {\n            case Node.ELEMEN ... (7807 more bytes)","args":[{"element-6066-11e4-a52e-4f735466cecf":"8C3F3F2BE8A7ADE8F6A43559D83708D8_element_28","ELEMENT":"8C3F3F2BE8A7ADE8F6A43559D83708D8_element_28"}]}
RESULT: {"script":"return (function isElementDisplayed(element) {\n    function nodeIsElement(node) {\n        if (!node) {\n            return false;\n        }\n        switch (node.nodeType) {\n            case Node.ELEMEN ... (7807 more bytes)","args":[{"element-6066-11e4-a52e-4f735466cecf":"8C3F3F2BE8A7ADE8F6A43559D83708D8_element_28","ELEMENT":"8C3F3F2BE8A7ADE8F6A43559D83708D8_element_28"}]}
COMMAND: GET /session/743f73a422bb9ef147e34c09ba4aea4d/element/8C3F3F2BE8A7ADE8F6A43559D83708D8_element_28/text - {}
RESULT: {}
COMMAND: POST /session/743f73a422bb9ef147e34c09ba4aea4d/execute/sync - {"script":"return (function isElementDisplayed(element) {\n    function nodeIsElement(node) {\n        if (!node) {\n            return false;\n        }\n        switch (node.nodeType) {\n            case Node.ELEMEN ... (7807 more bytes)","args":[{"element-6066-11e4-a52e-4f735466cecf":"8C3F3F2BE8A7ADE8F6A43559D83708D8_element_29","ELEMENT":"8C3F3F2BE8A7ADE8F6A43559D83708D8_element_29"}]}
RESULT: {"script":"return (function isElementDisplayed(element) {\n    function nodeIsElement(node) {\n        if (!node) {\n            return false;\n        }\n        switch (node.nodeType) {\n            case Node.ELEMEN ... (7807 more bytes)","args":[{"element-6066-11e4-a52e-4f735466cecf":"8C3F3F2BE8A7ADE8F6A43559D83708D8_element_29","ELEMENT":"8C3F3F2BE8A7ADE8F6A43559D83708D8_element_29"}]}
COMMAND: GET /session/743f73a422bb9ef147e34c09ba4aea4d/element/8C3F3F2BE8A7ADE8F6A43559D83708D8_element_29/text - {}
RESULT: {}
COMMAND: POST /session/743f73a422bb9ef147e34c09ba4aea4d/execute/sync - {"script":"return (function isElementDisplayed(element) {\n    function nodeIsElement(node) {\n        if (!node) {\n            return false;\n        }\n        switch (node.nodeType) {\n            case Node.ELEMEN ... (7807 more bytes)","args":[{"element-6066-11e4-a52e-4f735466cecf":"8C3F3F2BE8A7ADE8F6A43559D83708D8_element_30","ELEMENT":"8C3F3F2BE8A7ADE8F6A43559D83708D8_element_30"}]}
RESULT: {"script":"return (function isElementDisplayed(element) {\n    function nodeIsElement(node) {\n        if (!node) {\n            return false;\n        }\n        switch (node.nodeType) {\n            case Node.ELEMEN ... (7807 more bytes)","args":[{"element-6066-11e4-a52e-4f735466cecf":"8C3F3F2BE8A7ADE8F6A43559D83708D8_element_30","ELEMENT":"8C3F3F2BE8A7ADE8F6A43559D83708D8_element_30"}]}
COMMAND: GET /session/743f73a422bb9ef147e34c09ba4aea4d/element/8C3F3F2BE8A7ADE8F6A43559D83708D8_element_30/text - {}
RESULT: {}
COMMAND: POST /session/743f73a422bb9ef147e34c09ba4aea4d/element/8C3F3F2BE8A7ADE8F6A43559D83708D8_element_30/click - {}
RESULT: {}
COMMAND: POST /session/743f73a422bb9ef147e34c09ba4aea4d/execute/sync - {"script":"return (() => document.readyState === \"complete\").apply(null, arguments)","args":[]}
RESULT: {"script":"return (() => document.readyState === \"complete\").apply(null, arguments)","args":[]}
COMMAND: GET /session/743f73a422bb9ef147e34c09ba4aea4d/title - {}
RESULT: {}
]]></system-out>
    </testcase>
    <testcase classname="chrome.117_0_5938_88.linux.Contracts_Page_Test" name="Should navigate to the invoice list page for Vendor One" time="1.606">
      <system-out><![CDATA[
COMMAND: POST /session/743f73a422bb9ef147e34c09ba4aea4d/url - {"url":"https://pr-477.btm.dev.account.gov.uk/contracts"}
RESULT: {"url":"https://pr-477.btm.dev.account.gov.uk/contracts"}
COMMAND: POST /session/743f73a422bb9ef147e34c09ba4aea4d/execute/sync - {"script":"return (() => document.readyState === \"complete\").apply(null, arguments)","args":[]}
RESULT: {"script":"return (() => document.readyState === \"complete\").apply(null, arguments)","args":[]}
COMMAND: POST /session/743f73a422bb9ef147e34c09ba4aea4d/elements - {"using":"css selector","value":"ul.govuk-list li a"}
RESULT: {"using":"css selector","value":"ul.govuk-list li a"}
COMMAND: POST /session/743f73a422bb9ef147e34c09ba4aea4d/execute/sync - {"script":"return (function isElementDisplayed(element) {\n    function nodeIsElement(node) {\n        if (!node) {\n            return false;\n        }\n        switch (node.nodeType) {\n            case Node.ELEMEN ... (7807 more bytes)","args":[{"element-6066-11e4-a52e-4f735466cecf":"E6DB84C4655289EB6EF0BE4A1D08B970_element_39","ELEMENT":"E6DB84C4655289EB6EF0BE4A1D08B970_element_39"}]}
RESULT: {"script":"return (function isElementDisplayed(element) {\n    function nodeIsElement(node) {\n        if (!node) {\n            return false;\n        }\n        switch (node.nodeType) {\n            case Node.ELEMEN ... (7807 more bytes)","args":[{"element-6066-11e4-a52e-4f735466cecf":"E6DB84C4655289EB6EF0BE4A1D08B970_element_39","ELEMENT":"E6DB84C4655289EB6EF0BE4A1D08B970_element_39"}]}
COMMAND: GET /session/743f73a422bb9ef147e34c09ba4aea4d/element/E6DB84C4655289EB6EF0BE4A1D08B970_element_39/text - {}
RESULT: {}
COMMAND: POST /session/743f73a422bb9ef147e34c09ba4aea4d/execute/sync - {"script":"return (function isElementDisplayed(element) {\n    function nodeIsElement(node) {\n        if (!node) {\n            return false;\n        }\n        switch (node.nodeType) {\n            case Node.ELEMEN ... (7807 more bytes)","args":[{"element-6066-11e4-a52e-4f735466cecf":"E6DB84C4655289EB6EF0BE4A1D08B970_element_40","ELEMENT":"E6DB84C4655289EB6EF0BE4A1D08B970_element_40"}]}
RESULT: {"script":"return (function isElementDisplayed(element) {\n    function nodeIsElement(node) {\n        if (!node) {\n            return false;\n        }\n        switch (node.nodeType) {\n            case Node.ELEMEN ... (7807 more bytes)","args":[{"element-6066-11e4-a52e-4f735466cecf":"E6DB84C4655289EB6EF0BE4A1D08B970_element_40","ELEMENT":"E6DB84C4655289EB6EF0BE4A1D08B970_element_40"}]}
COMMAND: GET /session/743f73a422bb9ef147e34c09ba4aea4d/element/E6DB84C4655289EB6EF0BE4A1D08B970_element_40/text - {}
RESULT: {}
COMMAND: POST /session/743f73a422bb9ef147e34c09ba4aea4d/execute/sync - {"script":"return (function isElementDisplayed(element) {\n    function nodeIsElement(node) {\n        if (!node) {\n            return false;\n        }\n        switch (node.nodeType) {\n            case Node.ELEMEN ... (7807 more bytes)","args":[{"element-6066-11e4-a52e-4f735466cecf":"E6DB84C4655289EB6EF0BE4A1D08B970_element_41","ELEMENT":"E6DB84C4655289EB6EF0BE4A1D08B970_element_41"}]}
RESULT: {"script":"return (function isElementDisplayed(element) {\n    function nodeIsElement(node) {\n        if (!node) {\n            return false;\n        }\n        switch (node.nodeType) {\n            case Node.ELEMEN ... (7807 more bytes)","args":[{"element-6066-11e4-a52e-4f735466cecf":"E6DB84C4655289EB6EF0BE4A1D08B970_element_41","ELEMENT":"E6DB84C4655289EB6EF0BE4A1D08B970_element_41"}]}
COMMAND: GET /session/743f73a422bb9ef147e34c09ba4aea4d/element/E6DB84C4655289EB6EF0BE4A1D08B970_element_41/text - {}
RESULT: {}
COMMAND: POST /session/743f73a422bb9ef147e34c09ba4aea4d/execute/sync - {"script":"return (function isElementDisplayed(element) {\n    function nodeIsElement(node) {\n        if (!node) {\n            return false;\n        }\n        switch (node.nodeType) {\n            case Node.ELEMEN ... (7807 more bytes)","args":[{"element-6066-11e4-a52e-4f735466cecf":"E6DB84C4655289EB6EF0BE4A1D08B970_element_42","ELEMENT":"E6DB84C4655289EB6EF0BE4A1D08B970_element_42"}]}
RESULT: {"script":"return (function isElementDisplayed(element) {\n    function nodeIsElement(node) {\n        if (!node) {\n            return false;\n        }\n        switch (node.nodeType) {\n            case Node.ELEMEN ... (7807 more bytes)","args":[{"element-6066-11e4-a52e-4f735466cecf":"E6DB84C4655289EB6EF0BE4A1D08B970_element_42","ELEMENT":"E6DB84C4655289EB6EF0BE4A1D08B970_element_42"}]}
COMMAND: GET /session/743f73a422bb9ef147e34c09ba4aea4d/element/E6DB84C4655289EB6EF0BE4A1D08B970_element_42/text - {}
RESULT: {}
COMMAND: POST /session/743f73a422bb9ef147e34c09ba4aea4d/execute/sync - {"script":"return (function isElementDisplayed(element) {\n    function nodeIsElement(node) {\n        if (!node) {\n            return false;\n        }\n        switch (node.nodeType) {\n            case Node.ELEMEN ... (7807 more bytes)","args":[{"element-6066-11e4-a52e-4f735466cecf":"E6DB84C4655289EB6EF0BE4A1D08B970_element_43","ELEMENT":"E6DB84C4655289EB6EF0BE4A1D08B970_element_43"}]}
RESULT: {"script":"return (function isElementDisplayed(element) {\n    function nodeIsElement(node) {\n        if (!node) {\n            return false;\n        }\n        switch (node.nodeType) {\n            case Node.ELEMEN ... (7807 more bytes)","args":[{"element-6066-11e4-a52e-4f735466cecf":"E6DB84C4655289EB6EF0BE4A1D08B970_element_43","ELEMENT":"E6DB84C4655289EB6EF0BE4A1D08B970_element_43"}]}
COMMAND: GET /session/743f73a422bb9ef147e34c09ba4aea4d/element/E6DB84C4655289EB6EF0BE4A1D08B970_element_43/text - {}
RESULT: {}
COMMAND: POST /session/743f73a422bb9ef147e34c09ba4aea4d/execute/sync - {"script":"return (function isElementDisplayed(element) {\n    function nodeIsElement(node) {\n        if (!node) {\n            return false;\n        }\n        switch (node.nodeType) {\n            case Node.ELEMEN ... (7807 more bytes)","args":[{"element-6066-11e4-a52e-4f735466cecf":"E6DB84C4655289EB6EF0BE4A1D08B970_element_44","ELEMENT":"E6DB84C4655289EB6EF0BE4A1D08B970_element_44"}]}
RESULT: {"script":"return (function isElementDisplayed(element) {\n    function nodeIsElement(node) {\n        if (!node) {\n            return false;\n        }\n        switch (node.nodeType) {\n            case Node.ELEMEN ... (7807 more bytes)","args":[{"element-6066-11e4-a52e-4f735466cecf":"E6DB84C4655289EB6EF0BE4A1D08B970_element_44","ELEMENT":"E6DB84C4655289EB6EF0BE4A1D08B970_element_44"}]}
COMMAND: GET /session/743f73a422bb9ef147e34c09ba4aea4d/element/E6DB84C4655289EB6EF0BE4A1D08B970_element_44/text - {}
RESULT: {}
COMMAND: POST /session/743f73a422bb9ef147e34c09ba4aea4d/execute/sync - {"script":"return (function isElementDisplayed(element) {\n    function nodeIsElement(node) {\n        if (!node) {\n            return false;\n        }\n        switch (node.nodeType) {\n            case Node.ELEMEN ... (7807 more bytes)","args":[{"element-6066-11e4-a52e-4f735466cecf":"E6DB84C4655289EB6EF0BE4A1D08B970_element_45","ELEMENT":"E6DB84C4655289EB6EF0BE4A1D08B970_element_45"}]}
RESULT: {"script":"return (function isElementDisplayed(element) {\n    function nodeIsElement(node) {\n        if (!node) {\n            return false;\n        }\n        switch (node.nodeType) {\n            case Node.ELEMEN ... (7807 more bytes)","args":[{"element-6066-11e4-a52e-4f735466cecf":"E6DB84C4655289EB6EF0BE4A1D08B970_element_45","ELEMENT":"E6DB84C4655289EB6EF0BE4A1D08B970_element_45"}]}
COMMAND: GET /session/743f73a422bb9ef147e34c09ba4aea4d/element/E6DB84C4655289EB6EF0BE4A1D08B970_element_45/text - {}
RESULT: {}
COMMAND: POST /session/743f73a422bb9ef147e34c09ba4aea4d/execute/sync - {"script":"return (function isElementDisplayed(element) {\n    function nodeIsElement(node) {\n        if (!node) {\n            return false;\n        }\n        switch (node.nodeType) {\n            case Node.ELEMEN ... (7807 more bytes)","args":[{"element-6066-11e4-a52e-4f735466cecf":"E6DB84C4655289EB6EF0BE4A1D08B970_element_46","ELEMENT":"E6DB84C4655289EB6EF0BE4A1D08B970_element_46"}]}
RESULT: {"script":"return (function isElementDisplayed(element) {\n    function nodeIsElement(node) {\n        if (!node) {\n            return false;\n        }\n        switch (node.nodeType) {\n            case Node.ELEMEN ... (7807 more bytes)","args":[{"element-6066-11e4-a52e-4f735466cecf":"E6DB84C4655289EB6EF0BE4A1D08B970_element_46","ELEMENT":"E6DB84C4655289EB6EF0BE4A1D08B970_element_46"}]}
COMMAND: GET /session/743f73a422bb9ef147e34c09ba4aea4d/element/E6DB84C4655289EB6EF0BE4A1D08B970_element_46/text - {}
RESULT: {}
COMMAND: POST /session/743f73a422bb9ef147e34c09ba4aea4d/elements - {"using":"css selector","value":"ul.govuk-list li a"}
RESULT: {"using":"css selector","value":"ul.govuk-list li a"}
COMMAND: POST /session/743f73a422bb9ef147e34c09ba4aea4d/execute/sync - {"script":"return (function isElementDisplayed(element) {\n    function nodeIsElement(node) {\n        if (!node) {\n            return false;\n        }\n        switch (node.nodeType) {\n            case Node.ELEMEN ... (7807 more bytes)","args":[{"element-6066-11e4-a52e-4f735466cecf":"E6DB84C4655289EB6EF0BE4A1D08B970_element_39","ELEMENT":"E6DB84C4655289EB6EF0BE4A1D08B970_element_39"}]}
RESULT: {"script":"return (function isElementDisplayed(element) {\n    function nodeIsElement(node) {\n        if (!node) {\n            return false;\n        }\n        switch (node.nodeType) {\n            case Node.ELEMEN ... (7807 more bytes)","args":[{"element-6066-11e4-a52e-4f735466cecf":"E6DB84C4655289EB6EF0BE4A1D08B970_element_39","ELEMENT":"E6DB84C4655289EB6EF0BE4A1D08B970_element_39"}]}
COMMAND: GET /session/743f73a422bb9ef147e34c09ba4aea4d/element/E6DB84C4655289EB6EF0BE4A1D08B970_element_39/text - {}
RESULT: {}
COMMAND: POST /session/743f73a422bb9ef147e34c09ba4aea4d/element/E6DB84C4655289EB6EF0BE4A1D08B970_element_39/click - {}
RESULT: {}
COMMAND: POST /session/743f73a422bb9ef147e34c09ba4aea4d/execute/sync - {"script":"return (() => document.readyState === \"complete\").apply(null, arguments)","args":[]}
RESULT: {"script":"return (() => document.readyState === \"complete\").apply(null, arguments)","args":[]}
COMMAND: GET /session/743f73a422bb9ef147e34c09ba4aea4d/title - {}
RESULT: {}
]]></system-out>
    </testcase>
    <testcase classname="chrome.117_0_5938_88.linux.Contracts_Page_Test" name="Should navigate to the invoice list page for Vendor Six" time="2.551">
      <system-out><![CDATA[
COMMAND: POST /session/743f73a422bb9ef147e34c09ba4aea4d/url - {"url":"https://pr-477.btm.dev.account.gov.uk/contracts"}
RESULT: {"url":"https://pr-477.btm.dev.account.gov.uk/contracts"}
COMMAND: POST /session/743f73a422bb9ef147e34c09ba4aea4d/execute/sync - {"script":"return (() => document.readyState === \"complete\").apply(null, arguments)","args":[]}
RESULT: {"script":"return (() => document.readyState === \"complete\").apply(null, arguments)","args":[]}
COMMAND: POST /session/743f73a422bb9ef147e34c09ba4aea4d/elements - {"using":"css selector","value":"ul.govuk-list li a"}
RESULT: {"using":"css selector","value":"ul.govuk-list li a"}
COMMAND: POST /session/743f73a422bb9ef147e34c09ba4aea4d/execute/sync - {"script":"return (function isElementDisplayed(element) {\n    function nodeIsElement(node) {\n        if (!node) {\n            return false;\n        }\n        switch (node.nodeType) {\n            case Node.ELEMEN ... (7807 more bytes)","args":[{"element-6066-11e4-a52e-4f735466cecf":"AD497EBD7646C5A4A7B1A3421C3D6477_element_51","ELEMENT":"AD497EBD7646C5A4A7B1A3421C3D6477_element_51"}]}
RESULT: {"script":"return (function isElementDisplayed(element) {\n    function nodeIsElement(node) {\n        if (!node) {\n            return false;\n        }\n        switch (node.nodeType) {\n            case Node.ELEMEN ... (7807 more bytes)","args":[{"element-6066-11e4-a52e-4f735466cecf":"AD497EBD7646C5A4A7B1A3421C3D6477_element_51","ELEMENT":"AD497EBD7646C5A4A7B1A3421C3D6477_element_51"}]}
COMMAND: GET /session/743f73a422bb9ef147e34c09ba4aea4d/element/AD497EBD7646C5A4A7B1A3421C3D6477_element_51/text - {}
RESULT: {}
COMMAND: POST /session/743f73a422bb9ef147e34c09ba4aea4d/execute/sync - {"script":"return (function isElementDisplayed(element) {\n    function nodeIsElement(node) {\n        if (!node) {\n            return false;\n        }\n        switch (node.nodeType) {\n            case Node.ELEMEN ... (7807 more bytes)","args":[{"element-6066-11e4-a52e-4f735466cecf":"AD497EBD7646C5A4A7B1A3421C3D6477_element_52","ELEMENT":"AD497EBD7646C5A4A7B1A3421C3D6477_element_52"}]}
RESULT: {"script":"return (function isElementDisplayed(element) {\n    function nodeIsElement(node) {\n        if (!node) {\n            return false;\n        }\n        switch (node.nodeType) {\n            case Node.ELEMEN ... (7807 more bytes)","args":[{"element-6066-11e4-a52e-4f735466cecf":"AD497EBD7646C5A4A7B1A3421C3D6477_element_52","ELEMENT":"AD497EBD7646C5A4A7B1A3421C3D6477_element_52"}]}
COMMAND: GET /session/743f73a422bb9ef147e34c09ba4aea4d/element/AD497EBD7646C5A4A7B1A3421C3D6477_element_52/text - {}
RESULT: {}
COMMAND: POST /session/743f73a422bb9ef147e34c09ba4aea4d/execute/sync - {"script":"return (function isElementDisplayed(element) {\n    function nodeIsElement(node) {\n        if (!node) {\n            return false;\n        }\n        switch (node.nodeType) {\n            case Node.ELEMEN ... (7807 more bytes)","args":[{"element-6066-11e4-a52e-4f735466cecf":"AD497EBD7646C5A4A7B1A3421C3D6477_element_53","ELEMENT":"AD497EBD7646C5A4A7B1A3421C3D6477_element_53"}]}
RESULT: {"script":"return (function isElementDisplayed(element) {\n    function nodeIsElement(node) {\n        if (!node) {\n            return false;\n        }\n        switch (node.nodeType) {\n            case Node.ELEMEN ... (7807 more bytes)","args":[{"element-6066-11e4-a52e-4f735466cecf":"AD497EBD7646C5A4A7B1A3421C3D6477_element_53","ELEMENT":"AD497EBD7646C5A4A7B1A3421C3D6477_element_53"}]}
COMMAND: GET /session/743f73a422bb9ef147e34c09ba4aea4d/element/AD497EBD7646C5A4A7B1A3421C3D6477_element_53/text - {}
RESULT: {}
COMMAND: POST /session/743f73a422bb9ef147e34c09ba4aea4d/execute/sync - {"script":"return (function isElementDisplayed(element) {\n    function nodeIsElement(node) {\n        if (!node) {\n            return false;\n        }\n        switch (node.nodeType) {\n            case Node.ELEMEN ... (7807 more bytes)","args":[{"element-6066-11e4-a52e-4f735466cecf":"AD497EBD7646C5A4A7B1A3421C3D6477_element_54","ELEMENT":"AD497EBD7646C5A4A7B1A3421C3D6477_element_54"}]}
RESULT: {"script":"return (function isElementDisplayed(element) {\n    function nodeIsElement(node) {\n        if (!node) {\n            return false;\n        }\n        switch (node.nodeType) {\n            case Node.ELEMEN ... (7807 more bytes)","args":[{"element-6066-11e4-a52e-4f735466cecf":"AD497EBD7646C5A4A7B1A3421C3D6477_element_54","ELEMENT":"AD497EBD7646C5A4A7B1A3421C3D6477_element_54"}]}
COMMAND: GET /session/743f73a422bb9ef147e34c09ba4aea4d/element/AD497EBD7646C5A4A7B1A3421C3D6477_element_54/text - {}
RESULT: {}
COMMAND: POST /session/743f73a422bb9ef147e34c09ba4aea4d/execute/sync - {"script":"return (function isElementDisplayed(element) {\n    function nodeIsElement(node) {\n        if (!node) {\n            return false;\n        }\n        switch (node.nodeType) {\n            case Node.ELEMEN ... (7807 more bytes)","args":[{"element-6066-11e4-a52e-4f735466cecf":"AD497EBD7646C5A4A7B1A3421C3D6477_element_55","ELEMENT":"AD497EBD7646C5A4A7B1A3421C3D6477_element_55"}]}
RESULT: {"script":"return (function isElementDisplayed(element) {\n    function nodeIsElement(node) {\n        if (!node) {\n            return false;\n        }\n        switch (node.nodeType) {\n            case Node.ELEMEN ... (7807 more bytes)","args":[{"element-6066-11e4-a52e-4f735466cecf":"AD497EBD7646C5A4A7B1A3421C3D6477_element_55","ELEMENT":"AD497EBD7646C5A4A7B1A3421C3D6477_element_55"}]}
COMMAND: GET /session/743f73a422bb9ef147e34c09ba4aea4d/element/AD497EBD7646C5A4A7B1A3421C3D6477_element_55/text - {}
RESULT: {}
COMMAND: POST /session/743f73a422bb9ef147e34c09ba4aea4d/execute/sync - {"script":"return (function isElementDisplayed(element) {\n    function nodeIsElement(node) {\n        if (!node) {\n            return false;\n        }\n        switch (node.nodeType) {\n            case Node.ELEMEN ... (7807 more bytes)","args":[{"element-6066-11e4-a52e-4f735466cecf":"AD497EBD7646C5A4A7B1A3421C3D6477_element_56","ELEMENT":"AD497EBD7646C5A4A7B1A3421C3D6477_element_56"}]}
RESULT: {"script":"return (function isElementDisplayed(element) {\n    function nodeIsElement(node) {\n        if (!node) {\n            return false;\n        }\n        switch (node.nodeType) {\n            case Node.ELEMEN ... (7807 more bytes)","args":[{"element-6066-11e4-a52e-4f735466cecf":"AD497EBD7646C5A4A7B1A3421C3D6477_element_56","ELEMENT":"AD497EBD7646C5A4A7B1A3421C3D6477_element_56"}]}
COMMAND: GET /session/743f73a422bb9ef147e34c09ba4aea4d/element/AD497EBD7646C5A4A7B1A3421C3D6477_element_56/text - {}
RESULT: {}
COMMAND: POST /session/743f73a422bb9ef147e34c09ba4aea4d/execute/sync - {"script":"return (function isElementDisplayed(element) {\n    function nodeIsElement(node) {\n        if (!node) {\n            return false;\n        }\n        switch (node.nodeType) {\n            case Node.ELEMEN ... (7807 more bytes)","args":[{"element-6066-11e4-a52e-4f735466cecf":"AD497EBD7646C5A4A7B1A3421C3D6477_element_57","ELEMENT":"AD497EBD7646C5A4A7B1A3421C3D6477_element_57"}]}
RESULT: {"script":"return (function isElementDisplayed(element) {\n    function nodeIsElement(node) {\n        if (!node) {\n            return false;\n        }\n        switch (node.nodeType) {\n            case Node.ELEMEN ... (7807 more bytes)","args":[{"element-6066-11e4-a52e-4f735466cecf":"AD497EBD7646C5A4A7B1A3421C3D6477_element_57","ELEMENT":"AD497EBD7646C5A4A7B1A3421C3D6477_element_57"}]}
COMMAND: GET /session/743f73a422bb9ef147e34c09ba4aea4d/element/AD497EBD7646C5A4A7B1A3421C3D6477_element_57/text - {}
RESULT: {}
COMMAND: POST /session/743f73a422bb9ef147e34c09ba4aea4d/execute/sync - {"script":"return (function isElementDisplayed(element) {\n    function nodeIsElement(node) {\n        if (!node) {\n            return false;\n        }\n        switch (node.nodeType) {\n            case Node.ELEMEN ... (7807 more bytes)","args":[{"element-6066-11e4-a52e-4f735466cecf":"AD497EBD7646C5A4A7B1A3421C3D6477_element_58","ELEMENT":"AD497EBD7646C5A4A7B1A3421C3D6477_element_58"}]}
RESULT: {"script":"return (function isElementDisplayed(element) {\n    function nodeIsElement(node) {\n        if (!node) {\n            return false;\n        }\n        switch (node.nodeType) {\n            case Node.ELEMEN ... (7807 more bytes)","args":[{"element-6066-11e4-a52e-4f735466cecf":"AD497EBD7646C5A4A7B1A3421C3D6477_element_58","ELEMENT":"AD497EBD7646C5A4A7B1A3421C3D6477_element_58"}]}
COMMAND: GET /session/743f73a422bb9ef147e34c09ba4aea4d/element/AD497EBD7646C5A4A7B1A3421C3D6477_element_58/text - {}
RESULT: {}
COMMAND: POST /session/743f73a422bb9ef147e34c09ba4aea4d/elements - {"using":"css selector","value":"ul.govuk-list li a"}
RESULT: {"using":"css selector","value":"ul.govuk-list li a"}
COMMAND: POST /session/743f73a422bb9ef147e34c09ba4aea4d/execute/sync - {"script":"return (function isElementDisplayed(element) {\n    function nodeIsElement(node) {\n        if (!node) {\n            return false;\n        }\n        switch (node.nodeType) {\n            case Node.ELEMEN ... (7807 more bytes)","args":[{"element-6066-11e4-a52e-4f735466cecf":"AD497EBD7646C5A4A7B1A3421C3D6477_element_51","ELEMENT":"AD497EBD7646C5A4A7B1A3421C3D6477_element_51"}]}
RESULT: {"script":"return (function isElementDisplayed(element) {\n    function nodeIsElement(node) {\n        if (!node) {\n            return false;\n        }\n        switch (node.nodeType) {\n            case Node.ELEMEN ... (7807 more bytes)","args":[{"element-6066-11e4-a52e-4f735466cecf":"AD497EBD7646C5A4A7B1A3421C3D6477_element_51","ELEMENT":"AD497EBD7646C5A4A7B1A3421C3D6477_element_51"}]}
COMMAND: GET /session/743f73a422bb9ef147e34c09ba4aea4d/element/AD497EBD7646C5A4A7B1A3421C3D6477_element_51/text - {}
RESULT: {}
COMMAND: POST /session/743f73a422bb9ef147e34c09ba4aea4d/execute/sync - {"script":"return (function isElementDisplayed(element) {\n    function nodeIsElement(node) {\n        if (!node) {\n            return false;\n        }\n        switch (node.nodeType) {\n            case Node.ELEMEN ... (7807 more bytes)","args":[{"element-6066-11e4-a52e-4f735466cecf":"AD497EBD7646C5A4A7B1A3421C3D6477_element_52","ELEMENT":"AD497EBD7646C5A4A7B1A3421C3D6477_element_52"}]}
RESULT: {"script":"return (function isElementDisplayed(element) {\n    function nodeIsElement(node) {\n        if (!node) {\n            return false;\n        }\n        switch (node.nodeType) {\n            case Node.ELEMEN ... (7807 more bytes)","args":[{"element-6066-11e4-a52e-4f735466cecf":"AD497EBD7646C5A4A7B1A3421C3D6477_element_52","ELEMENT":"AD497EBD7646C5A4A7B1A3421C3D6477_element_52"}]}
COMMAND: GET /session/743f73a422bb9ef147e34c09ba4aea4d/element/AD497EBD7646C5A4A7B1A3421C3D6477_element_52/text - {}
RESULT: {}
COMMAND: POST /session/743f73a422bb9ef147e34c09ba4aea4d/execute/sync - {"script":"return (function isElementDisplayed(element) {\n    function nodeIsElement(node) {\n        if (!node) {\n            return false;\n        }\n        switch (node.nodeType) {\n            case Node.ELEMEN ... (7807 more bytes)","args":[{"element-6066-11e4-a52e-4f735466cecf":"AD497EBD7646C5A4A7B1A3421C3D6477_element_53","ELEMENT":"AD497EBD7646C5A4A7B1A3421C3D6477_element_53"}]}
RESULT: {"script":"return (function isElementDisplayed(element) {\n    function nodeIsElement(node) {\n        if (!node) {\n            return false;\n        }\n        switch (node.nodeType) {\n            case Node.ELEMEN ... (7807 more bytes)","args":[{"element-6066-11e4-a52e-4f735466cecf":"AD497EBD7646C5A4A7B1A3421C3D6477_element_53","ELEMENT":"AD497EBD7646C5A4A7B1A3421C3D6477_element_53"}]}
COMMAND: GET /session/743f73a422bb9ef147e34c09ba4aea4d/element/AD497EBD7646C5A4A7B1A3421C3D6477_element_53/text - {}
RESULT: {}
COMMAND: POST /session/743f73a422bb9ef147e34c09ba4aea4d/execute/sync - {"script":"return (function isElementDisplayed(element) {\n    function nodeIsElement(node) {\n        if (!node) {\n            return false;\n        }\n        switch (node.nodeType) {\n            case Node.ELEMEN ... (7807 more bytes)","args":[{"element-6066-11e4-a52e-4f735466cecf":"AD497EBD7646C5A4A7B1A3421C3D6477_element_54","ELEMENT":"AD497EBD7646C5A4A7B1A3421C3D6477_element_54"}]}
RESULT: {"script":"return (function isElementDisplayed(element) {\n    function nodeIsElement(node) {\n        if (!node) {\n            return false;\n        }\n        switch (node.nodeType) {\n            case Node.ELEMEN ... (7807 more bytes)","args":[{"element-6066-11e4-a52e-4f735466cecf":"AD497EBD7646C5A4A7B1A3421C3D6477_element_54","ELEMENT":"AD497EBD7646C5A4A7B1A3421C3D6477_element_54"}]}
COMMAND: GET /session/743f73a422bb9ef147e34c09ba4aea4d/element/AD497EBD7646C5A4A7B1A3421C3D6477_element_54/text - {}
RESULT: {}
COMMAND: POST /session/743f73a422bb9ef147e34c09ba4aea4d/execute/sync - {"script":"return (function isElementDisplayed(element) {\n    function nodeIsElement(node) {\n        if (!node) {\n            return false;\n        }\n        switch (node.nodeType) {\n            case Node.ELEMEN ... (7807 more bytes)","args":[{"element-6066-11e4-a52e-4f735466cecf":"AD497EBD7646C5A4A7B1A3421C3D6477_element_55","ELEMENT":"AD497EBD7646C5A4A7B1A3421C3D6477_element_55"}]}
RESULT: {"script":"return (function isElementDisplayed(element) {\n    function nodeIsElement(node) {\n        if (!node) {\n            return false;\n        }\n        switch (node.nodeType) {\n            case Node.ELEMEN ... (7807 more bytes)","args":[{"element-6066-11e4-a52e-4f735466cecf":"AD497EBD7646C5A4A7B1A3421C3D6477_element_55","ELEMENT":"AD497EBD7646C5A4A7B1A3421C3D6477_element_55"}]}
COMMAND: GET /session/743f73a422bb9ef147e34c09ba4aea4d/element/AD497EBD7646C5A4A7B1A3421C3D6477_element_55/text - {}
RESULT: {}
COMMAND: POST /session/743f73a422bb9ef147e34c09ba4aea4d/execute/sync - {"script":"return (function isElementDisplayed(element) {\n    function nodeIsElement(node) {\n        if (!node) {\n            return false;\n        }\n        switch (node.nodeType) {\n            case Node.ELEMEN ... (7807 more bytes)","args":[{"element-6066-11e4-a52e-4f735466cecf":"AD497EBD7646C5A4A7B1A3421C3D6477_element_56","ELEMENT":"AD497EBD7646C5A4A7B1A3421C3D6477_element_56"}]}
RESULT: {"script":"return (function isElementDisplayed(element) {\n    function nodeIsElement(node) {\n        if (!node) {\n            return false;\n        }\n        switch (node.nodeType) {\n            case Node.ELEMEN ... (7807 more bytes)","args":[{"element-6066-11e4-a52e-4f735466cecf":"AD497EBD7646C5A4A7B1A3421C3D6477_element_56","ELEMENT":"AD497EBD7646C5A4A7B1A3421C3D6477_element_56"}]}
COMMAND: GET /session/743f73a422bb9ef147e34c09ba4aea4d/element/AD497EBD7646C5A4A7B1A3421C3D6477_element_56/text - {}
RESULT: {}
COMMAND: POST /session/743f73a422bb9ef147e34c09ba4aea4d/element/AD497EBD7646C5A4A7B1A3421C3D6477_element_56/click - {}
RESULT: {}
COMMAND: POST /session/743f73a422bb9ef147e34c09ba4aea4d/execute/sync - {"script":"return (() => document.readyState === \"complete\").apply(null, arguments)","args":[]}
RESULT: {"script":"return (() => document.readyState === \"complete\").apply(null, arguments)","args":[]}
COMMAND: GET /session/743f73a422bb9ef147e34c09ba4aea4d/title - {}
RESULT: {}
]]></system-out>
    </testcase>
    <testcase classname="chrome.117_0_5938_88.linux.Contracts_Page_Test" name="Should navigate to the invoice list page for Vendor Three" time="2.103">
      <system-out><![CDATA[
COMMAND: POST /session/743f73a422bb9ef147e34c09ba4aea4d/url - {"url":"https://pr-477.btm.dev.account.gov.uk/contracts"}
RESULT: {"url":"https://pr-477.btm.dev.account.gov.uk/contracts"}
COMMAND: POST /session/743f73a422bb9ef147e34c09ba4aea4d/execute/sync - {"script":"return (() => document.readyState === \"complete\").apply(null, arguments)","args":[]}
RESULT: {"script":"return (() => document.readyState === \"complete\").apply(null, arguments)","args":[]}
COMMAND: POST /session/743f73a422bb9ef147e34c09ba4aea4d/elements - {"using":"css selector","value":"ul.govuk-list li a"}
RESULT: {"using":"css selector","value":"ul.govuk-list li a"}
COMMAND: POST /session/743f73a422bb9ef147e34c09ba4aea4d/execute/sync - {"script":"return (function isElementDisplayed(element) {\n    function nodeIsElement(node) {\n        if (!node) {\n            return false;\n        }\n        switch (node.nodeType) {\n            case Node.ELEMEN ... (7807 more bytes)","args":[{"element-6066-11e4-a52e-4f735466cecf":"FDBF757BE0142751A9A46F2002F91D12_element_63","ELEMENT":"FDBF757BE0142751A9A46F2002F91D12_element_63"}]}
RESULT: {"script":"return (function isElementDisplayed(element) {\n    function nodeIsElement(node) {\n        if (!node) {\n            return false;\n        }\n        switch (node.nodeType) {\n            case Node.ELEMEN ... (7807 more bytes)","args":[{"element-6066-11e4-a52e-4f735466cecf":"FDBF757BE0142751A9A46F2002F91D12_element_63","ELEMENT":"FDBF757BE0142751A9A46F2002F91D12_element_63"}]}
COMMAND: GET /session/743f73a422bb9ef147e34c09ba4aea4d/element/FDBF757BE0142751A9A46F2002F91D12_element_63/text - {}
RESULT: {}
COMMAND: POST /session/743f73a422bb9ef147e34c09ba4aea4d/execute/sync - {"script":"return (function isElementDisplayed(element) {\n    function nodeIsElement(node) {\n        if (!node) {\n            return false;\n        }\n        switch (node.nodeType) {\n            case Node.ELEMEN ... (7807 more bytes)","args":[{"element-6066-11e4-a52e-4f735466cecf":"FDBF757BE0142751A9A46F2002F91D12_element_64","ELEMENT":"FDBF757BE0142751A9A46F2002F91D12_element_64"}]}
RESULT: {"script":"return (function isElementDisplayed(element) {\n    function nodeIsElement(node) {\n        if (!node) {\n            return false;\n        }\n        switch (node.nodeType) {\n            case Node.ELEMEN ... (7807 more bytes)","args":[{"element-6066-11e4-a52e-4f735466cecf":"FDBF757BE0142751A9A46F2002F91D12_element_64","ELEMENT":"FDBF757BE0142751A9A46F2002F91D12_element_64"}]}
COMMAND: GET /session/743f73a422bb9ef147e34c09ba4aea4d/element/FDBF757BE0142751A9A46F2002F91D12_element_64/text - {}
RESULT: {}
COMMAND: POST /session/743f73a422bb9ef147e34c09ba4aea4d/execute/sync - {"script":"return (function isElementDisplayed(element) {\n    function nodeIsElement(node) {\n        if (!node) {\n            return false;\n        }\n        switch (node.nodeType) {\n            case Node.ELEMEN ... (7807 more bytes)","args":[{"element-6066-11e4-a52e-4f735466cecf":"FDBF757BE0142751A9A46F2002F91D12_element_65","ELEMENT":"FDBF757BE0142751A9A46F2002F91D12_element_65"}]}
RESULT: {"script":"return (function isElementDisplayed(element) {\n    function nodeIsElement(node) {\n        if (!node) {\n            return false;\n        }\n        switch (node.nodeType) {\n            case Node.ELEMEN ... (7807 more bytes)","args":[{"element-6066-11e4-a52e-4f735466cecf":"FDBF757BE0142751A9A46F2002F91D12_element_65","ELEMENT":"FDBF757BE0142751A9A46F2002F91D12_element_65"}]}
COMMAND: GET /session/743f73a422bb9ef147e34c09ba4aea4d/element/FDBF757BE0142751A9A46F2002F91D12_element_65/text - {}
RESULT: {}
COMMAND: POST /session/743f73a422bb9ef147e34c09ba4aea4d/execute/sync - {"script":"return (function isElementDisplayed(element) {\n    function nodeIsElement(node) {\n        if (!node) {\n            return false;\n        }\n        switch (node.nodeType) {\n            case Node.ELEMEN ... (7807 more bytes)","args":[{"element-6066-11e4-a52e-4f735466cecf":"FDBF757BE0142751A9A46F2002F91D12_element_66","ELEMENT":"FDBF757BE0142751A9A46F2002F91D12_element_66"}]}
RESULT: {"script":"return (function isElementDisplayed(element) {\n    function nodeIsElement(node) {\n        if (!node) {\n            return false;\n        }\n        switch (node.nodeType) {\n            case Node.ELEMEN ... (7807 more bytes)","args":[{"element-6066-11e4-a52e-4f735466cecf":"FDBF757BE0142751A9A46F2002F91D12_element_66","ELEMENT":"FDBF757BE0142751A9A46F2002F91D12_element_66"}]}
COMMAND: GET /session/743f73a422bb9ef147e34c09ba4aea4d/element/FDBF757BE0142751A9A46F2002F91D12_element_66/text - {}
RESULT: {}
COMMAND: POST /session/743f73a422bb9ef147e34c09ba4aea4d/execute/sync - {"script":"return (function isElementDisplayed(element) {\n    function nodeIsElement(node) {\n        if (!node) {\n            return false;\n        }\n        switch (node.nodeType) {\n            case Node.ELEMEN ... (7807 more bytes)","args":[{"element-6066-11e4-a52e-4f735466cecf":"FDBF757BE0142751A9A46F2002F91D12_element_67","ELEMENT":"FDBF757BE0142751A9A46F2002F91D12_element_67"}]}
RESULT: {"script":"return (function isElementDisplayed(element) {\n    function nodeIsElement(node) {\n        if (!node) {\n            return false;\n        }\n        switch (node.nodeType) {\n            case Node.ELEMEN ... (7807 more bytes)","args":[{"element-6066-11e4-a52e-4f735466cecf":"FDBF757BE0142751A9A46F2002F91D12_element_67","ELEMENT":"FDBF757BE0142751A9A46F2002F91D12_element_67"}]}
COMMAND: GET /session/743f73a422bb9ef147e34c09ba4aea4d/element/FDBF757BE0142751A9A46F2002F91D12_element_67/text - {}
RESULT: {}
COMMAND: POST /session/743f73a422bb9ef147e34c09ba4aea4d/execute/sync - {"script":"return (function isElementDisplayed(element) {\n    function nodeIsElement(node) {\n        if (!node) {\n            return false;\n        }\n        switch (node.nodeType) {\n            case Node.ELEMEN ... (7807 more bytes)","args":[{"element-6066-11e4-a52e-4f735466cecf":"FDBF757BE0142751A9A46F2002F91D12_element_68","ELEMENT":"FDBF757BE0142751A9A46F2002F91D12_element_68"}]}
RESULT: {"script":"return (function isElementDisplayed(element) {\n    function nodeIsElement(node) {\n        if (!node) {\n            return false;\n        }\n        switch (node.nodeType) {\n            case Node.ELEMEN ... (7807 more bytes)","args":[{"element-6066-11e4-a52e-4f735466cecf":"FDBF757BE0142751A9A46F2002F91D12_element_68","ELEMENT":"FDBF757BE0142751A9A46F2002F91D12_element_68"}]}
COMMAND: GET /session/743f73a422bb9ef147e34c09ba4aea4d/element/FDBF757BE0142751A9A46F2002F91D12_element_68/text - {}
RESULT: {}
COMMAND: POST /session/743f73a422bb9ef147e34c09ba4aea4d/execute/sync - {"script":"return (function isElementDisplayed(element) {\n    function nodeIsElement(node) {\n        if (!node) {\n            return false;\n        }\n        switch (node.nodeType) {\n            case Node.ELEMEN ... (7807 more bytes)","args":[{"element-6066-11e4-a52e-4f735466cecf":"FDBF757BE0142751A9A46F2002F91D12_element_69","ELEMENT":"FDBF757BE0142751A9A46F2002F91D12_element_69"}]}
RESULT: {"script":"return (function isElementDisplayed(element) {\n    function nodeIsElement(node) {\n        if (!node) {\n            return false;\n        }\n        switch (node.nodeType) {\n            case Node.ELEMEN ... (7807 more bytes)","args":[{"element-6066-11e4-a52e-4f735466cecf":"FDBF757BE0142751A9A46F2002F91D12_element_69","ELEMENT":"FDBF757BE0142751A9A46F2002F91D12_element_69"}]}
COMMAND: GET /session/743f73a422bb9ef147e34c09ba4aea4d/element/FDBF757BE0142751A9A46F2002F91D12_element_69/text - {}
RESULT: {}
COMMAND: POST /session/743f73a422bb9ef147e34c09ba4aea4d/execute/sync - {"script":"return (function isElementDisplayed(element) {\n    function nodeIsElement(node) {\n        if (!node) {\n            return false;\n        }\n        switch (node.nodeType) {\n            case Node.ELEMEN ... (7807 more bytes)","args":[{"element-6066-11e4-a52e-4f735466cecf":"FDBF757BE0142751A9A46F2002F91D12_element_70","ELEMENT":"FDBF757BE0142751A9A46F2002F91D12_element_70"}]}
RESULT: {"script":"return (function isElementDisplayed(element) {\n    function nodeIsElement(node) {\n        if (!node) {\n            return false;\n        }\n        switch (node.nodeType) {\n            case Node.ELEMEN ... (7807 more bytes)","args":[{"element-6066-11e4-a52e-4f735466cecf":"FDBF757BE0142751A9A46F2002F91D12_element_70","ELEMENT":"FDBF757BE0142751A9A46F2002F91D12_element_70"}]}
COMMAND: GET /session/743f73a422bb9ef147e34c09ba4aea4d/element/FDBF757BE0142751A9A46F2002F91D12_element_70/text - {}
RESULT: {}
COMMAND: POST /session/743f73a422bb9ef147e34c09ba4aea4d/elements - {"using":"css selector","value":"ul.govuk-list li a"}
RESULT: {"using":"css selector","value":"ul.govuk-list li a"}
COMMAND: POST /session/743f73a422bb9ef147e34c09ba4aea4d/execute/sync - {"script":"return (function isElementDisplayed(element) {\n    function nodeIsElement(node) {\n        if (!node) {\n            return false;\n        }\n        switch (node.nodeType) {\n            case Node.ELEMEN ... (7807 more bytes)","args":[{"element-6066-11e4-a52e-4f735466cecf":"FDBF757BE0142751A9A46F2002F91D12_element_63","ELEMENT":"FDBF757BE0142751A9A46F2002F91D12_element_63"}]}
RESULT: {"script":"return (function isElementDisplayed(element) {\n    function nodeIsElement(node) {\n        if (!node) {\n            return false;\n        }\n        switch (node.nodeType) {\n            case Node.ELEMEN ... (7807 more bytes)","args":[{"element-6066-11e4-a52e-4f735466cecf":"FDBF757BE0142751A9A46F2002F91D12_element_63","ELEMENT":"FDBF757BE0142751A9A46F2002F91D12_element_63"}]}
COMMAND: GET /session/743f73a422bb9ef147e34c09ba4aea4d/element/FDBF757BE0142751A9A46F2002F91D12_element_63/text - {}
RESULT: {}
COMMAND: POST /session/743f73a422bb9ef147e34c09ba4aea4d/execute/sync - {"script":"return (function isElementDisplayed(element) {\n    function nodeIsElement(node) {\n        if (!node) {\n            return false;\n        }\n        switch (node.nodeType) {\n            case Node.ELEMEN ... (7807 more bytes)","args":[{"element-6066-11e4-a52e-4f735466cecf":"FDBF757BE0142751A9A46F2002F91D12_element_64","ELEMENT":"FDBF757BE0142751A9A46F2002F91D12_element_64"}]}
RESULT: {"script":"return (function isElementDisplayed(element) {\n    function nodeIsElement(node) {\n        if (!node) {\n            return false;\n        }\n        switch (node.nodeType) {\n            case Node.ELEMEN ... (7807 more bytes)","args":[{"element-6066-11e4-a52e-4f735466cecf":"FDBF757BE0142751A9A46F2002F91D12_element_64","ELEMENT":"FDBF757BE0142751A9A46F2002F91D12_element_64"}]}
COMMAND: GET /session/743f73a422bb9ef147e34c09ba4aea4d/element/FDBF757BE0142751A9A46F2002F91D12_element_64/text - {}
RESULT: {}
COMMAND: POST /session/743f73a422bb9ef147e34c09ba4aea4d/execute/sync - {"script":"return (function isElementDisplayed(element) {\n    function nodeIsElement(node) {\n        if (!node) {\n            return false;\n        }\n        switch (node.nodeType) {\n            case Node.ELEMEN ... (7807 more bytes)","args":[{"element-6066-11e4-a52e-4f735466cecf":"FDBF757BE0142751A9A46F2002F91D12_element_65","ELEMENT":"FDBF757BE0142751A9A46F2002F91D12_element_65"}]}
RESULT: {"script":"return (function isElementDisplayed(element) {\n    function nodeIsElement(node) {\n        if (!node) {\n            return false;\n        }\n        switch (node.nodeType) {\n            case Node.ELEMEN ... (7807 more bytes)","args":[{"element-6066-11e4-a52e-4f735466cecf":"FDBF757BE0142751A9A46F2002F91D12_element_65","ELEMENT":"FDBF757BE0142751A9A46F2002F91D12_element_65"}]}
COMMAND: GET /session/743f73a422bb9ef147e34c09ba4aea4d/element/FDBF757BE0142751A9A46F2002F91D12_element_65/text - {}
RESULT: {}
COMMAND: POST /session/743f73a422bb9ef147e34c09ba4aea4d/element/FDBF757BE0142751A9A46F2002F91D12_element_65/click - {}
RESULT: {}
COMMAND: POST /session/743f73a422bb9ef147e34c09ba4aea4d/execute/sync - {"script":"return (() => document.readyState === \"complete\").apply(null, arguments)","args":[]}
RESULT: {"script":"return (() => document.readyState === \"complete\").apply(null, arguments)","args":[]}
COMMAND: GET /session/743f73a422bb9ef147e34c09ba4aea4d/title - {}
RESULT: {}
]]></system-out>
    </testcase>
    <testcase classname="chrome.117_0_5938_88.linux.Contracts_Page_Test" name="Should navigate to the invoice list page for Vendor Two" time="2.276">
      <system-out><![CDATA[
COMMAND: POST /session/743f73a422bb9ef147e34c09ba4aea4d/url - {"url":"https://pr-477.btm.dev.account.gov.uk/contracts"}
RESULT: {"url":"https://pr-477.btm.dev.account.gov.uk/contracts"}
COMMAND: POST /session/743f73a422bb9ef147e34c09ba4aea4d/execute/sync - {"script":"return (() => document.readyState === \"complete\").apply(null, arguments)","args":[]}
RESULT: {"script":"return (() => document.readyState === \"complete\").apply(null, arguments)","args":[]}
COMMAND: POST /session/743f73a422bb9ef147e34c09ba4aea4d/elements - {"using":"css selector","value":"ul.govuk-list li a"}
RESULT: {"using":"css selector","value":"ul.govuk-list li a"}
COMMAND: POST /session/743f73a422bb9ef147e34c09ba4aea4d/execute/sync - {"script":"return (function isElementDisplayed(element) {\n    function nodeIsElement(node) {\n        if (!node) {\n            return false;\n        }\n        switch (node.nodeType) {\n            case Node.ELEMEN ... (7807 more bytes)","args":[{"element-6066-11e4-a52e-4f735466cecf":"5825AD631FBF58F374A7BC376BA62716_element_75","ELEMENT":"5825AD631FBF58F374A7BC376BA62716_element_75"}]}
RESULT: {"script":"return (function isElementDisplayed(element) {\n    function nodeIsElement(node) {\n        if (!node) {\n            return false;\n        }\n        switch (node.nodeType) {\n            case Node.ELEMEN ... (7807 more bytes)","args":[{"element-6066-11e4-a52e-4f735466cecf":"5825AD631FBF58F374A7BC376BA62716_element_75","ELEMENT":"5825AD631FBF58F374A7BC376BA62716_element_75"}]}
COMMAND: GET /session/743f73a422bb9ef147e34c09ba4aea4d/element/5825AD631FBF58F374A7BC376BA62716_element_75/text - {}
RESULT: {}
COMMAND: POST /session/743f73a422bb9ef147e34c09ba4aea4d/execute/sync - {"script":"return (function isElementDisplayed(element) {\n    function nodeIsElement(node) {\n        if (!node) {\n            return false;\n        }\n        switch (node.nodeType) {\n            case Node.ELEMEN ... (7807 more bytes)","args":[{"element-6066-11e4-a52e-4f735466cecf":"5825AD631FBF58F374A7BC376BA62716_element_76","ELEMENT":"5825AD631FBF58F374A7BC376BA62716_element_76"}]}
RESULT: {"script":"return (function isElementDisplayed(element) {\n    function nodeIsElement(node) {\n        if (!node) {\n            return false;\n        }\n        switch (node.nodeType) {\n            case Node.ELEMEN ... (7807 more bytes)","args":[{"element-6066-11e4-a52e-4f735466cecf":"5825AD631FBF58F374A7BC376BA62716_element_76","ELEMENT":"5825AD631FBF58F374A7BC376BA62716_element_76"}]}
COMMAND: GET /session/743f73a422bb9ef147e34c09ba4aea4d/element/5825AD631FBF58F374A7BC376BA62716_element_76/text - {}
RESULT: {}
COMMAND: POST /session/743f73a422bb9ef147e34c09ba4aea4d/execute/sync - {"script":"return (function isElementDisplayed(element) {\n    function nodeIsElement(node) {\n        if (!node) {\n            return false;\n        }\n        switch (node.nodeType) {\n            case Node.ELEMEN ... (7807 more bytes)","args":[{"element-6066-11e4-a52e-4f735466cecf":"5825AD631FBF58F374A7BC376BA62716_element_77","ELEMENT":"5825AD631FBF58F374A7BC376BA62716_element_77"}]}
RESULT: {"script":"return (function isElementDisplayed(element) {\n    function nodeIsElement(node) {\n        if (!node) {\n            return false;\n        }\n        switch (node.nodeType) {\n            case Node.ELEMEN ... (7807 more bytes)","args":[{"element-6066-11e4-a52e-4f735466cecf":"5825AD631FBF58F374A7BC376BA62716_element_77","ELEMENT":"5825AD631FBF58F374A7BC376BA62716_element_77"}]}
COMMAND: GET /session/743f73a422bb9ef147e34c09ba4aea4d/element/5825AD631FBF58F374A7BC376BA62716_element_77/text - {}
RESULT: {}
COMMAND: POST /session/743f73a422bb9ef147e34c09ba4aea4d/execute/sync - {"script":"return (function isElementDisplayed(element) {\n    function nodeIsElement(node) {\n        if (!node) {\n            return false;\n        }\n        switch (node.nodeType) {\n            case Node.ELEMEN ... (7807 more bytes)","args":[{"element-6066-11e4-a52e-4f735466cecf":"5825AD631FBF58F374A7BC376BA62716_element_78","ELEMENT":"5825AD631FBF58F374A7BC376BA62716_element_78"}]}
RESULT: {"script":"return (function isElementDisplayed(element) {\n    function nodeIsElement(node) {\n        if (!node) {\n            return false;\n        }\n        switch (node.nodeType) {\n            case Node.ELEMEN ... (7807 more bytes)","args":[{"element-6066-11e4-a52e-4f735466cecf":"5825AD631FBF58F374A7BC376BA62716_element_78","ELEMENT":"5825AD631FBF58F374A7BC376BA62716_element_78"}]}
COMMAND: GET /session/743f73a422bb9ef147e34c09ba4aea4d/element/5825AD631FBF58F374A7BC376BA62716_element_78/text - {}
RESULT: {}
COMMAND: POST /session/743f73a422bb9ef147e34c09ba4aea4d/execute/sync - {"script":"return (function isElementDisplayed(element) {\n    function nodeIsElement(node) {\n        if (!node) {\n            return false;\n        }\n        switch (node.nodeType) {\n            case Node.ELEMEN ... (7807 more bytes)","args":[{"element-6066-11e4-a52e-4f735466cecf":"5825AD631FBF58F374A7BC376BA62716_element_79","ELEMENT":"5825AD631FBF58F374A7BC376BA62716_element_79"}]}
RESULT: {"script":"return (function isElementDisplayed(element) {\n    function nodeIsElement(node) {\n        if (!node) {\n            return false;\n        }\n        switch (node.nodeType) {\n            case Node.ELEMEN ... (7807 more bytes)","args":[{"element-6066-11e4-a52e-4f735466cecf":"5825AD631FBF58F374A7BC376BA62716_element_79","ELEMENT":"5825AD631FBF58F374A7BC376BA62716_element_79"}]}
COMMAND: GET /session/743f73a422bb9ef147e34c09ba4aea4d/element/5825AD631FBF58F374A7BC376BA62716_element_79/text - {}
RESULT: {}
COMMAND: POST /session/743f73a422bb9ef147e34c09ba4aea4d/execute/sync - {"script":"return (function isElementDisplayed(element) {\n    function nodeIsElement(node) {\n        if (!node) {\n            return false;\n        }\n        switch (node.nodeType) {\n            case Node.ELEMEN ... (7807 more bytes)","args":[{"element-6066-11e4-a52e-4f735466cecf":"5825AD631FBF58F374A7BC376BA62716_element_80","ELEMENT":"5825AD631FBF58F374A7BC376BA62716_element_80"}]}
RESULT: {"script":"return (function isElementDisplayed(element) {\n    function nodeIsElement(node) {\n        if (!node) {\n            return false;\n        }\n        switch (node.nodeType) {\n            case Node.ELEMEN ... (7807 more bytes)","args":[{"element-6066-11e4-a52e-4f735466cecf":"5825AD631FBF58F374A7BC376BA62716_element_80","ELEMENT":"5825AD631FBF58F374A7BC376BA62716_element_80"}]}
COMMAND: GET /session/743f73a422bb9ef147e34c09ba4aea4d/element/5825AD631FBF58F374A7BC376BA62716_element_80/text - {}
RESULT: {}
COMMAND: POST /session/743f73a422bb9ef147e34c09ba4aea4d/execute/sync - {"script":"return (function isElementDisplayed(element) {\n    function nodeIsElement(node) {\n        if (!node) {\n            return false;\n        }\n        switch (node.nodeType) {\n            case Node.ELEMEN ... (7807 more bytes)","args":[{"element-6066-11e4-a52e-4f735466cecf":"5825AD631FBF58F374A7BC376BA62716_element_81","ELEMENT":"5825AD631FBF58F374A7BC376BA62716_element_81"}]}
RESULT: {"script":"return (function isElementDisplayed(element) {\n    function nodeIsElement(node) {\n        if (!node) {\n            return false;\n        }\n        switch (node.nodeType) {\n            case Node.ELEMEN ... (7807 more bytes)","args":[{"element-6066-11e4-a52e-4f735466cecf":"5825AD631FBF58F374A7BC376BA62716_element_81","ELEMENT":"5825AD631FBF58F374A7BC376BA62716_element_81"}]}
COMMAND: GET /session/743f73a422bb9ef147e34c09ba4aea4d/element/5825AD631FBF58F374A7BC376BA62716_element_81/text - {}
RESULT: {}
COMMAND: POST /session/743f73a422bb9ef147e34c09ba4aea4d/execute/sync - {"script":"return (function isElementDisplayed(element) {\n    function nodeIsElement(node) {\n        if (!node) {\n            return false;\n        }\n        switch (node.nodeType) {\n            case Node.ELEMEN ... (7807 more bytes)","args":[{"element-6066-11e4-a52e-4f735466cecf":"5825AD631FBF58F374A7BC376BA62716_element_82","ELEMENT":"5825AD631FBF58F374A7BC376BA62716_element_82"}]}
RESULT: {"script":"return (function isElementDisplayed(element) {\n    function nodeIsElement(node) {\n        if (!node) {\n            return false;\n        }\n        switch (node.nodeType) {\n            case Node.ELEMEN ... (7807 more bytes)","args":[{"element-6066-11e4-a52e-4f735466cecf":"5825AD631FBF58F374A7BC376BA62716_element_82","ELEMENT":"5825AD631FBF58F374A7BC376BA62716_element_82"}]}
COMMAND: GET /session/743f73a422bb9ef147e34c09ba4aea4d/element/5825AD631FBF58F374A7BC376BA62716_element_82/text - {}
RESULT: {}
COMMAND: POST /session/743f73a422bb9ef147e34c09ba4aea4d/elements - {"using":"css selector","value":"ul.govuk-list li a"}
RESULT: {"using":"css selector","value":"ul.govuk-list li a"}
COMMAND: POST /session/743f73a422bb9ef147e34c09ba4aea4d/execute/sync - {"script":"return (function isElementDisplayed(element) {\n    function nodeIsElement(node) {\n        if (!node) {\n            return false;\n        }\n        switch (node.nodeType) {\n            case Node.ELEMEN ... (7807 more bytes)","args":[{"element-6066-11e4-a52e-4f735466cecf":"5825AD631FBF58F374A7BC376BA62716_element_75","ELEMENT":"5825AD631FBF58F374A7BC376BA62716_element_75"}]}
RESULT: {"script":"return (function isElementDisplayed(element) {\n    function nodeIsElement(node) {\n        if (!node) {\n            return false;\n        }\n        switch (node.nodeType) {\n            case Node.ELEMEN ... (7807 more bytes)","args":[{"element-6066-11e4-a52e-4f735466cecf":"5825AD631FBF58F374A7BC376BA62716_element_75","ELEMENT":"5825AD631FBF58F374A7BC376BA62716_element_75"}]}
COMMAND: GET /session/743f73a422bb9ef147e34c09ba4aea4d/element/5825AD631FBF58F374A7BC376BA62716_element_75/text - {}
RESULT: {}
COMMAND: POST /session/743f73a422bb9ef147e34c09ba4aea4d/execute/sync - {"script":"return (function isElementDisplayed(element) {\n    function nodeIsElement(node) {\n        if (!node) {\n            return false;\n        }\n        switch (node.nodeType) {\n            case Node.ELEMEN ... (7807 more bytes)","args":[{"element-6066-11e4-a52e-4f735466cecf":"5825AD631FBF58F374A7BC376BA62716_element_76","ELEMENT":"5825AD631FBF58F374A7BC376BA62716_element_76"}]}
RESULT: {"script":"return (function isElementDisplayed(element) {\n    function nodeIsElement(node) {\n        if (!node) {\n            return false;\n        }\n        switch (node.nodeType) {\n            case Node.ELEMEN ... (7807 more bytes)","args":[{"element-6066-11e4-a52e-4f735466cecf":"5825AD631FBF58F374A7BC376BA62716_element_76","ELEMENT":"5825AD631FBF58F374A7BC376BA62716_element_76"}]}
COMMAND: GET /session/743f73a422bb9ef147e34c09ba4aea4d/element/5825AD631FBF58F374A7BC376BA62716_element_76/text - {}
RESULT: {}
COMMAND: POST /session/743f73a422bb9ef147e34c09ba4aea4d/element/5825AD631FBF58F374A7BC376BA62716_element_76/click - {}
RESULT: {}
COMMAND: POST /session/743f73a422bb9ef147e34c09ba4aea4d/execute/sync - {"script":"return (() => document.readyState === \"complete\").apply(null, arguments)","args":[]}
RESULT: {"script":"return (() => document.readyState === \"complete\").apply(null, arguments)","args":[]}
COMMAND: GET /session/743f73a422bb9ef147e34c09ba4aea4d/title - {}
RESULT: {}
COMMAND: DELETE /session/743f73a422bb9ef147e34c09ba4aea4d - {}
RESULT: {}
]]></system-out>
    </testcase>
  </testsuite>
</testsuites>