<?xml version="1.0" encoding="UTF-8"?>
<testsuites>
  <testsuite name="Invoice Page Test" timestamp="2023-10-06T09:01:55" time="160.2" tests="0" failures="0" errors="0" skipped="0">
    <properties>
      <property name="specId" value="0"/>
      <property name="suiteName" value="Invoice Page Test"/>
      <property name="capabilities" value="chrome.117_0_5938_132.linux"/>
      <property name="file" value="file://./ui-tests/specs/invoice.spec.ts"/>
    </properties>
  </testsuite>
  <testsuite name="Vendor Vendor Three Invoice 2005 09" timestamp="2023-10-06T09:01:55" time="19.194" tests="6" failures="0" errors="0" skipped="0">
    <properties>
      <property name="specId" value="0"/>
      <property name="suiteName" value="Vendor: Vendor Three,Invoice:2005-09"/>
      <property name="capabilities" value="chrome.117_0_5938_132.linux"/>
      <property name="file" value="file://./ui-tests/specs/invoice.spec.ts"/>
    </properties>
    <testcase classname="chrome.117_0_5938_132.linux.Invoice_Page_Test.Vendor:_Vendor_Three,Invoice:2005-09" name="should display correct status banner color and message" time="8.129">
      <system-out><![CDATA[
COMMAND: POST /session/697bce46a5d35911c680a8b0f9f22e94/url - {"url":"https://pr-505.btm.dev.account.gov.uk/contracts/3/invoices/2005-09"}
RESULT: {"url":"https://pr-505.btm.dev.account.gov.uk/contracts/3/invoices/2005-09"}
COMMAND: POST /session/697bce46a5d35911c680a8b0f9f22e94/execute/sync - {"script":"return (() => document.readyState === \"complete\").apply(null, arguments)","args":[]}
RESULT: {"script":"return (() => document.readyState === \"complete\").apply(null, arguments)","args":[]}
COMMAND: GET /session/697bce46a5d35911c680a8b0f9f22e94/url - {}
RESULT: {}
COMMAND: POST /session/697bce46a5d35911c680a8b0f9f22e94/element - {"using":"css selector","value":".govuk-heading-xl"}
RESULT: {"using":"css selector","value":".govuk-heading-xl"}
COMMAND: POST /session/697bce46a5d35911c680a8b0f9f22e94/execute/sync - {"script":"return (function isElementDisplayed(element) {\n    function nodeIsElement(node) {\n        if (!node) {\n            return false;\n        }\n        switch (node.nodeType) {\n            case Node.ELEMEN ... (7807 more bytes)","args":[{"element-6066-11e4-a52e-4f735466cecf":"ADE3E962386924716B4F04791CF494C8_element_4","ELEMENT":"ADE3E962386924716B4F04791CF494C8_element_4"}]}
RESULT: {"script":"return (function isElementDisplayed(element) {\n    function nodeIsElement(node) {\n        if (!node) {\n            return false;\n        }\n        switch (node.nodeType) {\n            case Node.ELEMEN ... (7807 more bytes)","args":[{"element-6066-11e4-a52e-4f735466cecf":"ADE3E962386924716B4F04791CF494C8_element_4","ELEMENT":"ADE3E962386924716B4F04791CF494C8_element_4"}]}
COMMAND: POST /session/697bce46a5d35911c680a8b0f9f22e94/element - {"using":"css selector","value":".govuk-heading-xl"}
RESULT: {"using":"css selector","value":".govuk-heading-xl"}
COMMAND: GET /session/697bce46a5d35911c680a8b0f9f22e94/element/ADE3E962386924716B4F04791CF494C8_element_4/text - {}
RESULT: {}
COMMAND: POST /session/697bce46a5d35911c680a8b0f9f22e94/element - {"using":"css selector","value":"h2.govuk-panel__title"}
RESULT: {"using":"css selector","value":"h2.govuk-panel__title"}
COMMAND: POST /session/697bce46a5d35911c680a8b0f9f22e94/execute/sync - {"script":"return (function isElementDisplayed(element) {\n    function nodeIsElement(node) {\n        if (!node) {\n            return false;\n        }\n        switch (node.nodeType) {\n            case Node.ELEMEN ... (7807 more bytes)","args":[{"element-6066-11e4-a52e-4f735466cecf":"ADE3E962386924716B4F04791CF494C8_element_5","ELEMENT":"ADE3E962386924716B4F04791CF494C8_element_5"}]}
RESULT: {"script":"return (function isElementDisplayed(element) {\n    function nodeIsElement(node) {\n        if (!node) {\n            return false;\n        }\n        switch (node.nodeType) {\n            case Node.ELEMEN ... (7807 more bytes)","args":[{"element-6066-11e4-a52e-4f735466cecf":"ADE3E962386924716B4F04791CF494C8_element_5","ELEMENT":"ADE3E962386924716B4F04791CF494C8_element_5"}]}
COMMAND: POST /session/697bce46a5d35911c680a8b0f9f22e94/element - {"using":"css selector","value":"h2.govuk-panel__title"}
RESULT: {"using":"css selector","value":"h2.govuk-panel__title"}
COMMAND: GET /session/697bce46a5d35911c680a8b0f9f22e94/element/ADE3E962386924716B4F04791CF494C8_element_5/text - {}
RESULT: {}
COMMAND: POST /session/697bce46a5d35911c680a8b0f9f22e94/element - {"using":"css selector","value":".govuk-panel"}
RESULT: {"using":"css selector","value":".govuk-panel"}
COMMAND: POST /session/697bce46a5d35911c680a8b0f9f22e94/execute/sync - {"script":"return (function isElementDisplayed(element) {\n    function nodeIsElement(node) {\n        if (!node) {\n            return false;\n        }\n        switch (node.nodeType) {\n            case Node.ELEMEN ... (7807 more bytes)","args":[{"element-6066-11e4-a52e-4f735466cecf":"ADE3E962386924716B4F04791CF494C8_element_2","ELEMENT":"ADE3E962386924716B4F04791CF494C8_element_2"}]}
RESULT: {"script":"return (function isElementDisplayed(element) {\n    function nodeIsElement(node) {\n        if (!node) {\n            return false;\n        }\n        switch (node.nodeType) {\n            case Node.ELEMEN ... (7807 more bytes)","args":[{"element-6066-11e4-a52e-4f735466cecf":"ADE3E962386924716B4F04791CF494C8_element_2","ELEMENT":"ADE3E962386924716B4F04791CF494C8_element_2"}]}
COMMAND: GET /session/697bce46a5d35911c680a8b0f9f22e94/element/ADE3E962386924716B4F04791CF494C8_element_2/css/background-color - {}
RESULT: {}
]]></system-out>
    </testcase>
    <testcase classname="chrome.117_0_5938_132.linux.Invoice_Page_Test.Vendor:_Vendor_Three,Invoice:2005-09" name="should validate reconciliation table data" time="4.212">
      <system-out><![CDATA[
COMMAND: POST /session/697bce46a5d35911c680a8b0f9f22e94/url - {"url":"https://pr-505.btm.dev.account.gov.uk/contracts/3/invoices/2005-09"}
RESULT: {"url":"https://pr-505.btm.dev.account.gov.uk/contracts/3/invoices/2005-09"}
COMMAND: POST /session/697bce46a5d35911c680a8b0f9f22e94/execute/sync - {"script":"return (() => document.readyState === \"complete\").apply(null, arguments)","args":[]}
RESULT: {"script":"return (() => document.readyState === \"complete\").apply(null, arguments)","args":[]}
COMMAND: GET /session/697bce46a5d35911c680a8b0f9f22e94/url - {}
RESULT: {}
COMMAND: POST /session/697bce46a5d35911c680a8b0f9f22e94/element - {"using":"css selector","value":".govuk-heading-xl"}
RESULT: {"using":"css selector","value":".govuk-heading-xl"}
COMMAND: POST /session/697bce46a5d35911c680a8b0f9f22e94/execute/sync - {"script":"return (function isElementDisplayed(element) {\n    function nodeIsElement(node) {\n        if (!node) {\n            return false;\n        }\n        switch (node.nodeType) {\n            case Node.ELEMEN ... (7807 more bytes)","args":[{"element-6066-11e4-a52e-4f735466cecf":"4F7257794FB44F1534AF1EDE6D3F082C_element_9","ELEMENT":"4F7257794FB44F1534AF1EDE6D3F082C_element_9"}]}
RESULT: {"script":"return (function isElementDisplayed(element) {\n    function nodeIsElement(node) {\n        if (!node) {\n            return false;\n        }\n        switch (node.nodeType) {\n            case Node.ELEMEN ... (7807 more bytes)","args":[{"element-6066-11e4-a52e-4f735466cecf":"4F7257794FB44F1534AF1EDE6D3F082C_element_9","ELEMENT":"4F7257794FB44F1534AF1EDE6D3F082C_element_9"}]}
COMMAND: POST /session/697bce46a5d35911c680a8b0f9f22e94/element - {"using":"css selector","value":".govuk-heading-xl"}
RESULT: {"using":"css selector","value":".govuk-heading-xl"}
COMMAND: GET /session/697bce46a5d35911c680a8b0f9f22e94/element/4F7257794FB44F1534AF1EDE6D3F082C_element_9/text - {}
RESULT: {}
COMMAND: POST /session/697bce46a5d35911c680a8b0f9f22e94/element - {"using":"xpath","value":".//caption[contains(., \"Reconciliation\") and not(.//caption)]"}
RESULT: {"using":"xpath","value":".//caption[contains(., \"Reconciliation\") and not(.//caption)]"}
COMMAND: POST /session/697bce46a5d35911c680a8b0f9f22e94/execute/sync - {"script":"return (function (elem, id) {\n        return (function parentElement() {\n        return this.parentElement;\n    }).call(elem, id);\n    }).apply(null, arguments)","args":[{"element-6066-11e4-a52e-4f735466cecf":"4F7257794FB44F1534AF1EDE6D3F082C_element_10","ELEMENT":"4F7257794FB44F1534AF1EDE6D3F082C_element_10"}]}
RESULT: {"script":"return (function (elem, id) {\n        return (function parentElement() {\n        return this.parentElement;\n    }).call(elem, id);\n    }).apply(null, arguments)","args":[{"element-6066-11e4-a52e-4f735466cecf":"4F7257794FB44F1534AF1EDE6D3F082C_element_10","ELEMENT":"4F7257794FB44F1534AF1EDE6D3F082C_element_10"}]}
COMMAND: POST /session/697bce46a5d35911c680a8b0f9f22e94/execute/sync - {"script":"return (function isElementDisplayed(element) {\n    function nodeIsElement(node) {\n        if (!node) {\n            return false;\n        }\n        switch (node.nodeType) {\n            case Node.ELEMEN ... (7807 more bytes)","args":[{"element-6066-11e4-a52e-4f735466cecf":"4F7257794FB44F1534AF1EDE6D3F082C_element_8","ELEMENT":"4F7257794FB44F1534AF1EDE6D3F082C_element_8"}]}
RESULT: {"script":"return (function isElementDisplayed(element) {\n    function nodeIsElement(node) {\n        if (!node) {\n            return false;\n        }\n        switch (node.nodeType) {\n            case Node.ELEMEN ... (7807 more bytes)","args":[{"element-6066-11e4-a52e-4f735466cecf":"4F7257794FB44F1534AF1EDE6D3F082C_element_8","ELEMENT":"4F7257794FB44F1534AF1EDE6D3F082C_element_8"}]}
COMMAND: POST /session/697bce46a5d35911c680a8b0f9f22e94/element/4F7257794FB44F1534AF1EDE6D3F082C_element_8/elements - {"using":"css selector","value":"tbody tr"}
RESULT: {"using":"css selector","value":"tbody tr"}
COMMAND: POST /session/697bce46a5d35911c680a8b0f9f22e94/element/4F7257794FB44F1534AF1EDE6D3F082C_element_8/element - {"using":"css selector","value":"thead tr"}
RESULT: {"using":"css selector","value":"thead tr"}
COMMAND: POST /session/697bce46a5d35911c680a8b0f9f22e94/element/4F7257794FB44F1534AF1EDE6D3F082C_element_12/elements - {"using":"css selector","value":"th"}
RESULT: {"using":"css selector","value":"th"}
COMMAND: GET /session/697bce46a5d35911c680a8b0f9f22e94/element/4F7257794FB44F1534AF1EDE6D3F082C_element_13/text - {}
COMMAND: GET /session/697bce46a5d35911c680a8b0f9f22e94/element/4F7257794FB44F1534AF1EDE6D3F082C_element_14/text - {}
COMMAND: GET /session/697bce46a5d35911c680a8b0f9f22e94/element/4F7257794FB44F1534AF1EDE6D3F082C_element_16/text - {}
COMMAND: GET /session/697bce46a5d35911c680a8b0f9f22e94/element/4F7257794FB44F1534AF1EDE6D3F082C_element_15/text - {}
COMMAND: GET /session/697bce46a5d35911c680a8b0f9f22e94/element/4F7257794FB44F1534AF1EDE6D3F082C_element_17/text - {}
RESULT: {}
RESULT: {}
RESULT: {}
RESULT: {}
RESULT: {}
COMMAND: POST /session/697bce46a5d35911c680a8b0f9f22e94/element/4F7257794FB44F1534AF1EDE6D3F082C_element_11/elements - {"using":"css selector","value":"th,td"}
RESULT: {"using":"css selector","value":"th,td"}
COMMAND: GET /session/697bce46a5d35911c680a8b0f9f22e94/element/4F7257794FB44F1534AF1EDE6D3F082C_element_18/text - {}
RESULT: {}
COMMAND: GET /session/697bce46a5d35911c680a8b0f9f22e94/element/4F7257794FB44F1534AF1EDE6D3F082C_element_19/text - {}
RESULT: {}
COMMAND: GET /session/697bce46a5d35911c680a8b0f9f22e94/element/4F7257794FB44F1534AF1EDE6D3F082C_element_20/text - {}
RESULT: {}
COMMAND: GET /session/697bce46a5d35911c680a8b0f9f22e94/element/4F7257794FB44F1534AF1EDE6D3F082C_element_21/text - {}
RESULT: {}
COMMAND: GET /session/697bce46a5d35911c680a8b0f9f22e94/element/4F7257794FB44F1534AF1EDE6D3F082C_element_22/text - {}
RESULT: {}
]]></system-out>
    </testcase>
    <testcase classname="chrome.117_0_5938_132.linux.Invoice_Page_Test.Vendor:_Vendor_Three,Invoice:2005-09" name="should validate quantity events table data" time="2.162">
      <system-out><![CDATA[
COMMAND: POST /session/697bce46a5d35911c680a8b0f9f22e94/url - {"url":"https://pr-505.btm.dev.account.gov.uk/contracts/3/invoices/2005-09"}
RESULT: {"url":"https://pr-505.btm.dev.account.gov.uk/contracts/3/invoices/2005-09"}
COMMAND: POST /session/697bce46a5d35911c680a8b0f9f22e94/execute/sync - {"script":"return (() => document.readyState === \"complete\").apply(null, arguments)","args":[]}
RESULT: {"script":"return (() => document.readyState === \"complete\").apply(null, arguments)","args":[]}
COMMAND: GET /session/697bce46a5d35911c680a8b0f9f22e94/url - {}
RESULT: {}
COMMAND: POST /session/697bce46a5d35911c680a8b0f9f22e94/element - {"using":"css selector","value":".govuk-heading-xl"}
RESULT: {"using":"css selector","value":".govuk-heading-xl"}
COMMAND: POST /session/697bce46a5d35911c680a8b0f9f22e94/execute/sync - {"script":"return (function isElementDisplayed(element) {\n    function nodeIsElement(node) {\n        if (!node) {\n            return false;\n        }\n        switch (node.nodeType) {\n            case Node.ELEMEN ... (7807 more bytes)","args":[{"element-6066-11e4-a52e-4f735466cecf":"F608B55A183C37577C323C46C2D90745_element_24","ELEMENT":"F608B55A183C37577C323C46C2D90745_element_24"}]}
RESULT: {"script":"return (function isElementDisplayed(element) {\n    function nodeIsElement(node) {\n        if (!node) {\n            return false;\n        }\n        switch (node.nodeType) {\n            case Node.ELEMEN ... (7807 more bytes)","args":[{"element-6066-11e4-a52e-4f735466cecf":"F608B55A183C37577C323C46C2D90745_element_24","ELEMENT":"F608B55A183C37577C323C46C2D90745_element_24"}]}
COMMAND: POST /session/697bce46a5d35911c680a8b0f9f22e94/element - {"using":"css selector","value":".govuk-heading-xl"}
RESULT: {"using":"css selector","value":".govuk-heading-xl"}
COMMAND: GET /session/697bce46a5d35911c680a8b0f9f22e94/element/F608B55A183C37577C323C46C2D90745_element_24/text - {}
RESULT: {}
COMMAND: POST /session/697bce46a5d35911c680a8b0f9f22e94/element - {"using":"xpath","value":".//caption[contains(., \"Quantity (events)\") and not(.//caption)]"}
RESULT: {"using":"xpath","value":".//caption[contains(., \"Quantity (events)\") and not(.//caption)]"}
COMMAND: POST /session/697bce46a5d35911c680a8b0f9f22e94/execute/sync - {"script":"return (function (elem, id) {\n        return (function parentElement() {\n        return this.parentElement;\n    }).call(elem, id);\n    }).apply(null, arguments)","args":[{"element-6066-11e4-a52e-4f735466cecf":"F608B55A183C37577C323C46C2D90745_element_25","ELEMENT":"F608B55A183C37577C323C46C2D90745_element_25"}]}
RESULT: {"script":"return (function (elem, id) {\n        return (function parentElement() {\n        return this.parentElement;\n    }).call(elem, id);\n    }).apply(null, arguments)","args":[{"element-6066-11e4-a52e-4f735466cecf":"F608B55A183C37577C323C46C2D90745_element_25","ELEMENT":"F608B55A183C37577C323C46C2D90745_element_25"}]}
COMMAND: POST /session/697bce46a5d35911c680a8b0f9f22e94/execute/sync - {"script":"return (function isElementDisplayed(element) {\n    function nodeIsElement(node) {\n        if (!node) {\n            return false;\n        }\n        switch (node.nodeType) {\n            case Node.ELEMEN ... (7807 more bytes)","args":[{"element-6066-11e4-a52e-4f735466cecf":"F608B55A183C37577C323C46C2D90745_element_26","ELEMENT":"F608B55A183C37577C323C46C2D90745_element_26"}]}
RESULT: {"script":"return (function isElementDisplayed(element) {\n    function nodeIsElement(node) {\n        if (!node) {\n            return false;\n        }\n        switch (node.nodeType) {\n            case Node.ELEMEN ... (7807 more bytes)","args":[{"element-6066-11e4-a52e-4f735466cecf":"F608B55A183C37577C323C46C2D90745_element_26","ELEMENT":"F608B55A183C37577C323C46C2D90745_element_26"}]}
COMMAND: POST /session/697bce46a5d35911c680a8b0f9f22e94/element/F608B55A183C37577C323C46C2D90745_element_26/elements - {"using":"css selector","value":"tbody tr"}
RESULT: {"using":"css selector","value":"tbody tr"}
COMMAND: POST /session/697bce46a5d35911c680a8b0f9f22e94/element/F608B55A183C37577C323C46C2D90745_element_26/element - {"using":"css selector","value":"thead tr"}
RESULT: {"using":"css selector","value":"thead tr"}
COMMAND: POST /session/697bce46a5d35911c680a8b0f9f22e94/element/F608B55A183C37577C323C46C2D90745_element_28/elements - {"using":"css selector","value":"th"}
RESULT: {"using":"css selector","value":"th"}
COMMAND: GET /session/697bce46a5d35911c680a8b0f9f22e94/element/F608B55A183C37577C323C46C2D90745_element_29/text - {}
COMMAND: GET /session/697bce46a5d35911c680a8b0f9f22e94/element/F608B55A183C37577C323C46C2D90745_element_30/text - {}
COMMAND: GET /session/697bce46a5d35911c680a8b0f9f22e94/element/F608B55A183C37577C323C46C2D90745_element_32/text - {}
COMMAND: GET /session/697bce46a5d35911c680a8b0f9f22e94/element/F608B55A183C37577C323C46C2D90745_element_31/text - {}
RESULT: {}
RESULT: {}
RESULT: {}
RESULT: {}
COMMAND: POST /session/697bce46a5d35911c680a8b0f9f22e94/element/F608B55A183C37577C323C46C2D90745_element_27/elements - {"using":"css selector","value":"th,td"}
RESULT: {"using":"css selector","value":"th,td"}
COMMAND: GET /session/697bce46a5d35911c680a8b0f9f22e94/element/F608B55A183C37577C323C46C2D90745_element_33/text - {}
RESULT: {}
COMMAND: GET /session/697bce46a5d35911c680a8b0f9f22e94/element/F608B55A183C37577C323C46C2D90745_element_34/text - {}
RESULT: {}
COMMAND: GET /session/697bce46a5d35911c680a8b0f9f22e94/element/F608B55A183C37577C323C46C2D90745_element_35/text - {}
RESULT: {}
COMMAND: GET /session/697bce46a5d35911c680a8b0f9f22e94/element/F608B55A183C37577C323C46C2D90745_element_36/text - {}
RESULT: {}
]]></system-out>
    </testcase>
    <testcase classname="chrome.117_0_5938_132.linux.Invoice_Page_Test.Vendor:_Vendor_Three,Invoice:2005-09" name="should validate price table data" time="1.737">
      <system-out><![CDATA[
COMMAND: POST /session/697bce46a5d35911c680a8b0f9f22e94/url - {"url":"https://pr-505.btm.dev.account.gov.uk/contracts/3/invoices/2005-09"}
RESULT: {"url":"https://pr-505.btm.dev.account.gov.uk/contracts/3/invoices/2005-09"}
COMMAND: POST /session/697bce46a5d35911c680a8b0f9f22e94/execute/sync - {"script":"return (() => document.readyState === \"complete\").apply(null, arguments)","args":[]}
RESULT: {"script":"return (() => document.readyState === \"complete\").apply(null, arguments)","args":[]}
COMMAND: GET /session/697bce46a5d35911c680a8b0f9f22e94/url - {}
RESULT: {}
COMMAND: POST /session/697bce46a5d35911c680a8b0f9f22e94/element - {"using":"css selector","value":".govuk-heading-xl"}
RESULT: {"using":"css selector","value":".govuk-heading-xl"}
COMMAND: POST /session/697bce46a5d35911c680a8b0f9f22e94/execute/sync - {"script":"return (function isElementDisplayed(element) {\n    function nodeIsElement(node) {\n        if (!node) {\n            return false;\n        }\n        switch (node.nodeType) {\n            case Node.ELEMEN ... (7807 more bytes)","args":[{"element-6066-11e4-a52e-4f735466cecf":"7A2D2C6940BE71ABC2602F428AD8B111_element_38","ELEMENT":"7A2D2C6940BE71ABC2602F428AD8B111_element_38"}]}
RESULT: {"script":"return (function isElementDisplayed(element) {\n    function nodeIsElement(node) {\n        if (!node) {\n            return false;\n        }\n        switch (node.nodeType) {\n            case Node.ELEMEN ... (7807 more bytes)","args":[{"element-6066-11e4-a52e-4f735466cecf":"7A2D2C6940BE71ABC2602F428AD8B111_element_38","ELEMENT":"7A2D2C6940BE71ABC2602F428AD8B111_element_38"}]}
COMMAND: POST /session/697bce46a5d35911c680a8b0f9f22e94/element - {"using":"css selector","value":".govuk-heading-xl"}
RESULT: {"using":"css selector","value":".govuk-heading-xl"}
COMMAND: GET /session/697bce46a5d35911c680a8b0f9f22e94/element/7A2D2C6940BE71ABC2602F428AD8B111_element_38/text - {}
RESULT: {}
COMMAND: POST /session/697bce46a5d35911c680a8b0f9f22e94/element - {"using":"xpath","value":".//caption[contains(., \"Price\") and not(.//caption)]"}
RESULT: {"using":"xpath","value":".//caption[contains(., \"Price\") and not(.//caption)]"}
COMMAND: POST /session/697bce46a5d35911c680a8b0f9f22e94/execute/sync - {"script":"return (function (elem, id) {\n        return (function parentElement() {\n        return this.parentElement;\n    }).call(elem, id);\n    }).apply(null, arguments)","args":[{"element-6066-11e4-a52e-4f735466cecf":"7A2D2C6940BE71ABC2602F428AD8B111_element_39","ELEMENT":"7A2D2C6940BE71ABC2602F428AD8B111_element_39"}]}
RESULT: {"script":"return (function (elem, id) {\n        return (function parentElement() {\n        return this.parentElement;\n    }).call(elem, id);\n    }).apply(null, arguments)","args":[{"element-6066-11e4-a52e-4f735466cecf":"7A2D2C6940BE71ABC2602F428AD8B111_element_39","ELEMENT":"7A2D2C6940BE71ABC2602F428AD8B111_element_39"}]}
COMMAND: POST /session/697bce46a5d35911c680a8b0f9f22e94/execute/sync - {"script":"return (function isElementDisplayed(element) {\n    function nodeIsElement(node) {\n        if (!node) {\n            return false;\n        }\n        switch (node.nodeType) {\n            case Node.ELEMEN ... (7807 more bytes)","args":[{"element-6066-11e4-a52e-4f735466cecf":"7A2D2C6940BE71ABC2602F428AD8B111_element_40","ELEMENT":"7A2D2C6940BE71ABC2602F428AD8B111_element_40"}]}
RESULT: {"script":"return (function isElementDisplayed(element) {\n    function nodeIsElement(node) {\n        if (!node) {\n            return false;\n        }\n        switch (node.nodeType) {\n            case Node.ELEMEN ... (7807 more bytes)","args":[{"element-6066-11e4-a52e-4f735466cecf":"7A2D2C6940BE71ABC2602F428AD8B111_element_40","ELEMENT":"7A2D2C6940BE71ABC2602F428AD8B111_element_40"}]}
COMMAND: POST /session/697bce46a5d35911c680a8b0f9f22e94/element/7A2D2C6940BE71ABC2602F428AD8B111_element_40/elements - {"using":"css selector","value":"tbody tr"}
RESULT: {"using":"css selector","value":"tbody tr"}
COMMAND: POST /session/697bce46a5d35911c680a8b0f9f22e94/element/7A2D2C6940BE71ABC2602F428AD8B111_element_40/element - {"using":"css selector","value":"thead tr"}
RESULT: {"using":"css selector","value":"thead tr"}
COMMAND: POST /session/697bce46a5d35911c680a8b0f9f22e94/element/7A2D2C6940BE71ABC2602F428AD8B111_element_42/elements - {"using":"css selector","value":"th"}
RESULT: {"using":"css selector","value":"th"}
COMMAND: GET /session/697bce46a5d35911c680a8b0f9f22e94/element/7A2D2C6940BE71ABC2602F428AD8B111_element_43/text - {}
COMMAND: GET /session/697bce46a5d35911c680a8b0f9f22e94/element/7A2D2C6940BE71ABC2602F428AD8B111_element_44/text - {}
COMMAND: GET /session/697bce46a5d35911c680a8b0f9f22e94/element/7A2D2C6940BE71ABC2602F428AD8B111_element_46/text - {}
COMMAND: GET /session/697bce46a5d35911c680a8b0f9f22e94/element/7A2D2C6940BE71ABC2602F428AD8B111_element_45/text - {}
RESULT: {}
RESULT: {}
RESULT: {}
RESULT: {}
COMMAND: POST /session/697bce46a5d35911c680a8b0f9f22e94/element/7A2D2C6940BE71ABC2602F428AD8B111_element_41/elements - {"using":"css selector","value":"th,td"}
RESULT: {"using":"css selector","value":"th,td"}
COMMAND: GET /session/697bce46a5d35911c680a8b0f9f22e94/element/7A2D2C6940BE71ABC2602F428AD8B111_element_47/text - {}
RESULT: {}
COMMAND: GET /session/697bce46a5d35911c680a8b0f9f22e94/element/7A2D2C6940BE71ABC2602F428AD8B111_element_48/text - {}
RESULT: {}
COMMAND: GET /session/697bce46a5d35911c680a8b0f9f22e94/element/7A2D2C6940BE71ABC2602F428AD8B111_element_49/text - {}
RESULT: {}
COMMAND: GET /session/697bce46a5d35911c680a8b0f9f22e94/element/7A2D2C6940BE71ABC2602F428AD8B111_element_50/text - {}
RESULT: {}
]]></system-out>
    </testcase>
    <testcase classname="chrome.117_0_5938_132.linux.Invoice_Page_Test.Vendor:_Vendor_Three,Invoice:2005-09" name="should validate measured events table data" time="1.295">
      <system-out><![CDATA[
COMMAND: POST /session/697bce46a5d35911c680a8b0f9f22e94/url - {"url":"https://pr-505.btm.dev.account.gov.uk/contracts/3/invoices/2005-09"}
RESULT: {"url":"https://pr-505.btm.dev.account.gov.uk/contracts/3/invoices/2005-09"}
COMMAND: POST /session/697bce46a5d35911c680a8b0f9f22e94/execute/sync - {"script":"return (() => document.readyState === \"complete\").apply(null, arguments)","args":[]}
RESULT: {"script":"return (() => document.readyState === \"complete\").apply(null, arguments)","args":[]}
COMMAND: GET /session/697bce46a5d35911c680a8b0f9f22e94/url - {}
RESULT: {}
COMMAND: POST /session/697bce46a5d35911c680a8b0f9f22e94/element - {"using":"css selector","value":".govuk-heading-xl"}
RESULT: {"using":"css selector","value":".govuk-heading-xl"}
COMMAND: POST /session/697bce46a5d35911c680a8b0f9f22e94/execute/sync - {"script":"return (function isElementDisplayed(element) {\n    function nodeIsElement(node) {\n        if (!node) {\n            return false;\n        }\n        switch (node.nodeType) {\n            case Node.ELEMEN ... (7807 more bytes)","args":[{"element-6066-11e4-a52e-4f735466cecf":"E39FF2395E1241ECCE11AA1F2A6891D2_element_52","ELEMENT":"E39FF2395E1241ECCE11AA1F2A6891D2_element_52"}]}
RESULT: {"script":"return (function isElementDisplayed(element) {\n    function nodeIsElement(node) {\n        if (!node) {\n            return false;\n        }\n        switch (node.nodeType) {\n            case Node.ELEMEN ... (7807 more bytes)","args":[{"element-6066-11e4-a52e-4f735466cecf":"E39FF2395E1241ECCE11AA1F2A6891D2_element_52","ELEMENT":"E39FF2395E1241ECCE11AA1F2A6891D2_element_52"}]}
COMMAND: POST /session/697bce46a5d35911c680a8b0f9f22e94/element - {"using":"css selector","value":".govuk-heading-xl"}
RESULT: {"using":"css selector","value":".govuk-heading-xl"}
COMMAND: GET /session/697bce46a5d35911c680a8b0f9f22e94/element/E39FF2395E1241ECCE11AA1F2A6891D2_element_52/text - {}
RESULT: {}
COMMAND: POST /session/697bce46a5d35911c680a8b0f9f22e94/element - {"using":"xpath","value":".//caption[contains(., \"Measured (events)\") and not(.//caption)]"}
RESULT: {"using":"xpath","value":".//caption[contains(., \"Measured (events)\") and not(.//caption)]"}
COMMAND: POST /session/697bce46a5d35911c680a8b0f9f22e94/execute/sync - {"script":"return (function (elem, id) {\n        return (function parentElement() {\n        return this.parentElement;\n    }).call(elem, id);\n    }).apply(null, arguments)","args":[{"element-6066-11e4-a52e-4f735466cecf":"E39FF2395E1241ECCE11AA1F2A6891D2_element_53","ELEMENT":"E39FF2395E1241ECCE11AA1F2A6891D2_element_53"}]}
RESULT: {"script":"return (function (elem, id) {\n        return (function parentElement() {\n        return this.parentElement;\n    }).call(elem, id);\n    }).apply(null, arguments)","args":[{"element-6066-11e4-a52e-4f735466cecf":"E39FF2395E1241ECCE11AA1F2A6891D2_element_53","ELEMENT":"E39FF2395E1241ECCE11AA1F2A6891D2_element_53"}]}
COMMAND: POST /session/697bce46a5d35911c680a8b0f9f22e94/execute/sync - {"script":"return (function isElementDisplayed(element) {\n    function nodeIsElement(node) {\n        if (!node) {\n            return false;\n        }\n        switch (node.nodeType) {\n            case Node.ELEMEN ... (7807 more bytes)","args":[{"element-6066-11e4-a52e-4f735466cecf":"E39FF2395E1241ECCE11AA1F2A6891D2_element_54","ELEMENT":"E39FF2395E1241ECCE11AA1F2A6891D2_element_54"}]}
RESULT: {"script":"return (function isElementDisplayed(element) {\n    function nodeIsElement(node) {\n        if (!node) {\n            return false;\n        }\n        switch (node.nodeType) {\n            case Node.ELEMEN ... (7807 more bytes)","args":[{"element-6066-11e4-a52e-4f735466cecf":"E39FF2395E1241ECCE11AA1F2A6891D2_element_54","ELEMENT":"E39FF2395E1241ECCE11AA1F2A6891D2_element_54"}]}
COMMAND: POST /session/697bce46a5d35911c680a8b0f9f22e94/element/E39FF2395E1241ECCE11AA1F2A6891D2_element_54/elements - {"using":"css selector","value":"tbody tr"}
RESULT: {"using":"css selector","value":"tbody tr"}
COMMAND: POST /session/697bce46a5d35911c680a8b0f9f22e94/element/E39FF2395E1241ECCE11AA1F2A6891D2_element_54/element - {"using":"css selector","value":"thead tr"}
RESULT: {"using":"css selector","value":"thead tr"}
COMMAND: POST /session/697bce46a5d35911c680a8b0f9f22e94/element/E39FF2395E1241ECCE11AA1F2A6891D2_element_56/elements - {"using":"css selector","value":"th"}
RESULT: {"using":"css selector","value":"th"}
COMMAND: GET /session/697bce46a5d35911c680a8b0f9f22e94/element/E39FF2395E1241ECCE11AA1F2A6891D2_element_57/text - {}
COMMAND: GET /session/697bce46a5d35911c680a8b0f9f22e94/element/E39FF2395E1241ECCE11AA1F2A6891D2_element_58/text - {}
RESULT: {}
RESULT: {}
COMMAND: POST /session/697bce46a5d35911c680a8b0f9f22e94/element/E39FF2395E1241ECCE11AA1F2A6891D2_element_55/elements - {"using":"css selector","value":"th,td"}
RESULT: {"using":"css selector","value":"th,td"}
COMMAND: GET /session/697bce46a5d35911c680a8b0f9f22e94/element/E39FF2395E1241ECCE11AA1F2A6891D2_element_59/text - {}
RESULT: {}
COMMAND: GET /session/697bce46a5d35911c680a8b0f9f22e94/element/E39FF2395E1241ECCE11AA1F2A6891D2_element_60/text - {}
RESULT: {}
]]></system-out>
    </testcase>
    <testcase classname="chrome.117_0_5938_132.linux.Invoice_Page_Test.Vendor:_Vendor_Three,Invoice:2005-09" name="should validate invoice table data" time="1.646">
      <system-out><![CDATA[
COMMAND: POST /session/697bce46a5d35911c680a8b0f9f22e94/url - {"url":"https://pr-505.btm.dev.account.gov.uk/contracts/3/invoices/2005-09"}
RESULT: {"url":"https://pr-505.btm.dev.account.gov.uk/contracts/3/invoices/2005-09"}
COMMAND: POST /session/697bce46a5d35911c680a8b0f9f22e94/execute/sync - {"script":"return (() => document.readyState === \"complete\").apply(null, arguments)","args":[]}
RESULT: {"script":"return (() => document.readyState === \"complete\").apply(null, arguments)","args":[]}
COMMAND: GET /session/697bce46a5d35911c680a8b0f9f22e94/url - {}
RESULT: {}
COMMAND: POST /session/697bce46a5d35911c680a8b0f9f22e94/element - {"using":"css selector","value":".govuk-heading-xl"}
RESULT: {"using":"css selector","value":".govuk-heading-xl"}
COMMAND: POST /session/697bce46a5d35911c680a8b0f9f22e94/execute/sync - {"script":"return (function isElementDisplayed(element) {\n    function nodeIsElement(node) {\n        if (!node) {\n            return false;\n        }\n        switch (node.nodeType) {\n            case Node.ELEMEN ... (7807 more bytes)","args":[{"element-6066-11e4-a52e-4f735466cecf":"ED1AE3484430E7C362CFEBAC9C962131_element_62","ELEMENT":"ED1AE3484430E7C362CFEBAC9C962131_element_62"}]}
RESULT: {"script":"return (function isElementDisplayed(element) {\n    function nodeIsElement(node) {\n        if (!node) {\n            return false;\n        }\n        switch (node.nodeType) {\n            case Node.ELEMEN ... (7807 more bytes)","args":[{"element-6066-11e4-a52e-4f735466cecf":"ED1AE3484430E7C362CFEBAC9C962131_element_62","ELEMENT":"ED1AE3484430E7C362CFEBAC9C962131_element_62"}]}
COMMAND: POST /session/697bce46a5d35911c680a8b0f9f22e94/element - {"using":"css selector","value":".govuk-heading-xl"}
RESULT: {"using":"css selector","value":".govuk-heading-xl"}
COMMAND: GET /session/697bce46a5d35911c680a8b0f9f22e94/element/ED1AE3484430E7C362CFEBAC9C962131_element_62/text - {}
RESULT: {}
COMMAND: POST /session/697bce46a5d35911c680a8b0f9f22e94/element - {"using":"xpath","value":".//caption[contains(., \"Invoice\") and not(.//caption)]"}
RESULT: {"using":"xpath","value":".//caption[contains(., \"Invoice\") and not(.//caption)]"}
COMMAND: POST /session/697bce46a5d35911c680a8b0f9f22e94/execute/sync - {"script":"return (function (elem, id) {\n        return (function parentElement() {\n        return this.parentElement;\n    }).call(elem, id);\n    }).apply(null, arguments)","args":[{"element-6066-11e4-a52e-4f735466cecf":"ED1AE3484430E7C362CFEBAC9C962131_element_63","ELEMENT":"ED1AE3484430E7C362CFEBAC9C962131_element_63"}]}
RESULT: {"script":"return (function (elem, id) {\n        return (function parentElement() {\n        return this.parentElement;\n    }).call(elem, id);\n    }).apply(null, arguments)","args":[{"element-6066-11e4-a52e-4f735466cecf":"ED1AE3484430E7C362CFEBAC9C962131_element_63","ELEMENT":"ED1AE3484430E7C362CFEBAC9C962131_element_63"}]}
COMMAND: POST /session/697bce46a5d35911c680a8b0f9f22e94/execute/sync - {"script":"return (function isElementDisplayed(element) {\n    function nodeIsElement(node) {\n        if (!node) {\n            return false;\n        }\n        switch (node.nodeType) {\n            case Node.ELEMEN ... (7807 more bytes)","args":[{"element-6066-11e4-a52e-4f735466cecf":"ED1AE3484430E7C362CFEBAC9C962131_element_64","ELEMENT":"ED1AE3484430E7C362CFEBAC9C962131_element_64"}]}
RESULT: {"script":"return (function isElementDisplayed(element) {\n    function nodeIsElement(node) {\n        if (!node) {\n            return false;\n        }\n        switch (node.nodeType) {\n            case Node.ELEMEN ... (7807 more bytes)","args":[{"element-6066-11e4-a52e-4f735466cecf":"ED1AE3484430E7C362CFEBAC9C962131_element_64","ELEMENT":"ED1AE3484430E7C362CFEBAC9C962131_element_64"}]}
COMMAND: POST /session/697bce46a5d35911c680a8b0f9f22e94/element/ED1AE3484430E7C362CFEBAC9C962131_element_64/elements - {"using":"css selector","value":"tbody tr"}
RESULT: {"using":"css selector","value":"tbody tr"}
COMMAND: POST /session/697bce46a5d35911c680a8b0f9f22e94/element/ED1AE3484430E7C362CFEBAC9C962131_element_64/element - {"using":"css selector","value":"thead tr"}
RESULT: {"using":"css selector","value":"thead tr"}
COMMAND: POST /session/697bce46a5d35911c680a8b0f9f22e94/element/ED1AE3484430E7C362CFEBAC9C962131_element_67/elements - {"using":"css selector","value":"th"}
RESULT: {"using":"css selector","value":"th"}
COMMAND: GET /session/697bce46a5d35911c680a8b0f9f22e94/element/ED1AE3484430E7C362CFEBAC9C962131_element_68/text - {}
COMMAND: GET /session/697bce46a5d35911c680a8b0f9f22e94/element/ED1AE3484430E7C362CFEBAC9C962131_element_69/text - {}
COMMAND: GET /session/697bce46a5d35911c680a8b0f9f22e94/element/ED1AE3484430E7C362CFEBAC9C962131_element_71/text - {}
COMMAND: GET /session/697bce46a5d35911c680a8b0f9f22e94/element/ED1AE3484430E7C362CFEBAC9C962131_element_70/text - {}
COMMAND: GET /session/697bce46a5d35911c680a8b0f9f22e94/element/ED1AE3484430E7C362CFEBAC9C962131_element_72/text - {}
RESULT: {}
RESULT: {}
RESULT: {}
RESULT: {}
RESULT: {}
COMMAND: POST /session/697bce46a5d35911c680a8b0f9f22e94/element/ED1AE3484430E7C362CFEBAC9C962131_element_65/elements - {"using":"css selector","value":"th,td"}
RESULT: {"using":"css selector","value":"th,td"}
COMMAND: GET /session/697bce46a5d35911c680a8b0f9f22e94/element/ED1AE3484430E7C362CFEBAC9C962131_element_73/text - {}
RESULT: {}
COMMAND: GET /session/697bce46a5d35911c680a8b0f9f22e94/element/ED1AE3484430E7C362CFEBAC9C962131_element_74/text - {}
RESULT: {}
COMMAND: GET /session/697bce46a5d35911c680a8b0f9f22e94/element/ED1AE3484430E7C362CFEBAC9C962131_element_75/text - {}
RESULT: {}
COMMAND: GET /session/697bce46a5d35911c680a8b0f9f22e94/element/ED1AE3484430E7C362CFEBAC9C962131_element_76/text - {}
RESULT: {}
COMMAND: GET /session/697bce46a5d35911c680a8b0f9f22e94/element/ED1AE3484430E7C362CFEBAC9C962131_element_77/text - {}
RESULT: {}
COMMAND: POST /session/697bce46a5d35911c680a8b0f9f22e94/element/ED1AE3484430E7C362CFEBAC9C962131_element_66/elements - {"using":"css selector","value":"th,td"}
RESULT: {"using":"css selector","value":"th,td"}
COMMAND: GET /session/697bce46a5d35911c680a8b0f9f22e94/element/ED1AE3484430E7C362CFEBAC9C962131_element_78/text - {}
RESULT: {}
COMMAND: GET /session/697bce46a5d35911c680a8b0f9f22e94/element/ED1AE3484430E7C362CFEBAC9C962131_element_79/text - {}
RESULT: {}
COMMAND: GET /session/697bce46a5d35911c680a8b0f9f22e94/element/ED1AE3484430E7C362CFEBAC9C962131_element_80/text - {}
RESULT: {}
COMMAND: GET /session/697bce46a5d35911c680a8b0f9f22e94/element/ED1AE3484430E7C362CFEBAC9C962131_element_81/text - {}
RESULT: {}
COMMAND: GET /session/697bce46a5d35911c680a8b0f9f22e94/element/ED1AE3484430E7C362CFEBAC9C962131_element_82/text - {}
RESULT: {}
]]></system-out>
    </testcase>
  </testsuite>
  <testsuite name="Vendor Vendor Three Invoice 2023 03" timestamp="2023-10-06T09:02:14" time="5.15" tests="6" failures="3" errors="3" skipped="0">
    <properties>
      <property name="specId" value="0"/>
      <property name="suiteName" value="Vendor: Vendor Three,Invoice:2023-03"/>
      <property name="capabilities" value="chrome.117_0_5938_132.linux"/>
      <property name="file" value="file://./ui-tests/specs/invoice.spec.ts"/>
    </properties>
    <testcase classname="chrome.117_0_5938_132.linux.Invoice_Page_Test.Vendor:_Vendor_Three,Invoice:2023-03" name="should display correct status banner color and message" time="0.821">
      <system-out><![CDATA[
COMMAND: POST /session/697bce46a5d35911c680a8b0f9f22e94/url - {"url":"https://pr-505.btm.dev.account.gov.uk/contracts/3/invoices/2023-03"}
RESULT: {"url":"https://pr-505.btm.dev.account.gov.uk/contracts/3/invoices/2023-03"}
COMMAND: POST /session/697bce46a5d35911c680a8b0f9f22e94/execute/sync - {"script":"return (() => document.readyState === \"complete\").apply(null, arguments)","args":[]}
RESULT: {"script":"return (() => document.readyState === \"complete\").apply(null, arguments)","args":[]}
COMMAND: GET /session/697bce46a5d35911c680a8b0f9f22e94/url - {}
RESULT: {}
COMMAND: POST /session/697bce46a5d35911c680a8b0f9f22e94/element - {"using":"css selector","value":".govuk-heading-xl"}
RESULT: {"using":"css selector","value":".govuk-heading-xl"}
COMMAND: POST /session/697bce46a5d35911c680a8b0f9f22e94/execute/sync - {"script":"return (function isElementDisplayed(element) {\n    function nodeIsElement(node) {\n        if (!node) {\n            return false;\n        }\n        switch (node.nodeType) {\n            case Node.ELEMEN ... (7807 more bytes)","args":[{"element-6066-11e4-a52e-4f735466cecf":"6FBF5C27063017517D393F20281644D5_element_86","ELEMENT":"6FBF5C27063017517D393F20281644D5_element_86"}]}
RESULT: {"script":"return (function isElementDisplayed(element) {\n    function nodeIsElement(node) {\n        if (!node) {\n            return false;\n        }\n        switch (node.nodeType) {\n            case Node.ELEMEN ... (7807 more bytes)","args":[{"element-6066-11e4-a52e-4f735466cecf":"6FBF5C27063017517D393F20281644D5_element_86","ELEMENT":"6FBF5C27063017517D393F20281644D5_element_86"}]}
COMMAND: POST /session/697bce46a5d35911c680a8b0f9f22e94/element - {"using":"css selector","value":".govuk-heading-xl"}
RESULT: {"using":"css selector","value":".govuk-heading-xl"}
COMMAND: GET /session/697bce46a5d35911c680a8b0f9f22e94/element/6FBF5C27063017517D393F20281644D5_element_86/text - {}
RESULT: {}
COMMAND: POST /session/697bce46a5d35911c680a8b0f9f22e94/element - {"using":"css selector","value":"h2.govuk-panel__title"}
RESULT: {"using":"css selector","value":"h2.govuk-panel__title"}
COMMAND: POST /session/697bce46a5d35911c680a8b0f9f22e94/execute/sync - {"script":"return (function isElementDisplayed(element) {\n    function nodeIsElement(node) {\n        if (!node) {\n            return false;\n        }\n        switch (node.nodeType) {\n            case Node.ELEMEN ... (7807 more bytes)","args":[{"element-6066-11e4-a52e-4f735466cecf":"6FBF5C27063017517D393F20281644D5_element_87","ELEMENT":"6FBF5C27063017517D393F20281644D5_element_87"}]}
RESULT: {"script":"return (function isElementDisplayed(element) {\n    function nodeIsElement(node) {\n        if (!node) {\n            return false;\n        }\n        switch (node.nodeType) {\n            case Node.ELEMEN ... (7807 more bytes)","args":[{"element-6066-11e4-a52e-4f735466cecf":"6FBF5C27063017517D393F20281644D5_element_87","ELEMENT":"6FBF5C27063017517D393F20281644D5_element_87"}]}
COMMAND: POST /session/697bce46a5d35911c680a8b0f9f22e94/element - {"using":"css selector","value":"h2.govuk-panel__title"}
RESULT: {"using":"css selector","value":"h2.govuk-panel__title"}
COMMAND: GET /session/697bce46a5d35911c680a8b0f9f22e94/element/6FBF5C27063017517D393F20281644D5_element_87/text - {}
RESULT: {}
COMMAND: POST /session/697bce46a5d35911c680a8b0f9f22e94/element - {"using":"css selector","value":".govuk-panel"}
RESULT: {"using":"css selector","value":".govuk-panel"}
COMMAND: POST /session/697bce46a5d35911c680a8b0f9f22e94/execute/sync - {"script":"return (function isElementDisplayed(element) {\n    function nodeIsElement(node) {\n        if (!node) {\n            return false;\n        }\n        switch (node.nodeType) {\n            case Node.ELEMEN ... (7807 more bytes)","args":[{"element-6066-11e4-a52e-4f735466cecf":"6FBF5C27063017517D393F20281644D5_element_84","ELEMENT":"6FBF5C27063017517D393F20281644D5_element_84"}]}
RESULT: {"script":"return (function isElementDisplayed(element) {\n    function nodeIsElement(node) {\n        if (!node) {\n            return false;\n        }\n        switch (node.nodeType) {\n            case Node.ELEMEN ... (7807 more bytes)","args":[{"element-6066-11e4-a52e-4f735466cecf":"6FBF5C27063017517D393F20281644D5_element_84","ELEMENT":"6FBF5C27063017517D393F20281644D5_element_84"}]}
COMMAND: GET /session/697bce46a5d35911c680a8b0f9f22e94/element/6FBF5C27063017517D393F20281644D5_element_84/css/background-color - {}
RESULT: {}
]]></system-out>
    </testcase>
    <testcase classname="chrome.117_0_5938_132.linux.Invoice_Page_Test.Vendor:_Vendor_Three,Invoice:2023-03" name="should validate reconciliation table data" time="0.909">
      <system-out><![CDATA[
COMMAND: POST /session/697bce46a5d35911c680a8b0f9f22e94/url - {"url":"https://pr-505.btm.dev.account.gov.uk/contracts/3/invoices/2023-03"}
RESULT: {"url":"https://pr-505.btm.dev.account.gov.uk/contracts/3/invoices/2023-03"}
COMMAND: POST /session/697bce46a5d35911c680a8b0f9f22e94/execute/sync - {"script":"return (() => document.readyState === \"complete\").apply(null, arguments)","args":[]}
RESULT: {"script":"return (() => document.readyState === \"complete\").apply(null, arguments)","args":[]}
COMMAND: GET /session/697bce46a5d35911c680a8b0f9f22e94/url - {}
RESULT: {}
COMMAND: POST /session/697bce46a5d35911c680a8b0f9f22e94/element - {"using":"css selector","value":".govuk-heading-xl"}
RESULT: {"using":"css selector","value":".govuk-heading-xl"}
COMMAND: POST /session/697bce46a5d35911c680a8b0f9f22e94/execute/sync - {"script":"return (function isElementDisplayed(element) {\n    function nodeIsElement(node) {\n        if (!node) {\n            return false;\n        }\n        switch (node.nodeType) {\n            case Node.ELEMEN ... (7807 more bytes)","args":[{"element-6066-11e4-a52e-4f735466cecf":"7DA87DAC21660B2E3B9830C7C65E808C_element_89","ELEMENT":"7DA87DAC21660B2E3B9830C7C65E808C_element_89"}]}
RESULT: {"script":"return (function isElementDisplayed(element) {\n    function nodeIsElement(node) {\n        if (!node) {\n            return false;\n        }\n        switch (node.nodeType) {\n            case Node.ELEMEN ... (7807 more bytes)","args":[{"element-6066-11e4-a52e-4f735466cecf":"7DA87DAC21660B2E3B9830C7C65E808C_element_89","ELEMENT":"7DA87DAC21660B2E3B9830C7C65E808C_element_89"}]}
COMMAND: POST /session/697bce46a5d35911c680a8b0f9f22e94/element - {"using":"css selector","value":".govuk-heading-xl"}
RESULT: {"using":"css selector","value":".govuk-heading-xl"}
COMMAND: GET /session/697bce46a5d35911c680a8b0f9f22e94/element/7DA87DAC21660B2E3B9830C7C65E808C_element_89/text - {}
RESULT: {}
COMMAND: POST /session/697bce46a5d35911c680a8b0f9f22e94/element - {"using":"xpath","value":".//caption[contains(., \"Reconciliation\") and not(.//caption)]"}
RESULT: {"using":"xpath","value":".//caption[contains(., \"Reconciliation\") and not(.//caption)]"}
COMMAND: POST /session/697bce46a5d35911c680a8b0f9f22e94/execute/sync - {"script":"return (function (elem, id) {\n        return (function parentElement() {\n        return this.parentElement;\n    }).call(elem, id);\n    }).apply(null, arguments)","args":[{"element-6066-11e4-a52e-4f735466cecf":"7DA87DAC21660B2E3B9830C7C65E808C_element_90","ELEMENT":"7DA87DAC21660B2E3B9830C7C65E808C_element_90"}]}
RESULT: {"script":"return (function (elem, id) {\n        return (function parentElement() {\n        return this.parentElement;\n    }).call(elem, id);\n    }).apply(null, arguments)","args":[{"element-6066-11e4-a52e-4f735466cecf":"7DA87DAC21660B2E3B9830C7C65E808C_element_90","ELEMENT":"7DA87DAC21660B2E3B9830C7C65E808C_element_90"}]}
COMMAND: POST /session/697bce46a5d35911c680a8b0f9f22e94/execute/sync - {"script":"return (function isElementDisplayed(element) {\n    function nodeIsElement(node) {\n        if (!node) {\n            return false;\n        }\n        switch (node.nodeType) {\n            case Node.ELEMEN ... (7807 more bytes)","args":[{"element-6066-11e4-a52e-4f735466cecf":"7DA87DAC21660B2E3B9830C7C65E808C_element_91","ELEMENT":"7DA87DAC21660B2E3B9830C7C65E808C_element_91"}]}
RESULT: {"script":"return (function isElementDisplayed(element) {\n    function nodeIsElement(node) {\n        if (!node) {\n            return false;\n        }\n        switch (node.nodeType) {\n            case Node.ELEMEN ... (7807 more bytes)","args":[{"element-6066-11e4-a52e-4f735466cecf":"7DA87DAC21660B2E3B9830C7C65E808C_element_91","ELEMENT":"7DA87DAC21660B2E3B9830C7C65E808C_element_91"}]}
COMMAND: POST /session/697bce46a5d35911c680a8b0f9f22e94/element/7DA87DAC21660B2E3B9830C7C65E808C_element_91/elements - {"using":"css selector","value":"tbody tr"}
RESULT: {"using":"css selector","value":"tbody tr"}
COMMAND: POST /session/697bce46a5d35911c680a8b0f9f22e94/element/7DA87DAC21660B2E3B9830C7C65E808C_element_91/element - {"using":"css selector","value":"thead tr"}
RESULT: {"using":"css selector","value":"thead tr"}
COMMAND: POST /session/697bce46a5d35911c680a8b0f9f22e94/element/7DA87DAC21660B2E3B9830C7C65E808C_element_94/elements - {"using":"css selector","value":"th"}
RESULT: {"using":"css selector","value":"th"}
COMMAND: GET /session/697bce46a5d35911c680a8b0f9f22e94/element/7DA87DAC21660B2E3B9830C7C65E808C_element_95/text - {}
COMMAND: GET /session/697bce46a5d35911c680a8b0f9f22e94/element/7DA87DAC21660B2E3B9830C7C65E808C_element_96/text - {}
COMMAND: GET /session/697bce46a5d35911c680a8b0f9f22e94/element/7DA87DAC21660B2E3B9830C7C65E808C_element_98/text - {}
COMMAND: GET /session/697bce46a5d35911c680a8b0f9f22e94/element/7DA87DAC21660B2E3B9830C7C65E808C_element_97/text - {}
COMMAND: GET /session/697bce46a5d35911c680a8b0f9f22e94/element/7DA87DAC21660B2E3B9830C7C65E808C_element_99/text - {}
RESULT: {}
RESULT: {}
RESULT: {}
RESULT: {}
RESULT: {}
COMMAND: POST /session/697bce46a5d35911c680a8b0f9f22e94/element/7DA87DAC21660B2E3B9830C7C65E808C_element_92/elements - {"using":"css selector","value":"th,td"}
RESULT: {"using":"css selector","value":"th,td"}
COMMAND: GET /session/697bce46a5d35911c680a8b0f9f22e94/element/7DA87DAC21660B2E3B9830C7C65E808C_element_100/text - {}
RESULT: {}
COMMAND: GET /session/697bce46a5d35911c680a8b0f9f22e94/element/7DA87DAC21660B2E3B9830C7C65E808C_element_101/text - {}
RESULT: {}
COMMAND: GET /session/697bce46a5d35911c680a8b0f9f22e94/element/7DA87DAC21660B2E3B9830C7C65E808C_element_102/text - {}
RESULT: {}
COMMAND: GET /session/697bce46a5d35911c680a8b0f9f22e94/element/7DA87DAC21660B2E3B9830C7C65E808C_element_103/text - {}
RESULT: {}
COMMAND: GET /session/697bce46a5d35911c680a8b0f9f22e94/element/7DA87DAC21660B2E3B9830C7C65E808C_element_104/text - {}
RESULT: {}
COMMAND: POST /session/697bce46a5d35911c680a8b0f9f22e94/element/7DA87DAC21660B2E3B9830C7C65E808C_element_93/elements - {"using":"css selector","value":"th,td"}
RESULT: {"using":"css selector","value":"th,td"}
COMMAND: GET /session/697bce46a5d35911c680a8b0f9f22e94/element/7DA87DAC21660B2E3B9830C7C65E808C_element_105/text - {}
RESULT: {}
COMMAND: GET /session/697bce46a5d35911c680a8b0f9f22e94/element/7DA87DAC21660B2E3B9830C7C65E808C_element_106/text - {}
RESULT: {}
COMMAND: GET /session/697bce46a5d35911c680a8b0f9f22e94/element/7DA87DAC21660B2E3B9830C7C65E808C_element_107/text - {}
RESULT: {}
COMMAND: GET /session/697bce46a5d35911c680a8b0f9f22e94/element/7DA87DAC21660B2E3B9830C7C65E808C_element_108/text - {}
RESULT: {}
COMMAND: GET /session/697bce46a5d35911c680a8b0f9f22e94/element/7DA87DAC21660B2E3B9830C7C65E808C_element_109/text - {}
RESULT: {}
]]></system-out>
    </testcase>
    <testcase classname="chrome.117_0_5938_132.linux.Invoice_Page_Test.Vendor:_Vendor_Three,Invoice:2023-03" name="should validate quantity events table data" time="0.83">
      <failure/>
      <error message="expect(received).toEqual(expected) // deep equality&#xA;&#xA;Expected: &quot;15&quot;&#xA;Received: &quot;9&quot;"/>
      <system-out><![CDATA[
COMMAND: POST /session/697bce46a5d35911c680a8b0f9f22e94/url - {"url":"https://pr-505.btm.dev.account.gov.uk/contracts/3/invoices/2023-03"}
RESULT: {"url":"https://pr-505.btm.dev.account.gov.uk/contracts/3/invoices/2023-03"}
COMMAND: POST /session/697bce46a5d35911c680a8b0f9f22e94/execute/sync - {"script":"return (() => document.readyState === \"complete\").apply(null, arguments)","args":[]}
RESULT: {"script":"return (() => document.readyState === \"complete\").apply(null, arguments)","args":[]}
COMMAND: GET /session/697bce46a5d35911c680a8b0f9f22e94/url - {}
RESULT: {}
COMMAND: POST /session/697bce46a5d35911c680a8b0f9f22e94/element - {"using":"css selector","value":".govuk-heading-xl"}
RESULT: {"using":"css selector","value":".govuk-heading-xl"}
COMMAND: POST /session/697bce46a5d35911c680a8b0f9f22e94/execute/sync - {"script":"return (function isElementDisplayed(element) {\n    function nodeIsElement(node) {\n        if (!node) {\n            return false;\n        }\n        switch (node.nodeType) {\n            case Node.ELEMEN ... (7807 more bytes)","args":[{"element-6066-11e4-a52e-4f735466cecf":"9F1C0A128629BC1CB6F8BC15877CA236_element_111","ELEMENT":"9F1C0A128629BC1CB6F8BC15877CA236_element_111"}]}
RESULT: {"script":"return (function isElementDisplayed(element) {\n    function nodeIsElement(node) {\n        if (!node) {\n            return false;\n        }\n        switch (node.nodeType) {\n            case Node.ELEMEN ... (7807 more bytes)","args":[{"element-6066-11e4-a52e-4f735466cecf":"9F1C0A128629BC1CB6F8BC15877CA236_element_111","ELEMENT":"9F1C0A128629BC1CB6F8BC15877CA236_element_111"}]}
COMMAND: POST /session/697bce46a5d35911c680a8b0f9f22e94/element - {"using":"css selector","value":".govuk-heading-xl"}
RESULT: {"using":"css selector","value":".govuk-heading-xl"}
COMMAND: GET /session/697bce46a5d35911c680a8b0f9f22e94/element/9F1C0A128629BC1CB6F8BC15877CA236_element_111/text - {}
RESULT: {}
COMMAND: POST /session/697bce46a5d35911c680a8b0f9f22e94/element - {"using":"xpath","value":".//caption[contains(., \"Quantity (events)\") and not(.//caption)]"}
RESULT: {"using":"xpath","value":".//caption[contains(., \"Quantity (events)\") and not(.//caption)]"}
COMMAND: POST /session/697bce46a5d35911c680a8b0f9f22e94/execute/sync - {"script":"return (function (elem, id) {\n        return (function parentElement() {\n        return this.parentElement;\n    }).call(elem, id);\n    }).apply(null, arguments)","args":[{"element-6066-11e4-a52e-4f735466cecf":"9F1C0A128629BC1CB6F8BC15877CA236_element_112","ELEMENT":"9F1C0A128629BC1CB6F8BC15877CA236_element_112"}]}
RESULT: {"script":"return (function (elem, id) {\n        return (function parentElement() {\n        return this.parentElement;\n    }).call(elem, id);\n    }).apply(null, arguments)","args":[{"element-6066-11e4-a52e-4f735466cecf":"9F1C0A128629BC1CB6F8BC15877CA236_element_112","ELEMENT":"9F1C0A128629BC1CB6F8BC15877CA236_element_112"}]}
COMMAND: POST /session/697bce46a5d35911c680a8b0f9f22e94/execute/sync - {"script":"return (function isElementDisplayed(element) {\n    function nodeIsElement(node) {\n        if (!node) {\n            return false;\n        }\n        switch (node.nodeType) {\n            case Node.ELEMEN ... (7807 more bytes)","args":[{"element-6066-11e4-a52e-4f735466cecf":"9F1C0A128629BC1CB6F8BC15877CA236_element_113","ELEMENT":"9F1C0A128629BC1CB6F8BC15877CA236_element_113"}]}
RESULT: {"script":"return (function isElementDisplayed(element) {\n    function nodeIsElement(node) {\n        if (!node) {\n            return false;\n        }\n        switch (node.nodeType) {\n            case Node.ELEMEN ... (7807 more bytes)","args":[{"element-6066-11e4-a52e-4f735466cecf":"9F1C0A128629BC1CB6F8BC15877CA236_element_113","ELEMENT":"9F1C0A128629BC1CB6F8BC15877CA236_element_113"}]}
COMMAND: POST /session/697bce46a5d35911c680a8b0f9f22e94/element/9F1C0A128629BC1CB6F8BC15877CA236_element_113/elements - {"using":"css selector","value":"tbody tr"}
RESULT: {"using":"css selector","value":"tbody tr"}
COMMAND: POST /session/697bce46a5d35911c680a8b0f9f22e94/element/9F1C0A128629BC1CB6F8BC15877CA236_element_113/element - {"using":"css selector","value":"thead tr"}
RESULT: {"using":"css selector","value":"thead tr"}
COMMAND: POST /session/697bce46a5d35911c680a8b0f9f22e94/element/9F1C0A128629BC1CB6F8BC15877CA236_element_116/elements - {"using":"css selector","value":"th"}
RESULT: {"using":"css selector","value":"th"}
COMMAND: GET /session/697bce46a5d35911c680a8b0f9f22e94/element/9F1C0A128629BC1CB6F8BC15877CA236_element_117/text - {}
COMMAND: GET /session/697bce46a5d35911c680a8b0f9f22e94/element/9F1C0A128629BC1CB6F8BC15877CA236_element_118/text - {}
COMMAND: GET /session/697bce46a5d35911c680a8b0f9f22e94/element/9F1C0A128629BC1CB6F8BC15877CA236_element_120/text - {}
COMMAND: GET /session/697bce46a5d35911c680a8b0f9f22e94/element/9F1C0A128629BC1CB6F8BC15877CA236_element_119/text - {}
RESULT: {}
RESULT: {}
RESULT: {}
RESULT: {}
COMMAND: POST /session/697bce46a5d35911c680a8b0f9f22e94/element/9F1C0A128629BC1CB6F8BC15877CA236_element_114/elements - {"using":"css selector","value":"th,td"}
RESULT: {"using":"css selector","value":"th,td"}
COMMAND: GET /session/697bce46a5d35911c680a8b0f9f22e94/element/9F1C0A128629BC1CB6F8BC15877CA236_element_121/text - {}
RESULT: {}
COMMAND: GET /session/697bce46a5d35911c680a8b0f9f22e94/element/9F1C0A128629BC1CB6F8BC15877CA236_element_122/text - {}
RESULT: {}
COMMAND: GET /session/697bce46a5d35911c680a8b0f9f22e94/element/9F1C0A128629BC1CB6F8BC15877CA236_element_123/text - {}
RESULT: {}
COMMAND: GET /session/697bce46a5d35911c680a8b0f9f22e94/element/9F1C0A128629BC1CB6F8BC15877CA236_element_124/text - {}
RESULT: {}
COMMAND: POST /session/697bce46a5d35911c680a8b0f9f22e94/element/9F1C0A128629BC1CB6F8BC15877CA236_element_115/elements - {"using":"css selector","value":"th,td"}
RESULT: {"using":"css selector","value":"th,td"}
COMMAND: GET /session/697bce46a5d35911c680a8b0f9f22e94/element/9F1C0A128629BC1CB6F8BC15877CA236_element_125/text - {}
RESULT: {}
COMMAND: GET /session/697bce46a5d35911c680a8b0f9f22e94/element/9F1C0A128629BC1CB6F8BC15877CA236_element_126/text - {}
RESULT: {}
COMMAND: GET /session/697bce46a5d35911c680a8b0f9f22e94/element/9F1C0A128629BC1CB6F8BC15877CA236_element_127/text - {}
RESULT: {}
COMMAND: GET /session/697bce46a5d35911c680a8b0f9f22e94/element/9F1C0A128629BC1CB6F8BC15877CA236_element_128/text - {}
RESULT: {}
]]></system-out>
      <system-err><![CDATA[
Error: expect(received).toEqual(expected) // deep equality

Expected: "15"
Received: "9"
    at expectEqual (file:///home/runner/work/di-billing-transaction-monitoring/di-billing-transaction-monitoring/ui-tests/utils/customTestAssertion.ts:12:20)
    at assertQuantityTableData (file:///home/runner/work/di-billing-transaction-monitoring/di-billing-transaction-monitoring/ui-tests/specs/invoice.spec.ts:187:3)
    at validateTableDataWithAssertions (file:///home/runner/work/di-billing-transaction-monitoring/di-billing-transaction-monitoring/ui-tests/specs/invoice.spec.ts:154:5)
    at runMicrotasks (<anonymous>)
    at processTicksAndRejections (node:internal/process/task_queues:96:5)
    at async Context.<anonymous> (file:///home/runner/work/di-billing-transaction-monitoring/di-billing-transaction-monitoring/ui-tests/specs/invoice.spec.ts:106:9)
]]></system-err>
    </testcase>
    <testcase classname="chrome.117_0_5938_132.linux.Invoice_Page_Test.Vendor:_Vendor_Three,Invoice:2023-03" name="should validate price table data" time="0.964">
      <failure/>
      <error message="expect(received).toEqual(expected) // deep equality&#xA;&#xA;Expected: &quot;£3.75&quot;&#xA;Received: &quot;£2.25&quot;"/>
      <system-out><![CDATA[
COMMAND: POST /session/697bce46a5d35911c680a8b0f9f22e94/url - {"url":"https://pr-505.btm.dev.account.gov.uk/contracts/3/invoices/2023-03"}
RESULT: {"url":"https://pr-505.btm.dev.account.gov.uk/contracts/3/invoices/2023-03"}
COMMAND: POST /session/697bce46a5d35911c680a8b0f9f22e94/execute/sync - {"script":"return (() => document.readyState === \"complete\").apply(null, arguments)","args":[]}
RESULT: {"script":"return (() => document.readyState === \"complete\").apply(null, arguments)","args":[]}
COMMAND: GET /session/697bce46a5d35911c680a8b0f9f22e94/url - {}
RESULT: {}
COMMAND: POST /session/697bce46a5d35911c680a8b0f9f22e94/element - {"using":"css selector","value":".govuk-heading-xl"}
RESULT: {"using":"css selector","value":".govuk-heading-xl"}
COMMAND: POST /session/697bce46a5d35911c680a8b0f9f22e94/execute/sync - {"script":"return (function isElementDisplayed(element) {\n    function nodeIsElement(node) {\n        if (!node) {\n            return false;\n        }\n        switch (node.nodeType) {\n            case Node.ELEMEN ... (7807 more bytes)","args":[{"element-6066-11e4-a52e-4f735466cecf":"C50388222A38FAC0F9D8D06EF7FA631D_element_130","ELEMENT":"C50388222A38FAC0F9D8D06EF7FA631D_element_130"}]}
RESULT: {"script":"return (function isElementDisplayed(element) {\n    function nodeIsElement(node) {\n        if (!node) {\n            return false;\n        }\n        switch (node.nodeType) {\n            case Node.ELEMEN ... (7807 more bytes)","args":[{"element-6066-11e4-a52e-4f735466cecf":"C50388222A38FAC0F9D8D06EF7FA631D_element_130","ELEMENT":"C50388222A38FAC0F9D8D06EF7FA631D_element_130"}]}
COMMAND: POST /session/697bce46a5d35911c680a8b0f9f22e94/element - {"using":"css selector","value":".govuk-heading-xl"}
RESULT: {"using":"css selector","value":".govuk-heading-xl"}
COMMAND: GET /session/697bce46a5d35911c680a8b0f9f22e94/element/C50388222A38FAC0F9D8D06EF7FA631D_element_130/text - {}
RESULT: {}
COMMAND: POST /session/697bce46a5d35911c680a8b0f9f22e94/element - {"using":"xpath","value":".//caption[contains(., \"Price\") and not(.//caption)]"}
RESULT: {"using":"xpath","value":".//caption[contains(., \"Price\") and not(.//caption)]"}
COMMAND: POST /session/697bce46a5d35911c680a8b0f9f22e94/execute/sync - {"script":"return (function (elem, id) {\n        return (function parentElement() {\n        return this.parentElement;\n    }).call(elem, id);\n    }).apply(null, arguments)","args":[{"element-6066-11e4-a52e-4f735466cecf":"C50388222A38FAC0F9D8D06EF7FA631D_element_131","ELEMENT":"C50388222A38FAC0F9D8D06EF7FA631D_element_131"}]}
RESULT: {"script":"return (function (elem, id) {\n        return (function parentElement() {\n        return this.parentElement;\n    }).call(elem, id);\n    }).apply(null, arguments)","args":[{"element-6066-11e4-a52e-4f735466cecf":"C50388222A38FAC0F9D8D06EF7FA631D_element_131","ELEMENT":"C50388222A38FAC0F9D8D06EF7FA631D_element_131"}]}
COMMAND: POST /session/697bce46a5d35911c680a8b0f9f22e94/execute/sync - {"script":"return (function isElementDisplayed(element) {\n    function nodeIsElement(node) {\n        if (!node) {\n            return false;\n        }\n        switch (node.nodeType) {\n            case Node.ELEMEN ... (7807 more bytes)","args":[{"element-6066-11e4-a52e-4f735466cecf":"C50388222A38FAC0F9D8D06EF7FA631D_element_132","ELEMENT":"C50388222A38FAC0F9D8D06EF7FA631D_element_132"}]}
RESULT: {"script":"return (function isElementDisplayed(element) {\n    function nodeIsElement(node) {\n        if (!node) {\n            return false;\n        }\n        switch (node.nodeType) {\n            case Node.ELEMEN ... (7807 more bytes)","args":[{"element-6066-11e4-a52e-4f735466cecf":"C50388222A38FAC0F9D8D06EF7FA631D_element_132","ELEMENT":"C50388222A38FAC0F9D8D06EF7FA631D_element_132"}]}
COMMAND: POST /session/697bce46a5d35911c680a8b0f9f22e94/element/C50388222A38FAC0F9D8D06EF7FA631D_element_132/elements - {"using":"css selector","value":"tbody tr"}
RESULT: {"using":"css selector","value":"tbody tr"}
COMMAND: POST /session/697bce46a5d35911c680a8b0f9f22e94/element/C50388222A38FAC0F9D8D06EF7FA631D_element_132/element - {"using":"css selector","value":"thead tr"}
RESULT: {"using":"css selector","value":"thead tr"}
COMMAND: POST /session/697bce46a5d35911c680a8b0f9f22e94/element/C50388222A38FAC0F9D8D06EF7FA631D_element_135/elements - {"using":"css selector","value":"th"}
RESULT: {"using":"css selector","value":"th"}
COMMAND: GET /session/697bce46a5d35911c680a8b0f9f22e94/element/C50388222A38FAC0F9D8D06EF7FA631D_element_136/text - {}
COMMAND: GET /session/697bce46a5d35911c680a8b0f9f22e94/element/C50388222A38FAC0F9D8D06EF7FA631D_element_137/text - {}
COMMAND: GET /session/697bce46a5d35911c680a8b0f9f22e94/element/C50388222A38FAC0F9D8D06EF7FA631D_element_139/text - {}
COMMAND: GET /session/697bce46a5d35911c680a8b0f9f22e94/element/C50388222A38FAC0F9D8D06EF7FA631D_element_138/text - {}
RESULT: {}
RESULT: {}
RESULT: {}
RESULT: {}
COMMAND: POST /session/697bce46a5d35911c680a8b0f9f22e94/element/C50388222A38FAC0F9D8D06EF7FA631D_element_133/elements - {"using":"css selector","value":"th,td"}
RESULT: {"using":"css selector","value":"th,td"}
COMMAND: GET /session/697bce46a5d35911c680a8b0f9f22e94/element/C50388222A38FAC0F9D8D06EF7FA631D_element_140/text - {}
RESULT: {}
COMMAND: GET /session/697bce46a5d35911c680a8b0f9f22e94/element/C50388222A38FAC0F9D8D06EF7FA631D_element_141/text - {}
RESULT: {}
COMMAND: GET /session/697bce46a5d35911c680a8b0f9f22e94/element/C50388222A38FAC0F9D8D06EF7FA631D_element_142/text - {}
RESULT: {}
COMMAND: GET /session/697bce46a5d35911c680a8b0f9f22e94/element/C50388222A38FAC0F9D8D06EF7FA631D_element_143/text - {}
RESULT: {}
COMMAND: POST /session/697bce46a5d35911c680a8b0f9f22e94/element/C50388222A38FAC0F9D8D06EF7FA631D_element_134/elements - {"using":"css selector","value":"th,td"}
RESULT: {"using":"css selector","value":"th,td"}
COMMAND: GET /session/697bce46a5d35911c680a8b0f9f22e94/element/C50388222A38FAC0F9D8D06EF7FA631D_element_144/text - {}
RESULT: {}
COMMAND: GET /session/697bce46a5d35911c680a8b0f9f22e94/element/C50388222A38FAC0F9D8D06EF7FA631D_element_145/text - {}
RESULT: {}
COMMAND: GET /session/697bce46a5d35911c680a8b0f9f22e94/element/C50388222A38FAC0F9D8D06EF7FA631D_element_146/text - {}
RESULT: {}
COMMAND: GET /session/697bce46a5d35911c680a8b0f9f22e94/element/C50388222A38FAC0F9D8D06EF7FA631D_element_147/text - {}
RESULT: {}
]]></system-out>
      <system-err><![CDATA[
Error: expect(received).toEqual(expected) // deep equality

Expected: "£3.75"
Received: "£2.25"
    at expectEqual (file:///home/runner/work/di-billing-transaction-monitoring/di-billing-transaction-monitoring/ui-tests/utils/customTestAssertion.ts:12:20)
    at assertPriceTableData (file:///home/runner/work/di-billing-transaction-monitoring/di-billing-transaction-monitoring/ui-tests/specs/invoice.spec.ts:200:3)
    at validateTableDataWithAssertions (file:///home/runner/work/di-billing-transaction-monitoring/di-billing-transaction-monitoring/ui-tests/specs/invoice.spec.ts:154:5)
    at runMicrotasks (<anonymous>)
    at processTicksAndRejections (node:internal/process/task_queues:96:5)
    at async Context.<anonymous> (file:///home/runner/work/di-billing-transaction-monitoring/di-billing-transaction-monitoring/ui-tests/specs/invoice.spec.ts:114:9)
]]></system-err>
    </testcase>
    <testcase classname="chrome.117_0_5938_132.linux.Invoice_Page_Test.Vendor:_Vendor_Three,Invoice:2023-03" name="should validate measured events table data" time="0.69">
      <system-out><![CDATA[
COMMAND: POST /session/697bce46a5d35911c680a8b0f9f22e94/url - {"url":"https://pr-505.btm.dev.account.gov.uk/contracts/3/invoices/2023-03"}
RESULT: {"url":"https://pr-505.btm.dev.account.gov.uk/contracts/3/invoices/2023-03"}
COMMAND: POST /session/697bce46a5d35911c680a8b0f9f22e94/execute/sync - {"script":"return (() => document.readyState === \"complete\").apply(null, arguments)","args":[]}
RESULT: {"script":"return (() => document.readyState === \"complete\").apply(null, arguments)","args":[]}
COMMAND: GET /session/697bce46a5d35911c680a8b0f9f22e94/url - {}
RESULT: {}
COMMAND: POST /session/697bce46a5d35911c680a8b0f9f22e94/element - {"using":"css selector","value":".govuk-heading-xl"}
RESULT: {"using":"css selector","value":".govuk-heading-xl"}
COMMAND: POST /session/697bce46a5d35911c680a8b0f9f22e94/execute/sync - {"script":"return (function isElementDisplayed(element) {\n    function nodeIsElement(node) {\n        if (!node) {\n            return false;\n        }\n        switch (node.nodeType) {\n            case Node.ELEMEN ... (7807 more bytes)","args":[{"element-6066-11e4-a52e-4f735466cecf":"E07673166C68123FAEDFB03CACD8FB8D_element_149","ELEMENT":"E07673166C68123FAEDFB03CACD8FB8D_element_149"}]}
RESULT: {"script":"return (function isElementDisplayed(element) {\n    function nodeIsElement(node) {\n        if (!node) {\n            return false;\n        }\n        switch (node.nodeType) {\n            case Node.ELEMEN ... (7807 more bytes)","args":[{"element-6066-11e4-a52e-4f735466cecf":"E07673166C68123FAEDFB03CACD8FB8D_element_149","ELEMENT":"E07673166C68123FAEDFB03CACD8FB8D_element_149"}]}
COMMAND: POST /session/697bce46a5d35911c680a8b0f9f22e94/element - {"using":"css selector","value":".govuk-heading-xl"}
RESULT: {"using":"css selector","value":".govuk-heading-xl"}
COMMAND: GET /session/697bce46a5d35911c680a8b0f9f22e94/element/E07673166C68123FAEDFB03CACD8FB8D_element_149/text - {}
RESULT: {}
COMMAND: POST /session/697bce46a5d35911c680a8b0f9f22e94/element - {"using":"xpath","value":".//caption[contains(., \"Measured (events)\") and not(.//caption)]"}
RESULT: {"using":"xpath","value":".//caption[contains(., \"Measured (events)\") and not(.//caption)]"}
COMMAND: POST /session/697bce46a5d35911c680a8b0f9f22e94/execute/sync - {"script":"return (function (elem, id) {\n        return (function parentElement() {\n        return this.parentElement;\n    }).call(elem, id);\n    }).apply(null, arguments)","args":[{"element-6066-11e4-a52e-4f735466cecf":"E07673166C68123FAEDFB03CACD8FB8D_element_150","ELEMENT":"E07673166C68123FAEDFB03CACD8FB8D_element_150"}]}
RESULT: {"script":"return (function (elem, id) {\n        return (function parentElement() {\n        return this.parentElement;\n    }).call(elem, id);\n    }).apply(null, arguments)","args":[{"element-6066-11e4-a52e-4f735466cecf":"E07673166C68123FAEDFB03CACD8FB8D_element_150","ELEMENT":"E07673166C68123FAEDFB03CACD8FB8D_element_150"}]}
COMMAND: POST /session/697bce46a5d35911c680a8b0f9f22e94/execute/sync - {"script":"return (function isElementDisplayed(element) {\n    function nodeIsElement(node) {\n        if (!node) {\n            return false;\n        }\n        switch (node.nodeType) {\n            case Node.ELEMEN ... (7807 more bytes)","args":[{"element-6066-11e4-a52e-4f735466cecf":"E07673166C68123FAEDFB03CACD8FB8D_element_151","ELEMENT":"E07673166C68123FAEDFB03CACD8FB8D_element_151"}]}
RESULT: {"script":"return (function isElementDisplayed(element) {\n    function nodeIsElement(node) {\n        if (!node) {\n            return false;\n        }\n        switch (node.nodeType) {\n            case Node.ELEMEN ... (7807 more bytes)","args":[{"element-6066-11e4-a52e-4f735466cecf":"E07673166C68123FAEDFB03CACD8FB8D_element_151","ELEMENT":"E07673166C68123FAEDFB03CACD8FB8D_element_151"}]}
COMMAND: POST /session/697bce46a5d35911c680a8b0f9f22e94/element/E07673166C68123FAEDFB03CACD8FB8D_element_151/elements - {"using":"css selector","value":"tbody tr"}
RESULT: {"using":"css selector","value":"tbody tr"}
COMMAND: POST /session/697bce46a5d35911c680a8b0f9f22e94/element/E07673166C68123FAEDFB03CACD8FB8D_element_151/element - {"using":"css selector","value":"thead tr"}
RESULT: {"using":"css selector","value":"thead tr"}
COMMAND: POST /session/697bce46a5d35911c680a8b0f9f22e94/element/E07673166C68123FAEDFB03CACD8FB8D_element_154/elements - {"using":"css selector","value":"th"}
RESULT: {"using":"css selector","value":"th"}
COMMAND: GET /session/697bce46a5d35911c680a8b0f9f22e94/element/E07673166C68123FAEDFB03CACD8FB8D_element_155/text - {}
COMMAND: GET /session/697bce46a5d35911c680a8b0f9f22e94/element/E07673166C68123FAEDFB03CACD8FB8D_element_156/text - {}
RESULT: {}
RESULT: {}
COMMAND: POST /session/697bce46a5d35911c680a8b0f9f22e94/element/E07673166C68123FAEDFB03CACD8FB8D_element_152/elements - {"using":"css selector","value":"th,td"}
RESULT: {"using":"css selector","value":"th,td"}
COMMAND: GET /session/697bce46a5d35911c680a8b0f9f22e94/element/E07673166C68123FAEDFB03CACD8FB8D_element_157/text - {}
RESULT: {}
COMMAND: GET /session/697bce46a5d35911c680a8b0f9f22e94/element/E07673166C68123FAEDFB03CACD8FB8D_element_158/text - {}
RESULT: {}
COMMAND: POST /session/697bce46a5d35911c680a8b0f9f22e94/element/E07673166C68123FAEDFB03CACD8FB8D_element_153/elements - {"using":"css selector","value":"th,td"}
RESULT: {"using":"css selector","value":"th,td"}
COMMAND: GET /session/697bce46a5d35911c680a8b0f9f22e94/element/E07673166C68123FAEDFB03CACD8FB8D_element_159/text - {}
RESULT: {}
COMMAND: GET /session/697bce46a5d35911c680a8b0f9f22e94/element/E07673166C68123FAEDFB03CACD8FB8D_element_160/text - {}
RESULT: {}
]]></system-out>
    </testcase>
    <testcase classname="chrome.117_0_5938_132.linux.Invoice_Page_Test.Vendor:_Vendor_Three,Invoice:2023-03" name="should validate invoice table data" time="0.93">
      <failure/>
      <error message="expect(received).toEqual(expected) // deep equality&#xA;&#xA;Expected: &quot;15&quot;&#xA;Received: &quot;9&quot;"/>
      <system-out><![CDATA[
COMMAND: POST /session/697bce46a5d35911c680a8b0f9f22e94/url - {"url":"https://pr-505.btm.dev.account.gov.uk/contracts/3/invoices/2023-03"}
RESULT: {"url":"https://pr-505.btm.dev.account.gov.uk/contracts/3/invoices/2023-03"}
COMMAND: POST /session/697bce46a5d35911c680a8b0f9f22e94/execute/sync - {"script":"return (() => document.readyState === \"complete\").apply(null, arguments)","args":[]}
RESULT: {"script":"return (() => document.readyState === \"complete\").apply(null, arguments)","args":[]}
COMMAND: GET /session/697bce46a5d35911c680a8b0f9f22e94/url - {}
RESULT: {}
COMMAND: POST /session/697bce46a5d35911c680a8b0f9f22e94/element - {"using":"css selector","value":".govuk-heading-xl"}
RESULT: {"using":"css selector","value":".govuk-heading-xl"}
COMMAND: POST /session/697bce46a5d35911c680a8b0f9f22e94/execute/sync - {"script":"return (function isElementDisplayed(element) {\n    function nodeIsElement(node) {\n        if (!node) {\n            return false;\n        }\n        switch (node.nodeType) {\n            case Node.ELEMEN ... (7807 more bytes)","args":[{"element-6066-11e4-a52e-4f735466cecf":"68930BFC0154E7F7F5990653DD2C6F06_element_162","ELEMENT":"68930BFC0154E7F7F5990653DD2C6F06_element_162"}]}
RESULT: {"script":"return (function isElementDisplayed(element) {\n    function nodeIsElement(node) {\n        if (!node) {\n            return false;\n        }\n        switch (node.nodeType) {\n            case Node.ELEMEN ... (7807 more bytes)","args":[{"element-6066-11e4-a52e-4f735466cecf":"68930BFC0154E7F7F5990653DD2C6F06_element_162","ELEMENT":"68930BFC0154E7F7F5990653DD2C6F06_element_162"}]}
COMMAND: POST /session/697bce46a5d35911c680a8b0f9f22e94/element - {"using":"css selector","value":".govuk-heading-xl"}
RESULT: {"using":"css selector","value":".govuk-heading-xl"}
COMMAND: GET /session/697bce46a5d35911c680a8b0f9f22e94/element/68930BFC0154E7F7F5990653DD2C6F06_element_162/text - {}
RESULT: {}
COMMAND: POST /session/697bce46a5d35911c680a8b0f9f22e94/element - {"using":"xpath","value":".//caption[contains(., \"Invoice\") and not(.//caption)]"}
RESULT: {"using":"xpath","value":".//caption[contains(., \"Invoice\") and not(.//caption)]"}
COMMAND: POST /session/697bce46a5d35911c680a8b0f9f22e94/execute/sync - {"script":"return (function (elem, id) {\n        return (function parentElement() {\n        return this.parentElement;\n    }).call(elem, id);\n    }).apply(null, arguments)","args":[{"element-6066-11e4-a52e-4f735466cecf":"68930BFC0154E7F7F5990653DD2C6F06_element_163","ELEMENT":"68930BFC0154E7F7F5990653DD2C6F06_element_163"}]}
RESULT: {"script":"return (function (elem, id) {\n        return (function parentElement() {\n        return this.parentElement;\n    }).call(elem, id);\n    }).apply(null, arguments)","args":[{"element-6066-11e4-a52e-4f735466cecf":"68930BFC0154E7F7F5990653DD2C6F06_element_163","ELEMENT":"68930BFC0154E7F7F5990653DD2C6F06_element_163"}]}
COMMAND: POST /session/697bce46a5d35911c680a8b0f9f22e94/execute/sync - {"script":"return (function isElementDisplayed(element) {\n    function nodeIsElement(node) {\n        if (!node) {\n            return false;\n        }\n        switch (node.nodeType) {\n            case Node.ELEMEN ... (7807 more bytes)","args":[{"element-6066-11e4-a52e-4f735466cecf":"68930BFC0154E7F7F5990653DD2C6F06_element_164","ELEMENT":"68930BFC0154E7F7F5990653DD2C6F06_element_164"}]}
RESULT: {"script":"return (function isElementDisplayed(element) {\n    function nodeIsElement(node) {\n        if (!node) {\n            return false;\n        }\n        switch (node.nodeType) {\n            case Node.ELEMEN ... (7807 more bytes)","args":[{"element-6066-11e4-a52e-4f735466cecf":"68930BFC0154E7F7F5990653DD2C6F06_element_164","ELEMENT":"68930BFC0154E7F7F5990653DD2C6F06_element_164"}]}
COMMAND: POST /session/697bce46a5d35911c680a8b0f9f22e94/element/68930BFC0154E7F7F5990653DD2C6F06_element_164/elements - {"using":"css selector","value":"tbody tr"}
RESULT: {"using":"css selector","value":"tbody tr"}
COMMAND: POST /session/697bce46a5d35911c680a8b0f9f22e94/element/68930BFC0154E7F7F5990653DD2C6F06_element_164/element - {"using":"css selector","value":"thead tr"}
RESULT: {"using":"css selector","value":"thead tr"}
COMMAND: POST /session/697bce46a5d35911c680a8b0f9f22e94/element/68930BFC0154E7F7F5990653DD2C6F06_element_168/elements - {"using":"css selector","value":"th"}
RESULT: {"using":"css selector","value":"th"}
COMMAND: GET /session/697bce46a5d35911c680a8b0f9f22e94/element/68930BFC0154E7F7F5990653DD2C6F06_element_169/text - {}
COMMAND: GET /session/697bce46a5d35911c680a8b0f9f22e94/element/68930BFC0154E7F7F5990653DD2C6F06_element_170/text - {}
COMMAND: GET /session/697bce46a5d35911c680a8b0f9f22e94/element/68930BFC0154E7F7F5990653DD2C6F06_element_172/text - {}
COMMAND: GET /session/697bce46a5d35911c680a8b0f9f22e94/element/68930BFC0154E7F7F5990653DD2C6F06_element_171/text - {}
COMMAND: GET /session/697bce46a5d35911c680a8b0f9f22e94/element/68930BFC0154E7F7F5990653DD2C6F06_element_173/text - {}
RESULT: {}
RESULT: {}
RESULT: {}
RESULT: {}
RESULT: {}
COMMAND: POST /session/697bce46a5d35911c680a8b0f9f22e94/element/68930BFC0154E7F7F5990653DD2C6F06_element_165/elements - {"using":"css selector","value":"th,td"}
RESULT: {"using":"css selector","value":"th,td"}
COMMAND: GET /session/697bce46a5d35911c680a8b0f9f22e94/element/68930BFC0154E7F7F5990653DD2C6F06_element_174/text - {}
RESULT: {}
COMMAND: GET /session/697bce46a5d35911c680a8b0f9f22e94/element/68930BFC0154E7F7F5990653DD2C6F06_element_175/text - {}
RESULT: {}
COMMAND: GET /session/697bce46a5d35911c680a8b0f9f22e94/element/68930BFC0154E7F7F5990653DD2C6F06_element_176/text - {}
RESULT: {}
COMMAND: GET /session/697bce46a5d35911c680a8b0f9f22e94/element/68930BFC0154E7F7F5990653DD2C6F06_element_177/text - {}
RESULT: {}
COMMAND: GET /session/697bce46a5d35911c680a8b0f9f22e94/element/68930BFC0154E7F7F5990653DD2C6F06_element_178/text - {}
RESULT: {}
COMMAND: POST /session/697bce46a5d35911c680a8b0f9f22e94/element/68930BFC0154E7F7F5990653DD2C6F06_element_166/elements - {"using":"css selector","value":"th,td"}
RESULT: {"using":"css selector","value":"th,td"}
COMMAND: GET /session/697bce46a5d35911c680a8b0f9f22e94/element/68930BFC0154E7F7F5990653DD2C6F06_element_179/text - {}
RESULT: {}
COMMAND: GET /session/697bce46a5d35911c680a8b0f9f22e94/element/68930BFC0154E7F7F5990653DD2C6F06_element_180/text - {}
RESULT: {}
COMMAND: GET /session/697bce46a5d35911c680a8b0f9f22e94/element/68930BFC0154E7F7F5990653DD2C6F06_element_181/text - {}
RESULT: {}
COMMAND: GET /session/697bce46a5d35911c680a8b0f9f22e94/element/68930BFC0154E7F7F5990653DD2C6F06_element_182/text - {}
RESULT: {}
COMMAND: GET /session/697bce46a5d35911c680a8b0f9f22e94/element/68930BFC0154E7F7F5990653DD2C6F06_element_183/text - {}
RESULT: {}
COMMAND: POST /session/697bce46a5d35911c680a8b0f9f22e94/element/68930BFC0154E7F7F5990653DD2C6F06_element_167/elements - {"using":"css selector","value":"th,td"}
RESULT: {"using":"css selector","value":"th,td"}
COMMAND: GET /session/697bce46a5d35911c680a8b0f9f22e94/element/68930BFC0154E7F7F5990653DD2C6F06_element_184/text - {}
RESULT: {}
COMMAND: GET /session/697bce46a5d35911c680a8b0f9f22e94/element/68930BFC0154E7F7F5990653DD2C6F06_element_185/text - {}
RESULT: {}
COMMAND: GET /session/697bce46a5d35911c680a8b0f9f22e94/element/68930BFC0154E7F7F5990653DD2C6F06_element_186/text - {}
RESULT: {}
COMMAND: GET /session/697bce46a5d35911c680a8b0f9f22e94/element/68930BFC0154E7F7F5990653DD2C6F06_element_187/text - {}
RESULT: {}
COMMAND: GET /session/697bce46a5d35911c680a8b0f9f22e94/element/68930BFC0154E7F7F5990653DD2C6F06_element_188/text - {}
RESULT: {}
]]></system-out>
      <system-err><![CDATA[
Error: expect(received).toEqual(expected) // deep equality

Expected: "15"
Received: "9"
    at expectEqual (file:///home/runner/work/di-billing-transaction-monitoring/di-billing-transaction-monitoring/ui-tests/utils/customTestAssertion.ts:12:20)
    at assertInvoiceTableData (file:///home/runner/work/di-billing-transaction-monitoring/di-billing-transaction-monitoring/ui-tests/specs/invoice.spec.ts:221:3)
    at validateTableDataWithAssertions (file:///home/runner/work/di-billing-transaction-monitoring/di-billing-transaction-monitoring/ui-tests/specs/invoice.spec.ts:154:5)
    at runMicrotasks (<anonymous>)
    at processTicksAndRejections (node:internal/process/task_queues:96:5)
    at async Context.<anonymous> (file:///home/runner/work/di-billing-transaction-monitoring/di-billing-transaction-monitoring/ui-tests/specs/invoice.spec.ts:130:9)
]]></system-err>
    </testcase>
  </testsuite>
  <testsuite name="Vendor Vendor Three Invoice 2005 08" timestamp="2023-10-06T09:02:19" time="5.301" tests="6" failures="0" errors="0" skipped="0">
    <properties>
      <property name="specId" value="0"/>
      <property name="suiteName" value="Vendor: Vendor Three,Invoice:2005-08"/>
      <property name="capabilities" value="chrome.117_0_5938_132.linux"/>
      <property name="file" value="file://./ui-tests/specs/invoice.spec.ts"/>
    </properties>
    <testcase classname="chrome.117_0_5938_132.linux.Invoice_Page_Test.Vendor:_Vendor_Three,Invoice:2005-08" name="should display correct status banner color and message" time="1.059">
      <system-out><![CDATA[
COMMAND: POST /session/697bce46a5d35911c680a8b0f9f22e94/url - {"url":"https://pr-505.btm.dev.account.gov.uk/contracts/3/invoices/2005-08"}
RESULT: {"url":"https://pr-505.btm.dev.account.gov.uk/contracts/3/invoices/2005-08"}
COMMAND: POST /session/697bce46a5d35911c680a8b0f9f22e94/execute/sync - {"script":"return (() => document.readyState === \"complete\").apply(null, arguments)","args":[]}
RESULT: {"script":"return (() => document.readyState === \"complete\").apply(null, arguments)","args":[]}
COMMAND: GET /session/697bce46a5d35911c680a8b0f9f22e94/url - {}
RESULT: {}
COMMAND: POST /session/697bce46a5d35911c680a8b0f9f22e94/element - {"using":"css selector","value":".govuk-heading-xl"}
RESULT: {"using":"css selector","value":".govuk-heading-xl"}
[...]
COMMAND: POST /session/697bce46a5d35911c680a8b0f9f22e94/element - {"using":"css selector","value":".govuk-heading-xl"}
RESULT: {"using":"css selector","value":".govuk-heading-xl"}
COMMAND: POST /session/697bce46a5d35911c680a8b0f9f22e94/element - {"using":"css selector","value":".govuk-heading-xl"}
RESULT: {"using":"css selector","value":".govuk-heading-xl"}
COMMAND: POST /session/697bce46a5d35911c680a8b0f9f22e94/element - {"using":"css selector","value":".govuk-heading-xl"}
RESULT: {"using":"css selector","value":".govuk-heading-xl"}
COMMAND: POST /session/697bce46a5d35911c680a8b0f9f22e94/element - {"using":"css selector","value":".govuk-heading-xl"}
RESULT: {"using":"css selector","value":".govuk-heading-xl"}
COMMAND: POST /session/697bce46a5d35911c680a8b0f9f22e94/element - {"using":"css selector","value":".govuk-heading-xl"}
RESULT: {"using":"css selector","value":".govuk-heading-xl"}
]]></system-out>
    </testcase>
    <testcase classname="chrome.117_0_5938_132.linux.Invoice_Page_Test.Vendor:_Vendor_One,Invoice:2023-05" name="before each hook for Vendor Vendor One Invoice 2023 05" time="9.461">
      <failure/>
      <error message="Element was not displayed within 6000ms"/>
      <system-err><![CDATA[
Error: Element was not displayed within 6000ms
    at async waitForElementDisplayed (file:///home/runner/work/di-billing-transaction-monitoring/di-billing-transaction-monitoring/ui-tests/helpers/waits.ts:23:3)
    at async InvoicePage.getPageHeadingText (file:///home/runner/work/di-billing-transaction-monitoring/di-billing-transaction-monitoring/ui-tests/pageobjects/page.ts:36:5)
    at async Context.<anonymous> (file:///home/runner/work/di-billing-transaction-monitoring/di-billing-transaction-monitoring/ui-tests/specs/invoice.spec.ts:66:27)
]]></system-err>
    </testcase>
  </testsuite>
  <testsuite name="Vendor Vendor One Invoice 2023 06" timestamp="2023-10-06T09:03:55" time="9.442" tests="2" failures="1" errors="1" skipped="1">
    <properties>
      <property name="specId" value="0"/>
      <property name="suiteName" value="Vendor: Vendor One,Invoice:2023-06"/>
      <property name="capabilities" value="chrome.117_0_5938_132.linux"/>
      <property name="file" value="file://./ui-tests/specs/invoice.spec.ts"/>
    </properties>
    <testcase classname="chrome.117_0_5938_132.linux.Invoice_Page_Test.Vendor:_Vendor_One,Invoice:2023-06" name="should display correct status banner color and message" time="0">
      <skipped/>
      <system-out><![CDATA[
COMMAND: POST /session/697bce46a5d35911c680a8b0f9f22e94/url - {"url":"https://pr-505.btm.dev.account.gov.uk/contracts/1/invoices/2023-06"}
RESULT: {"url":"https://pr-505.btm.dev.account.gov.uk/contracts/1/invoices/2023-06"}
COMMAND: POST /session/697bce46a5d35911c680a8b0f9f22e94/execute/sync - {"script":"return (() => document.readyState === \"complete\").apply(null, arguments)","args":[]}
RESULT: {"script":"return (() => document.readyState === \"complete\").apply(null, arguments)","args":[]}
COMMAND: GET /session/697bce46a5d35911c680a8b0f9f22e94/url - {}
RESULT: {}
COMMAND: POST /session/697bce46a5d35911c680a8b0f9f22e94/element - {"using":"css selector","value":".govuk-heading-xl"}
RESULT: {"using":"css selector","value":".govuk-heading-xl"}
COMMAND: POST /session/697bce46a5d35911c680a8b0f9f22e94/element - {"using":"css selector","value":".govuk-heading-xl"}
RESULT: {"using":"css selector","value":".govuk-heading-xl"}
COMMAND: POST /session/697bce46a5d35911c680a8b0f9f22e94/element - {"using":"css selector","value":".govuk-heading-xl"}
RESULT: {"using":"css selector","value":".govuk-heading-xl"}
COMMAND: POST /session/697bce46a5d35911c680a8b0f9f22e94/element - {"using":"css selector","value":".govuk-heading-xl"}
RESULT: {"using":"css selector","value":".govuk-heading-xl"}
COMMAND: POST /session/697bce46a5d35911c680a8b0f9f22e94/element - {"using":"css selector","value":".govuk-heading-xl"}
RESULT: {"using":"css selector","value":".govuk-heading-xl"}
COMMAND: POST /session/697bce46a5d35911c680a8b0f9f22e94/element - {"using":"css selector","value":".govuk-heading-xl"}
RESULT: {"using":"css selector","value":".govuk-heading-xl"}
COMMAND: POST /session/697bce46a5d35911c680a8b0f9f22e94/element - {"using":"css selector","value":".govuk-heading-xl"}
RESULT: {"using":"css selector","value":".govuk-heading-xl"}
COMMAND: POST /session/697bce46a5d35911c680a8b0f9f22e94/element - {"using":"css selector","value":".govuk-heading-xl"}
RESULT: {"using":"css selector","value":".govuk-heading-xl"}
COMMAND: POST /session/697bce46a5d35911c680a8b0f9f22e94/element - {"using":"css selector","value":".govuk-heading-xl"}
RESULT: {"using":"css selector","value":".govuk-heading-xl"}
COMMAND: POST /session/697bce46a5d35911c680a8b0f9f22e94/element - {"using":"css selector","value":".govuk-heading-xl"}
RESULT: {"using":"css selector","value":".govuk-heading-xl"}
COMMAND: POST /session/697bce46a5d35911c680a8b0f9f22e94/element - {"using":"css selector","value":".govuk-heading-xl"}
RESULT: {"using":"css selector","value":".govuk-heading-xl"}
COMMAND: POST /session/697bce46a5d35911c680a8b0f9f22e94/element - {"using":"css selector","value":".govuk-heading-xl"}
RESULT: {"using":"css selector","value":".govuk-heading-xl"}
COMMAND: POST /session/697bce46a5d35911c680a8b0f9f22e94/element - {"using":"css selector","value":".govuk-heading-xl"}
RESULT: {"using":"css selector","value":".govuk-heading-xl"}
]]></system-out>
    </testcase>
    <testcase classname="chrome.117_0_5938_132.linux.Invoice_Page_Test.Vendor:_Vendor_One,Invoice:2023-06" name="before each hook for Vendor Vendor One Invoice 2023 06" time="9.442">
      <failure/>
      <error message="Element was not displayed within 6000ms"/>
      <system-err><![CDATA[
Error: Element was not displayed within 6000ms
    at async waitForElementDisplayed (file:///home/runner/work/di-billing-transaction-monitoring/di-billing-transaction-monitoring/ui-tests/helpers/waits.ts:23:3)
    at async InvoicePage.getPageHeadingText (file:///home/runner/work/di-billing-transaction-monitoring/di-billing-transaction-monitoring/ui-tests/pageobjects/page.ts:36:5)
    at async Context.<anonymous> (file:///home/runner/work/di-billing-transaction-monitoring/di-billing-transaction-monitoring/ui-tests/specs/invoice.spec.ts:66:27)
]]></system-err>
    </testcase>
  </testsuite>
  <testsuite name="Vendor Vendor One Invoice 2023 07" timestamp="2023-10-06T09:04:04" time="9.897" tests="2" failures="1" errors="1" skipped="1">
    <properties>
      <property name="specId" value="0"/>
      <property name="suiteName" value="Vendor: Vendor One,Invoice:2023-07"/>
      <property name="capabilities" value="chrome.117_0_5938_132.linux"/>
      <property name="file" value="file://./ui-tests/specs/invoice.spec.ts"/>
    </properties>
    <testcase classname="chrome.117_0_5938_132.linux.Invoice_Page_Test.Vendor:_Vendor_One,Invoice:2023-07" name="should display correct status banner color and message" time="0">
      <skipped/>
      <system-out><![CDATA[
COMMAND: POST /session/697bce46a5d35911c680a8b0f9f22e94/url - {"url":"https://pr-505.btm.dev.account.gov.uk/contracts/1/invoices/2023-07"}
RESULT: {"url":"https://pr-505.btm.dev.account.gov.uk/contracts/1/invoices/2023-07"}
COMMAND: POST /session/697bce46a5d35911c680a8b0f9f22e94/execute/sync - {"script":"return (() => document.readyState === \"complete\").apply(null, arguments)","args":[]}
RESULT: {"script":"return (() => document.readyState === \"complete\").apply(null, arguments)","args":[]}
COMMAND: GET /session/697bce46a5d35911c680a8b0f9f22e94/url - {}
RESULT: {}
COMMAND: POST /session/697bce46a5d35911c680a8b0f9f22e94/element - {"using":"css selector","value":".govuk-heading-xl"}
RESULT: {"using":"css selector","value":".govuk-heading-xl"}
COMMAND: POST /session/697bce46a5d35911c680a8b0f9f22e94/element - {"using":"css selector","value":".govuk-heading-xl"}
RESULT: {"using":"css selector","value":".govuk-heading-xl"}
COMMAND: POST /session/697bce46a5d35911c680a8b0f9f22e94/element - {"using":"css selector","value":".govuk-heading-xl"}
RESULT: {"using":"css selector","value":".govuk-heading-xl"}
COMMAND: POST /session/697bce46a5d35911c680a8b0f9f22e94/element - {"using":"css selector","value":".govuk-heading-xl"}
RESULT: {"using":"css selector","value":".govuk-heading-xl"}
COMMAND: POST /session/697bce46a5d35911c680a8b0f9f22e94/element - {"using":"css selector","value":".govuk-heading-xl"}
RESULT: {"using":"css selector","value":".govuk-heading-xl"}
COMMAND: POST /session/697bce46a5d35911c680a8b0f9f22e94/element - {"using":"css selector","value":".govuk-heading-xl"}
RESULT: {"using":"css selector","value":".govuk-heading-xl"}
COMMAND: POST /session/697bce46a5d35911c680a8b0f9f22e94/element - {"using":"css selector","value":".govuk-heading-xl"}
RESULT: {"using":"css selector","value":".govuk-heading-xl"}
COMMAND: POST /session/697bce46a5d35911c680a8b0f9f22e94/element - {"using":"css selector","value":".govuk-heading-xl"}
RESULT: {"using":"css selector","value":".govuk-heading-xl"}
COMMAND: POST /session/697bce46a5d35911c680a8b0f9f22e94/element - {"using":"css selector","value":".govuk-heading-xl"}
RESULT: {"using":"css selector","value":".govuk-heading-xl"}
COMMAND: POST /session/697bce46a5d35911c680a8b0f9f22e94/element - {"using":"css selector","value":".govuk-heading-xl"}
RESULT: {"using":"css selector","value":".govuk-heading-xl"}
COMMAND: POST /session/697bce46a5d35911c680a8b0f9f22e94/element - {"using":"css selector","value":".govuk-heading-xl"}
RESULT: {"using":"css selector","value":".govuk-heading-xl"}
COMMAND: POST /session/697bce46a5d35911c680a8b0f9f22e94/element - {"using":"css selector","value":".govuk-heading-xl"}
RESULT: {"using":"css selector","value":".govuk-heading-xl"}
COMMAND: POST /session/697bce46a5d35911c680a8b0f9f22e94/element - {"using":"css selector","value":".govuk-heading-xl"}
RESULT: {"using":"css selector","value":".govuk-heading-xl"}
]]></system-out>
    </testcase>
    <testcase classname="chrome.117_0_5938_132.linux.Invoice_Page_Test.Vendor:_Vendor_One,Invoice:2023-07" name="before each hook for Vendor Vendor One Invoice 2023 07" time="9.897">
      <failure/>
      <error message="Element was not displayed within 6000ms"/>
      <system-err><![CDATA[
Error: Element was not displayed within 6000ms
    at async waitForElementDisplayed (file:///home/runner/work/di-billing-transaction-monitoring/di-billing-transaction-monitoring/ui-tests/helpers/waits.ts:23:3)
    at async InvoicePage.getPageHeadingText (file:///home/runner/work/di-billing-transaction-monitoring/di-billing-transaction-monitoring/ui-tests/pageobjects/page.ts:36:5)
    at async Context.<anonymous> (file:///home/runner/work/di-billing-transaction-monitoring/di-billing-transaction-monitoring/ui-tests/specs/invoice.spec.ts:66:27)
]]></system-err>
    </testcase>
  </testsuite>
  <testsuite name="Vendor Vendor One Invoice 2004 12" timestamp="2023-10-06T09:04:14" time="10.618" tests="2" failures="1" errors="1" skipped="1">
    <properties>
      <property name="specId" value="0"/>
      <property name="suiteName" value="Vendor: Vendor One,Invoice:2004-12"/>
      <property name="capabilities" value="chrome.117_0_5938_132.linux"/>
      <property name="file" value="file://./ui-tests/specs/invoice.spec.ts"/>
    </properties>
    <testcase classname="chrome.117_0_5938_132.linux.Invoice_Page_Test.Vendor:_Vendor_One,Invoice:2004-12" name="should display correct status banner color and message" time="0">
      <skipped/>
      <system-out><![CDATA[
COMMAND: POST /session/697bce46a5d35911c680a8b0f9f22e94/url - {"url":"https://pr-505.btm.dev.account.gov.uk/contracts/1/invoices/2004-12"}
RESULT: {"url":"https://pr-505.btm.dev.account.gov.uk/contracts/1/invoices/2004-12"}
COMMAND: POST /session/697bce46a5d35911c680a8b0f9f22e94/execute/sync - {"script":"return (() => document.readyState === \"complete\").apply(null, arguments)","args":[]}
RESULT: {"script":"return (() => document.readyState === \"complete\").apply(null, arguments)","args":[]}
COMMAND: GET /session/697bce46a5d35911c680a8b0f9f22e94/url - {}
RESULT: {}
COMMAND: POST /session/697bce46a5d35911c680a8b0f9f22e94/element - {"using":"css selector","value":".govuk-heading-xl"}
RESULT: {"using":"css selector","value":".govuk-heading-xl"}
COMMAND: POST /session/697bce46a5d35911c680a8b0f9f22e94/element - {"using":"css selector","value":".govuk-heading-xl"}
RESULT: {"using":"css selector","value":".govuk-heading-xl"}
COMMAND: POST /session/697bce46a5d35911c680a8b0f9f22e94/element - {"using":"css selector","value":".govuk-heading-xl"}
RESULT: {"using":"css selector","value":".govuk-heading-xl"}
COMMAND: POST /session/697bce46a5d35911c680a8b0f9f22e94/element - {"using":"css selector","value":".govuk-heading-xl"}
RESULT: {"using":"css selector","value":".govuk-heading-xl"}
COMMAND: POST /session/697bce46a5d35911c680a8b0f9f22e94/element - {"using":"css selector","value":".govuk-heading-xl"}
RESULT: {"using":"css selector","value":".govuk-heading-xl"}
COMMAND: POST /session/697bce46a5d35911c680a8b0f9f22e94/element - {"using":"css selector","value":".govuk-heading-xl"}
RESULT: {"using":"css selector","value":".govuk-heading-xl"}
COMMAND: POST /session/697bce46a5d35911c680a8b0f9f22e94/element - {"using":"css selector","value":".govuk-heading-xl"}
RESULT: {"using":"css selector","value":".govuk-heading-xl"}
COMMAND: POST /session/697bce46a5d35911c680a8b0f9f22e94/element - {"using":"css selector","value":".govuk-heading-xl"}
RESULT: {"using":"css selector","value":".govuk-heading-xl"}
COMMAND: POST /session/697bce46a5d35911c680a8b0f9f22e94/element - {"using":"css selector","value":".govuk-heading-xl"}
RESULT: {"using":"css selector","value":".govuk-heading-xl"}
COMMAND: POST /session/697bce46a5d35911c680a8b0f9f22e94/element - {"using":"css selector","value":".govuk-heading-xl"}
RESULT: {"using":"css selector","value":".govuk-heading-xl"}
COMMAND: POST /session/697bce46a5d35911c680a8b0f9f22e94/element - {"using":"css selector","value":".govuk-heading-xl"}
RESULT: {"using":"css selector","value":".govuk-heading-xl"}
COMMAND: POST /session/697bce46a5d35911c680a8b0f9f22e94/element - {"using":"css selector","value":".govuk-heading-xl"}
RESULT: {"using":"css selector","value":".govuk-heading-xl"}
COMMAND: POST /session/697bce46a5d35911c680a8b0f9f22e94/element - {"using":"css selector","value":".govuk-heading-xl"}
RESULT: {"using":"css selector","value":".govuk-heading-xl"}
]]></system-out>
    </testcase>
    <testcase classname="chrome.117_0_5938_132.linux.Invoice_Page_Test.Vendor:_Vendor_One,Invoice:2004-12" name="before each hook for Vendor Vendor One Invoice 2004 12" time="10.617">
      <failure/>
      <error message="Element was not displayed within 6000ms"/>
      <system-err><![CDATA[
Error: Element was not displayed within 6000ms
    at async waitForElementDisplayed (file:///home/runner/work/di-billing-transaction-monitoring/di-billing-transaction-monitoring/ui-tests/helpers/waits.ts:23:3)
    at async InvoicePage.getPageHeadingText (file:///home/runner/work/di-billing-transaction-monitoring/di-billing-transaction-monitoring/ui-tests/pageobjects/page.ts:36:5)
    at async Context.<anonymous> (file:///home/runner/work/di-billing-transaction-monitoring/di-billing-transaction-monitoring/ui-tests/specs/invoice.spec.ts:66:27)
]]></system-err>
    </testcase>
  </testsuite>
  <testsuite name="Vendor Vendor Six Invoice 2005 Q2" timestamp="2023-10-06T09:04:25" time="9.961" tests="2" failures="1" errors="1" skipped="1">
    <properties>
      <property name="specId" value="0"/>
      <property name="suiteName" value="Vendor: Vendor Six,Invoice:2005-Q2"/>
      <property name="capabilities" value="chrome.117_0_5938_132.linux"/>
      <property name="file" value="file://./ui-tests/specs/invoice.spec.ts"/>
    </properties>
    <testcase classname="chrome.117_0_5938_132.linux.Invoice_Page_Test.Vendor:_Vendor_Six,Invoice:2005-Q2" name="should display correct status banner color and message" time="0">
      <skipped/>
      <system-out><![CDATA[
COMMAND: POST /session/697bce46a5d35911c680a8b0f9f22e94/url - {"url":"https://pr-505.btm.dev.account.gov.uk/contracts/6/invoices/2005-q2"}
RESULT: {"url":"https://pr-505.btm.dev.account.gov.uk/contracts/6/invoices/2005-q2"}
COMMAND: POST /session/697bce46a5d35911c680a8b0f9f22e94/execute/sync - {"script":"return (() => document.readyState === \"complete\").apply(null, arguments)","args":[]}
RESULT: {"script":"return (() => document.readyState === \"complete\").apply(null, arguments)","args":[]}
COMMAND: GET /session/697bce46a5d35911c680a8b0f9f22e94/url - {}
RESULT: {}
COMMAND: POST /session/697bce46a5d35911c680a8b0f9f22e94/element - {"using":"css selector","value":".govuk-heading-xl"}
RESULT: {"using":"css selector","value":".govuk-heading-xl"}
COMMAND: POST /session/697bce46a5d35911c680a8b0f9f22e94/element - {"using":"css selector","value":".govuk-heading-xl"}
RESULT: {"using":"css selector","value":".govuk-heading-xl"}
COMMAND: POST /session/697bce46a5d35911c680a8b0f9f22e94/element - {"using":"css selector","value":".govuk-heading-xl"}
RESULT: {"using":"css selector","value":".govuk-heading-xl"}
COMMAND: POST /session/697bce46a5d35911c680a8b0f9f22e94/element - {"using":"css selector","value":".govuk-heading-xl"}
RESULT: {"using":"css selector","value":".govuk-heading-xl"}
COMMAND: POST /session/697bce46a5d35911c680a8b0f9f22e94/element - {"using":"css selector","value":".govuk-heading-xl"}
RESULT: {"using":"css selector","value":".govuk-heading-xl"}
COMMAND: POST /session/697bce46a5d35911c680a8b0f9f22e94/element - {"using":"css selector","value":".govuk-heading-xl"}
RESULT: {"using":"css selector","value":".govuk-heading-xl"}
COMMAND: POST /session/697bce46a5d35911c680a8b0f9f22e94/element - {"using":"css selector","value":".govuk-heading-xl"}
RESULT: {"using":"css selector","value":".govuk-heading-xl"}
COMMAND: POST /session/697bce46a5d35911c680a8b0f9f22e94/element - {"using":"css selector","value":".govuk-heading-xl"}
RESULT: {"using":"css selector","value":".govuk-heading-xl"}
COMMAND: POST /session/697bce46a5d35911c680a8b0f9f22e94/element - {"using":"css selector","value":".govuk-heading-xl"}
RESULT: {"using":"css selector","value":".govuk-heading-xl"}
COMMAND: POST /session/697bce46a5d35911c680a8b0f9f22e94/element - {"using":"css selector","value":".govuk-heading-xl"}
RESULT: {"using":"css selector","value":".govuk-heading-xl"}
COMMAND: POST /session/697bce46a5d35911c680a8b0f9f22e94/element - {"using":"css selector","value":".govuk-heading-xl"}
RESULT: {"using":"css selector","value":".govuk-heading-xl"}
COMMAND: POST /session/697bce46a5d35911c680a8b0f9f22e94/element - {"using":"css selector","value":".govuk-heading-xl"}
RESULT: {"using":"css selector","value":".govuk-heading-xl"}
COMMAND: POST /session/697bce46a5d35911c680a8b0f9f22e94/element - {"using":"css selector","value":".govuk-heading-xl"}
RESULT: {"using":"css selector","value":".govuk-heading-xl"}
COMMAND: DELETE /session/697bce46a5d35911c680a8b0f9f22e94 - {}
RESULT: {}
]]></system-out>
    </testcase>
    <testcase classname="chrome.117_0_5938_132.linux.Invoice_Page_Test.Vendor:_Vendor_Six,Invoice:2005-Q2" name="before each hook for Vendor Vendor Six Invoice 2005 Q2" time="9.961">
      <failure/>
      <error message="Element was not displayed within 6000ms"/>
      <system-err><![CDATA[
Error: Element was not displayed within 6000ms
    at async waitForElementDisplayed (file:///home/runner/work/di-billing-transaction-monitoring/di-billing-transaction-monitoring/ui-tests/helpers/waits.ts:23:3)
    at async InvoicePage.getPageHeadingText (file:///home/runner/work/di-billing-transaction-monitoring/di-billing-transaction-monitoring/ui-tests/pageobjects/page.ts:36:5)
    at async Context.<anonymous> (file:///home/runner/work/di-billing-transaction-monitoring/di-billing-transaction-monitoring/ui-tests/specs/invoice.spec.ts:66:27)
]]></system-err>
    </testcase>
  </testsuite>
</testsuites>