<?xml version="1.0" encoding="UTF-8"?>
<testsuites>
  <testsuite name="Invoice Page Test" timestamp="2023-10-12T08:00:55" time="94.01" tests="0" failures="0" errors="0" skipped="0">
    <properties>
      <property name="specId" value="0"/>
      <property name="suiteName" value="Invoice Page Test"/>
      <property name="capabilities" value="chrome.117_0_5938_132.linux"/>
      <property name="file" value="file://./ui-tests/specs/invoice.spec.ts"/>
    </properties>
  </testsuite>
  <testsuite name="Vendor Vendor Three Invoice 2005 09" timestamp="2023-10-12T08:00:55" time="11.072" tests="6" failures="6" errors="6" skipped="0">
    <properties>
      <property name="specId" value="0"/>
      <property name="suiteName" value="Vendor: Vendor Three,Invoice:2005-09"/>
      <property name="capabilities" value="chrome.117_0_5938_132.linux"/>
      <property name="file" value="file://./ui-tests/specs/invoice.spec.ts"/>
    </properties>
    <testcase classname="chrome.117_0_5938_132.linux.Invoice_Page_Test.Vendor:_Vendor_Three,Invoice:2005-09" name="should display correct status banner color and message" time="3.757">
      <failure/>
      <error message="expect(received).toEqual(expected) // deep equality&#xA;&#xA;Expected: &quot;Invoice data missing&quot;&#xA;Received: &quot;Invoice and events missing&quot;"/>
      <system-out><![CDATA[
COMMAND: POST /session/30c8d687fb0b7fff250503b9da8afa66/url - {"url":"https://pr-509.btm.dev.account.gov.uk/contracts/3/invoices/2005-09"}
RESULT: {"url":"https://pr-509.btm.dev.account.gov.uk/contracts/3/invoices/2005-09"}
COMMAND: POST /session/30c8d687fb0b7fff250503b9da8afa66/execute/sync - {"script":"return (() => document.readyState === \"complete\").apply(null, arguments)","args":[]}
RESULT: {"script":"return (() => document.readyState === \"complete\").apply(null, arguments)","args":[]}
COMMAND: GET /session/30c8d687fb0b7fff250503b9da8afa66/url - {}
RESULT: {}
COMMAND: POST /session/30c8d687fb0b7fff250503b9da8afa66/element - {"using":"css selector","value":".govuk-heading-xl"}
RESULT: {"using":"css selector","value":".govuk-heading-xl"}
COMMAND: POST /session/30c8d687fb0b7fff250503b9da8afa66/execute/sync - {"script":"return (function isElementDisplayed(element) {\n    function nodeIsElement(node) {\n        if (!node) {\n            return false;\n        }\n        switch (node.nodeType) {\n            case Node.ELEMEN ... (7807 more bytes)","args":[{"element-6066-11e4-a52e-4f735466cecf":"CE891E133BE20F30163BE6931DA7FB83_element_5","ELEMENT":"CE891E133BE20F30163BE6931DA7FB83_element_5"}]}
RESULT: {"script":"return (function isElementDisplayed(element) {\n    function nodeIsElement(node) {\n        if (!node) {\n            return false;\n        }\n        switch (node.nodeType) {\n            case Node.ELEMEN ... (7807 more bytes)","args":[{"element-6066-11e4-a52e-4f735466cecf":"CE891E133BE20F30163BE6931DA7FB83_element_5","ELEMENT":"CE891E133BE20F30163BE6931DA7FB83_element_5"}]}
COMMAND: POST /session/30c8d687fb0b7fff250503b9da8afa66/element - {"using":"css selector","value":".govuk-heading-xl"}
RESULT: {"using":"css selector","value":".govuk-heading-xl"}
COMMAND: GET /session/30c8d687fb0b7fff250503b9da8afa66/element/CE891E133BE20F30163BE6931DA7FB83_element_5/text - {}
RESULT: {}
COMMAND: POST /session/30c8d687fb0b7fff250503b9da8afa66/element - {"using":"css selector","value":"h2.govuk-panel__title"}
RESULT: {"using":"css selector","value":"h2.govuk-panel__title"}
COMMAND: POST /session/30c8d687fb0b7fff250503b9da8afa66/execute/sync - {"script":"return (function isElementDisplayed(element) {\n    function nodeIsElement(node) {\n        if (!node) {\n            return false;\n        }\n        switch (node.nodeType) {\n            case Node.ELEMEN ... (7807 more bytes)","args":[{"element-6066-11e4-a52e-4f735466cecf":"CE891E133BE20F30163BE6931DA7FB83_element_6","ELEMENT":"CE891E133BE20F30163BE6931DA7FB83_element_6"}]}
RESULT: {"script":"return (function isElementDisplayed(element) {\n    function nodeIsElement(node) {\n        if (!node) {\n            return false;\n        }\n        switch (node.nodeType) {\n            case Node.ELEMEN ... (7807 more bytes)","args":[{"element-6066-11e4-a52e-4f735466cecf":"CE891E133BE20F30163BE6931DA7FB83_element_6","ELEMENT":"CE891E133BE20F30163BE6931DA7FB83_element_6"}]}
COMMAND: POST /session/30c8d687fb0b7fff250503b9da8afa66/element - {"using":"css selector","value":"h2.govuk-panel__title"}
RESULT: {"using":"css selector","value":"h2.govuk-panel__title"}
COMMAND: GET /session/30c8d687fb0b7fff250503b9da8afa66/element/CE891E133BE20F30163BE6931DA7FB83_element_6/text - {}
RESULT: {}
]]></system-out>
      <system-err><![CDATA[
Error: expect(received).toEqual(expected) // deep equality

Expected: "Invoice data missing"
Received: "Invoice and events missing"
    at expectEqual (file:///home/runner/work/di-billing-transaction-monitoring/di-billing-transaction-monitoring/ui-tests/utils/customTestAssertion.ts:12:20)
    at Context.<anonymous> (file:///home/runner/work/di-billing-transaction-monitoring/di-billing-transaction-monitoring/ui-tests/specs/invoice.spec.ts:81:9)
    at processTicksAndRejections (node:internal/process/task_queues:96:5)
]]></system-err>
    </testcase>
    <testcase classname="chrome.117_0_5938_132.linux.Invoice_Page_Test.Vendor:_Vendor_Three,Invoice:2005-09" name="should validate reconciliation table data" time="3.901">
      <failure/>
      <error message="Cannot read properties of undefined (reading 'Line item')"/>
      <system-out><![CDATA[
COMMAND: POST /session/30c8d687fb0b7fff250503b9da8afa66/url - {"url":"https://pr-509.btm.dev.account.gov.uk/contracts/3/invoices/2005-09"}
RESULT: {"url":"https://pr-509.btm.dev.account.gov.uk/contracts/3/invoices/2005-09"}
COMMAND: POST /session/30c8d687fb0b7fff250503b9da8afa66/execute/sync - {"script":"return (() => document.readyState === \"complete\").apply(null, arguments)","args":[]}
RESULT: {"script":"return (() => document.readyState === \"complete\").apply(null, arguments)","args":[]}
COMMAND: GET /session/30c8d687fb0b7fff250503b9da8afa66/url - {}
RESULT: {}
COMMAND: POST /session/30c8d687fb0b7fff250503b9da8afa66/element - {"using":"css selector","value":".govuk-heading-xl"}
RESULT: {"using":"css selector","value":".govuk-heading-xl"}
COMMAND: POST /session/30c8d687fb0b7fff250503b9da8afa66/execute/sync - {"script":"return (function isElementDisplayed(element) {\n    function nodeIsElement(node) {\n        if (!node) {\n            return false;\n        }\n        switch (node.nodeType) {\n            case Node.ELEMEN ... (7807 more bytes)","args":[{"element-6066-11e4-a52e-4f735466cecf":"B14CFB47A75E73D52A034A10EAF9BC46_element_9","ELEMENT":"B14CFB47A75E73D52A034A10EAF9BC46_element_9"}]}
RESULT: {"script":"return (function isElementDisplayed(element) {\n    function nodeIsElement(node) {\n        if (!node) {\n            return false;\n        }\n        switch (node.nodeType) {\n            case Node.ELEMEN ... (7807 more bytes)","args":[{"element-6066-11e4-a52e-4f735466cecf":"B14CFB47A75E73D52A034A10EAF9BC46_element_9","ELEMENT":"B14CFB47A75E73D52A034A10EAF9BC46_element_9"}]}
COMMAND: POST /session/30c8d687fb0b7fff250503b9da8afa66/element - {"using":"css selector","value":".govuk-heading-xl"}
RESULT: {"using":"css selector","value":".govuk-heading-xl"}
COMMAND: GET /session/30c8d687fb0b7fff250503b9da8afa66/element/B14CFB47A75E73D52A034A10EAF9BC46_element_9/text - {}
RESULT: {}
COMMAND: POST /session/30c8d687fb0b7fff250503b9da8afa66/element - {"using":"xpath","value":".//caption[contains(., \"Reconciliation\") and not(.//caption)]"}
RESULT: {"using":"xpath","value":".//caption[contains(., \"Reconciliation\") and not(.//caption)]"}
COMMAND: POST /session/30c8d687fb0b7fff250503b9da8afa66/execute/sync - {"script":"return (function (elem, id) {\n        return (function parentElement() {\n        return this.parentElement;\n    }).call(elem, id);\n    }).apply(null, arguments)","args":[{"element-6066-11e4-a52e-4f735466cecf":"B14CFB47A75E73D52A034A10EAF9BC46_element_10","ELEMENT":"B14CFB47A75E73D52A034A10EAF9BC46_element_10"}]}
RESULT: {"script":"return (function (elem, id) {\n        return (function parentElement() {\n        return this.parentElement;\n    }).call(elem, id);\n    }).apply(null, arguments)","args":[{"element-6066-11e4-a52e-4f735466cecf":"B14CFB47A75E73D52A034A10EAF9BC46_element_10","ELEMENT":"B14CFB47A75E73D52A034A10EAF9BC46_element_10"}]}
COMMAND: POST /session/30c8d687fb0b7fff250503b9da8afa66/execute/sync - {"script":"return (function isElementDisplayed(element) {\n    function nodeIsElement(node) {\n        if (!node) {\n            return false;\n        }\n        switch (node.nodeType) {\n            case Node.ELEMEN ... (7807 more bytes)","args":[{"element-6066-11e4-a52e-4f735466cecf":"B14CFB47A75E73D52A034A10EAF9BC46_element_11","ELEMENT":"B14CFB47A75E73D52A034A10EAF9BC46_element_11"}]}
RESULT: {"script":"return (function isElementDisplayed(element) {\n    function nodeIsElement(node) {\n        if (!node) {\n            return false;\n        }\n        switch (node.nodeType) {\n            case Node.ELEMEN ... (7807 more bytes)","args":[{"element-6066-11e4-a52e-4f735466cecf":"B14CFB47A75E73D52A034A10EAF9BC46_element_11","ELEMENT":"B14CFB47A75E73D52A034A10EAF9BC46_element_11"}]}
COMMAND: POST /session/30c8d687fb0b7fff250503b9da8afa66/element/B14CFB47A75E73D52A034A10EAF9BC46_element_11/elements - {"using":"css selector","value":"tbody tr"}
RESULT: {"using":"css selector","value":"tbody tr"}
COMMAND: POST /session/30c8d687fb0b7fff250503b9da8afa66/element/B14CFB47A75E73D52A034A10EAF9BC46_element_11/element - {"using":"css selector","value":"thead tr"}
RESULT: {"using":"css selector","value":"thead tr"}
COMMAND: POST /session/30c8d687fb0b7fff250503b9da8afa66/element/B14CFB47A75E73D52A034A10EAF9BC46_element_12/elements - {"using":"css selector","value":"th"}
RESULT: {"using":"css selector","value":"th"}
COMMAND: GET /session/30c8d687fb0b7fff250503b9da8afa66/element/B14CFB47A75E73D52A034A10EAF9BC46_element_13/text - {}
COMMAND: GET /session/30c8d687fb0b7fff250503b9da8afa66/element/B14CFB47A75E73D52A034A10EAF9BC46_element_14/text - {}
COMMAND: GET /session/30c8d687fb0b7fff250503b9da8afa66/element/B14CFB47A75E73D52A034A10EAF9BC46_element_16/text - {}
COMMAND: GET /session/30c8d687fb0b7fff250503b9da8afa66/element/B14CFB47A75E73D52A034A10EAF9BC46_element_15/text - {}
COMMAND: GET /session/30c8d687fb0b7fff250503b9da8afa66/element/B14CFB47A75E73D52A034A10EAF9BC46_element_17/text - {}
RESULT: {}
RESULT: {}
RESULT: {}
RESULT: {}
RESULT: {}
]]></system-out>
      <system-err><![CDATA[
TypeError: Cannot read properties of undefined (reading 'Line item')
    at assertReconciliationTableData (file:///home/runner/work/di-billing-transaction-monitoring/di-billing-transaction-monitoring/ui-tests/specs/invoice.spec.ts:162:23)
    at validateTableDataWithAssertions (file:///home/runner/work/di-billing-transaction-monitoring/di-billing-transaction-monitoring/ui-tests/specs/invoice.spec.ts:154:5)
    at processTicksAndRejections (node:internal/process/task_queues:96:5)
    at async Context.<anonymous> (file:///home/runner/work/di-billing-transaction-monitoring/di-billing-transaction-monitoring/ui-tests/specs/invoice.spec.ts:98:9)
]]></system-err>
    </testcase>
    <testcase classname="chrome.117_0_5938_132.linux.Invoice_Page_Test.Vendor:_Vendor_Three,Invoice:2005-09" name="should validate quantity events table data" time="1.01">
      <failure/>
      <error message="Cannot read properties of undefined (reading 'Line item')"/>
      <system-out><![CDATA[
COMMAND: POST /session/30c8d687fb0b7fff250503b9da8afa66/url - {"url":"https://pr-509.btm.dev.account.gov.uk/contracts/3/invoices/2005-09"}
RESULT: {"url":"https://pr-509.btm.dev.account.gov.uk/contracts/3/invoices/2005-09"}
COMMAND: POST /session/30c8d687fb0b7fff250503b9da8afa66/execute/sync - {"script":"return (() => document.readyState === \"complete\").apply(null, arguments)","args":[]}
RESULT: {"script":"return (() => document.readyState === \"complete\").apply(null, arguments)","args":[]}
COMMAND: GET /session/30c8d687fb0b7fff250503b9da8afa66/url - {}
RESULT: {}
COMMAND: POST /session/30c8d687fb0b7fff250503b9da8afa66/element - {"using":"css selector","value":".govuk-heading-xl"}
RESULT: {"using":"css selector","value":".govuk-heading-xl"}
COMMAND: POST /session/30c8d687fb0b7fff250503b9da8afa66/execute/sync - {"script":"return (function isElementDisplayed(element) {\n    function nodeIsElement(node) {\n        if (!node) {\n            return false;\n        }\n        switch (node.nodeType) {\n            case Node.ELEMEN ... (7807 more bytes)","args":[{"element-6066-11e4-a52e-4f735466cecf":"B954761FE3E9FEEFAACEB4E6BAE71F0E_element_20","ELEMENT":"B954761FE3E9FEEFAACEB4E6BAE71F0E_element_20"}]}
RESULT: {"script":"return (function isElementDisplayed(element) {\n    function nodeIsElement(node) {\n        if (!node) {\n            return false;\n        }\n        switch (node.nodeType) {\n            case Node.ELEMEN ... (7807 more bytes)","args":[{"element-6066-11e4-a52e-4f735466cecf":"B954761FE3E9FEEFAACEB4E6BAE71F0E_element_20","ELEMENT":"B954761FE3E9FEEFAACEB4E6BAE71F0E_element_20"}]}
COMMAND: POST /session/30c8d687fb0b7fff250503b9da8afa66/element - {"using":"css selector","value":".govuk-heading-xl"}
RESULT: {"using":"css selector","value":".govuk-heading-xl"}
COMMAND: GET /session/30c8d687fb0b7fff250503b9da8afa66/element/B954761FE3E9FEEFAACEB4E6BAE71F0E_element_20/text - {}
RESULT: {}
COMMAND: POST /session/30c8d687fb0b7fff250503b9da8afa66/element - {"using":"xpath","value":".//caption[contains(., \"Quantity (events)\") and not(.//caption)]"}
RESULT: {"using":"xpath","value":".//caption[contains(., \"Quantity (events)\") and not(.//caption)]"}
COMMAND: POST /session/30c8d687fb0b7fff250503b9da8afa66/execute/sync - {"script":"return (function (elem, id) {\n        return (function parentElement() {\n        return this.parentElement;\n    }).call(elem, id);\n    }).apply(null, arguments)","args":[{"element-6066-11e4-a52e-4f735466cecf":"B954761FE3E9FEEFAACEB4E6BAE71F0E_element_21","ELEMENT":"B954761FE3E9FEEFAACEB4E6BAE71F0E_element_21"}]}
RESULT: {"script":"return (function (elem, id) {\n        return (function parentElement() {\n        return this.parentElement;\n    }).call(elem, id);\n    }).apply(null, arguments)","args":[{"element-6066-11e4-a52e-4f735466cecf":"B954761FE3E9FEEFAACEB4E6BAE71F0E_element_21","ELEMENT":"B954761FE3E9FEEFAACEB4E6BAE71F0E_element_21"}]}
COMMAND: POST /session/30c8d687fb0b7fff250503b9da8afa66/execute/sync - {"script":"return (function isElementDisplayed(element) {\n    function nodeIsElement(node) {\n        if (!node) {\n            return false;\n        }\n        switch (node.nodeType) {\n            case Node.ELEMEN ... (7807 more bytes)","args":[{"element-6066-11e4-a52e-4f735466cecf":"B954761FE3E9FEEFAACEB4E6BAE71F0E_element_22","ELEMENT":"B954761FE3E9FEEFAACEB4E6BAE71F0E_element_22"}]}
RESULT: {"script":"return (function isElementDisplayed(element) {\n    function nodeIsElement(node) {\n        if (!node) {\n            return false;\n        }\n        switch (node.nodeType) {\n            case Node.ELEMEN ... (7807 more bytes)","args":[{"element-6066-11e4-a52e-4f735466cecf":"B954761FE3E9FEEFAACEB4E6BAE71F0E_element_22","ELEMENT":"B954761FE3E9FEEFAACEB4E6BAE71F0E_element_22"}]}
COMMAND: POST /session/30c8d687fb0b7fff250503b9da8afa66/element/B954761FE3E9FEEFAACEB4E6BAE71F0E_element_22/elements - {"using":"css selector","value":"tbody tr"}
RESULT: {"using":"css selector","value":"tbody tr"}
COMMAND: POST /session/30c8d687fb0b7fff250503b9da8afa66/element/B954761FE3E9FEEFAACEB4E6BAE71F0E_element_22/element - {"using":"css selector","value":"thead tr"}
RESULT: {"using":"css selector","value":"thead tr"}
COMMAND: POST /session/30c8d687fb0b7fff250503b9da8afa66/element/B954761FE3E9FEEFAACEB4E6BAE71F0E_element_23/elements - {"using":"css selector","value":"th"}
RESULT: {"using":"css selector","value":"th"}
COMMAND: GET /session/30c8d687fb0b7fff250503b9da8afa66/element/B954761FE3E9FEEFAACEB4E6BAE71F0E_element_24/text - {}
COMMAND: GET /session/30c8d687fb0b7fff250503b9da8afa66/element/B954761FE3E9FEEFAACEB4E6BAE71F0E_element_25/text - {}
COMMAND: GET /session/30c8d687fb0b7fff250503b9da8afa66/element/B954761FE3E9FEEFAACEB4E6BAE71F0E_element_27/text - {}
COMMAND: GET /session/30c8d687fb0b7fff250503b9da8afa66/element/B954761FE3E9FEEFAACEB4E6BAE71F0E_element_26/text - {}
RESULT: {}
RESULT: {}
RESULT: {}
RESULT: {}
]]></system-out>
      <system-err><![CDATA[
TypeError: Cannot read properties of undefined (reading 'Line item')
    at assertQuantityTableData (file:///home/runner/work/di-billing-transaction-monitoring/di-billing-transaction-monitoring/ui-tests/specs/invoice.spec.ts:186:23)
    at validateTableDataWithAssertions (file:///home/runner/work/di-billing-transaction-monitoring/di-billing-transaction-monitoring/ui-tests/specs/invoice.spec.ts:154:5)
    at processTicksAndRejections (node:internal/process/task_queues:96:5)
    at async Context.<anonymous> (file:///home/runner/work/di-billing-transaction-monitoring/di-billing-transaction-monitoring/ui-tests/specs/invoice.spec.ts:106:9)
]]></system-err>
    </testcase>
    <testcase classname="chrome.117_0_5938_132.linux.Invoice_Page_Test.Vendor:_Vendor_Three,Invoice:2005-09" name="should validate price table data" time="0.717">
      <failure/>
      <error message="Cannot read properties of undefined (reading 'Line item')"/>
      <system-out><![CDATA[
COMMAND: POST /session/30c8d687fb0b7fff250503b9da8afa66/url - {"url":"https://pr-509.btm.dev.account.gov.uk/contracts/3/invoices/2005-09"}
RESULT: {"url":"https://pr-509.btm.dev.account.gov.uk/contracts/3/invoices/2005-09"}
COMMAND: POST /session/30c8d687fb0b7fff250503b9da8afa66/execute/sync - {"script":"return (() => document.readyState === \"complete\").apply(null, arguments)","args":[]}
RESULT: {"script":"return (() => document.readyState === \"complete\").apply(null, arguments)","args":[]}
COMMAND: GET /session/30c8d687fb0b7fff250503b9da8afa66/url - {}
RESULT: {}
COMMAND: POST /session/30c8d687fb0b7fff250503b9da8afa66/element - {"using":"css selector","value":".govuk-heading-xl"}
RESULT: {"using":"css selector","value":".govuk-heading-xl"}
COMMAND: POST /session/30c8d687fb0b7fff250503b9da8afa66/execute/sync - {"script":"return (function isElementDisplayed(element) {\n    function nodeIsElement(node) {\n        if (!node) {\n            return false;\n        }\n        switch (node.nodeType) {\n            case Node.ELEMEN ... (7807 more bytes)","args":[{"element-6066-11e4-a52e-4f735466cecf":"AB23653ECFF061331DD5234BFC5F5BC1_element_30","ELEMENT":"AB23653ECFF061331DD5234BFC5F5BC1_element_30"}]}
RESULT: {"script":"return (function isElementDisplayed(element) {\n    function nodeIsElement(node) {\n        if (!node) {\n            return false;\n        }\n        switch (node.nodeType) {\n            case Node.ELEMEN ... (7807 more bytes)","args":[{"element-6066-11e4-a52e-4f735466cecf":"AB23653ECFF061331DD5234BFC5F5BC1_element_30","ELEMENT":"AB23653ECFF061331DD5234BFC5F5BC1_element_30"}]}
COMMAND: POST /session/30c8d687fb0b7fff250503b9da8afa66/element - {"using":"css selector","value":".govuk-heading-xl"}
RESULT: {"using":"css selector","value":".govuk-heading-xl"}
COMMAND: GET /session/30c8d687fb0b7fff250503b9da8afa66/element/AB23653ECFF061331DD5234BFC5F5BC1_element_30/text - {}
RESULT: {}
COMMAND: POST /session/30c8d687fb0b7fff250503b9da8afa66/element - {"using":"xpath","value":".//caption[contains(., \"Price\") and not(.//caption)]"}
RESULT: {"using":"xpath","value":".//caption[contains(., \"Price\") and not(.//caption)]"}
COMMAND: POST /session/30c8d687fb0b7fff250503b9da8afa66/execute/sync - {"script":"return (function (elem, id) {\n        return (function parentElement() {\n        return this.parentElement;\n    }).call(elem, id);\n    }).apply(null, arguments)","args":[{"element-6066-11e4-a52e-4f735466cecf":"AB23653ECFF061331DD5234BFC5F5BC1_element_31","ELEMENT":"AB23653ECFF061331DD5234BFC5F5BC1_element_31"}]}
RESULT: {"script":"return (function (elem, id) {\n        return (function parentElement() {\n        return this.parentElement;\n    }).call(elem, id);\n    }).apply(null, arguments)","args":[{"element-6066-11e4-a52e-4f735466cecf":"AB23653ECFF061331DD5234BFC5F5BC1_element_31","ELEMENT":"AB23653ECFF061331DD5234BFC5F5BC1_element_31"}]}
COMMAND: POST /session/30c8d687fb0b7fff250503b9da8afa66/execute/sync - {"script":"return (function isElementDisplayed(element) {\n    function nodeIsElement(node) {\n        if (!node) {\n            return false;\n        }\n        switch (node.nodeType) {\n            case Node.ELEMEN ... (7807 more bytes)","args":[{"element-6066-11e4-a52e-4f735466cecf":"AB23653ECFF061331DD5234BFC5F5BC1_element_32","ELEMENT":"AB23653ECFF061331DD5234BFC5F5BC1_element_32"}]}
RESULT: {"script":"return (function isElementDisplayed(element) {\n    function nodeIsElement(node) {\n        if (!node) {\n            return false;\n        }\n        switch (node.nodeType) {\n            case Node.ELEMEN ... (7807 more bytes)","args":[{"element-6066-11e4-a52e-4f735466cecf":"AB23653ECFF061331DD5234BFC5F5BC1_element_32","ELEMENT":"AB23653ECFF061331DD5234BFC5F5BC1_element_32"}]}
COMMAND: POST /session/30c8d687fb0b7fff250503b9da8afa66/element/AB23653ECFF061331DD5234BFC5F5BC1_element_32/elements - {"using":"css selector","value":"tbody tr"}
RESULT: {"using":"css selector","value":"tbody tr"}
COMMAND: POST /session/30c8d687fb0b7fff250503b9da8afa66/element/AB23653ECFF061331DD5234BFC5F5BC1_element_32/element - {"using":"css selector","value":"thead tr"}
RESULT: {"using":"css selector","value":"thead tr"}
COMMAND: POST /session/30c8d687fb0b7fff250503b9da8afa66/element/AB23653ECFF061331DD5234BFC5F5BC1_element_33/elements - {"using":"css selector","value":"th"}
RESULT: {"using":"css selector","value":"th"}
COMMAND: GET /session/30c8d687fb0b7fff250503b9da8afa66/element/AB23653ECFF061331DD5234BFC5F5BC1_element_34/text - {}
COMMAND: GET /session/30c8d687fb0b7fff250503b9da8afa66/element/AB23653ECFF061331DD5234BFC5F5BC1_element_35/text - {}
COMMAND: GET /session/30c8d687fb0b7fff250503b9da8afa66/element/AB23653ECFF061331DD5234BFC5F5BC1_element_37/text - {}
COMMAND: GET /session/30c8d687fb0b7fff250503b9da8afa66/element/AB23653ECFF061331DD5234BFC5F5BC1_element_36/text - {}
RESULT: {}
RESULT: {}
RESULT: {}
RESULT: {}
]]></system-out>
      <system-err><![CDATA[
TypeError: Cannot read properties of undefined (reading 'Line item')
    at assertPriceTableData (file:///home/runner/work/di-billing-transaction-monitoring/di-billing-transaction-monitoring/ui-tests/specs/invoice.spec.ts:199:23)
    at validateTableDataWithAssertions (file:///home/runner/work/di-billing-transaction-monitoring/di-billing-transaction-monitoring/ui-tests/specs/invoice.spec.ts:154:5)
    at processTicksAndRejections (node:internal/process/task_queues:96:5)
    at async Context.<anonymous> (file:///home/runner/work/di-billing-transaction-monitoring/di-billing-transaction-monitoring/ui-tests/specs/invoice.spec.ts:114:9)
]]></system-err>
    </testcase>
    <testcase classname="chrome.117_0_5938_132.linux.Invoice_Page_Test.Vendor:_Vendor_Three,Invoice:2005-09" name="should validate measured events table data" time="0.748">
      <failure/>
      <error message="Cannot read properties of undefined (reading 'Line item')"/>
      <system-out><![CDATA[
COMMAND: POST /session/30c8d687fb0b7fff250503b9da8afa66/url - {"url":"https://pr-509.btm.dev.account.gov.uk/contracts/3/invoices/2005-09"}
RESULT: {"url":"https://pr-509.btm.dev.account.gov.uk/contracts/3/invoices/2005-09"}
COMMAND: POST /session/30c8d687fb0b7fff250503b9da8afa66/execute/sync - {"script":"return (() => document.readyState === \"complete\").apply(null, arguments)","args":[]}
RESULT: {"script":"return (() => document.readyState === \"complete\").apply(null, arguments)","args":[]}
COMMAND: GET /session/30c8d687fb0b7fff250503b9da8afa66/url - {}
RESULT: {}
COMMAND: POST /session/30c8d687fb0b7fff250503b9da8afa66/element - {"using":"css selector","value":".govuk-heading-xl"}
RESULT: {"using":"css selector","value":".govuk-heading-xl"}
COMMAND: POST /session/30c8d687fb0b7fff250503b9da8afa66/execute/sync - {"script":"return (function isElementDisplayed(element) {\n    function nodeIsElement(node) {\n        if (!node) {\n            return false;\n        }\n        switch (node.nodeType) {\n            case Node.ELEMEN ... (7807 more bytes)","args":[{"element-6066-11e4-a52e-4f735466cecf":"9DA6546A846526EFE3E83C930FF01DFE_element_40","ELEMENT":"9DA6546A846526EFE3E83C930FF01DFE_element_40"}]}
RESULT: {"script":"return (function isElementDisplayed(element) {\n    function nodeIsElement(node) {\n        if (!node) {\n            return false;\n        }\n        switch (node.nodeType) {\n            case Node.ELEMEN ... (7807 more bytes)","args":[{"element-6066-11e4-a52e-4f735466cecf":"9DA6546A846526EFE3E83C930FF01DFE_element_40","ELEMENT":"9DA6546A846526EFE3E83C930FF01DFE_element_40"}]}
COMMAND: POST /session/30c8d687fb0b7fff250503b9da8afa66/element - {"using":"css selector","value":".govuk-heading-xl"}
RESULT: {"using":"css selector","value":".govuk-heading-xl"}
COMMAND: GET /session/30c8d687fb0b7fff250503b9da8afa66/element/9DA6546A846526EFE3E83C930FF01DFE_element_40/text - {}
RESULT: {}
COMMAND: POST /session/30c8d687fb0b7fff250503b9da8afa66/element - {"using":"xpath","value":".//caption[contains(., \"Measured (events)\") and not(.//caption)]"}
RESULT: {"using":"xpath","value":".//caption[contains(., \"Measured (events)\") and not(.//caption)]"}
COMMAND: POST /session/30c8d687fb0b7fff250503b9da8afa66/execute/sync - {"script":"return (function (elem, id) {\n        return (function parentElement() {\n        return this.parentElement;\n    }).call(elem, id);\n    }).apply(null, arguments)","args":[{"element-6066-11e4-a52e-4f735466cecf":"9DA6546A846526EFE3E83C930FF01DFE_element_41","ELEMENT":"9DA6546A846526EFE3E83C930FF01DFE_element_41"}]}
RESULT: {"script":"return (function (elem, id) {\n        return (function parentElement() {\n        return this.parentElement;\n    }).call(elem, id);\n    }).apply(null, arguments)","args":[{"element-6066-11e4-a52e-4f735466cecf":"9DA6546A846526EFE3E83C930FF01DFE_element_41","ELEMENT":"9DA6546A846526EFE3E83C930FF01DFE_element_41"}]}
COMMAND: POST /session/30c8d687fb0b7fff250503b9da8afa66/execute/sync - {"script":"return (function isElementDisplayed(element) {\n    function nodeIsElement(node) {\n        if (!node) {\n            return false;\n        }\n        switch (node.nodeType) {\n            case Node.ELEMEN ... (7807 more bytes)","args":[{"element-6066-11e4-a52e-4f735466cecf":"9DA6546A846526EFE3E83C930FF01DFE_element_42","ELEMENT":"9DA6546A846526EFE3E83C930FF01DFE_element_42"}]}
RESULT: {"script":"return (function isElementDisplayed(element) {\n    function nodeIsElement(node) {\n        if (!node) {\n            return false;\n        }\n        switch (node.nodeType) {\n            case Node.ELEMEN ... (7807 more bytes)","args":[{"element-6066-11e4-a52e-4f735466cecf":"9DA6546A846526EFE3E83C930FF01DFE_element_42","ELEMENT":"9DA6546A846526EFE3E83C930FF01DFE_element_42"}]}
COMMAND: POST /session/30c8d687fb0b7fff250503b9da8afa66/element/9DA6546A846526EFE3E83C930FF01DFE_element_42/elements - {"using":"css selector","value":"tbody tr"}
RESULT: {"using":"css selector","value":"tbody tr"}
COMMAND: POST /session/30c8d687fb0b7fff250503b9da8afa66/element/9DA6546A846526EFE3E83C930FF01DFE_element_42/element - {"using":"css selector","value":"thead tr"}
RESULT: {"using":"css selector","value":"thead tr"}
COMMAND: POST /session/30c8d687fb0b7fff250503b9da8afa66/element/9DA6546A846526EFE3E83C930FF01DFE_element_43/elements - {"using":"css selector","value":"th"}
RESULT: {"using":"css selector","value":"th"}
COMMAND: GET /session/30c8d687fb0b7fff250503b9da8afa66/element/9DA6546A846526EFE3E83C930FF01DFE_element_44/text - {}
COMMAND: GET /session/30c8d687fb0b7fff250503b9da8afa66/element/9DA6546A846526EFE3E83C930FF01DFE_element_45/text - {}
RESULT: {}
RESULT: {}
]]></system-out>
      <system-err><![CDATA[
TypeError: Cannot read properties of undefined (reading 'Line item')
    at assertMeasuredTableData (file:///home/runner/work/di-billing-transaction-monitoring/di-billing-transaction-monitoring/ui-tests/specs/invoice.spec.ts:212:23)
    at validateTableDataWithAssertions (file:///home/runner/work/di-billing-transaction-monitoring/di-billing-transaction-monitoring/ui-tests/specs/invoice.spec.ts:154:5)
    at processTicksAndRejections (node:internal/process/task_queues:96:5)
    at async Context.<anonymous> (file:///home/runner/work/di-billing-transaction-monitoring/di-billing-transaction-monitoring/ui-tests/specs/invoice.spec.ts:122:9)
]]></system-err>
    </testcase>
    <testcase classname="chrome.117_0_5938_132.linux.Invoice_Page_Test.Vendor:_Vendor_Three,Invoice:2005-09" name="should validate invoice table data" time="0.929">
      <failure/>
      <error message="expect(received).toEqual(expected) // deep equality&#xA;&#xA;Expected: &quot;Address check&quot;&#xA;Received: &quot;Total&quot;"/>
      <system-out><![CDATA[
COMMAND: POST /session/30c8d687fb0b7fff250503b9da8afa66/url - {"url":"https://pr-509.btm.dev.account.gov.uk/contracts/3/invoices/2005-09"}
RESULT: {"url":"https://pr-509.btm.dev.account.gov.uk/contracts/3/invoices/2005-09"}
COMMAND: POST /session/30c8d687fb0b7fff250503b9da8afa66/execute/sync - {"script":"return (() => document.readyState === \"complete\").apply(null, arguments)","args":[]}
RESULT: {"script":"return (() => document.readyState === \"complete\").apply(null, arguments)","args":[]}
COMMAND: GET /session/30c8d687fb0b7fff250503b9da8afa66/url - {}
RESULT: {}
COMMAND: POST /session/30c8d687fb0b7fff250503b9da8afa66/element - {"using":"css selector","value":".govuk-heading-xl"}
RESULT: {"using":"css selector","value":".govuk-heading-xl"}
COMMAND: POST /session/30c8d687fb0b7fff250503b9da8afa66/execute/sync - {"script":"return (function isElementDisplayed(element) {\n    function nodeIsElement(node) {\n        if (!node) {\n            return false;\n        }\n        switch (node.nodeType) {\n            case Node.ELEMEN ... (7807 more bytes)","args":[{"element-6066-11e4-a52e-4f735466cecf":"F14BA20B1BE4E87FE736BBC686506470_element_48","ELEMENT":"F14BA20B1BE4E87FE736BBC686506470_element_48"}]}
RESULT: {"script":"return (function isElementDisplayed(element) {\n    function nodeIsElement(node) {\n        if (!node) {\n            return false;\n        }\n        switch (node.nodeType) {\n            case Node.ELEMEN ... (7807 more bytes)","args":[{"element-6066-11e4-a52e-4f735466cecf":"F14BA20B1BE4E87FE736BBC686506470_element_48","ELEMENT":"F14BA20B1BE4E87FE736BBC686506470_element_48"}]}
COMMAND: POST /session/30c8d687fb0b7fff250503b9da8afa66/element - {"using":"css selector","value":".govuk-heading-xl"}
RESULT: {"using":"css selector","value":".govuk-heading-xl"}
COMMAND: GET /session/30c8d687fb0b7fff250503b9da8afa66/element/F14BA20B1BE4E87FE736BBC686506470_element_48/text - {}
RESULT: {}
COMMAND: POST /session/30c8d687fb0b7fff250503b9da8afa66/element - {"using":"xpath","value":".//caption[contains(., \"Invoice\") and not(.//caption)]"}
RESULT: {"using":"xpath","value":".//caption[contains(., \"Invoice\") and not(.//caption)]"}
COMMAND: POST /session/30c8d687fb0b7fff250503b9da8afa66/execute/sync - {"script":"return (function (elem, id) {\n        return (function parentElement() {\n        return this.parentElement;\n    }).call(elem, id);\n    }).apply(null, arguments)","args":[{"element-6066-11e4-a52e-4f735466cecf":"F14BA20B1BE4E87FE736BBC686506470_element_49","ELEMENT":"F14BA20B1BE4E87FE736BBC686506470_element_49"}]}
RESULT: {"script":"return (function (elem, id) {\n        return (function parentElement() {\n        return this.parentElement;\n    }).call(elem, id);\n    }).apply(null, arguments)","args":[{"element-6066-11e4-a52e-4f735466cecf":"F14BA20B1BE4E87FE736BBC686506470_element_49","ELEMENT":"F14BA20B1BE4E87FE736BBC686506470_element_49"}]}
COMMAND: POST /session/30c8d687fb0b7fff250503b9da8afa66/execute/sync - {"script":"return (function isElementDisplayed(element) {\n    function nodeIsElement(node) {\n        if (!node) {\n            return false;\n        }\n        switch (node.nodeType) {\n            case Node.ELEMEN ... (7807 more bytes)","args":[{"element-6066-11e4-a52e-4f735466cecf":"F14BA20B1BE4E87FE736BBC686506470_element_50","ELEMENT":"F14BA20B1BE4E87FE736BBC686506470_element_50"}]}
RESULT: {"script":"return (function isElementDisplayed(element) {\n    function nodeIsElement(node) {\n        if (!node) {\n            return false;\n        }\n        switch (node.nodeType) {\n            case Node.ELEMEN ... (7807 more bytes)","args":[{"element-6066-11e4-a52e-4f735466cecf":"F14BA20B1BE4E87FE736BBC686506470_element_50","ELEMENT":"F14BA20B1BE4E87FE736BBC686506470_element_50"}]}
COMMAND: POST /session/30c8d687fb0b7fff250503b9da8afa66/element/F14BA20B1BE4E87FE736BBC686506470_element_50/elements - {"using":"css selector","value":"tbody tr"}
RESULT: {"using":"css selector","value":"tbody tr"}
COMMAND: POST /session/30c8d687fb0b7fff250503b9da8afa66/element/F14BA20B1BE4E87FE736BBC686506470_element_50/element - {"using":"css selector","value":"thead tr"}
RESULT: {"using":"css selector","value":"thead tr"}
COMMAND: POST /session/30c8d687fb0b7fff250503b9da8afa66/element/F14BA20B1BE4E87FE736BBC686506470_element_52/elements - {"using":"css selector","value":"th"}
RESULT: {"using":"css selector","value":"th"}
COMMAND: GET /session/30c8d687fb0b7fff250503b9da8afa66/element/F14BA20B1BE4E87FE736BBC686506470_element_53/text - {}
COMMAND: GET /session/30c8d687fb0b7fff250503b9da8afa66/element/F14BA20B1BE4E87FE736BBC686506470_element_54/text - {}
COMMAND: GET /session/30c8d687fb0b7fff250503b9da8afa66/element/F14BA20B1BE4E87FE736BBC686506470_element_56/text - {}
COMMAND: GET /session/30c8d687fb0b7fff250503b9da8afa66/element/F14BA20B1BE4E87FE736BBC686506470_element_55/text - {}
COMMAND: GET /session/30c8d687fb0b7fff250503b9da8afa66/element/F14BA20B1BE4E87FE736BBC686506470_element_57/text - {}
RESULT: {}
RESULT: {}
RESULT: {}
RESULT: {}
RESULT: {}
COMMAND: POST /session/30c8d687fb0b7fff250503b9da8afa66/element/F14BA20B1BE4E87FE736BBC686506470_element_51/elements - {"using":"css selector","value":"th,td"}
RESULT: {"using":"css selector","value":"th,td"}
COMMAND: GET /session/30c8d687fb0b7fff250503b9da8afa66/element/F14BA20B1BE4E87FE736BBC686506470_element_58/text - {}
RESULT: {}
COMMAND: GET /session/30c8d687fb0b7fff250503b9da8afa66/element/F14BA20B1BE4E87FE736BBC686506470_element_59/text - {}
RESULT: {}
COMMAND: GET /session/30c8d687fb0b7fff250503b9da8afa66/element/F14BA20B1BE4E87FE736BBC686506470_element_60/text - {}
RESULT: {}
COMMAND: GET /session/30c8d687fb0b7fff250503b9da8afa66/element/F14BA20B1BE4E87FE736BBC686506470_element_61/text - {}
RESULT: {}
COMMAND: GET /session/30c8d687fb0b7fff250503b9da8afa66/element/F14BA20B1BE4E87FE736BBC686506470_element_62/text - {}
RESULT: {}
]]></system-out>
      <system-err><![CDATA[
Error: expect(received).toEqual(expected) // deep equality

Expected: "Address check"
Received: "Total"
    at expectEqual (file:///home/runner/work/di-billing-transaction-monitoring/di-billing-transaction-monitoring/ui-tests/utils/customTestAssertion.ts:12:20)
    at assertInvoiceTableData (file:///home/runner/work/di-billing-transaction-monitoring/di-billing-transaction-monitoring/ui-tests/specs/invoice.spec.ts:220:3)
    at validateTableDataWithAssertions (file:///home/runner/work/di-billing-transaction-monitoring/di-billing-transaction-monitoring/ui-tests/specs/invoice.spec.ts:154:5)
    at processTicksAndRejections (node:internal/process/task_queues:96:5)
    at async Context.<anonymous> (file:///home/runner/work/di-billing-transaction-monitoring/di-billing-transaction-monitoring/ui-tests/specs/invoice.spec.ts:130:9)
]]></system-err>
    </testcase>
  </testsuite>
  <testsuite name="Vendor Vendor Three Invoice 2023 03" timestamp="2023-10-12T08:01:06" time="5.775" tests="6" failures="5" errors="5" skipped="0">
    <properties>
      <property name="specId" value="0"/>
      <property name="suiteName" value="Vendor: Vendor Three,Invoice:2023-03"/>
      <property name="capabilities" value="chrome.117_0_5938_132.linux"/>
      <property name="file" value="file://./ui-tests/specs/invoice.spec.ts"/>
    </properties>
    <testcase classname="chrome.117_0_5938_132.linux.Invoice_Page_Test.Vendor:_Vendor_Three,Invoice:2023-03" name="should display correct status banner color and message" time="0.914">
      <system-out><![CDATA[
COMMAND: POST /session/30c8d687fb0b7fff250503b9da8afa66/url - {"url":"https://pr-509.btm.dev.account.gov.uk/contracts/3/invoices/2023-03"}
RESULT: {"url":"https://pr-509.btm.dev.account.gov.uk/contracts/3/invoices/2023-03"}
COMMAND: POST /session/30c8d687fb0b7fff250503b9da8afa66/execute/sync - {"script":"return (() => document.readyState === \"complete\").apply(null, arguments)","args":[]}
RESULT: {"script":"return (() => document.readyState === \"complete\").apply(null, arguments)","args":[]}
COMMAND: GET /session/30c8d687fb0b7fff250503b9da8afa66/url - {}
RESULT: {}
COMMAND: POST /session/30c8d687fb0b7fff250503b9da8afa66/element - {"using":"css selector","value":".govuk-heading-xl"}
RESULT: {"using":"css selector","value":".govuk-heading-xl"}
COMMAND: POST /session/30c8d687fb0b7fff250503b9da8afa66/execute/sync - {"script":"return (function isElementDisplayed(element) {\n    function nodeIsElement(node) {\n        if (!node) {\n            return false;\n        }\n        switch (node.nodeType) {\n            case Node.ELEMEN ... (7807 more bytes)","args":[{"element-6066-11e4-a52e-4f735466cecf":"94A76A7C4E836E9E090015EA2CD8B820_element_65","ELEMENT":"94A76A7C4E836E9E090015EA2CD8B820_element_65"}]}
RESULT: {"script":"return (function isElementDisplayed(element) {\n    function nodeIsElement(node) {\n        if (!node) {\n            return false;\n        }\n        switch (node.nodeType) {\n            case Node.ELEMEN ... (7807 more bytes)","args":[{"element-6066-11e4-a52e-4f735466cecf":"94A76A7C4E836E9E090015EA2CD8B820_element_65","ELEMENT":"94A76A7C4E836E9E090015EA2CD8B820_element_65"}]}
COMMAND: POST /session/30c8d687fb0b7fff250503b9da8afa66/element - {"using":"css selector","value":".govuk-heading-xl"}
RESULT: {"using":"css selector","value":".govuk-heading-xl"}
COMMAND: GET /session/30c8d687fb0b7fff250503b9da8afa66/element/94A76A7C4E836E9E090015EA2CD8B820_element_65/text - {}
RESULT: {}
COMMAND: POST /session/30c8d687fb0b7fff250503b9da8afa66/element - {"using":"css selector","value":"h2.govuk-panel__title"}
RESULT: {"using":"css selector","value":"h2.govuk-panel__title"}
COMMAND: POST /session/30c8d687fb0b7fff250503b9da8afa66/execute/sync - {"script":"return (function isElementDisplayed(element) {\n    function nodeIsElement(node) {\n        if (!node) {\n            return false;\n        }\n        switch (node.nodeType) {\n            case Node.ELEMEN ... (7807 more bytes)","args":[{"element-6066-11e4-a52e-4f735466cecf":"94A76A7C4E836E9E090015EA2CD8B820_element_66","ELEMENT":"94A76A7C4E836E9E090015EA2CD8B820_element_66"}]}
RESULT: {"script":"return (function isElementDisplayed(element) {\n    function nodeIsElement(node) {\n        if (!node) {\n            return false;\n        }\n        switch (node.nodeType) {\n            case Node.ELEMEN ... (7807 more bytes)","args":[{"element-6066-11e4-a52e-4f735466cecf":"94A76A7C4E836E9E090015EA2CD8B820_element_66","ELEMENT":"94A76A7C4E836E9E090015EA2CD8B820_element_66"}]}
COMMAND: POST /session/30c8d687fb0b7fff250503b9da8afa66/element - {"using":"css selector","value":"h2.govuk-panel__title"}
RESULT: {"using":"css selector","value":"h2.govuk-panel__title"}
COMMAND: GET /session/30c8d687fb0b7fff250503b9da8afa66/element/94A76A7C4E836E9E090015EA2CD8B820_element_66/text - {}
RESULT: {}
COMMAND: POST /session/30c8d687fb0b7fff250503b9da8afa66/element - {"using":"css selector","value":".govuk-panel"}
RESULT: {"using":"css selector","value":".govuk-panel"}
COMMAND: POST /session/30c8d687fb0b7fff250503b9da8afa66/execute/sync - {"script":"return (function isElementDisplayed(element) {\n    function nodeIsElement(node) {\n        if (!node) {\n            return false;\n        }\n        switch (node.nodeType) {\n            case Node.ELEMEN ... (7807 more bytes)","args":[{"element-6066-11e4-a52e-4f735466cecf":"94A76A7C4E836E9E090015EA2CD8B820_element_67","ELEMENT":"94A76A7C4E836E9E090015EA2CD8B820_element_67"}]}
RESULT: {"script":"return (function isElementDisplayed(element) {\n    function nodeIsElement(node) {\n        if (!node) {\n            return false;\n        }\n        switch (node.nodeType) {\n            case Node.ELEMEN ... (7807 more bytes)","args":[{"element-6066-11e4-a52e-4f735466cecf":"94A76A7C4E836E9E090015EA2CD8B820_element_67","ELEMENT":"94A76A7C4E836E9E090015EA2CD8B820_element_67"}]}
COMMAND: GET /session/30c8d687fb0b7fff250503b9da8afa66/element/94A76A7C4E836E9E090015EA2CD8B820_element_67/css/background-color - {}
RESULT: {}
]]></system-out>
    </testcase>
    <testcase classname="chrome.117_0_5938_132.linux.Invoice_Page_Test.Vendor:_Vendor_Three,Invoice:2023-03" name="should validate reconciliation table data" time="1.429">
      <failure/>
      <error message="expect(received).toEqual(expected) // deep equality&#xA;&#xA;Expected: &quot;Passport check&quot;&#xA;Received: &quot;Address check&quot;"/>
      <system-out><![CDATA[
COMMAND: POST /session/30c8d687fb0b7fff250503b9da8afa66/url - {"url":"https://pr-509.btm.dev.account.gov.uk/contracts/3/invoices/2023-03"}
RESULT: {"url":"https://pr-509.btm.dev.account.gov.uk/contracts/3/invoices/2023-03"}
COMMAND: POST /session/30c8d687fb0b7fff250503b9da8afa66/execute/sync - {"script":"return (() => document.readyState === \"complete\").apply(null, arguments)","args":[]}
RESULT: {"script":"return (() => document.readyState === \"complete\").apply(null, arguments)","args":[]}
COMMAND: GET /session/30c8d687fb0b7fff250503b9da8afa66/url - {}
RESULT: {}
COMMAND: POST /session/30c8d687fb0b7fff250503b9da8afa66/element - {"using":"css selector","value":".govuk-heading-xl"}
RESULT: {"using":"css selector","value":".govuk-heading-xl"}
COMMAND: POST /session/30c8d687fb0b7fff250503b9da8afa66/execute/sync - {"script":"return (function isElementDisplayed(element) {\n    function nodeIsElement(node) {\n        if (!node) {\n            return false;\n        }\n        switch (node.nodeType) {\n            case Node.ELEMEN ... (7807 more bytes)","args":[{"element-6066-11e4-a52e-4f735466cecf":"4092530272F13641A643D3F8EC5084B6_element_70","ELEMENT":"4092530272F13641A643D3F8EC5084B6_element_70"}]}
RESULT: {"script":"return (function isElementDisplayed(element) {\n    function nodeIsElement(node) {\n        if (!node) {\n            return false;\n        }\n        switch (node.nodeType) {\n            case Node.ELEMEN ... (7807 more bytes)","args":[{"element-6066-11e4-a52e-4f735466cecf":"4092530272F13641A643D3F8EC5084B6_element_70","ELEMENT":"4092530272F13641A643D3F8EC5084B6_element_70"}]}
COMMAND: POST /session/30c8d687fb0b7fff250503b9da8afa66/element - {"using":"css selector","value":".govuk-heading-xl"}
RESULT: {"using":"css selector","value":".govuk-heading-xl"}
COMMAND: GET /session/30c8d687fb0b7fff250503b9da8afa66/element/4092530272F13641A643D3F8EC5084B6_element_70/text - {}
RESULT: {}
COMMAND: POST /session/30c8d687fb0b7fff250503b9da8afa66/element - {"using":"xpath","value":".//caption[contains(., \"Reconciliation\") and not(.//caption)]"}
RESULT: {"using":"xpath","value":".//caption[contains(., \"Reconciliation\") and not(.//caption)]"}
COMMAND: POST /session/30c8d687fb0b7fff250503b9da8afa66/execute/sync - {"script":"return (function (elem, id) {\n        return (function parentElement() {\n        return this.parentElement;\n    }).call(elem, id);\n    }).apply(null, arguments)","args":[{"element-6066-11e4-a52e-4f735466cecf":"4092530272F13641A643D3F8EC5084B6_element_71","ELEMENT":"4092530272F13641A643D3F8EC5084B6_element_71"}]}
RESULT: {"script":"return (function (elem, id) {\n        return (function parentElement() {\n        return this.parentElement;\n    }).call(elem, id);\n    }).apply(null, arguments)","args":[{"element-6066-11e4-a52e-4f735466cecf":"4092530272F13641A643D3F8EC5084B6_element_71","ELEMENT":"4092530272F13641A643D3F8EC5084B6_element_71"}]}
COMMAND: POST /session/30c8d687fb0b7fff250503b9da8afa66/execute/sync - {"script":"return (function isElementDisplayed(element) {\n    function nodeIsElement(node) {\n        if (!node) {\n            return false;\n        }\n        switch (node.nodeType) {\n            case Node.ELEMEN ... (7807 more bytes)","args":[{"element-6066-11e4-a52e-4f735466cecf":"4092530272F13641A643D3F8EC5084B6_element_72","ELEMENT":"4092530272F13641A643D3F8EC5084B6_element_72"}]}
RESULT: {"script":"return (function isElementDisplayed(element) {\n    function nodeIsElement(node) {\n        if (!node) {\n            return false;\n        }\n        switch (node.nodeType) {\n            case Node.ELEMEN ... (7807 more bytes)","args":[{"element-6066-11e4-a52e-4f735466cecf":"4092530272F13641A643D3F8EC5084B6_element_72","ELEMENT":"4092530272F13641A643D3F8EC5084B6_element_72"}]}
COMMAND: POST /session/30c8d687fb0b7fff250503b9da8afa66/element/4092530272F13641A643D3F8EC5084B6_element_72/elements - {"using":"css selector","value":"tbody tr"}
RESULT: {"using":"css selector","value":"tbody tr"}
COMMAND: POST /session/30c8d687fb0b7fff250503b9da8afa66/element/4092530272F13641A643D3F8EC5084B6_element_72/element - {"using":"css selector","value":"thead tr"}
RESULT: {"using":"css selector","value":"thead tr"}
COMMAND: POST /session/30c8d687fb0b7fff250503b9da8afa66/element/4092530272F13641A643D3F8EC5084B6_element_75/elements - {"using":"css selector","value":"th"}
RESULT: {"using":"css selector","value":"th"}
COMMAND: GET /session/30c8d687fb0b7fff250503b9da8afa66/element/4092530272F13641A643D3F8EC5084B6_element_76/text - {}
COMMAND: GET /session/30c8d687fb0b7fff250503b9da8afa66/element/4092530272F13641A643D3F8EC5084B6_element_77/text - {}
COMMAND: GET /session/30c8d687fb0b7fff250503b9da8afa66/element/4092530272F13641A643D3F8EC5084B6_element_79/text - {}
COMMAND: GET /session/30c8d687fb0b7fff250503b9da8afa66/element/4092530272F13641A643D3F8EC5084B6_element_78/text - {}
COMMAND: GET /session/30c8d687fb0b7fff250503b9da8afa66/element/4092530272F13641A643D3F8EC5084B6_element_80/text - {}
RESULT: {}
RESULT: {}
RESULT: {}
RESULT: {}
RESULT: {}
COMMAND: POST /session/30c8d687fb0b7fff250503b9da8afa66/element/4092530272F13641A643D3F8EC5084B6_element_73/elements - {"using":"css selector","value":"th,td"}
RESULT: {"using":"css selector","value":"th,td"}
COMMAND: GET /session/30c8d687fb0b7fff250503b9da8afa66/element/4092530272F13641A643D3F8EC5084B6_element_81/text - {}
RESULT: {}
COMMAND: GET /session/30c8d687fb0b7fff250503b9da8afa66/element/4092530272F13641A643D3F8EC5084B6_element_82/text - {}
RESULT: {}
COMMAND: GET /session/30c8d687fb0b7fff250503b9da8afa66/element/4092530272F13641A643D3F8EC5084B6_element_83/text - {}
RESULT: {}
COMMAND: GET /session/30c8d687fb0b7fff250503b9da8afa66/element/4092530272F13641A643D3F8EC5084B6_element_84/text - {}
RESULT: {}
COMMAND: GET /session/30c8d687fb0b7fff250503b9da8afa66/element/4092530272F13641A643D3F8EC5084B6_element_85/text - {}
RESULT: {}
COMMAND: POST /session/30c8d687fb0b7fff250503b9da8afa66/element/4092530272F13641A643D3F8EC5084B6_element_74/elements - {"using":"css selector","value":"th,td"}
RESULT: {"using":"css selector","value":"th,td"}
COMMAND: GET /session/30c8d687fb0b7fff250503b9da8afa66/element/4092530272F13641A643D3F8EC5084B6_element_86/text - {}
RESULT: {}
COMMAND: GET /session/30c8d687fb0b7fff250503b9da8afa66/element/4092530272F13641A643D3F8EC5084B6_element_87/text - {}
RESULT: {}
COMMAND: GET /session/30c8d687fb0b7fff250503b9da8afa66/element/4092530272F13641A643D3F8EC5084B6_element_88/text - {}
RESULT: {}
COMMAND: GET /session/30c8d687fb0b7fff250503b9da8afa66/element/4092530272F13641A643D3F8EC5084B6_element_89/text - {}
RESULT: {}
COMMAND: GET /session/30c8d687fb0b7fff250503b9da8afa66/element/4092530272F13641A643D3F8EC5084B6_element_90/text - {}
RESULT: {}
]]></system-out>
      <system-err><![CDATA[
Error: expect(received).toEqual(expected) // deep equality

Expected: "Passport check"
Received: "Address check"
    at expectEqual (file:///home/runner/work/di-billing-transaction-monitoring/di-billing-transaction-monitoring/ui-tests/utils/customTestAssertion.ts:12:20)
    at assertReconciliationTableData (file:///home/runner/work/di-billing-transaction-monitoring/di-billing-transaction-monitoring/ui-tests/specs/invoice.spec.ts:162:3)
    at validateTableDataWithAssertions (file:///home/runner/work/di-billing-transaction-monitoring/di-billing-transaction-monitoring/ui-tests/specs/invoice.spec.ts:154:5)
    at runMicrotasks (<anonymous>)
    at processTicksAndRejections (node:internal/process/task_queues:96:5)
    at async Context.<anonymous> (file:///home/runner/work/di-billing-transaction-monitoring/di-billing-transaction-monitoring/ui-tests/specs/invoice.spec.ts:98:9)
]]></system-err>
    </testcase>
    <testcase classname="chrome.117_0_5938_132.linux.Invoice_Page_Test.Vendor:_Vendor_Three,Invoice:2023-03" name="should validate quantity events table data" time="0.897">
      <failure/>
      <error message="expect(received).toEqual(expected) // deep equality&#xA;&#xA;Expected: &quot;Passport check&quot;&#xA;Received: &quot;Address check&quot;"/>
      <system-out><![CDATA[
COMMAND: POST /session/30c8d687fb0b7fff250503b9da8afa66/url - {"url":"https://pr-509.btm.dev.account.gov.uk/contracts/3/invoices/2023-03"}
RESULT: {"url":"https://pr-509.btm.dev.account.gov.uk/contracts/3/invoices/2023-03"}
COMMAND: POST /session/30c8d687fb0b7fff250503b9da8afa66/execute/sync - {"script":"return (() => document.readyState === \"complete\").apply(null, arguments)","args":[]}
RESULT: {"script":"return (() => document.readyState === \"complete\").apply(null, arguments)","args":[]}
COMMAND: GET /session/30c8d687fb0b7fff250503b9da8afa66/url - {}
RESULT: {}
COMMAND: POST /session/30c8d687fb0b7fff250503b9da8afa66/element - {"using":"css selector","value":".govuk-heading-xl"}
RESULT: {"using":"css selector","value":".govuk-heading-xl"}
COMMAND: POST /session/30c8d687fb0b7fff250503b9da8afa66/execute/sync - {"script":"return (function isElementDisplayed(element) {\n    function nodeIsElement(node) {\n        if (!node) {\n            return false;\n        }\n        switch (node.nodeType) {\n            case Node.ELEMEN ... (7807 more bytes)","args":[{"element-6066-11e4-a52e-4f735466cecf":"485CDFA14C1EE7015B65FFD6864EC616_element_93","ELEMENT":"485CDFA14C1EE7015B65FFD6864EC616_element_93"}]}
RESULT: {"script":"return (function isElementDisplayed(element) {\n    function nodeIsElement(node) {\n        if (!node) {\n            return false;\n        }\n        switch (node.nodeType) {\n            case Node.ELEMEN ... (7807 more bytes)","args":[{"element-6066-11e4-a52e-4f735466cecf":"485CDFA14C1EE7015B65FFD6864EC616_element_93","ELEMENT":"485CDFA14C1EE7015B65FFD6864EC616_element_93"}]}
COMMAND: POST /session/30c8d687fb0b7fff250503b9da8afa66/element - {"using":"css selector","value":".govuk-heading-xl"}
RESULT: {"using":"css selector","value":".govuk-heading-xl"}
COMMAND: GET /session/30c8d687fb0b7fff250503b9da8afa66/element/485CDFA14C1EE7015B65FFD6864EC616_element_93/text - {}
RESULT: {}
COMMAND: POST /session/30c8d687fb0b7fff250503b9da8afa66/element - {"using":"xpath","value":".//caption[contains(., \"Quantity (events)\") and not(.//caption)]"}
RESULT: {"using":"xpath","value":".//caption[contains(., \"Quantity (events)\") and not(.//caption)]"}
COMMAND: POST /session/30c8d687fb0b7fff250503b9da8afa66/execute/sync - {"script":"return (function (elem, id) {\n        return (function parentElement() {\n        return this.parentElement;\n    }).call(elem, id);\n    }).apply(null, arguments)","args":[{"element-6066-11e4-a52e-4f735466cecf":"485CDFA14C1EE7015B65FFD6864EC616_element_94","ELEMENT":"485CDFA14C1EE7015B65FFD6864EC616_element_94"}]}
RESULT: {"script":"return (function (elem, id) {\n        return (function parentElement() {\n        return this.parentElement;\n    }).call(elem, id);\n    }).apply(null, arguments)","args":[{"element-6066-11e4-a52e-4f735466cecf":"485CDFA14C1EE7015B65FFD6864EC616_element_94","ELEMENT":"485CDFA14C1EE7015B65FFD6864EC616_element_94"}]}
COMMAND: POST /session/30c8d687fb0b7fff250503b9da8afa66/execute/sync - {"script":"return (function isElementDisplayed(element) {\n    function nodeIsElement(node) {\n        if (!node) {\n            return false;\n        }\n        switch (node.nodeType) {\n            case Node.ELEMEN ... (7807 more bytes)","args":[{"element-6066-11e4-a52e-4f735466cecf":"485CDFA14C1EE7015B65FFD6864EC616_element_95","ELEMENT":"485CDFA14C1EE7015B65FFD6864EC616_element_95"}]}
RESULT: {"script":"return (function isElementDisplayed(element) {\n    function nodeIsElement(node) {\n        if (!node) {\n            return false;\n        }\n        switch (node.nodeType) {\n            case Node.ELEMEN ... (7807 more bytes)","args":[{"element-6066-11e4-a52e-4f735466cecf":"485CDFA14C1EE7015B65FFD6864EC616_element_95","ELEMENT":"485CDFA14C1EE7015B65FFD6864EC616_element_95"}]}
COMMAND: POST /session/30c8d687fb0b7fff250503b9da8afa66/element/485CDFA14C1EE7015B65FFD6864EC616_element_95/elements - {"using":"css selector","value":"tbody tr"}
RESULT: {"using":"css selector","value":"tbody tr"}
COMMAND: POST /session/30c8d687fb0b7fff250503b9da8afa66/element/485CDFA14C1EE7015B65FFD6864EC616_element_95/element - {"using":"css selector","value":"thead tr"}
RESULT: {"using":"css selector","value":"thead tr"}
COMMAND: POST /session/30c8d687fb0b7fff250503b9da8afa66/element/485CDFA14C1EE7015B65FFD6864EC616_element_98/elements - {"using":"css selector","value":"th"}
RESULT: {"using":"css selector","value":"th"}
COMMAND: GET /session/30c8d687fb0b7fff250503b9da8afa66/element/485CDFA14C1EE7015B65FFD6864EC616_element_99/text - {}
COMMAND: GET /session/30c8d687fb0b7fff250503b9da8afa66/element/485CDFA14C1EE7015B65FFD6864EC616_element_100/text - {}
COMMAND: GET /session/30c8d687fb0b7fff250503b9da8afa66/element/485CDFA14C1EE7015B65FFD6864EC616_element_102/text - {}
COMMAND: GET /session/30c8d687fb0b7fff250503b9da8afa66/element/485CDFA14C1EE7015B65FFD6864EC616_element_101/text - {}
RESULT: {}
RESULT: {}
RESULT: {}
RESULT: {}
COMMAND: POST /session/30c8d687fb0b7fff250503b9da8afa66/element/485CDFA14C1EE7015B65FFD6864EC616_element_96/elements - {"using":"css selector","value":"th,td"}
RESULT: {"using":"css selector","value":"th,td"}
COMMAND: GET /session/30c8d687fb0b7fff250503b9da8afa66/element/485CDFA14C1EE7015B65FFD6864EC616_element_103/text - {}
RESULT: {}
COMMAND: GET /session/30c8d687fb0b7fff250503b9da8afa66/element/485CDFA14C1EE7015B65FFD6864EC616_element_104/text - {}
RESULT: {}
COMMAND: GET /session/30c8d687fb0b7fff250503b9da8afa66/element/485CDFA14C1EE7015B65FFD6864EC616_element_105/text - {}
RESULT: {}
COMMAND: GET /session/30c8d687fb0b7fff250503b9da8afa66/element/485CDFA14C1EE7015B65FFD6864EC616_element_106/text - {}
RESULT: {}
COMMAND: POST /session/30c8d687fb0b7fff250503b9da8afa66/element/485CDFA14C1EE7015B65FFD6864EC616_element_97/elements - {"using":"css selector","value":"th,td"}
RESULT: {"using":"css selector","value":"th,td"}
COMMAND: GET /session/30c8d687fb0b7fff250503b9da8afa66/element/485CDFA14C1EE7015B65FFD6864EC616_element_107/text - {}
RESULT: {}
COMMAND: GET /session/30c8d687fb0b7fff250503b9da8afa66/element/485CDFA14C1EE7015B65FFD6864EC616_element_108/text - {}
RESULT: {}
COMMAND: GET /session/30c8d687fb0b7fff250503b9da8afa66/element/485CDFA14C1EE7015B65FFD6864EC616_element_109/text - {}
RESULT: {}
COMMAND: GET /session/30c8d687fb0b7fff250503b9da8afa66/element/485CDFA14C1EE7015B65FFD6864EC616_element_110/text - {}
RESULT: {}
]]></system-out>
      <system-err><![CDATA[
Error: expect(received).toEqual(expected) // deep equality

Expected: "Passport check"
Received: "Address check"
    at expectEqual (file:///home/runner/work/di-billing-transaction-monitoring/di-billing-transaction-monitoring/ui-tests/utils/customTestAssertion.ts:12:20)
    at assertQuantityTableData (file:///home/runner/work/di-billing-transaction-monitoring/di-billing-transaction-monitoring/ui-tests/specs/invoice.spec.ts:186:3)
    at validateTableDataWithAssertions (file:///home/runner/work/di-billing-transaction-monitoring/di-billing-transaction-monitoring/ui-tests/specs/invoice.spec.ts:154:5)
    at runMicrotasks (<anonymous>)
    at processTicksAndRejections (node:internal/process/task_queues:96:5)
    at async Context.<anonymous> (file:///home/runner/work/di-billing-transaction-monitoring/di-billing-transaction-monitoring/ui-tests/specs/invoice.spec.ts:106:9)
]]></system-err>
    </testcase>
    <testcase classname="chrome.117_0_5938_132.linux.Invoice_Page_Test.Vendor:_Vendor_Three,Invoice:2023-03" name="should validate price table data" time="0.829">
      <failure/>
      <error message="expect(received).toEqual(expected) // deep equality&#xA;&#xA;Expected: &quot;Passport check&quot;&#xA;Received: &quot;Address check&quot;"/>
      <system-out><![CDATA[
COMMAND: POST /session/30c8d687fb0b7fff250503b9da8afa66/url - {"url":"https://pr-509.btm.dev.account.gov.uk/contracts/3/invoices/2023-03"}
RESULT: {"url":"https://pr-509.btm.dev.account.gov.uk/contracts/3/invoices/2023-03"}
COMMAND: POST /session/30c8d687fb0b7fff250503b9da8afa66/execute/sync - {"script":"return (() => document.readyState === \"complete\").apply(null, arguments)","args":[]}
RESULT: {"script":"return (() => document.readyState === \"complete\").apply(null, arguments)","args":[]}
COMMAND: GET /session/30c8d687fb0b7fff250503b9da8afa66/url - {}
RESULT: {}
COMMAND: POST /session/30c8d687fb0b7fff250503b9da8afa66/element - {"using":"css selector","value":".govuk-heading-xl"}
RESULT: {"using":"css selector","value":".govuk-heading-xl"}
COMMAND: POST /session/30c8d687fb0b7fff250503b9da8afa66/execute/sync - {"script":"return (function isElementDisplayed(element) {\n    function nodeIsElement(node) {\n        if (!node) {\n            return false;\n        }\n        switch (node.nodeType) {\n            case Node.ELEMEN ... (7807 more bytes)","args":[{"element-6066-11e4-a52e-4f735466cecf":"F56BD63E04F23242B09716FDF5F36525_element_115","ELEMENT":"F56BD63E04F23242B09716FDF5F36525_element_115"}]}
RESULT: {"script":"return (function isElementDisplayed(element) {\n    function nodeIsElement(node) {\n        if (!node) {\n            return false;\n        }\n        switch (node.nodeType) {\n            case Node.ELEMEN ... (7807 more bytes)","args":[{"element-6066-11e4-a52e-4f735466cecf":"F56BD63E04F23242B09716FDF5F36525_element_115","ELEMENT":"F56BD63E04F23242B09716FDF5F36525_element_115"}]}
COMMAND: POST /session/30c8d687fb0b7fff250503b9da8afa66/element - {"using":"css selector","value":".govuk-heading-xl"}
RESULT: {"using":"css selector","value":".govuk-heading-xl"}
COMMAND: GET /session/30c8d687fb0b7fff250503b9da8afa66/element/F56BD63E04F23242B09716FDF5F36525_element_115/text - {}
RESULT: {}
COMMAND: POST /session/30c8d687fb0b7fff250503b9da8afa66/element - {"using":"xpath","value":".//caption[contains(., \"Price\") and not(.//caption)]"}
RESULT: {"using":"xpath","value":".//caption[contains(., \"Price\") and not(.//caption)]"}
COMMAND: POST /session/30c8d687fb0b7fff250503b9da8afa66/execute/sync - {"script":"return (function (elem, id) {\n        return (function parentElement() {\n        return this.parentElement;\n    }).call(elem, id);\n    }).apply(null, arguments)","args":[{"element-6066-11e4-a52e-4f735466cecf":"F56BD63E04F23242B09716FDF5F36525_element_116","ELEMENT":"F56BD63E04F23242B09716FDF5F36525_element_116"}]}
RESULT: {"script":"return (function (elem, id) {\n        return (function parentElement() {\n        return this.parentElement;\n    }).call(elem, id);\n    }).apply(null, arguments)","args":[{"element-6066-11e4-a52e-4f735466cecf":"F56BD63E04F23242B09716FDF5F36525_element_116","ELEMENT":"F56BD63E04F23242B09716FDF5F36525_element_116"}]}
COMMAND: POST /session/30c8d687fb0b7fff250503b9da8afa66/execute/sync - {"script":"return (function isElementDisplayed(element) {\n    function nodeIsElement(node) {\n        if (!node) {\n            return false;\n        }\n        switch (node.nodeType) {\n            case Node.ELEMEN ... (7807 more bytes)","args":[{"element-6066-11e4-a52e-4f735466cecf":"F56BD63E04F23242B09716FDF5F36525_element_117","ELEMENT":"F56BD63E04F23242B09716FDF5F36525_element_117"}]}
RESULT: {"script":"return (function isElementDisplayed(element) {\n    function nodeIsElement(node) {\n        if (!node) {\n            return false;\n        }\n        switch (node.nodeType) {\n            case Node.ELEMEN ... (7807 more bytes)","args":[{"element-6066-11e4-a52e-4f735466cecf":"F56BD63E04F23242B09716FDF5F36525_element_117","ELEMENT":"F56BD63E04F23242B09716FDF5F36525_element_117"}]}
COMMAND: POST /session/30c8d687fb0b7fff250503b9da8afa66/element/F56BD63E04F23242B09716FDF5F36525_element_117/elements - {"using":"css selector","value":"tbody tr"}
RESULT: {"using":"css selector","value":"tbody tr"}
COMMAND: POST /session/30c8d687fb0b7fff250503b9da8afa66/element/F56BD63E04F23242B09716FDF5F36525_element_117/element - {"using":"css selector","value":"thead tr"}
RESULT: {"using":"css selector","value":"thead tr"}
COMMAND: POST /session/30c8d687fb0b7fff250503b9da8afa66/element/F56BD63E04F23242B09716FDF5F36525_element_120/elements - {"using":"css selector","value":"th"}
RESULT: {"using":"css selector","value":"th"}
COMMAND: GET /session/30c8d687fb0b7fff250503b9da8afa66/element/F56BD63E04F23242B09716FDF5F36525_element_121/text - {}
COMMAND: GET /session/30c8d687fb0b7fff250503b9da8afa66/element/F56BD63E04F23242B09716FDF5F36525_element_122/text - {}
COMMAND: GET /session/30c8d687fb0b7fff250503b9da8afa66/element/F56BD63E04F23242B09716FDF5F36525_element_124/text - {}
COMMAND: GET /session/30c8d687fb0b7fff250503b9da8afa66/element/F56BD63E04F23242B09716FDF5F36525_element_123/text - {}
RESULT: {}
RESULT: {}
RESULT: {}
RESULT: {}
COMMAND: POST /session/30c8d687fb0b7fff250503b9da8afa66/element/F56BD63E04F23242B09716FDF5F36525_element_118/elements - {"using":"css selector","value":"th,td"}
RESULT: {"using":"css selector","value":"th,td"}
COMMAND: GET /session/30c8d687fb0b7fff250503b9da8afa66/element/F56BD63E04F23242B09716FDF5F36525_element_125/text - {}
RESULT: {}
COMMAND: GET /session/30c8d687fb0b7fff250503b9da8afa66/element/F56BD63E04F23242B09716FDF5F36525_element_126/text - {}
RESULT: {}
COMMAND: GET /session/30c8d687fb0b7fff250503b9da8afa66/element/F56BD63E04F23242B09716FDF5F36525_element_127/text - {}
RESULT: {}
COMMAND: GET /session/30c8d687fb0b7fff250503b9da8afa66/element/F56BD63E04F23242B09716FDF5F36525_element_128/text - {}
RESULT: {}
COMMAND: POST /session/30c8d687fb0b7fff250503b9da8afa66/element/F56BD63E04F23242B09716FDF5F36525_element_119/elements - {"using":"css selector","value":"th,td"}
RESULT: {"using":"css selector","value":"th,td"}
COMMAND: GET /session/30c8d687fb0b7fff250503b9da8afa66/element/F56BD63E04F23242B09716FDF5F36525_element_129/text - {}
RESULT: {}
COMMAND: GET /session/30c8d687fb0b7fff250503b9da8afa66/element/F56BD63E04F23242B09716FDF5F36525_element_130/text - {}
RESULT: {}
COMMAND: GET /session/30c8d687fb0b7fff250503b9da8afa66/element/F56BD63E04F23242B09716FDF5F36525_element_131/text - {}
RESULT: {}
COMMAND: GET /session/30c8d687fb0b7fff250503b9da8afa66/element/F56BD63E04F23242B09716FDF5F36525_element_132/text - {}
RESULT: {}
]]></system-out>
      <system-err><![CDATA[
Error: expect(received).toEqual(expected) // deep equality

Expected: "Passport check"
Received: "Address check"
    at expectEqual (file:///home/runner/work/di-billing-transaction-monitoring/di-billing-transaction-monitoring/ui-tests/utils/customTestAssertion.ts:12:20)
    at assertPriceTableData (file:///home/runner/work/di-billing-transaction-monitoring/di-billing-transaction-monitoring/ui-tests/specs/invoice.spec.ts:199:3)
    at validateTableDataWithAssertions (file:///home/runner/work/di-billing-transaction-monitoring/di-billing-transaction-monitoring/ui-tests/specs/invoice.spec.ts:154:5)
    at runMicrotasks (<anonymous>)
    at processTicksAndRejections (node:internal/process/task_queues:96:5)
    at async Context.<anonymous> (file:///home/runner/work/di-billing-transaction-monitoring/di-billing-transaction-monitoring/ui-tests/specs/invoice.spec.ts:114:9)
]]></system-err>
    </testcase>
    <testcase classname="chrome.117_0_5938_132.linux.Invoice_Page_Test.Vendor:_Vendor_Three,Invoice:2023-03" name="should validate measured events table data" time="0.89">
      <failure/>
      <error message="expect(received).toEqual(expected) // deep equality&#xA;&#xA;Expected: &quot;Passport check&quot;&#xA;Received: &quot;Address check&quot;"/>
      <system-out><![CDATA[
COMMAND: POST /session/30c8d687fb0b7fff250503b9da8afa66/url - {"url":"https://pr-509.btm.dev.account.gov.uk/contracts/3/invoices/2023-03"}
RESULT: {"url":"https://pr-509.btm.dev.account.gov.uk/contracts/3/invoices/2023-03"}
COMMAND: POST /session/30c8d687fb0b7fff250503b9da8afa66/execute/sync - {"script":"return (() => document.readyState === \"complete\").apply(null, arguments)","args":[]}
RESULT: {"script":"return (() => document.readyState === \"complete\").apply(null, arguments)","args":[]}
COMMAND: GET /session/30c8d687fb0b7fff250503b9da8afa66/url - {}
RESULT: {}
COMMAND: POST /session/30c8d687fb0b7fff250503b9da8afa66/element - {"using":"css selector","value":".govuk-heading-xl"}
RESULT: {"using":"css selector","value":".govuk-heading-xl"}
COMMAND: POST /session/30c8d687fb0b7fff250503b9da8afa66/execute/sync - {"script":"return (function isElementDisplayed(element) {\n    function nodeIsElement(node) {\n        if (!node) {\n            return false;\n        }\n        switch (node.nodeType) {\n            case Node.ELEMEN ... (7807 more bytes)","args":[{"element-6066-11e4-a52e-4f735466cecf":"80A071C1499D024C9663673B6859A60A_element_135","ELEMENT":"80A071C1499D024C9663673B6859A60A_element_135"}]}
RESULT: {"script":"return (function isElementDisplayed(element) {\n    function nodeIsElement(node) {\n        if (!node) {\n            return false;\n        }\n        switch (node.nodeType) {\n            case Node.ELEMEN ... (7807 more bytes)","args":[{"element-6066-11e4-a52e-4f735466cecf":"80A071C1499D024C9663673B6859A60A_element_135","ELEMENT":"80A071C1499D024C9663673B6859A60A_element_135"}]}
COMMAND: POST /session/30c8d687fb0b7fff250503b9da8afa66/element - {"using":"css selector","value":".govuk-heading-xl"}
RESULT: {"using":"css selector","value":".govuk-heading-xl"}
COMMAND: GET /session/30c8d687fb0b7fff250503b9da8afa66/element/80A071C1499D024C9663673B6859A60A_element_135/text - {}
RESULT: {}
COMMAND: POST /session/30c8d687fb0b7fff250503b9da8afa66/element - {"using":"xpath","value":".//caption[contains(., \"Measured (events)\") and not(.//caption)]"}
RESULT: {"using":"xpath","value":".//caption[contains(., \"Measured (events)\") and not(.//caption)]"}
COMMAND: POST /session/30c8d687fb0b7fff250503b9da8afa66/execute/sync - {"script":"return (function (elem, id) {\n        return (function parentElement() {\n        return this.parentElement;\n    }).call(elem, id);\n    }).apply(null, arguments)","args":[{"element-6066-11e4-a52e-4f735466cecf":"80A071C1499D024C9663673B6859A60A_element_136","ELEMENT":"80A071C1499D024C9663673B6859A60A_element_136"}]}
RESULT: {"script":"return (function (elem, id) {\n        return (function parentElement() {\n        return this.parentElement;\n    }).call(elem, id);\n    }).apply(null, arguments)","args":[{"element-6066-11e4-a52e-4f735466cecf":"80A071C1499D024C9663673B6859A60A_element_136","ELEMENT":"80A071C1499D024C9663673B6859A60A_element_136"}]}
COMMAND: POST /session/30c8d687fb0b7fff250503b9da8afa66/execute/sync - {"script":"return (function isElementDisplayed(element) {\n    function nodeIsElement(node) {\n        if (!node) {\n            return false;\n        }\n        switch (node.nodeType) {\n            case Node.ELEMEN ... (7807 more bytes)","args":[{"element-6066-11e4-a52e-4f735466cecf":"80A071C1499D024C9663673B6859A60A_element_137","ELEMENT":"80A071C1499D024C9663673B6859A60A_element_137"}]}
RESULT: {"script":"return (function isElementDisplayed(element) {\n    function nodeIsElement(node) {\n        if (!node) {\n            return false;\n        }\n        switch (node.nodeType) {\n            case Node.ELEMEN ... (7807 more bytes)","args":[{"element-6066-11e4-a52e-4f735466cecf":"80A071C1499D024C9663673B6859A60A_element_137","ELEMENT":"80A071C1499D024C9663673B6859A60A_element_137"}]}
COMMAND: POST /session/30c8d687fb0b7fff250503b9da8afa66/element/80A071C1499D024C9663673B6859A60A_element_137/elements - {"using":"css selector","value":"tbody tr"}
RESULT: {"using":"css selector","value":"tbody tr"}
COMMAND: POST /session/30c8d687fb0b7fff250503b9da8afa66/element/80A071C1499D024C9663673B6859A60A_element_137/element - {"using":"css selector","value":"thead tr"}
RESULT: {"using":"css selector","value":"thead tr"}
COMMAND: POST /session/30c8d687fb0b7fff250503b9da8afa66/element/80A071C1499D024C9663673B6859A60A_element_140/elements - {"using":"css selector","value":"th"}
RESULT: {"using":"css selector","value":"th"}
COMMAND: GET /session/30c8d687fb0b7fff250503b9da8afa66/element/80A071C1499D024C9663673B6859A60A_element_141/text - {}
COMMAND: GET /session/30c8d687fb0b7fff250503b9da8afa66/element/80A071C1499D024C9663673B6859A60A_element_142/text - {}
RESULT: {}
RESULT: {}
COMMAND: POST /session/30c8d687fb0b7fff250503b9da8afa66/element/80A071C1499D024C9663673B6859A60A_element_138/elements - {"using":"css selector","value":"th,td"}
RESULT: {"using":"css selector","value":"th,td"}
COMMAND: GET /session/30c8d687fb0b7fff250503b9da8afa66/element/80A071C1499D024C9663673B6859A60A_element_143/text - {}
RESULT: {}
COMMAND: GET /session/30c8d687fb0b7fff250503b9da8afa66/element/80A071C1499D024C9663673B6859A60A_element_144/text - {}
RESULT: {}
COMMAND: POST /session/30c8d687fb0b7fff250503b9da8afa66/element/80A071C1499D024C9663673B6859A60A_element_139/elements - {"using":"css selector","value":"th,td"}
RESULT: {"using":"css selector","value":"th,td"}
COMMAND: GET /session/30c8d687fb0b7fff250503b9da8afa66/element/80A071C1499D024C9663673B6859A60A_element_145/text - {}
RESULT: {}
COMMAND: GET /session/30c8d687fb0b7fff250503b9da8afa66/element/80A071C1499D024C9663673B6859A60A_element_146/text - {}
RESULT: {}
]]></system-out>
      <system-err><![CDATA[
Error: expect(received).toEqual(expected) // deep equality

Expected: "Passport check"
Received: "Address check"
    at expectEqual (file:///home/runner/work/di-billing-transaction-monitoring/di-billing-transaction-monitoring/ui-tests/utils/customTestAssertion.ts:12:20)
    at assertMeasuredTableData (file:///home/runner/work/di-billing-transaction-monitoring/di-billing-transaction-monitoring/ui-tests/specs/invoice.spec.ts:212:3)
    at validateTableDataWithAssertions (file:///home/runner/work/di-billing-transaction-monitoring/di-billing-transaction-monitoring/ui-tests/specs/invoice.spec.ts:154:5)
    at runMicrotasks (<anonymous>)
    at processTicksAndRejections (node:internal/process/task_queues:96:5)
    at async Context.<anonymous> (file:///home/runner/work/di-billing-transaction-monitoring/di-billing-transaction-monitoring/ui-tests/specs/invoice.spec.ts:122:9)
]]></system-err>
    </testcase>
    <testcase classname="chrome.117_0_5938_132.linux.Invoice_Page_Test.Vendor:_Vendor_Three,Invoice:2023-03" name="should validate invoice table data" time="0.805">
      <failure/>
      <error message="expect(received).toEqual(expected) // deep equality&#xA;&#xA;Expected: &quot;Passport check&quot;&#xA;Received: &quot;Address check&quot;"/>
      <system-out><![CDATA[
COMMAND: POST /session/30c8d687fb0b7fff250503b9da8afa66/url - {"url":"https://pr-509.btm.dev.account.gov.uk/contracts/3/invoices/2023-03"}
RESULT: {"url":"https://pr-509.btm.dev.account.gov.uk/contracts/3/invoices/2023-03"}
COMMAND: POST /session/30c8d687fb0b7fff250503b9da8afa66/execute/sync - {"script":"return (() => document.readyState === \"complete\").apply(null, arguments)","args":[]}
RESULT: {"script":"return (() => document.readyState === \"complete\").apply(null, arguments)","args":[]}
COMMAND: GET /session/30c8d687fb0b7fff250503b9da8afa66/url - {}
RESULT: {}
COMMAND: POST /session/30c8d687fb0b7fff250503b9da8afa66/element - {"using":"css selector","value":".govuk-heading-xl"}
RESULT: {"using":"css selector","value":".govuk-heading-xl"}
COMMAND: POST /session/30c8d687fb0b7fff250503b9da8afa66/execute/sync - {"script":"return (function isElementDisplayed(element) {\n    function nodeIsElement(node) {\n        if (!node) {\n            return false;\n        }\n        switch (node.nodeType) {\n            case Node.ELEMEN ... (7807 more bytes)","args":[{"element-6066-11e4-a52e-4f735466cecf":"7CE5D654215203B3677F14BA485BEBF6_element_149","ELEMENT":"7CE5D654215203B3677F14BA485BEBF6_element_149"}]}
RESULT: {"script":"return (function isElementDisplayed(element) {\n    function nodeIsElement(node) {\n        if (!node) {\n            return false;\n        }\n        switch (node.nodeType) {\n            case Node.ELEMEN ... (7807 more bytes)","args":[{"element-6066-11e4-a52e-4f735466cecf":"7CE5D654215203B3677F14BA485BEBF6_element_149","ELEMENT":"7CE5D654215203B3677F14BA485BEBF6_element_149"}]}
COMMAND: POST /session/30c8d687fb0b7fff250503b9da8afa66/element - {"using":"css selector","value":".govuk-heading-xl"}
RESULT: {"using":"css selector","value":".govuk-heading-xl"}
COMMAND: GET /session/30c8d687fb0b7fff250503b9da8afa66/element/7CE5D654215203B3677F14BA485BEBF6_element_149/text - {}
RESULT: {}
COMMAND: POST /session/30c8d687fb0b7fff250503b9da8afa66/element - {"using":"xpath","value":".//caption[contains(., \"Invoice\") and not(.//caption)]"}
RESULT: {"using":"xpath","value":".//caption[contains(., \"Invoice\") and not(.//caption)]"}
COMMAND: POST /session/30c8d687fb0b7fff250503b9da8afa66/execute/sync - {"script":"return (function (elem, id) {\n        return (function parentElement() {\n        return this.parentElement;\n    }).call(elem, id);\n    }).apply(null, arguments)","args":[{"element-6066-11e4-a52e-4f735466cecf":"7CE5D654215203B3677F14BA485BEBF6_element_150","ELEMENT":"7CE5D654215203B3677F14BA485BEBF6_element_150"}]}
RESULT: {"script":"return (function (elem, id) {\n        return (function parentElement() {\n        return this.parentElement;\n    }).call(elem, id);\n    }).apply(null, arguments)","args":[{"element-6066-11e4-a52e-4f735466cecf":"7CE5D654215203B3677F14BA485BEBF6_element_150","ELEMENT":"7CE5D654215203B3677F14BA485BEBF6_element_150"}]}
COMMAND: POST /session/30c8d687fb0b7fff250503b9da8afa66/execute/sync - {"script":"return (function isElementDisplayed(element) {\n    function nodeIsElement(node) {\n        if (!node) {\n            return false;\n        }\n        switch (node.nodeType) {\n            case Node.ELEMEN ... (7807 more bytes)","args":[{"element-6066-11e4-a52e-4f735466cecf":"7CE5D654215203B3677F14BA485BEBF6_element_151","ELEMENT":"7CE5D654215203B3677F14BA485BEBF6_element_151"}]}
RESULT: {"script":"return (function isElementDisplayed(element) {\n    function nodeIsElement(node) {\n        if (!node) {\n            return false;\n        }\n        switch (node.nodeType) {\n            case Node.ELEMEN ... (7807 more bytes)","args":[{"element-6066-11e4-a52e-4f735466cecf":"7CE5D654215203B3677F14BA485BEBF6_element_151","ELEMENT":"7CE5D654215203B3677F14BA485BEBF6_element_151"}]}
COMMAND: POST /session/30c8d687fb0b7fff250503b9da8afa66/element/7CE5D654215203B3677F14BA485BEBF6_element_151/elements - {"using":"css selector","value":"tbody tr"}
RESULT: {"using":"css selector","value":"tbody tr"}
COMMAND: POST /session/30c8d687fb0b7fff250503b9da8afa66/element/7CE5D654215203B3677F14BA485BEBF6_element_151/element - {"using":"css selector","value":"thead tr"}
RESULT: {"using":"css selector","value":"thead tr"}
COMMAND: POST /session/30c8d687fb0b7fff250503b9da8afa66/element/7CE5D654215203B3677F14BA485BEBF6_element_155/elements - {"using":"css selector","value":"th"}
RESULT: {"using":"css selector","value":"th"}
COMMAND: GET /session/30c8d687fb0b7fff250503b9da8afa66/element/7CE5D654215203B3677F14BA485BEBF6_element_156/text - {}
COMMAND: GET /session/30c8d687fb0b7fff250503b9da8afa66/element/7CE5D654215203B3677F14BA485BEBF6_element_157/text - {}
COMMAND: GET /session/30c8d687fb0b7fff250503b9da8afa66/element/7CE5D654215203B3677F14BA485BEBF6_element_159/text - {}
COMMAND: GET /session/30c8d687fb0b7fff250503b9da8afa66/element/7CE5D654215203B3677F14BA485BEBF6_element_158/text - {}
COMMAND: GET /session/30c8d687fb0b7fff250503b9da8afa66/element/7CE5D654215203B3677F14BA485BEBF6_element_160/text - {}
RESULT: {}
RESULT: {}
RESULT: {}
RESULT: {}
RESULT: {}
COMMAND: POST /session/30c8d687fb0b7fff250503b9da8afa66/element/7CE5D654215203B3677F14BA485BEBF6_element_152/elements - {"using":"css selector","value":"th,td"}
RESULT: {"using":"css selector","value":"th,td"}
COMMAND: GET /session/30c8d687fb0b7fff250503b9da8afa66/element/7CE5D654215203B3677F14BA485BEBF6_element_161/text - {}
RESULT: {}
COMMAND: GET /session/30c8d687fb0b7fff250503b9da8afa66/element/7CE5D654215203B3677F14BA485BEBF6_element_162/text - {}
RESULT: {}
COMMAND: GET /session/30c8d687fb0b7fff250503b9da8afa66/element/7CE5D654215203B3677F14BA485BEBF6_element_163/text - {}
RESULT: {}
COMMAND: GET /session/30c8d687fb0b7fff250503b9da8afa66/element/7CE5D654215203B3677F14BA485BEBF6_element_164/text - {}
RESULT: {}
COMMAND: GET /session/30c8d687fb0b7fff250503b9da8afa66/element/7CE5D654215203B3677F14BA485BEBF6_element_165/text - {}
RESULT: {}
COMMAND: POST /session/30c8d687fb0b7fff250503b9da8afa66/element/7CE5D654215203B3677F14BA485BEBF6_element_153/elements - {"using":"css selector","value":"th,td"}
RESULT: {"using":"css selector","value":"th,td"}
COMMAND: GET /session/30c8d687fb0b7fff250503b9da8afa66/element/7CE5D654215203B3677F14BA485BEBF6_element_166/text - {}
RESULT: {}
COMMAND: GET /session/30c8d687fb0b7fff250503b9da8afa66/element/7CE5D654215203B3677F14BA485BEBF6_element_167/text - {}
RESULT: {}
COMMAND: GET /session/30c8d687fb0b7fff250503b9da8afa66/element/7CE5D654215203B3677F14BA485BEBF6_element_168/text - {}
RESULT: {}
COMMAND: GET /session/30c8d687fb0b7fff250503b9da8afa66/element/7CE5D654215203B3677F14BA485BEBF6_element_169/text - {}
RESULT: {}
COMMAND: GET /session/30c8d687fb0b7fff250503b9da8afa66/element/7CE5D654215203B3677F14BA485BEBF6_element_170/text - {}
RESULT: {}
COMMAND: POST /session/30c8d687fb0b7fff250503b9da8afa66/element/7CE5D654215203B3677F14BA485BEBF6_element_154/elements - {"using":"css selector","value":"th,td"}
RESULT: {"using":"css selector","value":"th,td"}
COMMAND: GET /session/30c8d687fb0b7fff250503b9da8afa66/element/7CE5D654215203B3677F14BA485BEBF6_element_171/text - {}
RESULT: {}
COMMAND: GET /session/30c8d687fb0b7fff250503b9da8afa66/element/7CE5D654215203B3677F14BA485BEBF6_element_172/text - {}
RESULT: {}
COMMAND: GET /session/30c8d687fb0b7fff250503b9da8afa66/element/7CE5D654215203B3677F14BA485BEBF6_element_173/text - {}
RESULT: {}
COMMAND: GET /session/30c8d687fb0b7fff250503b9da8afa66/element/7CE5D654215203B3677F14BA485BEBF6_element_174/text - {}
RESULT: {}
COMMAND: GET /session/30c8d687fb0b7fff250503b9da8afa66/element/7CE5D654215203B3677F14BA485BEBF6_element_175/text - {}
RESULT: {}
]]></system-out>
      <system-err><![CDATA[
Error: expect(received).toEqual(expected) // deep equality

Expected: "Passport check"
Received: "Address check"
[...]
RESULT: {}
RESULT: {}
RESULT: {}
RESULT: {}
]]></system-out>
      <system-err><![CDATA[
TypeError: Cannot read properties of undefined (reading 'Line item')
    at assertQuantityTableData (file:///home/runner/work/di-billing-transaction-monitoring/di-billing-transaction-monitoring/ui-tests/specs/invoice.spec.ts:186:23)
    at validateTableDataWithAssertions (file:///home/runner/work/di-billing-transaction-monitoring/di-billing-transaction-monitoring/ui-tests/specs/invoice.spec.ts:154:5)
    at runMicrotasks (<anonymous>)
    at processTicksAndRejections (node:internal/process/task_queues:96:5)
    at async Context.<anonymous> (file:///home/runner/work/di-billing-transaction-monitoring/di-billing-transaction-monitoring/ui-tests/specs/invoice.spec.ts:106:9)
]]></system-err>
    </testcase>
    <testcase classname="chrome.117_0_5938_132.linux.Invoice_Page_Test.Vendor:_Vendor_Six,Invoice:2005-Q2" name="should validate price table data" time="0.593">
      <failure/>
      <error message="Cannot read properties of undefined (reading 'Line item')"/>
      <system-out><![CDATA[
COMMAND: POST /session/30c8d687fb0b7fff250503b9da8afa66/url - {"url":"https://pr-509.btm.dev.account.gov.uk/contracts/6/invoices/2005-q2"}
RESULT: {"url":"https://pr-509.btm.dev.account.gov.uk/contracts/6/invoices/2005-q2"}
COMMAND: POST /session/30c8d687fb0b7fff250503b9da8afa66/execute/sync - {"script":"return (() => document.readyState === \"complete\").apply(null, arguments)","args":[]}
RESULT: {"script":"return (() => document.readyState === \"complete\").apply(null, arguments)","args":[]}
COMMAND: GET /session/30c8d687fb0b7fff250503b9da8afa66/url - {}
RESULT: {}
COMMAND: POST /session/30c8d687fb0b7fff250503b9da8afa66/element - {"using":"css selector","value":".govuk-heading-xl"}
RESULT: {"using":"css selector","value":".govuk-heading-xl"}
COMMAND: POST /session/30c8d687fb0b7fff250503b9da8afa66/execute/sync - {"script":"return (function isElementDisplayed(element) {\n    function nodeIsElement(node) {\n        if (!node) {\n            return false;\n        }\n        switch (node.nodeType) {\n            case Node.ELEMEN ... (7807 more bytes)","args":[{"element-6066-11e4-a52e-4f735466cecf":"9251EC1B18AC965777D2A18CB1151CEE_element_1264","ELEMENT":"9251EC1B18AC965777D2A18CB1151CEE_element_1264"}]}
RESULT: {"script":"return (function isElementDisplayed(element) {\n    function nodeIsElement(node) {\n        if (!node) {\n            return false;\n        }\n        switch (node.nodeType) {\n            case Node.ELEMEN ... (7807 more bytes)","args":[{"element-6066-11e4-a52e-4f735466cecf":"9251EC1B18AC965777D2A18CB1151CEE_element_1264","ELEMENT":"9251EC1B18AC965777D2A18CB1151CEE_element_1264"}]}
COMMAND: POST /session/30c8d687fb0b7fff250503b9da8afa66/element - {"using":"css selector","value":".govuk-heading-xl"}
RESULT: {"using":"css selector","value":".govuk-heading-xl"}
COMMAND: GET /session/30c8d687fb0b7fff250503b9da8afa66/element/9251EC1B18AC965777D2A18CB1151CEE_element_1264/text - {}
RESULT: {}
COMMAND: POST /session/30c8d687fb0b7fff250503b9da8afa66/element - {"using":"xpath","value":".//caption[contains(., \"Price\") and not(.//caption)]"}
RESULT: {"using":"xpath","value":".//caption[contains(., \"Price\") and not(.//caption)]"}
COMMAND: POST /session/30c8d687fb0b7fff250503b9da8afa66/execute/sync - {"script":"return (function (elem, id) {\n        return (function parentElement() {\n        return this.parentElement;\n    }).call(elem, id);\n    }).apply(null, arguments)","args":[{"element-6066-11e4-a52e-4f735466cecf":"9251EC1B18AC965777D2A18CB1151CEE_element_1265","ELEMENT":"9251EC1B18AC965777D2A18CB1151CEE_element_1265"}]}
RESULT: {"script":"return (function (elem, id) {\n        return (function parentElement() {\n        return this.parentElement;\n    }).call(elem, id);\n    }).apply(null, arguments)","args":[{"element-6066-11e4-a52e-4f735466cecf":"9251EC1B18AC965777D2A18CB1151CEE_element_1265","ELEMENT":"9251EC1B18AC965777D2A18CB1151CEE_element_1265"}]}
COMMAND: POST /session/30c8d687fb0b7fff250503b9da8afa66/execute/sync - {"script":"return (function isElementDisplayed(element) {\n    function nodeIsElement(node) {\n        if (!node) {\n            return false;\n        }\n        switch (node.nodeType) {\n            case Node.ELEMEN ... (7807 more bytes)","args":[{"element-6066-11e4-a52e-4f735466cecf":"9251EC1B18AC965777D2A18CB1151CEE_element_1266","ELEMENT":"9251EC1B18AC965777D2A18CB1151CEE_element_1266"}]}
RESULT: {"script":"return (function isElementDisplayed(element) {\n    function nodeIsElement(node) {\n        if (!node) {\n            return false;\n        }\n        switch (node.nodeType) {\n            case Node.ELEMEN ... (7807 more bytes)","args":[{"element-6066-11e4-a52e-4f735466cecf":"9251EC1B18AC965777D2A18CB1151CEE_element_1266","ELEMENT":"9251EC1B18AC965777D2A18CB1151CEE_element_1266"}]}
COMMAND: POST /session/30c8d687fb0b7fff250503b9da8afa66/element/9251EC1B18AC965777D2A18CB1151CEE_element_1266/elements - {"using":"css selector","value":"tbody tr"}
RESULT: {"using":"css selector","value":"tbody tr"}
COMMAND: POST /session/30c8d687fb0b7fff250503b9da8afa66/element/9251EC1B18AC965777D2A18CB1151CEE_element_1266/element - {"using":"css selector","value":"thead tr"}
RESULT: {"using":"css selector","value":"thead tr"}
COMMAND: POST /session/30c8d687fb0b7fff250503b9da8afa66/element/9251EC1B18AC965777D2A18CB1151CEE_element_1267/elements - {"using":"css selector","value":"th"}
RESULT: {"using":"css selector","value":"th"}
COMMAND: GET /session/30c8d687fb0b7fff250503b9da8afa66/element/9251EC1B18AC965777D2A18CB1151CEE_element_1268/text - {}
COMMAND: GET /session/30c8d687fb0b7fff250503b9da8afa66/element/9251EC1B18AC965777D2A18CB1151CEE_element_1269/text - {}
COMMAND: GET /session/30c8d687fb0b7fff250503b9da8afa66/element/9251EC1B18AC965777D2A18CB1151CEE_element_1271/text - {}
COMMAND: GET /session/30c8d687fb0b7fff250503b9da8afa66/element/9251EC1B18AC965777D2A18CB1151CEE_element_1270/text - {}
RESULT: {}
RESULT: {}
RESULT: {}
RESULT: {}
]]></system-out>
      <system-err><![CDATA[
TypeError: Cannot read properties of undefined (reading 'Line item')
    at assertPriceTableData (file:///home/runner/work/di-billing-transaction-monitoring/di-billing-transaction-monitoring/ui-tests/specs/invoice.spec.ts:199:23)
    at validateTableDataWithAssertions (file:///home/runner/work/di-billing-transaction-monitoring/di-billing-transaction-monitoring/ui-tests/specs/invoice.spec.ts:154:5)
    at runMicrotasks (<anonymous>)
    at processTicksAndRejections (node:internal/process/task_queues:96:5)
    at async Context.<anonymous> (file:///home/runner/work/di-billing-transaction-monitoring/di-billing-transaction-monitoring/ui-tests/specs/invoice.spec.ts:114:9)
]]></system-err>
    </testcase>
    <testcase classname="chrome.117_0_5938_132.linux.Invoice_Page_Test.Vendor:_Vendor_Six,Invoice:2005-Q2" name="should validate measured events table data" time="0.572">
      <failure/>
      <error message="Cannot read properties of undefined (reading 'Line item')"/>
      <system-out><![CDATA[
COMMAND: POST /session/30c8d687fb0b7fff250503b9da8afa66/url - {"url":"https://pr-509.btm.dev.account.gov.uk/contracts/6/invoices/2005-q2"}
RESULT: {"url":"https://pr-509.btm.dev.account.gov.uk/contracts/6/invoices/2005-q2"}
COMMAND: POST /session/30c8d687fb0b7fff250503b9da8afa66/execute/sync - {"script":"return (() => document.readyState === \"complete\").apply(null, arguments)","args":[]}
RESULT: {"script":"return (() => document.readyState === \"complete\").apply(null, arguments)","args":[]}
COMMAND: GET /session/30c8d687fb0b7fff250503b9da8afa66/url - {}
RESULT: {}
COMMAND: POST /session/30c8d687fb0b7fff250503b9da8afa66/element - {"using":"css selector","value":".govuk-heading-xl"}
RESULT: {"using":"css selector","value":".govuk-heading-xl"}
COMMAND: POST /session/30c8d687fb0b7fff250503b9da8afa66/execute/sync - {"script":"return (function isElementDisplayed(element) {\n    function nodeIsElement(node) {\n        if (!node) {\n            return false;\n        }\n        switch (node.nodeType) {\n            case Node.ELEMEN ... (7807 more bytes)","args":[{"element-6066-11e4-a52e-4f735466cecf":"DAC5985E0E464B67210A0446A61797F9_element_1274","ELEMENT":"DAC5985E0E464B67210A0446A61797F9_element_1274"}]}
RESULT: {"script":"return (function isElementDisplayed(element) {\n    function nodeIsElement(node) {\n        if (!node) {\n            return false;\n        }\n        switch (node.nodeType) {\n            case Node.ELEMEN ... (7807 more bytes)","args":[{"element-6066-11e4-a52e-4f735466cecf":"DAC5985E0E464B67210A0446A61797F9_element_1274","ELEMENT":"DAC5985E0E464B67210A0446A61797F9_element_1274"}]}
COMMAND: POST /session/30c8d687fb0b7fff250503b9da8afa66/element - {"using":"css selector","value":".govuk-heading-xl"}
RESULT: {"using":"css selector","value":".govuk-heading-xl"}
COMMAND: GET /session/30c8d687fb0b7fff250503b9da8afa66/element/DAC5985E0E464B67210A0446A61797F9_element_1274/text - {}
RESULT: {}
COMMAND: POST /session/30c8d687fb0b7fff250503b9da8afa66/element - {"using":"xpath","value":".//caption[contains(., \"Measured (events)\") and not(.//caption)]"}
RESULT: {"using":"xpath","value":".//caption[contains(., \"Measured (events)\") and not(.//caption)]"}
COMMAND: POST /session/30c8d687fb0b7fff250503b9da8afa66/execute/sync - {"script":"return (function (elem, id) {\n        return (function parentElement() {\n        return this.parentElement;\n    }).call(elem, id);\n    }).apply(null, arguments)","args":[{"element-6066-11e4-a52e-4f735466cecf":"DAC5985E0E464B67210A0446A61797F9_element_1275","ELEMENT":"DAC5985E0E464B67210A0446A61797F9_element_1275"}]}
RESULT: {"script":"return (function (elem, id) {\n        return (function parentElement() {\n        return this.parentElement;\n    }).call(elem, id);\n    }).apply(null, arguments)","args":[{"element-6066-11e4-a52e-4f735466cecf":"DAC5985E0E464B67210A0446A61797F9_element_1275","ELEMENT":"DAC5985E0E464B67210A0446A61797F9_element_1275"}]}
COMMAND: POST /session/30c8d687fb0b7fff250503b9da8afa66/execute/sync - {"script":"return (function isElementDisplayed(element) {\n    function nodeIsElement(node) {\n        if (!node) {\n            return false;\n        }\n        switch (node.nodeType) {\n            case Node.ELEMEN ... (7807 more bytes)","args":[{"element-6066-11e4-a52e-4f735466cecf":"DAC5985E0E464B67210A0446A61797F9_element_1276","ELEMENT":"DAC5985E0E464B67210A0446A61797F9_element_1276"}]}
RESULT: {"script":"return (function isElementDisplayed(element) {\n    function nodeIsElement(node) {\n        if (!node) {\n            return false;\n        }\n        switch (node.nodeType) {\n            case Node.ELEMEN ... (7807 more bytes)","args":[{"element-6066-11e4-a52e-4f735466cecf":"DAC5985E0E464B67210A0446A61797F9_element_1276","ELEMENT":"DAC5985E0E464B67210A0446A61797F9_element_1276"}]}
COMMAND: POST /session/30c8d687fb0b7fff250503b9da8afa66/element/DAC5985E0E464B67210A0446A61797F9_element_1276/elements - {"using":"css selector","value":"tbody tr"}
RESULT: {"using":"css selector","value":"tbody tr"}
COMMAND: POST /session/30c8d687fb0b7fff250503b9da8afa66/element/DAC5985E0E464B67210A0446A61797F9_element_1276/element - {"using":"css selector","value":"thead tr"}
RESULT: {"using":"css selector","value":"thead tr"}
COMMAND: POST /session/30c8d687fb0b7fff250503b9da8afa66/element/DAC5985E0E464B67210A0446A61797F9_element_1277/elements - {"using":"css selector","value":"th"}
RESULT: {"using":"css selector","value":"th"}
COMMAND: GET /session/30c8d687fb0b7fff250503b9da8afa66/element/DAC5985E0E464B67210A0446A61797F9_element_1278/text - {}
COMMAND: GET /session/30c8d687fb0b7fff250503b9da8afa66/element/DAC5985E0E464B67210A0446A61797F9_element_1279/text - {}
RESULT: {}
RESULT: {}
]]></system-out>
      <system-err><![CDATA[
TypeError: Cannot read properties of undefined (reading 'Line item')
    at assertMeasuredTableData (file:///home/runner/work/di-billing-transaction-monitoring/di-billing-transaction-monitoring/ui-tests/specs/invoice.spec.ts:212:23)
    at validateTableDataWithAssertions (file:///home/runner/work/di-billing-transaction-monitoring/di-billing-transaction-monitoring/ui-tests/specs/invoice.spec.ts:154:5)
    at runMicrotasks (<anonymous>)
    at processTicksAndRejections (node:internal/process/task_queues:96:5)
    at async Context.<anonymous> (file:///home/runner/work/di-billing-transaction-monitoring/di-billing-transaction-monitoring/ui-tests/specs/invoice.spec.ts:122:9)
]]></system-err>
    </testcase>
    <testcase classname="chrome.117_0_5938_132.linux.Invoice_Page_Test.Vendor:_Vendor_Six,Invoice:2005-Q2" name="should validate invoice table data" time="0.803">
      <failure/>
      <error message="expect(received).toEqual(expected) // deep equality&#xA;&#xA;Expected: &quot;Six Data Validation Application&quot;&#xA;Received: &quot;Total&quot;"/>
      <system-out><![CDATA[
COMMAND: POST /session/30c8d687fb0b7fff250503b9da8afa66/url - {"url":"https://pr-509.btm.dev.account.gov.uk/contracts/6/invoices/2005-q2"}
RESULT: {"url":"https://pr-509.btm.dev.account.gov.uk/contracts/6/invoices/2005-q2"}
COMMAND: POST /session/30c8d687fb0b7fff250503b9da8afa66/execute/sync - {"script":"return (() => document.readyState === \"complete\").apply(null, arguments)","args":[]}
RESULT: {"script":"return (() => document.readyState === \"complete\").apply(null, arguments)","args":[]}
COMMAND: GET /session/30c8d687fb0b7fff250503b9da8afa66/url - {}
RESULT: {}
COMMAND: POST /session/30c8d687fb0b7fff250503b9da8afa66/element - {"using":"css selector","value":".govuk-heading-xl"}
RESULT: {"using":"css selector","value":".govuk-heading-xl"}
COMMAND: POST /session/30c8d687fb0b7fff250503b9da8afa66/execute/sync - {"script":"return (function isElementDisplayed(element) {\n    function nodeIsElement(node) {\n        if (!node) {\n            return false;\n        }\n        switch (node.nodeType) {\n            case Node.ELEMEN ... (7807 more bytes)","args":[{"element-6066-11e4-a52e-4f735466cecf":"41ECE547CB84A8760E589B44A344288A_element_1284","ELEMENT":"41ECE547CB84A8760E589B44A344288A_element_1284"}]}
RESULT: {"script":"return (function isElementDisplayed(element) {\n    function nodeIsElement(node) {\n        if (!node) {\n            return false;\n        }\n        switch (node.nodeType) {\n            case Node.ELEMEN ... (7807 more bytes)","args":[{"element-6066-11e4-a52e-4f735466cecf":"41ECE547CB84A8760E589B44A344288A_element_1284","ELEMENT":"41ECE547CB84A8760E589B44A344288A_element_1284"}]}
COMMAND: POST /session/30c8d687fb0b7fff250503b9da8afa66/element - {"using":"css selector","value":".govuk-heading-xl"}
RESULT: {"using":"css selector","value":".govuk-heading-xl"}
COMMAND: GET /session/30c8d687fb0b7fff250503b9da8afa66/element/41ECE547CB84A8760E589B44A344288A_element_1284/text - {}
RESULT: {}
COMMAND: POST /session/30c8d687fb0b7fff250503b9da8afa66/element - {"using":"xpath","value":".//caption[contains(., \"Invoice\") and not(.//caption)]"}
RESULT: {"using":"xpath","value":".//caption[contains(., \"Invoice\") and not(.//caption)]"}
COMMAND: POST /session/30c8d687fb0b7fff250503b9da8afa66/execute/sync - {"script":"return (function (elem, id) {\n        return (function parentElement() {\n        return this.parentElement;\n    }).call(elem, id);\n    }).apply(null, arguments)","args":[{"element-6066-11e4-a52e-4f735466cecf":"41ECE547CB84A8760E589B44A344288A_element_1285","ELEMENT":"41ECE547CB84A8760E589B44A344288A_element_1285"}]}
RESULT: {"script":"return (function (elem, id) {\n        return (function parentElement() {\n        return this.parentElement;\n    }).call(elem, id);\n    }).apply(null, arguments)","args":[{"element-6066-11e4-a52e-4f735466cecf":"41ECE547CB84A8760E589B44A344288A_element_1285","ELEMENT":"41ECE547CB84A8760E589B44A344288A_element_1285"}]}
COMMAND: POST /session/30c8d687fb0b7fff250503b9da8afa66/execute/sync - {"script":"return (function isElementDisplayed(element) {\n    function nodeIsElement(node) {\n        if (!node) {\n            return false;\n        }\n        switch (node.nodeType) {\n            case Node.ELEMEN ... (7807 more bytes)","args":[{"element-6066-11e4-a52e-4f735466cecf":"41ECE547CB84A8760E589B44A344288A_element_1286","ELEMENT":"41ECE547CB84A8760E589B44A344288A_element_1286"}]}
RESULT: {"script":"return (function isElementDisplayed(element) {\n    function nodeIsElement(node) {\n        if (!node) {\n            return false;\n        }\n        switch (node.nodeType) {\n            case Node.ELEMEN ... (7807 more bytes)","args":[{"element-6066-11e4-a52e-4f735466cecf":"41ECE547CB84A8760E589B44A344288A_element_1286","ELEMENT":"41ECE547CB84A8760E589B44A344288A_element_1286"}]}
COMMAND: POST /session/30c8d687fb0b7fff250503b9da8afa66/element/41ECE547CB84A8760E589B44A344288A_element_1286/elements - {"using":"css selector","value":"tbody tr"}
RESULT: {"using":"css selector","value":"tbody tr"}
COMMAND: POST /session/30c8d687fb0b7fff250503b9da8afa66/element/41ECE547CB84A8760E589B44A344288A_element_1286/element - {"using":"css selector","value":"thead tr"}
RESULT: {"using":"css selector","value":"thead tr"}
COMMAND: POST /session/30c8d687fb0b7fff250503b9da8afa66/element/41ECE547CB84A8760E589B44A344288A_element_1288/elements - {"using":"css selector","value":"th"}
RESULT: {"using":"css selector","value":"th"}
COMMAND: GET /session/30c8d687fb0b7fff250503b9da8afa66/element/41ECE547CB84A8760E589B44A344288A_element_1289/text - {}
COMMAND: GET /session/30c8d687fb0b7fff250503b9da8afa66/element/41ECE547CB84A8760E589B44A344288A_element_1290/text - {}
COMMAND: GET /session/30c8d687fb0b7fff250503b9da8afa66/element/41ECE547CB84A8760E589B44A344288A_element_1292/text - {}
COMMAND: GET /session/30c8d687fb0b7fff250503b9da8afa66/element/41ECE547CB84A8760E589B44A344288A_element_1291/text - {}
COMMAND: GET /session/30c8d687fb0b7fff250503b9da8afa66/element/41ECE547CB84A8760E589B44A344288A_element_1293/text - {}
RESULT: {}
RESULT: {}
RESULT: {}
RESULT: {}
RESULT: {}
COMMAND: POST /session/30c8d687fb0b7fff250503b9da8afa66/element/41ECE547CB84A8760E589B44A344288A_element_1287/elements - {"using":"css selector","value":"th,td"}
RESULT: {"using":"css selector","value":"th,td"}
COMMAND: GET /session/30c8d687fb0b7fff250503b9da8afa66/element/41ECE547CB84A8760E589B44A344288A_element_1294/text - {}
RESULT: {}
COMMAND: GET /session/30c8d687fb0b7fff250503b9da8afa66/element/41ECE547CB84A8760E589B44A344288A_element_1295/text - {}
RESULT: {}
COMMAND: GET /session/30c8d687fb0b7fff250503b9da8afa66/element/41ECE547CB84A8760E589B44A344288A_element_1296/text - {}
RESULT: {}
COMMAND: GET /session/30c8d687fb0b7fff250503b9da8afa66/element/41ECE547CB84A8760E589B44A344288A_element_1297/text - {}
RESULT: {}
COMMAND: GET /session/30c8d687fb0b7fff250503b9da8afa66/element/41ECE547CB84A8760E589B44A344288A_element_1298/text - {}
RESULT: {}
COMMAND: DELETE /session/30c8d687fb0b7fff250503b9da8afa66 - {}
RESULT: {}
]]></system-out>
      <system-err><![CDATA[
Error: expect(received).toEqual(expected) // deep equality

Expected: "Six Data Validation Application"
Received: "Total"
    at expectEqual (file:///home/runner/work/di-billing-transaction-monitoring/di-billing-transaction-monitoring/ui-tests/utils/customTestAssertion.ts:12:20)
    at assertInvoiceTableData (file:///home/runner/work/di-billing-transaction-monitoring/di-billing-transaction-monitoring/ui-tests/specs/invoice.spec.ts:220:3)
    at validateTableDataWithAssertions (file:///home/runner/work/di-billing-transaction-monitoring/di-billing-transaction-monitoring/ui-tests/specs/invoice.spec.ts:154:5)
    at runMicrotasks (<anonymous>)
    at processTicksAndRejections (node:internal/process/task_queues:96:5)
    at async Context.<anonymous> (file:///home/runner/work/di-billing-transaction-monitoring/di-billing-transaction-monitoring/ui-tests/specs/invoice.spec.ts:130:9)
]]></system-err>
    </testcase>
  </testsuite>
</testsuites>