<?xml version="1.0" encoding="UTF-8"?>
<testsuites>
  <testsuite name="Invoice Page Test" timestamp="2023-09-26T22:40:02" time="87.803" tests="0" failures="0" errors="0" skipped="0">
    <properties>
      <property name="specId" value="0"/>
      <property name="suiteName" value="Invoice Page Test"/>
      <property name="capabilities" value="chrome.117_0_5938_88.linux"/>
      <property name="file" value="file://./ui-tests/specs/invoice.spec.ts"/>
    </properties>
  </testsuite>
  <testsuite name="Vendor Vendor Three Invoice 2005 09" timestamp="2023-09-26T22:40:02" time="12.101" tests="6" failures="0" errors="0" skipped="0">
    <properties>
      <property name="specId" value="0"/>
      <property name="suiteName" value="Vendor: Vendor Three,Invoice:2005-09"/>
      <property name="capabilities" value="chrome.117_0_5938_88.linux"/>
      <property name="file" value="file://./ui-tests/specs/invoice.spec.ts"/>
    </properties>
    <testcase classname="chrome.117_0_5938_88.linux.Invoice_Page_Test.Vendor:_Vendor_Three,Invoice:2005-09" name="should display correct status banner color and message" time="6.946">
      <system-out><![CDATA[
COMMAND: POST /session/e000ba6f1221bf54fa8009c028a24555/url - {"url":"https://pr-489.btm.dev.account.gov.uk/contracts/3/invoices/2005-09"}
RESULT: {"url":"https://pr-489.btm.dev.account.gov.uk/contracts/3/invoices/2005-09"}
COMMAND: POST /session/e000ba6f1221bf54fa8009c028a24555/execute/sync - {"script":"return (() => document.readyState === \"complete\").apply(null, arguments)","args":[]}
RESULT: {"script":"return (() => document.readyState === \"complete\").apply(null, arguments)","args":[]}
COMMAND: GET /session/e000ba6f1221bf54fa8009c028a24555/url - {}
RESULT: {}
COMMAND: POST /session/e000ba6f1221bf54fa8009c028a24555/element - {"using":"css selector","value":".govuk-heading-xl"}
RESULT: {"using":"css selector","value":".govuk-heading-xl"}
COMMAND: POST /session/e000ba6f1221bf54fa8009c028a24555/execute/sync - {"script":"return (function isElementDisplayed(element) {\n    function nodeIsElement(node) {\n        if (!node) {\n            return false;\n        }\n        switch (node.nodeType) {\n            case Node.ELEMEN ... (7807 more bytes)","args":[{"element-6066-11e4-a52e-4f735466cecf":"F2E6553065AC3EF0B628EB8421F67C39_element_4","ELEMENT":"F2E6553065AC3EF0B628EB8421F67C39_element_4"}]}
RESULT: {"script":"return (function isElementDisplayed(element) {\n    function nodeIsElement(node) {\n        if (!node) {\n            return false;\n        }\n        switch (node.nodeType) {\n            case Node.ELEMEN ... (7807 more bytes)","args":[{"element-6066-11e4-a52e-4f735466cecf":"F2E6553065AC3EF0B628EB8421F67C39_element_4","ELEMENT":"F2E6553065AC3EF0B628EB8421F67C39_element_4"}]}
COMMAND: POST /session/e000ba6f1221bf54fa8009c028a24555/element - {"using":"css selector","value":".govuk-heading-xl"}
RESULT: {"using":"css selector","value":".govuk-heading-xl"}
COMMAND: GET /session/e000ba6f1221bf54fa8009c028a24555/element/F2E6553065AC3EF0B628EB8421F67C39_element_4/text - {}
RESULT: {}
COMMAND: POST /session/e000ba6f1221bf54fa8009c028a24555/element - {"using":"css selector","value":"h2.govuk-panel__title"}
RESULT: {"using":"css selector","value":"h2.govuk-panel__title"}
COMMAND: POST /session/e000ba6f1221bf54fa8009c028a24555/execute/sync - {"script":"return (function isElementDisplayed(element) {\n    function nodeIsElement(node) {\n        if (!node) {\n            return false;\n        }\n        switch (node.nodeType) {\n            case Node.ELEMEN ... (7807 more bytes)","args":[{"element-6066-11e4-a52e-4f735466cecf":"F2E6553065AC3EF0B628EB8421F67C39_element_5","ELEMENT":"F2E6553065AC3EF0B628EB8421F67C39_element_5"}]}
RESULT: {"script":"return (function isElementDisplayed(element) {\n    function nodeIsElement(node) {\n        if (!node) {\n            return false;\n        }\n        switch (node.nodeType) {\n            case Node.ELEMEN ... (7807 more bytes)","args":[{"element-6066-11e4-a52e-4f735466cecf":"F2E6553065AC3EF0B628EB8421F67C39_element_5","ELEMENT":"F2E6553065AC3EF0B628EB8421F67C39_element_5"}]}
COMMAND: POST /session/e000ba6f1221bf54fa8009c028a24555/element - {"using":"css selector","value":"h2.govuk-panel__title"}
RESULT: {"using":"css selector","value":"h2.govuk-panel__title"}
COMMAND: GET /session/e000ba6f1221bf54fa8009c028a24555/element/F2E6553065AC3EF0B628EB8421F67C39_element_5/text - {}
RESULT: {}
COMMAND: POST /session/e000ba6f1221bf54fa8009c028a24555/element - {"using":"css selector","value":".govuk-panel"}
RESULT: {"using":"css selector","value":".govuk-panel"}
COMMAND: POST /session/e000ba6f1221bf54fa8009c028a24555/execute/sync - {"script":"return (function isElementDisplayed(element) {\n    function nodeIsElement(node) {\n        if (!node) {\n            return false;\n        }\n        switch (node.nodeType) {\n            case Node.ELEMEN ... (7807 more bytes)","args":[{"element-6066-11e4-a52e-4f735466cecf":"F2E6553065AC3EF0B628EB8421F67C39_element_2","ELEMENT":"F2E6553065AC3EF0B628EB8421F67C39_element_2"}]}
RESULT: {"script":"return (function isElementDisplayed(element) {\n    function nodeIsElement(node) {\n        if (!node) {\n            return false;\n        }\n        switch (node.nodeType) {\n            case Node.ELEMEN ... (7807 more bytes)","args":[{"element-6066-11e4-a52e-4f735466cecf":"F2E6553065AC3EF0B628EB8421F67C39_element_2","ELEMENT":"F2E6553065AC3EF0B628EB8421F67C39_element_2"}]}
COMMAND: GET /session/e000ba6f1221bf54fa8009c028a24555/element/F2E6553065AC3EF0B628EB8421F67C39_element_2/css/background-color - {}
RESULT: {}
]]></system-out>
    </testcase>
    <testcase classname="chrome.117_0_5938_88.linux.Invoice_Page_Test.Vendor:_Vendor_Three,Invoice:2005-09" name="should validate reconciliation table data" time="0.819">
      <system-out><![CDATA[
COMMAND: POST /session/e000ba6f1221bf54fa8009c028a24555/url - {"url":"https://pr-489.btm.dev.account.gov.uk/contracts/3/invoices/2005-09"}
RESULT: {"url":"https://pr-489.btm.dev.account.gov.uk/contracts/3/invoices/2005-09"}
COMMAND: POST /session/e000ba6f1221bf54fa8009c028a24555/execute/sync - {"script":"return (() => document.readyState === \"complete\").apply(null, arguments)","args":[]}
RESULT: {"script":"return (() => document.readyState === \"complete\").apply(null, arguments)","args":[]}
COMMAND: GET /session/e000ba6f1221bf54fa8009c028a24555/url - {}
RESULT: {}
COMMAND: POST /session/e000ba6f1221bf54fa8009c028a24555/element - {"using":"css selector","value":".govuk-heading-xl"}
RESULT: {"using":"css selector","value":".govuk-heading-xl"}
COMMAND: POST /session/e000ba6f1221bf54fa8009c028a24555/execute/sync - {"script":"return (function isElementDisplayed(element) {\n    function nodeIsElement(node) {\n        if (!node) {\n            return false;\n        }\n        switch (node.nodeType) {\n            case Node.ELEMEN ... (7807 more bytes)","args":[{"element-6066-11e4-a52e-4f735466cecf":"0A0E105566BCA038EC468E8693E41D31_element_7","ELEMENT":"0A0E105566BCA038EC468E8693E41D31_element_7"}]}
RESULT: {"script":"return (function isElementDisplayed(element) {\n    function nodeIsElement(node) {\n        if (!node) {\n            return false;\n        }\n        switch (node.nodeType) {\n            case Node.ELEMEN ... (7807 more bytes)","args":[{"element-6066-11e4-a52e-4f735466cecf":"0A0E105566BCA038EC468E8693E41D31_element_7","ELEMENT":"0A0E105566BCA038EC468E8693E41D31_element_7"}]}
COMMAND: POST /session/e000ba6f1221bf54fa8009c028a24555/element - {"using":"css selector","value":".govuk-heading-xl"}
RESULT: {"using":"css selector","value":".govuk-heading-xl"}
COMMAND: GET /session/e000ba6f1221bf54fa8009c028a24555/element/0A0E105566BCA038EC468E8693E41D31_element_7/text - {}
RESULT: {}
COMMAND: POST /session/e000ba6f1221bf54fa8009c028a24555/element - {"using":"xpath","value":".//caption[contains(., \"Reconciliation\") and not(.//caption)]"}
RESULT: {"using":"xpath","value":".//caption[contains(., \"Reconciliation\") and not(.//caption)]"}
COMMAND: POST /session/e000ba6f1221bf54fa8009c028a24555/execute/sync - {"script":"return (function (elem, id) {\n        return (function parentElement() {\n        return this.parentElement;\n    }).call(elem, id);\n    }).apply(null, arguments)","args":[{"element-6066-11e4-a52e-4f735466cecf":"0A0E105566BCA038EC468E8693E41D31_element_8","ELEMENT":"0A0E105566BCA038EC468E8693E41D31_element_8"}]}
RESULT: {"script":"return (function (elem, id) {\n        return (function parentElement() {\n        return this.parentElement;\n    }).call(elem, id);\n    }).apply(null, arguments)","args":[{"element-6066-11e4-a52e-4f735466cecf":"0A0E105566BCA038EC468E8693E41D31_element_8","ELEMENT":"0A0E105566BCA038EC468E8693E41D31_element_8"}]}
COMMAND: POST /session/e000ba6f1221bf54fa8009c028a24555/execute/sync - {"script":"return (function isElementDisplayed(element) {\n    function nodeIsElement(node) {\n        if (!node) {\n            return false;\n        }\n        switch (node.nodeType) {\n            case Node.ELEMEN ... (7807 more bytes)","args":[{"element-6066-11e4-a52e-4f735466cecf":"0A0E105566BCA038EC468E8693E41D31_element_9","ELEMENT":"0A0E105566BCA038EC468E8693E41D31_element_9"}]}
RESULT: {"script":"return (function isElementDisplayed(element) {\n    function nodeIsElement(node) {\n        if (!node) {\n            return false;\n        }\n        switch (node.nodeType) {\n            case Node.ELEMEN ... (7807 more bytes)","args":[{"element-6066-11e4-a52e-4f735466cecf":"0A0E105566BCA038EC468E8693E41D31_element_9","ELEMENT":"0A0E105566BCA038EC468E8693E41D31_element_9"}]}
COMMAND: POST /session/e000ba6f1221bf54fa8009c028a24555/element/0A0E105566BCA038EC468E8693E41D31_element_9/elements - {"using":"css selector","value":"tbody tr"}
RESULT: {"using":"css selector","value":"tbody tr"}
COMMAND: POST /session/e000ba6f1221bf54fa8009c028a24555/element/0A0E105566BCA038EC468E8693E41D31_element_9/element - {"using":"css selector","value":"thead tr"}
RESULT: {"using":"css selector","value":"thead tr"}
COMMAND: POST /session/e000ba6f1221bf54fa8009c028a24555/element/0A0E105566BCA038EC468E8693E41D31_element_11/elements - {"using":"css selector","value":"th"}
RESULT: {"using":"css selector","value":"th"}
COMMAND: GET /session/e000ba6f1221bf54fa8009c028a24555/element/0A0E105566BCA038EC468E8693E41D31_element_12/text - {}
COMMAND: GET /session/e000ba6f1221bf54fa8009c028a24555/element/0A0E105566BCA038EC468E8693E41D31_element_13/text - {}
COMMAND: GET /session/e000ba6f1221bf54fa8009c028a24555/element/0A0E105566BCA038EC468E8693E41D31_element_15/text - {}
COMMAND: GET /session/e000ba6f1221bf54fa8009c028a24555/element/0A0E105566BCA038EC468E8693E41D31_element_14/text - {}
COMMAND: GET /session/e000ba6f1221bf54fa8009c028a24555/element/0A0E105566BCA038EC468E8693E41D31_element_16/text - {}
RESULT: {}
RESULT: {}
RESULT: {}
RESULT: {}
RESULT: {}
COMMAND: POST /session/e000ba6f1221bf54fa8009c028a24555/element/0A0E105566BCA038EC468E8693E41D31_element_10/elements - {"using":"css selector","value":"th,td"}
RESULT: {"using":"css selector","value":"th,td"}
COMMAND: GET /session/e000ba6f1221bf54fa8009c028a24555/element/0A0E105566BCA038EC468E8693E41D31_element_17/text - {}
RESULT: {}
COMMAND: GET /session/e000ba6f1221bf54fa8009c028a24555/element/0A0E105566BCA038EC468E8693E41D31_element_18/text - {}
RESULT: {}
COMMAND: GET /session/e000ba6f1221bf54fa8009c028a24555/element/0A0E105566BCA038EC468E8693E41D31_element_19/text - {}
RESULT: {}
COMMAND: GET /session/e000ba6f1221bf54fa8009c028a24555/element/0A0E105566BCA038EC468E8693E41D31_element_20/text - {}
RESULT: {}
COMMAND: GET /session/e000ba6f1221bf54fa8009c028a24555/element/0A0E105566BCA038EC468E8693E41D31_element_21/text - {}
RESULT: {}
]]></system-out>
    </testcase>
    <testcase classname="chrome.117_0_5938_88.linux.Invoice_Page_Test.Vendor:_Vendor_Three,Invoice:2005-09" name="should validate quantity events table data" time="0.727">
      <system-out><![CDATA[
COMMAND: POST /session/e000ba6f1221bf54fa8009c028a24555/url - {"url":"https://pr-489.btm.dev.account.gov.uk/contracts/3/invoices/2005-09"}
RESULT: {"url":"https://pr-489.btm.dev.account.gov.uk/contracts/3/invoices/2005-09"}
COMMAND: POST /session/e000ba6f1221bf54fa8009c028a24555/execute/sync - {"script":"return (() => document.readyState === \"complete\").apply(null, arguments)","args":[]}
RESULT: {"script":"return (() => document.readyState === \"complete\").apply(null, arguments)","args":[]}
COMMAND: GET /session/e000ba6f1221bf54fa8009c028a24555/url - {}
RESULT: {}
COMMAND: POST /session/e000ba6f1221bf54fa8009c028a24555/element - {"using":"css selector","value":".govuk-heading-xl"}
RESULT: {"using":"css selector","value":".govuk-heading-xl"}
COMMAND: POST /session/e000ba6f1221bf54fa8009c028a24555/execute/sync - {"script":"return (function isElementDisplayed(element) {\n    function nodeIsElement(node) {\n        if (!node) {\n            return false;\n        }\n        switch (node.nodeType) {\n            case Node.ELEMEN ... (7807 more bytes)","args":[{"element-6066-11e4-a52e-4f735466cecf":"2390AB457342C823602933F3900B44B8_element_23","ELEMENT":"2390AB457342C823602933F3900B44B8_element_23"}]}
RESULT: {"script":"return (function isElementDisplayed(element) {\n    function nodeIsElement(node) {\n        if (!node) {\n            return false;\n        }\n        switch (node.nodeType) {\n            case Node.ELEMEN ... (7807 more bytes)","args":[{"element-6066-11e4-a52e-4f735466cecf":"2390AB457342C823602933F3900B44B8_element_23","ELEMENT":"2390AB457342C823602933F3900B44B8_element_23"}]}
COMMAND: POST /session/e000ba6f1221bf54fa8009c028a24555/element - {"using":"css selector","value":".govuk-heading-xl"}
RESULT: {"using":"css selector","value":".govuk-heading-xl"}
COMMAND: GET /session/e000ba6f1221bf54fa8009c028a24555/element/2390AB457342C823602933F3900B44B8_element_23/text - {}
RESULT: {}
COMMAND: POST /session/e000ba6f1221bf54fa8009c028a24555/element - {"using":"xpath","value":".//caption[contains(., \"Quantity (events)\") and not(.//caption)]"}
RESULT: {"using":"xpath","value":".//caption[contains(., \"Quantity (events)\") and not(.//caption)]"}
COMMAND: POST /session/e000ba6f1221bf54fa8009c028a24555/execute/sync - {"script":"return (function (elem, id) {\n        return (function parentElement() {\n        return this.parentElement;\n    }).call(elem, id);\n    }).apply(null, arguments)","args":[{"element-6066-11e4-a52e-4f735466cecf":"2390AB457342C823602933F3900B44B8_element_24","ELEMENT":"2390AB457342C823602933F3900B44B8_element_24"}]}
RESULT: {"script":"return (function (elem, id) {\n        return (function parentElement() {\n        return this.parentElement;\n    }).call(elem, id);\n    }).apply(null, arguments)","args":[{"element-6066-11e4-a52e-4f735466cecf":"2390AB457342C823602933F3900B44B8_element_24","ELEMENT":"2390AB457342C823602933F3900B44B8_element_24"}]}
COMMAND: POST /session/e000ba6f1221bf54fa8009c028a24555/execute/sync - {"script":"return (function isElementDisplayed(element) {\n    function nodeIsElement(node) {\n        if (!node) {\n            return false;\n        }\n        switch (node.nodeType) {\n            case Node.ELEMEN ... (7807 more bytes)","args":[{"element-6066-11e4-a52e-4f735466cecf":"2390AB457342C823602933F3900B44B8_element_25","ELEMENT":"2390AB457342C823602933F3900B44B8_element_25"}]}
RESULT: {"script":"return (function isElementDisplayed(element) {\n    function nodeIsElement(node) {\n        if (!node) {\n            return false;\n        }\n        switch (node.nodeType) {\n            case Node.ELEMEN ... (7807 more bytes)","args":[{"element-6066-11e4-a52e-4f735466cecf":"2390AB457342C823602933F3900B44B8_element_25","ELEMENT":"2390AB457342C823602933F3900B44B8_element_25"}]}
COMMAND: POST /session/e000ba6f1221bf54fa8009c028a24555/element/2390AB457342C823602933F3900B44B8_element_25/elements - {"using":"css selector","value":"tbody tr"}
RESULT: {"using":"css selector","value":"tbody tr"}
COMMAND: POST /session/e000ba6f1221bf54fa8009c028a24555/element/2390AB457342C823602933F3900B44B8_element_25/element - {"using":"css selector","value":"thead tr"}
RESULT: {"using":"css selector","value":"thead tr"}
COMMAND: POST /session/e000ba6f1221bf54fa8009c028a24555/element/2390AB457342C823602933F3900B44B8_element_27/elements - {"using":"css selector","value":"th"}
RESULT: {"using":"css selector","value":"th"}
COMMAND: GET /session/e000ba6f1221bf54fa8009c028a24555/element/2390AB457342C823602933F3900B44B8_element_28/text - {}
COMMAND: GET /session/e000ba6f1221bf54fa8009c028a24555/element/2390AB457342C823602933F3900B44B8_element_29/text - {}
COMMAND: GET /session/e000ba6f1221bf54fa8009c028a24555/element/2390AB457342C823602933F3900B44B8_element_31/text - {}
COMMAND: GET /session/e000ba6f1221bf54fa8009c028a24555/element/2390AB457342C823602933F3900B44B8_element_30/text - {}
RESULT: {}
RESULT: {}
RESULT: {}
RESULT: {}
COMMAND: POST /session/e000ba6f1221bf54fa8009c028a24555/element/2390AB457342C823602933F3900B44B8_element_26/elements - {"using":"css selector","value":"th,td"}
RESULT: {"using":"css selector","value":"th,td"}
COMMAND: GET /session/e000ba6f1221bf54fa8009c028a24555/element/2390AB457342C823602933F3900B44B8_element_32/text - {}
RESULT: {}
COMMAND: GET /session/e000ba6f1221bf54fa8009c028a24555/element/2390AB457342C823602933F3900B44B8_element_33/text - {}
RESULT: {}
COMMAND: GET /session/e000ba6f1221bf54fa8009c028a24555/element/2390AB457342C823602933F3900B44B8_element_34/text - {}
RESULT: {}
COMMAND: GET /session/e000ba6f1221bf54fa8009c028a24555/element/2390AB457342C823602933F3900B44B8_element_35/text - {}
RESULT: {}
]]></system-out>
    </testcase>
    <testcase classname="chrome.117_0_5938_88.linux.Invoice_Page_Test.Vendor:_Vendor_Three,Invoice:2005-09" name="should validate price table data" time="1.862">
      <system-out><![CDATA[
COMMAND: POST /session/e000ba6f1221bf54fa8009c028a24555/url - {"url":"https://pr-489.btm.dev.account.gov.uk/contracts/3/invoices/2005-09"}
RESULT: {"url":"https://pr-489.btm.dev.account.gov.uk/contracts/3/invoices/2005-09"}
COMMAND: POST /session/e000ba6f1221bf54fa8009c028a24555/execute/sync - {"script":"return (() => document.readyState === \"complete\").apply(null, arguments)","args":[]}
RESULT: {"script":"return (() => document.readyState === \"complete\").apply(null, arguments)","args":[]}
COMMAND: GET /session/e000ba6f1221bf54fa8009c028a24555/url - {}
RESULT: {}
COMMAND: POST /session/e000ba6f1221bf54fa8009c028a24555/element - {"using":"css selector","value":".govuk-heading-xl"}
RESULT: {"using":"css selector","value":".govuk-heading-xl"}
COMMAND: POST /session/e000ba6f1221bf54fa8009c028a24555/execute/sync - {"script":"return (function isElementDisplayed(element) {\n    function nodeIsElement(node) {\n        if (!node) {\n            return false;\n        }\n        switch (node.nodeType) {\n            case Node.ELEMEN ... (7807 more bytes)","args":[{"element-6066-11e4-a52e-4f735466cecf":"913393ADA11D2B2E8B275574B5708930_element_39","ELEMENT":"913393ADA11D2B2E8B275574B5708930_element_39"}]}
RESULT: {"script":"return (function isElementDisplayed(element) {\n    function nodeIsElement(node) {\n        if (!node) {\n            return false;\n        }\n        switch (node.nodeType) {\n            case Node.ELEMEN ... (7807 more bytes)","args":[{"element-6066-11e4-a52e-4f735466cecf":"913393ADA11D2B2E8B275574B5708930_element_39","ELEMENT":"913393ADA11D2B2E8B275574B5708930_element_39"}]}
COMMAND: POST /session/e000ba6f1221bf54fa8009c028a24555/element - {"using":"css selector","value":".govuk-heading-xl"}
RESULT: {"using":"css selector","value":".govuk-heading-xl"}
COMMAND: GET /session/e000ba6f1221bf54fa8009c028a24555/element/913393ADA11D2B2E8B275574B5708930_element_39/text - {}
RESULT: {}
COMMAND: POST /session/e000ba6f1221bf54fa8009c028a24555/element - {"using":"xpath","value":".//caption[contains(., \"Price\") and not(.//caption)]"}
RESULT: {"using":"xpath","value":".//caption[contains(., \"Price\") and not(.//caption)]"}
COMMAND: POST /session/e000ba6f1221bf54fa8009c028a24555/execute/sync - {"script":"return (function (elem, id) {\n        return (function parentElement() {\n        return this.parentElement;\n    }).call(elem, id);\n    }).apply(null, arguments)","args":[{"element-6066-11e4-a52e-4f735466cecf":"913393ADA11D2B2E8B275574B5708930_element_40","ELEMENT":"913393ADA11D2B2E8B275574B5708930_element_40"}]}
RESULT: {"script":"return (function (elem, id) {\n        return (function parentElement() {\n        return this.parentElement;\n    }).call(elem, id);\n    }).apply(null, arguments)","args":[{"element-6066-11e4-a52e-4f735466cecf":"913393ADA11D2B2E8B275574B5708930_element_40","ELEMENT":"913393ADA11D2B2E8B275574B5708930_element_40"}]}
COMMAND: POST /session/e000ba6f1221bf54fa8009c028a24555/execute/sync - {"script":"return (function isElementDisplayed(element) {\n    function nodeIsElement(node) {\n        if (!node) {\n            return false;\n        }\n        switch (node.nodeType) {\n            case Node.ELEMEN ... (7807 more bytes)","args":[{"element-6066-11e4-a52e-4f735466cecf":"913393ADA11D2B2E8B275574B5708930_element_41","ELEMENT":"913393ADA11D2B2E8B275574B5708930_element_41"}]}
RESULT: {"script":"return (function isElementDisplayed(element) {\n    function nodeIsElement(node) {\n        if (!node) {\n            return false;\n        }\n        switch (node.nodeType) {\n            case Node.ELEMEN ... (7807 more bytes)","args":[{"element-6066-11e4-a52e-4f735466cecf":"913393ADA11D2B2E8B275574B5708930_element_41","ELEMENT":"913393ADA11D2B2E8B275574B5708930_element_41"}]}
COMMAND: POST /session/e000ba6f1221bf54fa8009c028a24555/element/913393ADA11D2B2E8B275574B5708930_element_41/elements - {"using":"css selector","value":"tbody tr"}
RESULT: {"using":"css selector","value":"tbody tr"}
COMMAND: POST /session/e000ba6f1221bf54fa8009c028a24555/element/913393ADA11D2B2E8B275574B5708930_element_41/element - {"using":"css selector","value":"thead tr"}
RESULT: {"using":"css selector","value":"thead tr"}
COMMAND: POST /session/e000ba6f1221bf54fa8009c028a24555/element/913393ADA11D2B2E8B275574B5708930_element_43/elements - {"using":"css selector","value":"th"}
RESULT: {"using":"css selector","value":"th"}
COMMAND: GET /session/e000ba6f1221bf54fa8009c028a24555/element/913393ADA11D2B2E8B275574B5708930_element_44/text - {}
COMMAND: GET /session/e000ba6f1221bf54fa8009c028a24555/element/913393ADA11D2B2E8B275574B5708930_element_45/text - {}
COMMAND: GET /session/e000ba6f1221bf54fa8009c028a24555/element/913393ADA11D2B2E8B275574B5708930_element_47/text - {}
COMMAND: GET /session/e000ba6f1221bf54fa8009c028a24555/element/913393ADA11D2B2E8B275574B5708930_element_46/text - {}
RESULT: {}
RESULT: {}
RESULT: {}
RESULT: {}
COMMAND: POST /session/e000ba6f1221bf54fa8009c028a24555/element/913393ADA11D2B2E8B275574B5708930_element_42/elements - {"using":"css selector","value":"th,td"}
RESULT: {"using":"css selector","value":"th,td"}
COMMAND: GET /session/e000ba6f1221bf54fa8009c028a24555/element/913393ADA11D2B2E8B275574B5708930_element_48/text - {}
RESULT: {}
COMMAND: GET /session/e000ba6f1221bf54fa8009c028a24555/element/913393ADA11D2B2E8B275574B5708930_element_49/text - {}
RESULT: {}
COMMAND: GET /session/e000ba6f1221bf54fa8009c028a24555/element/913393ADA11D2B2E8B275574B5708930_element_50/text - {}
RESULT: {}
COMMAND: GET /session/e000ba6f1221bf54fa8009c028a24555/element/913393ADA11D2B2E8B275574B5708930_element_51/text - {}
RESULT: {}
]]></system-out>
    </testcase>
    <testcase classname="chrome.117_0_5938_88.linux.Invoice_Page_Test.Vendor:_Vendor_Three,Invoice:2005-09" name="should validate measured events table data" time="0.825">
      <system-out><![CDATA[
COMMAND: POST /session/e000ba6f1221bf54fa8009c028a24555/url - {"url":"https://pr-489.btm.dev.account.gov.uk/contracts/3/invoices/2005-09"}
RESULT: {"url":"https://pr-489.btm.dev.account.gov.uk/contracts/3/invoices/2005-09"}
COMMAND: POST /session/e000ba6f1221bf54fa8009c028a24555/execute/sync - {"script":"return (() => document.readyState === \"complete\").apply(null, arguments)","args":[]}
RESULT: {"script":"return (() => document.readyState === \"complete\").apply(null, arguments)","args":[]}
COMMAND: GET /session/e000ba6f1221bf54fa8009c028a24555/url - {}
RESULT: {}
COMMAND: POST /session/e000ba6f1221bf54fa8009c028a24555/element - {"using":"css selector","value":".govuk-heading-xl"}
RESULT: {"using":"css selector","value":".govuk-heading-xl"}
COMMAND: POST /session/e000ba6f1221bf54fa8009c028a24555/execute/sync - {"script":"return (function isElementDisplayed(element) {\n    function nodeIsElement(node) {\n        if (!node) {\n            return false;\n        }\n        switch (node.nodeType) {\n            case Node.ELEMEN ... (7807 more bytes)","args":[{"element-6066-11e4-a52e-4f735466cecf":"212DEF7B9807050392BBE530FEB7BD28_element_53","ELEMENT":"212DEF7B9807050392BBE530FEB7BD28_element_53"}]}
RESULT: {"script":"return (function isElementDisplayed(element) {\n    function nodeIsElement(node) {\n        if (!node) {\n            return false;\n        }\n        switch (node.nodeType) {\n            case Node.ELEMEN ... (7807 more bytes)","args":[{"element-6066-11e4-a52e-4f735466cecf":"212DEF7B9807050392BBE530FEB7BD28_element_53","ELEMENT":"212DEF7B9807050392BBE530FEB7BD28_element_53"}]}
COMMAND: POST /session/e000ba6f1221bf54fa8009c028a24555/element - {"using":"css selector","value":".govuk-heading-xl"}
RESULT: {"using":"css selector","value":".govuk-heading-xl"}
COMMAND: GET /session/e000ba6f1221bf54fa8009c028a24555/element/212DEF7B9807050392BBE530FEB7BD28_element_53/text - {}
RESULT: {}
COMMAND: POST /session/e000ba6f1221bf54fa8009c028a24555/element - {"using":"xpath","value":".//caption[contains(., \"Measured (events)\") and not(.//caption)]"}
RESULT: {"using":"xpath","value":".//caption[contains(., \"Measured (events)\") and not(.//caption)]"}
COMMAND: POST /session/e000ba6f1221bf54fa8009c028a24555/execute/sync - {"script":"return (function (elem, id) {\n        return (function parentElement() {\n        return this.parentElement;\n    }).call(elem, id);\n    }).apply(null, arguments)","args":[{"element-6066-11e4-a52e-4f735466cecf":"212DEF7B9807050392BBE530FEB7BD28_element_54","ELEMENT":"212DEF7B9807050392BBE530FEB7BD28_element_54"}]}
RESULT: {"script":"return (function (elem, id) {\n        return (function parentElement() {\n        return this.parentElement;\n    }).call(elem, id);\n    }).apply(null, arguments)","args":[{"element-6066-11e4-a52e-4f735466cecf":"212DEF7B9807050392BBE530FEB7BD28_element_54","ELEMENT":"212DEF7B9807050392BBE530FEB7BD28_element_54"}]}
COMMAND: POST /session/e000ba6f1221bf54fa8009c028a24555/execute/sync - {"script":"return (function isElementDisplayed(element) {\n    function nodeIsElement(node) {\n        if (!node) {\n            return false;\n        }\n        switch (node.nodeType) {\n            case Node.ELEMEN ... (7807 more bytes)","args":[{"element-6066-11e4-a52e-4f735466cecf":"212DEF7B9807050392BBE530FEB7BD28_element_55","ELEMENT":"212DEF7B9807050392BBE530FEB7BD28_element_55"}]}
RESULT: {"script":"return (function isElementDisplayed(element) {\n    function nodeIsElement(node) {\n        if (!node) {\n            return false;\n        }\n        switch (node.nodeType) {\n            case Node.ELEMEN ... (7807 more bytes)","args":[{"element-6066-11e4-a52e-4f735466cecf":"212DEF7B9807050392BBE530FEB7BD28_element_55","ELEMENT":"212DEF7B9807050392BBE530FEB7BD28_element_55"}]}
COMMAND: POST /session/e000ba6f1221bf54fa8009c028a24555/element/212DEF7B9807050392BBE530FEB7BD28_element_55/elements - {"using":"css selector","value":"tbody tr"}
RESULT: {"using":"css selector","value":"tbody tr"}
COMMAND: POST /session/e000ba6f1221bf54fa8009c028a24555/element/212DEF7B9807050392BBE530FEB7BD28_element_55/element - {"using":"css selector","value":"thead tr"}
RESULT: {"using":"css selector","value":"thead tr"}
COMMAND: POST /session/e000ba6f1221bf54fa8009c028a24555/element/212DEF7B9807050392BBE530FEB7BD28_element_57/elements - {"using":"css selector","value":"th"}
RESULT: {"using":"css selector","value":"th"}
COMMAND: GET /session/e000ba6f1221bf54fa8009c028a24555/element/212DEF7B9807050392BBE530FEB7BD28_element_58/text - {}
COMMAND: GET /session/e000ba6f1221bf54fa8009c028a24555/element/212DEF7B9807050392BBE530FEB7BD28_element_59/text - {}
RESULT: {}
RESULT: {}
COMMAND: POST /session/e000ba6f1221bf54fa8009c028a24555/element/212DEF7B9807050392BBE530FEB7BD28_element_56/elements - {"using":"css selector","value":"th,td"}
RESULT: {"using":"css selector","value":"th,td"}
COMMAND: GET /session/e000ba6f1221bf54fa8009c028a24555/element/212DEF7B9807050392BBE530FEB7BD28_element_60/text - {}
RESULT: {}
COMMAND: GET /session/e000ba6f1221bf54fa8009c028a24555/element/212DEF7B9807050392BBE530FEB7BD28_element_61/text - {}
RESULT: {}
]]></system-out>
    </testcase>
    <testcase classname="chrome.117_0_5938_88.linux.Invoice_Page_Test.Vendor:_Vendor_Three,Invoice:2005-09" name="should validate invoice table data" time="0.908">
      <system-out><![CDATA[
COMMAND: POST /session/e000ba6f1221bf54fa8009c028a24555/url - {"url":"https://pr-489.btm.dev.account.gov.uk/contracts/3/invoices/2005-09"}
RESULT: {"url":"https://pr-489.btm.dev.account.gov.uk/contracts/3/invoices/2005-09"}
COMMAND: POST /session/e000ba6f1221bf54fa8009c028a24555/execute/sync - {"script":"return (() => document.readyState === \"complete\").apply(null, arguments)","args":[]}
RESULT: {"script":"return (() => document.readyState === \"complete\").apply(null, arguments)","args":[]}
COMMAND: GET /session/e000ba6f1221bf54fa8009c028a24555/url - {}
RESULT: {}
COMMAND: POST /session/e000ba6f1221bf54fa8009c028a24555/element - {"using":"css selector","value":".govuk-heading-xl"}
RESULT: {"using":"css selector","value":".govuk-heading-xl"}
COMMAND: POST /session/e000ba6f1221bf54fa8009c028a24555/execute/sync - {"script":"return (function isElementDisplayed(element) {\n    function nodeIsElement(node) {\n        if (!node) {\n            return false;\n        }\n        switch (node.nodeType) {\n            case Node.ELEMEN ... (7807 more bytes)","args":[{"element-6066-11e4-a52e-4f735466cecf":"6386D1C540F25CD357E2BEB4D8A6AA28_element_65","ELEMENT":"6386D1C540F25CD357E2BEB4D8A6AA28_element_65"}]}
RESULT: {"script":"return (function isElementDisplayed(element) {\n    function nodeIsElement(node) {\n        if (!node) {\n            return false;\n        }\n        switch (node.nodeType) {\n            case Node.ELEMEN ... (7807 more bytes)","args":[{"element-6066-11e4-a52e-4f735466cecf":"6386D1C540F25CD357E2BEB4D8A6AA28_element_65","ELEMENT":"6386D1C540F25CD357E2BEB4D8A6AA28_element_65"}]}
COMMAND: POST /session/e000ba6f1221bf54fa8009c028a24555/element - {"using":"css selector","value":".govuk-heading-xl"}
RESULT: {"using":"css selector","value":".govuk-heading-xl"}
COMMAND: GET /session/e000ba6f1221bf54fa8009c028a24555/element/6386D1C540F25CD357E2BEB4D8A6AA28_element_65/text - {}
RESULT: {}
COMMAND: POST /session/e000ba6f1221bf54fa8009c028a24555/element - {"using":"xpath","value":".//caption[contains(., \"Invoice\") and not(.//caption)]"}
RESULT: {"using":"xpath","value":".//caption[contains(., \"Invoice\") and not(.//caption)]"}
COMMAND: POST /session/e000ba6f1221bf54fa8009c028a24555/execute/sync - {"script":"return (function (elem, id) {\n        return (function parentElement() {\n        return this.parentElement;\n    }).call(elem, id);\n    }).apply(null, arguments)","args":[{"element-6066-11e4-a52e-4f735466cecf":"6386D1C540F25CD357E2BEB4D8A6AA28_element_66","ELEMENT":"6386D1C540F25CD357E2BEB4D8A6AA28_element_66"}]}
RESULT: {"script":"return (function (elem, id) {\n        return (function parentElement() {\n        return this.parentElement;\n    }).call(elem, id);\n    }).apply(null, arguments)","args":[{"element-6066-11e4-a52e-4f735466cecf":"6386D1C540F25CD357E2BEB4D8A6AA28_element_66","ELEMENT":"6386D1C540F25CD357E2BEB4D8A6AA28_element_66"}]}
COMMAND: POST /session/e000ba6f1221bf54fa8009c028a24555/execute/sync - {"script":"return (function isElementDisplayed(element) {\n    function nodeIsElement(node) {\n        if (!node) {\n            return false;\n        }\n        switch (node.nodeType) {\n            case Node.ELEMEN ... (7807 more bytes)","args":[{"element-6066-11e4-a52e-4f735466cecf":"6386D1C540F25CD357E2BEB4D8A6AA28_element_67","ELEMENT":"6386D1C540F25CD357E2BEB4D8A6AA28_element_67"}]}
RESULT: {"script":"return (function isElementDisplayed(element) {\n    function nodeIsElement(node) {\n        if (!node) {\n            return false;\n        }\n        switch (node.nodeType) {\n            case Node.ELEMEN ... (7807 more bytes)","args":[{"element-6066-11e4-a52e-4f735466cecf":"6386D1C540F25CD357E2BEB4D8A6AA28_element_67","ELEMENT":"6386D1C540F25CD357E2BEB4D8A6AA28_element_67"}]}
COMMAND: POST /session/e000ba6f1221bf54fa8009c028a24555/element/6386D1C540F25CD357E2BEB4D8A6AA28_element_67/elements - {"using":"css selector","value":"tbody tr"}
RESULT: {"using":"css selector","value":"tbody tr"}
COMMAND: POST /session/e000ba6f1221bf54fa8009c028a24555/element/6386D1C540F25CD357E2BEB4D8A6AA28_element_67/element - {"using":"css selector","value":"thead tr"}
RESULT: {"using":"css selector","value":"thead tr"}
COMMAND: POST /session/e000ba6f1221bf54fa8009c028a24555/element/6386D1C540F25CD357E2BEB4D8A6AA28_element_70/elements - {"using":"css selector","value":"th"}
RESULT: {"using":"css selector","value":"th"}
COMMAND: GET /session/e000ba6f1221bf54fa8009c028a24555/element/6386D1C540F25CD357E2BEB4D8A6AA28_element_71/text - {}
COMMAND: GET /session/e000ba6f1221bf54fa8009c028a24555/element/6386D1C540F25CD357E2BEB4D8A6AA28_element_72/text - {}
COMMAND: GET /session/e000ba6f1221bf54fa8009c028a24555/element/6386D1C540F25CD357E2BEB4D8A6AA28_element_74/text - {}
COMMAND: GET /session/e000ba6f1221bf54fa8009c028a24555/element/6386D1C540F25CD357E2BEB4D8A6AA28_element_73/text - {}
COMMAND: GET /session/e000ba6f1221bf54fa8009c028a24555/element/6386D1C540F25CD357E2BEB4D8A6AA28_element_75/text - {}
RESULT: {}
RESULT: {}
RESULT: {}
RESULT: {}
RESULT: {}
COMMAND: POST /session/e000ba6f1221bf54fa8009c028a24555/element/6386D1C540F25CD357E2BEB4D8A6AA28_element_68/elements - {"using":"css selector","value":"th,td"}
RESULT: {"using":"css selector","value":"th,td"}
COMMAND: GET /session/e000ba6f1221bf54fa8009c028a24555/element/6386D1C540F25CD357E2BEB4D8A6AA28_element_76/text - {}
RESULT: {}
COMMAND: GET /session/e000ba6f1221bf54fa8009c028a24555/element/6386D1C540F25CD357E2BEB4D8A6AA28_element_77/text - {}
RESULT: {}
COMMAND: GET /session/e000ba6f1221bf54fa8009c028a24555/element/6386D1C540F25CD357E2BEB4D8A6AA28_element_78/text - {}
RESULT: {}
COMMAND: GET /session/e000ba6f1221bf54fa8009c028a24555/element/6386D1C540F25CD357E2BEB4D8A6AA28_element_79/text - {}
RESULT: {}
COMMAND: GET /session/e000ba6f1221bf54fa8009c028a24555/element/6386D1C540F25CD357E2BEB4D8A6AA28_element_80/text - {}
RESULT: {}
COMMAND: POST /session/e000ba6f1221bf54fa8009c028a24555/element/6386D1C540F25CD357E2BEB4D8A6AA28_element_69/elements - {"using":"css selector","value":"th,td"}
RESULT: {"using":"css selector","value":"th,td"}
COMMAND: GET /session/e000ba6f1221bf54fa8009c028a24555/element/6386D1C540F25CD357E2BEB4D8A6AA28_element_81/text - {}
RESULT: {}
COMMAND: GET /session/e000ba6f1221bf54fa8009c028a24555/element/6386D1C540F25CD357E2BEB4D8A6AA28_element_82/text - {}
RESULT: {}
COMMAND: GET /session/e000ba6f1221bf54fa8009c028a24555/element/6386D1C540F25CD357E2BEB4D8A6AA28_element_83/text - {}
RESULT: {}
COMMAND: GET /session/e000ba6f1221bf54fa8009c028a24555/element/6386D1C540F25CD357E2BEB4D8A6AA28_element_84/text - {}
RESULT: {}
COMMAND: GET /session/e000ba6f1221bf54fa8009c028a24555/element/6386D1C540F25CD357E2BEB4D8A6AA28_element_85/text - {}
RESULT: {}
]]></system-out>
    </testcase>
  </testsuite>
  <testsuite name="Vendor Vendor Three Invoice 2023 03" timestamp="2023-09-26T22:40:14" time="7.642" tests="6" failures="0" errors="0" skipped="0">
    <properties>
      <property name="specId" value="0"/>
      <property name="suiteName" value="Vendor: Vendor Three,Invoice:2023-03"/>
      <property name="capabilities" value="chrome.117_0_5938_88.linux"/>
      <property name="file" value="file://./ui-tests/specs/invoice.spec.ts"/>
    </properties>
    <testcase classname="chrome.117_0_5938_88.linux.Invoice_Page_Test.Vendor:_Vendor_Three,Invoice:2023-03" name="should display correct status banner color and message" time="1.998">
      <system-out><![CDATA[
COMMAND: POST /session/e000ba6f1221bf54fa8009c028a24555/url - {"url":"https://pr-489.btm.dev.account.gov.uk/contracts/3/invoices/2023-03"}
RESULT: {"url":"https://pr-489.btm.dev.account.gov.uk/contracts/3/invoices/2023-03"}
COMMAND: POST /session/e000ba6f1221bf54fa8009c028a24555/execute/sync - {"script":"return (() => document.readyState === \"complete\").apply(null, arguments)","args":[]}
RESULT: {"script":"return (() => document.readyState === \"complete\").apply(null, arguments)","args":[]}
COMMAND: GET /session/e000ba6f1221bf54fa8009c028a24555/url - {}
RESULT: {}
COMMAND: POST /session/e000ba6f1221bf54fa8009c028a24555/element - {"using":"css selector","value":".govuk-heading-xl"}
RESULT: {"using":"css selector","value":".govuk-heading-xl"}
COMMAND: POST /session/e000ba6f1221bf54fa8009c028a24555/execute/sync - {"script":"return (function isElementDisplayed(element) {\n    function nodeIsElement(node) {\n        if (!node) {\n            return false;\n        }\n        switch (node.nodeType) {\n            case Node.ELEMEN ... (7807 more bytes)","args":[{"element-6066-11e4-a52e-4f735466cecf":"32695E43C557ABC0BD344B678426D604_element_87","ELEMENT":"32695E43C557ABC0BD344B678426D604_element_87"}]}
RESULT: {"script":"return (function isElementDisplayed(element) {\n    function nodeIsElement(node) {\n        if (!node) {\n            return false;\n        }\n        switch (node.nodeType) {\n            case Node.ELEMEN ... (7807 more bytes)","args":[{"element-6066-11e4-a52e-4f735466cecf":"32695E43C557ABC0BD344B678426D604_element_87","ELEMENT":"32695E43C557ABC0BD344B678426D604_element_87"}]}
COMMAND: POST /session/e000ba6f1221bf54fa8009c028a24555/element - {"using":"css selector","value":".govuk-heading-xl"}
RESULT: {"using":"css selector","value":".govuk-heading-xl"}
COMMAND: GET /session/e000ba6f1221bf54fa8009c028a24555/element/32695E43C557ABC0BD344B678426D604_element_87/text - {}
RESULT: {}
COMMAND: POST /session/e000ba6f1221bf54fa8009c028a24555/element - {"using":"css selector","value":"h2.govuk-panel__title"}
RESULT: {"using":"css selector","value":"h2.govuk-panel__title"}
COMMAND: POST /session/e000ba6f1221bf54fa8009c028a24555/execute/sync - {"script":"return (function isElementDisplayed(element) {\n    function nodeIsElement(node) {\n        if (!node) {\n            return false;\n        }\n        switch (node.nodeType) {\n            case Node.ELEMEN ... (7807 more bytes)","args":[{"element-6066-11e4-a52e-4f735466cecf":"32695E43C557ABC0BD344B678426D604_element_88","ELEMENT":"32695E43C557ABC0BD344B678426D604_element_88"}]}
RESULT: {"script":"return (function isElementDisplayed(element) {\n    function nodeIsElement(node) {\n        if (!node) {\n            return false;\n        }\n        switch (node.nodeType) {\n            case Node.ELEMEN ... (7807 more bytes)","args":[{"element-6066-11e4-a52e-4f735466cecf":"32695E43C557ABC0BD344B678426D604_element_88","ELEMENT":"32695E43C557ABC0BD344B678426D604_element_88"}]}
COMMAND: POST /session/e000ba6f1221bf54fa8009c028a24555/element - {"using":"css selector","value":"h2.govuk-panel__title"}
RESULT: {"using":"css selector","value":"h2.govuk-panel__title"}
COMMAND: GET /session/e000ba6f1221bf54fa8009c028a24555/element/32695E43C557ABC0BD344B678426D604_element_88/text - {}
RESULT: {}
COMMAND: POST /session/e000ba6f1221bf54fa8009c028a24555/element - {"using":"css selector","value":".govuk-panel"}
RESULT: {"using":"css selector","value":".govuk-panel"}
COMMAND: POST /session/e000ba6f1221bf54fa8009c028a24555/execute/sync - {"script":"return (function isElementDisplayed(element) {\n    function nodeIsElement(node) {\n        if (!node) {\n            return false;\n        }\n        switch (node.nodeType) {\n            case Node.ELEMEN ... (7807 more bytes)","args":[{"element-6066-11e4-a52e-4f735466cecf":"32695E43C557ABC0BD344B678426D604_element_89","ELEMENT":"32695E43C557ABC0BD344B678426D604_element_89"}]}
RESULT: {"script":"return (function isElementDisplayed(element) {\n    function nodeIsElement(node) {\n        if (!node) {\n            return false;\n        }\n        switch (node.nodeType) {\n            case Node.ELEMEN ... (7807 more bytes)","args":[{"element-6066-11e4-a52e-4f735466cecf":"32695E43C557ABC0BD344B678426D604_element_89","ELEMENT":"32695E43C557ABC0BD344B678426D604_element_89"}]}
COMMAND: GET /session/e000ba6f1221bf54fa8009c028a24555/element/32695E43C557ABC0BD344B678426D604_element_89/css/background-color - {}
RESULT: {}
]]></system-out>
    </testcase>
    <testcase classname="chrome.117_0_5938_88.linux.Invoice_Page_Test.Vendor:_Vendor_Three,Invoice:2023-03" name="should validate reconciliation table data" time="1.557">
      <system-out><![CDATA[
COMMAND: POST /session/e000ba6f1221bf54fa8009c028a24555/url - {"url":"https://pr-489.btm.dev.account.gov.uk/contracts/3/invoices/2023-03"}
RESULT: {"url":"https://pr-489.btm.dev.account.gov.uk/contracts/3/invoices/2023-03"}
COMMAND: POST /session/e000ba6f1221bf54fa8009c028a24555/execute/sync - {"script":"return (() => document.readyState === \"complete\").apply(null, arguments)","args":[]}
RESULT: {"script":"return (() => document.readyState === \"complete\").apply(null, arguments)","args":[]}
COMMAND: GET /session/e000ba6f1221bf54fa8009c028a24555/url - {}
RESULT: {}
COMMAND: POST /session/e000ba6f1221bf54fa8009c028a24555/element - {"using":"css selector","value":".govuk-heading-xl"}
RESULT: {"using":"css selector","value":".govuk-heading-xl"}
COMMAND: POST /session/e000ba6f1221bf54fa8009c028a24555/execute/sync - {"script":"return (function isElementDisplayed(element) {\n    function nodeIsElement(node) {\n        if (!node) {\n            return false;\n        }\n        switch (node.nodeType) {\n            case Node.ELEMEN ... (7807 more bytes)","args":[{"element-6066-11e4-a52e-4f735466cecf":"E1356EAA978DC0D9783EDD24C5081E25_element_93","ELEMENT":"E1356EAA978DC0D9783EDD24C5081E25_element_93"}]}
RESULT: {"script":"return (function isElementDisplayed(element) {\n    function nodeIsElement(node) {\n        if (!node) {\n            return false;\n        }\n        switch (node.nodeType) {\n            case Node.ELEMEN ... (7807 more bytes)","args":[{"element-6066-11e4-a52e-4f735466cecf":"E1356EAA978DC0D9783EDD24C5081E25_element_93","ELEMENT":"E1356EAA978DC0D9783EDD24C5081E25_element_93"}]}
COMMAND: POST /session/e000ba6f1221bf54fa8009c028a24555/element - {"using":"css selector","value":".govuk-heading-xl"}
RESULT: {"using":"css selector","value":".govuk-heading-xl"}
COMMAND: GET /session/e000ba6f1221bf54fa8009c028a24555/element/E1356EAA978DC0D9783EDD24C5081E25_element_93/text - {}
RESULT: {}
COMMAND: POST /session/e000ba6f1221bf54fa8009c028a24555/element - {"using":"xpath","value":".//caption[contains(., \"Reconciliation\") and not(.//caption)]"}
RESULT: {"using":"xpath","value":".//caption[contains(., \"Reconciliation\") and not(.//caption)]"}
COMMAND: POST /session/e000ba6f1221bf54fa8009c028a24555/execute/sync - {"script":"return (function (elem, id) {\n        return (function parentElement() {\n        return this.parentElement;\n    }).call(elem, id);\n    }).apply(null, arguments)","args":[{"element-6066-11e4-a52e-4f735466cecf":"E1356EAA978DC0D9783EDD24C5081E25_element_94","ELEMENT":"E1356EAA978DC0D9783EDD24C5081E25_element_94"}]}
RESULT: {"script":"return (function (elem, id) {\n        return (function parentElement() {\n        return this.parentElement;\n    }).call(elem, id);\n    }).apply(null, arguments)","args":[{"element-6066-11e4-a52e-4f735466cecf":"E1356EAA978DC0D9783EDD24C5081E25_element_94","ELEMENT":"E1356EAA978DC0D9783EDD24C5081E25_element_94"}]}
COMMAND: POST /session/e000ba6f1221bf54fa8009c028a24555/execute/sync - {"script":"return (function isElementDisplayed(element) {\n    function nodeIsElement(node) {\n        if (!node) {\n            return false;\n        }\n        switch (node.nodeType) {\n            case Node.ELEMEN ... (7807 more bytes)","args":[{"element-6066-11e4-a52e-4f735466cecf":"E1356EAA978DC0D9783EDD24C5081E25_element_92","ELEMENT":"E1356EAA978DC0D9783EDD24C5081E25_element_92"}]}
RESULT: {"script":"return (function isElementDisplayed(element) {\n    function nodeIsElement(node) {\n        if (!node) {\n            return false;\n        }\n        switch (node.nodeType) {\n            case Node.ELEMEN ... (7807 more bytes)","args":[{"element-6066-11e4-a52e-4f735466cecf":"E1356EAA978DC0D9783EDD24C5081E25_element_92","ELEMENT":"E1356EAA978DC0D9783EDD24C5081E25_element_92"}]}
COMMAND: POST /session/e000ba6f1221bf54fa8009c028a24555/element/E1356EAA978DC0D9783EDD24C5081E25_element_92/elements - {"using":"css selector","value":"tbody tr"}
RESULT: {"using":"css selector","value":"tbody tr"}
COMMAND: POST /session/e000ba6f1221bf54fa8009c028a24555/element/E1356EAA978DC0D9783EDD24C5081E25_element_92/element - {"using":"css selector","value":"thead tr"}
RESULT: {"using":"css selector","value":"thead tr"}
COMMAND: POST /session/e000ba6f1221bf54fa8009c028a24555/element/E1356EAA978DC0D9783EDD24C5081E25_element_97/elements - {"using":"css selector","value":"th"}
RESULT: {"using":"css selector","value":"th"}
COMMAND: GET /session/e000ba6f1221bf54fa8009c028a24555/element/E1356EAA978DC0D9783EDD24C5081E25_element_98/text - {}
COMMAND: GET /session/e000ba6f1221bf54fa8009c028a24555/element/E1356EAA978DC0D9783EDD24C5081E25_element_99/text - {}
COMMAND: GET /session/e000ba6f1221bf54fa8009c028a24555/element/E1356EAA978DC0D9783EDD24C5081E25_element_101/text - {}
COMMAND: GET /session/e000ba6f1221bf54fa8009c028a24555/element/E1356EAA978DC0D9783EDD24C5081E25_element_100/text - {}
COMMAND: GET /session/e000ba6f1221bf54fa8009c028a24555/element/E1356EAA978DC0D9783EDD24C5081E25_element_102/text - {}
RESULT: {}
RESULT: {}
RESULT: {}
RESULT: {}
RESULT: {}
COMMAND: POST /session/e000ba6f1221bf54fa8009c028a24555/element/E1356EAA978DC0D9783EDD24C5081E25_element_95/elements - {"using":"css selector","value":"th,td"}
RESULT: {"using":"css selector","value":"th,td"}
COMMAND: GET /session/e000ba6f1221bf54fa8009c028a24555/element/E1356EAA978DC0D9783EDD24C5081E25_element_103/text - {}
RESULT: {}
COMMAND: GET /session/e000ba6f1221bf54fa8009c028a24555/element/E1356EAA978DC0D9783EDD24C5081E25_element_104/text - {}
RESULT: {}
COMMAND: GET /session/e000ba6f1221bf54fa8009c028a24555/element/E1356EAA978DC0D9783EDD24C5081E25_element_105/text - {}
RESULT: {}
COMMAND: GET /session/e000ba6f1221bf54fa8009c028a24555/element/E1356EAA978DC0D9783EDD24C5081E25_element_106/text - {}
RESULT: {}
COMMAND: GET /session/e000ba6f1221bf54fa8009c028a24555/element/E1356EAA978DC0D9783EDD24C5081E25_element_107/text - {}
RESULT: {}
COMMAND: POST /session/e000ba6f1221bf54fa8009c028a24555/element/E1356EAA978DC0D9783EDD24C5081E25_element_96/elements - {"using":"css selector","value":"th,td"}
RESULT: {"using":"css selector","value":"th,td"}
COMMAND: GET /session/e000ba6f1221bf54fa8009c028a24555/element/E1356EAA978DC0D9783EDD24C5081E25_element_108/text - {}
RESULT: {}
COMMAND: GET /session/e000ba6f1221bf54fa8009c028a24555/element/E1356EAA978DC0D9783EDD24C5081E25_element_109/text - {}
RESULT: {}
COMMAND: GET /session/e000ba6f1221bf54fa8009c028a24555/element/E1356EAA978DC0D9783EDD24C5081E25_element_110/text - {}
RESULT: {}
COMMAND: GET /session/e000ba6f1221bf54fa8009c028a24555/element/E1356EAA978DC0D9783EDD24C5081E25_element_111/text - {}
RESULT: {}
COMMAND: GET /session/e000ba6f1221bf54fa8009c028a24555/element/E1356EAA978DC0D9783EDD24C5081E25_element_112/text - {}
RESULT: {}
]]></system-out>
    </testcase>
    <testcase classname="chrome.117_0_5938_88.linux.Invoice_Page_Test.Vendor:_Vendor_Three,Invoice:2023-03" name="should validate quantity events table data" time="0.687">
      <system-out><![CDATA[
COMMAND: POST /session/e000ba6f1221bf54fa8009c028a24555/url - {"url":"https://pr-489.btm.dev.account.gov.uk/contracts/3/invoices/2023-03"}
RESULT: {"url":"https://pr-489.btm.dev.account.gov.uk/contracts/3/invoices/2023-03"}
COMMAND: POST /session/e000ba6f1221bf54fa8009c028a24555/execute/sync - {"script":"return (() => document.readyState === \"complete\").apply(null, arguments)","args":[]}
RESULT: {"script":"return (() => document.readyState === \"complete\").apply(null, arguments)","args":[]}
COMMAND: GET /session/e000ba6f1221bf54fa8009c028a24555/url - {}
RESULT: {}
COMMAND: POST /session/e000ba6f1221bf54fa8009c028a24555/element - {"using":"css selector","value":".govuk-heading-xl"}
RESULT: {"using":"css selector","value":".govuk-heading-xl"}
COMMAND: POST /session/e000ba6f1221bf54fa8009c028a24555/execute/sync - {"script":"return (function isElementDisplayed(element) {\n    function nodeIsElement(node) {\n        if (!node) {\n            return false;\n        }\n        switch (node.nodeType) {\n            case Node.ELEMEN ... (7807 more bytes)","args":[{"element-6066-11e4-a52e-4f735466cecf":"46B7B05B14E78A2579FAA83E6E5F2A5F_element_114","ELEMENT":"46B7B05B14E78A2579FAA83E6E5F2A5F_element_114"}]}
RESULT: {"script":"return (function isElementDisplayed(element) {\n    function nodeIsElement(node) {\n        if (!node) {\n            return false;\n        }\n        switch (node.nodeType) {\n            case Node.ELEMEN ... (7807 more bytes)","args":[{"element-6066-11e4-a52e-4f735466cecf":"46B7B05B14E78A2579FAA83E6E5F2A5F_element_114","ELEMENT":"46B7B05B14E78A2579FAA83E6E5F2A5F_element_114"}]}
COMMAND: POST /session/e000ba6f1221bf54fa8009c028a24555/element - {"using":"css selector","value":".govuk-heading-xl"}
RESULT: {"using":"css selector","value":".govuk-heading-xl"}
COMMAND: GET /session/e000ba6f1221bf54fa8009c028a24555/element/46B7B05B14E78A2579FAA83E6E5F2A5F_element_114/text - {}
RESULT: {}
COMMAND: POST /session/e000ba6f1221bf54fa8009c028a24555/element - {"using":"xpath","value":".//caption[contains(., \"Quantity (events)\") and not(.//caption)]"}
RESULT: {"using":"xpath","value":".//caption[contains(., \"Quantity (events)\") and not(.//caption)]"}
COMMAND: POST /session/e000ba6f1221bf54fa8009c028a24555/execute/sync - {"script":"return (function (elem, id) {\n        return (function parentElement() {\n        return this.parentElement;\n    }).call(elem, id);\n    }).apply(null, arguments)","args":[{"element-6066-11e4-a52e-4f735466cecf":"46B7B05B14E78A2579FAA83E6E5F2A5F_element_115","ELEMENT":"46B7B05B14E78A2579FAA83E6E5F2A5F_element_115"}]}
RESULT: {"script":"return (function (elem, id) {\n        return (function parentElement() {\n        return this.parentElement;\n    }).call(elem, id);\n    }).apply(null, arguments)","args":[{"element-6066-11e4-a52e-4f735466cecf":"46B7B05B14E78A2579FAA83E6E5F2A5F_element_115","ELEMENT":"46B7B05B14E78A2579FAA83E6E5F2A5F_element_115"}]}
COMMAND: POST /session/e000ba6f1221bf54fa8009c028a24555/execute/sync - {"script":"return (function isElementDisplayed(element) {\n    function nodeIsElement(node) {\n        if (!node) {\n            return false;\n        }\n        switch (node.nodeType) {\n            case Node.ELEMEN ... (7807 more bytes)","args":[{"element-6066-11e4-a52e-4f735466cecf":"46B7B05B14E78A2579FAA83E6E5F2A5F_element_116","ELEMENT":"46B7B05B14E78A2579FAA83E6E5F2A5F_element_116"}]}
RESULT: {"script":"return (function isElementDisplayed(element) {\n    function nodeIsElement(node) {\n        if (!node) {\n            return false;\n        }\n        switch (node.nodeType) {\n            case Node.ELEMEN ... (7807 more bytes)","args":[{"element-6066-11e4-a52e-4f735466cecf":"46B7B05B14E78A2579FAA83E6E5F2A5F_element_116","ELEMENT":"46B7B05B14E78A2579FAA83E6E5F2A5F_element_116"}]}
COMMAND: POST /session/e000ba6f1221bf54fa8009c028a24555/element/46B7B05B14E78A2579FAA83E6E5F2A5F_element_116/elements - {"using":"css selector","value":"tbody tr"}
RESULT: {"using":"css selector","value":"tbody tr"}
COMMAND: POST /session/e000ba6f1221bf54fa8009c028a24555/element/46B7B05B14E78A2579FAA83E6E5F2A5F_element_116/element - {"using":"css selector","value":"thead tr"}
RESULT: {"using":"css selector","value":"thead tr"}
COMMAND: POST /session/e000ba6f1221bf54fa8009c028a24555/element/46B7B05B14E78A2579FAA83E6E5F2A5F_element_119/elements - {"using":"css selector","value":"th"}
RESULT: {"using":"css selector","value":"th"}
COMMAND: GET /session/e000ba6f1221bf54fa8009c028a24555/element/46B7B05B14E78A2579FAA83E6E5F2A5F_element_120/text - {}
COMMAND: GET /session/e000ba6f1221bf54fa8009c028a24555/element/46B7B05B14E78A2579FAA83E6E5F2A5F_element_121/text - {}
COMMAND: GET /session/e000ba6f1221bf54fa8009c028a24555/element/46B7B05B14E78A2579FAA83E6E5F2A5F_element_123/text - {}
COMMAND: GET /session/e000ba6f1221bf54fa8009c028a24555/element/46B7B05B14E78A2579FAA83E6E5F2A5F_element_122/text - {}
RESULT: {}
RESULT: {}
RESULT: {}
RESULT: {}
COMMAND: POST /session/e000ba6f1221bf54fa8009c028a24555/element/46B7B05B14E78A2579FAA83E6E5F2A5F_element_117/elements - {"using":"css selector","value":"th,td"}
RESULT: {"using":"css selector","value":"th,td"}
COMMAND: GET /session/e000ba6f1221bf54fa8009c028a24555/element/46B7B05B14E78A2579FAA83E6E5F2A5F_element_124/text - {}
RESULT: {}
COMMAND: GET /session/e000ba6f1221bf54fa8009c028a24555/element/46B7B05B14E78A2579FAA83E6E5F2A5F_element_125/text - {}
RESULT: {}
COMMAND: GET /session/e000ba6f1221bf54fa8009c028a24555/element/46B7B05B14E78A2579FAA83E6E5F2A5F_element_126/text - {}
RESULT: {}
COMMAND: GET /session/e000ba6f1221bf54fa8009c028a24555/element/46B7B05B14E78A2579FAA83E6E5F2A5F_element_127/text - {}
RESULT: {}
COMMAND: POST /session/e000ba6f1221bf54fa8009c028a24555/element/46B7B05B14E78A2579FAA83E6E5F2A5F_element_118/elements - {"using":"css selector","value":"th,td"}
RESULT: {"using":"css selector","value":"th,td"}
COMMAND: GET /session/e000ba6f1221bf54fa8009c028a24555/element/46B7B05B14E78A2579FAA83E6E5F2A5F_element_128/text - {}
RESULT: {}
COMMAND: GET /session/e000ba6f1221bf54fa8009c028a24555/element/46B7B05B14E78A2579FAA83E6E5F2A5F_element_129/text - {}
RESULT: {}
COMMAND: GET /session/e000ba6f1221bf54fa8009c028a24555/element/46B7B05B14E78A2579FAA83E6E5F2A5F_element_130/text - {}
RESULT: {}
COMMAND: GET /session/e000ba6f1221bf54fa8009c028a24555/element/46B7B05B14E78A2579FAA83E6E5F2A5F_element_131/text - {}
RESULT: {}
]]></system-out>
    </testcase>
    <testcase classname="chrome.117_0_5938_88.linux.Invoice_Page_Test.Vendor:_Vendor_Three,Invoice:2023-03" name="should validate price table data" time="0.803">
      <system-out><![CDATA[
COMMAND: POST /session/e000ba6f1221bf54fa8009c028a24555/url - {"url":"https://pr-489.btm.dev.account.gov.uk/contracts/3/invoices/2023-03"}
RESULT: {"url":"https://pr-489.btm.dev.account.gov.uk/contracts/3/invoices/2023-03"}
COMMAND: POST /session/e000ba6f1221bf54fa8009c028a24555/execute/sync - {"script":"return (() => document.readyState === \"complete\").apply(null, arguments)","args":[]}
RESULT: {"script":"return (() => document.readyState === \"complete\").apply(null, arguments)","args":[]}
COMMAND: GET /session/e000ba6f1221bf54fa8009c028a24555/url - {}
RESULT: {}
COMMAND: POST /session/e000ba6f1221bf54fa8009c028a24555/element - {"using":"css selector","value":".govuk-heading-xl"}
RESULT: {"using":"css selector","value":".govuk-heading-xl"}
COMMAND: POST /session/e000ba6f1221bf54fa8009c028a24555/execute/sync - {"script":"return (function isElementDisplayed(element) {\n    function nodeIsElement(node) {\n        if (!node) {\n            return false;\n        }\n        switch (node.nodeType) {\n            case Node.ELEMEN ... (7807 more bytes)","args":[{"element-6066-11e4-a52e-4f735466cecf":"1529FFD767C4A116CD5E084FDEA19099_element_133","ELEMENT":"1529FFD767C4A116CD5E084FDEA19099_element_133"}]}
RESULT: {"script":"return (function isElementDisplayed(element) {\n    function nodeIsElement(node) {\n        if (!node) {\n            return false;\n        }\n        switch (node.nodeType) {\n            case Node.ELEMEN ... (7807 more bytes)","args":[{"element-6066-11e4-a52e-4f735466cecf":"1529FFD767C4A116CD5E084FDEA19099_element_133","ELEMENT":"1529FFD767C4A116CD5E084FDEA19099_element_133"}]}
COMMAND: POST /session/e000ba6f1221bf54fa8009c028a24555/element - {"using":"css selector","value":".govuk-heading-xl"}
RESULT: {"using":"css selector","value":".govuk-heading-xl"}
COMMAND: GET /session/e000ba6f1221bf54fa8009c028a24555/element/1529FFD767C4A116CD5E084FDEA19099_element_133/text - {}
RESULT: {}
COMMAND: POST /session/e000ba6f1221bf54fa8009c028a24555/element - {"using":"xpath","value":".//caption[contains(., \"Price\") and not(.//caption)]"}
RESULT: {"using":"xpath","value":".//caption[contains(., \"Price\") and not(.//caption)]"}
COMMAND: POST /session/e000ba6f1221bf54fa8009c028a24555/execute/sync - {"script":"return (function (elem, id) {\n        return (function parentElement() {\n        return this.parentElement;\n    }).call(elem, id);\n    }).apply(null, arguments)","args":[{"element-6066-11e4-a52e-4f735466cecf":"1529FFD767C4A116CD5E084FDEA19099_element_134","ELEMENT":"1529FFD767C4A116CD5E084FDEA19099_element_134"}]}
RESULT: {"script":"return (function (elem, id) {\n        return (function parentElement() {\n        return this.parentElement;\n    }).call(elem, id);\n    }).apply(null, arguments)","args":[{"element-6066-11e4-a52e-4f735466cecf":"1529FFD767C4A116CD5E084FDEA19099_element_134","ELEMENT":"1529FFD767C4A116CD5E084FDEA19099_element_134"}]}
COMMAND: POST /session/e000ba6f1221bf54fa8009c028a24555/execute/sync - {"script":"return (function isElementDisplayed(element) {\n    function nodeIsElement(node) {\n        if (!node) {\n            return false;\n        }\n        switch (node.nodeType) {\n            case Node.ELEMEN ... (7807 more bytes)","args":[{"element-6066-11e4-a52e-4f735466cecf":"1529FFD767C4A116CD5E084FDEA19099_element_135","ELEMENT":"1529FFD767C4A116CD5E084FDEA19099_element_135"}]}
RESULT: {"script":"return (function isElementDisplayed(element) {\n    function nodeIsElement(node) {\n        if (!node) {\n            return false;\n        }\n        switch (node.nodeType) {\n            case Node.ELEMEN ... (7807 more bytes)","args":[{"element-6066-11e4-a52e-4f735466cecf":"1529FFD767C4A116CD5E084FDEA19099_element_135","ELEMENT":"1529FFD767C4A116CD5E084FDEA19099_element_135"}]}
COMMAND: POST /session/e000ba6f1221bf54fa8009c028a24555/element/1529FFD767C4A116CD5E084FDEA19099_element_135/elements - {"using":"css selector","value":"tbody tr"}
RESULT: {"using":"css selector","value":"tbody tr"}
COMMAND: POST /session/e000ba6f1221bf54fa8009c028a24555/element/1529FFD767C4A116CD5E084FDEA19099_element_135/element - {"using":"css selector","value":"thead tr"}
RESULT: {"using":"css selector","value":"thead tr"}
COMMAND: POST /session/e000ba6f1221bf54fa8009c028a24555/element/1529FFD767C4A116CD5E084FDEA19099_element_138/elements - {"using":"css selector","value":"th"}
RESULT: {"using":"css selector","value":"th"}
COMMAND: GET /session/e000ba6f1221bf54fa8009c028a24555/element/1529FFD767C4A116CD5E084FDEA19099_element_139/text - {}
COMMAND: GET /session/e000ba6f1221bf54fa8009c028a24555/element/1529FFD767C4A116CD5E084FDEA19099_element_140/text - {}
COMMAND: GET /session/e000ba6f1221bf54fa8009c028a24555/element/1529FFD767C4A116CD5E084FDEA19099_element_142/text - {}
COMMAND: GET /session/e000ba6f1221bf54fa8009c028a24555/element/1529FFD767C4A116CD5E084FDEA19099_element_141/text - {}
RESULT: {}
RESULT: {}
RESULT: {}
RESULT: {}
COMMAND: POST /session/e000ba6f1221bf54fa8009c028a24555/element/1529FFD767C4A116CD5E084FDEA19099_element_136/elements - {"using":"css selector","value":"th,td"}
RESULT: {"using":"css selector","value":"th,td"}
COMMAND: GET /session/e000ba6f1221bf54fa8009c028a24555/element/1529FFD767C4A116CD5E084FDEA19099_element_143/text - {}
RESULT: {}
COMMAND: GET /session/e000ba6f1221bf54fa8009c028a24555/element/1529FFD767C4A116CD5E084FDEA19099_element_144/text - {}
RESULT: {}
COMMAND: GET /session/e000ba6f1221bf54fa8009c028a24555/element/1529FFD767C4A116CD5E084FDEA19099_element_145/text - {}
RESULT: {}
COMMAND: GET /session/e000ba6f1221bf54fa8009c028a24555/element/1529FFD767C4A116CD5E084FDEA19099_element_146/text - {}
RESULT: {}
COMMAND: POST /session/e000ba6f1221bf54fa8009c028a24555/element/1529FFD767C4A116CD5E084FDEA19099_element_137/elements - {"using":"css selector","value":"th,td"}
RESULT: {"using":"css selector","value":"th,td"}
COMMAND: GET /session/e000ba6f1221bf54fa8009c028a24555/element/1529FFD767C4A116CD5E084FDEA19099_element_147/text - {}
RESULT: {}
COMMAND: GET /session/e000ba6f1221bf54fa8009c028a24555/element/1529FFD767C4A116CD5E084FDEA19099_element_148/text - {}
RESULT: {}
COMMAND: GET /session/e000ba6f1221bf54fa8009c028a24555/element/1529FFD767C4A116CD5E084FDEA19099_element_149/text - {}
RESULT: {}
COMMAND: GET /session/e000ba6f1221bf54fa8009c028a24555/element/1529FFD767C4A116CD5E084FDEA19099_element_150/text - {}
RESULT: {}
]]></system-out>
    </testcase>
    <testcase classname="chrome.117_0_5938_88.linux.Invoice_Page_Test.Vendor:_Vendor_Three,Invoice:2023-03" name="should validate measured events table data" time="1.151">
      <system-out><![CDATA[
COMMAND: POST /session/e000ba6f1221bf54fa8009c028a24555/url - {"url":"https://pr-489.btm.dev.account.gov.uk/contracts/3/invoices/2023-03"}
RESULT: {"url":"https://pr-489.btm.dev.account.gov.uk/contracts/3/invoices/2023-03"}
COMMAND: POST /session/e000ba6f1221bf54fa8009c028a24555/execute/sync - {"script":"return (() => document.readyState === \"complete\").apply(null, arguments)","args":[]}
RESULT: {"script":"return (() => document.readyState === \"complete\").apply(null, arguments)","args":[]}
COMMAND: GET /session/e000ba6f1221bf54fa8009c028a24555/url - {}
RESULT: {}
COMMAND: POST /session/e000ba6f1221bf54fa8009c028a24555/element - {"using":"css selector","value":".govuk-heading-xl"}
RESULT: {"using":"css selector","value":".govuk-heading-xl"}
COMMAND: POST /session/e000ba6f1221bf54fa8009c028a24555/execute/sync - {"script":"return (function isElementDisplayed(element) {\n    function nodeIsElement(node) {\n        if (!node) {\n            return false;\n        }\n        switch (node.nodeType) {\n            case Node.ELEMEN ... (7807 more bytes)","args":[{"element-6066-11e4-a52e-4f735466cecf":"8789F22118C50EA7B3CEF80BB7780699_element_152","ELEMENT":"8789F22118C50EA7B3CEF80BB7780699_element_152"}]}
RESULT: {"script":"return (function isElementDisplayed(element) {\n    function nodeIsElement(node) {\n        if (!node) {\n            return false;\n        }\n        switch (node.nodeType) {\n            case Node.ELEMEN ... (7807 more bytes)","args":[{"element-6066-11e4-a52e-4f735466cecf":"8789F22118C50EA7B3CEF80BB7780699_element_152","ELEMENT":"8789F22118C50EA7B3CEF80BB7780699_element_152"}]}
COMMAND: POST /session/e000ba6f1221bf54fa8009c028a24555/element - {"using":"css selector","value":".govuk-heading-xl"}
RESULT: {"using":"css selector","value":".govuk-heading-xl"}
COMMAND: GET /session/e000ba6f1221bf54fa8009c028a24555/element/8789F22118C50EA7B3CEF80BB7780699_element_152/text - {}
RESULT: {}
COMMAND: POST /session/e000ba6f1221bf54fa8009c028a24555/element - {"using":"xpath","value":".//caption[contains(., \"Measured (events)\") and not(.//caption)]"}
RESULT: {"using":"xpath","value":".//caption[contains(., \"Measured (events)\") and not(.//caption)]"}
COMMAND: POST /session/e000ba6f1221bf54fa8009c028a24555/execute/sync - {"script":"return (function (elem, id) {\n        return (function parentElement() {\n        return this.parentElement;\n    }).call(elem, id);\n    }).apply(null, arguments)","args":[{"element-6066-11e4-a52e-4f735466cecf":"8789F22118C50EA7B3CEF80BB7780699_element_153","ELEMENT":"8789F22118C50EA7B3CEF80BB7780699_element_153"}]}
RESULT: {"script":"return (function (elem, id) {\n        return (function parentElement() {\n        return this.parentElement;\n    }).call(elem, id);\n    }).apply(null, arguments)","args":[{"element-6066-11e4-a52e-4f735466cecf":"8789F22118C50EA7B3CEF80BB7780699_element_153","ELEMENT":"8789F22118C50EA7B3CEF80BB7780699_element_153"}]}
COMMAND: POST /session/e000ba6f1221bf54fa8009c028a24555/execute/sync - {"script":"return (function isElementDisplayed(element) {\n    function nodeIsElement(node) {\n        if (!node) {\n            return false;\n        }\n        switch (node.nodeType) {\n            case Node.ELEMEN ... (7807 more bytes)","args":[{"element-6066-11e4-a52e-4f735466cecf":"8789F22118C50EA7B3CEF80BB7780699_element_154","ELEMENT":"8789F22118C50EA7B3CEF80BB7780699_element_154"}]}
RESULT: {"script":"return (function isElementDisplayed(element) {\n    function nodeIsElement(node) {\n        if (!node) {\n            return false;\n        }\n        switch (node.nodeType) {\n            case Node.ELEMEN ... (7807 more bytes)","args":[{"element-6066-11e4-a52e-4f735466cecf":"8789F22118C50EA7B3CEF80BB7780699_element_154","ELEMENT":"8789F22118C50EA7B3CEF80BB7780699_element_154"}]}
COMMAND: POST /session/e000ba6f1221bf54fa8009c028a24555/element/8789F22118C50EA7B3CEF80BB7780699_element_154/elements - {"using":"css selector","value":"tbody tr"}
RESULT: {"using":"css selector","value":"tbody tr"}
COMMAND: POST /session/e000ba6f1221bf54fa8009c028a24555/element/8789F22118C50EA7B3CEF80BB7780699_element_154/element - {"using":"css selector","value":"thead tr"}
RESULT: {"using":"css selector","value":"thead tr"}
COMMAND: POST /session/e000ba6f1221bf54fa8009c028a24555/element/8789F22118C50EA7B3CEF80BB7780699_element_157/elements - {"using":"css selector","value":"th"}
RESULT: {"using":"css selector","value":"th"}
COMMAND: GET /session/e000ba6f1221bf54fa8009c028a24555/element/8789F22118C50EA7B3CEF80BB7780699_element_158/text - {}
COMMAND: GET /session/e000ba6f1221bf54fa8009c028a24555/element/8789F22118C50EA7B3CEF80BB7780699_element_159/text - {}
RESULT: {}
RESULT: {}
COMMAND: POST /session/e000ba6f1221bf54fa8009c028a24555/element/8789F22118C50EA7B3CEF80BB7780699_element_155/elements - {"using":"css selector","value":"th,td"}
RESULT: {"using":"css selector","value":"th,td"}
COMMAND: GET /session/e000ba6f1221bf54fa8009c028a24555/element/8789F22118C50EA7B3CEF80BB7780699_element_160/text - {}
RESULT: {}
COMMAND: GET /session/e000ba6f1221bf54fa8009c028a24555/element/8789F22118C50EA7B3CEF80BB7780699_element_161/text - {}
RESULT: {}
COMMAND: POST /session/e000ba6f1221bf54fa8009c028a24555/element/8789F22118C50EA7B3CEF80BB7780699_element_156/elements - {"using":"css selector","value":"th,td"}
RESULT: {"using":"css selector","value":"th,td"}
COMMAND: GET /session/e000ba6f1221bf54fa8009c028a24555/element/8789F22118C50EA7B3CEF80BB7780699_element_162/text - {}
RESULT: {}
COMMAND: GET /session/e000ba6f1221bf54fa8009c028a24555/element/8789F22118C50EA7B3CEF80BB7780699_element_163/text - {}
RESULT: {}
]]></system-out>
    </testcase>
    <testcase classname="chrome.117_0_5938_88.linux.Invoice_Page_Test.Vendor:_Vendor_Three,Invoice:2023-03" name="should validate invoice table data" time="1.443">
      <system-out><![CDATA[
COMMAND: POST /session/e000ba6f1221bf54fa8009c028a24555/url - {"url":"https://pr-489.btm.dev.account.gov.uk/contracts/3/invoices/2023-03"}
RESULT: {"url":"https://pr-489.btm.dev.account.gov.uk/contracts/3/invoices/2023-03"}
COMMAND: POST /session/e000ba6f1221bf54fa8009c028a24555/execute/sync - {"script":"return (() => document.readyState === \"complete\").apply(null, arguments)","args":[]}
RESULT: {"script":"return (() => document.readyState === \"complete\").apply(null, arguments)","args":[]}
COMMAND: GET /session/e000ba6f1221bf54fa8009c028a24555/url - {}
RESULT: {}
COMMAND: POST /session/e000ba6f1221bf54fa8009c028a24555/element - {"using":"css selector","value":".govuk-heading-xl"}
RESULT: {"using":"css selector","value":".govuk-heading-xl"}
COMMAND: POST /session/e000ba6f1221bf54fa8009c028a24555/execute/sync - {"script":"return (function isElementDisplayed(element) {\n    function nodeIsElement(node) {\n        if (!node) {\n            return false;\n        }\n        switch (node.nodeType) {\n            case Node.ELEMEN ... (7807 more bytes)","args":[{"element-6066-11e4-a52e-4f735466cecf":"6E9540C204E138BC1C543DDD5912D05A_element_165","ELEMENT":"6E9540C204E138BC1C543DDD5912D05A_element_165"}]}
RESULT: {"script":"return (function isElementDisplayed(element) {\n    function nodeIsElement(node) {\n        if (!node) {\n            return false;\n        }\n        switch (node.nodeType) {\n            case Node.ELEMEN ... (7807 more bytes)","args":[{"element-6066-11e4-a52e-4f735466cecf":"6E9540C204E138BC1C543DDD5912D05A_element_165","ELEMENT":"6E9540C204E138BC1C543DDD5912D05A_element_165"}]}
COMMAND: POST /session/e000ba6f1221bf54fa8009c028a24555/element - {"using":"css selector","value":".govuk-heading-xl"}
RESULT: {"using":"css selector","value":".govuk-heading-xl"}
COMMAND: GET /session/e000ba6f1221bf54fa8009c028a24555/element/6E9540C204E138BC1C543DDD5912D05A_element_165/text - {}
RESULT: {}
COMMAND: POST /session/e000ba6f1221bf54fa8009c028a24555/element - {"using":"xpath","value":".//caption[contains(., \"Invoice\") and not(.//caption)]"}
RESULT: {"using":"xpath","value":".//caption[contains(., \"Invoice\") and not(.//caption)]"}
COMMAND: POST /session/e000ba6f1221bf54fa8009c028a24555/execute/sync - {"script":"return (function (elem, id) {\n        return (function parentElement() {\n        return this.parentElement;\n    }).call(elem, id);\n    }).apply(null, arguments)","args":[{"element-6066-11e4-a52e-4f735466cecf":"6E9540C204E138BC1C543DDD5912D05A_element_166","ELEMENT":"6E9540C204E138BC1C543DDD5912D05A_element_166"}]}
RESULT: {"script":"return (function (elem, id) {\n        return (function parentElement() {\n        return this.parentElement;\n    }).call(elem, id);\n    }).apply(null, arguments)","args":[{"element-6066-11e4-a52e-4f735466cecf":"6E9540C204E138BC1C543DDD5912D05A_element_166","ELEMENT":"6E9540C204E138BC1C543DDD5912D05A_element_166"}]}
COMMAND: POST /session/e000ba6f1221bf54fa8009c028a24555/execute/sync - {"script":"return (function isElementDisplayed(element) {\n    function nodeIsElement(node) {\n        if (!node) {\n            return false;\n        }\n        switch (node.nodeType) {\n            case Node.ELEMEN ... (7807 more bytes)","args":[{"element-6066-11e4-a52e-4f735466cecf":"6E9540C204E138BC1C543DDD5912D05A_element_167","ELEMENT":"6E9540C204E138BC1C543DDD5912D05A_element_167"}]}
RESULT: {"script":"return (function isElementDisplayed(element) {\n    function nodeIsElement(node) {\n        if (!node) {\n            return false;\n        }\n        switch (node.nodeType) {\n            case Node.ELEMEN ... (7807 more bytes)","args":[{"element-6066-11e4-a52e-4f735466cecf":"6E9540C204E138BC1C543DDD5912D05A_element_167","ELEMENT":"6E9540C204E138BC1C543DDD5912D05A_element_167"}]}
COMMAND: POST /session/e000ba6f1221bf54fa8009c028a24555/element/6E9540C204E138BC1C543DDD5912D05A_element_167/elements - {"using":"css selector","value":"tbody tr"}
RESULT: {"using":"css selector","value":"tbody tr"}
COMMAND: POST /session/e000ba6f1221bf54fa8009c028a24555/element/6E9540C204E138BC1C543DDD5912D05A_element_167/element - {"using":"css selector","value":"thead tr"}
RESULT: {"using":"css selector","value":"thead tr"}
COMMAND: POST /session/e000ba6f1221bf54fa8009c028a24555/element/6E9540C204E138BC1C543DDD5912D05A_element_171/elements - {"using":"css selector","value":"th"}
RESULT: {"using":"css selector","value":"th"}
COMMAND: GET /session/e000ba6f1221bf54fa8009c028a24555/element/6E9540C204E138BC1C543DDD5912D05A_element_172/text - {}
COMMAND: GET /session/e000ba6f1221bf54fa8009c028a24555/element/6E9540C204E138BC1C543DDD5912D05A_element_173/text - {}
COMMAND: GET /session/e000ba6f1221bf54fa8009c028a24555/element/6E9540C204E138BC1C543DDD5912D05A_element_175/text - {}
COMMAND: GET /session/e000ba6f1221bf54fa8009c028a24555/element/6E9540C204E138BC1C543DDD5912D05A_element_174/text - {}
COMMAND: GET /session/e000ba6f1221bf54fa8009c028a24555/element/6E9540C204E138BC1C543DDD5912D05A_element_176/text - {}
RESULT: {}
RESULT: {}
RESULT: {}
RESULT: {}
RESULT: {}
COMMAND: POST /session/e000ba6f1221bf54fa8009c028a24555/element/6E9540C204E138BC1C543DDD5912D05A_element_168/elements - {"using":"css selector","value":"th,td"}
RESULT: {"using":"css selector","value":"th,td"}
COMMAND: GET /session/e000ba6f1221bf54fa8009c028a24555/element/6E9540C204E138BC1C543DDD5912D05A_element_177/text - {}
RESULT: {}
COMMAND: GET /session/e000ba6f1221bf54fa8009c028a24555/element/6E9540C204E138BC1C543DDD5912D05A_element_178/text - {}
RESULT: {}
COMMAND: GET /session/e000ba6f1221bf54fa8009c028a24555/element/6E9540C204E138BC1C543DDD5912D05A_element_179/text - {}
RESULT: {}
COMMAND: GET /session/e000ba6f1221bf54fa8009c028a24555/element/6E9540C204E138BC1C543DDD5912D05A_element_180/text - {}
RESULT: {}
COMMAND: GET /session/e000ba6f1221bf54fa8009c028a24555/element/6E9540C204E138BC1C543DDD5912D05A_element_181/text - {}
RESULT: {}
COMMAND: POST /session/e000ba6f1221bf54fa8009c028a24555/element/6E9540C204E138BC1C543DDD5912D05A_element_169/elements - {"using":"css selector","value":"th,td"}
RESULT: {"using":"css selector","value":"th,td"}
COMMAND: GET /session/e000ba6f1221bf54fa8009c028a24555/element/6E9540C204E138BC1C543DDD5912D05A_element_182/text - {}
RESULT: {}
COMMAND: GET /session/e000ba6f1221bf54fa8009c028a24555/element/6E9540C204E138BC1C543DDD5912D05A_element_183/text - {}
RESULT: {}
COMMAND: GET /session/e000ba6f1221bf54fa8009c028a24555/element/6E9540C204E138BC1C543DDD5912D05A_element_184/text - {}
RESULT: {}
COMMAND: GET /session/e000ba6f1221bf54fa8009c028a24555/element/6E9540C204E138BC1C543DDD5912D05A_element_185/text - {}
RESULT: {}
COMMAND: GET /session/e000ba6f1221bf54fa8009c028a24555/element/6E9540C204E138BC1C543DDD5912D05A_element_186/text - {}
RESULT: {}
COMMAND: POST /session/e000ba6f1221bf54fa8009c028a24555/element/6E9540C204E138BC1C543DDD5912D05A_element_170/elements - {"using":"css selector","value":"th,td"}
RESULT: {"using":"css selector","value":"th,td"}
COMMAND: GET /session/e000ba6f1221bf54fa8009c028a24555/element/6E9540C204E138BC1C543DDD5912D05A_element_187/text - {}
RESULT: {}
COMMAND: GET /session/e000ba6f1221bf54fa8009c028a24555/element/6E9540C204E138BC1C543DDD5912D05A_element_188/text - {}
RESULT: {}
COMMAND: GET /session/e000ba6f1221bf54fa8009c028a24555/element/6E9540C204E138BC1C543DDD5912D05A_element_189/text - {}
RESULT: {}
COMMAND: GET /session/e000ba6f1221bf54fa8009c028a24555/element/6E9540C204E138BC1C543DDD5912D05A_element_190/text - {}
RESULT: {}
COMMAND: GET /session/e000ba6f1221bf54fa8009c028a24555/element/6E9540C204E138BC1C543DDD5912D05A_element_191/text - {}
RESULT: {}
]]></system-out>
    </testcase>
  </testsuite>
  <testsuite name="Vendor Vendor Three Invoice 2005 08" timestamp="2023-09-26T22:40:22" time="4.277" tests="6" failures="0" errors="0" skipped="0">
    <properties>
      <property name="specId" value="0"/>
      <property name="suiteName" value="Vendor: Vendor Three,Invoice:2005-08"/>
      <property name="capabilities" value="chrome.117_0_5938_88.linux"/>
      <property name="file" value="file://./ui-tests/specs/invoice.spec.ts"/>
    </properties>
    <testcase classname="chrome.117_0_5938_88.linux.Invoice_Page_Test.Vendor:_Vendor_Three,Invoice:2005-08" name="should display correct status banner color and message" time="0.485">
      <system-out><![CDATA[
COMMAND: POST /session/e000ba6f1221bf54fa8009c028a24555/url - {"url":"https://pr-489.btm.dev.account.gov.uk/contracts/3/invoices/2005-08"}
RESULT: {"url":"https://pr-489.btm.dev.account.gov.uk/contracts/3/invoices/2005-08"}
COMMAND: POST /session/e000ba6f1221bf54fa8009c028a24555/execute/sync - {"script":"return (() => document.readyState === \"complete\").apply(null, arguments)","args":[]}
RESULT: {"script":"return (() => document.readyState === \"complete\").apply(null, arguments)","args":[]}
COMMAND: GET /session/e000ba6f1221bf54fa8009c028a24555/url - {}
RESULT: {}
COMMAND: POST /session/e000ba6f1221bf54fa8009c028a24555/element - {"using":"css selector","value":".govuk-heading-xl"}
RESULT: {"using":"css selector","value":".govuk-heading-xl"}
COMMAND: POST /session/e000ba6f1221bf54fa8009c028a24555/execute/sync - {"script":"return (function isElementDisplayed(element) {\n    function nodeIsElement(node) {\n        if (!node) {\n            return false;\n        }\n        switch (node.nodeType) {\n            case Node.ELEMEN ... (7807 more bytes)","args":[{"element-6066-11e4-a52e-4f735466cecf":"A392C2EFDE2BC1FFBD6036E68FFA5AFF_element_193","ELEMENT":"A392C2EFDE2BC1FFBD6036E68FFA5AFF_element_193"}]}
RESULT: {"script":"return (function isElementDisplayed(element) {\n    function nodeIsElement(node) {\n        if (!node) {\n            return false;\n        }\n        switch (node.nodeType) {\n            case Node.ELEMEN ... (7807 more bytes)","args":[{"element-6066-11e4-a52e-4f735466cecf":"A392C2EFDE2BC1FFBD6036E68FFA5AFF_element_193","ELEMENT":"A392C2EFDE2BC1FFBD6036E68FFA5AFF_element_193"}]}
COMMAND: POST /session/e000ba6f1221bf54fa8009c028a24555/element - {"using":"css selector","value":".govuk-heading-xl"}
RESULT: {"using":"css selector","value":".govuk-heading-xl"}
COMMAND: GET /session/e000ba6f1221bf54fa8009c028a24555/element/A392C2EFDE2BC1FFBD6036E68FFA5AFF_element_193/text - {}
RESULT: {}
COMMAND: POST /session/e000ba6f1221bf54fa8009c028a24555/element - {"using":"css selector","value":"h2.govuk-panel__title"}
RESULT: {"using":"css selector","value":"h2.govuk-panel__title"}
COMMAND: POST /session/e000ba6f1221bf54fa8009c028a24555/execute/sync - {"script":"return (function isElementDisplayed(element) {\n    function nodeIsElement(node) {\n        if (!node) {\n            return false;\n        }\n        switch (node.nodeType) {\n            case Node.ELEMEN ... (7807 more bytes)","args":[{"element-6066-11e4-a52e-4f735466cecf":"A392C2EFDE2BC1FFBD6036E68FFA5AFF_element_194","ELEMENT":"A392C2EFDE2BC1FFBD6036E68FFA5AFF_element_194"}]}
RESULT: {"script":"return (function isElementDisplayed(element) {\n    function nodeIsElement(node) {\n        if (!node) {\n            return false;\n        }\n        switch (node.nodeType) {\n            case Node.ELEMEN ... (7807 more bytes)","args":[{"element-6066-11e4-a52e-4f735466cecf":"A392C2EFDE2BC1FFBD6036E68FFA5AFF_element_194","ELEMENT":"A392C2EFDE2BC1FFBD6036E68FFA5AFF_element_194"}]}
COMMAND: POST /session/e000ba6f1221bf54fa8009c028a24555/element - {"using":"css selector","value":"h2.govuk-panel__title"}
RESULT: {"using":"css selector","value":"h2.govuk-panel__title"}
COMMAND: GET /session/e000ba6f1221bf54fa8009c028a24555/element/A392C2EFDE2BC1FFBD6036E68FFA5AFF_element_194/text - {}
RESULT: {}
COMMAND: POST /session/e000ba6f1221bf54fa8009c028a24555/element - {"using":"css selector","value":".govuk-panel"}
RESULT: {"using":"css selector","value":".govuk-panel"}
COMMAND: POST /session/e000ba6f1221bf54fa8009c028a24555/execute/sync - {"script":"return (function isElementDisplayed(element) {\n    function nodeIsElement(node) {\n        if (!node) {\n            return false;\n        }\n        switch (node.nodeType) {\n            case Node.ELEMEN ... (7807 more bytes)","args":[{"element-6066-11e4-a52e-4f735466cecf":"A392C2EFDE2BC1FFBD6036E68FFA5AFF_element_195","ELEMENT":"A392C2EFDE2BC1FFBD6036E68FFA5AFF_element_195"}]}
[...]
RESULT: {"using":"css selector","value":"thead tr"}
COMMAND: POST /session/e000ba6f1221bf54fa8009c028a24555/element/1997B7D9A5961FFC063AD8DAFD9037CA_element_1585/elements - {"using":"css selector","value":"th"}
RESULT: {"using":"css selector","value":"th"}
COMMAND: GET /session/e000ba6f1221bf54fa8009c028a24555/element/1997B7D9A5961FFC063AD8DAFD9037CA_element_1586/text - {}
COMMAND: GET /session/e000ba6f1221bf54fa8009c028a24555/element/1997B7D9A5961FFC063AD8DAFD9037CA_element_1587/text - {}
COMMAND: GET /session/e000ba6f1221bf54fa8009c028a24555/element/1997B7D9A5961FFC063AD8DAFD9037CA_element_1589/text - {}
COMMAND: GET /session/e000ba6f1221bf54fa8009c028a24555/element/1997B7D9A5961FFC063AD8DAFD9037CA_element_1588/text - {}
RESULT: {}
RESULT: {}
RESULT: {}
RESULT: {}
COMMAND: POST /session/e000ba6f1221bf54fa8009c028a24555/element/1997B7D9A5961FFC063AD8DAFD9037CA_element_1584/elements - {"using":"css selector","value":"th,td"}
RESULT: {"using":"css selector","value":"th,td"}
COMMAND: GET /session/e000ba6f1221bf54fa8009c028a24555/element/1997B7D9A5961FFC063AD8DAFD9037CA_element_1590/text - {}
RESULT: {}
COMMAND: GET /session/e000ba6f1221bf54fa8009c028a24555/element/1997B7D9A5961FFC063AD8DAFD9037CA_element_1591/text - {}
RESULT: {}
COMMAND: GET /session/e000ba6f1221bf54fa8009c028a24555/element/1997B7D9A5961FFC063AD8DAFD9037CA_element_1592/text - {}
RESULT: {}
COMMAND: GET /session/e000ba6f1221bf54fa8009c028a24555/element/1997B7D9A5961FFC063AD8DAFD9037CA_element_1593/text - {}
RESULT: {}
]]></system-out>
    </testcase>
    <testcase classname="chrome.117_0_5938_88.linux.Invoice_Page_Test.Vendor:_Vendor_Six,Invoice:2005-Q2" name="should validate price table data" time="0.562">
      <system-out><![CDATA[
COMMAND: POST /session/e000ba6f1221bf54fa8009c028a24555/url - {"url":"https://pr-489.btm.dev.account.gov.uk/contracts/6/invoices/2005-q2"}
RESULT: {"url":"https://pr-489.btm.dev.account.gov.uk/contracts/6/invoices/2005-q2"}
COMMAND: POST /session/e000ba6f1221bf54fa8009c028a24555/execute/sync - {"script":"return (() => document.readyState === \"complete\").apply(null, arguments)","args":[]}
RESULT: {"script":"return (() => document.readyState === \"complete\").apply(null, arguments)","args":[]}
COMMAND: GET /session/e000ba6f1221bf54fa8009c028a24555/url - {}
RESULT: {}
COMMAND: POST /session/e000ba6f1221bf54fa8009c028a24555/element - {"using":"css selector","value":".govuk-heading-xl"}
RESULT: {"using":"css selector","value":".govuk-heading-xl"}
COMMAND: POST /session/e000ba6f1221bf54fa8009c028a24555/execute/sync - {"script":"return (function isElementDisplayed(element) {\n    function nodeIsElement(node) {\n        if (!node) {\n            return false;\n        }\n        switch (node.nodeType) {\n            case Node.ELEMEN ... (7807 more bytes)","args":[{"element-6066-11e4-a52e-4f735466cecf":"98E2BF71D81808E0EF7CB3F6C0491A0B_element_1595","ELEMENT":"98E2BF71D81808E0EF7CB3F6C0491A0B_element_1595"}]}
RESULT: {"script":"return (function isElementDisplayed(element) {\n    function nodeIsElement(node) {\n        if (!node) {\n            return false;\n        }\n        switch (node.nodeType) {\n            case Node.ELEMEN ... (7807 more bytes)","args":[{"element-6066-11e4-a52e-4f735466cecf":"98E2BF71D81808E0EF7CB3F6C0491A0B_element_1595","ELEMENT":"98E2BF71D81808E0EF7CB3F6C0491A0B_element_1595"}]}
COMMAND: POST /session/e000ba6f1221bf54fa8009c028a24555/element - {"using":"css selector","value":".govuk-heading-xl"}
RESULT: {"using":"css selector","value":".govuk-heading-xl"}
COMMAND: GET /session/e000ba6f1221bf54fa8009c028a24555/element/98E2BF71D81808E0EF7CB3F6C0491A0B_element_1595/text - {}
RESULT: {}
COMMAND: POST /session/e000ba6f1221bf54fa8009c028a24555/element - {"using":"xpath","value":".//caption[contains(., \"Price\") and not(.//caption)]"}
RESULT: {"using":"xpath","value":".//caption[contains(., \"Price\") and not(.//caption)]"}
COMMAND: POST /session/e000ba6f1221bf54fa8009c028a24555/execute/sync - {"script":"return (function (elem, id) {\n        return (function parentElement() {\n        return this.parentElement;\n    }).call(elem, id);\n    }).apply(null, arguments)","args":[{"element-6066-11e4-a52e-4f735466cecf":"98E2BF71D81808E0EF7CB3F6C0491A0B_element_1596","ELEMENT":"98E2BF71D81808E0EF7CB3F6C0491A0B_element_1596"}]}
RESULT: {"script":"return (function (elem, id) {\n        return (function parentElement() {\n        return this.parentElement;\n    }).call(elem, id);\n    }).apply(null, arguments)","args":[{"element-6066-11e4-a52e-4f735466cecf":"98E2BF71D81808E0EF7CB3F6C0491A0B_element_1596","ELEMENT":"98E2BF71D81808E0EF7CB3F6C0491A0B_element_1596"}]}
COMMAND: POST /session/e000ba6f1221bf54fa8009c028a24555/execute/sync - {"script":"return (function isElementDisplayed(element) {\n    function nodeIsElement(node) {\n        if (!node) {\n            return false;\n        }\n        switch (node.nodeType) {\n            case Node.ELEMEN ... (7807 more bytes)","args":[{"element-6066-11e4-a52e-4f735466cecf":"98E2BF71D81808E0EF7CB3F6C0491A0B_element_1597","ELEMENT":"98E2BF71D81808E0EF7CB3F6C0491A0B_element_1597"}]}
RESULT: {"script":"return (function isElementDisplayed(element) {\n    function nodeIsElement(node) {\n        if (!node) {\n            return false;\n        }\n        switch (node.nodeType) {\n            case Node.ELEMEN ... (7807 more bytes)","args":[{"element-6066-11e4-a52e-4f735466cecf":"98E2BF71D81808E0EF7CB3F6C0491A0B_element_1597","ELEMENT":"98E2BF71D81808E0EF7CB3F6C0491A0B_element_1597"}]}
COMMAND: POST /session/e000ba6f1221bf54fa8009c028a24555/element/98E2BF71D81808E0EF7CB3F6C0491A0B_element_1597/elements - {"using":"css selector","value":"tbody tr"}
RESULT: {"using":"css selector","value":"tbody tr"}
COMMAND: POST /session/e000ba6f1221bf54fa8009c028a24555/element/98E2BF71D81808E0EF7CB3F6C0491A0B_element_1597/element - {"using":"css selector","value":"thead tr"}
RESULT: {"using":"css selector","value":"thead tr"}
COMMAND: POST /session/e000ba6f1221bf54fa8009c028a24555/element/98E2BF71D81808E0EF7CB3F6C0491A0B_element_1599/elements - {"using":"css selector","value":"th"}
RESULT: {"using":"css selector","value":"th"}
COMMAND: GET /session/e000ba6f1221bf54fa8009c028a24555/element/98E2BF71D81808E0EF7CB3F6C0491A0B_element_1600/text - {}
COMMAND: GET /session/e000ba6f1221bf54fa8009c028a24555/element/98E2BF71D81808E0EF7CB3F6C0491A0B_element_1601/text - {}
COMMAND: GET /session/e000ba6f1221bf54fa8009c028a24555/element/98E2BF71D81808E0EF7CB3F6C0491A0B_element_1603/text - {}
COMMAND: GET /session/e000ba6f1221bf54fa8009c028a24555/element/98E2BF71D81808E0EF7CB3F6C0491A0B_element_1602/text - {}
RESULT: {}
RESULT: {}
RESULT: {}
RESULT: {}
COMMAND: POST /session/e000ba6f1221bf54fa8009c028a24555/element/98E2BF71D81808E0EF7CB3F6C0491A0B_element_1598/elements - {"using":"css selector","value":"th,td"}
RESULT: {"using":"css selector","value":"th,td"}
COMMAND: GET /session/e000ba6f1221bf54fa8009c028a24555/element/98E2BF71D81808E0EF7CB3F6C0491A0B_element_1604/text - {}
RESULT: {}
COMMAND: GET /session/e000ba6f1221bf54fa8009c028a24555/element/98E2BF71D81808E0EF7CB3F6C0491A0B_element_1605/text - {}
RESULT: {}
COMMAND: GET /session/e000ba6f1221bf54fa8009c028a24555/element/98E2BF71D81808E0EF7CB3F6C0491A0B_element_1606/text - {}
RESULT: {}
COMMAND: GET /session/e000ba6f1221bf54fa8009c028a24555/element/98E2BF71D81808E0EF7CB3F6C0491A0B_element_1607/text - {}
RESULT: {}
]]></system-out>
    </testcase>
    <testcase classname="chrome.117_0_5938_88.linux.Invoice_Page_Test.Vendor:_Vendor_Six,Invoice:2005-Q2" name="should validate measured events table data" time="0.491">
      <system-out><![CDATA[
COMMAND: POST /session/e000ba6f1221bf54fa8009c028a24555/url - {"url":"https://pr-489.btm.dev.account.gov.uk/contracts/6/invoices/2005-q2"}
RESULT: {"url":"https://pr-489.btm.dev.account.gov.uk/contracts/6/invoices/2005-q2"}
COMMAND: POST /session/e000ba6f1221bf54fa8009c028a24555/execute/sync - {"script":"return (() => document.readyState === \"complete\").apply(null, arguments)","args":[]}
RESULT: {"script":"return (() => document.readyState === \"complete\").apply(null, arguments)","args":[]}
COMMAND: GET /session/e000ba6f1221bf54fa8009c028a24555/url - {}
RESULT: {}
COMMAND: POST /session/e000ba6f1221bf54fa8009c028a24555/element - {"using":"css selector","value":".govuk-heading-xl"}
RESULT: {"using":"css selector","value":".govuk-heading-xl"}
COMMAND: POST /session/e000ba6f1221bf54fa8009c028a24555/execute/sync - {"script":"return (function isElementDisplayed(element) {\n    function nodeIsElement(node) {\n        if (!node) {\n            return false;\n        }\n        switch (node.nodeType) {\n            case Node.ELEMEN ... (7807 more bytes)","args":[{"element-6066-11e4-a52e-4f735466cecf":"D9CAF062A75AFDC1BA53D661C6BBDDB3_element_1609","ELEMENT":"D9CAF062A75AFDC1BA53D661C6BBDDB3_element_1609"}]}
RESULT: {"script":"return (function isElementDisplayed(element) {\n    function nodeIsElement(node) {\n        if (!node) {\n            return false;\n        }\n        switch (node.nodeType) {\n            case Node.ELEMEN ... (7807 more bytes)","args":[{"element-6066-11e4-a52e-4f735466cecf":"D9CAF062A75AFDC1BA53D661C6BBDDB3_element_1609","ELEMENT":"D9CAF062A75AFDC1BA53D661C6BBDDB3_element_1609"}]}
COMMAND: POST /session/e000ba6f1221bf54fa8009c028a24555/element - {"using":"css selector","value":".govuk-heading-xl"}
RESULT: {"using":"css selector","value":".govuk-heading-xl"}
COMMAND: GET /session/e000ba6f1221bf54fa8009c028a24555/element/D9CAF062A75AFDC1BA53D661C6BBDDB3_element_1609/text - {}
RESULT: {}
COMMAND: POST /session/e000ba6f1221bf54fa8009c028a24555/element - {"using":"xpath","value":".//caption[contains(., \"Measured (events)\") and not(.//caption)]"}
RESULT: {"using":"xpath","value":".//caption[contains(., \"Measured (events)\") and not(.//caption)]"}
COMMAND: POST /session/e000ba6f1221bf54fa8009c028a24555/execute/sync - {"script":"return (function (elem, id) {\n        return (function parentElement() {\n        return this.parentElement;\n    }).call(elem, id);\n    }).apply(null, arguments)","args":[{"element-6066-11e4-a52e-4f735466cecf":"D9CAF062A75AFDC1BA53D661C6BBDDB3_element_1610","ELEMENT":"D9CAF062A75AFDC1BA53D661C6BBDDB3_element_1610"}]}
RESULT: {"script":"return (function (elem, id) {\n        return (function parentElement() {\n        return this.parentElement;\n    }).call(elem, id);\n    }).apply(null, arguments)","args":[{"element-6066-11e4-a52e-4f735466cecf":"D9CAF062A75AFDC1BA53D661C6BBDDB3_element_1610","ELEMENT":"D9CAF062A75AFDC1BA53D661C6BBDDB3_element_1610"}]}
COMMAND: POST /session/e000ba6f1221bf54fa8009c028a24555/execute/sync - {"script":"return (function isElementDisplayed(element) {\n    function nodeIsElement(node) {\n        if (!node) {\n            return false;\n        }\n        switch (node.nodeType) {\n            case Node.ELEMEN ... (7807 more bytes)","args":[{"element-6066-11e4-a52e-4f735466cecf":"D9CAF062A75AFDC1BA53D661C6BBDDB3_element_1611","ELEMENT":"D9CAF062A75AFDC1BA53D661C6BBDDB3_element_1611"}]}
RESULT: {"script":"return (function isElementDisplayed(element) {\n    function nodeIsElement(node) {\n        if (!node) {\n            return false;\n        }\n        switch (node.nodeType) {\n            case Node.ELEMEN ... (7807 more bytes)","args":[{"element-6066-11e4-a52e-4f735466cecf":"D9CAF062A75AFDC1BA53D661C6BBDDB3_element_1611","ELEMENT":"D9CAF062A75AFDC1BA53D661C6BBDDB3_element_1611"}]}
COMMAND: POST /session/e000ba6f1221bf54fa8009c028a24555/element/D9CAF062A75AFDC1BA53D661C6BBDDB3_element_1611/elements - {"using":"css selector","value":"tbody tr"}
RESULT: {"using":"css selector","value":"tbody tr"}
COMMAND: POST /session/e000ba6f1221bf54fa8009c028a24555/element/D9CAF062A75AFDC1BA53D661C6BBDDB3_element_1611/element - {"using":"css selector","value":"thead tr"}
RESULT: {"using":"css selector","value":"thead tr"}
COMMAND: POST /session/e000ba6f1221bf54fa8009c028a24555/element/D9CAF062A75AFDC1BA53D661C6BBDDB3_element_1613/elements - {"using":"css selector","value":"th"}
RESULT: {"using":"css selector","value":"th"}
COMMAND: GET /session/e000ba6f1221bf54fa8009c028a24555/element/D9CAF062A75AFDC1BA53D661C6BBDDB3_element_1614/text - {}
COMMAND: GET /session/e000ba6f1221bf54fa8009c028a24555/element/D9CAF062A75AFDC1BA53D661C6BBDDB3_element_1615/text - {}
RESULT: {}
RESULT: {}
COMMAND: POST /session/e000ba6f1221bf54fa8009c028a24555/element/D9CAF062A75AFDC1BA53D661C6BBDDB3_element_1612/elements - {"using":"css selector","value":"th,td"}
RESULT: {"using":"css selector","value":"th,td"}
COMMAND: GET /session/e000ba6f1221bf54fa8009c028a24555/element/D9CAF062A75AFDC1BA53D661C6BBDDB3_element_1616/text - {}
RESULT: {}
COMMAND: GET /session/e000ba6f1221bf54fa8009c028a24555/element/D9CAF062A75AFDC1BA53D661C6BBDDB3_element_1617/text - {}
RESULT: {}
]]></system-out>
    </testcase>
    <testcase classname="chrome.117_0_5938_88.linux.Invoice_Page_Test.Vendor:_Vendor_Six,Invoice:2005-Q2" name="should validate invoice table data" time="0.968">
      <system-out><![CDATA[
COMMAND: POST /session/e000ba6f1221bf54fa8009c028a24555/url - {"url":"https://pr-489.btm.dev.account.gov.uk/contracts/6/invoices/2005-q2"}
RESULT: {"url":"https://pr-489.btm.dev.account.gov.uk/contracts/6/invoices/2005-q2"}
COMMAND: POST /session/e000ba6f1221bf54fa8009c028a24555/execute/sync - {"script":"return (() => document.readyState === \"complete\").apply(null, arguments)","args":[]}
RESULT: {"script":"return (() => document.readyState === \"complete\").apply(null, arguments)","args":[]}
COMMAND: GET /session/e000ba6f1221bf54fa8009c028a24555/url - {}
RESULT: {}
COMMAND: POST /session/e000ba6f1221bf54fa8009c028a24555/element - {"using":"css selector","value":".govuk-heading-xl"}
RESULT: {"using":"css selector","value":".govuk-heading-xl"}
COMMAND: POST /session/e000ba6f1221bf54fa8009c028a24555/execute/sync - {"script":"return (function isElementDisplayed(element) {\n    function nodeIsElement(node) {\n        if (!node) {\n            return false;\n        }\n        switch (node.nodeType) {\n            case Node.ELEMEN ... (7807 more bytes)","args":[{"element-6066-11e4-a52e-4f735466cecf":"FAFCF4B7BE4325B651F3E232A157F6C3_element_1621","ELEMENT":"FAFCF4B7BE4325B651F3E232A157F6C3_element_1621"}]}
RESULT: {"script":"return (function isElementDisplayed(element) {\n    function nodeIsElement(node) {\n        if (!node) {\n            return false;\n        }\n        switch (node.nodeType) {\n            case Node.ELEMEN ... (7807 more bytes)","args":[{"element-6066-11e4-a52e-4f735466cecf":"FAFCF4B7BE4325B651F3E232A157F6C3_element_1621","ELEMENT":"FAFCF4B7BE4325B651F3E232A157F6C3_element_1621"}]}
COMMAND: POST /session/e000ba6f1221bf54fa8009c028a24555/element - {"using":"css selector","value":".govuk-heading-xl"}
RESULT: {"using":"css selector","value":".govuk-heading-xl"}
COMMAND: GET /session/e000ba6f1221bf54fa8009c028a24555/element/FAFCF4B7BE4325B651F3E232A157F6C3_element_1621/text - {}
RESULT: {}
COMMAND: POST /session/e000ba6f1221bf54fa8009c028a24555/element - {"using":"xpath","value":".//caption[contains(., \"Invoice\") and not(.//caption)]"}
RESULT: {"using":"xpath","value":".//caption[contains(., \"Invoice\") and not(.//caption)]"}
COMMAND: POST /session/e000ba6f1221bf54fa8009c028a24555/execute/sync - {"script":"return (function (elem, id) {\n        return (function parentElement() {\n        return this.parentElement;\n    }).call(elem, id);\n    }).apply(null, arguments)","args":[{"element-6066-11e4-a52e-4f735466cecf":"FAFCF4B7BE4325B651F3E232A157F6C3_element_1622","ELEMENT":"FAFCF4B7BE4325B651F3E232A157F6C3_element_1622"}]}
RESULT: {"script":"return (function (elem, id) {\n        return (function parentElement() {\n        return this.parentElement;\n    }).call(elem, id);\n    }).apply(null, arguments)","args":[{"element-6066-11e4-a52e-4f735466cecf":"FAFCF4B7BE4325B651F3E232A157F6C3_element_1622","ELEMENT":"FAFCF4B7BE4325B651F3E232A157F6C3_element_1622"}]}
COMMAND: POST /session/e000ba6f1221bf54fa8009c028a24555/execute/sync - {"script":"return (function isElementDisplayed(element) {\n    function nodeIsElement(node) {\n        if (!node) {\n            return false;\n        }\n        switch (node.nodeType) {\n            case Node.ELEMEN ... (7807 more bytes)","args":[{"element-6066-11e4-a52e-4f735466cecf":"FAFCF4B7BE4325B651F3E232A157F6C3_element_1623","ELEMENT":"FAFCF4B7BE4325B651F3E232A157F6C3_element_1623"}]}
RESULT: {"script":"return (function isElementDisplayed(element) {\n    function nodeIsElement(node) {\n        if (!node) {\n            return false;\n        }\n        switch (node.nodeType) {\n            case Node.ELEMEN ... (7807 more bytes)","args":[{"element-6066-11e4-a52e-4f735466cecf":"FAFCF4B7BE4325B651F3E232A157F6C3_element_1623","ELEMENT":"FAFCF4B7BE4325B651F3E232A157F6C3_element_1623"}]}
COMMAND: POST /session/e000ba6f1221bf54fa8009c028a24555/element/FAFCF4B7BE4325B651F3E232A157F6C3_element_1623/elements - {"using":"css selector","value":"tbody tr"}
RESULT: {"using":"css selector","value":"tbody tr"}
COMMAND: POST /session/e000ba6f1221bf54fa8009c028a24555/element/FAFCF4B7BE4325B651F3E232A157F6C3_element_1623/element - {"using":"css selector","value":"thead tr"}
RESULT: {"using":"css selector","value":"thead tr"}
COMMAND: POST /session/e000ba6f1221bf54fa8009c028a24555/element/FAFCF4B7BE4325B651F3E232A157F6C3_element_1626/elements - {"using":"css selector","value":"th"}
RESULT: {"using":"css selector","value":"th"}
COMMAND: GET /session/e000ba6f1221bf54fa8009c028a24555/element/FAFCF4B7BE4325B651F3E232A157F6C3_element_1627/text - {}
COMMAND: GET /session/e000ba6f1221bf54fa8009c028a24555/element/FAFCF4B7BE4325B651F3E232A157F6C3_element_1628/text - {}
COMMAND: GET /session/e000ba6f1221bf54fa8009c028a24555/element/FAFCF4B7BE4325B651F3E232A157F6C3_element_1630/text - {}
COMMAND: GET /session/e000ba6f1221bf54fa8009c028a24555/element/FAFCF4B7BE4325B651F3E232A157F6C3_element_1629/text - {}
COMMAND: GET /session/e000ba6f1221bf54fa8009c028a24555/element/FAFCF4B7BE4325B651F3E232A157F6C3_element_1631/text - {}
RESULT: {}
RESULT: {}
RESULT: {}
RESULT: {}
RESULT: {}
COMMAND: POST /session/e000ba6f1221bf54fa8009c028a24555/element/FAFCF4B7BE4325B651F3E232A157F6C3_element_1624/elements - {"using":"css selector","value":"th,td"}
RESULT: {"using":"css selector","value":"th,td"}
COMMAND: GET /session/e000ba6f1221bf54fa8009c028a24555/element/FAFCF4B7BE4325B651F3E232A157F6C3_element_1632/text - {}
RESULT: {}
COMMAND: GET /session/e000ba6f1221bf54fa8009c028a24555/element/FAFCF4B7BE4325B651F3E232A157F6C3_element_1633/text - {}
RESULT: {}
COMMAND: GET /session/e000ba6f1221bf54fa8009c028a24555/element/FAFCF4B7BE4325B651F3E232A157F6C3_element_1634/text - {}
RESULT: {}
COMMAND: GET /session/e000ba6f1221bf54fa8009c028a24555/element/FAFCF4B7BE4325B651F3E232A157F6C3_element_1635/text - {}
RESULT: {}
COMMAND: GET /session/e000ba6f1221bf54fa8009c028a24555/element/FAFCF4B7BE4325B651F3E232A157F6C3_element_1636/text - {}
RESULT: {}
COMMAND: POST /session/e000ba6f1221bf54fa8009c028a24555/element/FAFCF4B7BE4325B651F3E232A157F6C3_element_1625/elements - {"using":"css selector","value":"th,td"}
RESULT: {"using":"css selector","value":"th,td"}
COMMAND: GET /session/e000ba6f1221bf54fa8009c028a24555/element/FAFCF4B7BE4325B651F3E232A157F6C3_element_1637/text - {}
RESULT: {}
COMMAND: GET /session/e000ba6f1221bf54fa8009c028a24555/element/FAFCF4B7BE4325B651F3E232A157F6C3_element_1638/text - {}
RESULT: {}
COMMAND: GET /session/e000ba6f1221bf54fa8009c028a24555/element/FAFCF4B7BE4325B651F3E232A157F6C3_element_1639/text - {}
RESULT: {}
COMMAND: GET /session/e000ba6f1221bf54fa8009c028a24555/element/FAFCF4B7BE4325B651F3E232A157F6C3_element_1640/text - {}
RESULT: {}
COMMAND: GET /session/e000ba6f1221bf54fa8009c028a24555/element/FAFCF4B7BE4325B651F3E232A157F6C3_element_1641/text - {}
RESULT: {}
COMMAND: DELETE /session/e000ba6f1221bf54fa8009c028a24555 - {}
RESULT: {}
]]></system-out>
    </testcase>
  </testsuite>
</testsuites>