<?xml version="1.0" encoding="UTF-8"?>
<testsuites>
  <testsuite name="Invoice Page Test" timestamp="2023-10-12T08:05:40" time="81.077" tests="0" failures="0" errors="0" skipped="0">
    <properties>
      <property name="specId" value="0"/>
      <property name="suiteName" value="Invoice Page Test"/>
      <property name="capabilities" value="chrome.117_0_5938_132.linux"/>
      <property name="file" value="file://./ui-tests/specs/invoice.spec.ts"/>
    </properties>
  </testsuite>
  <testsuite name="Vendor Vendor Three Invoice 2005 09" timestamp="2023-10-12T08:05:40" time="11.296" tests="6" failures="0" errors="0" skipped="0">
    <properties>
      <property name="specId" value="0"/>
      <property name="suiteName" value="Vendor: Vendor Three,Invoice:2005-09"/>
      <property name="capabilities" value="chrome.117_0_5938_132.linux"/>
      <property name="file" value="file://./ui-tests/specs/invoice.spec.ts"/>
    </properties>
    <testcase classname="chrome.117_0_5938_132.linux.Invoice_Page_Test.Vendor:_Vendor_Three,Invoice:2005-09" name="should display correct status banner color and message" time="3.921">
      <system-out><![CDATA[
COMMAND: POST /session/0ae6edea8277d859f363c29f313a072c/url - {"url":"https://pr-509.btm.dev.account.gov.uk/contracts/3/invoices/2005-09"}
RESULT: {"url":"https://pr-509.btm.dev.account.gov.uk/contracts/3/invoices/2005-09"}
COMMAND: POST /session/0ae6edea8277d859f363c29f313a072c/execute/sync - {"script":"return (() => document.readyState === \"complete\").apply(null, arguments)","args":[]}
RESULT: {"script":"return (() => document.readyState === \"complete\").apply(null, arguments)","args":[]}
COMMAND: GET /session/0ae6edea8277d859f363c29f313a072c/url - {}
RESULT: {}
COMMAND: POST /session/0ae6edea8277d859f363c29f313a072c/element - {"using":"css selector","value":".govuk-heading-xl"}
RESULT: {"using":"css selector","value":".govuk-heading-xl"}
COMMAND: POST /session/0ae6edea8277d859f363c29f313a072c/execute/sync - {"script":"return (function isElementDisplayed(element) {\n    function nodeIsElement(node) {\n        if (!node) {\n            return false;\n        }\n        switch (node.nodeType) {\n            case Node.ELEMEN ... (7807 more bytes)","args":[{"element-6066-11e4-a52e-4f735466cecf":"ECFACA58D7C518315F7F7FF23A0018AC_element_5","ELEMENT":"ECFACA58D7C518315F7F7FF23A0018AC_element_5"}]}
RESULT: {"script":"return (function isElementDisplayed(element) {\n    function nodeIsElement(node) {\n        if (!node) {\n            return false;\n        }\n        switch (node.nodeType) {\n            case Node.ELEMEN ... (7807 more bytes)","args":[{"element-6066-11e4-a52e-4f735466cecf":"ECFACA58D7C518315F7F7FF23A0018AC_element_5","ELEMENT":"ECFACA58D7C518315F7F7FF23A0018AC_element_5"}]}
COMMAND: POST /session/0ae6edea8277d859f363c29f313a072c/element - {"using":"css selector","value":".govuk-heading-xl"}
RESULT: {"using":"css selector","value":".govuk-heading-xl"}
COMMAND: GET /session/0ae6edea8277d859f363c29f313a072c/element/ECFACA58D7C518315F7F7FF23A0018AC_element_5/text - {}
RESULT: {}
COMMAND: POST /session/0ae6edea8277d859f363c29f313a072c/element - {"using":"css selector","value":"h2.govuk-panel__title"}
RESULT: {"using":"css selector","value":"h2.govuk-panel__title"}
COMMAND: POST /session/0ae6edea8277d859f363c29f313a072c/execute/sync - {"script":"return (function isElementDisplayed(element) {\n    function nodeIsElement(node) {\n        if (!node) {\n            return false;\n        }\n        switch (node.nodeType) {\n            case Node.ELEMEN ... (7807 more bytes)","args":[{"element-6066-11e4-a52e-4f735466cecf":"ECFACA58D7C518315F7F7FF23A0018AC_element_6","ELEMENT":"ECFACA58D7C518315F7F7FF23A0018AC_element_6"}]}
RESULT: {"script":"return (function isElementDisplayed(element) {\n    function nodeIsElement(node) {\n        if (!node) {\n            return false;\n        }\n        switch (node.nodeType) {\n            case Node.ELEMEN ... (7807 more bytes)","args":[{"element-6066-11e4-a52e-4f735466cecf":"ECFACA58D7C518315F7F7FF23A0018AC_element_6","ELEMENT":"ECFACA58D7C518315F7F7FF23A0018AC_element_6"}]}
COMMAND: POST /session/0ae6edea8277d859f363c29f313a072c/element - {"using":"css selector","value":"h2.govuk-panel__title"}
RESULT: {"using":"css selector","value":"h2.govuk-panel__title"}
COMMAND: GET /session/0ae6edea8277d859f363c29f313a072c/element/ECFACA58D7C518315F7F7FF23A0018AC_element_6/text - {}
RESULT: {}
COMMAND: POST /session/0ae6edea8277d859f363c29f313a072c/element - {"using":"css selector","value":".govuk-panel"}
RESULT: {"using":"css selector","value":".govuk-panel"}
COMMAND: POST /session/0ae6edea8277d859f363c29f313a072c/execute/sync - {"script":"return (function isElementDisplayed(element) {\n    function nodeIsElement(node) {\n        if (!node) {\n            return false;\n        }\n        switch (node.nodeType) {\n            case Node.ELEMEN ... (7807 more bytes)","args":[{"element-6066-11e4-a52e-4f735466cecf":"ECFACA58D7C518315F7F7FF23A0018AC_element_3","ELEMENT":"ECFACA58D7C518315F7F7FF23A0018AC_element_3"}]}
RESULT: {"script":"return (function isElementDisplayed(element) {\n    function nodeIsElement(node) {\n        if (!node) {\n            return false;\n        }\n        switch (node.nodeType) {\n            case Node.ELEMEN ... (7807 more bytes)","args":[{"element-6066-11e4-a52e-4f735466cecf":"ECFACA58D7C518315F7F7FF23A0018AC_element_3","ELEMENT":"ECFACA58D7C518315F7F7FF23A0018AC_element_3"}]}
COMMAND: GET /session/0ae6edea8277d859f363c29f313a072c/element/ECFACA58D7C518315F7F7FF23A0018AC_element_3/css/background-color - {}
RESULT: {}
]]></system-out>
    </testcase>
    <testcase classname="chrome.117_0_5938_132.linux.Invoice_Page_Test.Vendor:_Vendor_Three,Invoice:2005-09" name="should validate reconciliation table data" time="1.187">
      <system-out><![CDATA[
COMMAND: POST /session/0ae6edea8277d859f363c29f313a072c/url - {"url":"https://pr-509.btm.dev.account.gov.uk/contracts/3/invoices/2005-09"}
RESULT: {"url":"https://pr-509.btm.dev.account.gov.uk/contracts/3/invoices/2005-09"}
COMMAND: POST /session/0ae6edea8277d859f363c29f313a072c/execute/sync - {"script":"return (() => document.readyState === \"complete\").apply(null, arguments)","args":[]}
RESULT: {"script":"return (() => document.readyState === \"complete\").apply(null, arguments)","args":[]}
COMMAND: GET /session/0ae6edea8277d859f363c29f313a072c/url - {}
RESULT: {}
COMMAND: POST /session/0ae6edea8277d859f363c29f313a072c/element - {"using":"css selector","value":".govuk-heading-xl"}
RESULT: {"using":"css selector","value":".govuk-heading-xl"}
COMMAND: POST /session/0ae6edea8277d859f363c29f313a072c/execute/sync - {"script":"return (function isElementDisplayed(element) {\n    function nodeIsElement(node) {\n        if (!node) {\n            return false;\n        }\n        switch (node.nodeType) {\n            case Node.ELEMEN ... (7807 more bytes)","args":[{"element-6066-11e4-a52e-4f735466cecf":"07162A2FE788B78F778BAD897E55103A_element_9","ELEMENT":"07162A2FE788B78F778BAD897E55103A_element_9"}]}
RESULT: {"script":"return (function isElementDisplayed(element) {\n    function nodeIsElement(node) {\n        if (!node) {\n            return false;\n        }\n        switch (node.nodeType) {\n            case Node.ELEMEN ... (7807 more bytes)","args":[{"element-6066-11e4-a52e-4f735466cecf":"07162A2FE788B78F778BAD897E55103A_element_9","ELEMENT":"07162A2FE788B78F778BAD897E55103A_element_9"}]}
COMMAND: POST /session/0ae6edea8277d859f363c29f313a072c/element - {"using":"css selector","value":".govuk-heading-xl"}
RESULT: {"using":"css selector","value":".govuk-heading-xl"}
COMMAND: GET /session/0ae6edea8277d859f363c29f313a072c/element/07162A2FE788B78F778BAD897E55103A_element_9/text - {}
RESULT: {}
COMMAND: POST /session/0ae6edea8277d859f363c29f313a072c/element - {"using":"xpath","value":".//caption[contains(., \"Reconciliation\") and not(.//caption)]"}
RESULT: {"using":"xpath","value":".//caption[contains(., \"Reconciliation\") and not(.//caption)]"}
COMMAND: POST /session/0ae6edea8277d859f363c29f313a072c/execute/sync - {"script":"return (function (elem, id) {\n        return (function parentElement() {\n        return this.parentElement;\n    }).call(elem, id);\n    }).apply(null, arguments)","args":[{"element-6066-11e4-a52e-4f735466cecf":"07162A2FE788B78F778BAD897E55103A_element_10","ELEMENT":"07162A2FE788B78F778BAD897E55103A_element_10"}]}
RESULT: {"script":"return (function (elem, id) {\n        return (function parentElement() {\n        return this.parentElement;\n    }).call(elem, id);\n    }).apply(null, arguments)","args":[{"element-6066-11e4-a52e-4f735466cecf":"07162A2FE788B78F778BAD897E55103A_element_10","ELEMENT":"07162A2FE788B78F778BAD897E55103A_element_10"}]}
COMMAND: POST /session/0ae6edea8277d859f363c29f313a072c/execute/sync - {"script":"return (function isElementDisplayed(element) {\n    function nodeIsElement(node) {\n        if (!node) {\n            return false;\n        }\n        switch (node.nodeType) {\n            case Node.ELEMEN ... (7807 more bytes)","args":[{"element-6066-11e4-a52e-4f735466cecf":"07162A2FE788B78F778BAD897E55103A_element_11","ELEMENT":"07162A2FE788B78F778BAD897E55103A_element_11"}]}
RESULT: {"script":"return (function isElementDisplayed(element) {\n    function nodeIsElement(node) {\n        if (!node) {\n            return false;\n        }\n        switch (node.nodeType) {\n            case Node.ELEMEN ... (7807 more bytes)","args":[{"element-6066-11e4-a52e-4f735466cecf":"07162A2FE788B78F778BAD897E55103A_element_11","ELEMENT":"07162A2FE788B78F778BAD897E55103A_element_11"}]}
COMMAND: POST /session/0ae6edea8277d859f363c29f313a072c/element/07162A2FE788B78F778BAD897E55103A_element_11/elements - {"using":"css selector","value":"tbody tr"}
RESULT: {"using":"css selector","value":"tbody tr"}
COMMAND: POST /session/0ae6edea8277d859f363c29f313a072c/element/07162A2FE788B78F778BAD897E55103A_element_11/element - {"using":"css selector","value":"thead tr"}
RESULT: {"using":"css selector","value":"thead tr"}
COMMAND: POST /session/0ae6edea8277d859f363c29f313a072c/element/07162A2FE788B78F778BAD897E55103A_element_13/elements - {"using":"css selector","value":"th"}
RESULT: {"using":"css selector","value":"th"}
COMMAND: GET /session/0ae6edea8277d859f363c29f313a072c/element/07162A2FE788B78F778BAD897E55103A_element_14/text - {}
COMMAND: GET /session/0ae6edea8277d859f363c29f313a072c/element/07162A2FE788B78F778BAD897E55103A_element_15/text - {}
COMMAND: GET /session/0ae6edea8277d859f363c29f313a072c/element/07162A2FE788B78F778BAD897E55103A_element_17/text - {}
COMMAND: GET /session/0ae6edea8277d859f363c29f313a072c/element/07162A2FE788B78F778BAD897E55103A_element_16/text - {}
COMMAND: GET /session/0ae6edea8277d859f363c29f313a072c/element/07162A2FE788B78F778BAD897E55103A_element_18/text - {}
RESULT: {}
RESULT: {}
RESULT: {}
RESULT: {}
RESULT: {}
COMMAND: POST /session/0ae6edea8277d859f363c29f313a072c/element/07162A2FE788B78F778BAD897E55103A_element_12/elements - {"using":"css selector","value":"th,td"}
RESULT: {"using":"css selector","value":"th,td"}
COMMAND: GET /session/0ae6edea8277d859f363c29f313a072c/element/07162A2FE788B78F778BAD897E55103A_element_19/text - {}
RESULT: {}
COMMAND: GET /session/0ae6edea8277d859f363c29f313a072c/element/07162A2FE788B78F778BAD897E55103A_element_20/text - {}
RESULT: {}
COMMAND: GET /session/0ae6edea8277d859f363c29f313a072c/element/07162A2FE788B78F778BAD897E55103A_element_21/text - {}
RESULT: {}
COMMAND: GET /session/0ae6edea8277d859f363c29f313a072c/element/07162A2FE788B78F778BAD897E55103A_element_22/text - {}
RESULT: {}
COMMAND: GET /session/0ae6edea8277d859f363c29f313a072c/element/07162A2FE788B78F778BAD897E55103A_element_23/text - {}
RESULT: {}
]]></system-out>
    </testcase>
    <testcase classname="chrome.117_0_5938_132.linux.Invoice_Page_Test.Vendor:_Vendor_Three,Invoice:2005-09" name="should validate quantity events table data" time="2.49">
      <system-out><![CDATA[
COMMAND: POST /session/0ae6edea8277d859f363c29f313a072c/url - {"url":"https://pr-509.btm.dev.account.gov.uk/contracts/3/invoices/2005-09"}
RESULT: {"url":"https://pr-509.btm.dev.account.gov.uk/contracts/3/invoices/2005-09"}
COMMAND: POST /session/0ae6edea8277d859f363c29f313a072c/execute/sync - {"script":"return (() => document.readyState === \"complete\").apply(null, arguments)","args":[]}
RESULT: {"script":"return (() => document.readyState === \"complete\").apply(null, arguments)","args":[]}
COMMAND: GET /session/0ae6edea8277d859f363c29f313a072c/url - {}
RESULT: {}
COMMAND: POST /session/0ae6edea8277d859f363c29f313a072c/element - {"using":"css selector","value":".govuk-heading-xl"}
RESULT: {"using":"css selector","value":".govuk-heading-xl"}
COMMAND: POST /session/0ae6edea8277d859f363c29f313a072c/execute/sync - {"script":"return (function isElementDisplayed(element) {\n    function nodeIsElement(node) {\n        if (!node) {\n            return false;\n        }\n        switch (node.nodeType) {\n            case Node.ELEMEN ... (7807 more bytes)","args":[{"element-6066-11e4-a52e-4f735466cecf":"C7AA881A736B25EE99E9BED5729586A4_element_26","ELEMENT":"C7AA881A736B25EE99E9BED5729586A4_element_26"}]}
RESULT: {"script":"return (function isElementDisplayed(element) {\n    function nodeIsElement(node) {\n        if (!node) {\n            return false;\n        }\n        switch (node.nodeType) {\n            case Node.ELEMEN ... (7807 more bytes)","args":[{"element-6066-11e4-a52e-4f735466cecf":"C7AA881A736B25EE99E9BED5729586A4_element_26","ELEMENT":"C7AA881A736B25EE99E9BED5729586A4_element_26"}]}
COMMAND: POST /session/0ae6edea8277d859f363c29f313a072c/element - {"using":"css selector","value":".govuk-heading-xl"}
RESULT: {"using":"css selector","value":".govuk-heading-xl"}
COMMAND: GET /session/0ae6edea8277d859f363c29f313a072c/element/C7AA881A736B25EE99E9BED5729586A4_element_26/text - {}
RESULT: {}
COMMAND: POST /session/0ae6edea8277d859f363c29f313a072c/element - {"using":"xpath","value":".//caption[contains(., \"Quantity (events)\") and not(.//caption)]"}
RESULT: {"using":"xpath","value":".//caption[contains(., \"Quantity (events)\") and not(.//caption)]"}
COMMAND: POST /session/0ae6edea8277d859f363c29f313a072c/execute/sync - {"script":"return (function (elem, id) {\n        return (function parentElement() {\n        return this.parentElement;\n    }).call(elem, id);\n    }).apply(null, arguments)","args":[{"element-6066-11e4-a52e-4f735466cecf":"C7AA881A736B25EE99E9BED5729586A4_element_27","ELEMENT":"C7AA881A736B25EE99E9BED5729586A4_element_27"}]}
RESULT: {"script":"return (function (elem, id) {\n        return (function parentElement() {\n        return this.parentElement;\n    }).call(elem, id);\n    }).apply(null, arguments)","args":[{"element-6066-11e4-a52e-4f735466cecf":"C7AA881A736B25EE99E9BED5729586A4_element_27","ELEMENT":"C7AA881A736B25EE99E9BED5729586A4_element_27"}]}
COMMAND: POST /session/0ae6edea8277d859f363c29f313a072c/execute/sync - {"script":"return (function isElementDisplayed(element) {\n    function nodeIsElement(node) {\n        if (!node) {\n            return false;\n        }\n        switch (node.nodeType) {\n            case Node.ELEMEN ... (7807 more bytes)","args":[{"element-6066-11e4-a52e-4f735466cecf":"C7AA881A736B25EE99E9BED5729586A4_element_28","ELEMENT":"C7AA881A736B25EE99E9BED5729586A4_element_28"}]}
RESULT: {"script":"return (function isElementDisplayed(element) {\n    function nodeIsElement(node) {\n        if (!node) {\n            return false;\n        }\n        switch (node.nodeType) {\n            case Node.ELEMEN ... (7807 more bytes)","args":[{"element-6066-11e4-a52e-4f735466cecf":"C7AA881A736B25EE99E9BED5729586A4_element_28","ELEMENT":"C7AA881A736B25EE99E9BED5729586A4_element_28"}]}
COMMAND: POST /session/0ae6edea8277d859f363c29f313a072c/element/C7AA881A736B25EE99E9BED5729586A4_element_28/elements - {"using":"css selector","value":"tbody tr"}
RESULT: {"using":"css selector","value":"tbody tr"}
COMMAND: POST /session/0ae6edea8277d859f363c29f313a072c/element/C7AA881A736B25EE99E9BED5729586A4_element_28/element - {"using":"css selector","value":"thead tr"}
RESULT: {"using":"css selector","value":"thead tr"}
COMMAND: POST /session/0ae6edea8277d859f363c29f313a072c/element/C7AA881A736B25EE99E9BED5729586A4_element_30/elements - {"using":"css selector","value":"th"}
RESULT: {"using":"css selector","value":"th"}
COMMAND: GET /session/0ae6edea8277d859f363c29f313a072c/element/C7AA881A736B25EE99E9BED5729586A4_element_31/text - {}
COMMAND: GET /session/0ae6edea8277d859f363c29f313a072c/element/C7AA881A736B25EE99E9BED5729586A4_element_32/text - {}
COMMAND: GET /session/0ae6edea8277d859f363c29f313a072c/element/C7AA881A736B25EE99E9BED5729586A4_element_34/text - {}
COMMAND: GET /session/0ae6edea8277d859f363c29f313a072c/element/C7AA881A736B25EE99E9BED5729586A4_element_33/text - {}
RESULT: {}
RESULT: {}
RESULT: {}
RESULT: {}
COMMAND: POST /session/0ae6edea8277d859f363c29f313a072c/element/C7AA881A736B25EE99E9BED5729586A4_element_29/elements - {"using":"css selector","value":"th,td"}
RESULT: {"using":"css selector","value":"th,td"}
COMMAND: GET /session/0ae6edea8277d859f363c29f313a072c/element/C7AA881A736B25EE99E9BED5729586A4_element_35/text - {}
RESULT: {}
COMMAND: GET /session/0ae6edea8277d859f363c29f313a072c/element/C7AA881A736B25EE99E9BED5729586A4_element_36/text - {}
RESULT: {}
COMMAND: GET /session/0ae6edea8277d859f363c29f313a072c/element/C7AA881A736B25EE99E9BED5729586A4_element_37/text - {}
RESULT: {}
COMMAND: GET /session/0ae6edea8277d859f363c29f313a072c/element/C7AA881A736B25EE99E9BED5729586A4_element_38/text - {}
RESULT: {}
]]></system-out>
    </testcase>
    <testcase classname="chrome.117_0_5938_132.linux.Invoice_Page_Test.Vendor:_Vendor_Three,Invoice:2005-09" name="should validate price table data" time="1.267">
      <system-out><![CDATA[
COMMAND: POST /session/0ae6edea8277d859f363c29f313a072c/url - {"url":"https://pr-509.btm.dev.account.gov.uk/contracts/3/invoices/2005-09"}
RESULT: {"url":"https://pr-509.btm.dev.account.gov.uk/contracts/3/invoices/2005-09"}
COMMAND: POST /session/0ae6edea8277d859f363c29f313a072c/execute/sync - {"script":"return (() => document.readyState === \"complete\").apply(null, arguments)","args":[]}
RESULT: {"script":"return (() => document.readyState === \"complete\").apply(null, arguments)","args":[]}
COMMAND: GET /session/0ae6edea8277d859f363c29f313a072c/url - {}
RESULT: {}
COMMAND: POST /session/0ae6edea8277d859f363c29f313a072c/element - {"using":"css selector","value":".govuk-heading-xl"}
RESULT: {"using":"css selector","value":".govuk-heading-xl"}
COMMAND: POST /session/0ae6edea8277d859f363c29f313a072c/execute/sync - {"script":"return (function isElementDisplayed(element) {\n    function nodeIsElement(node) {\n        if (!node) {\n            return false;\n        }\n        switch (node.nodeType) {\n            case Node.ELEMEN ... (7807 more bytes)","args":[{"element-6066-11e4-a52e-4f735466cecf":"B61DEF99FDEBCE2EC1F7303B2ABF1EAF_element_43","ELEMENT":"B61DEF99FDEBCE2EC1F7303B2ABF1EAF_element_43"}]}
RESULT: {"script":"return (function isElementDisplayed(element) {\n    function nodeIsElement(node) {\n        if (!node) {\n            return false;\n        }\n        switch (node.nodeType) {\n            case Node.ELEMEN ... (7807 more bytes)","args":[{"element-6066-11e4-a52e-4f735466cecf":"B61DEF99FDEBCE2EC1F7303B2ABF1EAF_element_43","ELEMENT":"B61DEF99FDEBCE2EC1F7303B2ABF1EAF_element_43"}]}
COMMAND: POST /session/0ae6edea8277d859f363c29f313a072c/element - {"using":"css selector","value":".govuk-heading-xl"}
RESULT: {"using":"css selector","value":".govuk-heading-xl"}
COMMAND: GET /session/0ae6edea8277d859f363c29f313a072c/element/B61DEF99FDEBCE2EC1F7303B2ABF1EAF_element_43/text - {}
RESULT: {}
COMMAND: POST /session/0ae6edea8277d859f363c29f313a072c/element - {"using":"xpath","value":".//caption[contains(., \"Price\") and not(.//caption)]"}
RESULT: {"using":"xpath","value":".//caption[contains(., \"Price\") and not(.//caption)]"}
COMMAND: POST /session/0ae6edea8277d859f363c29f313a072c/execute/sync - {"script":"return (function (elem, id) {\n        return (function parentElement() {\n        return this.parentElement;\n    }).call(elem, id);\n    }).apply(null, arguments)","args":[{"element-6066-11e4-a52e-4f735466cecf":"B61DEF99FDEBCE2EC1F7303B2ABF1EAF_element_44","ELEMENT":"B61DEF99FDEBCE2EC1F7303B2ABF1EAF_element_44"}]}
RESULT: {"script":"return (function (elem, id) {\n        return (function parentElement() {\n        return this.parentElement;\n    }).call(elem, id);\n    }).apply(null, arguments)","args":[{"element-6066-11e4-a52e-4f735466cecf":"B61DEF99FDEBCE2EC1F7303B2ABF1EAF_element_44","ELEMENT":"B61DEF99FDEBCE2EC1F7303B2ABF1EAF_element_44"}]}
COMMAND: POST /session/0ae6edea8277d859f363c29f313a072c/execute/sync - {"script":"return (function isElementDisplayed(element) {\n    function nodeIsElement(node) {\n        if (!node) {\n            return false;\n        }\n        switch (node.nodeType) {\n            case Node.ELEMEN ... (7807 more bytes)","args":[{"element-6066-11e4-a52e-4f735466cecf":"B61DEF99FDEBCE2EC1F7303B2ABF1EAF_element_45","ELEMENT":"B61DEF99FDEBCE2EC1F7303B2ABF1EAF_element_45"}]}
RESULT: {"script":"return (function isElementDisplayed(element) {\n    function nodeIsElement(node) {\n        if (!node) {\n            return false;\n        }\n        switch (node.nodeType) {\n            case Node.ELEMEN ... (7807 more bytes)","args":[{"element-6066-11e4-a52e-4f735466cecf":"B61DEF99FDEBCE2EC1F7303B2ABF1EAF_element_45","ELEMENT":"B61DEF99FDEBCE2EC1F7303B2ABF1EAF_element_45"}]}
COMMAND: POST /session/0ae6edea8277d859f363c29f313a072c/element/B61DEF99FDEBCE2EC1F7303B2ABF1EAF_element_45/elements - {"using":"css selector","value":"tbody tr"}
RESULT: {"using":"css selector","value":"tbody tr"}
COMMAND: POST /session/0ae6edea8277d859f363c29f313a072c/element/B61DEF99FDEBCE2EC1F7303B2ABF1EAF_element_45/element - {"using":"css selector","value":"thead tr"}
RESULT: {"using":"css selector","value":"thead tr"}
COMMAND: POST /session/0ae6edea8277d859f363c29f313a072c/element/B61DEF99FDEBCE2EC1F7303B2ABF1EAF_element_47/elements - {"using":"css selector","value":"th"}
RESULT: {"using":"css selector","value":"th"}
COMMAND: GET /session/0ae6edea8277d859f363c29f313a072c/element/B61DEF99FDEBCE2EC1F7303B2ABF1EAF_element_48/text - {}
COMMAND: GET /session/0ae6edea8277d859f363c29f313a072c/element/B61DEF99FDEBCE2EC1F7303B2ABF1EAF_element_49/text - {}
COMMAND: GET /session/0ae6edea8277d859f363c29f313a072c/element/B61DEF99FDEBCE2EC1F7303B2ABF1EAF_element_51/text - {}
COMMAND: GET /session/0ae6edea8277d859f363c29f313a072c/element/B61DEF99FDEBCE2EC1F7303B2ABF1EAF_element_50/text - {}
RESULT: {}
RESULT: {}
RESULT: {}
RESULT: {}
COMMAND: POST /session/0ae6edea8277d859f363c29f313a072c/element/B61DEF99FDEBCE2EC1F7303B2ABF1EAF_element_46/elements - {"using":"css selector","value":"th,td"}
RESULT: {"using":"css selector","value":"th,td"}
COMMAND: GET /session/0ae6edea8277d859f363c29f313a072c/element/B61DEF99FDEBCE2EC1F7303B2ABF1EAF_element_52/text - {}
RESULT: {}
COMMAND: GET /session/0ae6edea8277d859f363c29f313a072c/element/B61DEF99FDEBCE2EC1F7303B2ABF1EAF_element_53/text - {}
RESULT: {}
COMMAND: GET /session/0ae6edea8277d859f363c29f313a072c/element/B61DEF99FDEBCE2EC1F7303B2ABF1EAF_element_54/text - {}
RESULT: {}
COMMAND: GET /session/0ae6edea8277d859f363c29f313a072c/element/B61DEF99FDEBCE2EC1F7303B2ABF1EAF_element_55/text - {}
RESULT: {}
]]></system-out>
    </testcase>
    <testcase classname="chrome.117_0_5938_132.linux.Invoice_Page_Test.Vendor:_Vendor_Three,Invoice:2005-09" name="should validate measured events table data" time="1.502">
      <system-out><![CDATA[
COMMAND: POST /session/0ae6edea8277d859f363c29f313a072c/url - {"url":"https://pr-509.btm.dev.account.gov.uk/contracts/3/invoices/2005-09"}
RESULT: {"url":"https://pr-509.btm.dev.account.gov.uk/contracts/3/invoices/2005-09"}
COMMAND: POST /session/0ae6edea8277d859f363c29f313a072c/execute/sync - {"script":"return (() => document.readyState === \"complete\").apply(null, arguments)","args":[]}
RESULT: {"script":"return (() => document.readyState === \"complete\").apply(null, arguments)","args":[]}
COMMAND: GET /session/0ae6edea8277d859f363c29f313a072c/url - {}
RESULT: {}
COMMAND: POST /session/0ae6edea8277d859f363c29f313a072c/element - {"using":"css selector","value":".govuk-heading-xl"}
RESULT: {"using":"css selector","value":".govuk-heading-xl"}
COMMAND: POST /session/0ae6edea8277d859f363c29f313a072c/execute/sync - {"script":"return (function isElementDisplayed(element) {\n    function nodeIsElement(node) {\n        if (!node) {\n            return false;\n        }\n        switch (node.nodeType) {\n            case Node.ELEMEN ... (7807 more bytes)","args":[{"element-6066-11e4-a52e-4f735466cecf":"C220F53728B24353E66F9A247CAB2261_element_60","ELEMENT":"C220F53728B24353E66F9A247CAB2261_element_60"}]}
RESULT: {"script":"return (function isElementDisplayed(element) {\n    function nodeIsElement(node) {\n        if (!node) {\n            return false;\n        }\n        switch (node.nodeType) {\n            case Node.ELEMEN ... (7807 more bytes)","args":[{"element-6066-11e4-a52e-4f735466cecf":"C220F53728B24353E66F9A247CAB2261_element_60","ELEMENT":"C220F53728B24353E66F9A247CAB2261_element_60"}]}
COMMAND: POST /session/0ae6edea8277d859f363c29f313a072c/element - {"using":"css selector","value":".govuk-heading-xl"}
RESULT: {"using":"css selector","value":".govuk-heading-xl"}
COMMAND: GET /session/0ae6edea8277d859f363c29f313a072c/element/C220F53728B24353E66F9A247CAB2261_element_60/text - {}
RESULT: {}
COMMAND: POST /session/0ae6edea8277d859f363c29f313a072c/element - {"using":"xpath","value":".//caption[contains(., \"Measured (events)\") and not(.//caption)]"}
RESULT: {"using":"xpath","value":".//caption[contains(., \"Measured (events)\") and not(.//caption)]"}
COMMAND: POST /session/0ae6edea8277d859f363c29f313a072c/execute/sync - {"script":"return (function (elem, id) {\n        return (function parentElement() {\n        return this.parentElement;\n    }).call(elem, id);\n    }).apply(null, arguments)","args":[{"element-6066-11e4-a52e-4f735466cecf":"C220F53728B24353E66F9A247CAB2261_element_61","ELEMENT":"C220F53728B24353E66F9A247CAB2261_element_61"}]}
RESULT: {"script":"return (function (elem, id) {\n        return (function parentElement() {\n        return this.parentElement;\n    }).call(elem, id);\n    }).apply(null, arguments)","args":[{"element-6066-11e4-a52e-4f735466cecf":"C220F53728B24353E66F9A247CAB2261_element_61","ELEMENT":"C220F53728B24353E66F9A247CAB2261_element_61"}]}
COMMAND: POST /session/0ae6edea8277d859f363c29f313a072c/execute/sync - {"script":"return (function isElementDisplayed(element) {\n    function nodeIsElement(node) {\n        if (!node) {\n            return false;\n        }\n        switch (node.nodeType) {\n            case Node.ELEMEN ... (7807 more bytes)","args":[{"element-6066-11e4-a52e-4f735466cecf":"C220F53728B24353E66F9A247CAB2261_element_62","ELEMENT":"C220F53728B24353E66F9A247CAB2261_element_62"}]}
RESULT: {"script":"return (function isElementDisplayed(element) {\n    function nodeIsElement(node) {\n        if (!node) {\n            return false;\n        }\n        switch (node.nodeType) {\n            case Node.ELEMEN ... (7807 more bytes)","args":[{"element-6066-11e4-a52e-4f735466cecf":"C220F53728B24353E66F9A247CAB2261_element_62","ELEMENT":"C220F53728B24353E66F9A247CAB2261_element_62"}]}
COMMAND: POST /session/0ae6edea8277d859f363c29f313a072c/element/C220F53728B24353E66F9A247CAB2261_element_62/elements - {"using":"css selector","value":"tbody tr"}
RESULT: {"using":"css selector","value":"tbody tr"}
COMMAND: POST /session/0ae6edea8277d859f363c29f313a072c/element/C220F53728B24353E66F9A247CAB2261_element_62/element - {"using":"css selector","value":"thead tr"}
RESULT: {"using":"css selector","value":"thead tr"}
COMMAND: POST /session/0ae6edea8277d859f363c29f313a072c/element/C220F53728B24353E66F9A247CAB2261_element_64/elements - {"using":"css selector","value":"th"}
RESULT: {"using":"css selector","value":"th"}
COMMAND: GET /session/0ae6edea8277d859f363c29f313a072c/element/C220F53728B24353E66F9A247CAB2261_element_65/text - {}
COMMAND: GET /session/0ae6edea8277d859f363c29f313a072c/element/C220F53728B24353E66F9A247CAB2261_element_66/text - {}
RESULT: {}
RESULT: {}
COMMAND: POST /session/0ae6edea8277d859f363c29f313a072c/element/C220F53728B24353E66F9A247CAB2261_element_63/elements - {"using":"css selector","value":"th,td"}
RESULT: {"using":"css selector","value":"th,td"}
COMMAND: GET /session/0ae6edea8277d859f363c29f313a072c/element/C220F53728B24353E66F9A247CAB2261_element_67/text - {}
RESULT: {}
COMMAND: GET /session/0ae6edea8277d859f363c29f313a072c/element/C220F53728B24353E66F9A247CAB2261_element_68/text - {}
RESULT: {}
]]></system-out>
    </testcase>
    <testcase classname="chrome.117_0_5938_132.linux.Invoice_Page_Test.Vendor:_Vendor_Three,Invoice:2005-09" name="should validate invoice table data" time="0.912">
      <system-out><![CDATA[
COMMAND: POST /session/0ae6edea8277d859f363c29f313a072c/url - {"url":"https://pr-509.btm.dev.account.gov.uk/contracts/3/invoices/2005-09"}
RESULT: {"url":"https://pr-509.btm.dev.account.gov.uk/contracts/3/invoices/2005-09"}
COMMAND: POST /session/0ae6edea8277d859f363c29f313a072c/execute/sync - {"script":"return (() => document.readyState === \"complete\").apply(null, arguments)","args":[]}
RESULT: {"script":"return (() => document.readyState === \"complete\").apply(null, arguments)","args":[]}
COMMAND: GET /session/0ae6edea8277d859f363c29f313a072c/url - {}
RESULT: {}
COMMAND: POST /session/0ae6edea8277d859f363c29f313a072c/element - {"using":"css selector","value":".govuk-heading-xl"}
RESULT: {"using":"css selector","value":".govuk-heading-xl"}
COMMAND: POST /session/0ae6edea8277d859f363c29f313a072c/execute/sync - {"script":"return (function isElementDisplayed(element) {\n    function nodeIsElement(node) {\n        if (!node) {\n            return false;\n        }\n        switch (node.nodeType) {\n            case Node.ELEMEN ... (7807 more bytes)","args":[{"element-6066-11e4-a52e-4f735466cecf":"6F933588E27B9F9CAB429B8C7FF10523_element_71","ELEMENT":"6F933588E27B9F9CAB429B8C7FF10523_element_71"}]}
RESULT: {"script":"return (function isElementDisplayed(element) {\n    function nodeIsElement(node) {\n        if (!node) {\n            return false;\n        }\n        switch (node.nodeType) {\n            case Node.ELEMEN ... (7807 more bytes)","args":[{"element-6066-11e4-a52e-4f735466cecf":"6F933588E27B9F9CAB429B8C7FF10523_element_71","ELEMENT":"6F933588E27B9F9CAB429B8C7FF10523_element_71"}]}
COMMAND: POST /session/0ae6edea8277d859f363c29f313a072c/element - {"using":"css selector","value":".govuk-heading-xl"}
RESULT: {"using":"css selector","value":".govuk-heading-xl"}
COMMAND: GET /session/0ae6edea8277d859f363c29f313a072c/element/6F933588E27B9F9CAB429B8C7FF10523_element_71/text - {}
RESULT: {}
COMMAND: POST /session/0ae6edea8277d859f363c29f313a072c/element - {"using":"xpath","value":".//caption[contains(., \"Invoice\") and not(.//caption)]"}
RESULT: {"using":"xpath","value":".//caption[contains(., \"Invoice\") and not(.//caption)]"}
COMMAND: POST /session/0ae6edea8277d859f363c29f313a072c/execute/sync - {"script":"return (function (elem, id) {\n        return (function parentElement() {\n        return this.parentElement;\n    }).call(elem, id);\n    }).apply(null, arguments)","args":[{"element-6066-11e4-a52e-4f735466cecf":"6F933588E27B9F9CAB429B8C7FF10523_element_72","ELEMENT":"6F933588E27B9F9CAB429B8C7FF10523_element_72"}]}
RESULT: {"script":"return (function (elem, id) {\n        return (function parentElement() {\n        return this.parentElement;\n    }).call(elem, id);\n    }).apply(null, arguments)","args":[{"element-6066-11e4-a52e-4f735466cecf":"6F933588E27B9F9CAB429B8C7FF10523_element_72","ELEMENT":"6F933588E27B9F9CAB429B8C7FF10523_element_72"}]}
COMMAND: POST /session/0ae6edea8277d859f363c29f313a072c/execute/sync - {"script":"return (function isElementDisplayed(element) {\n    function nodeIsElement(node) {\n        if (!node) {\n            return false;\n        }\n        switch (node.nodeType) {\n            case Node.ELEMEN ... (7807 more bytes)","args":[{"element-6066-11e4-a52e-4f735466cecf":"6F933588E27B9F9CAB429B8C7FF10523_element_73","ELEMENT":"6F933588E27B9F9CAB429B8C7FF10523_element_73"}]}
RESULT: {"script":"return (function isElementDisplayed(element) {\n    function nodeIsElement(node) {\n        if (!node) {\n            return false;\n        }\n        switch (node.nodeType) {\n            case Node.ELEMEN ... (7807 more bytes)","args":[{"element-6066-11e4-a52e-4f735466cecf":"6F933588E27B9F9CAB429B8C7FF10523_element_73","ELEMENT":"6F933588E27B9F9CAB429B8C7FF10523_element_73"}]}
COMMAND: POST /session/0ae6edea8277d859f363c29f313a072c/element/6F933588E27B9F9CAB429B8C7FF10523_element_73/elements - {"using":"css selector","value":"tbody tr"}
RESULT: {"using":"css selector","value":"tbody tr"}
COMMAND: POST /session/0ae6edea8277d859f363c29f313a072c/element/6F933588E27B9F9CAB429B8C7FF10523_element_73/element - {"using":"css selector","value":"thead tr"}
RESULT: {"using":"css selector","value":"thead tr"}
COMMAND: POST /session/0ae6edea8277d859f363c29f313a072c/element/6F933588E27B9F9CAB429B8C7FF10523_element_76/elements - {"using":"css selector","value":"th"}
RESULT: {"using":"css selector","value":"th"}
COMMAND: GET /session/0ae6edea8277d859f363c29f313a072c/element/6F933588E27B9F9CAB429B8C7FF10523_element_77/text - {}
COMMAND: GET /session/0ae6edea8277d859f363c29f313a072c/element/6F933588E27B9F9CAB429B8C7FF10523_element_78/text - {}
COMMAND: GET /session/0ae6edea8277d859f363c29f313a072c/element/6F933588E27B9F9CAB429B8C7FF10523_element_80/text - {}
COMMAND: GET /session/0ae6edea8277d859f363c29f313a072c/element/6F933588E27B9F9CAB429B8C7FF10523_element_79/text - {}
COMMAND: GET /session/0ae6edea8277d859f363c29f313a072c/element/6F933588E27B9F9CAB429B8C7FF10523_element_81/text - {}
RESULT: {}
RESULT: {}
RESULT: {}
RESULT: {}
RESULT: {}
COMMAND: POST /session/0ae6edea8277d859f363c29f313a072c/element/6F933588E27B9F9CAB429B8C7FF10523_element_74/elements - {"using":"css selector","value":"th,td"}
RESULT: {"using":"css selector","value":"th,td"}
COMMAND: GET /session/0ae6edea8277d859f363c29f313a072c/element/6F933588E27B9F9CAB429B8C7FF10523_element_82/text - {}
RESULT: {}
COMMAND: GET /session/0ae6edea8277d859f363c29f313a072c/element/6F933588E27B9F9CAB429B8C7FF10523_element_83/text - {}
RESULT: {}
COMMAND: GET /session/0ae6edea8277d859f363c29f313a072c/element/6F933588E27B9F9CAB429B8C7FF10523_element_84/text - {}
RESULT: {}
COMMAND: GET /session/0ae6edea8277d859f363c29f313a072c/element/6F933588E27B9F9CAB429B8C7FF10523_element_85/text - {}
RESULT: {}
COMMAND: GET /session/0ae6edea8277d859f363c29f313a072c/element/6F933588E27B9F9CAB429B8C7FF10523_element_86/text - {}
RESULT: {}
COMMAND: POST /session/0ae6edea8277d859f363c29f313a072c/element/6F933588E27B9F9CAB429B8C7FF10523_element_75/elements - {"using":"css selector","value":"th,td"}
RESULT: {"using":"css selector","value":"th,td"}
COMMAND: GET /session/0ae6edea8277d859f363c29f313a072c/element/6F933588E27B9F9CAB429B8C7FF10523_element_87/text - {}
RESULT: {}
COMMAND: GET /session/0ae6edea8277d859f363c29f313a072c/element/6F933588E27B9F9CAB429B8C7FF10523_element_88/text - {}
RESULT: {}
COMMAND: GET /session/0ae6edea8277d859f363c29f313a072c/element/6F933588E27B9F9CAB429B8C7FF10523_element_89/text - {}
RESULT: {}
COMMAND: GET /session/0ae6edea8277d859f363c29f313a072c/element/6F933588E27B9F9CAB429B8C7FF10523_element_90/text - {}
RESULT: {}
COMMAND: GET /session/0ae6edea8277d859f363c29f313a072c/element/6F933588E27B9F9CAB429B8C7FF10523_element_91/text - {}
RESULT: {}
]]></system-out>
    </testcase>
  </testsuite>
  <testsuite name="Vendor Vendor Three Invoice 2023 03" timestamp="2023-10-12T08:05:51" time="3.717" tests="6" failures="6" errors="6" skipped="0">
    <properties>
      <property name="specId" value="0"/>
      <property name="suiteName" value="Vendor: Vendor Three,Invoice:2023-03"/>
      <property name="capabilities" value="chrome.117_0_5938_132.linux"/>
      <property name="file" value="file://./ui-tests/specs/invoice.spec.ts"/>
    </properties>
    <testcase classname="chrome.117_0_5938_132.linux.Invoice_Page_Test.Vendor:_Vendor_Three,Invoice:2023-03" name="should display correct status banner color and message" time="0.562">
      <failure/>
      <error message="expect(received).toEqual(expected) // deep equality&#xA;&#xA;Expected: &quot;Events missing&quot;&#xA;Received: &quot;Invoice and events missing&quot;"/>
      <system-out><![CDATA[
COMMAND: POST /session/0ae6edea8277d859f363c29f313a072c/url - {"url":"https://pr-509.btm.dev.account.gov.uk/contracts/3/invoices/2023-03"}
RESULT: {"url":"https://pr-509.btm.dev.account.gov.uk/contracts/3/invoices/2023-03"}
COMMAND: POST /session/0ae6edea8277d859f363c29f313a072c/execute/sync - {"script":"return (() => document.readyState === \"complete\").apply(null, arguments)","args":[]}
RESULT: {"script":"return (() => document.readyState === \"complete\").apply(null, arguments)","args":[]}
COMMAND: GET /session/0ae6edea8277d859f363c29f313a072c/url - {}
RESULT: {}
COMMAND: POST /session/0ae6edea8277d859f363c29f313a072c/element - {"using":"css selector","value":".govuk-heading-xl"}
RESULT: {"using":"css selector","value":".govuk-heading-xl"}
COMMAND: POST /session/0ae6edea8277d859f363c29f313a072c/execute/sync - {"script":"return (function isElementDisplayed(element) {\n    function nodeIsElement(node) {\n        if (!node) {\n            return false;\n        }\n        switch (node.nodeType) {\n            case Node.ELEMEN ... (7807 more bytes)","args":[{"element-6066-11e4-a52e-4f735466cecf":"1AC3CD26C07CF71531AEEB9FEAD9B773_element_94","ELEMENT":"1AC3CD26C07CF71531AEEB9FEAD9B773_element_94"}]}
RESULT: {"script":"return (function isElementDisplayed(element) {\n    function nodeIsElement(node) {\n        if (!node) {\n            return false;\n        }\n        switch (node.nodeType) {\n            case Node.ELEMEN ... (7807 more bytes)","args":[{"element-6066-11e4-a52e-4f735466cecf":"1AC3CD26C07CF71531AEEB9FEAD9B773_element_94","ELEMENT":"1AC3CD26C07CF71531AEEB9FEAD9B773_element_94"}]}
COMMAND: POST /session/0ae6edea8277d859f363c29f313a072c/element - {"using":"css selector","value":".govuk-heading-xl"}
RESULT: {"using":"css selector","value":".govuk-heading-xl"}
COMMAND: GET /session/0ae6edea8277d859f363c29f313a072c/element/1AC3CD26C07CF71531AEEB9FEAD9B773_element_94/text - {}
RESULT: {}
COMMAND: POST /session/0ae6edea8277d859f363c29f313a072c/element - {"using":"css selector","value":"h2.govuk-panel__title"}
RESULT: {"using":"css selector","value":"h2.govuk-panel__title"}
COMMAND: POST /session/0ae6edea8277d859f363c29f313a072c/execute/sync - {"script":"return (function isElementDisplayed(element) {\n    function nodeIsElement(node) {\n        if (!node) {\n            return false;\n        }\n        switch (node.nodeType) {\n            case Node.ELEMEN ... (7807 more bytes)","args":[{"element-6066-11e4-a52e-4f735466cecf":"1AC3CD26C07CF71531AEEB9FEAD9B773_element_95","ELEMENT":"1AC3CD26C07CF71531AEEB9FEAD9B773_element_95"}]}
RESULT: {"script":"return (function isElementDisplayed(element) {\n    function nodeIsElement(node) {\n        if (!node) {\n            return false;\n        }\n        switch (node.nodeType) {\n            case Node.ELEMEN ... (7807 more bytes)","args":[{"element-6066-11e4-a52e-4f735466cecf":"1AC3CD26C07CF71531AEEB9FEAD9B773_element_95","ELEMENT":"1AC3CD26C07CF71531AEEB9FEAD9B773_element_95"}]}
COMMAND: POST /session/0ae6edea8277d859f363c29f313a072c/element - {"using":"css selector","value":"h2.govuk-panel__title"}
RESULT: {"using":"css selector","value":"h2.govuk-panel__title"}
COMMAND: GET /session/0ae6edea8277d859f363c29f313a072c/element/1AC3CD26C07CF71531AEEB9FEAD9B773_element_95/text - {}
RESULT: {}
]]></system-out>
      <system-err><![CDATA[
Error: expect(received).toEqual(expected) // deep equality

Expected: "Events missing"
Received: "Invoice and events missing"
    at expectEqual (file:///home/runner/work/di-billing-transaction-monitoring/di-billing-transaction-monitoring/ui-tests/utils/customTestAssertion.ts:12:20)
    at Context.<anonymous> (file:///home/runner/work/di-billing-transaction-monitoring/di-billing-transaction-monitoring/ui-tests/specs/invoice.spec.ts:81:9)
    at runMicrotasks (<anonymous>)
    at processTicksAndRejections (node:internal/process/task_queues:96:5)
]]></system-err>
    </testcase>
    <testcase classname="chrome.117_0_5938_132.linux.Invoice_Page_Test.Vendor:_Vendor_Three,Invoice:2023-03" name="should validate reconciliation table data" time="0.584">
      <failure/>
      <error message="Cannot read properties of undefined (reading 'Line item')"/>
      <system-out><![CDATA[
COMMAND: POST /session/0ae6edea8277d859f363c29f313a072c/url - {"url":"https://pr-509.btm.dev.account.gov.uk/contracts/3/invoices/2023-03"}
RESULT: {"url":"https://pr-509.btm.dev.account.gov.uk/contracts/3/invoices/2023-03"}
COMMAND: POST /session/0ae6edea8277d859f363c29f313a072c/execute/sync - {"script":"return (() => document.readyState === \"complete\").apply(null, arguments)","args":[]}
RESULT: {"script":"return (() => document.readyState === \"complete\").apply(null, arguments)","args":[]}
COMMAND: GET /session/0ae6edea8277d859f363c29f313a072c/url - {}
RESULT: {}
COMMAND: POST /session/0ae6edea8277d859f363c29f313a072c/element - {"using":"css selector","value":".govuk-heading-xl"}
RESULT: {"using":"css selector","value":".govuk-heading-xl"}
COMMAND: POST /session/0ae6edea8277d859f363c29f313a072c/execute/sync - {"script":"return (function isElementDisplayed(element) {\n    function nodeIsElement(node) {\n        if (!node) {\n            return false;\n        }\n        switch (node.nodeType) {\n            case Node.ELEMEN ... (7807 more bytes)","args":[{"element-6066-11e4-a52e-4f735466cecf":"8B02B881FA5A2AEBE18111DF50715751_element_98","ELEMENT":"8B02B881FA5A2AEBE18111DF50715751_element_98"}]}
RESULT: {"script":"return (function isElementDisplayed(element) {\n    function nodeIsElement(node) {\n        if (!node) {\n            return false;\n        }\n        switch (node.nodeType) {\n            case Node.ELEMEN ... (7807 more bytes)","args":[{"element-6066-11e4-a52e-4f735466cecf":"8B02B881FA5A2AEBE18111DF50715751_element_98","ELEMENT":"8B02B881FA5A2AEBE18111DF50715751_element_98"}]}
COMMAND: POST /session/0ae6edea8277d859f363c29f313a072c/element - {"using":"css selector","value":".govuk-heading-xl"}
RESULT: {"using":"css selector","value":".govuk-heading-xl"}
COMMAND: GET /session/0ae6edea8277d859f363c29f313a072c/element/8B02B881FA5A2AEBE18111DF50715751_element_98/text - {}
RESULT: {}
COMMAND: POST /session/0ae6edea8277d859f363c29f313a072c/element - {"using":"xpath","value":".//caption[contains(., \"Reconciliation\") and not(.//caption)]"}
RESULT: {"using":"xpath","value":".//caption[contains(., \"Reconciliation\") and not(.//caption)]"}
COMMAND: POST /session/0ae6edea8277d859f363c29f313a072c/execute/sync - {"script":"return (function (elem, id) {\n        return (function parentElement() {\n        return this.parentElement;\n    }).call(elem, id);\n    }).apply(null, arguments)","args":[{"element-6066-11e4-a52e-4f735466cecf":"8B02B881FA5A2AEBE18111DF50715751_element_99","ELEMENT":"8B02B881FA5A2AEBE18111DF50715751_element_99"}]}
RESULT: {"script":"return (function (elem, id) {\n        return (function parentElement() {\n        return this.parentElement;\n    }).call(elem, id);\n    }).apply(null, arguments)","args":[{"element-6066-11e4-a52e-4f735466cecf":"8B02B881FA5A2AEBE18111DF50715751_element_99","ELEMENT":"8B02B881FA5A2AEBE18111DF50715751_element_99"}]}
COMMAND: POST /session/0ae6edea8277d859f363c29f313a072c/execute/sync - {"script":"return (function isElementDisplayed(element) {\n    function nodeIsElement(node) {\n        if (!node) {\n            return false;\n        }\n        switch (node.nodeType) {\n            case Node.ELEMEN ... (7807 more bytes)","args":[{"element-6066-11e4-a52e-4f735466cecf":"8B02B881FA5A2AEBE18111DF50715751_element_100","ELEMENT":"8B02B881FA5A2AEBE18111DF50715751_element_100"}]}
RESULT: {"script":"return (function isElementDisplayed(element) {\n    function nodeIsElement(node) {\n        if (!node) {\n            return false;\n        }\n        switch (node.nodeType) {\n            case Node.ELEMEN ... (7807 more bytes)","args":[{"element-6066-11e4-a52e-4f735466cecf":"8B02B881FA5A2AEBE18111DF50715751_element_100","ELEMENT":"8B02B881FA5A2AEBE18111DF50715751_element_100"}]}
COMMAND: POST /session/0ae6edea8277d859f363c29f313a072c/element/8B02B881FA5A2AEBE18111DF50715751_element_100/elements - {"using":"css selector","value":"tbody tr"}
RESULT: {"using":"css selector","value":"tbody tr"}
COMMAND: POST /session/0ae6edea8277d859f363c29f313a072c/element/8B02B881FA5A2AEBE18111DF50715751_element_100/element - {"using":"css selector","value":"thead tr"}
RESULT: {"using":"css selector","value":"thead tr"}
COMMAND: POST /session/0ae6edea8277d859f363c29f313a072c/element/8B02B881FA5A2AEBE18111DF50715751_element_101/elements - {"using":"css selector","value":"th"}
RESULT: {"using":"css selector","value":"th"}
COMMAND: GET /session/0ae6edea8277d859f363c29f313a072c/element/8B02B881FA5A2AEBE18111DF50715751_element_102/text - {}
COMMAND: GET /session/0ae6edea8277d859f363c29f313a072c/element/8B02B881FA5A2AEBE18111DF50715751_element_103/text - {}
COMMAND: GET /session/0ae6edea8277d859f363c29f313a072c/element/8B02B881FA5A2AEBE18111DF50715751_element_105/text - {}
COMMAND: GET /session/0ae6edea8277d859f363c29f313a072c/element/8B02B881FA5A2AEBE18111DF50715751_element_104/text - {}
COMMAND: GET /session/0ae6edea8277d859f363c29f313a072c/element/8B02B881FA5A2AEBE18111DF50715751_element_106/text - {}
RESULT: {}
RESULT: {}
RESULT: {}
RESULT: {}
RESULT: {}
]]></system-out>
      <system-err><![CDATA[
TypeError: Cannot read properties of undefined (reading 'Line item')
    at assertReconciliationTableData (file:///home/runner/work/di-billing-transaction-monitoring/di-billing-transaction-monitoring/ui-tests/specs/invoice.spec.ts:162:23)
    at validateTableDataWithAssertions (file:///home/runner/work/di-billing-transaction-monitoring/di-billing-transaction-monitoring/ui-tests/specs/invoice.spec.ts:154:5)
    at runMicrotasks (<anonymous>)
    at processTicksAndRejections (node:internal/process/task_queues:96:5)
    at async Context.<anonymous> (file:///home/runner/work/di-billing-transaction-monitoring/di-billing-transaction-monitoring/ui-tests/specs/invoice.spec.ts:98:9)
]]></system-err>
    </testcase>
    <testcase classname="chrome.117_0_5938_132.linux.Invoice_Page_Test.Vendor:_Vendor_Three,Invoice:2023-03" name="should validate quantity events table data" time="0.54">
      <failure/>
      <error message="Cannot read properties of undefined (reading 'Line item')"/>
      <system-out><![CDATA[
COMMAND: POST /session/0ae6edea8277d859f363c29f313a072c/url - {"url":"https://pr-509.btm.dev.account.gov.uk/contracts/3/invoices/2023-03"}
RESULT: {"url":"https://pr-509.btm.dev.account.gov.uk/contracts/3/invoices/2023-03"}
COMMAND: POST /session/0ae6edea8277d859f363c29f313a072c/execute/sync - {"script":"return (() => document.readyState === \"complete\").apply(null, arguments)","args":[]}
RESULT: {"script":"return (() => document.readyState === \"complete\").apply(null, arguments)","args":[]}
COMMAND: GET /session/0ae6edea8277d859f363c29f313a072c/url - {}
RESULT: {}
COMMAND: POST /session/0ae6edea8277d859f363c29f313a072c/element - {"using":"css selector","value":".govuk-heading-xl"}
RESULT: {"using":"css selector","value":".govuk-heading-xl"}
COMMAND: POST /session/0ae6edea8277d859f363c29f313a072c/execute/sync - {"script":"return (function isElementDisplayed(element) {\n    function nodeIsElement(node) {\n        if (!node) {\n            return false;\n        }\n        switch (node.nodeType) {\n            case Node.ELEMEN ... (7807 more bytes)","args":[{"element-6066-11e4-a52e-4f735466cecf":"4A97C74D92DAC346A6E670DBA043168F_element_109","ELEMENT":"4A97C74D92DAC346A6E670DBA043168F_element_109"}]}
RESULT: {"script":"return (function isElementDisplayed(element) {\n    function nodeIsElement(node) {\n        if (!node) {\n            return false;\n        }\n        switch (node.nodeType) {\n            case Node.ELEMEN ... (7807 more bytes)","args":[{"element-6066-11e4-a52e-4f735466cecf":"4A97C74D92DAC346A6E670DBA043168F_element_109","ELEMENT":"4A97C74D92DAC346A6E670DBA043168F_element_109"}]}
COMMAND: POST /session/0ae6edea8277d859f363c29f313a072c/element - {"using":"css selector","value":".govuk-heading-xl"}
RESULT: {"using":"css selector","value":".govuk-heading-xl"}
COMMAND: GET /session/0ae6edea8277d859f363c29f313a072c/element/4A97C74D92DAC346A6E670DBA043168F_element_109/text - {}
RESULT: {}
COMMAND: POST /session/0ae6edea8277d859f363c29f313a072c/element - {"using":"xpath","value":".//caption[contains(., \"Quantity (events)\") and not(.//caption)]"}
RESULT: {"using":"xpath","value":".//caption[contains(., \"Quantity (events)\") and not(.//caption)]"}
COMMAND: POST /session/0ae6edea8277d859f363c29f313a072c/execute/sync - {"script":"return (function (elem, id) {\n        return (function parentElement() {\n        return this.parentElement;\n    }).call(elem, id);\n    }).apply(null, arguments)","args":[{"element-6066-11e4-a52e-4f735466cecf":"4A97C74D92DAC346A6E670DBA043168F_element_110","ELEMENT":"4A97C74D92DAC346A6E670DBA043168F_element_110"}]}
RESULT: {"script":"return (function (elem, id) {\n        return (function parentElement() {\n        return this.parentElement;\n    }).call(elem, id);\n    }).apply(null, arguments)","args":[{"element-6066-11e4-a52e-4f735466cecf":"4A97C74D92DAC346A6E670DBA043168F_element_110","ELEMENT":"4A97C74D92DAC346A6E670DBA043168F_element_110"}]}
COMMAND: POST /session/0ae6edea8277d859f363c29f313a072c/execute/sync - {"script":"return (function isElementDisplayed(element) {\n    function nodeIsElement(node) {\n        if (!node) {\n            return false;\n        }\n        switch (node.nodeType) {\n            case Node.ELEMEN ... (7807 more bytes)","args":[{"element-6066-11e4-a52e-4f735466cecf":"4A97C74D92DAC346A6E670DBA043168F_element_111","ELEMENT":"4A97C74D92DAC346A6E670DBA043168F_element_111"}]}
RESULT: {"script":"return (function isElementDisplayed(element) {\n    function nodeIsElement(node) {\n        if (!node) {\n            return false;\n        }\n        switch (node.nodeType) {\n            case Node.ELEMEN ... (7807 more bytes)","args":[{"element-6066-11e4-a52e-4f735466cecf":"4A97C74D92DAC346A6E670DBA043168F_element_111","ELEMENT":"4A97C74D92DAC346A6E670DBA043168F_element_111"}]}
COMMAND: POST /session/0ae6edea8277d859f363c29f313a072c/element/4A97C74D92DAC346A6E670DBA043168F_element_111/elements - {"using":"css selector","value":"tbody tr"}
RESULT: {"using":"css selector","value":"tbody tr"}
COMMAND: POST /session/0ae6edea8277d859f363c29f313a072c/element/4A97C74D92DAC346A6E670DBA043168F_element_111/element - {"using":"css selector","value":"thead tr"}
RESULT: {"using":"css selector","value":"thead tr"}
COMMAND: POST /session/0ae6edea8277d859f363c29f313a072c/element/4A97C74D92DAC346A6E670DBA043168F_element_112/elements - {"using":"css selector","value":"th"}
RESULT: {"using":"css selector","value":"th"}
COMMAND: GET /session/0ae6edea8277d859f363c29f313a072c/element/4A97C74D92DAC346A6E670DBA043168F_element_113/text - {}
COMMAND: GET /session/0ae6edea8277d859f363c29f313a072c/element/4A97C74D92DAC346A6E670DBA043168F_element_114/text - {}
COMMAND: GET /session/0ae6edea8277d859f363c29f313a072c/element/4A97C74D92DAC346A6E670DBA043168F_element_116/text - {}
COMMAND: GET /session/0ae6edea8277d859f363c29f313a072c/element/4A97C74D92DAC346A6E670DBA043168F_element_115/text - {}
RESULT: {}
RESULT: {}
RESULT: {}
RESULT: {}
]]></system-out>
      <system-err><![CDATA[
TypeError: Cannot read properties of undefined (reading 'Line item')
    at assertQuantityTableData (file:///home/runner/work/di-billing-transaction-monitoring/di-billing-transaction-monitoring/ui-tests/specs/invoice.spec.ts:186:23)
    at validateTableDataWithAssertions (file:///home/runner/work/di-billing-transaction-monitoring/di-billing-transaction-monitoring/ui-tests/specs/invoice.spec.ts:154:5)
    at runMicrotasks (<anonymous>)
    at processTicksAndRejections (node:internal/process/task_queues:96:5)
    at async Context.<anonymous> (file:///home/runner/work/di-billing-transaction-monitoring/di-billing-transaction-monitoring/ui-tests/specs/invoice.spec.ts:106:9)
]]></system-err>
    </testcase>
    <testcase classname="chrome.117_0_5938_132.linux.Invoice_Page_Test.Vendor:_Vendor_Three,Invoice:2023-03" name="should validate price table data" time="0.589">
      <failure/>
      <error message="Cannot read properties of undefined (reading 'Line item')"/>
      <system-out><![CDATA[
COMMAND: POST /session/0ae6edea8277d859f363c29f313a072c/url - {"url":"https://pr-509.btm.dev.account.gov.uk/contracts/3/invoices/2023-03"}
RESULT: {"url":"https://pr-509.btm.dev.account.gov.uk/contracts/3/invoices/2023-03"}
COMMAND: POST /session/0ae6edea8277d859f363c29f313a072c/execute/sync - {"script":"return (() => document.readyState === \"complete\").apply(null, arguments)","args":[]}
RESULT: {"script":"return (() => document.readyState === \"complete\").apply(null, arguments)","args":[]}
COMMAND: GET /session/0ae6edea8277d859f363c29f313a072c/url - {}
RESULT: {}
COMMAND: POST /session/0ae6edea8277d859f363c29f313a072c/element - {"using":"css selector","value":".govuk-heading-xl"}
RESULT: {"using":"css selector","value":".govuk-heading-xl"}
COMMAND: POST /session/0ae6edea8277d859f363c29f313a072c/execute/sync - {"script":"return (function isElementDisplayed(element) {\n    function nodeIsElement(node) {\n        if (!node) {\n            return false;\n        }\n        switch (node.nodeType) {\n            case Node.ELEMEN ... (7807 more bytes)","args":[{"element-6066-11e4-a52e-4f735466cecf":"F98CD23FC6651A94AC5EE636DF41AA92_element_119","ELEMENT":"F98CD23FC6651A94AC5EE636DF41AA92_element_119"}]}
RESULT: {"script":"return (function isElementDisplayed(element) {\n    function nodeIsElement(node) {\n        if (!node) {\n            return false;\n        }\n        switch (node.nodeType) {\n            case Node.ELEMEN ... (7807 more bytes)","args":[{"element-6066-11e4-a52e-4f735466cecf":"F98CD23FC6651A94AC5EE636DF41AA92_element_119","ELEMENT":"F98CD23FC6651A94AC5EE636DF41AA92_element_119"}]}
COMMAND: POST /session/0ae6edea8277d859f363c29f313a072c/element - {"using":"css selector","value":".govuk-heading-xl"}
RESULT: {"using":"css selector","value":".govuk-heading-xl"}
COMMAND: GET /session/0ae6edea8277d859f363c29f313a072c/element/F98CD23FC6651A94AC5EE636DF41AA92_element_119/text - {}
RESULT: {}
COMMAND: POST /session/0ae6edea8277d859f363c29f313a072c/element - {"using":"xpath","value":".//caption[contains(., \"Price\") and not(.//caption)]"}
RESULT: {"using":"xpath","value":".//caption[contains(., \"Price\") and not(.//caption)]"}
COMMAND: POST /session/0ae6edea8277d859f363c29f313a072c/execute/sync - {"script":"return (function (elem, id) {\n        return (function parentElement() {\n        return this.parentElement;\n    }).call(elem, id);\n    }).apply(null, arguments)","args":[{"element-6066-11e4-a52e-4f735466cecf":"F98CD23FC6651A94AC5EE636DF41AA92_element_120","ELEMENT":"F98CD23FC6651A94AC5EE636DF41AA92_element_120"}]}
RESULT: {"script":"return (function (elem, id) {\n        return (function parentElement() {\n        return this.parentElement;\n    }).call(elem, id);\n    }).apply(null, arguments)","args":[{"element-6066-11e4-a52e-4f735466cecf":"F98CD23FC6651A94AC5EE636DF41AA92_element_120","ELEMENT":"F98CD23FC6651A94AC5EE636DF41AA92_element_120"}]}
COMMAND: POST /session/0ae6edea8277d859f363c29f313a072c/execute/sync - {"script":"return (function isElementDisplayed(element) {\n    function nodeIsElement(node) {\n        if (!node) {\n            return false;\n        }\n        switch (node.nodeType) {\n            case Node.ELEMEN ... (7807 more bytes)","args":[{"element-6066-11e4-a52e-4f735466cecf":"F98CD23FC6651A94AC5EE636DF41AA92_element_121","ELEMENT":"F98CD23FC6651A94AC5EE636DF41AA92_element_121"}]}
RESULT: {"script":"return (function isElementDisplayed(element) {\n    function nodeIsElement(node) {\n        if (!node) {\n            return false;\n        }\n        switch (node.nodeType) {\n            case Node.ELEMEN ... (7807 more bytes)","args":[{"element-6066-11e4-a52e-4f735466cecf":"F98CD23FC6651A94AC5EE636DF41AA92_element_121","ELEMENT":"F98CD23FC6651A94AC5EE636DF41AA92_element_121"}]}
COMMAND: POST /session/0ae6edea8277d859f363c29f313a072c/element/F98CD23FC6651A94AC5EE636DF41AA92_element_121/elements - {"using":"css selector","value":"tbody tr"}
RESULT: {"using":"css selector","value":"tbody tr"}
COMMAND: POST /session/0ae6edea8277d859f363c29f313a072c/element/F98CD23FC6651A94AC5EE636DF41AA92_element_121/element - {"using":"css selector","value":"thead tr"}
RESULT: {"using":"css selector","value":"thead tr"}
COMMAND: POST /session/0ae6edea8277d859f363c29f313a072c/element/F98CD23FC6651A94AC5EE636DF41AA92_element_122/elements - {"using":"css selector","value":"th"}
RESULT: {"using":"css selector","value":"th"}
COMMAND: GET /session/0ae6edea8277d859f363c29f313a072c/element/F98CD23FC6651A94AC5EE636DF41AA92_element_123/text - {}
COMMAND: GET /session/0ae6edea8277d859f363c29f313a072c/element/F98CD23FC6651A94AC5EE636DF41AA92_element_124/text - {}
COMMAND: GET /session/0ae6edea8277d859f363c29f313a072c/element/F98CD23FC6651A94AC5EE636DF41AA92_element_126/text - {}
COMMAND: GET /session/0ae6edea8277d859f363c29f313a072c/element/F98CD23FC6651A94AC5EE636DF41AA92_element_125/text - {}
RESULT: {}
RESULT: {}
RESULT: {}
RESULT: {}
]]></system-out>
      <system-err><![CDATA[
TypeError: Cannot read properties of undefined (reading 'Line item')
    at assertPriceTableData (file:///home/runner/work/di-billing-transaction-monitoring/di-billing-transaction-monitoring/ui-tests/specs/invoice.spec.ts:199:23)
    at validateTableDataWithAssertions (file:///home/runner/work/di-billing-transaction-monitoring/di-billing-transaction-monitoring/ui-tests/specs/invoice.spec.ts:154:5)
    at runMicrotasks (<anonymous>)
    at processTicksAndRejections (node:internal/process/task_queues:96:5)
    at async Context.<anonymous> (file:///home/runner/work/di-billing-transaction-monitoring/di-billing-transaction-monitoring/ui-tests/specs/invoice.spec.ts:114:9)
]]></system-err>
    </testcase>
    <testcase classname="chrome.117_0_5938_132.linux.Invoice_Page_Test.Vendor:_Vendor_Three,Invoice:2023-03" name="should validate measured events table data" time="0.572">
      <failure/>
      <error message="Cannot read properties of undefined (reading 'Line item')"/>
      <system-out><![CDATA[
COMMAND: POST /session/0ae6edea8277d859f363c29f313a072c/url - {"url":"https://pr-509.btm.dev.account.gov.uk/contracts/3/invoices/2023-03"}
RESULT: {"url":"https://pr-509.btm.dev.account.gov.uk/contracts/3/invoices/2023-03"}
COMMAND: POST /session/0ae6edea8277d859f363c29f313a072c/execute/sync - {"script":"return (() => document.readyState === \"complete\").apply(null, arguments)","args":[]}
RESULT: {"script":"return (() => document.readyState === \"complete\").apply(null, arguments)","args":[]}
COMMAND: GET /session/0ae6edea8277d859f363c29f313a072c/url - {}
RESULT: {}
COMMAND: POST /session/0ae6edea8277d859f363c29f313a072c/element - {"using":"css selector","value":".govuk-heading-xl"}
RESULT: {"using":"css selector","value":".govuk-heading-xl"}
COMMAND: POST /session/0ae6edea8277d859f363c29f313a072c/execute/sync - {"script":"return (function isElementDisplayed(element) {\n    function nodeIsElement(node) {\n        if (!node) {\n            return false;\n        }\n        switch (node.nodeType) {\n            case Node.ELEMEN ... (7807 more bytes)","args":[{"element-6066-11e4-a52e-4f735466cecf":"746079EA7B36E17BBA8470523D66795E_element_131","ELEMENT":"746079EA7B36E17BBA8470523D66795E_element_131"}]}
RESULT: {"script":"return (function isElementDisplayed(element) {\n    function nodeIsElement(node) {\n        if (!node) {\n            return false;\n        }\n        switch (node.nodeType) {\n            case Node.ELEMEN ... (7807 more bytes)","args":[{"element-6066-11e4-a52e-4f735466cecf":"746079EA7B36E17BBA8470523D66795E_element_131","ELEMENT":"746079EA7B36E17BBA8470523D66795E_element_131"}]}
COMMAND: POST /session/0ae6edea8277d859f363c29f313a072c/element - {"using":"css selector","value":".govuk-heading-xl"}
RESULT: {"using":"css selector","value":".govuk-heading-xl"}
COMMAND: GET /session/0ae6edea8277d859f363c29f313a072c/element/746079EA7B36E17BBA8470523D66795E_element_131/text - {}
RESULT: {}
COMMAND: POST /session/0ae6edea8277d859f363c29f313a072c/element - {"using":"xpath","value":".//caption[contains(., \"Measured (events)\") and not(.//caption)]"}
RESULT: {"using":"xpath","value":".//caption[contains(., \"Measured (events)\") and not(.//caption)]"}
COMMAND: POST /session/0ae6edea8277d859f363c29f313a072c/execute/sync - {"script":"return (function (elem, id) {\n        return (function parentElement() {\n        return this.parentElement;\n    }).call(elem, id);\n    }).apply(null, arguments)","args":[{"element-6066-11e4-a52e-4f735466cecf":"746079EA7B36E17BBA8470523D66795E_element_132","ELEMENT":"746079EA7B36E17BBA8470523D66795E_element_132"}]}
RESULT: {"script":"return (function (elem, id) {\n        return (function parentElement() {\n        return this.parentElement;\n    }).call(elem, id);\n    }).apply(null, arguments)","args":[{"element-6066-11e4-a52e-4f735466cecf":"746079EA7B36E17BBA8470523D66795E_element_132","ELEMENT":"746079EA7B36E17BBA8470523D66795E_element_132"}]}
COMMAND: POST /session/0ae6edea8277d859f363c29f313a072c/execute/sync - {"script":"return (function isElementDisplayed(element) {\n    function nodeIsElement(node) {\n        if (!node) {\n            return false;\n        }\n        switch (node.nodeType) {\n            case Node.ELEMEN ... (7807 more bytes)","args":[{"element-6066-11e4-a52e-4f735466cecf":"746079EA7B36E17BBA8470523D66795E_element_133","ELEMENT":"746079EA7B36E17BBA8470523D66795E_element_133"}]}
RESULT: {"script":"return (function isElementDisplayed(element) {\n    function nodeIsElement(node) {\n        if (!node) {\n            return false;\n        }\n        switch (node.nodeType) {\n            case Node.ELEMEN ... (7807 more bytes)","args":[{"element-6066-11e4-a52e-4f735466cecf":"746079EA7B36E17BBA8470523D66795E_element_133","ELEMENT":"746079EA7B36E17BBA8470523D66795E_element_133"}]}
COMMAND: POST /session/0ae6edea8277d859f363c29f313a072c/element/746079EA7B36E17BBA8470523D66795E_element_133/elements - {"using":"css selector","value":"tbody tr"}
RESULT: {"using":"css selector","value":"tbody tr"}
COMMAND: POST /session/0ae6edea8277d859f363c29f313a072c/element/746079EA7B36E17BBA8470523D66795E_element_133/element - {"using":"css selector","value":"thead tr"}
RESULT: {"using":"css selector","value":"thead tr"}
COMMAND: POST /session/0ae6edea8277d859f363c29f313a072c/element/746079EA7B36E17BBA8470523D66795E_element_134/elements - {"using":"css selector","value":"th"}
RESULT: {"using":"css selector","value":"th"}
COMMAND: GET /session/0ae6edea8277d859f363c29f313a072c/element/746079EA7B36E17BBA8470523D66795E_element_135/text - {}
COMMAND: GET /session/0ae6edea8277d859f363c29f313a072c/element/746079EA7B36E17BBA8470523D66795E_element_136/text - {}
RESULT: {}
RESULT: {}
]]></system-out>
      <system-err><![CDATA[
TypeError: Cannot read properties of undefined (reading 'Line item')
    at assertMeasuredTableData (file:///home/runner/work/di-billing-transaction-monitoring/di-billing-transaction-monitoring/ui-tests/specs/invoice.spec.ts:212:23)
    at validateTableDataWithAssertions (file:///home/runner/work/di-billing-transaction-monitoring/di-billing-transaction-monitoring/ui-tests/specs/invoice.spec.ts:154:5)
    at runMicrotasks (<anonymous>)
    at processTicksAndRejections (node:internal/process/task_queues:96:5)
    at async Context.<anonymous> (file:///home/runner/work/di-billing-transaction-monitoring/di-billing-transaction-monitoring/ui-tests/specs/invoice.spec.ts:122:9)
]]></system-err>
    </testcase>
    <testcase classname="chrome.117_0_5938_132.linux.Invoice_Page_Test.Vendor:_Vendor_Three,Invoice:2023-03" name="should validate invoice table data" time="0.857">
      <failure/>
      <error message="expect(received).toEqual(expected) // deep equality&#xA;&#xA;Expected: &quot;Passport check&quot;&#xA;Received: &quot;Total&quot;"/>
      <system-out><![CDATA[
COMMAND: POST /session/0ae6edea8277d859f363c29f313a072c/url - {"url":"https://pr-509.btm.dev.account.gov.uk/contracts/3/invoices/2023-03"}
RESULT: {"url":"https://pr-509.btm.dev.account.gov.uk/contracts/3/invoices/2023-03"}
COMMAND: POST /session/0ae6edea8277d859f363c29f313a072c/execute/sync - {"script":"return (() => document.readyState === \"complete\").apply(null, arguments)","args":[]}
RESULT: {"script":"return (() => document.readyState === \"complete\").apply(null, arguments)","args":[]}
COMMAND: GET /session/0ae6edea8277d859f363c29f313a072c/url - {}
RESULT: {}
COMMAND: POST /session/0ae6edea8277d859f363c29f313a072c/element - {"using":"css selector","value":".govuk-heading-xl"}
RESULT: {"using":"css selector","value":".govuk-heading-xl"}
COMMAND: POST /session/0ae6edea8277d859f363c29f313a072c/execute/sync - {"script":"return (function isElementDisplayed(element) {\n    function nodeIsElement(node) {\n        if (!node) {\n            return false;\n        }\n        switch (node.nodeType) {\n            case Node.ELEMEN ... (7807 more bytes)","args":[{"element-6066-11e4-a52e-4f735466cecf":"8556AA09B1487146F5AEC5E87D5036A9_element_139","ELEMENT":"8556AA09B1487146F5AEC5E87D5036A9_element_139"}]}
RESULT: {"script":"return (function isElementDisplayed(element) {\n    function nodeIsElement(node) {\n        if (!node) {\n            return false;\n        }\n        switch (node.nodeType) {\n            case Node.ELEMEN ... (7807 more bytes)","args":[{"element-6066-11e4-a52e-4f735466cecf":"8556AA09B1487146F5AEC5E87D5036A9_element_139","ELEMENT":"8556AA09B1487146F5AEC5E87D5036A9_element_139"}]}
COMMAND: POST /session/0ae6edea8277d859f363c29f313a072c/element - {"using":"css selector","value":".govuk-heading-xl"}
RESULT: {"using":"css selector","value":".govuk-heading-xl"}
COMMAND: GET /session/0ae6edea8277d859f363c29f313a072c/element/8556AA09B1487146F5AEC5E87D5036A9_element_139/text - {}
RESULT: {}
COMMAND: POST /session/0ae6edea8277d859f363c29f313a072c/element - {"using":"xpath","value":".//caption[contains(., \"Invoice\") and not(.//caption)]"}
RESULT: {"using":"xpath","value":".//caption[contains(., \"Invoice\") and not(.//caption)]"}
COMMAND: POST /session/0ae6edea8277d859f363c29f313a072c/execute/sync - {"script":"return (function (elem, id) {\n        return (function parentElement() {\n        return this.parentElement;\n    }).call(elem, id);\n    }).apply(null, arguments)","args":[{"element-6066-11e4-a52e-4f735466cecf":"8556AA09B1487146F5AEC5E87D5036A9_element_140","ELEMENT":"8556AA09B1487146F5AEC5E87D5036A9_element_140"}]}
RESULT: {"script":"return (function (elem, id) {\n        return (function parentElement() {\n        return this.parentElement;\n    }).call(elem, id);\n    }).apply(null, arguments)","args":[{"element-6066-11e4-a52e-4f735466cecf":"8556AA09B1487146F5AEC5E87D5036A9_element_140","ELEMENT":"8556AA09B1487146F5AEC5E87D5036A9_element_140"}]}
COMMAND: POST /session/0ae6edea8277d859f363c29f313a072c/execute/sync - {"script":"return (function isElementDisplayed(element) {\n    function nodeIsElement(node) {\n        if (!node) {\n            return false;\n        }\n        switch (node.nodeType) {\n            case Node.ELEMEN ... (7807 more bytes)","args":[{"element-6066-11e4-a52e-4f735466cecf":"8556AA09B1487146F5AEC5E87D5036A9_element_141","ELEMENT":"8556AA09B1487146F5AEC5E87D5036A9_element_141"}]}
RESULT: {"script":"return (function isElementDisplayed(element) {\n    function nodeIsElement(node) {\n        if (!node) {\n            return false;\n        }\n        switch (node.nodeType) {\n            case Node.ELEMEN ... (7807 more bytes)","args":[{"element-6066-11e4-a52e-4f735466cecf":"8556AA09B1487146F5AEC5E87D5036A9_element_141","ELEMENT":"8556AA09B1487146F5AEC5E87D5036A9_element_141"}]}
COMMAND: POST /session/0ae6edea8277d859f363c29f313a072c/element/8556AA09B1487146F5AEC5E87D5036A9_element_141/elements - {"using":"css selector","value":"tbody tr"}
RESULT: {"using":"css selector","value":"tbody tr"}
COMMAND: POST /session/0ae6edea8277d859f363c29f313a072c/element/8556AA09B1487146F5AEC5E87D5036A9_element_141/element - {"using":"css selector","value":"thead tr"}
RESULT: {"using":"css selector","value":"thead tr"}
COMMAND: POST /session/0ae6edea8277d859f363c29f313a072c/element/8556AA09B1487146F5AEC5E87D5036A9_element_143/elements - {"using":"css selector","value":"th"}
RESULT: {"using":"css selector","value":"th"}
COMMAND: GET /session/0ae6edea8277d859f363c29f313a072c/element/8556AA09B1487146F5AEC5E87D5036A9_element_144/text - {}
COMMAND: GET /session/0ae6edea8277d859f363c29f313a072c/element/8556AA09B1487146F5AEC5E87D5036A9_element_145/text - {}
COMMAND: GET /session/0ae6edea8277d859f363c29f313a072c/element/8556AA09B1487146F5AEC5E87D5036A9_element_147/text - {}
COMMAND: GET /session/0ae6edea8277d859f363c29f313a072c/element/8556AA09B1487146F5AEC5E87D5036A9_element_146/text - {}
COMMAND: GET /session/0ae6edea8277d859f363c29f313a072c/element/8556AA09B1487146F5AEC5E87D5036A9_element_148/text - {}
RESULT: {}
RESULT: {}
RESULT: {}
RESULT: {}
RESULT: {}
COMMAND: POST /session/0ae6edea8277d859f363c29f313a072c/element/8556AA09B1487146F5AEC5E87D5036A9_element_142/elements - {"using":"css selector","value":"th,td"}
RESULT: {"using":"css selector","value":"th,td"}
COMMAND: GET /session/0ae6edea8277d859f363c29f313a072c/element/8556AA09B1487146F5AEC5E87D5036A9_element_149/text - {}
RESULT: {}
COMMAND: GET /session/0ae6edea8277d859f363c29f313a072c/element/8556AA09B1487146F5AEC5E87D5036A9_element_150/text - {}
RESULT: {}
COMMAND: GET /session/0ae6edea8277d859f363c29f313a072c/element/8556AA09B1487146F5AEC5E87D5036A9_element_151/text - {}
RESULT: {}
COMMAND: GET /session/0ae6edea8277d859f363c29f313a072c/element/8556AA09B1487146F5AEC5E87D5036A9_element_152/text - {}
RESULT: {}
COMMAND: GET /session/0ae6edea8277d859f363c29f313a072c/element/8556AA09B1487146F5AEC5E87D5036A9_element_153/text - {}
RESULT: {}
]]></system-out>
      <system-err><![CDATA[
Error: expect(received).toEqual(expected) // deep equality

Expected: "Passport check"
Received: "Total"
    at expectEqual (file:///home/runner/work/di-billing-transaction-monitoring/di-billing-transaction-monitoring/ui-tests/utils/customTestAssertion.ts:12:20)
    at assertInvoiceTableData (file:///home/runner/work/di-billing-transaction-monitoring/di-billing-transaction-monitoring/ui-tests/specs/invoice.spec.ts:220:3)
    at validateTableDataWithAssertions (file:///home/runner/work/di-billing-transaction-monitoring/di-billing-transaction-monitoring/ui-tests/specs/invoice.spec.ts:154:5)
    at runMicrotasks (<anonymous>)
    at processTicksAndRejections (node:internal/process/task_queues:96:5)
    at async Context.<anonymous> (file:///home/runner/work/di-billing-transaction-monitoring/di-billing-transaction-monitoring/ui-tests/specs/invoice.spec.ts:130:9)
]]></system-err>
    </testcase>
  </testsuite>
  <testsuite name="Vendor Vendor Three Invoice 2005 08" timestamp="2023-10-12T08:05:55" time="4" tests="6" failures="0" errors="0" skipped="0">
    <properties>
      <property name="specId" value="0"/>
      <property name="suiteName" value="Vendor: Vendor Three,Invoice:2005-08"/>
      <property name="capabilities" value="chrome.117_0_5938_132.linux"/>
      <property name="file" value="file://./ui-tests/specs/invoice.spec.ts"/>
    </properties>
    <testcase classname="chrome.117_0_5938_132.linux.Invoice_Page_Test.Vendor:_Vendor_Three,Invoice:2005-08" name="should display correct status banner color and message" time="0.647">
      <system-out><![CDATA[
COMMAND: POST /session/0ae6edea8277d859f363c29f313a072c/url - {"url":"https://pr-509.btm.dev.account.gov.uk/contracts/3/invoices/2005-08"}
RESULT: {"url":"https://pr-509.btm.dev.account.gov.uk/contracts/3/invoices/2005-08"}
COMMAND: POST /session/0ae6edea8277d859f363c29f313a072c/execute/sync - {"script":"return (() => document.readyState === \"complete\").apply(null, arguments)","args":[]}
RESULT: {"script":"return (() => document.readyState === \"complete\").apply(null, arguments)","args":[]}
COMMAND: GET /session/0ae6edea8277d859f363c29f313a072c/url - {}
RESULT: {}
COMMAND: POST /session/0ae6edea8277d859f363c29f313a072c/element - {"using":"css selector","value":".govuk-heading-xl"}
RESULT: {"using":"css selector","value":".govuk-heading-xl"}
COMMAND: POST /session/0ae6edea8277d859f363c29f313a072c/execute/sync - {"script":"return (function isElementDisplayed(element) {\n    function nodeIsElement(node) {\n        if (!node) {\n            return false;\n        }\n        switch (node.nodeType) {\n            case Node.ELEMEN ... (7807 more bytes)","args":[{"element-6066-11e4-a52e-4f735466cecf":"0D2E83EC450ACA7C0135CCE79561D510_element_158","ELEMENT":"0D2E83EC450ACA7C0135CCE79561D510_element_158"}]}
RESULT: {"script":"return (function isElementDisplayed(element) {\n    function nodeIsElement(node) {\n        if (!node) {\n            return false;\n        }\n        switch (node.nodeType) {\n            case Node.ELEMEN ... (7807 more bytes)","args":[{"element-6066-11e4-a52e-4f735466cecf":"0D2E83EC450ACA7C0135CCE79561D510_element_158","ELEMENT":"0D2E83EC450ACA7C0135CCE79561D510_element_158"}]}
COMMAND: POST /session/0ae6edea8277d859f363c29f313a072c/element - {"using":"css selector","value":".govuk-heading-xl"}
RESULT: {"using":"css selector","value":".govuk-heading-xl"}
COMMAND: GET /session/0ae6edea8277d859f363c29f313a072c/element/0D2E83EC450ACA7C0135CCE79561D510_element_158/text - {}
RESULT: {}
COMMAND: POST /session/0ae6edea8277d859f363c29f313a072c/element - {"using":"css selector","value":"h2.govuk-panel__title"}
RESULT: {"using":"css selector","value":"h2.govuk-panel__title"}
COMMAND: POST /session/0ae6edea8277d859f363c29f313a072c/execute/sync - {"script":"return (function isElementDisplayed(element) {\n    function nodeIsElement(node) {\n        if (!node) {\n            return false;\n        }\n        switch (node.nodeType) {\n            case Node.ELEMEN ... (7807 more bytes)","args":[{"element-6066-11e4-a52e-4f735466cecf":"0D2E83EC450ACA7C0135CCE79561D510_element_159","ELEMENT":"0D2E83EC450ACA7C0135CCE79561D510_element_159"}]}
RESULT: {"script":"return (function isElementDisplayed(element) {\n    function nodeIsElement(node) {\n        if (!node) {\n            return false;\n        }\n        switch (node.nodeType) {\n            case Node.ELEMEN ... (7807 more bytes)","args":[{"element-6066-11e4-a52e-4f735466cecf":"0D2E83EC450ACA7C0135CCE79561D510_element_159","ELEMENT":"0D2E83EC450ACA7C0135CCE79561D510_element_159"}]}
COMMAND: POST /session/0ae6edea8277d859f363c29f313a072c/element - {"using":"css selector","value":"h2.govuk-panel__title"}
RESULT: {"using":"css selector","value":"h2.govuk-panel__title"}
COMMAND: GET /session/0ae6edea8277d859f363c29f313a072c/element/0D2E83EC450ACA7C0135CCE79561D510_element_159/text - {}
RESULT: {}
COMMAND: POST /session/0ae6edea8277d859f363c29f313a072c/element - {"using":"css selector","value":".govuk-panel"}
RESULT: {"using":"css selector","value":".govuk-panel"}
COMMAND: POST /session/0ae6edea8277d859f363c29f313a072c/execute/sync - {"script":"return (function isElementDisplayed(element) {\n    function nodeIsElement(node) {\n        if (!node) {\n            return false;\n        }\n        switch (node.nodeType) {\n            case Node.ELEMEN ... (7807 more bytes)","args":[{"element-6066-11e4-a52e-4f735466cecf":"0D2E83EC450ACA7C0135CCE79561D510_element_156","ELEMENT":"0D2E83EC450ACA7C0135CCE79561D510_element_156"}]}
RESULT: {"script":"return (function isElementDisplayed(element) {\n    function nodeIsElement(node) {\n        if (!node) {\n            return false;\n        }\n        switch (node.nodeType) {\n            case Node.ELEMEN ... (7807 more bytes)","args":[{"element-6066-11e4-a52e-4f735466cecf":"0D2E83EC450ACA7C0135CCE79561D510_element_156","ELEMENT":"0D2E83EC450ACA7C0135CCE79561D510_element_156"}]}
COMMAND: GET /session/0ae6edea8277d859f363c29f313a072c/element/0D2E83EC450ACA7C0135CCE79561D510_element_156/css/background-color - {}
RESULT: {}
]]></system-out>
    </testcase>
    <testcase classname="chrome.117_0_5938_132.linux.Invoice_Page_Test.Vendor:_Vendor_Three,Invoice:2005-08" name="should validate reconciliation table data" time="0.638">
      <system-out><![CDATA[
COMMAND: POST /session/0ae6edea8277d859f363c29f313a072c/url - {"url":"https://pr-509.btm.dev.account.gov.uk/contracts/3/invoices/2005-08"}
RESULT: {"url":"https://pr-509.btm.dev.account.gov.uk/contracts/3/invoices/2005-08"}
COMMAND: POST /session/0ae6edea8277d859f363c29f313a072c/execute/sync - {"script":"return (() => document.readyState === \"complete\").apply(null, arguments)","args":[]}
RESULT: {"script":"return (() => document.readyState === \"complete\").apply(null, arguments)","args":[]}
COMMAND: GET /session/0ae6edea8277d859f363c29f313a072c/url - {}
RESULT: {}
COMMAND: POST /session/0ae6edea8277d859f363c29f313a072c/element - {"using":"css selector","value":".govuk-heading-xl"}
RESULT: {"using":"css selector","value":".govuk-heading-xl"}
COMMAND: POST /session/0ae6edea8277d859f363c29f313a072c/execute/sync - {"script":"return (function isElementDisplayed(element) {\n    function nodeIsElement(node) {\n        if (!node) {\n            return false;\n        }\n        switch (node.nodeType) {\n            case Node.ELEMEN ... (7807 more bytes)","args":[{"element-6066-11e4-a52e-4f735466cecf":"04902522B2B2EEDBC3C6D691A27AC268_element_162","ELEMENT":"04902522B2B2EEDBC3C6D691A27AC268_element_162"}]}
RESULT: {"script":"return (function isElementDisplayed(element) {\n    function nodeIsElement(node) {\n        if (!node) {\n            return false;\n        }\n        switch (node.nodeType) {\n            case Node.ELEMEN ... (7807 more bytes)","args":[{"element-6066-11e4-a52e-4f735466cecf":"04902522B2B2EEDBC3C6D691A27AC268_element_162","ELEMENT":"04902522B2B2EEDBC3C6D691A27AC268_element_162"}]}
COMMAND: POST /session/0ae6edea8277d859f363c29f313a072c/element - {"using":"css selector","value":".govuk-heading-xl"}
RESULT: {"using":"css selector","value":".govuk-heading-xl"}
COMMAND: GET /session/0ae6edea8277d859f363c29f313a072c/element/04902522B2B2EEDBC3C6D691A27AC268_element_162/text - {}
RESULT: {}
COMMAND: POST /session/0ae6edea8277d859f363c29f313a072c/element - {"using":"xpath","value":".//caption[contains(., \"Reconciliation\") and not(.//caption)]"}
RESULT: {"using":"xpath","value":".//caption[contains(., \"Reconciliation\") and not(.//caption)]"}
COMMAND: POST /session/0ae6edea8277d859f363c29f313a072c/execute/sync - {"script":"return (function (elem, id) {\n        return (function parentElement() {\n        return this.parentElement;\n    }).call(elem, id);\n    }).apply(null, arguments)","args":[{"element-6066-11e4-a52e-4f735466cecf":"04902522B2B2EEDBC3C6D691A27AC268_element_163","ELEMENT":"04902522B2B2EEDBC3C6D691A27AC268_element_163"}]}
[...]
RESULT: {}
RESULT: {}
RESULT: {}
RESULT: {}
]]></system-out>
      <system-err><![CDATA[
TypeError: Cannot read properties of undefined (reading 'Line item')
    at assertQuantityTableData (file:///home/runner/work/di-billing-transaction-monitoring/di-billing-transaction-monitoring/ui-tests/specs/invoice.spec.ts:186:23)
    at validateTableDataWithAssertions (file:///home/runner/work/di-billing-transaction-monitoring/di-billing-transaction-monitoring/ui-tests/specs/invoice.spec.ts:154:5)
    at runMicrotasks (<anonymous>)
    at processTicksAndRejections (node:internal/process/task_queues:96:5)
    at async Context.<anonymous> (file:///home/runner/work/di-billing-transaction-monitoring/di-billing-transaction-monitoring/ui-tests/specs/invoice.spec.ts:106:9)
]]></system-err>
    </testcase>
    <testcase classname="chrome.117_0_5938_132.linux.Invoice_Page_Test.Vendor:_Vendor_Six,Invoice:2005-Q2" name="should validate price table data" time="0.663">
      <failure/>
      <error message="Cannot read properties of undefined (reading 'Line item')"/>
      <system-out><![CDATA[
COMMAND: POST /session/0ae6edea8277d859f363c29f313a072c/url - {"url":"https://pr-509.btm.dev.account.gov.uk/contracts/6/invoices/2005-q2"}
RESULT: {"url":"https://pr-509.btm.dev.account.gov.uk/contracts/6/invoices/2005-q2"}
COMMAND: POST /session/0ae6edea8277d859f363c29f313a072c/execute/sync - {"script":"return (() => document.readyState === \"complete\").apply(null, arguments)","args":[]}
RESULT: {"script":"return (() => document.readyState === \"complete\").apply(null, arguments)","args":[]}
COMMAND: GET /session/0ae6edea8277d859f363c29f313a072c/url - {}
RESULT: {}
COMMAND: POST /session/0ae6edea8277d859f363c29f313a072c/element - {"using":"css selector","value":".govuk-heading-xl"}
RESULT: {"using":"css selector","value":".govuk-heading-xl"}
COMMAND: POST /session/0ae6edea8277d859f363c29f313a072c/execute/sync - {"script":"return (function isElementDisplayed(element) {\n    function nodeIsElement(node) {\n        if (!node) {\n            return false;\n        }\n        switch (node.nodeType) {\n            case Node.ELEMEN ... (7807 more bytes)","args":[{"element-6066-11e4-a52e-4f735466cecf":"3C29BC738ECC22E5E9457D4BF6B21229_element_1309","ELEMENT":"3C29BC738ECC22E5E9457D4BF6B21229_element_1309"}]}
RESULT: {"script":"return (function isElementDisplayed(element) {\n    function nodeIsElement(node) {\n        if (!node) {\n            return false;\n        }\n        switch (node.nodeType) {\n            case Node.ELEMEN ... (7807 more bytes)","args":[{"element-6066-11e4-a52e-4f735466cecf":"3C29BC738ECC22E5E9457D4BF6B21229_element_1309","ELEMENT":"3C29BC738ECC22E5E9457D4BF6B21229_element_1309"}]}
COMMAND: POST /session/0ae6edea8277d859f363c29f313a072c/element - {"using":"css selector","value":".govuk-heading-xl"}
RESULT: {"using":"css selector","value":".govuk-heading-xl"}
COMMAND: GET /session/0ae6edea8277d859f363c29f313a072c/element/3C29BC738ECC22E5E9457D4BF6B21229_element_1309/text - {}
RESULT: {}
COMMAND: POST /session/0ae6edea8277d859f363c29f313a072c/element - {"using":"xpath","value":".//caption[contains(., \"Price\") and not(.//caption)]"}
RESULT: {"using":"xpath","value":".//caption[contains(., \"Price\") and not(.//caption)]"}
COMMAND: POST /session/0ae6edea8277d859f363c29f313a072c/execute/sync - {"script":"return (function (elem, id) {\n        return (function parentElement() {\n        return this.parentElement;\n    }).call(elem, id);\n    }).apply(null, arguments)","args":[{"element-6066-11e4-a52e-4f735466cecf":"3C29BC738ECC22E5E9457D4BF6B21229_element_1310","ELEMENT":"3C29BC738ECC22E5E9457D4BF6B21229_element_1310"}]}
RESULT: {"script":"return (function (elem, id) {\n        return (function parentElement() {\n        return this.parentElement;\n    }).call(elem, id);\n    }).apply(null, arguments)","args":[{"element-6066-11e4-a52e-4f735466cecf":"3C29BC738ECC22E5E9457D4BF6B21229_element_1310","ELEMENT":"3C29BC738ECC22E5E9457D4BF6B21229_element_1310"}]}
COMMAND: POST /session/0ae6edea8277d859f363c29f313a072c/execute/sync - {"script":"return (function isElementDisplayed(element) {\n    function nodeIsElement(node) {\n        if (!node) {\n            return false;\n        }\n        switch (node.nodeType) {\n            case Node.ELEMEN ... (7807 more bytes)","args":[{"element-6066-11e4-a52e-4f735466cecf":"3C29BC738ECC22E5E9457D4BF6B21229_element_1311","ELEMENT":"3C29BC738ECC22E5E9457D4BF6B21229_element_1311"}]}
RESULT: {"script":"return (function isElementDisplayed(element) {\n    function nodeIsElement(node) {\n        if (!node) {\n            return false;\n        }\n        switch (node.nodeType) {\n            case Node.ELEMEN ... (7807 more bytes)","args":[{"element-6066-11e4-a52e-4f735466cecf":"3C29BC738ECC22E5E9457D4BF6B21229_element_1311","ELEMENT":"3C29BC738ECC22E5E9457D4BF6B21229_element_1311"}]}
COMMAND: POST /session/0ae6edea8277d859f363c29f313a072c/element/3C29BC738ECC22E5E9457D4BF6B21229_element_1311/elements - {"using":"css selector","value":"tbody tr"}
RESULT: {"using":"css selector","value":"tbody tr"}
COMMAND: POST /session/0ae6edea8277d859f363c29f313a072c/element/3C29BC738ECC22E5E9457D4BF6B21229_element_1311/element - {"using":"css selector","value":"thead tr"}
RESULT: {"using":"css selector","value":"thead tr"}
COMMAND: POST /session/0ae6edea8277d859f363c29f313a072c/element/3C29BC738ECC22E5E9457D4BF6B21229_element_1312/elements - {"using":"css selector","value":"th"}
RESULT: {"using":"css selector","value":"th"}
COMMAND: GET /session/0ae6edea8277d859f363c29f313a072c/element/3C29BC738ECC22E5E9457D4BF6B21229_element_1313/text - {}
COMMAND: GET /session/0ae6edea8277d859f363c29f313a072c/element/3C29BC738ECC22E5E9457D4BF6B21229_element_1314/text - {}
COMMAND: GET /session/0ae6edea8277d859f363c29f313a072c/element/3C29BC738ECC22E5E9457D4BF6B21229_element_1316/text - {}
COMMAND: GET /session/0ae6edea8277d859f363c29f313a072c/element/3C29BC738ECC22E5E9457D4BF6B21229_element_1315/text - {}
RESULT: {}
RESULT: {}
RESULT: {}
RESULT: {}
]]></system-out>
      <system-err><![CDATA[
TypeError: Cannot read properties of undefined (reading 'Line item')
    at assertPriceTableData (file:///home/runner/work/di-billing-transaction-monitoring/di-billing-transaction-monitoring/ui-tests/specs/invoice.spec.ts:199:23)
    at validateTableDataWithAssertions (file:///home/runner/work/di-billing-transaction-monitoring/di-billing-transaction-monitoring/ui-tests/specs/invoice.spec.ts:154:5)
    at runMicrotasks (<anonymous>)
    at processTicksAndRejections (node:internal/process/task_queues:96:5)
    at async Context.<anonymous> (file:///home/runner/work/di-billing-transaction-monitoring/di-billing-transaction-monitoring/ui-tests/specs/invoice.spec.ts:114:9)
]]></system-err>
    </testcase>
    <testcase classname="chrome.117_0_5938_132.linux.Invoice_Page_Test.Vendor:_Vendor_Six,Invoice:2005-Q2" name="should validate measured events table data" time="0.508">
      <failure/>
      <error message="Cannot read properties of undefined (reading 'Line item')"/>
      <system-out><![CDATA[
COMMAND: POST /session/0ae6edea8277d859f363c29f313a072c/url - {"url":"https://pr-509.btm.dev.account.gov.uk/contracts/6/invoices/2005-q2"}
RESULT: {"url":"https://pr-509.btm.dev.account.gov.uk/contracts/6/invoices/2005-q2"}
COMMAND: POST /session/0ae6edea8277d859f363c29f313a072c/execute/sync - {"script":"return (() => document.readyState === \"complete\").apply(null, arguments)","args":[]}
RESULT: {"script":"return (() => document.readyState === \"complete\").apply(null, arguments)","args":[]}
COMMAND: GET /session/0ae6edea8277d859f363c29f313a072c/url - {}
RESULT: {}
COMMAND: POST /session/0ae6edea8277d859f363c29f313a072c/element - {"using":"css selector","value":".govuk-heading-xl"}
RESULT: {"using":"css selector","value":".govuk-heading-xl"}
COMMAND: POST /session/0ae6edea8277d859f363c29f313a072c/execute/sync - {"script":"return (function isElementDisplayed(element) {\n    function nodeIsElement(node) {\n        if (!node) {\n            return false;\n        }\n        switch (node.nodeType) {\n            case Node.ELEMEN ... (7807 more bytes)","args":[{"element-6066-11e4-a52e-4f735466cecf":"4DAF713531DAF53611D558F05180B98C_element_1319","ELEMENT":"4DAF713531DAF53611D558F05180B98C_element_1319"}]}
RESULT: {"script":"return (function isElementDisplayed(element) {\n    function nodeIsElement(node) {\n        if (!node) {\n            return false;\n        }\n        switch (node.nodeType) {\n            case Node.ELEMEN ... (7807 more bytes)","args":[{"element-6066-11e4-a52e-4f735466cecf":"4DAF713531DAF53611D558F05180B98C_element_1319","ELEMENT":"4DAF713531DAF53611D558F05180B98C_element_1319"}]}
COMMAND: POST /session/0ae6edea8277d859f363c29f313a072c/element - {"using":"css selector","value":".govuk-heading-xl"}
RESULT: {"using":"css selector","value":".govuk-heading-xl"}
COMMAND: GET /session/0ae6edea8277d859f363c29f313a072c/element/4DAF713531DAF53611D558F05180B98C_element_1319/text - {}
RESULT: {}
COMMAND: POST /session/0ae6edea8277d859f363c29f313a072c/element - {"using":"xpath","value":".//caption[contains(., \"Measured (events)\") and not(.//caption)]"}
RESULT: {"using":"xpath","value":".//caption[contains(., \"Measured (events)\") and not(.//caption)]"}
COMMAND: POST /session/0ae6edea8277d859f363c29f313a072c/execute/sync - {"script":"return (function (elem, id) {\n        return (function parentElement() {\n        return this.parentElement;\n    }).call(elem, id);\n    }).apply(null, arguments)","args":[{"element-6066-11e4-a52e-4f735466cecf":"4DAF713531DAF53611D558F05180B98C_element_1320","ELEMENT":"4DAF713531DAF53611D558F05180B98C_element_1320"}]}
RESULT: {"script":"return (function (elem, id) {\n        return (function parentElement() {\n        return this.parentElement;\n    }).call(elem, id);\n    }).apply(null, arguments)","args":[{"element-6066-11e4-a52e-4f735466cecf":"4DAF713531DAF53611D558F05180B98C_element_1320","ELEMENT":"4DAF713531DAF53611D558F05180B98C_element_1320"}]}
COMMAND: POST /session/0ae6edea8277d859f363c29f313a072c/execute/sync - {"script":"return (function isElementDisplayed(element) {\n    function nodeIsElement(node) {\n        if (!node) {\n            return false;\n        }\n        switch (node.nodeType) {\n            case Node.ELEMEN ... (7807 more bytes)","args":[{"element-6066-11e4-a52e-4f735466cecf":"4DAF713531DAF53611D558F05180B98C_element_1321","ELEMENT":"4DAF713531DAF53611D558F05180B98C_element_1321"}]}
RESULT: {"script":"return (function isElementDisplayed(element) {\n    function nodeIsElement(node) {\n        if (!node) {\n            return false;\n        }\n        switch (node.nodeType) {\n            case Node.ELEMEN ... (7807 more bytes)","args":[{"element-6066-11e4-a52e-4f735466cecf":"4DAF713531DAF53611D558F05180B98C_element_1321","ELEMENT":"4DAF713531DAF53611D558F05180B98C_element_1321"}]}
COMMAND: POST /session/0ae6edea8277d859f363c29f313a072c/element/4DAF713531DAF53611D558F05180B98C_element_1321/elements - {"using":"css selector","value":"tbody tr"}
RESULT: {"using":"css selector","value":"tbody tr"}
COMMAND: POST /session/0ae6edea8277d859f363c29f313a072c/element/4DAF713531DAF53611D558F05180B98C_element_1321/element - {"using":"css selector","value":"thead tr"}
RESULT: {"using":"css selector","value":"thead tr"}
COMMAND: POST /session/0ae6edea8277d859f363c29f313a072c/element/4DAF713531DAF53611D558F05180B98C_element_1322/elements - {"using":"css selector","value":"th"}
RESULT: {"using":"css selector","value":"th"}
COMMAND: GET /session/0ae6edea8277d859f363c29f313a072c/element/4DAF713531DAF53611D558F05180B98C_element_1323/text - {}
COMMAND: GET /session/0ae6edea8277d859f363c29f313a072c/element/4DAF713531DAF53611D558F05180B98C_element_1324/text - {}
RESULT: {}
RESULT: {}
]]></system-out>
      <system-err><![CDATA[
TypeError: Cannot read properties of undefined (reading 'Line item')
    at assertMeasuredTableData (file:///home/runner/work/di-billing-transaction-monitoring/di-billing-transaction-monitoring/ui-tests/specs/invoice.spec.ts:212:23)
    at validateTableDataWithAssertions (file:///home/runner/work/di-billing-transaction-monitoring/di-billing-transaction-monitoring/ui-tests/specs/invoice.spec.ts:154:5)
    at runMicrotasks (<anonymous>)
    at processTicksAndRejections (node:internal/process/task_queues:96:5)
    at async Context.<anonymous> (file:///home/runner/work/di-billing-transaction-monitoring/di-billing-transaction-monitoring/ui-tests/specs/invoice.spec.ts:122:9)
]]></system-err>
    </testcase>
    <testcase classname="chrome.117_0_5938_132.linux.Invoice_Page_Test.Vendor:_Vendor_Six,Invoice:2005-Q2" name="should validate invoice table data" time="0.942">
      <failure/>
      <error message="expect(received).toEqual(expected) // deep equality&#xA;&#xA;Expected: &quot;Six Data Validation Application&quot;&#xA;Received: &quot;Total&quot;"/>
      <system-out><![CDATA[
COMMAND: POST /session/0ae6edea8277d859f363c29f313a072c/url - {"url":"https://pr-509.btm.dev.account.gov.uk/contracts/6/invoices/2005-q2"}
RESULT: {"url":"https://pr-509.btm.dev.account.gov.uk/contracts/6/invoices/2005-q2"}
COMMAND: POST /session/0ae6edea8277d859f363c29f313a072c/execute/sync - {"script":"return (() => document.readyState === \"complete\").apply(null, arguments)","args":[]}
RESULT: {"script":"return (() => document.readyState === \"complete\").apply(null, arguments)","args":[]}
COMMAND: GET /session/0ae6edea8277d859f363c29f313a072c/url - {}
RESULT: {}
COMMAND: POST /session/0ae6edea8277d859f363c29f313a072c/element - {"using":"css selector","value":".govuk-heading-xl"}
RESULT: {"using":"css selector","value":".govuk-heading-xl"}
COMMAND: POST /session/0ae6edea8277d859f363c29f313a072c/execute/sync - {"script":"return (function isElementDisplayed(element) {\n    function nodeIsElement(node) {\n        if (!node) {\n            return false;\n        }\n        switch (node.nodeType) {\n            case Node.ELEMEN ... (7807 more bytes)","args":[{"element-6066-11e4-a52e-4f735466cecf":"A036FA963FB55DB16E17D1375727802F_element_1327","ELEMENT":"A036FA963FB55DB16E17D1375727802F_element_1327"}]}
RESULT: {"script":"return (function isElementDisplayed(element) {\n    function nodeIsElement(node) {\n        if (!node) {\n            return false;\n        }\n        switch (node.nodeType) {\n            case Node.ELEMEN ... (7807 more bytes)","args":[{"element-6066-11e4-a52e-4f735466cecf":"A036FA963FB55DB16E17D1375727802F_element_1327","ELEMENT":"A036FA963FB55DB16E17D1375727802F_element_1327"}]}
COMMAND: POST /session/0ae6edea8277d859f363c29f313a072c/element - {"using":"css selector","value":".govuk-heading-xl"}
RESULT: {"using":"css selector","value":".govuk-heading-xl"}
COMMAND: GET /session/0ae6edea8277d859f363c29f313a072c/element/A036FA963FB55DB16E17D1375727802F_element_1327/text - {}
RESULT: {}
COMMAND: POST /session/0ae6edea8277d859f363c29f313a072c/element - {"using":"xpath","value":".//caption[contains(., \"Invoice\") and not(.//caption)]"}
RESULT: {"using":"xpath","value":".//caption[contains(., \"Invoice\") and not(.//caption)]"}
COMMAND: POST /session/0ae6edea8277d859f363c29f313a072c/execute/sync - {"script":"return (function (elem, id) {\n        return (function parentElement() {\n        return this.parentElement;\n    }).call(elem, id);\n    }).apply(null, arguments)","args":[{"element-6066-11e4-a52e-4f735466cecf":"A036FA963FB55DB16E17D1375727802F_element_1328","ELEMENT":"A036FA963FB55DB16E17D1375727802F_element_1328"}]}
RESULT: {"script":"return (function (elem, id) {\n        return (function parentElement() {\n        return this.parentElement;\n    }).call(elem, id);\n    }).apply(null, arguments)","args":[{"element-6066-11e4-a52e-4f735466cecf":"A036FA963FB55DB16E17D1375727802F_element_1328","ELEMENT":"A036FA963FB55DB16E17D1375727802F_element_1328"}]}
COMMAND: POST /session/0ae6edea8277d859f363c29f313a072c/execute/sync - {"script":"return (function isElementDisplayed(element) {\n    function nodeIsElement(node) {\n        if (!node) {\n            return false;\n        }\n        switch (node.nodeType) {\n            case Node.ELEMEN ... (7807 more bytes)","args":[{"element-6066-11e4-a52e-4f735466cecf":"A036FA963FB55DB16E17D1375727802F_element_1329","ELEMENT":"A036FA963FB55DB16E17D1375727802F_element_1329"}]}
RESULT: {"script":"return (function isElementDisplayed(element) {\n    function nodeIsElement(node) {\n        if (!node) {\n            return false;\n        }\n        switch (node.nodeType) {\n            case Node.ELEMEN ... (7807 more bytes)","args":[{"element-6066-11e4-a52e-4f735466cecf":"A036FA963FB55DB16E17D1375727802F_element_1329","ELEMENT":"A036FA963FB55DB16E17D1375727802F_element_1329"}]}
COMMAND: POST /session/0ae6edea8277d859f363c29f313a072c/element/A036FA963FB55DB16E17D1375727802F_element_1329/elements - {"using":"css selector","value":"tbody tr"}
RESULT: {"using":"css selector","value":"tbody tr"}
COMMAND: POST /session/0ae6edea8277d859f363c29f313a072c/element/A036FA963FB55DB16E17D1375727802F_element_1329/element - {"using":"css selector","value":"thead tr"}
RESULT: {"using":"css selector","value":"thead tr"}
COMMAND: POST /session/0ae6edea8277d859f363c29f313a072c/element/A036FA963FB55DB16E17D1375727802F_element_1331/elements - {"using":"css selector","value":"th"}
RESULT: {"using":"css selector","value":"th"}
COMMAND: GET /session/0ae6edea8277d859f363c29f313a072c/element/A036FA963FB55DB16E17D1375727802F_element_1332/text - {}
COMMAND: GET /session/0ae6edea8277d859f363c29f313a072c/element/A036FA963FB55DB16E17D1375727802F_element_1333/text - {}
COMMAND: GET /session/0ae6edea8277d859f363c29f313a072c/element/A036FA963FB55DB16E17D1375727802F_element_1335/text - {}
COMMAND: GET /session/0ae6edea8277d859f363c29f313a072c/element/A036FA963FB55DB16E17D1375727802F_element_1334/text - {}
COMMAND: GET /session/0ae6edea8277d859f363c29f313a072c/element/A036FA963FB55DB16E17D1375727802F_element_1336/text - {}
RESULT: {}
RESULT: {}
RESULT: {}
RESULT: {}
RESULT: {}
COMMAND: POST /session/0ae6edea8277d859f363c29f313a072c/element/A036FA963FB55DB16E17D1375727802F_element_1330/elements - {"using":"css selector","value":"th,td"}
RESULT: {"using":"css selector","value":"th,td"}
COMMAND: GET /session/0ae6edea8277d859f363c29f313a072c/element/A036FA963FB55DB16E17D1375727802F_element_1337/text - {}
RESULT: {}
COMMAND: GET /session/0ae6edea8277d859f363c29f313a072c/element/A036FA963FB55DB16E17D1375727802F_element_1338/text - {}
RESULT: {}
COMMAND: GET /session/0ae6edea8277d859f363c29f313a072c/element/A036FA963FB55DB16E17D1375727802F_element_1339/text - {}
RESULT: {}
COMMAND: GET /session/0ae6edea8277d859f363c29f313a072c/element/A036FA963FB55DB16E17D1375727802F_element_1340/text - {}
RESULT: {}
COMMAND: GET /session/0ae6edea8277d859f363c29f313a072c/element/A036FA963FB55DB16E17D1375727802F_element_1341/text - {}
RESULT: {}
COMMAND: DELETE /session/0ae6edea8277d859f363c29f313a072c - {}
RESULT: {}
]]></system-out>
      <system-err><![CDATA[
Error: expect(received).toEqual(expected) // deep equality

Expected: "Six Data Validation Application"
Received: "Total"
    at expectEqual (file:///home/runner/work/di-billing-transaction-monitoring/di-billing-transaction-monitoring/ui-tests/utils/customTestAssertion.ts:12:20)
    at assertInvoiceTableData (file:///home/runner/work/di-billing-transaction-monitoring/di-billing-transaction-monitoring/ui-tests/specs/invoice.spec.ts:220:3)
    at validateTableDataWithAssertions (file:///home/runner/work/di-billing-transaction-monitoring/di-billing-transaction-monitoring/ui-tests/specs/invoice.spec.ts:154:5)
    at runMicrotasks (<anonymous>)
    at processTicksAndRejections (node:internal/process/task_queues:96:5)
    at async Context.<anonymous> (file:///home/runner/work/di-billing-transaction-monitoring/di-billing-transaction-monitoring/ui-tests/specs/invoice.spec.ts:130:9)
]]></system-err>
    </testcase>
  </testsuite>
</testsuites>