<?xml version="1.0" encoding="UTF-8"?>
<testsuites>
  <testsuite name="Breadcrumbs Tests" timestamp="2023-09-26T20:42:57" time="12.351" tests="1" failures="0" errors="0" skipped="0">
    <properties>
      <property name="specId" value="0"/>
      <property name="suiteName" value="Breadcrumbs Tests"/>
      <property name="capabilities" value="chrome.117_0_5938_88.linux"/>
      <property name="file" value="file://./ui-tests/specs/breadcrumbs.spec.ts"/>
    </properties>
    <testcase classname="chrome.117_0_5938_88.linux.Breadcrumbs_Tests" name="Should display the expected number of breadcrumbs on each page" time="6.738">
      <system-out><![CDATA[
COMMAND: POST /session/5f9bfccc1d9d6da8febf99a9bc794ac3/elements - {"using":"css selector","value":"li.govuk-breadcrumbs__list-item"}
RESULT: {"using":"css selector","value":"li.govuk-breadcrumbs__list-item"}
COMMAND: POST /session/5f9bfccc1d9d6da8febf99a9bc794ac3/element - {"using":"link text","value":"View Invoice"}
RESULT: {"using":"link text","value":"View Invoice"}
COMMAND: POST /session/5f9bfccc1d9d6da8febf99a9bc794ac3/element/1630D62DB896099F0763F56FFA3697E2_element_4/click - {}
RESULT: {}
COMMAND: POST /session/5f9bfccc1d9d6da8febf99a9bc794ac3/elements - {"using":"css selector","value":"li.govuk-breadcrumbs__list-item"}
RESULT: {"using":"css selector","value":"li.govuk-breadcrumbs__list-item"}
COMMAND: GET /session/5f9bfccc1d9d6da8febf99a9bc794ac3/element/FC522BB8172D6240E3ADE5D1C2E6020A_element_8/text - {}
RESULT: {}
COMMAND: GET /session/5f9bfccc1d9d6da8febf99a9bc794ac3/element/FC522BB8172D6240E3ADE5D1C2E6020A_element_9/text - {}
RESULT: {}
COMMAND: GET /session/5f9bfccc1d9d6da8febf99a9bc794ac3/element/FC522BB8172D6240E3ADE5D1C2E6020A_element_10/text - {}
RESULT: {}
COMMAND: POST /session/5f9bfccc1d9d6da8febf99a9bc794ac3/element - {"using":"css selector","value":"a[href$=\"/invoices\"]"}
RESULT: {"using":"css selector","value":"a[href$=\"/invoices\"]"}
COMMAND: POST /session/5f9bfccc1d9d6da8febf99a9bc794ac3/execute/sync - {"script":"return (function isElementDisplayed(element) {\n    function nodeIsElement(node) {\n        if (!node) {\n            return false;\n        }\n        switch (node.nodeType) {\n            case Node.ELEMEN ... (7807 more bytes)","args":[{"element-6066-11e4-a52e-4f735466cecf":"FC522BB8172D6240E3ADE5D1C2E6020A_element_11","ELEMENT":"FC522BB8172D6240E3ADE5D1C2E6020A_element_11"}]}
RESULT: {"script":"return (function isElementDisplayed(element) {\n    function nodeIsElement(node) {\n        if (!node) {\n            return false;\n        }\n        switch (node.nodeType) {\n            case Node.ELEMEN ... (7807 more bytes)","args":[{"element-6066-11e4-a52e-4f735466cecf":"FC522BB8172D6240E3ADE5D1C2E6020A_element_11","ELEMENT":"FC522BB8172D6240E3ADE5D1C2E6020A_element_11"}]}
COMMAND: POST /session/5f9bfccc1d9d6da8febf99a9bc794ac3/element - {"using":"css selector","value":"a[href$=\"/invoices\"]"}
RESULT: {"using":"css selector","value":"a[href$=\"/invoices\"]"}
COMMAND: POST /session/5f9bfccc1d9d6da8febf99a9bc794ac3/element/FC522BB8172D6240E3ADE5D1C2E6020A_element_11/click - {}
RESULT: {}
COMMAND: POST /session/5f9bfccc1d9d6da8febf99a9bc794ac3/execute/sync - {"script":"return (() => document.readyState === \"complete\").apply(null, arguments)","args":[]}
RESULT: {"script":"return (() => document.readyState === \"complete\").apply(null, arguments)","args":[]}
COMMAND: POST /session/5f9bfccc1d9d6da8febf99a9bc794ac3/elements - {"using":"css selector","value":"li.govuk-breadcrumbs__list-item"}
RESULT: {"using":"css selector","value":"li.govuk-breadcrumbs__list-item"}
COMMAND: GET /session/5f9bfccc1d9d6da8febf99a9bc794ac3/element/71E28F0A21EA09949B4CA2482D774032_element_13/text - {}
RESULT: {}
COMMAND: GET /session/5f9bfccc1d9d6da8febf99a9bc794ac3/element/71E28F0A21EA09949B4CA2482D774032_element_14/text - {}
RESULT: {}
COMMAND: POST /session/5f9bfccc1d9d6da8febf99a9bc794ac3/element - {"using":"css selector","value":"a[href$=\"/contracts\"]"}
RESULT: {"using":"css selector","value":"a[href$=\"/contracts\"]"}
COMMAND: POST /session/5f9bfccc1d9d6da8febf99a9bc794ac3/execute/sync - {"script":"return (function isElementDisplayed(element) {\n    function nodeIsElement(node) {\n        if (!node) {\n            return false;\n        }\n        switch (node.nodeType) {\n            case Node.ELEMEN ... (7807 more bytes)","args":[{"element-6066-11e4-a52e-4f735466cecf":"71E28F0A21EA09949B4CA2482D774032_element_15","ELEMENT":"71E28F0A21EA09949B4CA2482D774032_element_15"}]}
RESULT: {"script":"return (function isElementDisplayed(element) {\n    function nodeIsElement(node) {\n        if (!node) {\n            return false;\n        }\n        switch (node.nodeType) {\n            case Node.ELEMEN ... (7807 more bytes)","args":[{"element-6066-11e4-a52e-4f735466cecf":"71E28F0A21EA09949B4CA2482D774032_element_15","ELEMENT":"71E28F0A21EA09949B4CA2482D774032_element_15"}]}
COMMAND: POST /session/5f9bfccc1d9d6da8febf99a9bc794ac3/element - {"using":"css selector","value":"a[href$=\"/contracts\"]"}
RESULT: {"using":"css selector","value":"a[href$=\"/contracts\"]"}
COMMAND: POST /session/5f9bfccc1d9d6da8febf99a9bc794ac3/element/71E28F0A21EA09949B4CA2482D774032_element_15/click - {}
RESULT: {}
COMMAND: POST /session/5f9bfccc1d9d6da8febf99a9bc794ac3/execute/sync - {"script":"return (() => document.readyState === \"complete\").apply(null, arguments)","args":[]}
RESULT: {"script":"return (() => document.readyState === \"complete\").apply(null, arguments)","args":[]}
COMMAND: POST /session/5f9bfccc1d9d6da8febf99a9bc794ac3/elements - {"using":"css selector","value":"li.govuk-breadcrumbs__list-item"}
RESULT: {"using":"css selector","value":"li.govuk-breadcrumbs__list-item"}
COMMAND: GET /session/5f9bfccc1d9d6da8febf99a9bc794ac3/element/B09930086DC5F43DF8ED4FD6B363A568_element_19/text - {}
RESULT: {}
COMMAND: DELETE /session/5f9bfccc1d9d6da8febf99a9bc794ac3 - {}
RESULT: {}
]]></system-out>
    </testcase>
  </testsuite>
</testsuites>