<?xml version="1.0" encoding="UTF-8"?>
<testsuites>
  <testsuite name="Invoice Page Test" timestamp="2023-10-02T12:45:02" time="92.223" tests="0" failures="0" errors="0" skipped="0">
    <properties>
      <property name="specId" value="0"/>
      <property name="suiteName" value="Invoice Page Test"/>
      <property name="capabilities" value="chrome.117_0_5938_92.linux"/>
      <property name="file" value="file://./ui-tests/specs/invoice.spec.ts"/>
    </properties>
  </testsuite>
  <testsuite name="Vendor Vendor Three Invoice 2005 09" timestamp="2023-10-02T12:45:02" time="14.546" tests="6" failures="0" errors="0" skipped="0">
    <properties>
      <property name="specId" value="0"/>
      <property name="suiteName" value="Vendor: Vendor Three,Invoice:2005-09"/>
      <property name="capabilities" value="chrome.117_0_5938_92.linux"/>
      <property name="file" value="file://./ui-tests/specs/invoice.spec.ts"/>
    </properties>
    <testcase classname="chrome.117_0_5938_92.linux.Invoice_Page_Test.Vendor:_Vendor_Three,Invoice:2005-09" name="should display correct status banner color and message" time="8.388">
      <system-out><![CDATA[
COMMAND: POST /session/d1fc8b07c3f8554c15ec3254eabea71a/url - {"url":"https://pr-500.btm.dev.account.gov.uk/contracts/3/invoices/2005-09"}
RESULT: {"url":"https://pr-500.btm.dev.account.gov.uk/contracts/3/invoices/2005-09"}
COMMAND: POST /session/d1fc8b07c3f8554c15ec3254eabea71a/execute/sync - {"script":"return (() => document.readyState === \"complete\").apply(null, arguments)","args":[]}
RESULT: {"script":"return (() => document.readyState === \"complete\").apply(null, arguments)","args":[]}
COMMAND: GET /session/d1fc8b07c3f8554c15ec3254eabea71a/url - {}
RESULT: {}
COMMAND: POST /session/d1fc8b07c3f8554c15ec3254eabea71a/element - {"using":"css selector","value":".govuk-heading-xl"}
RESULT: {"using":"css selector","value":".govuk-heading-xl"}
COMMAND: POST /session/d1fc8b07c3f8554c15ec3254eabea71a/execute/sync - {"script":"return (function isElementDisplayed(element) {\n    function nodeIsElement(node) {\n        if (!node) {\n            return false;\n        }\n        switch (node.nodeType) {\n            case Node.ELEMEN ... (7807 more bytes)","args":[{"element-6066-11e4-a52e-4f735466cecf":"967B84B4F4DFDF25275AEC09A4A9BE8A_element_4","ELEMENT":"967B84B4F4DFDF25275AEC09A4A9BE8A_element_4"}]}
RESULT: {"script":"return (function isElementDisplayed(element) {\n    function nodeIsElement(node) {\n        if (!node) {\n            return false;\n        }\n        switch (node.nodeType) {\n            case Node.ELEMEN ... (7807 more bytes)","args":[{"element-6066-11e4-a52e-4f735466cecf":"967B84B4F4DFDF25275AEC09A4A9BE8A_element_4","ELEMENT":"967B84B4F4DFDF25275AEC09A4A9BE8A_element_4"}]}
COMMAND: POST /session/d1fc8b07c3f8554c15ec3254eabea71a/element - {"using":"css selector","value":".govuk-heading-xl"}
RESULT: {"using":"css selector","value":".govuk-heading-xl"}
COMMAND: GET /session/d1fc8b07c3f8554c15ec3254eabea71a/element/967B84B4F4DFDF25275AEC09A4A9BE8A_element_4/text - {}
RESULT: {}
COMMAND: POST /session/d1fc8b07c3f8554c15ec3254eabea71a/element - {"using":"css selector","value":"h2.govuk-panel__title"}
RESULT: {"using":"css selector","value":"h2.govuk-panel__title"}
COMMAND: POST /session/d1fc8b07c3f8554c15ec3254eabea71a/execute/sync - {"script":"return (function isElementDisplayed(element) {\n    function nodeIsElement(node) {\n        if (!node) {\n            return false;\n        }\n        switch (node.nodeType) {\n            case Node.ELEMEN ... (7807 more bytes)","args":[{"element-6066-11e4-a52e-4f735466cecf":"967B84B4F4DFDF25275AEC09A4A9BE8A_element_5","ELEMENT":"967B84B4F4DFDF25275AEC09A4A9BE8A_element_5"}]}
RESULT: {"script":"return (function isElementDisplayed(element) {\n    function nodeIsElement(node) {\n        if (!node) {\n            return false;\n        }\n        switch (node.nodeType) {\n            case Node.ELEMEN ... (7807 more bytes)","args":[{"element-6066-11e4-a52e-4f735466cecf":"967B84B4F4DFDF25275AEC09A4A9BE8A_element_5","ELEMENT":"967B84B4F4DFDF25275AEC09A4A9BE8A_element_5"}]}
COMMAND: POST /session/d1fc8b07c3f8554c15ec3254eabea71a/element - {"using":"css selector","value":"h2.govuk-panel__title"}
RESULT: {"using":"css selector","value":"h2.govuk-panel__title"}
COMMAND: GET /session/d1fc8b07c3f8554c15ec3254eabea71a/element/967B84B4F4DFDF25275AEC09A4A9BE8A_element_5/text - {}
RESULT: {}
COMMAND: POST /session/d1fc8b07c3f8554c15ec3254eabea71a/element - {"using":"css selector","value":".govuk-panel"}
RESULT: {"using":"css selector","value":".govuk-panel"}
COMMAND: POST /session/d1fc8b07c3f8554c15ec3254eabea71a/execute/sync - {"script":"return (function isElementDisplayed(element) {\n    function nodeIsElement(node) {\n        if (!node) {\n            return false;\n        }\n        switch (node.nodeType) {\n            case Node.ELEMEN ... (7807 more bytes)","args":[{"element-6066-11e4-a52e-4f735466cecf":"967B84B4F4DFDF25275AEC09A4A9BE8A_element_2","ELEMENT":"967B84B4F4DFDF25275AEC09A4A9BE8A_element_2"}]}
RESULT: {"script":"return (function isElementDisplayed(element) {\n    function nodeIsElement(node) {\n        if (!node) {\n            return false;\n        }\n        switch (node.nodeType) {\n            case Node.ELEMEN ... (7807 more bytes)","args":[{"element-6066-11e4-a52e-4f735466cecf":"967B84B4F4DFDF25275AEC09A4A9BE8A_element_2","ELEMENT":"967B84B4F4DFDF25275AEC09A4A9BE8A_element_2"}]}
COMMAND: GET /session/d1fc8b07c3f8554c15ec3254eabea71a/element/967B84B4F4DFDF25275AEC09A4A9BE8A_element_2/css/background-color - {}
RESULT: {}
]]></system-out>
    </testcase>
    <testcase classname="chrome.117_0_5938_92.linux.Invoice_Page_Test.Vendor:_Vendor_Three,Invoice:2005-09" name="should validate reconciliation table data" time="0.95">
      <system-out><![CDATA[
COMMAND: POST /session/d1fc8b07c3f8554c15ec3254eabea71a/url - {"url":"https://pr-500.btm.dev.account.gov.uk/contracts/3/invoices/2005-09"}
RESULT: {"url":"https://pr-500.btm.dev.account.gov.uk/contracts/3/invoices/2005-09"}
COMMAND: POST /session/d1fc8b07c3f8554c15ec3254eabea71a/execute/sync - {"script":"return (() => document.readyState === \"complete\").apply(null, arguments)","args":[]}
RESULT: {"script":"return (() => document.readyState === \"complete\").apply(null, arguments)","args":[]}
COMMAND: GET /session/d1fc8b07c3f8554c15ec3254eabea71a/url - {}
RESULT: {}
COMMAND: POST /session/d1fc8b07c3f8554c15ec3254eabea71a/element - {"using":"css selector","value":".govuk-heading-xl"}
RESULT: {"using":"css selector","value":".govuk-heading-xl"}
COMMAND: POST /session/d1fc8b07c3f8554c15ec3254eabea71a/execute/sync - {"script":"return (function isElementDisplayed(element) {\n    function nodeIsElement(node) {\n        if (!node) {\n            return false;\n        }\n        switch (node.nodeType) {\n            case Node.ELEMEN ... (7807 more bytes)","args":[{"element-6066-11e4-a52e-4f735466cecf":"63211F71C8344C9F9C0420FB2A1E52AF_element_7","ELEMENT":"63211F71C8344C9F9C0420FB2A1E52AF_element_7"}]}
RESULT: {"script":"return (function isElementDisplayed(element) {\n    function nodeIsElement(node) {\n        if (!node) {\n            return false;\n        }\n        switch (node.nodeType) {\n            case Node.ELEMEN ... (7807 more bytes)","args":[{"element-6066-11e4-a52e-4f735466cecf":"63211F71C8344C9F9C0420FB2A1E52AF_element_7","ELEMENT":"63211F71C8344C9F9C0420FB2A1E52AF_element_7"}]}
COMMAND: POST /session/d1fc8b07c3f8554c15ec3254eabea71a/element - {"using":"css selector","value":".govuk-heading-xl"}
RESULT: {"using":"css selector","value":".govuk-heading-xl"}
COMMAND: GET /session/d1fc8b07c3f8554c15ec3254eabea71a/element/63211F71C8344C9F9C0420FB2A1E52AF_element_7/text - {}
RESULT: {}
COMMAND: POST /session/d1fc8b07c3f8554c15ec3254eabea71a/element - {"using":"xpath","value":".//caption[contains(., \"Reconciliation\") and not(.//caption)]"}
RESULT: {"using":"xpath","value":".//caption[contains(., \"Reconciliation\") and not(.//caption)]"}
COMMAND: POST /session/d1fc8b07c3f8554c15ec3254eabea71a/execute/sync - {"script":"return (function (elem, id) {\n        return (function parentElement() {\n        return this.parentElement;\n    }).call(elem, id);\n    }).apply(null, arguments)","args":[{"element-6066-11e4-a52e-4f735466cecf":"63211F71C8344C9F9C0420FB2A1E52AF_element_8","ELEMENT":"63211F71C8344C9F9C0420FB2A1E52AF_element_8"}]}
RESULT: {"script":"return (function (elem, id) {\n        return (function parentElement() {\n        return this.parentElement;\n    }).call(elem, id);\n    }).apply(null, arguments)","args":[{"element-6066-11e4-a52e-4f735466cecf":"63211F71C8344C9F9C0420FB2A1E52AF_element_8","ELEMENT":"63211F71C8344C9F9C0420FB2A1E52AF_element_8"}]}
COMMAND: POST /session/d1fc8b07c3f8554c15ec3254eabea71a/execute/sync - {"script":"return (function isElementDisplayed(element) {\n    function nodeIsElement(node) {\n        if (!node) {\n            return false;\n        }\n        switch (node.nodeType) {\n            case Node.ELEMEN ... (7807 more bytes)","args":[{"element-6066-11e4-a52e-4f735466cecf":"63211F71C8344C9F9C0420FB2A1E52AF_element_9","ELEMENT":"63211F71C8344C9F9C0420FB2A1E52AF_element_9"}]}
RESULT: {"script":"return (function isElementDisplayed(element) {\n    function nodeIsElement(node) {\n        if (!node) {\n            return false;\n        }\n        switch (node.nodeType) {\n            case Node.ELEMEN ... (7807 more bytes)","args":[{"element-6066-11e4-a52e-4f735466cecf":"63211F71C8344C9F9C0420FB2A1E52AF_element_9","ELEMENT":"63211F71C8344C9F9C0420FB2A1E52AF_element_9"}]}
COMMAND: POST /session/d1fc8b07c3f8554c15ec3254eabea71a/element/63211F71C8344C9F9C0420FB2A1E52AF_element_9/elements - {"using":"css selector","value":"tbody tr"}
RESULT: {"using":"css selector","value":"tbody tr"}
COMMAND: POST /session/d1fc8b07c3f8554c15ec3254eabea71a/element/63211F71C8344C9F9C0420FB2A1E52AF_element_9/element - {"using":"css selector","value":"thead tr"}
RESULT: {"using":"css selector","value":"thead tr"}
COMMAND: POST /session/d1fc8b07c3f8554c15ec3254eabea71a/element/63211F71C8344C9F9C0420FB2A1E52AF_element_11/elements - {"using":"css selector","value":"th"}
RESULT: {"using":"css selector","value":"th"}
COMMAND: GET /session/d1fc8b07c3f8554c15ec3254eabea71a/element/63211F71C8344C9F9C0420FB2A1E52AF_element_12/text - {}
COMMAND: GET /session/d1fc8b07c3f8554c15ec3254eabea71a/element/63211F71C8344C9F9C0420FB2A1E52AF_element_13/text - {}
COMMAND: GET /session/d1fc8b07c3f8554c15ec3254eabea71a/element/63211F71C8344C9F9C0420FB2A1E52AF_element_15/text - {}
COMMAND: GET /session/d1fc8b07c3f8554c15ec3254eabea71a/element/63211F71C8344C9F9C0420FB2A1E52AF_element_14/text - {}
COMMAND: GET /session/d1fc8b07c3f8554c15ec3254eabea71a/element/63211F71C8344C9F9C0420FB2A1E52AF_element_16/text - {}
RESULT: {}
RESULT: {}
RESULT: {}
RESULT: {}
RESULT: {}
COMMAND: POST /session/d1fc8b07c3f8554c15ec3254eabea71a/element/63211F71C8344C9F9C0420FB2A1E52AF_element_10/elements - {"using":"css selector","value":"th,td"}
RESULT: {"using":"css selector","value":"th,td"}
COMMAND: GET /session/d1fc8b07c3f8554c15ec3254eabea71a/element/63211F71C8344C9F9C0420FB2A1E52AF_element_17/text - {}
RESULT: {}
COMMAND: GET /session/d1fc8b07c3f8554c15ec3254eabea71a/element/63211F71C8344C9F9C0420FB2A1E52AF_element_18/text - {}
RESULT: {}
COMMAND: GET /session/d1fc8b07c3f8554c15ec3254eabea71a/element/63211F71C8344C9F9C0420FB2A1E52AF_element_19/text - {}
RESULT: {}
COMMAND: GET /session/d1fc8b07c3f8554c15ec3254eabea71a/element/63211F71C8344C9F9C0420FB2A1E52AF_element_20/text - {}
RESULT: {}
COMMAND: GET /session/d1fc8b07c3f8554c15ec3254eabea71a/element/63211F71C8344C9F9C0420FB2A1E52AF_element_21/text - {}
RESULT: {}
]]></system-out>
    </testcase>
    <testcase classname="chrome.117_0_5938_92.linux.Invoice_Page_Test.Vendor:_Vendor_Three,Invoice:2005-09" name="should validate quantity events table data" time="2.394">
      <system-out><![CDATA[
COMMAND: POST /session/d1fc8b07c3f8554c15ec3254eabea71a/url - {"url":"https://pr-500.btm.dev.account.gov.uk/contracts/3/invoices/2005-09"}
RESULT: {"url":"https://pr-500.btm.dev.account.gov.uk/contracts/3/invoices/2005-09"}
COMMAND: POST /session/d1fc8b07c3f8554c15ec3254eabea71a/execute/sync - {"script":"return (() => document.readyState === \"complete\").apply(null, arguments)","args":[]}
RESULT: {"script":"return (() => document.readyState === \"complete\").apply(null, arguments)","args":[]}
COMMAND: GET /session/d1fc8b07c3f8554c15ec3254eabea71a/url - {}
RESULT: {}
COMMAND: POST /session/d1fc8b07c3f8554c15ec3254eabea71a/element - {"using":"css selector","value":".govuk-heading-xl"}
RESULT: {"using":"css selector","value":".govuk-heading-xl"}
COMMAND: POST /session/d1fc8b07c3f8554c15ec3254eabea71a/execute/sync - {"script":"return (function isElementDisplayed(element) {\n    function nodeIsElement(node) {\n        if (!node) {\n            return false;\n        }\n        switch (node.nodeType) {\n            case Node.ELEMEN ... (7807 more bytes)","args":[{"element-6066-11e4-a52e-4f735466cecf":"5A1D128813427A4CF80EE58981A60C6F_element_25","ELEMENT":"5A1D128813427A4CF80EE58981A60C6F_element_25"}]}
RESULT: {"script":"return (function isElementDisplayed(element) {\n    function nodeIsElement(node) {\n        if (!node) {\n            return false;\n        }\n        switch (node.nodeType) {\n            case Node.ELEMEN ... (7807 more bytes)","args":[{"element-6066-11e4-a52e-4f735466cecf":"5A1D128813427A4CF80EE58981A60C6F_element_25","ELEMENT":"5A1D128813427A4CF80EE58981A60C6F_element_25"}]}
COMMAND: POST /session/d1fc8b07c3f8554c15ec3254eabea71a/element - {"using":"css selector","value":".govuk-heading-xl"}
RESULT: {"using":"css selector","value":".govuk-heading-xl"}
COMMAND: GET /session/d1fc8b07c3f8554c15ec3254eabea71a/element/5A1D128813427A4CF80EE58981A60C6F_element_25/text - {}
RESULT: {}
COMMAND: POST /session/d1fc8b07c3f8554c15ec3254eabea71a/element - {"using":"xpath","value":".//caption[contains(., \"Quantity (events)\") and not(.//caption)]"}
RESULT: {"using":"xpath","value":".//caption[contains(., \"Quantity (events)\") and not(.//caption)]"}
COMMAND: POST /session/d1fc8b07c3f8554c15ec3254eabea71a/execute/sync - {"script":"return (function (elem, id) {\n        return (function parentElement() {\n        return this.parentElement;\n    }).call(elem, id);\n    }).apply(null, arguments)","args":[{"element-6066-11e4-a52e-4f735466cecf":"5A1D128813427A4CF80EE58981A60C6F_element_26","ELEMENT":"5A1D128813427A4CF80EE58981A60C6F_element_26"}]}
RESULT: {"script":"return (function (elem, id) {\n        return (function parentElement() {\n        return this.parentElement;\n    }).call(elem, id);\n    }).apply(null, arguments)","args":[{"element-6066-11e4-a52e-4f735466cecf":"5A1D128813427A4CF80EE58981A60C6F_element_26","ELEMENT":"5A1D128813427A4CF80EE58981A60C6F_element_26"}]}
COMMAND: POST /session/d1fc8b07c3f8554c15ec3254eabea71a/execute/sync - {"script":"return (function isElementDisplayed(element) {\n    function nodeIsElement(node) {\n        if (!node) {\n            return false;\n        }\n        switch (node.nodeType) {\n            case Node.ELEMEN ... (7807 more bytes)","args":[{"element-6066-11e4-a52e-4f735466cecf":"5A1D128813427A4CF80EE58981A60C6F_element_27","ELEMENT":"5A1D128813427A4CF80EE58981A60C6F_element_27"}]}
RESULT: {"script":"return (function isElementDisplayed(element) {\n    function nodeIsElement(node) {\n        if (!node) {\n            return false;\n        }\n        switch (node.nodeType) {\n            case Node.ELEMEN ... (7807 more bytes)","args":[{"element-6066-11e4-a52e-4f735466cecf":"5A1D128813427A4CF80EE58981A60C6F_element_27","ELEMENT":"5A1D128813427A4CF80EE58981A60C6F_element_27"}]}
COMMAND: POST /session/d1fc8b07c3f8554c15ec3254eabea71a/element/5A1D128813427A4CF80EE58981A60C6F_element_27/elements - {"using":"css selector","value":"tbody tr"}
RESULT: {"using":"css selector","value":"tbody tr"}
COMMAND: POST /session/d1fc8b07c3f8554c15ec3254eabea71a/element/5A1D128813427A4CF80EE58981A60C6F_element_27/element - {"using":"css selector","value":"thead tr"}
RESULT: {"using":"css selector","value":"thead tr"}
COMMAND: POST /session/d1fc8b07c3f8554c15ec3254eabea71a/element/5A1D128813427A4CF80EE58981A60C6F_element_29/elements - {"using":"css selector","value":"th"}
RESULT: {"using":"css selector","value":"th"}
COMMAND: GET /session/d1fc8b07c3f8554c15ec3254eabea71a/element/5A1D128813427A4CF80EE58981A60C6F_element_30/text - {}
COMMAND: GET /session/d1fc8b07c3f8554c15ec3254eabea71a/element/5A1D128813427A4CF80EE58981A60C6F_element_31/text - {}
COMMAND: GET /session/d1fc8b07c3f8554c15ec3254eabea71a/element/5A1D128813427A4CF80EE58981A60C6F_element_33/text - {}
COMMAND: GET /session/d1fc8b07c3f8554c15ec3254eabea71a/element/5A1D128813427A4CF80EE58981A60C6F_element_32/text - {}
RESULT: {}
RESULT: {}
RESULT: {}
RESULT: {}
COMMAND: POST /session/d1fc8b07c3f8554c15ec3254eabea71a/element/5A1D128813427A4CF80EE58981A60C6F_element_28/elements - {"using":"css selector","value":"th,td"}
RESULT: {"using":"css selector","value":"th,td"}
COMMAND: GET /session/d1fc8b07c3f8554c15ec3254eabea71a/element/5A1D128813427A4CF80EE58981A60C6F_element_34/text - {}
RESULT: {}
COMMAND: GET /session/d1fc8b07c3f8554c15ec3254eabea71a/element/5A1D128813427A4CF80EE58981A60C6F_element_35/text - {}
RESULT: {}
COMMAND: GET /session/d1fc8b07c3f8554c15ec3254eabea71a/element/5A1D128813427A4CF80EE58981A60C6F_element_36/text - {}
RESULT: {}
COMMAND: GET /session/d1fc8b07c3f8554c15ec3254eabea71a/element/5A1D128813427A4CF80EE58981A60C6F_element_37/text - {}
RESULT: {}
]]></system-out>
    </testcase>
    <testcase classname="chrome.117_0_5938_92.linux.Invoice_Page_Test.Vendor:_Vendor_Three,Invoice:2005-09" name="should validate price table data" time="0.979">
      <system-out><![CDATA[
COMMAND: POST /session/d1fc8b07c3f8554c15ec3254eabea71a/url - {"url":"https://pr-500.btm.dev.account.gov.uk/contracts/3/invoices/2005-09"}
RESULT: {"url":"https://pr-500.btm.dev.account.gov.uk/contracts/3/invoices/2005-09"}
COMMAND: POST /session/d1fc8b07c3f8554c15ec3254eabea71a/execute/sync - {"script":"return (() => document.readyState === \"complete\").apply(null, arguments)","args":[]}
RESULT: {"script":"return (() => document.readyState === \"complete\").apply(null, arguments)","args":[]}
COMMAND: GET /session/d1fc8b07c3f8554c15ec3254eabea71a/url - {}
RESULT: {}
COMMAND: POST /session/d1fc8b07c3f8554c15ec3254eabea71a/element - {"using":"css selector","value":".govuk-heading-xl"}
RESULT: {"using":"css selector","value":".govuk-heading-xl"}
COMMAND: POST /session/d1fc8b07c3f8554c15ec3254eabea71a/execute/sync - {"script":"return (function isElementDisplayed(element) {\n    function nodeIsElement(node) {\n        if (!node) {\n            return false;\n        }\n        switch (node.nodeType) {\n            case Node.ELEMEN ... (7807 more bytes)","args":[{"element-6066-11e4-a52e-4f735466cecf":"A2E8F3C0C95C74062EB3315C6770773D_element_39","ELEMENT":"A2E8F3C0C95C74062EB3315C6770773D_element_39"}]}
RESULT: {"script":"return (function isElementDisplayed(element) {\n    function nodeIsElement(node) {\n        if (!node) {\n            return false;\n        }\n        switch (node.nodeType) {\n            case Node.ELEMEN ... (7807 more bytes)","args":[{"element-6066-11e4-a52e-4f735466cecf":"A2E8F3C0C95C74062EB3315C6770773D_element_39","ELEMENT":"A2E8F3C0C95C74062EB3315C6770773D_element_39"}]}
COMMAND: POST /session/d1fc8b07c3f8554c15ec3254eabea71a/element - {"using":"css selector","value":".govuk-heading-xl"}
RESULT: {"using":"css selector","value":".govuk-heading-xl"}
COMMAND: GET /session/d1fc8b07c3f8554c15ec3254eabea71a/element/A2E8F3C0C95C74062EB3315C6770773D_element_39/text - {}
RESULT: {}
COMMAND: POST /session/d1fc8b07c3f8554c15ec3254eabea71a/element - {"using":"xpath","value":".//caption[contains(., \"Price\") and not(.//caption)]"}
RESULT: {"using":"xpath","value":".//caption[contains(., \"Price\") and not(.//caption)]"}
COMMAND: POST /session/d1fc8b07c3f8554c15ec3254eabea71a/execute/sync - {"script":"return (function (elem, id) {\n        return (function parentElement() {\n        return this.parentElement;\n    }).call(elem, id);\n    }).apply(null, arguments)","args":[{"element-6066-11e4-a52e-4f735466cecf":"A2E8F3C0C95C74062EB3315C6770773D_element_40","ELEMENT":"A2E8F3C0C95C74062EB3315C6770773D_element_40"}]}
RESULT: {"script":"return (function (elem, id) {\n        return (function parentElement() {\n        return this.parentElement;\n    }).call(elem, id);\n    }).apply(null, arguments)","args":[{"element-6066-11e4-a52e-4f735466cecf":"A2E8F3C0C95C74062EB3315C6770773D_element_40","ELEMENT":"A2E8F3C0C95C74062EB3315C6770773D_element_40"}]}
COMMAND: POST /session/d1fc8b07c3f8554c15ec3254eabea71a/execute/sync - {"script":"return (function isElementDisplayed(element) {\n    function nodeIsElement(node) {\n        if (!node) {\n            return false;\n        }\n        switch (node.nodeType) {\n            case Node.ELEMEN ... (7807 more bytes)","args":[{"element-6066-11e4-a52e-4f735466cecf":"A2E8F3C0C95C74062EB3315C6770773D_element_41","ELEMENT":"A2E8F3C0C95C74062EB3315C6770773D_element_41"}]}
RESULT: {"script":"return (function isElementDisplayed(element) {\n    function nodeIsElement(node) {\n        if (!node) {\n            return false;\n        }\n        switch (node.nodeType) {\n            case Node.ELEMEN ... (7807 more bytes)","args":[{"element-6066-11e4-a52e-4f735466cecf":"A2E8F3C0C95C74062EB3315C6770773D_element_41","ELEMENT":"A2E8F3C0C95C74062EB3315C6770773D_element_41"}]}
COMMAND: POST /session/d1fc8b07c3f8554c15ec3254eabea71a/element/A2E8F3C0C95C74062EB3315C6770773D_element_41/elements - {"using":"css selector","value":"tbody tr"}
RESULT: {"using":"css selector","value":"tbody tr"}
COMMAND: POST /session/d1fc8b07c3f8554c15ec3254eabea71a/element/A2E8F3C0C95C74062EB3315C6770773D_element_41/element - {"using":"css selector","value":"thead tr"}
RESULT: {"using":"css selector","value":"thead tr"}
COMMAND: POST /session/d1fc8b07c3f8554c15ec3254eabea71a/element/A2E8F3C0C95C74062EB3315C6770773D_element_43/elements - {"using":"css selector","value":"th"}
RESULT: {"using":"css selector","value":"th"}
COMMAND: GET /session/d1fc8b07c3f8554c15ec3254eabea71a/element/A2E8F3C0C95C74062EB3315C6770773D_element_44/text - {}
COMMAND: GET /session/d1fc8b07c3f8554c15ec3254eabea71a/element/A2E8F3C0C95C74062EB3315C6770773D_element_45/text - {}
COMMAND: GET /session/d1fc8b07c3f8554c15ec3254eabea71a/element/A2E8F3C0C95C74062EB3315C6770773D_element_47/text - {}
COMMAND: GET /session/d1fc8b07c3f8554c15ec3254eabea71a/element/A2E8F3C0C95C74062EB3315C6770773D_element_46/text - {}
RESULT: {}
RESULT: {}
RESULT: {}
RESULT: {}
COMMAND: POST /session/d1fc8b07c3f8554c15ec3254eabea71a/element/A2E8F3C0C95C74062EB3315C6770773D_element_42/elements - {"using":"css selector","value":"th,td"}
RESULT: {"using":"css selector","value":"th,td"}
COMMAND: GET /session/d1fc8b07c3f8554c15ec3254eabea71a/element/A2E8F3C0C95C74062EB3315C6770773D_element_48/text - {}
RESULT: {}
COMMAND: GET /session/d1fc8b07c3f8554c15ec3254eabea71a/element/A2E8F3C0C95C74062EB3315C6770773D_element_49/text - {}
RESULT: {}
COMMAND: GET /session/d1fc8b07c3f8554c15ec3254eabea71a/element/A2E8F3C0C95C74062EB3315C6770773D_element_50/text - {}
RESULT: {}
COMMAND: GET /session/d1fc8b07c3f8554c15ec3254eabea71a/element/A2E8F3C0C95C74062EB3315C6770773D_element_51/text - {}
RESULT: {}
]]></system-out>
    </testcase>
    <testcase classname="chrome.117_0_5938_92.linux.Invoice_Page_Test.Vendor:_Vendor_Three,Invoice:2005-09" name="should validate measured events table data" time="0.675">
      <system-out><![CDATA[
COMMAND: POST /session/d1fc8b07c3f8554c15ec3254eabea71a/url - {"url":"https://pr-500.btm.dev.account.gov.uk/contracts/3/invoices/2005-09"}
RESULT: {"url":"https://pr-500.btm.dev.account.gov.uk/contracts/3/invoices/2005-09"}
COMMAND: POST /session/d1fc8b07c3f8554c15ec3254eabea71a/execute/sync - {"script":"return (() => document.readyState === \"complete\").apply(null, arguments)","args":[]}
RESULT: {"script":"return (() => document.readyState === \"complete\").apply(null, arguments)","args":[]}
COMMAND: GET /session/d1fc8b07c3f8554c15ec3254eabea71a/url - {}
RESULT: {}
COMMAND: POST /session/d1fc8b07c3f8554c15ec3254eabea71a/element - {"using":"css selector","value":".govuk-heading-xl"}
RESULT: {"using":"css selector","value":".govuk-heading-xl"}
COMMAND: POST /session/d1fc8b07c3f8554c15ec3254eabea71a/execute/sync - {"script":"return (function isElementDisplayed(element) {\n    function nodeIsElement(node) {\n        if (!node) {\n            return false;\n        }\n        switch (node.nodeType) {\n            case Node.ELEMEN ... (7807 more bytes)","args":[{"element-6066-11e4-a52e-4f735466cecf":"8D319F37B26D981B7C5E6405AE909C8F_element_53","ELEMENT":"8D319F37B26D981B7C5E6405AE909C8F_element_53"}]}
RESULT: {"script":"return (function isElementDisplayed(element) {\n    function nodeIsElement(node) {\n        if (!node) {\n            return false;\n        }\n        switch (node.nodeType) {\n            case Node.ELEMEN ... (7807 more bytes)","args":[{"element-6066-11e4-a52e-4f735466cecf":"8D319F37B26D981B7C5E6405AE909C8F_element_53","ELEMENT":"8D319F37B26D981B7C5E6405AE909C8F_element_53"}]}
COMMAND: POST /session/d1fc8b07c3f8554c15ec3254eabea71a/element - {"using":"css selector","value":".govuk-heading-xl"}
RESULT: {"using":"css selector","value":".govuk-heading-xl"}
COMMAND: GET /session/d1fc8b07c3f8554c15ec3254eabea71a/element/8D319F37B26D981B7C5E6405AE909C8F_element_53/text - {}
RESULT: {}
COMMAND: POST /session/d1fc8b07c3f8554c15ec3254eabea71a/element - {"using":"xpath","value":".//caption[contains(., \"Measured (events)\") and not(.//caption)]"}
RESULT: {"using":"xpath","value":".//caption[contains(., \"Measured (events)\") and not(.//caption)]"}
COMMAND: POST /session/d1fc8b07c3f8554c15ec3254eabea71a/execute/sync - {"script":"return (function (elem, id) {\n        return (function parentElement() {\n        return this.parentElement;\n    }).call(elem, id);\n    }).apply(null, arguments)","args":[{"element-6066-11e4-a52e-4f735466cecf":"8D319F37B26D981B7C5E6405AE909C8F_element_54","ELEMENT":"8D319F37B26D981B7C5E6405AE909C8F_element_54"}]}
RESULT: {"script":"return (function (elem, id) {\n        return (function parentElement() {\n        return this.parentElement;\n    }).call(elem, id);\n    }).apply(null, arguments)","args":[{"element-6066-11e4-a52e-4f735466cecf":"8D319F37B26D981B7C5E6405AE909C8F_element_54","ELEMENT":"8D319F37B26D981B7C5E6405AE909C8F_element_54"}]}
COMMAND: POST /session/d1fc8b07c3f8554c15ec3254eabea71a/execute/sync - {"script":"return (function isElementDisplayed(element) {\n    function nodeIsElement(node) {\n        if (!node) {\n            return false;\n        }\n        switch (node.nodeType) {\n            case Node.ELEMEN ... (7807 more bytes)","args":[{"element-6066-11e4-a52e-4f735466cecf":"8D319F37B26D981B7C5E6405AE909C8F_element_55","ELEMENT":"8D319F37B26D981B7C5E6405AE909C8F_element_55"}]}
RESULT: {"script":"return (function isElementDisplayed(element) {\n    function nodeIsElement(node) {\n        if (!node) {\n            return false;\n        }\n        switch (node.nodeType) {\n            case Node.ELEMEN ... (7807 more bytes)","args":[{"element-6066-11e4-a52e-4f735466cecf":"8D319F37B26D981B7C5E6405AE909C8F_element_55","ELEMENT":"8D319F37B26D981B7C5E6405AE909C8F_element_55"}]}
COMMAND: POST /session/d1fc8b07c3f8554c15ec3254eabea71a/element/8D319F37B26D981B7C5E6405AE909C8F_element_55/elements - {"using":"css selector","value":"tbody tr"}
RESULT: {"using":"css selector","value":"tbody tr"}
COMMAND: POST /session/d1fc8b07c3f8554c15ec3254eabea71a/element/8D319F37B26D981B7C5E6405AE909C8F_element_55/element - {"using":"css selector","value":"thead tr"}
RESULT: {"using":"css selector","value":"thead tr"}
COMMAND: POST /session/d1fc8b07c3f8554c15ec3254eabea71a/element/8D319F37B26D981B7C5E6405AE909C8F_element_57/elements - {"using":"css selector","value":"th"}
RESULT: {"using":"css selector","value":"th"}
COMMAND: GET /session/d1fc8b07c3f8554c15ec3254eabea71a/element/8D319F37B26D981B7C5E6405AE909C8F_element_58/text - {}
COMMAND: GET /session/d1fc8b07c3f8554c15ec3254eabea71a/element/8D319F37B26D981B7C5E6405AE909C8F_element_59/text - {}
RESULT: {}
RESULT: {}
COMMAND: POST /session/d1fc8b07c3f8554c15ec3254eabea71a/element/8D319F37B26D981B7C5E6405AE909C8F_element_56/elements - {"using":"css selector","value":"th,td"}
RESULT: {"using":"css selector","value":"th,td"}
COMMAND: GET /session/d1fc8b07c3f8554c15ec3254eabea71a/element/8D319F37B26D981B7C5E6405AE909C8F_element_60/text - {}
RESULT: {}
COMMAND: GET /session/d1fc8b07c3f8554c15ec3254eabea71a/element/8D319F37B26D981B7C5E6405AE909C8F_element_61/text - {}
RESULT: {}
]]></system-out>
    </testcase>
    <testcase classname="chrome.117_0_5938_92.linux.Invoice_Page_Test.Vendor:_Vendor_Three,Invoice:2005-09" name="should validate invoice table data" time="1.15">
      <system-out><![CDATA[
COMMAND: POST /session/d1fc8b07c3f8554c15ec3254eabea71a/url - {"url":"https://pr-500.btm.dev.account.gov.uk/contracts/3/invoices/2005-09"}
RESULT: {"url":"https://pr-500.btm.dev.account.gov.uk/contracts/3/invoices/2005-09"}
COMMAND: POST /session/d1fc8b07c3f8554c15ec3254eabea71a/execute/sync - {"script":"return (() => document.readyState === \"complete\").apply(null, arguments)","args":[]}
RESULT: {"script":"return (() => document.readyState === \"complete\").apply(null, arguments)","args":[]}
COMMAND: GET /session/d1fc8b07c3f8554c15ec3254eabea71a/url - {}
RESULT: {}
COMMAND: POST /session/d1fc8b07c3f8554c15ec3254eabea71a/element - {"using":"css selector","value":".govuk-heading-xl"}
RESULT: {"using":"css selector","value":".govuk-heading-xl"}
COMMAND: POST /session/d1fc8b07c3f8554c15ec3254eabea71a/execute/sync - {"script":"return (function isElementDisplayed(element) {\n    function nodeIsElement(node) {\n        if (!node) {\n            return false;\n        }\n        switch (node.nodeType) {\n            case Node.ELEMEN ... (7807 more bytes)","args":[{"element-6066-11e4-a52e-4f735466cecf":"404D47D5877ACB5F76C8360441053A56_element_63","ELEMENT":"404D47D5877ACB5F76C8360441053A56_element_63"}]}
RESULT: {"script":"return (function isElementDisplayed(element) {\n    function nodeIsElement(node) {\n        if (!node) {\n            return false;\n        }\n        switch (node.nodeType) {\n            case Node.ELEMEN ... (7807 more bytes)","args":[{"element-6066-11e4-a52e-4f735466cecf":"404D47D5877ACB5F76C8360441053A56_element_63","ELEMENT":"404D47D5877ACB5F76C8360441053A56_element_63"}]}
COMMAND: POST /session/d1fc8b07c3f8554c15ec3254eabea71a/element - {"using":"css selector","value":".govuk-heading-xl"}
RESULT: {"using":"css selector","value":".govuk-heading-xl"}
COMMAND: GET /session/d1fc8b07c3f8554c15ec3254eabea71a/element/404D47D5877ACB5F76C8360441053A56_element_63/text - {}
RESULT: {}
COMMAND: POST /session/d1fc8b07c3f8554c15ec3254eabea71a/element - {"using":"xpath","value":".//caption[contains(., \"Invoice\") and not(.//caption)]"}
RESULT: {"using":"xpath","value":".//caption[contains(., \"Invoice\") and not(.//caption)]"}
COMMAND: POST /session/d1fc8b07c3f8554c15ec3254eabea71a/execute/sync - {"script":"return (function (elem, id) {\n        return (function parentElement() {\n        return this.parentElement;\n    }).call(elem, id);\n    }).apply(null, arguments)","args":[{"element-6066-11e4-a52e-4f735466cecf":"404D47D5877ACB5F76C8360441053A56_element_64","ELEMENT":"404D47D5877ACB5F76C8360441053A56_element_64"}]}
RESULT: {"script":"return (function (elem, id) {\n        return (function parentElement() {\n        return this.parentElement;\n    }).call(elem, id);\n    }).apply(null, arguments)","args":[{"element-6066-11e4-a52e-4f735466cecf":"404D47D5877ACB5F76C8360441053A56_element_64","ELEMENT":"404D47D5877ACB5F76C8360441053A56_element_64"}]}
COMMAND: POST /session/d1fc8b07c3f8554c15ec3254eabea71a/execute/sync - {"script":"return (function isElementDisplayed(element) {\n    function nodeIsElement(node) {\n        if (!node) {\n            return false;\n        }\n        switch (node.nodeType) {\n            case Node.ELEMEN ... (7807 more bytes)","args":[{"element-6066-11e4-a52e-4f735466cecf":"404D47D5877ACB5F76C8360441053A56_element_65","ELEMENT":"404D47D5877ACB5F76C8360441053A56_element_65"}]}
RESULT: {"script":"return (function isElementDisplayed(element) {\n    function nodeIsElement(node) {\n        if (!node) {\n            return false;\n        }\n        switch (node.nodeType) {\n            case Node.ELEMEN ... (7807 more bytes)","args":[{"element-6066-11e4-a52e-4f735466cecf":"404D47D5877ACB5F76C8360441053A56_element_65","ELEMENT":"404D47D5877ACB5F76C8360441053A56_element_65"}]}
COMMAND: POST /session/d1fc8b07c3f8554c15ec3254eabea71a/element/404D47D5877ACB5F76C8360441053A56_element_65/elements - {"using":"css selector","value":"tbody tr"}
RESULT: {"using":"css selector","value":"tbody tr"}
COMMAND: POST /session/d1fc8b07c3f8554c15ec3254eabea71a/element/404D47D5877ACB5F76C8360441053A56_element_65/element - {"using":"css selector","value":"thead tr"}
RESULT: {"using":"css selector","value":"thead tr"}
COMMAND: POST /session/d1fc8b07c3f8554c15ec3254eabea71a/element/404D47D5877ACB5F76C8360441053A56_element_68/elements - {"using":"css selector","value":"th"}
RESULT: {"using":"css selector","value":"th"}
COMMAND: GET /session/d1fc8b07c3f8554c15ec3254eabea71a/element/404D47D5877ACB5F76C8360441053A56_element_69/text - {}
COMMAND: GET /session/d1fc8b07c3f8554c15ec3254eabea71a/element/404D47D5877ACB5F76C8360441053A56_element_70/text - {}
COMMAND: GET /session/d1fc8b07c3f8554c15ec3254eabea71a/element/404D47D5877ACB5F76C8360441053A56_element_72/text - {}
COMMAND: GET /session/d1fc8b07c3f8554c15ec3254eabea71a/element/404D47D5877ACB5F76C8360441053A56_element_71/text - {}
COMMAND: GET /session/d1fc8b07c3f8554c15ec3254eabea71a/element/404D47D5877ACB5F76C8360441053A56_element_73/text - {}
RESULT: {}
RESULT: {}
RESULT: {}
RESULT: {}
RESULT: {}
COMMAND: POST /session/d1fc8b07c3f8554c15ec3254eabea71a/element/404D47D5877ACB5F76C8360441053A56_element_66/elements - {"using":"css selector","value":"th,td"}
RESULT: {"using":"css selector","value":"th,td"}
COMMAND: GET /session/d1fc8b07c3f8554c15ec3254eabea71a/element/404D47D5877ACB5F76C8360441053A56_element_74/text - {}
RESULT: {}
COMMAND: GET /session/d1fc8b07c3f8554c15ec3254eabea71a/element/404D47D5877ACB5F76C8360441053A56_element_75/text - {}
RESULT: {}
COMMAND: GET /session/d1fc8b07c3f8554c15ec3254eabea71a/element/404D47D5877ACB5F76C8360441053A56_element_76/text - {}
RESULT: {}
COMMAND: GET /session/d1fc8b07c3f8554c15ec3254eabea71a/element/404D47D5877ACB5F76C8360441053A56_element_77/text - {}
RESULT: {}
COMMAND: GET /session/d1fc8b07c3f8554c15ec3254eabea71a/element/404D47D5877ACB5F76C8360441053A56_element_78/text - {}
RESULT: {}
COMMAND: POST /session/d1fc8b07c3f8554c15ec3254eabea71a/element/404D47D5877ACB5F76C8360441053A56_element_67/elements - {"using":"css selector","value":"th,td"}
RESULT: {"using":"css selector","value":"th,td"}
COMMAND: GET /session/d1fc8b07c3f8554c15ec3254eabea71a/element/404D47D5877ACB5F76C8360441053A56_element_79/text - {}
RESULT: {}
COMMAND: GET /session/d1fc8b07c3f8554c15ec3254eabea71a/element/404D47D5877ACB5F76C8360441053A56_element_80/text - {}
RESULT: {}
COMMAND: GET /session/d1fc8b07c3f8554c15ec3254eabea71a/element/404D47D5877ACB5F76C8360441053A56_element_81/text - {}
RESULT: {}
COMMAND: GET /session/d1fc8b07c3f8554c15ec3254eabea71a/element/404D47D5877ACB5F76C8360441053A56_element_82/text - {}
RESULT: {}
COMMAND: GET /session/d1fc8b07c3f8554c15ec3254eabea71a/element/404D47D5877ACB5F76C8360441053A56_element_83/text - {}
RESULT: {}
]]></system-out>
    </testcase>
  </testsuite>
  <testsuite name="Vendor Vendor Three Invoice 2023 03" timestamp="2023-10-02T12:45:17" time="5.479" tests="6" failures="0" errors="0" skipped="0">
    <properties>
      <property name="specId" value="0"/>
      <property name="suiteName" value="Vendor: Vendor Three,Invoice:2023-03"/>
      <property name="capabilities" value="chrome.117_0_5938_92.linux"/>
      <property name="file" value="file://./ui-tests/specs/invoice.spec.ts"/>
    </properties>
    <testcase classname="chrome.117_0_5938_92.linux.Invoice_Page_Test.Vendor:_Vendor_Three,Invoice:2023-03" name="should display correct status banner color and message" time="0.751">
      <system-out><![CDATA[
COMMAND: POST /session/d1fc8b07c3f8554c15ec3254eabea71a/url - {"url":"https://pr-500.btm.dev.account.gov.uk/contracts/3/invoices/2023-03"}
RESULT: {"url":"https://pr-500.btm.dev.account.gov.uk/contracts/3/invoices/2023-03"}
COMMAND: POST /session/d1fc8b07c3f8554c15ec3254eabea71a/execute/sync - {"script":"return (() => document.readyState === \"complete\").apply(null, arguments)","args":[]}
RESULT: {"script":"return (() => document.readyState === \"complete\").apply(null, arguments)","args":[]}
COMMAND: GET /session/d1fc8b07c3f8554c15ec3254eabea71a/url - {}
RESULT: {}
COMMAND: POST /session/d1fc8b07c3f8554c15ec3254eabea71a/element - {"using":"css selector","value":".govuk-heading-xl"}
RESULT: {"using":"css selector","value":".govuk-heading-xl"}
COMMAND: POST /session/d1fc8b07c3f8554c15ec3254eabea71a/execute/sync - {"script":"return (function isElementDisplayed(element) {\n    function nodeIsElement(node) {\n        if (!node) {\n            return false;\n        }\n        switch (node.nodeType) {\n            case Node.ELEMEN ... (7807 more bytes)","args":[{"element-6066-11e4-a52e-4f735466cecf":"376AB83C4165B74E0D2CCC10BF2AB826_element_87","ELEMENT":"376AB83C4165B74E0D2CCC10BF2AB826_element_87"}]}
RESULT: {"script":"return (function isElementDisplayed(element) {\n    function nodeIsElement(node) {\n        if (!node) {\n            return false;\n        }\n        switch (node.nodeType) {\n            case Node.ELEMEN ... (7807 more bytes)","args":[{"element-6066-11e4-a52e-4f735466cecf":"376AB83C4165B74E0D2CCC10BF2AB826_element_87","ELEMENT":"376AB83C4165B74E0D2CCC10BF2AB826_element_87"}]}
COMMAND: POST /session/d1fc8b07c3f8554c15ec3254eabea71a/element - {"using":"css selector","value":".govuk-heading-xl"}
RESULT: {"using":"css selector","value":".govuk-heading-xl"}
COMMAND: GET /session/d1fc8b07c3f8554c15ec3254eabea71a/element/376AB83C4165B74E0D2CCC10BF2AB826_element_87/text - {}
RESULT: {}
COMMAND: POST /session/d1fc8b07c3f8554c15ec3254eabea71a/element - {"using":"css selector","value":"h2.govuk-panel__title"}
RESULT: {"using":"css selector","value":"h2.govuk-panel__title"}
COMMAND: POST /session/d1fc8b07c3f8554c15ec3254eabea71a/execute/sync - {"script":"return (function isElementDisplayed(element) {\n    function nodeIsElement(node) {\n        if (!node) {\n            return false;\n        }\n        switch (node.nodeType) {\n            case Node.ELEMEN ... (7807 more bytes)","args":[{"element-6066-11e4-a52e-4f735466cecf":"376AB83C4165B74E0D2CCC10BF2AB826_element_88","ELEMENT":"376AB83C4165B74E0D2CCC10BF2AB826_element_88"}]}
RESULT: {"script":"return (function isElementDisplayed(element) {\n    function nodeIsElement(node) {\n        if (!node) {\n            return false;\n        }\n        switch (node.nodeType) {\n            case Node.ELEMEN ... (7807 more bytes)","args":[{"element-6066-11e4-a52e-4f735466cecf":"376AB83C4165B74E0D2CCC10BF2AB826_element_88","ELEMENT":"376AB83C4165B74E0D2CCC10BF2AB826_element_88"}]}
COMMAND: POST /session/d1fc8b07c3f8554c15ec3254eabea71a/element - {"using":"css selector","value":"h2.govuk-panel__title"}
RESULT: {"using":"css selector","value":"h2.govuk-panel__title"}
COMMAND: GET /session/d1fc8b07c3f8554c15ec3254eabea71a/element/376AB83C4165B74E0D2CCC10BF2AB826_element_88/text - {}
RESULT: {}
COMMAND: POST /session/d1fc8b07c3f8554c15ec3254eabea71a/element - {"using":"css selector","value":".govuk-panel"}
RESULT: {"using":"css selector","value":".govuk-panel"}
COMMAND: POST /session/d1fc8b07c3f8554c15ec3254eabea71a/execute/sync - {"script":"return (function isElementDisplayed(element) {\n    function nodeIsElement(node) {\n        if (!node) {\n            return false;\n        }\n        switch (node.nodeType) {\n            case Node.ELEMEN ... (7807 more bytes)","args":[{"element-6066-11e4-a52e-4f735466cecf":"376AB83C4165B74E0D2CCC10BF2AB826_element_85","ELEMENT":"376AB83C4165B74E0D2CCC10BF2AB826_element_85"}]}
RESULT: {"script":"return (function isElementDisplayed(element) {\n    function nodeIsElement(node) {\n        if (!node) {\n            return false;\n        }\n        switch (node.nodeType) {\n            case Node.ELEMEN ... (7807 more bytes)","args":[{"element-6066-11e4-a52e-4f735466cecf":"376AB83C4165B74E0D2CCC10BF2AB826_element_85","ELEMENT":"376AB83C4165B74E0D2CCC10BF2AB826_element_85"}]}
COMMAND: GET /session/d1fc8b07c3f8554c15ec3254eabea71a/element/376AB83C4165B74E0D2CCC10BF2AB826_element_85/css/background-color - {}
RESULT: {}
]]></system-out>
    </testcase>
    <testcase classname="chrome.117_0_5938_92.linux.Invoice_Page_Test.Vendor:_Vendor_Three,Invoice:2023-03" name="should validate reconciliation table data" time="0.775">
      <system-out><![CDATA[
COMMAND: POST /session/d1fc8b07c3f8554c15ec3254eabea71a/url - {"url":"https://pr-500.btm.dev.account.gov.uk/contracts/3/invoices/2023-03"}
RESULT: {"url":"https://pr-500.btm.dev.account.gov.uk/contracts/3/invoices/2023-03"}
COMMAND: POST /session/d1fc8b07c3f8554c15ec3254eabea71a/execute/sync - {"script":"return (() => document.readyState === \"complete\").apply(null, arguments)","args":[]}
RESULT: {"script":"return (() => document.readyState === \"complete\").apply(null, arguments)","args":[]}
COMMAND: GET /session/d1fc8b07c3f8554c15ec3254eabea71a/url - {}
RESULT: {}
COMMAND: POST /session/d1fc8b07c3f8554c15ec3254eabea71a/element - {"using":"css selector","value":".govuk-heading-xl"}
RESULT: {"using":"css selector","value":".govuk-heading-xl"}
COMMAND: POST /session/d1fc8b07c3f8554c15ec3254eabea71a/execute/sync - {"script":"return (function isElementDisplayed(element) {\n    function nodeIsElement(node) {\n        if (!node) {\n            return false;\n        }\n        switch (node.nodeType) {\n            case Node.ELEMEN ... (7807 more bytes)","args":[{"element-6066-11e4-a52e-4f735466cecf":"E33F9120B2DA483B6FCF48FFEA29F662_element_90","ELEMENT":"E33F9120B2DA483B6FCF48FFEA29F662_element_90"}]}
RESULT: {"script":"return (function isElementDisplayed(element) {\n    function nodeIsElement(node) {\n        if (!node) {\n            return false;\n        }\n        switch (node.nodeType) {\n            case Node.ELEMEN ... (7807 more bytes)","args":[{"element-6066-11e4-a52e-4f735466cecf":"E33F9120B2DA483B6FCF48FFEA29F662_element_90","ELEMENT":"E33F9120B2DA483B6FCF48FFEA29F662_element_90"}]}
COMMAND: POST /session/d1fc8b07c3f8554c15ec3254eabea71a/element - {"using":"css selector","value":".govuk-heading-xl"}
RESULT: {"using":"css selector","value":".govuk-heading-xl"}
COMMAND: GET /session/d1fc8b07c3f8554c15ec3254eabea71a/element/E33F9120B2DA483B6FCF48FFEA29F662_element_90/text - {}
RESULT: {}
COMMAND: POST /session/d1fc8b07c3f8554c15ec3254eabea71a/element - {"using":"xpath","value":".//caption[contains(., \"Reconciliation\") and not(.//caption)]"}
RESULT: {"using":"xpath","value":".//caption[contains(., \"Reconciliation\") and not(.//caption)]"}
COMMAND: POST /session/d1fc8b07c3f8554c15ec3254eabea71a/execute/sync - {"script":"return (function (elem, id) {\n        return (function parentElement() {\n        return this.parentElement;\n    }).call(elem, id);\n    }).apply(null, arguments)","args":[{"element-6066-11e4-a52e-4f735466cecf":"E33F9120B2DA483B6FCF48FFEA29F662_element_91","ELEMENT":"E33F9120B2DA483B6FCF48FFEA29F662_element_91"}]}
RESULT: {"script":"return (function (elem, id) {\n        return (function parentElement() {\n        return this.parentElement;\n    }).call(elem, id);\n    }).apply(null, arguments)","args":[{"element-6066-11e4-a52e-4f735466cecf":"E33F9120B2DA483B6FCF48FFEA29F662_element_91","ELEMENT":"E33F9120B2DA483B6FCF48FFEA29F662_element_91"}]}
COMMAND: POST /session/d1fc8b07c3f8554c15ec3254eabea71a/execute/sync - {"script":"return (function isElementDisplayed(element) {\n    function nodeIsElement(node) {\n        if (!node) {\n            return false;\n        }\n        switch (node.nodeType) {\n            case Node.ELEMEN ... (7807 more bytes)","args":[{"element-6066-11e4-a52e-4f735466cecf":"E33F9120B2DA483B6FCF48FFEA29F662_element_92","ELEMENT":"E33F9120B2DA483B6FCF48FFEA29F662_element_92"}]}
RESULT: {"script":"return (function isElementDisplayed(element) {\n    function nodeIsElement(node) {\n        if (!node) {\n            return false;\n        }\n        switch (node.nodeType) {\n            case Node.ELEMEN ... (7807 more bytes)","args":[{"element-6066-11e4-a52e-4f735466cecf":"E33F9120B2DA483B6FCF48FFEA29F662_element_92","ELEMENT":"E33F9120B2DA483B6FCF48FFEA29F662_element_92"}]}
COMMAND: POST /session/d1fc8b07c3f8554c15ec3254eabea71a/element/E33F9120B2DA483B6FCF48FFEA29F662_element_92/elements - {"using":"css selector","value":"tbody tr"}
RESULT: {"using":"css selector","value":"tbody tr"}
COMMAND: POST /session/d1fc8b07c3f8554c15ec3254eabea71a/element/E33F9120B2DA483B6FCF48FFEA29F662_element_92/element - {"using":"css selector","value":"thead tr"}
RESULT: {"using":"css selector","value":"thead tr"}
COMMAND: POST /session/d1fc8b07c3f8554c15ec3254eabea71a/element/E33F9120B2DA483B6FCF48FFEA29F662_element_95/elements - {"using":"css selector","value":"th"}
RESULT: {"using":"css selector","value":"th"}
COMMAND: GET /session/d1fc8b07c3f8554c15ec3254eabea71a/element/E33F9120B2DA483B6FCF48FFEA29F662_element_96/text - {}
COMMAND: GET /session/d1fc8b07c3f8554c15ec3254eabea71a/element/E33F9120B2DA483B6FCF48FFEA29F662_element_97/text - {}
COMMAND: GET /session/d1fc8b07c3f8554c15ec3254eabea71a/element/E33F9120B2DA483B6FCF48FFEA29F662_element_99/text - {}
COMMAND: GET /session/d1fc8b07c3f8554c15ec3254eabea71a/element/E33F9120B2DA483B6FCF48FFEA29F662_element_98/text - {}
COMMAND: GET /session/d1fc8b07c3f8554c15ec3254eabea71a/element/E33F9120B2DA483B6FCF48FFEA29F662_element_100/text - {}
RESULT: {}
RESULT: {}
RESULT: {}
RESULT: {}
RESULT: {}
COMMAND: POST /session/d1fc8b07c3f8554c15ec3254eabea71a/element/E33F9120B2DA483B6FCF48FFEA29F662_element_93/elements - {"using":"css selector","value":"th,td"}
RESULT: {"using":"css selector","value":"th,td"}
COMMAND: GET /session/d1fc8b07c3f8554c15ec3254eabea71a/element/E33F9120B2DA483B6FCF48FFEA29F662_element_101/text - {}
RESULT: {}
COMMAND: GET /session/d1fc8b07c3f8554c15ec3254eabea71a/element/E33F9120B2DA483B6FCF48FFEA29F662_element_102/text - {}
RESULT: {}
COMMAND: GET /session/d1fc8b07c3f8554c15ec3254eabea71a/element/E33F9120B2DA483B6FCF48FFEA29F662_element_103/text - {}
RESULT: {}
COMMAND: GET /session/d1fc8b07c3f8554c15ec3254eabea71a/element/E33F9120B2DA483B6FCF48FFEA29F662_element_104/text - {}
RESULT: {}
COMMAND: GET /session/d1fc8b07c3f8554c15ec3254eabea71a/element/E33F9120B2DA483B6FCF48FFEA29F662_element_105/text - {}
RESULT: {}
COMMAND: POST /session/d1fc8b07c3f8554c15ec3254eabea71a/element/E33F9120B2DA483B6FCF48FFEA29F662_element_94/elements - {"using":"css selector","value":"th,td"}
RESULT: {"using":"css selector","value":"th,td"}
COMMAND: GET /session/d1fc8b07c3f8554c15ec3254eabea71a/element/E33F9120B2DA483B6FCF48FFEA29F662_element_106/text - {}
RESULT: {}
COMMAND: GET /session/d1fc8b07c3f8554c15ec3254eabea71a/element/E33F9120B2DA483B6FCF48FFEA29F662_element_107/text - {}
RESULT: {}
COMMAND: GET /session/d1fc8b07c3f8554c15ec3254eabea71a/element/E33F9120B2DA483B6FCF48FFEA29F662_element_108/text - {}
RESULT: {}
COMMAND: GET /session/d1fc8b07c3f8554c15ec3254eabea71a/element/E33F9120B2DA483B6FCF48FFEA29F662_element_109/text - {}
RESULT: {}
COMMAND: GET /session/d1fc8b07c3f8554c15ec3254eabea71a/element/E33F9120B2DA483B6FCF48FFEA29F662_element_110/text - {}
RESULT: {}
]]></system-out>
    </testcase>
    <testcase classname="chrome.117_0_5938_92.linux.Invoice_Page_Test.Vendor:_Vendor_Three,Invoice:2023-03" name="should validate quantity events table data" time="0.744">
      <system-out><![CDATA[
COMMAND: POST /session/d1fc8b07c3f8554c15ec3254eabea71a/url - {"url":"https://pr-500.btm.dev.account.gov.uk/contracts/3/invoices/2023-03"}
RESULT: {"url":"https://pr-500.btm.dev.account.gov.uk/contracts/3/invoices/2023-03"}
COMMAND: POST /session/d1fc8b07c3f8554c15ec3254eabea71a/execute/sync - {"script":"return (() => document.readyState === \"complete\").apply(null, arguments)","args":[]}
RESULT: {"script":"return (() => document.readyState === \"complete\").apply(null, arguments)","args":[]}
COMMAND: GET /session/d1fc8b07c3f8554c15ec3254eabea71a/url - {}
RESULT: {}
COMMAND: POST /session/d1fc8b07c3f8554c15ec3254eabea71a/element - {"using":"css selector","value":".govuk-heading-xl"}
RESULT: {"using":"css selector","value":".govuk-heading-xl"}
COMMAND: POST /session/d1fc8b07c3f8554c15ec3254eabea71a/execute/sync - {"script":"return (function isElementDisplayed(element) {\n    function nodeIsElement(node) {\n        if (!node) {\n            return false;\n        }\n        switch (node.nodeType) {\n            case Node.ELEMEN ... (7807 more bytes)","args":[{"element-6066-11e4-a52e-4f735466cecf":"A8A6147C1D8378149B326A9E89F12404_element_112","ELEMENT":"A8A6147C1D8378149B326A9E89F12404_element_112"}]}
RESULT: {"script":"return (function isElementDisplayed(element) {\n    function nodeIsElement(node) {\n        if (!node) {\n            return false;\n        }\n        switch (node.nodeType) {\n            case Node.ELEMEN ... (7807 more bytes)","args":[{"element-6066-11e4-a52e-4f735466cecf":"A8A6147C1D8378149B326A9E89F12404_element_112","ELEMENT":"A8A6147C1D8378149B326A9E89F12404_element_112"}]}
COMMAND: POST /session/d1fc8b07c3f8554c15ec3254eabea71a/element - {"using":"css selector","value":".govuk-heading-xl"}
RESULT: {"using":"css selector","value":".govuk-heading-xl"}
COMMAND: GET /session/d1fc8b07c3f8554c15ec3254eabea71a/element/A8A6147C1D8378149B326A9E89F12404_element_112/text - {}
RESULT: {}
COMMAND: POST /session/d1fc8b07c3f8554c15ec3254eabea71a/element - {"using":"xpath","value":".//caption[contains(., \"Quantity (events)\") and not(.//caption)]"}
RESULT: {"using":"xpath","value":".//caption[contains(., \"Quantity (events)\") and not(.//caption)]"}
COMMAND: POST /session/d1fc8b07c3f8554c15ec3254eabea71a/execute/sync - {"script":"return (function (elem, id) {\n        return (function parentElement() {\n        return this.parentElement;\n    }).call(elem, id);\n    }).apply(null, arguments)","args":[{"element-6066-11e4-a52e-4f735466cecf":"A8A6147C1D8378149B326A9E89F12404_element_113","ELEMENT":"A8A6147C1D8378149B326A9E89F12404_element_113"}]}
RESULT: {"script":"return (function (elem, id) {\n        return (function parentElement() {\n        return this.parentElement;\n    }).call(elem, id);\n    }).apply(null, arguments)","args":[{"element-6066-11e4-a52e-4f735466cecf":"A8A6147C1D8378149B326A9E89F12404_element_113","ELEMENT":"A8A6147C1D8378149B326A9E89F12404_element_113"}]}
COMMAND: POST /session/d1fc8b07c3f8554c15ec3254eabea71a/execute/sync - {"script":"return (function isElementDisplayed(element) {\n    function nodeIsElement(node) {\n        if (!node) {\n            return false;\n        }\n        switch (node.nodeType) {\n            case Node.ELEMEN ... (7807 more bytes)","args":[{"element-6066-11e4-a52e-4f735466cecf":"A8A6147C1D8378149B326A9E89F12404_element_114","ELEMENT":"A8A6147C1D8378149B326A9E89F12404_element_114"}]}
RESULT: {"script":"return (function isElementDisplayed(element) {\n    function nodeIsElement(node) {\n        if (!node) {\n            return false;\n        }\n        switch (node.nodeType) {\n            case Node.ELEMEN ... (7807 more bytes)","args":[{"element-6066-11e4-a52e-4f735466cecf":"A8A6147C1D8378149B326A9E89F12404_element_114","ELEMENT":"A8A6147C1D8378149B326A9E89F12404_element_114"}]}
COMMAND: POST /session/d1fc8b07c3f8554c15ec3254eabea71a/element/A8A6147C1D8378149B326A9E89F12404_element_114/elements - {"using":"css selector","value":"tbody tr"}
RESULT: {"using":"css selector","value":"tbody tr"}
COMMAND: POST /session/d1fc8b07c3f8554c15ec3254eabea71a/element/A8A6147C1D8378149B326A9E89F12404_element_114/element - {"using":"css selector","value":"thead tr"}
RESULT: {"using":"css selector","value":"thead tr"}
COMMAND: POST /session/d1fc8b07c3f8554c15ec3254eabea71a/element/A8A6147C1D8378149B326A9E89F12404_element_117/elements - {"using":"css selector","value":"th"}
RESULT: {"using":"css selector","value":"th"}
COMMAND: GET /session/d1fc8b07c3f8554c15ec3254eabea71a/element/A8A6147C1D8378149B326A9E89F12404_element_118/text - {}
COMMAND: GET /session/d1fc8b07c3f8554c15ec3254eabea71a/element/A8A6147C1D8378149B326A9E89F12404_element_119/text - {}
COMMAND: GET /session/d1fc8b07c3f8554c15ec3254eabea71a/element/A8A6147C1D8378149B326A9E89F12404_element_121/text - {}
COMMAND: GET /session/d1fc8b07c3f8554c15ec3254eabea71a/element/A8A6147C1D8378149B326A9E89F12404_element_120/text - {}
RESULT: {}
RESULT: {}
RESULT: {}
RESULT: {}
COMMAND: POST /session/d1fc8b07c3f8554c15ec3254eabea71a/element/A8A6147C1D8378149B326A9E89F12404_element_115/elements - {"using":"css selector","value":"th,td"}
RESULT: {"using":"css selector","value":"th,td"}
COMMAND: GET /session/d1fc8b07c3f8554c15ec3254eabea71a/element/A8A6147C1D8378149B326A9E89F12404_element_122/text - {}
RESULT: {}
COMMAND: GET /session/d1fc8b07c3f8554c15ec3254eabea71a/element/A8A6147C1D8378149B326A9E89F12404_element_123/text - {}
RESULT: {}
COMMAND: GET /session/d1fc8b07c3f8554c15ec3254eabea71a/element/A8A6147C1D8378149B326A9E89F12404_element_124/text - {}
RESULT: {}
COMMAND: GET /session/d1fc8b07c3f8554c15ec3254eabea71a/element/A8A6147C1D8378149B326A9E89F12404_element_125/text - {}
RESULT: {}
COMMAND: POST /session/d1fc8b07c3f8554c15ec3254eabea71a/element/A8A6147C1D8378149B326A9E89F12404_element_116/elements - {"using":"css selector","value":"th,td"}
RESULT: {"using":"css selector","value":"th,td"}
COMMAND: GET /session/d1fc8b07c3f8554c15ec3254eabea71a/element/A8A6147C1D8378149B326A9E89F12404_element_126/text - {}
RESULT: {}
COMMAND: GET /session/d1fc8b07c3f8554c15ec3254eabea71a/element/A8A6147C1D8378149B326A9E89F12404_element_127/text - {}
RESULT: {}
COMMAND: GET /session/d1fc8b07c3f8554c15ec3254eabea71a/element/A8A6147C1D8378149B326A9E89F12404_element_128/text - {}
RESULT: {}
COMMAND: GET /session/d1fc8b07c3f8554c15ec3254eabea71a/element/A8A6147C1D8378149B326A9E89F12404_element_129/text - {}
RESULT: {}
]]></system-out>
    </testcase>
    <testcase classname="chrome.117_0_5938_92.linux.Invoice_Page_Test.Vendor:_Vendor_Three,Invoice:2023-03" name="should validate price table data" time="0.7">
      <system-out><![CDATA[
COMMAND: POST /session/d1fc8b07c3f8554c15ec3254eabea71a/url - {"url":"https://pr-500.btm.dev.account.gov.uk/contracts/3/invoices/2023-03"}
RESULT: {"url":"https://pr-500.btm.dev.account.gov.uk/contracts/3/invoices/2023-03"}
COMMAND: POST /session/d1fc8b07c3f8554c15ec3254eabea71a/execute/sync - {"script":"return (() => document.readyState === \"complete\").apply(null, arguments)","args":[]}
RESULT: {"script":"return (() => document.readyState === \"complete\").apply(null, arguments)","args":[]}
COMMAND: GET /session/d1fc8b07c3f8554c15ec3254eabea71a/url - {}
RESULT: {}
COMMAND: POST /session/d1fc8b07c3f8554c15ec3254eabea71a/element - {"using":"css selector","value":".govuk-heading-xl"}
RESULT: {"using":"css selector","value":".govuk-heading-xl"}
COMMAND: POST /session/d1fc8b07c3f8554c15ec3254eabea71a/execute/sync - {"script":"return (function isElementDisplayed(element) {\n    function nodeIsElement(node) {\n        if (!node) {\n            return false;\n        }\n        switch (node.nodeType) {\n            case Node.ELEMEN ... (7807 more bytes)","args":[{"element-6066-11e4-a52e-4f735466cecf":"B6546102AF17F1355AA145C81486BDFB_element_131","ELEMENT":"B6546102AF17F1355AA145C81486BDFB_element_131"}]}
RESULT: {"script":"return (function isElementDisplayed(element) {\n    function nodeIsElement(node) {\n        if (!node) {\n            return false;\n        }\n        switch (node.nodeType) {\n            case Node.ELEMEN ... (7807 more bytes)","args":[{"element-6066-11e4-a52e-4f735466cecf":"B6546102AF17F1355AA145C81486BDFB_element_131","ELEMENT":"B6546102AF17F1355AA145C81486BDFB_element_131"}]}
COMMAND: POST /session/d1fc8b07c3f8554c15ec3254eabea71a/element - {"using":"css selector","value":".govuk-heading-xl"}
RESULT: {"using":"css selector","value":".govuk-heading-xl"}
COMMAND: GET /session/d1fc8b07c3f8554c15ec3254eabea71a/element/B6546102AF17F1355AA145C81486BDFB_element_131/text - {}
RESULT: {}
COMMAND: POST /session/d1fc8b07c3f8554c15ec3254eabea71a/element - {"using":"xpath","value":".//caption[contains(., \"Price\") and not(.//caption)]"}
RESULT: {"using":"xpath","value":".//caption[contains(., \"Price\") and not(.//caption)]"}
COMMAND: POST /session/d1fc8b07c3f8554c15ec3254eabea71a/execute/sync - {"script":"return (function (elem, id) {\n        return (function parentElement() {\n        return this.parentElement;\n    }).call(elem, id);\n    }).apply(null, arguments)","args":[{"element-6066-11e4-a52e-4f735466cecf":"B6546102AF17F1355AA145C81486BDFB_element_132","ELEMENT":"B6546102AF17F1355AA145C81486BDFB_element_132"}]}
RESULT: {"script":"return (function (elem, id) {\n        return (function parentElement() {\n        return this.parentElement;\n    }).call(elem, id);\n    }).apply(null, arguments)","args":[{"element-6066-11e4-a52e-4f735466cecf":"B6546102AF17F1355AA145C81486BDFB_element_132","ELEMENT":"B6546102AF17F1355AA145C81486BDFB_element_132"}]}
COMMAND: POST /session/d1fc8b07c3f8554c15ec3254eabea71a/execute/sync - {"script":"return (function isElementDisplayed(element) {\n    function nodeIsElement(node) {\n        if (!node) {\n            return false;\n        }\n        switch (node.nodeType) {\n            case Node.ELEMEN ... (7807 more bytes)","args":[{"element-6066-11e4-a52e-4f735466cecf":"B6546102AF17F1355AA145C81486BDFB_element_133","ELEMENT":"B6546102AF17F1355AA145C81486BDFB_element_133"}]}
RESULT: {"script":"return (function isElementDisplayed(element) {\n    function nodeIsElement(node) {\n        if (!node) {\n            return false;\n        }\n        switch (node.nodeType) {\n            case Node.ELEMEN ... (7807 more bytes)","args":[{"element-6066-11e4-a52e-4f735466cecf":"B6546102AF17F1355AA145C81486BDFB_element_133","ELEMENT":"B6546102AF17F1355AA145C81486BDFB_element_133"}]}
COMMAND: POST /session/d1fc8b07c3f8554c15ec3254eabea71a/element/B6546102AF17F1355AA145C81486BDFB_element_133/elements - {"using":"css selector","value":"tbody tr"}
RESULT: {"using":"css selector","value":"tbody tr"}
COMMAND: POST /session/d1fc8b07c3f8554c15ec3254eabea71a/element/B6546102AF17F1355AA145C81486BDFB_element_133/element - {"using":"css selector","value":"thead tr"}
RESULT: {"using":"css selector","value":"thead tr"}
COMMAND: POST /session/d1fc8b07c3f8554c15ec3254eabea71a/element/B6546102AF17F1355AA145C81486BDFB_element_136/elements - {"using":"css selector","value":"th"}
RESULT: {"using":"css selector","value":"th"}
COMMAND: GET /session/d1fc8b07c3f8554c15ec3254eabea71a/element/B6546102AF17F1355AA145C81486BDFB_element_137/text - {}
COMMAND: GET /session/d1fc8b07c3f8554c15ec3254eabea71a/element/B6546102AF17F1355AA145C81486BDFB_element_138/text - {}
COMMAND: GET /session/d1fc8b07c3f8554c15ec3254eabea71a/element/B6546102AF17F1355AA145C81486BDFB_element_140/text - {}
COMMAND: GET /session/d1fc8b07c3f8554c15ec3254eabea71a/element/B6546102AF17F1355AA145C81486BDFB_element_139/text - {}
RESULT: {}
RESULT: {}
RESULT: {}
RESULT: {}
COMMAND: POST /session/d1fc8b07c3f8554c15ec3254eabea71a/element/B6546102AF17F1355AA145C81486BDFB_element_134/elements - {"using":"css selector","value":"th,td"}
RESULT: {"using":"css selector","value":"th,td"}
COMMAND: GET /session/d1fc8b07c3f8554c15ec3254eabea71a/element/B6546102AF17F1355AA145C81486BDFB_element_141/text - {}
RESULT: {}
COMMAND: GET /session/d1fc8b07c3f8554c15ec3254eabea71a/element/B6546102AF17F1355AA145C81486BDFB_element_142/text - {}
RESULT: {}
COMMAND: GET /session/d1fc8b07c3f8554c15ec3254eabea71a/element/B6546102AF17F1355AA145C81486BDFB_element_143/text - {}
RESULT: {}
COMMAND: GET /session/d1fc8b07c3f8554c15ec3254eabea71a/element/B6546102AF17F1355AA145C81486BDFB_element_144/text - {}
RESULT: {}
COMMAND: POST /session/d1fc8b07c3f8554c15ec3254eabea71a/element/B6546102AF17F1355AA145C81486BDFB_element_135/elements - {"using":"css selector","value":"th,td"}
RESULT: {"using":"css selector","value":"th,td"}
COMMAND: GET /session/d1fc8b07c3f8554c15ec3254eabea71a/element/B6546102AF17F1355AA145C81486BDFB_element_145/text - {}
RESULT: {}
COMMAND: GET /session/d1fc8b07c3f8554c15ec3254eabea71a/element/B6546102AF17F1355AA145C81486BDFB_element_146/text - {}
RESULT: {}
COMMAND: GET /session/d1fc8b07c3f8554c15ec3254eabea71a/element/B6546102AF17F1355AA145C81486BDFB_element_147/text - {}
RESULT: {}
COMMAND: GET /session/d1fc8b07c3f8554c15ec3254eabea71a/element/B6546102AF17F1355AA145C81486BDFB_element_148/text - {}
RESULT: {}
]]></system-out>
    </testcase>
    <testcase classname="chrome.117_0_5938_92.linux.Invoice_Page_Test.Vendor:_Vendor_Three,Invoice:2023-03" name="should validate measured events table data" time="1.013">
      <system-out><![CDATA[
COMMAND: POST /session/d1fc8b07c3f8554c15ec3254eabea71a/url - {"url":"https://pr-500.btm.dev.account.gov.uk/contracts/3/invoices/2023-03"}
RESULT: {"url":"https://pr-500.btm.dev.account.gov.uk/contracts/3/invoices/2023-03"}
COMMAND: POST /session/d1fc8b07c3f8554c15ec3254eabea71a/execute/sync - {"script":"return (() => document.readyState === \"complete\").apply(null, arguments)","args":[]}
RESULT: {"script":"return (() => document.readyState === \"complete\").apply(null, arguments)","args":[]}
COMMAND: GET /session/d1fc8b07c3f8554c15ec3254eabea71a/url - {}
RESULT: {}
COMMAND: POST /session/d1fc8b07c3f8554c15ec3254eabea71a/element - {"using":"css selector","value":".govuk-heading-xl"}
RESULT: {"using":"css selector","value":".govuk-heading-xl"}
COMMAND: POST /session/d1fc8b07c3f8554c15ec3254eabea71a/execute/sync - {"script":"return (function isElementDisplayed(element) {\n    function nodeIsElement(node) {\n        if (!node) {\n            return false;\n        }\n        switch (node.nodeType) {\n            case Node.ELEMEN ... (7807 more bytes)","args":[{"element-6066-11e4-a52e-4f735466cecf":"D545CE767C094D3569230C37CC1B351F_element_150","ELEMENT":"D545CE767C094D3569230C37CC1B351F_element_150"}]}
RESULT: {"script":"return (function isElementDisplayed(element) {\n    function nodeIsElement(node) {\n        if (!node) {\n            return false;\n        }\n        switch (node.nodeType) {\n            case Node.ELEMEN ... (7807 more bytes)","args":[{"element-6066-11e4-a52e-4f735466cecf":"D545CE767C094D3569230C37CC1B351F_element_150","ELEMENT":"D545CE767C094D3569230C37CC1B351F_element_150"}]}
COMMAND: POST /session/d1fc8b07c3f8554c15ec3254eabea71a/element - {"using":"css selector","value":".govuk-heading-xl"}
RESULT: {"using":"css selector","value":".govuk-heading-xl"}
COMMAND: GET /session/d1fc8b07c3f8554c15ec3254eabea71a/element/D545CE767C094D3569230C37CC1B351F_element_150/text - {}
RESULT: {}
COMMAND: POST /session/d1fc8b07c3f8554c15ec3254eabea71a/element - {"using":"xpath","value":".//caption[contains(., \"Measured (events)\") and not(.//caption)]"}
RESULT: {"using":"xpath","value":".//caption[contains(., \"Measured (events)\") and not(.//caption)]"}
COMMAND: POST /session/d1fc8b07c3f8554c15ec3254eabea71a/execute/sync - {"script":"return (function (elem, id) {\n        return (function parentElement() {\n        return this.parentElement;\n    }).call(elem, id);\n    }).apply(null, arguments)","args":[{"element-6066-11e4-a52e-4f735466cecf":"D545CE767C094D3569230C37CC1B351F_element_151","ELEMENT":"D545CE767C094D3569230C37CC1B351F_element_151"}]}
RESULT: {"script":"return (function (elem, id) {\n        return (function parentElement() {\n        return this.parentElement;\n    }).call(elem, id);\n    }).apply(null, arguments)","args":[{"element-6066-11e4-a52e-4f735466cecf":"D545CE767C094D3569230C37CC1B351F_element_151","ELEMENT":"D545CE767C094D3569230C37CC1B351F_element_151"}]}
COMMAND: POST /session/d1fc8b07c3f8554c15ec3254eabea71a/execute/sync - {"script":"return (function isElementDisplayed(element) {\n    function nodeIsElement(node) {\n        if (!node) {\n            return false;\n        }\n        switch (node.nodeType) {\n            case Node.ELEMEN ... (7807 more bytes)","args":[{"element-6066-11e4-a52e-4f735466cecf":"D545CE767C094D3569230C37CC1B351F_element_152","ELEMENT":"D545CE767C094D3569230C37CC1B351F_element_152"}]}
RESULT: {"script":"return (function isElementDisplayed(element) {\n    function nodeIsElement(node) {\n        if (!node) {\n            return false;\n        }\n        switch (node.nodeType) {\n            case Node.ELEMEN ... (7807 more bytes)","args":[{"element-6066-11e4-a52e-4f735466cecf":"D545CE767C094D3569230C37CC1B351F_element_152","ELEMENT":"D545CE767C094D3569230C37CC1B351F_element_152"}]}
COMMAND: POST /session/d1fc8b07c3f8554c15ec3254eabea71a/element/D545CE767C094D3569230C37CC1B351F_element_152/elements - {"using":"css selector","value":"tbody tr"}
RESULT: {"using":"css selector","value":"tbody tr"}
COMMAND: POST /session/d1fc8b07c3f8554c15ec3254eabea71a/element/D545CE767C094D3569230C37CC1B351F_element_152/element - {"using":"css selector","value":"thead tr"}
RESULT: {"using":"css selector","value":"thead tr"}
COMMAND: POST /session/d1fc8b07c3f8554c15ec3254eabea71a/element/D545CE767C094D3569230C37CC1B351F_element_155/elements - {"using":"css selector","value":"th"}
RESULT: {"using":"css selector","value":"th"}
COMMAND: GET /session/d1fc8b07c3f8554c15ec3254eabea71a/element/D545CE767C094D3569230C37CC1B351F_element_156/text - {}
COMMAND: GET /session/d1fc8b07c3f8554c15ec3254eabea71a/element/D545CE767C094D3569230C37CC1B351F_element_157/text - {}
RESULT: {}
RESULT: {}
COMMAND: POST /session/d1fc8b07c3f8554c15ec3254eabea71a/element/D545CE767C094D3569230C37CC1B351F_element_153/elements - {"using":"css selector","value":"th,td"}
RESULT: {"using":"css selector","value":"th,td"}
COMMAND: GET /session/d1fc8b07c3f8554c15ec3254eabea71a/element/D545CE767C094D3569230C37CC1B351F_element_158/text - {}
RESULT: {}
COMMAND: GET /session/d1fc8b07c3f8554c15ec3254eabea71a/element/D545CE767C094D3569230C37CC1B351F_element_159/text - {}
RESULT: {}
COMMAND: POST /session/d1fc8b07c3f8554c15ec3254eabea71a/element/D545CE767C094D3569230C37CC1B351F_element_154/elements - {"using":"css selector","value":"th,td"}
RESULT: {"using":"css selector","value":"th,td"}
COMMAND: GET /session/d1fc8b07c3f8554c15ec3254eabea71a/element/D545CE767C094D3569230C37CC1B351F_element_160/text - {}
RESULT: {}
COMMAND: GET /session/d1fc8b07c3f8554c15ec3254eabea71a/element/D545CE767C094D3569230C37CC1B351F_element_161/text - {}
RESULT: {}
]]></system-out>
    </testcase>
    <testcase classname="chrome.117_0_5938_92.linux.Invoice_Page_Test.Vendor:_Vendor_Three,Invoice:2023-03" name="should validate invoice table data" time="1.487">
      <system-out><![CDATA[
COMMAND: POST /session/d1fc8b07c3f8554c15ec3254eabea71a/url - {"url":"https://pr-500.btm.dev.account.gov.uk/contracts/3/invoices/2023-03"}
RESULT: {"url":"https://pr-500.btm.dev.account.gov.uk/contracts/3/invoices/2023-03"}
COMMAND: POST /session/d1fc8b07c3f8554c15ec3254eabea71a/execute/sync - {"script":"return (() => document.readyState === \"complete\").apply(null, arguments)","args":[]}
RESULT: {"script":"return (() => document.readyState === \"complete\").apply(null, arguments)","args":[]}
COMMAND: GET /session/d1fc8b07c3f8554c15ec3254eabea71a/url - {}
RESULT: {}
COMMAND: POST /session/d1fc8b07c3f8554c15ec3254eabea71a/element - {"using":"css selector","value":".govuk-heading-xl"}
RESULT: {"using":"css selector","value":".govuk-heading-xl"}
COMMAND: POST /session/d1fc8b07c3f8554c15ec3254eabea71a/execute/sync - {"script":"return (function isElementDisplayed(element) {\n    function nodeIsElement(node) {\n        if (!node) {\n            return false;\n        }\n        switch (node.nodeType) {\n            case Node.ELEMEN ... (7807 more bytes)","args":[{"element-6066-11e4-a52e-4f735466cecf":"341054A89BD2E71B334AE0C5A343433B_element_163","ELEMENT":"341054A89BD2E71B334AE0C5A343433B_element_163"}]}
RESULT: {"script":"return (function isElementDisplayed(element) {\n    function nodeIsElement(node) {\n        if (!node) {\n            return false;\n        }\n        switch (node.nodeType) {\n            case Node.ELEMEN ... (7807 more bytes)","args":[{"element-6066-11e4-a52e-4f735466cecf":"341054A89BD2E71B334AE0C5A343433B_element_163","ELEMENT":"341054A89BD2E71B334AE0C5A343433B_element_163"}]}
COMMAND: POST /session/d1fc8b07c3f8554c15ec3254eabea71a/element - {"using":"css selector","value":".govuk-heading-xl"}
RESULT: {"using":"css selector","value":".govuk-heading-xl"}
COMMAND: GET /session/d1fc8b07c3f8554c15ec3254eabea71a/element/341054A89BD2E71B334AE0C5A343433B_element_163/text - {}
RESULT: {}
COMMAND: POST /session/d1fc8b07c3f8554c15ec3254eabea71a/element - {"using":"xpath","value":".//caption[contains(., \"Invoice\") and not(.//caption)]"}
RESULT: {"using":"xpath","value":".//caption[contains(., \"Invoice\") and not(.//caption)]"}
COMMAND: POST /session/d1fc8b07c3f8554c15ec3254eabea71a/execute/sync - {"script":"return (function (elem, id) {\n        return (function parentElement() {\n        return this.parentElement;\n    }).call(elem, id);\n    }).apply(null, arguments)","args":[{"element-6066-11e4-a52e-4f735466cecf":"341054A89BD2E71B334AE0C5A343433B_element_164","ELEMENT":"341054A89BD2E71B334AE0C5A343433B_element_164"}]}
RESULT: {"script":"return (function (elem, id) {\n        return (function parentElement() {\n        return this.parentElement;\n    }).call(elem, id);\n    }).apply(null, arguments)","args":[{"element-6066-11e4-a52e-4f735466cecf":"341054A89BD2E71B334AE0C5A343433B_element_164","ELEMENT":"341054A89BD2E71B334AE0C5A343433B_element_164"}]}
COMMAND: POST /session/d1fc8b07c3f8554c15ec3254eabea71a/execute/sync - {"script":"return (function isElementDisplayed(element) {\n    function nodeIsElement(node) {\n        if (!node) {\n            return false;\n        }\n        switch (node.nodeType) {\n            case Node.ELEMEN ... (7807 more bytes)","args":[{"element-6066-11e4-a52e-4f735466cecf":"341054A89BD2E71B334AE0C5A343433B_element_165","ELEMENT":"341054A89BD2E71B334AE0C5A343433B_element_165"}]}
RESULT: {"script":"return (function isElementDisplayed(element) {\n    function nodeIsElement(node) {\n        if (!node) {\n            return false;\n        }\n        switch (node.nodeType) {\n            case Node.ELEMEN ... (7807 more bytes)","args":[{"element-6066-11e4-a52e-4f735466cecf":"341054A89BD2E71B334AE0C5A343433B_element_165","ELEMENT":"341054A89BD2E71B334AE0C5A343433B_element_165"}]}
COMMAND: POST /session/d1fc8b07c3f8554c15ec3254eabea71a/element/341054A89BD2E71B334AE0C5A343433B_element_165/elements - {"using":"css selector","value":"tbody tr"}
RESULT: {"using":"css selector","value":"tbody tr"}
COMMAND: POST /session/d1fc8b07c3f8554c15ec3254eabea71a/element/341054A89BD2E71B334AE0C5A343433B_element_165/element - {"using":"css selector","value":"thead tr"}
RESULT: {"using":"css selector","value":"thead tr"}
COMMAND: POST /session/d1fc8b07c3f8554c15ec3254eabea71a/element/341054A89BD2E71B334AE0C5A343433B_element_169/elements - {"using":"css selector","value":"th"}
RESULT: {"using":"css selector","value":"th"}
COMMAND: GET /session/d1fc8b07c3f8554c15ec3254eabea71a/element/341054A89BD2E71B334AE0C5A343433B_element_170/text - {}
COMMAND: GET /session/d1fc8b07c3f8554c15ec3254eabea71a/element/341054A89BD2E71B334AE0C5A343433B_element_171/text - {}
COMMAND: GET /session/d1fc8b07c3f8554c15ec3254eabea71a/element/341054A89BD2E71B334AE0C5A343433B_element_173/text - {}
COMMAND: GET /session/d1fc8b07c3f8554c15ec3254eabea71a/element/341054A89BD2E71B334AE0C5A343433B_element_172/text - {}
COMMAND: GET /session/d1fc8b07c3f8554c15ec3254eabea71a/element/341054A89BD2E71B334AE0C5A343433B_element_174/text - {}
RESULT: {}
RESULT: {}
RESULT: {}
RESULT: {}
RESULT: {}
COMMAND: POST /session/d1fc8b07c3f8554c15ec3254eabea71a/element/341054A89BD2E71B334AE0C5A343433B_element_166/elements - {"using":"css selector","value":"th,td"}
RESULT: {"using":"css selector","value":"th,td"}
COMMAND: GET /session/d1fc8b07c3f8554c15ec3254eabea71a/element/341054A89BD2E71B334AE0C5A343433B_element_175/text - {}
RESULT: {}
COMMAND: GET /session/d1fc8b07c3f8554c15ec3254eabea71a/element/341054A89BD2E71B334AE0C5A343433B_element_176/text - {}
RESULT: {}
COMMAND: GET /session/d1fc8b07c3f8554c15ec3254eabea71a/element/341054A89BD2E71B334AE0C5A343433B_element_177/text - {}
RESULT: {}
COMMAND: GET /session/d1fc8b07c3f8554c15ec3254eabea71a/element/341054A89BD2E71B334AE0C5A343433B_element_178/text - {}
RESULT: {}
COMMAND: GET /session/d1fc8b07c3f8554c15ec3254eabea71a/element/341054A89BD2E71B334AE0C5A343433B_element_179/text - {}
RESULT: {}
COMMAND: POST /session/d1fc8b07c3f8554c15ec3254eabea71a/element/341054A89BD2E71B334AE0C5A343433B_element_167/elements - {"using":"css selector","value":"th,td"}
RESULT: {"using":"css selector","value":"th,td"}
COMMAND: GET /session/d1fc8b07c3f8554c15ec3254eabea71a/element/341054A89BD2E71B334AE0C5A343433B_element_180/text - {}
RESULT: {}
COMMAND: GET /session/d1fc8b07c3f8554c15ec3254eabea71a/element/341054A89BD2E71B334AE0C5A343433B_element_181/text - {}
RESULT: {}
COMMAND: GET /session/d1fc8b07c3f8554c15ec3254eabea71a/element/341054A89BD2E71B334AE0C5A343433B_element_182/text - {}
RESULT: {}
COMMAND: GET /session/d1fc8b07c3f8554c15ec3254eabea71a/element/341054A89BD2E71B334AE0C5A343433B_element_183/text - {}
RESULT: {}
COMMAND: GET /session/d1fc8b07c3f8554c15ec3254eabea71a/element/341054A89BD2E71B334AE0C5A343433B_element_184/text - {}
RESULT: {}
COMMAND: POST /session/d1fc8b07c3f8554c15ec3254eabea71a/element/341054A89BD2E71B334AE0C5A343433B_element_168/elements - {"using":"css selector","value":"th,td"}
RESULT: {"using":"css selector","value":"th,td"}
COMMAND: GET /session/d1fc8b07c3f8554c15ec3254eabea71a/element/341054A89BD2E71B334AE0C5A343433B_element_185/text - {}
RESULT: {}
COMMAND: GET /session/d1fc8b07c3f8554c15ec3254eabea71a/element/341054A89BD2E71B334AE0C5A343433B_element_186/text - {}
RESULT: {}
COMMAND: GET /session/d1fc8b07c3f8554c15ec3254eabea71a/element/341054A89BD2E71B334AE0C5A343433B_element_187/text - {}
RESULT: {}
COMMAND: GET /session/d1fc8b07c3f8554c15ec3254eabea71a/element/341054A89BD2E71B334AE0C5A343433B_element_188/text - {}
RESULT: {}
COMMAND: GET /session/d1fc8b07c3f8554c15ec3254eabea71a/element/341054A89BD2E71B334AE0C5A343433B_element_189/text - {}
RESULT: {}
]]></system-out>
    </testcase>
  </testsuite>
  <testsuite name="Vendor Vendor Three Invoice 2005 08" timestamp="2023-10-02T12:45:22" time="4.639" tests="6" failures="0" errors="0" skipped="0">
    <properties>
      <property name="specId" value="0"/>
      <property name="suiteName" value="Vendor: Vendor Three,Invoice:2005-08"/>
      <property name="capabilities" value="chrome.117_0_5938_92.linux"/>
      <property name="file" value="file://./ui-tests/specs/invoice.spec.ts"/>
    </properties>
    <testcase classname="chrome.117_0_5938_92.linux.Invoice_Page_Test.Vendor:_Vendor_Three,Invoice:2005-08" name="should display correct status banner color and message" time="0.673">
      <system-out><![CDATA[
COMMAND: POST /session/d1fc8b07c3f8554c15ec3254eabea71a/url - {"url":"https://pr-500.btm.dev.account.gov.uk/contracts/3/invoices/2005-08"}
RESULT: {"url":"https://pr-500.btm.dev.account.gov.uk/contracts/3/invoices/2005-08"}
COMMAND: POST /session/d1fc8b07c3f8554c15ec3254eabea71a/execute/sync - {"script":"return (() => document.readyState === \"complete\").apply(null, arguments)","args":[]}
RESULT: {"script":"return (() => document.readyState === \"complete\").apply(null, arguments)","args":[]}
COMMAND: GET /session/d1fc8b07c3f8554c15ec3254eabea71a/url - {}
RESULT: {}
COMMAND: POST /session/d1fc8b07c3f8554c15ec3254eabea71a/element - {"using":"css selector","value":".govuk-heading-xl"}
RESULT: {"using":"css selector","value":".govuk-heading-xl"}
COMMAND: POST /session/d1fc8b07c3f8554c15ec3254eabea71a/execute/sync - {"script":"return (function isElementDisplayed(element) {\n    function nodeIsElement(node) {\n        if (!node) {\n            return false;\n        }\n        switch (node.nodeType) {\n            case Node.ELEMEN ... (7807 more bytes)","args":[{"element-6066-11e4-a52e-4f735466cecf":"6DC92DC22E89EDC06737B0B14A63B3B5_element_193","ELEMENT":"6DC92DC22E89EDC06737B0B14A63B3B5_element_193"}]}
RESULT: {"script":"return (function isElementDisplayed(element) {\n    function nodeIsElement(node) {\n        if (!node) {\n            return false;\n        }\n        switch (node.nodeType) {\n            case Node.ELEMEN ... (7807 more bytes)","args":[{"element-6066-11e4-a52e-4f735466cecf":"6DC92DC22E89EDC06737B0B14A63B3B5_element_193","ELEMENT":"6DC92DC22E89EDC06737B0B14A63B3B5_element_193"}]}
COMMAND: POST /session/d1fc8b07c3f8554c15ec3254eabea71a/element - {"using":"css selector","value":".govuk-heading-xl"}
RESULT: {"using":"css selector","value":".govuk-heading-xl"}
COMMAND: GET /session/d1fc8b07c3f8554c15ec3254eabea71a/element/6DC92DC22E89EDC06737B0B14A63B3B5_element_193/text - {}
RESULT: {}
COMMAND: POST /session/d1fc8b07c3f8554c15ec3254eabea71a/element - {"using":"css selector","value":"h2.govuk-panel__title"}
RESULT: {"using":"css selector","value":"h2.govuk-panel__title"}
COMMAND: POST /session/d1fc8b07c3f8554c15ec3254eabea71a/execute/sync - {"script":"return (function isElementDisplayed(element) {\n    function nodeIsElement(node) {\n        if (!node) {\n            return false;\n        }\n        switch (node.nodeType) {\n            case Node.ELEMEN ... (7807 more bytes)","args":[{"element-6066-11e4-a52e-4f735466cecf":"6DC92DC22E89EDC06737B0B14A63B3B5_element_194","ELEMENT":"6DC92DC22E89EDC06737B0B14A63B3B5_element_194"}]}
RESULT: {"script":"return (function isElementDisplayed(element) {\n    function nodeIsElement(node) {\n        if (!node) {\n            return false;\n        }\n        switch (node.nodeType) {\n            case Node.ELEMEN ... (7807 more bytes)","args":[{"element-6066-11e4-a52e-4f735466cecf":"6DC92DC22E89EDC06737B0B14A63B3B5_element_194","ELEMENT":"6DC92DC22E89EDC06737B0B14A63B3B5_element_194"}]}
COMMAND: POST /session/d1fc8b07c3f8554c15ec3254eabea71a/element - {"using":"css selector","value":"h2.govuk-panel__title"}
RESULT: {"using":"css selector","value":"h2.govuk-panel__title"}
COMMAND: GET /session/d1fc8b07c3f8554c15ec3254eabea71a/element/6DC92DC22E89EDC06737B0B14A63B3B5_element_194/text - {}
RESULT: {}
COMMAND: POST /session/d1fc8b07c3f8554c15ec3254eabea71a/element - {"using":"css selector","value":".govuk-panel"}
RESULT: {"using":"css selector","value":".govuk-panel"}
COMMAND: POST /session/d1fc8b07c3f8554c15ec3254eabea71a/execute/sync - {"script":"return (function isElementDisplayed(element) {\n    function nodeIsElement(node) {\n        if (!node) {\n            return false;\n        }\n        switch (node.nodeType) {\n            case Node.ELEMEN ... (7807 more bytes)","args":[{"element-6066-11e4-a52e-4f735466cecf":"6DC92DC22E89EDC06737B0B14A63B3B5_element_191","ELEMENT":"6DC92DC22E89EDC06737B0B14A63B3B5_element_191"}]}
[...]
RESULT: {"using":"css selector","value":"thead tr"}
COMMAND: POST /session/d1fc8b07c3f8554c15ec3254eabea71a/element/02B2D5EB8C799D91268B0A5E717D89C8_element_1602/elements - {"using":"css selector","value":"th"}
RESULT: {"using":"css selector","value":"th"}
COMMAND: GET /session/d1fc8b07c3f8554c15ec3254eabea71a/element/02B2D5EB8C799D91268B0A5E717D89C8_element_1603/text - {}
COMMAND: GET /session/d1fc8b07c3f8554c15ec3254eabea71a/element/02B2D5EB8C799D91268B0A5E717D89C8_element_1604/text - {}
COMMAND: GET /session/d1fc8b07c3f8554c15ec3254eabea71a/element/02B2D5EB8C799D91268B0A5E717D89C8_element_1606/text - {}
COMMAND: GET /session/d1fc8b07c3f8554c15ec3254eabea71a/element/02B2D5EB8C799D91268B0A5E717D89C8_element_1605/text - {}
RESULT: {}
RESULT: {}
RESULT: {}
RESULT: {}
COMMAND: POST /session/d1fc8b07c3f8554c15ec3254eabea71a/element/02B2D5EB8C799D91268B0A5E717D89C8_element_1601/elements - {"using":"css selector","value":"th,td"}
RESULT: {"using":"css selector","value":"th,td"}
COMMAND: GET /session/d1fc8b07c3f8554c15ec3254eabea71a/element/02B2D5EB8C799D91268B0A5E717D89C8_element_1607/text - {}
RESULT: {}
COMMAND: GET /session/d1fc8b07c3f8554c15ec3254eabea71a/element/02B2D5EB8C799D91268B0A5E717D89C8_element_1608/text - {}
RESULT: {}
COMMAND: GET /session/d1fc8b07c3f8554c15ec3254eabea71a/element/02B2D5EB8C799D91268B0A5E717D89C8_element_1609/text - {}
RESULT: {}
COMMAND: GET /session/d1fc8b07c3f8554c15ec3254eabea71a/element/02B2D5EB8C799D91268B0A5E717D89C8_element_1610/text - {}
RESULT: {}
]]></system-out>
    </testcase>
    <testcase classname="chrome.117_0_5938_92.linux.Invoice_Page_Test.Vendor:_Vendor_Six,Invoice:2005-Q2" name="should validate price table data" time="0.658">
      <system-out><![CDATA[
COMMAND: POST /session/d1fc8b07c3f8554c15ec3254eabea71a/url - {"url":"https://pr-500.btm.dev.account.gov.uk/contracts/6/invoices/2005-q2"}
RESULT: {"url":"https://pr-500.btm.dev.account.gov.uk/contracts/6/invoices/2005-q2"}
COMMAND: POST /session/d1fc8b07c3f8554c15ec3254eabea71a/execute/sync - {"script":"return (() => document.readyState === \"complete\").apply(null, arguments)","args":[]}
RESULT: {"script":"return (() => document.readyState === \"complete\").apply(null, arguments)","args":[]}
COMMAND: GET /session/d1fc8b07c3f8554c15ec3254eabea71a/url - {}
RESULT: {}
COMMAND: POST /session/d1fc8b07c3f8554c15ec3254eabea71a/element - {"using":"css selector","value":".govuk-heading-xl"}
RESULT: {"using":"css selector","value":".govuk-heading-xl"}
COMMAND: POST /session/d1fc8b07c3f8554c15ec3254eabea71a/execute/sync - {"script":"return (function isElementDisplayed(element) {\n    function nodeIsElement(node) {\n        if (!node) {\n            return false;\n        }\n        switch (node.nodeType) {\n            case Node.ELEMEN ... (7807 more bytes)","args":[{"element-6066-11e4-a52e-4f735466cecf":"46F3A8C5A9D9D9643FCD503952479673_element_1612","ELEMENT":"46F3A8C5A9D9D9643FCD503952479673_element_1612"}]}
RESULT: {"script":"return (function isElementDisplayed(element) {\n    function nodeIsElement(node) {\n        if (!node) {\n            return false;\n        }\n        switch (node.nodeType) {\n            case Node.ELEMEN ... (7807 more bytes)","args":[{"element-6066-11e4-a52e-4f735466cecf":"46F3A8C5A9D9D9643FCD503952479673_element_1612","ELEMENT":"46F3A8C5A9D9D9643FCD503952479673_element_1612"}]}
COMMAND: POST /session/d1fc8b07c3f8554c15ec3254eabea71a/element - {"using":"css selector","value":".govuk-heading-xl"}
RESULT: {"using":"css selector","value":".govuk-heading-xl"}
COMMAND: GET /session/d1fc8b07c3f8554c15ec3254eabea71a/element/46F3A8C5A9D9D9643FCD503952479673_element_1612/text - {}
RESULT: {}
COMMAND: POST /session/d1fc8b07c3f8554c15ec3254eabea71a/element - {"using":"xpath","value":".//caption[contains(., \"Price\") and not(.//caption)]"}
RESULT: {"using":"xpath","value":".//caption[contains(., \"Price\") and not(.//caption)]"}
COMMAND: POST /session/d1fc8b07c3f8554c15ec3254eabea71a/execute/sync - {"script":"return (function (elem, id) {\n        return (function parentElement() {\n        return this.parentElement;\n    }).call(elem, id);\n    }).apply(null, arguments)","args":[{"element-6066-11e4-a52e-4f735466cecf":"46F3A8C5A9D9D9643FCD503952479673_element_1613","ELEMENT":"46F3A8C5A9D9D9643FCD503952479673_element_1613"}]}
RESULT: {"script":"return (function (elem, id) {\n        return (function parentElement() {\n        return this.parentElement;\n    }).call(elem, id);\n    }).apply(null, arguments)","args":[{"element-6066-11e4-a52e-4f735466cecf":"46F3A8C5A9D9D9643FCD503952479673_element_1613","ELEMENT":"46F3A8C5A9D9D9643FCD503952479673_element_1613"}]}
COMMAND: POST /session/d1fc8b07c3f8554c15ec3254eabea71a/execute/sync - {"script":"return (function isElementDisplayed(element) {\n    function nodeIsElement(node) {\n        if (!node) {\n            return false;\n        }\n        switch (node.nodeType) {\n            case Node.ELEMEN ... (7807 more bytes)","args":[{"element-6066-11e4-a52e-4f735466cecf":"46F3A8C5A9D9D9643FCD503952479673_element_1614","ELEMENT":"46F3A8C5A9D9D9643FCD503952479673_element_1614"}]}
RESULT: {"script":"return (function isElementDisplayed(element) {\n    function nodeIsElement(node) {\n        if (!node) {\n            return false;\n        }\n        switch (node.nodeType) {\n            case Node.ELEMEN ... (7807 more bytes)","args":[{"element-6066-11e4-a52e-4f735466cecf":"46F3A8C5A9D9D9643FCD503952479673_element_1614","ELEMENT":"46F3A8C5A9D9D9643FCD503952479673_element_1614"}]}
COMMAND: POST /session/d1fc8b07c3f8554c15ec3254eabea71a/element/46F3A8C5A9D9D9643FCD503952479673_element_1614/elements - {"using":"css selector","value":"tbody tr"}
RESULT: {"using":"css selector","value":"tbody tr"}
COMMAND: POST /session/d1fc8b07c3f8554c15ec3254eabea71a/element/46F3A8C5A9D9D9643FCD503952479673_element_1614/element - {"using":"css selector","value":"thead tr"}
RESULT: {"using":"css selector","value":"thead tr"}
COMMAND: POST /session/d1fc8b07c3f8554c15ec3254eabea71a/element/46F3A8C5A9D9D9643FCD503952479673_element_1616/elements - {"using":"css selector","value":"th"}
RESULT: {"using":"css selector","value":"th"}
COMMAND: GET /session/d1fc8b07c3f8554c15ec3254eabea71a/element/46F3A8C5A9D9D9643FCD503952479673_element_1617/text - {}
COMMAND: GET /session/d1fc8b07c3f8554c15ec3254eabea71a/element/46F3A8C5A9D9D9643FCD503952479673_element_1618/text - {}
COMMAND: GET /session/d1fc8b07c3f8554c15ec3254eabea71a/element/46F3A8C5A9D9D9643FCD503952479673_element_1620/text - {}
COMMAND: GET /session/d1fc8b07c3f8554c15ec3254eabea71a/element/46F3A8C5A9D9D9643FCD503952479673_element_1619/text - {}
RESULT: {}
RESULT: {}
RESULT: {}
RESULT: {}
COMMAND: POST /session/d1fc8b07c3f8554c15ec3254eabea71a/element/46F3A8C5A9D9D9643FCD503952479673_element_1615/elements - {"using":"css selector","value":"th,td"}
RESULT: {"using":"css selector","value":"th,td"}
COMMAND: GET /session/d1fc8b07c3f8554c15ec3254eabea71a/element/46F3A8C5A9D9D9643FCD503952479673_element_1621/text - {}
RESULT: {}
COMMAND: GET /session/d1fc8b07c3f8554c15ec3254eabea71a/element/46F3A8C5A9D9D9643FCD503952479673_element_1622/text - {}
RESULT: {}
COMMAND: GET /session/d1fc8b07c3f8554c15ec3254eabea71a/element/46F3A8C5A9D9D9643FCD503952479673_element_1623/text - {}
RESULT: {}
COMMAND: GET /session/d1fc8b07c3f8554c15ec3254eabea71a/element/46F3A8C5A9D9D9643FCD503952479673_element_1624/text - {}
RESULT: {}
]]></system-out>
    </testcase>
    <testcase classname="chrome.117_0_5938_92.linux.Invoice_Page_Test.Vendor:_Vendor_Six,Invoice:2005-Q2" name="should validate measured events table data" time="0.693">
      <system-out><![CDATA[
COMMAND: POST /session/d1fc8b07c3f8554c15ec3254eabea71a/url - {"url":"https://pr-500.btm.dev.account.gov.uk/contracts/6/invoices/2005-q2"}
RESULT: {"url":"https://pr-500.btm.dev.account.gov.uk/contracts/6/invoices/2005-q2"}
COMMAND: POST /session/d1fc8b07c3f8554c15ec3254eabea71a/execute/sync - {"script":"return (() => document.readyState === \"complete\").apply(null, arguments)","args":[]}
RESULT: {"script":"return (() => document.readyState === \"complete\").apply(null, arguments)","args":[]}
COMMAND: GET /session/d1fc8b07c3f8554c15ec3254eabea71a/url - {}
RESULT: {}
COMMAND: POST /session/d1fc8b07c3f8554c15ec3254eabea71a/element - {"using":"css selector","value":".govuk-heading-xl"}
RESULT: {"using":"css selector","value":".govuk-heading-xl"}
COMMAND: POST /session/d1fc8b07c3f8554c15ec3254eabea71a/execute/sync - {"script":"return (function isElementDisplayed(element) {\n    function nodeIsElement(node) {\n        if (!node) {\n            return false;\n        }\n        switch (node.nodeType) {\n            case Node.ELEMEN ... (7807 more bytes)","args":[{"element-6066-11e4-a52e-4f735466cecf":"2C9CCC43536E3585C80F94264A603C48_element_1626","ELEMENT":"2C9CCC43536E3585C80F94264A603C48_element_1626"}]}
RESULT: {"script":"return (function isElementDisplayed(element) {\n    function nodeIsElement(node) {\n        if (!node) {\n            return false;\n        }\n        switch (node.nodeType) {\n            case Node.ELEMEN ... (7807 more bytes)","args":[{"element-6066-11e4-a52e-4f735466cecf":"2C9CCC43536E3585C80F94264A603C48_element_1626","ELEMENT":"2C9CCC43536E3585C80F94264A603C48_element_1626"}]}
COMMAND: POST /session/d1fc8b07c3f8554c15ec3254eabea71a/element - {"using":"css selector","value":".govuk-heading-xl"}
RESULT: {"using":"css selector","value":".govuk-heading-xl"}
COMMAND: GET /session/d1fc8b07c3f8554c15ec3254eabea71a/element/2C9CCC43536E3585C80F94264A603C48_element_1626/text - {}
RESULT: {}
COMMAND: POST /session/d1fc8b07c3f8554c15ec3254eabea71a/element - {"using":"xpath","value":".//caption[contains(., \"Measured (events)\") and not(.//caption)]"}
RESULT: {"using":"xpath","value":".//caption[contains(., \"Measured (events)\") and not(.//caption)]"}
COMMAND: POST /session/d1fc8b07c3f8554c15ec3254eabea71a/execute/sync - {"script":"return (function (elem, id) {\n        return (function parentElement() {\n        return this.parentElement;\n    }).call(elem, id);\n    }).apply(null, arguments)","args":[{"element-6066-11e4-a52e-4f735466cecf":"2C9CCC43536E3585C80F94264A603C48_element_1627","ELEMENT":"2C9CCC43536E3585C80F94264A603C48_element_1627"}]}
RESULT: {"script":"return (function (elem, id) {\n        return (function parentElement() {\n        return this.parentElement;\n    }).call(elem, id);\n    }).apply(null, arguments)","args":[{"element-6066-11e4-a52e-4f735466cecf":"2C9CCC43536E3585C80F94264A603C48_element_1627","ELEMENT":"2C9CCC43536E3585C80F94264A603C48_element_1627"}]}
COMMAND: POST /session/d1fc8b07c3f8554c15ec3254eabea71a/execute/sync - {"script":"return (function isElementDisplayed(element) {\n    function nodeIsElement(node) {\n        if (!node) {\n            return false;\n        }\n        switch (node.nodeType) {\n            case Node.ELEMEN ... (7807 more bytes)","args":[{"element-6066-11e4-a52e-4f735466cecf":"2C9CCC43536E3585C80F94264A603C48_element_1628","ELEMENT":"2C9CCC43536E3585C80F94264A603C48_element_1628"}]}
RESULT: {"script":"return (function isElementDisplayed(element) {\n    function nodeIsElement(node) {\n        if (!node) {\n            return false;\n        }\n        switch (node.nodeType) {\n            case Node.ELEMEN ... (7807 more bytes)","args":[{"element-6066-11e4-a52e-4f735466cecf":"2C9CCC43536E3585C80F94264A603C48_element_1628","ELEMENT":"2C9CCC43536E3585C80F94264A603C48_element_1628"}]}
COMMAND: POST /session/d1fc8b07c3f8554c15ec3254eabea71a/element/2C9CCC43536E3585C80F94264A603C48_element_1628/elements - {"using":"css selector","value":"tbody tr"}
RESULT: {"using":"css selector","value":"tbody tr"}
COMMAND: POST /session/d1fc8b07c3f8554c15ec3254eabea71a/element/2C9CCC43536E3585C80F94264A603C48_element_1628/element - {"using":"css selector","value":"thead tr"}
RESULT: {"using":"css selector","value":"thead tr"}
COMMAND: POST /session/d1fc8b07c3f8554c15ec3254eabea71a/element/2C9CCC43536E3585C80F94264A603C48_element_1630/elements - {"using":"css selector","value":"th"}
RESULT: {"using":"css selector","value":"th"}
COMMAND: GET /session/d1fc8b07c3f8554c15ec3254eabea71a/element/2C9CCC43536E3585C80F94264A603C48_element_1631/text - {}
COMMAND: GET /session/d1fc8b07c3f8554c15ec3254eabea71a/element/2C9CCC43536E3585C80F94264A603C48_element_1632/text - {}
RESULT: {}
RESULT: {}
COMMAND: POST /session/d1fc8b07c3f8554c15ec3254eabea71a/element/2C9CCC43536E3585C80F94264A603C48_element_1629/elements - {"using":"css selector","value":"th,td"}
RESULT: {"using":"css selector","value":"th,td"}
COMMAND: GET /session/d1fc8b07c3f8554c15ec3254eabea71a/element/2C9CCC43536E3585C80F94264A603C48_element_1633/text - {}
RESULT: {}
COMMAND: GET /session/d1fc8b07c3f8554c15ec3254eabea71a/element/2C9CCC43536E3585C80F94264A603C48_element_1634/text - {}
RESULT: {}
]]></system-out>
    </testcase>
    <testcase classname="chrome.117_0_5938_92.linux.Invoice_Page_Test.Vendor:_Vendor_Six,Invoice:2005-Q2" name="should validate invoice table data" time="1.357">
      <system-out><![CDATA[
COMMAND: POST /session/d1fc8b07c3f8554c15ec3254eabea71a/url - {"url":"https://pr-500.btm.dev.account.gov.uk/contracts/6/invoices/2005-q2"}
RESULT: {"url":"https://pr-500.btm.dev.account.gov.uk/contracts/6/invoices/2005-q2"}
COMMAND: POST /session/d1fc8b07c3f8554c15ec3254eabea71a/execute/sync - {"script":"return (() => document.readyState === \"complete\").apply(null, arguments)","args":[]}
RESULT: {"script":"return (() => document.readyState === \"complete\").apply(null, arguments)","args":[]}
COMMAND: GET /session/d1fc8b07c3f8554c15ec3254eabea71a/url - {}
RESULT: {}
COMMAND: POST /session/d1fc8b07c3f8554c15ec3254eabea71a/element - {"using":"css selector","value":".govuk-heading-xl"}
RESULT: {"using":"css selector","value":".govuk-heading-xl"}
COMMAND: POST /session/d1fc8b07c3f8554c15ec3254eabea71a/execute/sync - {"script":"return (function isElementDisplayed(element) {\n    function nodeIsElement(node) {\n        if (!node) {\n            return false;\n        }\n        switch (node.nodeType) {\n            case Node.ELEMEN ... (7807 more bytes)","args":[{"element-6066-11e4-a52e-4f735466cecf":"B189FD31529C13EB7FB9A76E0B18E860_element_1638","ELEMENT":"B189FD31529C13EB7FB9A76E0B18E860_element_1638"}]}
RESULT: {"script":"return (function isElementDisplayed(element) {\n    function nodeIsElement(node) {\n        if (!node) {\n            return false;\n        }\n        switch (node.nodeType) {\n            case Node.ELEMEN ... (7807 more bytes)","args":[{"element-6066-11e4-a52e-4f735466cecf":"B189FD31529C13EB7FB9A76E0B18E860_element_1638","ELEMENT":"B189FD31529C13EB7FB9A76E0B18E860_element_1638"}]}
COMMAND: POST /session/d1fc8b07c3f8554c15ec3254eabea71a/element - {"using":"css selector","value":".govuk-heading-xl"}
RESULT: {"using":"css selector","value":".govuk-heading-xl"}
COMMAND: GET /session/d1fc8b07c3f8554c15ec3254eabea71a/element/B189FD31529C13EB7FB9A76E0B18E860_element_1638/text - {}
RESULT: {}
COMMAND: POST /session/d1fc8b07c3f8554c15ec3254eabea71a/element - {"using":"xpath","value":".//caption[contains(., \"Invoice\") and not(.//caption)]"}
RESULT: {"using":"xpath","value":".//caption[contains(., \"Invoice\") and not(.//caption)]"}
COMMAND: POST /session/d1fc8b07c3f8554c15ec3254eabea71a/execute/sync - {"script":"return (function (elem, id) {\n        return (function parentElement() {\n        return this.parentElement;\n    }).call(elem, id);\n    }).apply(null, arguments)","args":[{"element-6066-11e4-a52e-4f735466cecf":"B189FD31529C13EB7FB9A76E0B18E860_element_1639","ELEMENT":"B189FD31529C13EB7FB9A76E0B18E860_element_1639"}]}
RESULT: {"script":"return (function (elem, id) {\n        return (function parentElement() {\n        return this.parentElement;\n    }).call(elem, id);\n    }).apply(null, arguments)","args":[{"element-6066-11e4-a52e-4f735466cecf":"B189FD31529C13EB7FB9A76E0B18E860_element_1639","ELEMENT":"B189FD31529C13EB7FB9A76E0B18E860_element_1639"}]}
COMMAND: POST /session/d1fc8b07c3f8554c15ec3254eabea71a/execute/sync - {"script":"return (function isElementDisplayed(element) {\n    function nodeIsElement(node) {\n        if (!node) {\n            return false;\n        }\n        switch (node.nodeType) {\n            case Node.ELEMEN ... (7807 more bytes)","args":[{"element-6066-11e4-a52e-4f735466cecf":"B189FD31529C13EB7FB9A76E0B18E860_element_1640","ELEMENT":"B189FD31529C13EB7FB9A76E0B18E860_element_1640"}]}
RESULT: {"script":"return (function isElementDisplayed(element) {\n    function nodeIsElement(node) {\n        if (!node) {\n            return false;\n        }\n        switch (node.nodeType) {\n            case Node.ELEMEN ... (7807 more bytes)","args":[{"element-6066-11e4-a52e-4f735466cecf":"B189FD31529C13EB7FB9A76E0B18E860_element_1640","ELEMENT":"B189FD31529C13EB7FB9A76E0B18E860_element_1640"}]}
COMMAND: POST /session/d1fc8b07c3f8554c15ec3254eabea71a/element/B189FD31529C13EB7FB9A76E0B18E860_element_1640/elements - {"using":"css selector","value":"tbody tr"}
RESULT: {"using":"css selector","value":"tbody tr"}
COMMAND: POST /session/d1fc8b07c3f8554c15ec3254eabea71a/element/B189FD31529C13EB7FB9A76E0B18E860_element_1640/element - {"using":"css selector","value":"thead tr"}
RESULT: {"using":"css selector","value":"thead tr"}
COMMAND: POST /session/d1fc8b07c3f8554c15ec3254eabea71a/element/B189FD31529C13EB7FB9A76E0B18E860_element_1643/elements - {"using":"css selector","value":"th"}
RESULT: {"using":"css selector","value":"th"}
COMMAND: GET /session/d1fc8b07c3f8554c15ec3254eabea71a/element/B189FD31529C13EB7FB9A76E0B18E860_element_1644/text - {}
COMMAND: GET /session/d1fc8b07c3f8554c15ec3254eabea71a/element/B189FD31529C13EB7FB9A76E0B18E860_element_1645/text - {}
COMMAND: GET /session/d1fc8b07c3f8554c15ec3254eabea71a/element/B189FD31529C13EB7FB9A76E0B18E860_element_1647/text - {}
COMMAND: GET /session/d1fc8b07c3f8554c15ec3254eabea71a/element/B189FD31529C13EB7FB9A76E0B18E860_element_1646/text - {}
COMMAND: GET /session/d1fc8b07c3f8554c15ec3254eabea71a/element/B189FD31529C13EB7FB9A76E0B18E860_element_1648/text - {}
RESULT: {}
RESULT: {}
RESULT: {}
RESULT: {}
RESULT: {}
COMMAND: POST /session/d1fc8b07c3f8554c15ec3254eabea71a/element/B189FD31529C13EB7FB9A76E0B18E860_element_1641/elements - {"using":"css selector","value":"th,td"}
RESULT: {"using":"css selector","value":"th,td"}
COMMAND: GET /session/d1fc8b07c3f8554c15ec3254eabea71a/element/B189FD31529C13EB7FB9A76E0B18E860_element_1649/text - {}
RESULT: {}
COMMAND: GET /session/d1fc8b07c3f8554c15ec3254eabea71a/element/B189FD31529C13EB7FB9A76E0B18E860_element_1650/text - {}
RESULT: {}
COMMAND: GET /session/d1fc8b07c3f8554c15ec3254eabea71a/element/B189FD31529C13EB7FB9A76E0B18E860_element_1651/text - {}
RESULT: {}
COMMAND: GET /session/d1fc8b07c3f8554c15ec3254eabea71a/element/B189FD31529C13EB7FB9A76E0B18E860_element_1652/text - {}
RESULT: {}
COMMAND: GET /session/d1fc8b07c3f8554c15ec3254eabea71a/element/B189FD31529C13EB7FB9A76E0B18E860_element_1653/text - {}
RESULT: {}
COMMAND: POST /session/d1fc8b07c3f8554c15ec3254eabea71a/element/B189FD31529C13EB7FB9A76E0B18E860_element_1642/elements - {"using":"css selector","value":"th,td"}
RESULT: {"using":"css selector","value":"th,td"}
COMMAND: GET /session/d1fc8b07c3f8554c15ec3254eabea71a/element/B189FD31529C13EB7FB9A76E0B18E860_element_1654/text - {}
RESULT: {}
COMMAND: GET /session/d1fc8b07c3f8554c15ec3254eabea71a/element/B189FD31529C13EB7FB9A76E0B18E860_element_1655/text - {}
RESULT: {}
COMMAND: GET /session/d1fc8b07c3f8554c15ec3254eabea71a/element/B189FD31529C13EB7FB9A76E0B18E860_element_1656/text - {}
RESULT: {}
COMMAND: GET /session/d1fc8b07c3f8554c15ec3254eabea71a/element/B189FD31529C13EB7FB9A76E0B18E860_element_1657/text - {}
RESULT: {}
COMMAND: GET /session/d1fc8b07c3f8554c15ec3254eabea71a/element/B189FD31529C13EB7FB9A76E0B18E860_element_1658/text - {}
RESULT: {}
COMMAND: DELETE /session/d1fc8b07c3f8554c15ec3254eabea71a - {}
RESULT: {}
]]></system-out>
    </testcase>
  </testsuite>
</testsuites>