<?xml version="1.0" encoding="UTF-8"?>
<testsuites>
  <testsuite name="Invoice Page Test" timestamp="2024-02-19T15:30:41" time="82.823" tests="0" failures="0" errors="0" skipped="0">
    <properties>
      <property name="specId" value="0"/>
      <property name="suiteName" value="Invoice Page Test"/>
      <property name="capabilities" value="chrome-headless-shell.121_0_6167_160.linux"/>
      <property name="file" value="file://./ui-tests/specs/invoice.spec.ts"/>
    </properties>
  </testsuite>
  <testsuite name="Vendor Vendor Three Invoice 2005 09" timestamp="2024-02-19T15:30:41" time="12.962" tests="6" failures="0" errors="0" skipped="0">
    <properties>
      <property name="specId" value="0"/>
      <property name="suiteName" value="Vendor: Vendor Three,Invoice:2005-09"/>
      <property name="capabilities" value="chrome-headless-shell.121_0_6167_160.linux"/>
      <property name="file" value="file://./ui-tests/specs/invoice.spec.ts"/>
    </properties>
    <testcase classname="chrome-headless-shell.121_0_6167_160.linux.Invoice_Page_Test.Vendor:_Vendor_Three,Invoice:2005-09" name="should display correct status banner color and message" time="8.271">
      <system-out><![CDATA[
COMMAND: POST /session/588095b0ca0e66522e1596f4f30570c8/url - {"url":"https://pr-528.btm.dev.account.gov.uk/contracts/3/invoices/2005-09"}
RESULT: {"url":"https://pr-528.btm.dev.account.gov.uk/contracts/3/invoices/2005-09"}
COMMAND: POST /session/588095b0ca0e66522e1596f4f30570c8/execute/sync - {"script":"return (() => document.readyState === \"complete\").apply(null, arguments)","args":[]}
RESULT: {"script":"return (() => document.readyState === \"complete\").apply(null, arguments)","args":[]}
COMMAND: GET /session/588095b0ca0e66522e1596f4f30570c8/url - {}
RESULT: {}
COMMAND: POST /session/588095b0ca0e66522e1596f4f30570c8/element - {"using":"css selector","value":".govuk-heading-xl"}
RESULT: {"using":"css selector","value":".govuk-heading-xl"}
COMMAND: GET /session/588095b0ca0e66522e1596f4f30570c8/element/EAC8C2DF9EE38D83D2695C6FEA3E3C88_element_5/displayed - {}
RESULT: {}
COMMAND: POST /session/588095b0ca0e66522e1596f4f30570c8/element - {"using":"css selector","value":".govuk-heading-xl"}
RESULT: {"using":"css selector","value":".govuk-heading-xl"}
COMMAND: GET /session/588095b0ca0e66522e1596f4f30570c8/element/EAC8C2DF9EE38D83D2695C6FEA3E3C88_element_5/text - {}
RESULT: {}
COMMAND: POST /session/588095b0ca0e66522e1596f4f30570c8/element - {"using":"css selector","value":"h2.govuk-panel__title"}
RESULT: {"using":"css selector","value":"h2.govuk-panel__title"}
COMMAND: GET /session/588095b0ca0e66522e1596f4f30570c8/element/EAC8C2DF9EE38D83D2695C6FEA3E3C88_element_6/displayed - {}
RESULT: {}
COMMAND: POST /session/588095b0ca0e66522e1596f4f30570c8/element - {"using":"css selector","value":"h2.govuk-panel__title"}
RESULT: {"using":"css selector","value":"h2.govuk-panel__title"}
COMMAND: GET /session/588095b0ca0e66522e1596f4f30570c8/element/EAC8C2DF9EE38D83D2695C6FEA3E3C88_element_6/text - {}
RESULT: {}
COMMAND: POST /session/588095b0ca0e66522e1596f4f30570c8/element - {"using":"css selector","value":".govuk-panel"}
RESULT: {"using":"css selector","value":".govuk-panel"}
COMMAND: GET /session/588095b0ca0e66522e1596f4f30570c8/element/EAC8C2DF9EE38D83D2695C6FEA3E3C88_element_3/displayed - {}
RESULT: {}
COMMAND: GET /session/588095b0ca0e66522e1596f4f30570c8/element/EAC8C2DF9EE38D83D2695C6FEA3E3C88_element_3/css/background-color - {}
RESULT: {}
]]></system-out>
    </testcase>
    <testcase classname="chrome-headless-shell.121_0_6167_160.linux.Invoice_Page_Test.Vendor:_Vendor_Three,Invoice:2005-09" name="should validate reconciliation table data" time="1.517">
      <system-out><![CDATA[
COMMAND: POST /session/588095b0ca0e66522e1596f4f30570c8/url - {"url":"https://pr-528.btm.dev.account.gov.uk/contracts/3/invoices/2005-09"}
RESULT: {"url":"https://pr-528.btm.dev.account.gov.uk/contracts/3/invoices/2005-09"}
COMMAND: POST /session/588095b0ca0e66522e1596f4f30570c8/execute/sync - {"script":"return (() => document.readyState === \"complete\").apply(null, arguments)","args":[]}
RESULT: {"script":"return (() => document.readyState === \"complete\").apply(null, arguments)","args":[]}
COMMAND: GET /session/588095b0ca0e66522e1596f4f30570c8/url - {}
RESULT: {}
COMMAND: POST /session/588095b0ca0e66522e1596f4f30570c8/element - {"using":"css selector","value":".govuk-heading-xl"}
RESULT: {"using":"css selector","value":".govuk-heading-xl"}
COMMAND: GET /session/588095b0ca0e66522e1596f4f30570c8/element/9735BC54E20ACB31B40560674FB066A8_element_9/displayed - {}
RESULT: {}
COMMAND: POST /session/588095b0ca0e66522e1596f4f30570c8/element - {"using":"css selector","value":".govuk-heading-xl"}
RESULT: {"using":"css selector","value":".govuk-heading-xl"}
COMMAND: GET /session/588095b0ca0e66522e1596f4f30570c8/element/9735BC54E20ACB31B40560674FB066A8_element_9/text - {}
RESULT: {}
COMMAND: POST /session/588095b0ca0e66522e1596f4f30570c8/element - {"using":"xpath","value":".//caption[contains(., \"Reconciliation\") and not(.//caption)]"}
RESULT: {"using":"xpath","value":".//caption[contains(., \"Reconciliation\") and not(.//caption)]"}
COMMAND: POST /session/588095b0ca0e66522e1596f4f30570c8/execute/sync - {"script":"return (function (elem, id) {\n        return (function parentElement() {\n        return this.parentElement;\n    }).call(elem, id);\n    }).apply(null, arguments)","args":[{"element-6066-11e4-a52e-4f735466cecf":"9735BC54E20ACB31B40560674FB066A8_element_10","ELEMENT":"9735BC54E20ACB31B40560674FB066A8_element_10"}]}
RESULT: {"script":"return (function (elem, id) {\n        return (function parentElement() {\n        return this.parentElement;\n    }).call(elem, id);\n    }).apply(null, arguments)","args":[{"element-6066-11e4-a52e-4f735466cecf":"9735BC54E20ACB31B40560674FB066A8_element_10","ELEMENT":"9735BC54E20ACB31B40560674FB066A8_element_10"}]}
COMMAND: GET /session/588095b0ca0e66522e1596f4f30570c8/element/9735BC54E20ACB31B40560674FB066A8_element_11/displayed - {}
RESULT: {}
COMMAND: POST /session/588095b0ca0e66522e1596f4f30570c8/element/9735BC54E20ACB31B40560674FB066A8_element_11/elements - {"using":"css selector","value":"tbody tr"}
RESULT: {"using":"css selector","value":"tbody tr"}
COMMAND: POST /session/588095b0ca0e66522e1596f4f30570c8/element/9735BC54E20ACB31B40560674FB066A8_element_11/element - {"using":"css selector","value":"thead tr"}
RESULT: {"using":"css selector","value":"thead tr"}
COMMAND: POST /session/588095b0ca0e66522e1596f4f30570c8/element/9735BC54E20ACB31B40560674FB066A8_element_13/elements - {"using":"css selector","value":"th"}
RESULT: {"using":"css selector","value":"th"}
COMMAND: GET /session/588095b0ca0e66522e1596f4f30570c8/element/9735BC54E20ACB31B40560674FB066A8_element_14/text - {}
COMMAND: GET /session/588095b0ca0e66522e1596f4f30570c8/element/9735BC54E20ACB31B40560674FB066A8_element_15/text - {}
COMMAND: GET /session/588095b0ca0e66522e1596f4f30570c8/element/9735BC54E20ACB31B40560674FB066A8_element_17/text - {}
COMMAND: GET /session/588095b0ca0e66522e1596f4f30570c8/element/9735BC54E20ACB31B40560674FB066A8_element_16/text - {}
COMMAND: GET /session/588095b0ca0e66522e1596f4f30570c8/element/9735BC54E20ACB31B40560674FB066A8_element_18/text - {}
RESULT: {}
RESULT: {}
RESULT: {}
RESULT: {}
RESULT: {}
COMMAND: POST /session/588095b0ca0e66522e1596f4f30570c8/element/9735BC54E20ACB31B40560674FB066A8_element_12/elements - {"using":"css selector","value":"th,td"}
RESULT: {"using":"css selector","value":"th,td"}
COMMAND: GET /session/588095b0ca0e66522e1596f4f30570c8/element/9735BC54E20ACB31B40560674FB066A8_element_19/text - {}
RESULT: {}
COMMAND: GET /session/588095b0ca0e66522e1596f4f30570c8/element/9735BC54E20ACB31B40560674FB066A8_element_20/text - {}
RESULT: {}
COMMAND: GET /session/588095b0ca0e66522e1596f4f30570c8/element/9735BC54E20ACB31B40560674FB066A8_element_21/text - {}
RESULT: {}
COMMAND: GET /session/588095b0ca0e66522e1596f4f30570c8/element/9735BC54E20ACB31B40560674FB066A8_element_22/text - {}
RESULT: {}
COMMAND: GET /session/588095b0ca0e66522e1596f4f30570c8/element/9735BC54E20ACB31B40560674FB066A8_element_23/text - {}
RESULT: {}
]]></system-out>
    </testcase>
    <testcase classname="chrome-headless-shell.121_0_6167_160.linux.Invoice_Page_Test.Vendor:_Vendor_Three,Invoice:2005-09" name="should validate quantity events table data" time="0.674">
      <system-out><![CDATA[
COMMAND: POST /session/588095b0ca0e66522e1596f4f30570c8/url - {"url":"https://pr-528.btm.dev.account.gov.uk/contracts/3/invoices/2005-09"}
RESULT: {"url":"https://pr-528.btm.dev.account.gov.uk/contracts/3/invoices/2005-09"}
COMMAND: POST /session/588095b0ca0e66522e1596f4f30570c8/execute/sync - {"script":"return (() => document.readyState === \"complete\").apply(null, arguments)","args":[]}
RESULT: {"script":"return (() => document.readyState === \"complete\").apply(null, arguments)","args":[]}
COMMAND: GET /session/588095b0ca0e66522e1596f4f30570c8/url - {}
RESULT: {}
COMMAND: POST /session/588095b0ca0e66522e1596f4f30570c8/element - {"using":"css selector","value":".govuk-heading-xl"}
RESULT: {"using":"css selector","value":".govuk-heading-xl"}
COMMAND: GET /session/588095b0ca0e66522e1596f4f30570c8/element/62E335604306C81E8F44B517659C0739_element_28/displayed - {}
RESULT: {}
COMMAND: POST /session/588095b0ca0e66522e1596f4f30570c8/element - {"using":"css selector","value":".govuk-heading-xl"}
RESULT: {"using":"css selector","value":".govuk-heading-xl"}
COMMAND: GET /session/588095b0ca0e66522e1596f4f30570c8/element/62E335604306C81E8F44B517659C0739_element_28/text - {}
RESULT: {}
COMMAND: POST /session/588095b0ca0e66522e1596f4f30570c8/element - {"using":"xpath","value":".//caption[contains(., \"Quantity (events)\") and not(.//caption)]"}
RESULT: {"using":"xpath","value":".//caption[contains(., \"Quantity (events)\") and not(.//caption)]"}
COMMAND: POST /session/588095b0ca0e66522e1596f4f30570c8/execute/sync - {"script":"return (function (elem, id) {\n        return (function parentElement() {\n        return this.parentElement;\n    }).call(elem, id);\n    }).apply(null, arguments)","args":[{"element-6066-11e4-a52e-4f735466cecf":"62E335604306C81E8F44B517659C0739_element_29","ELEMENT":"62E335604306C81E8F44B517659C0739_element_29"}]}
RESULT: {"script":"return (function (elem, id) {\n        return (function parentElement() {\n        return this.parentElement;\n    }).call(elem, id);\n    }).apply(null, arguments)","args":[{"element-6066-11e4-a52e-4f735466cecf":"62E335604306C81E8F44B517659C0739_element_29","ELEMENT":"62E335604306C81E8F44B517659C0739_element_29"}]}
COMMAND: GET /session/588095b0ca0e66522e1596f4f30570c8/element/62E335604306C81E8F44B517659C0739_element_30/displayed - {}
RESULT: {}
COMMAND: POST /session/588095b0ca0e66522e1596f4f30570c8/element/62E335604306C81E8F44B517659C0739_element_30/elements - {"using":"css selector","value":"tbody tr"}
RESULT: {"using":"css selector","value":"tbody tr"}
COMMAND: POST /session/588095b0ca0e66522e1596f4f30570c8/element/62E335604306C81E8F44B517659C0739_element_30/element - {"using":"css selector","value":"thead tr"}
RESULT: {"using":"css selector","value":"thead tr"}
COMMAND: POST /session/588095b0ca0e66522e1596f4f30570c8/element/62E335604306C81E8F44B517659C0739_element_32/elements - {"using":"css selector","value":"th"}
RESULT: {"using":"css selector","value":"th"}
COMMAND: GET /session/588095b0ca0e66522e1596f4f30570c8/element/62E335604306C81E8F44B517659C0739_element_33/text - {}
COMMAND: GET /session/588095b0ca0e66522e1596f4f30570c8/element/62E335604306C81E8F44B517659C0739_element_34/text - {}
COMMAND: GET /session/588095b0ca0e66522e1596f4f30570c8/element/62E335604306C81E8F44B517659C0739_element_36/text - {}
COMMAND: GET /session/588095b0ca0e66522e1596f4f30570c8/element/62E335604306C81E8F44B517659C0739_element_35/text - {}
RESULT: {}
RESULT: {}
RESULT: {}
RESULT: {}
COMMAND: POST /session/588095b0ca0e66522e1596f4f30570c8/element/62E335604306C81E8F44B517659C0739_element_31/elements - {"using":"css selector","value":"th,td"}
RESULT: {"using":"css selector","value":"th,td"}
COMMAND: GET /session/588095b0ca0e66522e1596f4f30570c8/element/62E335604306C81E8F44B517659C0739_element_37/text - {}
RESULT: {}
COMMAND: GET /session/588095b0ca0e66522e1596f4f30570c8/element/62E335604306C81E8F44B517659C0739_element_38/text - {}
RESULT: {}
COMMAND: GET /session/588095b0ca0e66522e1596f4f30570c8/element/62E335604306C81E8F44B517659C0739_element_39/text - {}
RESULT: {}
COMMAND: GET /session/588095b0ca0e66522e1596f4f30570c8/element/62E335604306C81E8F44B517659C0739_element_40/text - {}
RESULT: {}
]]></system-out>
    </testcase>
    <testcase classname="chrome-headless-shell.121_0_6167_160.linux.Invoice_Page_Test.Vendor:_Vendor_Three,Invoice:2005-09" name="should validate price table data" time="1.119">
      <system-out><![CDATA[
COMMAND: POST /session/588095b0ca0e66522e1596f4f30570c8/url - {"url":"https://pr-528.btm.dev.account.gov.uk/contracts/3/invoices/2005-09"}
RESULT: {"url":"https://pr-528.btm.dev.account.gov.uk/contracts/3/invoices/2005-09"}
COMMAND: POST /session/588095b0ca0e66522e1596f4f30570c8/execute/sync - {"script":"return (() => document.readyState === \"complete\").apply(null, arguments)","args":[]}
RESULT: {"script":"return (() => document.readyState === \"complete\").apply(null, arguments)","args":[]}
COMMAND: GET /session/588095b0ca0e66522e1596f4f30570c8/url - {}
RESULT: {}
COMMAND: POST /session/588095b0ca0e66522e1596f4f30570c8/element - {"using":"css selector","value":".govuk-heading-xl"}
RESULT: {"using":"css selector","value":".govuk-heading-xl"}
COMMAND: GET /session/588095b0ca0e66522e1596f4f30570c8/element/962F1A32E59DC545D35FED062CBE9287_element_45/displayed - {}
RESULT: {}
COMMAND: POST /session/588095b0ca0e66522e1596f4f30570c8/element - {"using":"css selector","value":".govuk-heading-xl"}
RESULT: {"using":"css selector","value":".govuk-heading-xl"}
COMMAND: GET /session/588095b0ca0e66522e1596f4f30570c8/element/962F1A32E59DC545D35FED062CBE9287_element_45/text - {}
RESULT: {}
COMMAND: POST /session/588095b0ca0e66522e1596f4f30570c8/element - {"using":"xpath","value":".//caption[contains(., \"Price\") and not(.//caption)]"}
RESULT: {"using":"xpath","value":".//caption[contains(., \"Price\") and not(.//caption)]"}
COMMAND: POST /session/588095b0ca0e66522e1596f4f30570c8/execute/sync - {"script":"return (function (elem, id) {\n        return (function parentElement() {\n        return this.parentElement;\n    }).call(elem, id);\n    }).apply(null, arguments)","args":[{"element-6066-11e4-a52e-4f735466cecf":"962F1A32E59DC545D35FED062CBE9287_element_46","ELEMENT":"962F1A32E59DC545D35FED062CBE9287_element_46"}]}
RESULT: {"script":"return (function (elem, id) {\n        return (function parentElement() {\n        return this.parentElement;\n    }).call(elem, id);\n    }).apply(null, arguments)","args":[{"element-6066-11e4-a52e-4f735466cecf":"962F1A32E59DC545D35FED062CBE9287_element_46","ELEMENT":"962F1A32E59DC545D35FED062CBE9287_element_46"}]}
COMMAND: GET /session/588095b0ca0e66522e1596f4f30570c8/element/962F1A32E59DC545D35FED062CBE9287_element_47/displayed - {}
RESULT: {}
COMMAND: POST /session/588095b0ca0e66522e1596f4f30570c8/element/962F1A32E59DC545D35FED062CBE9287_element_47/elements - {"using":"css selector","value":"tbody tr"}
RESULT: {"using":"css selector","value":"tbody tr"}
COMMAND: POST /session/588095b0ca0e66522e1596f4f30570c8/element/962F1A32E59DC545D35FED062CBE9287_element_47/element - {"using":"css selector","value":"thead tr"}
RESULT: {"using":"css selector","value":"thead tr"}
COMMAND: POST /session/588095b0ca0e66522e1596f4f30570c8/element/962F1A32E59DC545D35FED062CBE9287_element_49/elements - {"using":"css selector","value":"th"}
RESULT: {"using":"css selector","value":"th"}
COMMAND: GET /session/588095b0ca0e66522e1596f4f30570c8/element/962F1A32E59DC545D35FED062CBE9287_element_50/text - {}
COMMAND: GET /session/588095b0ca0e66522e1596f4f30570c8/element/962F1A32E59DC545D35FED062CBE9287_element_51/text - {}
COMMAND: GET /session/588095b0ca0e66522e1596f4f30570c8/element/962F1A32E59DC545D35FED062CBE9287_element_53/text - {}
COMMAND: GET /session/588095b0ca0e66522e1596f4f30570c8/element/962F1A32E59DC545D35FED062CBE9287_element_52/text - {}
RESULT: {}
RESULT: {}
RESULT: {}
RESULT: {}
COMMAND: POST /session/588095b0ca0e66522e1596f4f30570c8/element/962F1A32E59DC545D35FED062CBE9287_element_48/elements - {"using":"css selector","value":"th,td"}
RESULT: {"using":"css selector","value":"th,td"}
COMMAND: GET /session/588095b0ca0e66522e1596f4f30570c8/element/962F1A32E59DC545D35FED062CBE9287_element_54/text - {}
RESULT: {}
COMMAND: GET /session/588095b0ca0e66522e1596f4f30570c8/element/962F1A32E59DC545D35FED062CBE9287_element_55/text - {}
RESULT: {}
COMMAND: GET /session/588095b0ca0e66522e1596f4f30570c8/element/962F1A32E59DC545D35FED062CBE9287_element_56/text - {}
RESULT: {}
COMMAND: GET /session/588095b0ca0e66522e1596f4f30570c8/element/962F1A32E59DC545D35FED062CBE9287_element_57/text - {}
RESULT: {}
]]></system-out>
    </testcase>
    <testcase classname="chrome-headless-shell.121_0_6167_160.linux.Invoice_Page_Test.Vendor:_Vendor_Three,Invoice:2005-09" name="should validate measured events table data" time="0.608">
      <system-out><![CDATA[
COMMAND: POST /session/588095b0ca0e66522e1596f4f30570c8/url - {"url":"https://pr-528.btm.dev.account.gov.uk/contracts/3/invoices/2005-09"}
RESULT: {"url":"https://pr-528.btm.dev.account.gov.uk/contracts/3/invoices/2005-09"}
COMMAND: POST /session/588095b0ca0e66522e1596f4f30570c8/execute/sync - {"script":"return (() => document.readyState === \"complete\").apply(null, arguments)","args":[]}
RESULT: {"script":"return (() => document.readyState === \"complete\").apply(null, arguments)","args":[]}
COMMAND: GET /session/588095b0ca0e66522e1596f4f30570c8/url - {}
RESULT: {}
COMMAND: POST /session/588095b0ca0e66522e1596f4f30570c8/element - {"using":"css selector","value":".govuk-heading-xl"}
RESULT: {"using":"css selector","value":".govuk-heading-xl"}
COMMAND: GET /session/588095b0ca0e66522e1596f4f30570c8/element/63E82FDE0BEECE589056F04171589C96_element_60/displayed - {}
RESULT: {}
COMMAND: POST /session/588095b0ca0e66522e1596f4f30570c8/element - {"using":"css selector","value":".govuk-heading-xl"}
RESULT: {"using":"css selector","value":".govuk-heading-xl"}
COMMAND: GET /session/588095b0ca0e66522e1596f4f30570c8/element/63E82FDE0BEECE589056F04171589C96_element_60/text - {}
RESULT: {}
COMMAND: POST /session/588095b0ca0e66522e1596f4f30570c8/element - {"using":"xpath","value":".//caption[contains(., \"Measured (events)\") and not(.//caption)]"}
RESULT: {"using":"xpath","value":".//caption[contains(., \"Measured (events)\") and not(.//caption)]"}
COMMAND: POST /session/588095b0ca0e66522e1596f4f30570c8/execute/sync - {"script":"return (function (elem, id) {\n        return (function parentElement() {\n        return this.parentElement;\n    }).call(elem, id);\n    }).apply(null, arguments)","args":[{"element-6066-11e4-a52e-4f735466cecf":"63E82FDE0BEECE589056F04171589C96_element_61","ELEMENT":"63E82FDE0BEECE589056F04171589C96_element_61"}]}
RESULT: {"script":"return (function (elem, id) {\n        return (function parentElement() {\n        return this.parentElement;\n    }).call(elem, id);\n    }).apply(null, arguments)","args":[{"element-6066-11e4-a52e-4f735466cecf":"63E82FDE0BEECE589056F04171589C96_element_61","ELEMENT":"63E82FDE0BEECE589056F04171589C96_element_61"}]}
COMMAND: GET /session/588095b0ca0e66522e1596f4f30570c8/element/63E82FDE0BEECE589056F04171589C96_element_62/displayed - {}
RESULT: {}
COMMAND: POST /session/588095b0ca0e66522e1596f4f30570c8/element/63E82FDE0BEECE589056F04171589C96_element_62/elements - {"using":"css selector","value":"tbody tr"}
RESULT: {"using":"css selector","value":"tbody tr"}
COMMAND: POST /session/588095b0ca0e66522e1596f4f30570c8/element/63E82FDE0BEECE589056F04171589C96_element_62/element - {"using":"css selector","value":"thead tr"}
RESULT: {"using":"css selector","value":"thead tr"}
COMMAND: POST /session/588095b0ca0e66522e1596f4f30570c8/element/63E82FDE0BEECE589056F04171589C96_element_64/elements - {"using":"css selector","value":"th"}
RESULT: {"using":"css selector","value":"th"}
COMMAND: GET /session/588095b0ca0e66522e1596f4f30570c8/element/63E82FDE0BEECE589056F04171589C96_element_65/text - {}
COMMAND: GET /session/588095b0ca0e66522e1596f4f30570c8/element/63E82FDE0BEECE589056F04171589C96_element_66/text - {}
RESULT: {}
RESULT: {}
COMMAND: POST /session/588095b0ca0e66522e1596f4f30570c8/element/63E82FDE0BEECE589056F04171589C96_element_63/elements - {"using":"css selector","value":"th,td"}
RESULT: {"using":"css selector","value":"th,td"}
COMMAND: GET /session/588095b0ca0e66522e1596f4f30570c8/element/63E82FDE0BEECE589056F04171589C96_element_67/text - {}
RESULT: {}
COMMAND: GET /session/588095b0ca0e66522e1596f4f30570c8/element/63E82FDE0BEECE589056F04171589C96_element_68/text - {}
RESULT: {}
]]></system-out>
    </testcase>
    <testcase classname="chrome-headless-shell.121_0_6167_160.linux.Invoice_Page_Test.Vendor:_Vendor_Three,Invoice:2005-09" name="should validate invoice table data" time="0.772">
      <system-out><![CDATA[
COMMAND: POST /session/588095b0ca0e66522e1596f4f30570c8/url - {"url":"https://pr-528.btm.dev.account.gov.uk/contracts/3/invoices/2005-09"}
RESULT: {"url":"https://pr-528.btm.dev.account.gov.uk/contracts/3/invoices/2005-09"}
COMMAND: POST /session/588095b0ca0e66522e1596f4f30570c8/execute/sync - {"script":"return (() => document.readyState === \"complete\").apply(null, arguments)","args":[]}
RESULT: {"script":"return (() => document.readyState === \"complete\").apply(null, arguments)","args":[]}
COMMAND: GET /session/588095b0ca0e66522e1596f4f30570c8/url - {}
RESULT: {}
COMMAND: POST /session/588095b0ca0e66522e1596f4f30570c8/element - {"using":"css selector","value":".govuk-heading-xl"}
RESULT: {"using":"css selector","value":".govuk-heading-xl"}
COMMAND: GET /session/588095b0ca0e66522e1596f4f30570c8/element/FC629F9EED61158AA5AE697BAAAA3F63_element_71/displayed - {}
RESULT: {}
COMMAND: POST /session/588095b0ca0e66522e1596f4f30570c8/element - {"using":"css selector","value":".govuk-heading-xl"}
RESULT: {"using":"css selector","value":".govuk-heading-xl"}
COMMAND: GET /session/588095b0ca0e66522e1596f4f30570c8/element/FC629F9EED61158AA5AE697BAAAA3F63_element_71/text - {}
RESULT: {}
COMMAND: POST /session/588095b0ca0e66522e1596f4f30570c8/element - {"using":"xpath","value":".//caption[contains(., \"Invoice\") and not(.//caption)]"}
RESULT: {"using":"xpath","value":".//caption[contains(., \"Invoice\") and not(.//caption)]"}
COMMAND: POST /session/588095b0ca0e66522e1596f4f30570c8/execute/sync - {"script":"return (function (elem, id) {\n        return (function parentElement() {\n        return this.parentElement;\n    }).call(elem, id);\n    }).apply(null, arguments)","args":[{"element-6066-11e4-a52e-4f735466cecf":"FC629F9EED61158AA5AE697BAAAA3F63_element_72","ELEMENT":"FC629F9EED61158AA5AE697BAAAA3F63_element_72"}]}
RESULT: {"script":"return (function (elem, id) {\n        return (function parentElement() {\n        return this.parentElement;\n    }).call(elem, id);\n    }).apply(null, arguments)","args":[{"element-6066-11e4-a52e-4f735466cecf":"FC629F9EED61158AA5AE697BAAAA3F63_element_72","ELEMENT":"FC629F9EED61158AA5AE697BAAAA3F63_element_72"}]}
COMMAND: GET /session/588095b0ca0e66522e1596f4f30570c8/element/FC629F9EED61158AA5AE697BAAAA3F63_element_73/displayed - {}
RESULT: {}
COMMAND: POST /session/588095b0ca0e66522e1596f4f30570c8/element/FC629F9EED61158AA5AE697BAAAA3F63_element_73/elements - {"using":"css selector","value":"tbody tr"}
RESULT: {"using":"css selector","value":"tbody tr"}
COMMAND: POST /session/588095b0ca0e66522e1596f4f30570c8/element/FC629F9EED61158AA5AE697BAAAA3F63_element_73/element - {"using":"css selector","value":"thead tr"}
RESULT: {"using":"css selector","value":"thead tr"}
COMMAND: POST /session/588095b0ca0e66522e1596f4f30570c8/element/FC629F9EED61158AA5AE697BAAAA3F63_element_76/elements - {"using":"css selector","value":"th"}
RESULT: {"using":"css selector","value":"th"}
COMMAND: GET /session/588095b0ca0e66522e1596f4f30570c8/element/FC629F9EED61158AA5AE697BAAAA3F63_element_77/text - {}
COMMAND: GET /session/588095b0ca0e66522e1596f4f30570c8/element/FC629F9EED61158AA5AE697BAAAA3F63_element_78/text - {}
COMMAND: GET /session/588095b0ca0e66522e1596f4f30570c8/element/FC629F9EED61158AA5AE697BAAAA3F63_element_80/text - {}
COMMAND: GET /session/588095b0ca0e66522e1596f4f30570c8/element/FC629F9EED61158AA5AE697BAAAA3F63_element_79/text - {}
COMMAND: GET /session/588095b0ca0e66522e1596f4f30570c8/element/FC629F9EED61158AA5AE697BAAAA3F63_element_81/text - {}
RESULT: {}
RESULT: {}
RESULT: {}
RESULT: {}
RESULT: {}
COMMAND: POST /session/588095b0ca0e66522e1596f4f30570c8/element/FC629F9EED61158AA5AE697BAAAA3F63_element_74/elements - {"using":"css selector","value":"th,td"}
RESULT: {"using":"css selector","value":"th,td"}
COMMAND: GET /session/588095b0ca0e66522e1596f4f30570c8/element/FC629F9EED61158AA5AE697BAAAA3F63_element_82/text - {}
RESULT: {}
COMMAND: GET /session/588095b0ca0e66522e1596f4f30570c8/element/FC629F9EED61158AA5AE697BAAAA3F63_element_83/text - {}
RESULT: {}
COMMAND: GET /session/588095b0ca0e66522e1596f4f30570c8/element/FC629F9EED61158AA5AE697BAAAA3F63_element_84/text - {}
RESULT: {}
COMMAND: GET /session/588095b0ca0e66522e1596f4f30570c8/element/FC629F9EED61158AA5AE697BAAAA3F63_element_85/text - {}
RESULT: {}
COMMAND: GET /session/588095b0ca0e66522e1596f4f30570c8/element/FC629F9EED61158AA5AE697BAAAA3F63_element_86/text - {}
RESULT: {}
COMMAND: POST /session/588095b0ca0e66522e1596f4f30570c8/element/FC629F9EED61158AA5AE697BAAAA3F63_element_75/elements - {"using":"css selector","value":"th,td"}
RESULT: {"using":"css selector","value":"th,td"}
COMMAND: GET /session/588095b0ca0e66522e1596f4f30570c8/element/FC629F9EED61158AA5AE697BAAAA3F63_element_87/text - {}
RESULT: {}
COMMAND: GET /session/588095b0ca0e66522e1596f4f30570c8/element/FC629F9EED61158AA5AE697BAAAA3F63_element_88/text - {}
RESULT: {}
COMMAND: GET /session/588095b0ca0e66522e1596f4f30570c8/element/FC629F9EED61158AA5AE697BAAAA3F63_element_89/text - {}
RESULT: {}
COMMAND: GET /session/588095b0ca0e66522e1596f4f30570c8/element/FC629F9EED61158AA5AE697BAAAA3F63_element_90/text - {}
RESULT: {}
COMMAND: GET /session/588095b0ca0e66522e1596f4f30570c8/element/FC629F9EED61158AA5AE697BAAAA3F63_element_91/text - {}
RESULT: {}
]]></system-out>
    </testcase>
  </testsuite>
  <testsuite name="Vendor Vendor Three Invoice 2023 03" timestamp="2024-02-19T15:30:54" time="6.182" tests="6" failures="0" errors="0" skipped="0">
    <properties>
      <property name="specId" value="0"/>
      <property name="suiteName" value="Vendor: Vendor Three,Invoice:2023-03"/>
      <property name="capabilities" value="chrome-headless-shell.121_0_6167_160.linux"/>
      <property name="file" value="file://./ui-tests/specs/invoice.spec.ts"/>
    </properties>
    <testcase classname="chrome-headless-shell.121_0_6167_160.linux.Invoice_Page_Test.Vendor:_Vendor_Three,Invoice:2023-03" name="should display correct status banner color and message" time="1.676">
      <system-out><![CDATA[
COMMAND: POST /session/588095b0ca0e66522e1596f4f30570c8/url - {"url":"https://pr-528.btm.dev.account.gov.uk/contracts/3/invoices/2023-03"}
RESULT: {"url":"https://pr-528.btm.dev.account.gov.uk/contracts/3/invoices/2023-03"}
COMMAND: POST /session/588095b0ca0e66522e1596f4f30570c8/execute/sync - {"script":"return (() => document.readyState === \"complete\").apply(null, arguments)","args":[]}
RESULT: {"script":"return (() => document.readyState === \"complete\").apply(null, arguments)","args":[]}
COMMAND: GET /session/588095b0ca0e66522e1596f4f30570c8/url - {}
RESULT: {}
COMMAND: POST /session/588095b0ca0e66522e1596f4f30570c8/element - {"using":"css selector","value":".govuk-heading-xl"}
RESULT: {"using":"css selector","value":".govuk-heading-xl"}
COMMAND: GET /session/588095b0ca0e66522e1596f4f30570c8/element/EF8873CEE703C524257AB176E8BEE76A_element_94/displayed - {}
RESULT: {}
COMMAND: POST /session/588095b0ca0e66522e1596f4f30570c8/element - {"using":"css selector","value":".govuk-heading-xl"}
RESULT: {"using":"css selector","value":".govuk-heading-xl"}
COMMAND: GET /session/588095b0ca0e66522e1596f4f30570c8/element/EF8873CEE703C524257AB176E8BEE76A_element_94/text - {}
RESULT: {}
COMMAND: POST /session/588095b0ca0e66522e1596f4f30570c8/element - {"using":"css selector","value":"h2.govuk-panel__title"}
RESULT: {"using":"css selector","value":"h2.govuk-panel__title"}
COMMAND: GET /session/588095b0ca0e66522e1596f4f30570c8/element/EF8873CEE703C524257AB176E8BEE76A_element_95/displayed - {}
RESULT: {}
COMMAND: POST /session/588095b0ca0e66522e1596f4f30570c8/element - {"using":"css selector","value":"h2.govuk-panel__title"}
RESULT: {"using":"css selector","value":"h2.govuk-panel__title"}
COMMAND: GET /session/588095b0ca0e66522e1596f4f30570c8/element/EF8873CEE703C524257AB176E8BEE76A_element_95/text - {}
RESULT: {}
COMMAND: POST /session/588095b0ca0e66522e1596f4f30570c8/element - {"using":"css selector","value":".govuk-panel"}
RESULT: {"using":"css selector","value":".govuk-panel"}
COMMAND: GET /session/588095b0ca0e66522e1596f4f30570c8/element/EF8873CEE703C524257AB176E8BEE76A_element_96/displayed - {}
RESULT: {}
COMMAND: GET /session/588095b0ca0e66522e1596f4f30570c8/element/EF8873CEE703C524257AB176E8BEE76A_element_96/css/background-color - {}
RESULT: {}
]]></system-out>
    </testcase>
    <testcase classname="chrome-headless-shell.121_0_6167_160.linux.Invoice_Page_Test.Vendor:_Vendor_Three,Invoice:2023-03" name="should validate reconciliation table data" time="0.786">
      <system-out><![CDATA[
COMMAND: POST /session/588095b0ca0e66522e1596f4f30570c8/url - {"url":"https://pr-528.btm.dev.account.gov.uk/contracts/3/invoices/2023-03"}
RESULT: {"url":"https://pr-528.btm.dev.account.gov.uk/contracts/3/invoices/2023-03"}
COMMAND: POST /session/588095b0ca0e66522e1596f4f30570c8/execute/sync - {"script":"return (() => document.readyState === \"complete\").apply(null, arguments)","args":[]}
RESULT: {"script":"return (() => document.readyState === \"complete\").apply(null, arguments)","args":[]}
COMMAND: GET /session/588095b0ca0e66522e1596f4f30570c8/url - {}
RESULT: {}
COMMAND: POST /session/588095b0ca0e66522e1596f4f30570c8/element - {"using":"css selector","value":".govuk-heading-xl"}
RESULT: {"using":"css selector","value":".govuk-heading-xl"}
COMMAND: GET /session/588095b0ca0e66522e1596f4f30570c8/element/5CFECF6D36C401908AD4DDD6F9B0E4C5_element_99/displayed - {}
RESULT: {}
COMMAND: POST /session/588095b0ca0e66522e1596f4f30570c8/element - {"using":"css selector","value":".govuk-heading-xl"}
RESULT: {"using":"css selector","value":".govuk-heading-xl"}
COMMAND: GET /session/588095b0ca0e66522e1596f4f30570c8/element/5CFECF6D36C401908AD4DDD6F9B0E4C5_element_99/text - {}
RESULT: {}
COMMAND: POST /session/588095b0ca0e66522e1596f4f30570c8/element - {"using":"xpath","value":".//caption[contains(., \"Reconciliation\") and not(.//caption)]"}
RESULT: {"using":"xpath","value":".//caption[contains(., \"Reconciliation\") and not(.//caption)]"}
COMMAND: POST /session/588095b0ca0e66522e1596f4f30570c8/execute/sync - {"script":"return (function (elem, id) {\n        return (function parentElement() {\n        return this.parentElement;\n    }).call(elem, id);\n    }).apply(null, arguments)","args":[{"element-6066-11e4-a52e-4f735466cecf":"5CFECF6D36C401908AD4DDD6F9B0E4C5_element_100","ELEMENT":"5CFECF6D36C401908AD4DDD6F9B0E4C5_element_100"}]}
RESULT: {"script":"return (function (elem, id) {\n        return (function parentElement() {\n        return this.parentElement;\n    }).call(elem, id);\n    }).apply(null, arguments)","args":[{"element-6066-11e4-a52e-4f735466cecf":"5CFECF6D36C401908AD4DDD6F9B0E4C5_element_100","ELEMENT":"5CFECF6D36C401908AD4DDD6F9B0E4C5_element_100"}]}
COMMAND: GET /session/588095b0ca0e66522e1596f4f30570c8/element/5CFECF6D36C401908AD4DDD6F9B0E4C5_element_101/displayed - {}
RESULT: {}
COMMAND: POST /session/588095b0ca0e66522e1596f4f30570c8/element/5CFECF6D36C401908AD4DDD6F9B0E4C5_element_101/elements - {"using":"css selector","value":"tbody tr"}
RESULT: {"using":"css selector","value":"tbody tr"}
COMMAND: POST /session/588095b0ca0e66522e1596f4f30570c8/element/5CFECF6D36C401908AD4DDD6F9B0E4C5_element_101/element - {"using":"css selector","value":"thead tr"}
RESULT: {"using":"css selector","value":"thead tr"}
COMMAND: POST /session/588095b0ca0e66522e1596f4f30570c8/element/5CFECF6D36C401908AD4DDD6F9B0E4C5_element_104/elements - {"using":"css selector","value":"th"}
RESULT: {"using":"css selector","value":"th"}
COMMAND: GET /session/588095b0ca0e66522e1596f4f30570c8/element/5CFECF6D36C401908AD4DDD6F9B0E4C5_element_105/text - {}
COMMAND: GET /session/588095b0ca0e66522e1596f4f30570c8/element/5CFECF6D36C401908AD4DDD6F9B0E4C5_element_106/text - {}
COMMAND: GET /session/588095b0ca0e66522e1596f4f30570c8/element/5CFECF6D36C401908AD4DDD6F9B0E4C5_element_108/text - {}
COMMAND: GET /session/588095b0ca0e66522e1596f4f30570c8/element/5CFECF6D36C401908AD4DDD6F9B0E4C5_element_107/text - {}
COMMAND: GET /session/588095b0ca0e66522e1596f4f30570c8/element/5CFECF6D36C401908AD4DDD6F9B0E4C5_element_109/text - {}
RESULT: {}
RESULT: {}
RESULT: {}
RESULT: {}
RESULT: {}
COMMAND: POST /session/588095b0ca0e66522e1596f4f30570c8/element/5CFECF6D36C401908AD4DDD6F9B0E4C5_element_102/elements - {"using":"css selector","value":"th,td"}
RESULT: {"using":"css selector","value":"th,td"}
COMMAND: GET /session/588095b0ca0e66522e1596f4f30570c8/element/5CFECF6D36C401908AD4DDD6F9B0E4C5_element_110/text - {}
RESULT: {}
COMMAND: GET /session/588095b0ca0e66522e1596f4f30570c8/element/5CFECF6D36C401908AD4DDD6F9B0E4C5_element_111/text - {}
RESULT: {}
COMMAND: GET /session/588095b0ca0e66522e1596f4f30570c8/element/5CFECF6D36C401908AD4DDD6F9B0E4C5_element_112/text - {}
RESULT: {}
COMMAND: GET /session/588095b0ca0e66522e1596f4f30570c8/element/5CFECF6D36C401908AD4DDD6F9B0E4C5_element_113/text - {}
RESULT: {}
COMMAND: GET /session/588095b0ca0e66522e1596f4f30570c8/element/5CFECF6D36C401908AD4DDD6F9B0E4C5_element_114/text - {}
RESULT: {}
COMMAND: POST /session/588095b0ca0e66522e1596f4f30570c8/element/5CFECF6D36C401908AD4DDD6F9B0E4C5_element_103/elements - {"using":"css selector","value":"th,td"}
RESULT: {"using":"css selector","value":"th,td"}
COMMAND: GET /session/588095b0ca0e66522e1596f4f30570c8/element/5CFECF6D36C401908AD4DDD6F9B0E4C5_element_115/text - {}
RESULT: {}
COMMAND: GET /session/588095b0ca0e66522e1596f4f30570c8/element/5CFECF6D36C401908AD4DDD6F9B0E4C5_element_116/text - {}
RESULT: {}
COMMAND: GET /session/588095b0ca0e66522e1596f4f30570c8/element/5CFECF6D36C401908AD4DDD6F9B0E4C5_element_117/text - {}
RESULT: {}
COMMAND: GET /session/588095b0ca0e66522e1596f4f30570c8/element/5CFECF6D36C401908AD4DDD6F9B0E4C5_element_118/text - {}
RESULT: {}
COMMAND: GET /session/588095b0ca0e66522e1596f4f30570c8/element/5CFECF6D36C401908AD4DDD6F9B0E4C5_element_119/text - {}
RESULT: {}
]]></system-out>
    </testcase>
    <testcase classname="chrome-headless-shell.121_0_6167_160.linux.Invoice_Page_Test.Vendor:_Vendor_Three,Invoice:2023-03" name="should validate quantity events table data" time="1.539">
      <system-out><![CDATA[
COMMAND: POST /session/588095b0ca0e66522e1596f4f30570c8/url - {"url":"https://pr-528.btm.dev.account.gov.uk/contracts/3/invoices/2023-03"}
RESULT: {"url":"https://pr-528.btm.dev.account.gov.uk/contracts/3/invoices/2023-03"}
COMMAND: POST /session/588095b0ca0e66522e1596f4f30570c8/execute/sync - {"script":"return (() => document.readyState === \"complete\").apply(null, arguments)","args":[]}
RESULT: {"script":"return (() => document.readyState === \"complete\").apply(null, arguments)","args":[]}
COMMAND: GET /session/588095b0ca0e66522e1596f4f30570c8/url - {}
RESULT: {}
COMMAND: POST /session/588095b0ca0e66522e1596f4f30570c8/element - {"using":"css selector","value":".govuk-heading-xl"}
RESULT: {"using":"css selector","value":".govuk-heading-xl"}
COMMAND: GET /session/588095b0ca0e66522e1596f4f30570c8/element/8285B9C93560F8115336C5A79CC1BC79_element_122/displayed - {}
RESULT: {}
COMMAND: POST /session/588095b0ca0e66522e1596f4f30570c8/element - {"using":"css selector","value":".govuk-heading-xl"}
RESULT: {"using":"css selector","value":".govuk-heading-xl"}
COMMAND: GET /session/588095b0ca0e66522e1596f4f30570c8/element/8285B9C93560F8115336C5A79CC1BC79_element_122/text - {}
RESULT: {}
COMMAND: POST /session/588095b0ca0e66522e1596f4f30570c8/element - {"using":"xpath","value":".//caption[contains(., \"Quantity (events)\") and not(.//caption)]"}
RESULT: {"using":"xpath","value":".//caption[contains(., \"Quantity (events)\") and not(.//caption)]"}
COMMAND: POST /session/588095b0ca0e66522e1596f4f30570c8/execute/sync - {"script":"return (function (elem, id) {\n        return (function parentElement() {\n        return this.parentElement;\n    }).call(elem, id);\n    }).apply(null, arguments)","args":[{"element-6066-11e4-a52e-4f735466cecf":"8285B9C93560F8115336C5A79CC1BC79_element_123","ELEMENT":"8285B9C93560F8115336C5A79CC1BC79_element_123"}]}
RESULT: {"script":"return (function (elem, id) {\n        return (function parentElement() {\n        return this.parentElement;\n    }).call(elem, id);\n    }).apply(null, arguments)","args":[{"element-6066-11e4-a52e-4f735466cecf":"8285B9C93560F8115336C5A79CC1BC79_element_123","ELEMENT":"8285B9C93560F8115336C5A79CC1BC79_element_123"}]}
COMMAND: GET /session/588095b0ca0e66522e1596f4f30570c8/element/8285B9C93560F8115336C5A79CC1BC79_element_124/displayed - {}
RESULT: {}
COMMAND: POST /session/588095b0ca0e66522e1596f4f30570c8/element/8285B9C93560F8115336C5A79CC1BC79_element_124/elements - {"using":"css selector","value":"tbody tr"}
RESULT: {"using":"css selector","value":"tbody tr"}
COMMAND: POST /session/588095b0ca0e66522e1596f4f30570c8/element/8285B9C93560F8115336C5A79CC1BC79_element_124/element - {"using":"css selector","value":"thead tr"}
RESULT: {"using":"css selector","value":"thead tr"}
COMMAND: POST /session/588095b0ca0e66522e1596f4f30570c8/element/8285B9C93560F8115336C5A79CC1BC79_element_127/elements - {"using":"css selector","value":"th"}
RESULT: {"using":"css selector","value":"th"}
COMMAND: GET /session/588095b0ca0e66522e1596f4f30570c8/element/8285B9C93560F8115336C5A79CC1BC79_element_128/text - {}
COMMAND: GET /session/588095b0ca0e66522e1596f4f30570c8/element/8285B9C93560F8115336C5A79CC1BC79_element_129/text - {}
COMMAND: GET /session/588095b0ca0e66522e1596f4f30570c8/element/8285B9C93560F8115336C5A79CC1BC79_element_131/text - {}
COMMAND: GET /session/588095b0ca0e66522e1596f4f30570c8/element/8285B9C93560F8115336C5A79CC1BC79_element_130/text - {}
RESULT: {}
RESULT: {}
RESULT: {}
RESULT: {}
COMMAND: POST /session/588095b0ca0e66522e1596f4f30570c8/element/8285B9C93560F8115336C5A79CC1BC79_element_125/elements - {"using":"css selector","value":"th,td"}
RESULT: {"using":"css selector","value":"th,td"}
COMMAND: GET /session/588095b0ca0e66522e1596f4f30570c8/element/8285B9C93560F8115336C5A79CC1BC79_element_132/text - {}
RESULT: {}
COMMAND: GET /session/588095b0ca0e66522e1596f4f30570c8/element/8285B9C93560F8115336C5A79CC1BC79_element_133/text - {}
RESULT: {}
COMMAND: GET /session/588095b0ca0e66522e1596f4f30570c8/element/8285B9C93560F8115336C5A79CC1BC79_element_134/text - {}
RESULT: {}
COMMAND: GET /session/588095b0ca0e66522e1596f4f30570c8/element/8285B9C93560F8115336C5A79CC1BC79_element_135/text - {}
RESULT: {}
COMMAND: POST /session/588095b0ca0e66522e1596f4f30570c8/element/8285B9C93560F8115336C5A79CC1BC79_element_126/elements - {"using":"css selector","value":"th,td"}
RESULT: {"using":"css selector","value":"th,td"}
COMMAND: GET /session/588095b0ca0e66522e1596f4f30570c8/element/8285B9C93560F8115336C5A79CC1BC79_element_136/text - {}
RESULT: {}
COMMAND: GET /session/588095b0ca0e66522e1596f4f30570c8/element/8285B9C93560F8115336C5A79CC1BC79_element_137/text - {}
RESULT: {}
COMMAND: GET /session/588095b0ca0e66522e1596f4f30570c8/element/8285B9C93560F8115336C5A79CC1BC79_element_138/text - {}
RESULT: {}
COMMAND: GET /session/588095b0ca0e66522e1596f4f30570c8/element/8285B9C93560F8115336C5A79CC1BC79_element_139/text - {}
RESULT: {}
]]></system-out>
    </testcase>
    <testcase classname="chrome-headless-shell.121_0_6167_160.linux.Invoice_Page_Test.Vendor:_Vendor_Three,Invoice:2023-03" name="should validate price table data" time="0.741">
      <system-out><![CDATA[
COMMAND: POST /session/588095b0ca0e66522e1596f4f30570c8/url - {"url":"https://pr-528.btm.dev.account.gov.uk/contracts/3/invoices/2023-03"}
RESULT: {"url":"https://pr-528.btm.dev.account.gov.uk/contracts/3/invoices/2023-03"}
COMMAND: POST /session/588095b0ca0e66522e1596f4f30570c8/execute/sync - {"script":"return (() => document.readyState === \"complete\").apply(null, arguments)","args":[]}
RESULT: {"script":"return (() => document.readyState === \"complete\").apply(null, arguments)","args":[]}
COMMAND: GET /session/588095b0ca0e66522e1596f4f30570c8/url - {}
RESULT: {}
COMMAND: POST /session/588095b0ca0e66522e1596f4f30570c8/element - {"using":"css selector","value":".govuk-heading-xl"}
RESULT: {"using":"css selector","value":".govuk-heading-xl"}
COMMAND: GET /session/588095b0ca0e66522e1596f4f30570c8/element/0D788195117A8524D8AE76CA4D8C1502_element_142/displayed - {}
RESULT: {}
COMMAND: POST /session/588095b0ca0e66522e1596f4f30570c8/element - {"using":"css selector","value":".govuk-heading-xl"}
RESULT: {"using":"css selector","value":".govuk-heading-xl"}
COMMAND: GET /session/588095b0ca0e66522e1596f4f30570c8/element/0D788195117A8524D8AE76CA4D8C1502_element_142/text - {}
RESULT: {}
COMMAND: POST /session/588095b0ca0e66522e1596f4f30570c8/element - {"using":"xpath","value":".//caption[contains(., \"Price\") and not(.//caption)]"}
RESULT: {"using":"xpath","value":".//caption[contains(., \"Price\") and not(.//caption)]"}
COMMAND: POST /session/588095b0ca0e66522e1596f4f30570c8/execute/sync - {"script":"return (function (elem, id) {\n        return (function parentElement() {\n        return this.parentElement;\n    }).call(elem, id);\n    }).apply(null, arguments)","args":[{"element-6066-11e4-a52e-4f735466cecf":"0D788195117A8524D8AE76CA4D8C1502_element_143","ELEMENT":"0D788195117A8524D8AE76CA4D8C1502_element_143"}]}
RESULT: {"script":"return (function (elem, id) {\n        return (function parentElement() {\n        return this.parentElement;\n    }).call(elem, id);\n    }).apply(null, arguments)","args":[{"element-6066-11e4-a52e-4f735466cecf":"0D788195117A8524D8AE76CA4D8C1502_element_143","ELEMENT":"0D788195117A8524D8AE76CA4D8C1502_element_143"}]}
COMMAND: GET /session/588095b0ca0e66522e1596f4f30570c8/element/0D788195117A8524D8AE76CA4D8C1502_element_144/displayed - {}
RESULT: {}
COMMAND: POST /session/588095b0ca0e66522e1596f4f30570c8/element/0D788195117A8524D8AE76CA4D8C1502_element_144/elements - {"using":"css selector","value":"tbody tr"}
RESULT: {"using":"css selector","value":"tbody tr"}
COMMAND: POST /session/588095b0ca0e66522e1596f4f30570c8/element/0D788195117A8524D8AE76CA4D8C1502_element_144/element - {"using":"css selector","value":"thead tr"}
RESULT: {"using":"css selector","value":"thead tr"}
COMMAND: POST /session/588095b0ca0e66522e1596f4f30570c8/element/0D788195117A8524D8AE76CA4D8C1502_element_147/elements - {"using":"css selector","value":"th"}
RESULT: {"using":"css selector","value":"th"}
COMMAND: GET /session/588095b0ca0e66522e1596f4f30570c8/element/0D788195117A8524D8AE76CA4D8C1502_element_148/text - {}
COMMAND: GET /session/588095b0ca0e66522e1596f4f30570c8/element/0D788195117A8524D8AE76CA4D8C1502_element_149/text - {}
COMMAND: GET /session/588095b0ca0e66522e1596f4f30570c8/element/0D788195117A8524D8AE76CA4D8C1502_element_151/text - {}
COMMAND: GET /session/588095b0ca0e66522e1596f4f30570c8/element/0D788195117A8524D8AE76CA4D8C1502_element_150/text - {}
RESULT: {}
RESULT: {}
RESULT: {}
RESULT: {}
COMMAND: POST /session/588095b0ca0e66522e1596f4f30570c8/element/0D788195117A8524D8AE76CA4D8C1502_element_145/elements - {"using":"css selector","value":"th,td"}
RESULT: {"using":"css selector","value":"th,td"}
COMMAND: GET /session/588095b0ca0e66522e1596f4f30570c8/element/0D788195117A8524D8AE76CA4D8C1502_element_152/text - {}
RESULT: {}
COMMAND: GET /session/588095b0ca0e66522e1596f4f30570c8/element/0D788195117A8524D8AE76CA4D8C1502_element_153/text - {}
RESULT: {}
COMMAND: GET /session/588095b0ca0e66522e1596f4f30570c8/element/0D788195117A8524D8AE76CA4D8C1502_element_154/text - {}
RESULT: {}
COMMAND: GET /session/588095b0ca0e66522e1596f4f30570c8/element/0D788195117A8524D8AE76CA4D8C1502_element_155/text - {}
RESULT: {}
COMMAND: POST /session/588095b0ca0e66522e1596f4f30570c8/element/0D788195117A8524D8AE76CA4D8C1502_element_146/elements - {"using":"css selector","value":"th,td"}
RESULT: {"using":"css selector","value":"th,td"}
COMMAND: GET /session/588095b0ca0e66522e1596f4f30570c8/element/0D788195117A8524D8AE76CA4D8C1502_element_156/text - {}
RESULT: {}
COMMAND: GET /session/588095b0ca0e66522e1596f4f30570c8/element/0D788195117A8524D8AE76CA4D8C1502_element_157/text - {}
RESULT: {}
COMMAND: GET /session/588095b0ca0e66522e1596f4f30570c8/element/0D788195117A8524D8AE76CA4D8C1502_element_158/text - {}
RESULT: {}
COMMAND: GET /session/588095b0ca0e66522e1596f4f30570c8/element/0D788195117A8524D8AE76CA4D8C1502_element_159/text - {}
RESULT: {}
]]></system-out>
    </testcase>
    <testcase classname="chrome-headless-shell.121_0_6167_160.linux.Invoice_Page_Test.Vendor:_Vendor_Three,Invoice:2023-03" name="should validate measured events table data" time="0.734">
      <system-out><![CDATA[
COMMAND: POST /session/588095b0ca0e66522e1596f4f30570c8/url - {"url":"https://pr-528.btm.dev.account.gov.uk/contracts/3/invoices/2023-03"}
RESULT: {"url":"https://pr-528.btm.dev.account.gov.uk/contracts/3/invoices/2023-03"}
COMMAND: POST /session/588095b0ca0e66522e1596f4f30570c8/execute/sync - {"script":"return (() => document.readyState === \"complete\").apply(null, arguments)","args":[]}
RESULT: {"script":"return (() => document.readyState === \"complete\").apply(null, arguments)","args":[]}
COMMAND: GET /session/588095b0ca0e66522e1596f4f30570c8/url - {}
RESULT: {}
COMMAND: POST /session/588095b0ca0e66522e1596f4f30570c8/element - {"using":"css selector","value":".govuk-heading-xl"}
RESULT: {"using":"css selector","value":".govuk-heading-xl"}
COMMAND: GET /session/588095b0ca0e66522e1596f4f30570c8/element/1E3ABF80FC7693838F94800FCA9A2F22_element_162/displayed - {}
RESULT: {}
COMMAND: POST /session/588095b0ca0e66522e1596f4f30570c8/element - {"using":"css selector","value":".govuk-heading-xl"}
RESULT: {"using":"css selector","value":".govuk-heading-xl"}
COMMAND: GET /session/588095b0ca0e66522e1596f4f30570c8/element/1E3ABF80FC7693838F94800FCA9A2F22_element_162/text - {}
RESULT: {}
COMMAND: POST /session/588095b0ca0e66522e1596f4f30570c8/element - {"using":"xpath","value":".//caption[contains(., \"Measured (events)\") and not(.//caption)]"}
RESULT: {"using":"xpath","value":".//caption[contains(., \"Measured (events)\") and not(.//caption)]"}
COMMAND: POST /session/588095b0ca0e66522e1596f4f30570c8/execute/sync - {"script":"return (function (elem, id) {\n        return (function parentElement() {\n        return this.parentElement;\n    }).call(elem, id);\n    }).apply(null, arguments)","args":[{"element-6066-11e4-a52e-4f735466cecf":"1E3ABF80FC7693838F94800FCA9A2F22_element_165","ELEMENT":"1E3ABF80FC7693838F94800FCA9A2F22_element_165"}]}
RESULT: {"script":"return (function (elem, id) {\n        return (function parentElement() {\n        return this.parentElement;\n    }).call(elem, id);\n    }).apply(null, arguments)","args":[{"element-6066-11e4-a52e-4f735466cecf":"1E3ABF80FC7693838F94800FCA9A2F22_element_165","ELEMENT":"1E3ABF80FC7693838F94800FCA9A2F22_element_165"}]}
COMMAND: GET /session/588095b0ca0e66522e1596f4f30570c8/element/1E3ABF80FC7693838F94800FCA9A2F22_element_166/displayed - {}
RESULT: {}
COMMAND: POST /session/588095b0ca0e66522e1596f4f30570c8/element/1E3ABF80FC7693838F94800FCA9A2F22_element_166/elements - {"using":"css selector","value":"tbody tr"}
RESULT: {"using":"css selector","value":"tbody tr"}
COMMAND: POST /session/588095b0ca0e66522e1596f4f30570c8/element/1E3ABF80FC7693838F94800FCA9A2F22_element_166/element - {"using":"css selector","value":"thead tr"}
RESULT: {"using":"css selector","value":"thead tr"}
COMMAND: POST /session/588095b0ca0e66522e1596f4f30570c8/element/1E3ABF80FC7693838F94800FCA9A2F22_element_169/elements - {"using":"css selector","value":"th"}
RESULT: {"using":"css selector","value":"th"}
COMMAND: GET /session/588095b0ca0e66522e1596f4f30570c8/element/1E3ABF80FC7693838F94800FCA9A2F22_element_170/text - {}
COMMAND: GET /session/588095b0ca0e66522e1596f4f30570c8/element/1E3ABF80FC7693838F94800FCA9A2F22_element_171/text - {}
RESULT: {}
RESULT: {}
COMMAND: POST /session/588095b0ca0e66522e1596f4f30570c8/element/1E3ABF80FC7693838F94800FCA9A2F22_element_167/elements - {"using":"css selector","value":"th,td"}
RESULT: {"using":"css selector","value":"th,td"}
COMMAND: GET /session/588095b0ca0e66522e1596f4f30570c8/element/1E3ABF80FC7693838F94800FCA9A2F22_element_172/text - {}
RESULT: {}
COMMAND: GET /session/588095b0ca0e66522e1596f4f30570c8/element/1E3ABF80FC7693838F94800FCA9A2F22_element_173/text - {}
RESULT: {}
COMMAND: POST /session/588095b0ca0e66522e1596f4f30570c8/element/1E3ABF80FC7693838F94800FCA9A2F22_element_168/elements - {"using":"css selector","value":"th,td"}
RESULT: {"using":"css selector","value":"th,td"}
COMMAND: GET /session/588095b0ca0e66522e1596f4f30570c8/element/1E3ABF80FC7693838F94800FCA9A2F22_element_174/text - {}
RESULT: {}
COMMAND: GET /session/588095b0ca0e66522e1596f4f30570c8/element/1E3ABF80FC7693838F94800FCA9A2F22_element_175/text - {}
RESULT: {}
]]></system-out>
    </testcase>
    <testcase classname="chrome-headless-shell.121_0_6167_160.linux.Invoice_Page_Test.Vendor:_Vendor_Three,Invoice:2023-03" name="should validate invoice table data" time="0.704">
      <system-out><![CDATA[
COMMAND: POST /session/588095b0ca0e66522e1596f4f30570c8/url - {"url":"https://pr-528.btm.dev.account.gov.uk/contracts/3/invoices/2023-03"}
RESULT: {"url":"https://pr-528.btm.dev.account.gov.uk/contracts/3/invoices/2023-03"}
COMMAND: POST /session/588095b0ca0e66522e1596f4f30570c8/execute/sync - {"script":"return (() => document.readyState === \"complete\").apply(null, arguments)","args":[]}
RESULT: {"script":"return (() => document.readyState === \"complete\").apply(null, arguments)","args":[]}
COMMAND: GET /session/588095b0ca0e66522e1596f4f30570c8/url - {}
RESULT: {}
COMMAND: POST /session/588095b0ca0e66522e1596f4f30570c8/element - {"using":"css selector","value":".govuk-heading-xl"}
RESULT: {"using":"css selector","value":".govuk-heading-xl"}
COMMAND: GET /session/588095b0ca0e66522e1596f4f30570c8/element/4A206CCAE90D3D75377C2CABE05D24E1_element_178/displayed - {}
RESULT: {}
COMMAND: POST /session/588095b0ca0e66522e1596f4f30570c8/element - {"using":"css selector","value":".govuk-heading-xl"}
RESULT: {"using":"css selector","value":".govuk-heading-xl"}
COMMAND: GET /session/588095b0ca0e66522e1596f4f30570c8/element/4A206CCAE90D3D75377C2CABE05D24E1_element_178/text - {}
RESULT: {}
COMMAND: POST /session/588095b0ca0e66522e1596f4f30570c8/element - {"using":"xpath","value":".//caption[contains(., \"Invoice\") and not(.//caption)]"}
RESULT: {"using":"xpath","value":".//caption[contains(., \"Invoice\") and not(.//caption)]"}
COMMAND: POST /session/588095b0ca0e66522e1596f4f30570c8/execute/sync - {"script":"return (function (elem, id) {\n        return (function parentElement() {\n        return this.parentElement;\n    }).call(elem, id);\n    }).apply(null, arguments)","args":[{"element-6066-11e4-a52e-4f735466cecf":"4A206CCAE90D3D75377C2CABE05D24E1_element_179","ELEMENT":"4A206CCAE90D3D75377C2CABE05D24E1_element_179"}]}
RESULT: {"script":"return (function (elem, id) {\n        return (function parentElement() {\n        return this.parentElement;\n    }).call(elem, id);\n    }).apply(null, arguments)","args":[{"element-6066-11e4-a52e-4f735466cecf":"4A206CCAE90D3D75377C2CABE05D24E1_element_179","ELEMENT":"4A206CCAE90D3D75377C2CABE05D24E1_element_179"}]}
COMMAND: GET /session/588095b0ca0e66522e1596f4f30570c8/element/4A206CCAE90D3D75377C2CABE05D24E1_element_180/displayed - {}
RESULT: {}
COMMAND: POST /session/588095b0ca0e66522e1596f4f30570c8/element/4A206CCAE90D3D75377C2CABE05D24E1_element_180/elements - {"using":"css selector","value":"tbody tr"}
RESULT: {"using":"css selector","value":"tbody tr"}
COMMAND: POST /session/588095b0ca0e66522e1596f4f30570c8/element/4A206CCAE90D3D75377C2CABE05D24E1_element_180/element - {"using":"css selector","value":"thead tr"}
RESULT: {"using":"css selector","value":"thead tr"}
COMMAND: POST /session/588095b0ca0e66522e1596f4f30570c8/element/4A206CCAE90D3D75377C2CABE05D24E1_element_184/elements - {"using":"css selector","value":"th"}
RESULT: {"using":"css selector","value":"th"}
COMMAND: GET /session/588095b0ca0e66522e1596f4f30570c8/element/4A206CCAE90D3D75377C2CABE05D24E1_element_185/text - {}
COMMAND: GET /session/588095b0ca0e66522e1596f4f30570c8/element/4A206CCAE90D3D75377C2CABE05D24E1_element_186/text - {}
COMMAND: GET /session/588095b0ca0e66522e1596f4f30570c8/element/4A206CCAE90D3D75377C2CABE05D24E1_element_188/text - {}
COMMAND: GET /session/588095b0ca0e66522e1596f4f30570c8/element/4A206CCAE90D3D75377C2CABE05D24E1_element_187/text - {}
COMMAND: GET /session/588095b0ca0e66522e1596f4f30570c8/element/4A206CCAE90D3D75377C2CABE05D24E1_element_189/text - {}
RESULT: {}
RESULT: {}
RESULT: {}
RESULT: {}
RESULT: {}
COMMAND: POST /session/588095b0ca0e66522e1596f4f30570c8/element/4A206CCAE90D3D75377C2CABE05D24E1_element_181/elements - {"using":"css selector","value":"th,td"}
RESULT: {"using":"css selector","value":"th,td"}
COMMAND: GET /session/588095b0ca0e66522e1596f4f30570c8/element/4A206CCAE90D3D75377C2CABE05D24E1_element_190/text - {}
RESULT: {}
COMMAND: GET /session/588095b0ca0e66522e1596f4f30570c8/element/4A206CCAE90D3D75377C2CABE05D24E1_element_191/text - {}
RESULT: {}
COMMAND: GET /session/588095b0ca0e66522e1596f4f30570c8/element/4A206CCAE90D3D75377C2CABE05D24E1_element_192/text - {}
RESULT: {}
COMMAND: GET /session/588095b0ca0e66522e1596f4f30570c8/element/4A206CCAE90D3D75377C2CABE05D24E1_element_193/text - {}
RESULT: {}
COMMAND: GET /session/588095b0ca0e66522e1596f4f30570c8/element/4A206CCAE90D3D75377C2CABE05D24E1_element_194/text - {}
RESULT: {}
COMMAND: POST /session/588095b0ca0e66522e1596f4f30570c8/element/4A206CCAE90D3D75377C2CABE05D24E1_element_182/elements - {"using":"css selector","value":"th,td"}
RESULT: {"using":"css selector","value":"th,td"}
COMMAND: GET /session/588095b0ca0e66522e1596f4f30570c8/element/4A206CCAE90D3D75377C2CABE05D24E1_element_195/text - {}
RESULT: {}
COMMAND: GET /session/588095b0ca0e66522e1596f4f30570c8/element/4A206CCAE90D3D75377C2CABE05D24E1_element_196/text - {}
RESULT: {}
COMMAND: GET /session/588095b0ca0e66522e1596f4f30570c8/element/4A206CCAE90D3D75377C2CABE05D24E1_element_197/text - {}
RESULT: {}
COMMAND: GET /session/588095b0ca0e66522e1596f4f30570c8/element/4A206CCAE90D3D75377C2CABE05D24E1_element_198/text - {}
RESULT: {}
COMMAND: GET /session/588095b0ca0e66522e1596f4f30570c8/element/4A206CCAE90D3D75377C2CABE05D24E1_element_199/text - {}
RESULT: {}
COMMAND: POST /session/588095b0ca0e66522e1596f4f30570c8/element/4A206CCAE90D3D75377C2CABE05D24E1_element_183/elements - {"using":"css selector","value":"th,td"}
RESULT: {"using":"css selector","value":"th,td"}
COMMAND: GET /session/588095b0ca0e66522e1596f4f30570c8/element/4A206CCAE90D3D75377C2CABE05D24E1_element_200/text - {}
RESULT: {}
COMMAND: GET /session/588095b0ca0e66522e1596f4f30570c8/element/4A206CCAE90D3D75377C2CABE05D24E1_element_201/text - {}
RESULT: {}
COMMAND: GET /session/588095b0ca0e66522e1596f4f30570c8/element/4A206CCAE90D3D75377C2CABE05D24E1_element_202/text - {}
RESULT: {}
COMMAND: GET /session/588095b0ca0e66522e1596f4f30570c8/element/4A206CCAE90D3D75377C2CABE05D24E1_element_203/text - {}
RESULT: {}
COMMAND: GET /session/588095b0ca0e66522e1596f4f30570c8/element/4A206CCAE90D3D75377C2CABE05D24E1_element_204/text - {}
RESULT: {}
]]></system-out>
    </testcase>
  </testsuite>
  <testsuite name="Vendor Vendor Three Invoice 2005 08" timestamp="2024-02-19T15:31:00" time="3.926" tests="6" failures="0" errors="0" skipped="0">
    <properties>
      <property name="specId" value="0"/>
      <property name="suiteName" value="Vendor: Vendor Three,Invoice:2005-08"/>
      <property name="capabilities" value="chrome-headless-shell.121_0_6167_160.linux"/>
      <property name="file" value="file://./ui-tests/specs/invoice.spec.ts"/>
    </properties>
    <testcase classname="chrome-headless-shell.121_0_6167_160.linux.Invoice_Page_Test.Vendor:_Vendor_Three,Invoice:2005-08" name="should display correct status banner color and message" time="0.729">
      <system-out><![CDATA[
COMMAND: POST /session/588095b0ca0e66522e1596f4f30570c8/url - {"url":"https://pr-528.btm.dev.account.gov.uk/contracts/3/invoices/2005-08"}
RESULT: {"url":"https://pr-528.btm.dev.account.gov.uk/contracts/3/invoices/2005-08"}
COMMAND: POST /session/588095b0ca0e66522e1596f4f30570c8/execute/sync - {"script":"return (() => document.readyState === \"complete\").apply(null, arguments)","args":[]}
RESULT: {"script":"return (() => document.readyState === \"complete\").apply(null, arguments)","args":[]}
COMMAND: GET /session/588095b0ca0e66522e1596f4f30570c8/url - {}
RESULT: {}
COMMAND: POST /session/588095b0ca0e66522e1596f4f30570c8/element - {"using":"css selector","value":".govuk-heading-xl"}
RESULT: {"using":"css selector","value":".govuk-heading-xl"}
COMMAND: GET /session/588095b0ca0e66522e1596f4f30570c8/element/B4C2A100DAA7B539A1EEFD93005C3146_element_209/displayed - {}
RESULT: {}
COMMAND: POST /session/588095b0ca0e66522e1596f4f30570c8/element - {"using":"css selector","value":".govuk-heading-xl"}
RESULT: {"using":"css selector","value":".govuk-heading-xl"}
COMMAND: GET /session/588095b0ca0e66522e1596f4f30570c8/element/B4C2A100DAA7B539A1EEFD93005C3146_element_209/text - {}
RESULT: {}
COMMAND: POST /session/588095b0ca0e66522e1596f4f30570c8/element - {"using":"css selector","value":"h2.govuk-panel__title"}
RESULT: {"using":"css selector","value":"h2.govuk-panel__title"}
COMMAND: GET /session/588095b0ca0e66522e1596f4f30570c8/element/B4C2A100DAA7B539A1EEFD93005C3146_element_210/displayed - {}
RESULT: {}
COMMAND: POST /session/588095b0ca0e66522e1596f4f30570c8/element - {"using":"css selector","value":"h2.govuk-panel__title"}
RESULT: {"using":"css selector","value":"h2.govuk-panel__title"}
COMMAND: GET /session/588095b0ca0e66522e1596f4f30570c8/element/B4C2A100DAA7B539A1EEFD93005C3146_element_210/text - {}
RESULT: {}
COMMAND: POST /session/588095b0ca0e66522e1596f4f30570c8/element - {"using":"css selector","value":".govuk-panel"}
RESULT: {"using":"css selector","value":".govuk-panel"}
COMMAND: GET /session/588095b0ca0e66522e1596f4f30570c8/element/B4C2A100DAA7B539A1EEFD93005C3146_element_207/displayed - {}
RESULT: {}
COMMAND: GET /session/588095b0ca0e66522e1596f4f30570c8/element/B4C2A100DAA7B539A1EEFD93005C3146_element_207/css/background-color - {}
RESULT: {}
]]></system-out>
    </testcase>
    <testcase classname="chrome-headless-shell.121_0_6167_160.linux.Invoice_Page_Test.Vendor:_Vendor_Three,Invoice:2005-08" name="should validate reconciliation table data" time="0.729">
      <system-out><![CDATA[
COMMAND: POST /session/588095b0ca0e66522e1596f4f30570c8/url - {"url":"https://pr-528.btm.dev.account.gov.uk/contracts/3/invoices/2005-08"}
RESULT: {"url":"https://pr-528.btm.dev.account.gov.uk/contracts/3/invoices/2005-08"}
COMMAND: POST /session/588095b0ca0e66522e1596f4f30570c8/execute/sync - {"script":"return (() => document.readyState === \"complete\").apply(null, arguments)","args":[]}
RESULT: {"script":"return (() => document.readyState === \"complete\").apply(null, arguments)","args":[]}
COMMAND: GET /session/588095b0ca0e66522e1596f4f30570c8/url - {}
RESULT: {}
COMMAND: POST /session/588095b0ca0e66522e1596f4f30570c8/element - {"using":"css selector","value":".govuk-heading-xl"}
RESULT: {"using":"css selector","value":".govuk-heading-xl"}
COMMAND: GET /session/588095b0ca0e66522e1596f4f30570c8/element/46631DA72CDA1CC690C6830F3BA10546_element_213/displayed - {}
RESULT: {}
COMMAND: POST /session/588095b0ca0e66522e1596f4f30570c8/element - {"using":"css selector","value":".govuk-heading-xl"}
RESULT: {"using":"css selector","value":".govuk-heading-xl"}
COMMAND: GET /session/588095b0ca0e66522e1596f4f30570c8/element/46631DA72CDA1CC690C6830F3BA10546_element_213/text - {}
RESULT: {}
COMMAND: POST /session/588095b0ca0e66522e1596f4f30570c8/element - {"using":"xpath","value":".//caption[contains(., \"Reconciliation\") and not(.//caption)]"}
RESULT: {"using":"xpath","value":".//caption[contains(., \"Reconciliation\") and not(.//caption)]"}
COMMAND: POST /session/588095b0ca0e66522e1596f4f30570c8/execute/sync - {"script":"return (function (elem, id) {\n        return (function parentElement() {\n        return this.parentElement;\n    }).call(elem, id);\n    }).apply(null, arguments)","args":[{"element-6066-11e4-a52e-4f735466cecf":"46631DA72CDA1CC690C6830F3BA10546_element_214","ELEMENT":"46631DA72CDA1CC690C6830F3BA10546_element_214"}]}
RESULT: {"script":"return (function (elem, id) {\n        return (function parentElement() {\n        return this.parentElement;\n    }).call(elem, id);\n    }).apply(null, arguments)","args":[{"element-6066-11e4-a52e-4f735466cecf":"46631DA72CDA1CC690C6830F3BA10546_element_214","ELEMENT":"46631DA72CDA1CC690C6830F3BA10546_element_214"}]}
COMMAND: GET /session/588095b0ca0e66522e1596f4f30570c8/element/46631DA72CDA1CC690C6830F3BA10546_element_215/displayed - {}
RESULT: {}
COMMAND: POST /session/588095b0ca0e66522e1596f4f30570c8/element/46631DA72CDA1CC690C6830F3BA10546_element_215/elements - {"using":"css selector","value":"tbody tr"}
RESULT: {"using":"css selector","value":"tbody tr"}
COMMAND: POST /session/588095b0ca0e66522e1596f4f30570c8/element/46631DA72CDA1CC690C6830F3BA10546_element_215/element - {"using":"css selector","value":"thead tr"}
RESULT: {"using":"css selector","value":"thead tr"}
COMMAND: POST /session/588095b0ca0e66522e1596f4f30570c8/element/46631DA72CDA1CC690C6830F3BA10546_element_217/elements - {"using":"css selector","value":"th"}
RESULT: {"using":"css selector","value":"th"}
COMMAND: GET /session/588095b0ca0e66522e1596f4f30570c8/element/46631DA72CDA1CC690C6830F3BA10546_element_218/text - {}
COMMAND: GET /session/588095b0ca0e66522e1596f4f30570c8/element/46631DA72CDA1CC690C6830F3BA10546_element_219/text - {}
COMMAND: GET /session/588095b0ca0e66522e1596f4f30570c8/element/46631DA72CDA1CC690C6830F3BA10546_element_221/text - {}
COMMAND: GET /session/588095b0ca0e66522e1596f4f30570c8/element/46631DA72CDA1CC690C6830F3BA10546_element_220/text - {}
COMMAND: GET /session/588095b0ca0e66522e1596f4f30570c8/element/46631DA72CDA1CC690C6830F3BA10546_element_222/text - {}
RESULT: {}
RESULT: {}
RESULT: {}
RESULT: {}
RESULT: {}
COMMAND: POST /session/588095b0ca0e66522e1596f4f30570c8/element/46631DA72CDA1CC690C6830F3BA10546_element_216/elements - {"using":"css selector","value":"th,td"}
RESULT: {"using":"css selector","value":"th,td"}
COMMAND: GET /session/588095b0ca0e66522e1596f4f30570c8/element/46631DA72CDA1CC690C6830F3BA10546_element_223/text - {}
RESULT: {}
COMMAND: GET /session/588095b0ca0e66522e1596f4f30570c8/element/46631DA72CDA1CC690C6830F3BA10546_element_224/text - {}
RESULT: {}
COMMAND: GET /session/588095b0ca0e66522e1596f4f30570c8/element/46631DA72CDA1CC690C6830F3BA10546_element_225/text - {}
RESULT: {}
COMMAND: GET /session/588095b0ca0e66522e1596f4f30570c8/element/46631DA72CDA1CC690C6830F3BA10546_element_226/text - {}
RESULT: {}
COMMAND: GET /session/588095b0ca0e66522e1596f4f30570c8/element/46631DA72CDA1CC690C6830F3BA10546_element_227/text - {}
RESULT: {}
]]></system-out>
    </testcase>
    <testcase classname="chrome-headless-shell.121_0_6167_160.linux.Invoice_Page_Test.Vendor:_Vendor_Three,Invoice:2005-08" name="should validate quantity events table data" time="0.56">
      <system-out><![CDATA[
COMMAND: POST /session/588095b0ca0e66522e1596f4f30570c8/url - {"url":"https://pr-528.btm.dev.account.gov.uk/contracts/3/invoices/2005-08"}
RESULT: {"url":"https://pr-528.btm.dev.account.gov.uk/contracts/3/invoices/2005-08"}
COMMAND: POST /session/588095b0ca0e66522e1596f4f30570c8/execute/sync - {"script":"return (() => document.readyState === \"complete\").apply(null, arguments)","args":[]}
RESULT: {"script":"return (() => document.readyState === \"complete\").apply(null, arguments)","args":[]}
COMMAND: GET /session/588095b0ca0e66522e1596f4f30570c8/url - {}
RESULT: {}
COMMAND: POST /session/588095b0ca0e66522e1596f4f30570c8/element - {"using":"css selector","value":".govuk-heading-xl"}
RESULT: {"using":"css selector","value":".govuk-heading-xl"}
COMMAND: GET /session/588095b0ca0e66522e1596f4f30570c8/element/7E42282A66ED8E46D2894C61B868E54F_element_230/displayed - {}
RESULT: {}
COMMAND: POST /session/588095b0ca0e66522e1596f4f30570c8/element - {"using":"css selector","value":".govuk-heading-xl"}
RESULT: {"using":"css selector","value":".govuk-heading-xl"}
COMMAND: GET /session/588095b0ca0e66522e1596f4f30570c8/element/7E42282A66ED8E46D2894C61B868E54F_element_230/text - {}
RESULT: {}
COMMAND: POST /session/588095b0ca0e66522e1596f4f30570c8/element - {"using":"xpath","value":".//caption[contains(., \"Quantity (events)\") and not(.//caption)]"}
RESULT: {"using":"xpath","value":".//caption[contains(., \"Quantity (events)\") and not(.//caption)]"}
COMMAND: POST /session/588095b0ca0e66522e1596f4f30570c8/execute/sync - {"script":"return (function (elem, id) {\n        return (function parentElement() {\n        return this.parentElement;\n    }).call(elem, id);\n    }).apply(null, arguments)","args":[{"element-6066-11e4-a52e-4f735466cecf":"7E42282A66ED8E46D2894C61B868E54F_element_231","ELEMENT":"7E42282A66ED8E46D2894C61B868E54F_element_231"}]}
RESULT: {"script":"return (function (elem, id) {\n        return (function parentElement() {\n        return this.parentElement;\n    }).call(elem, id);\n    }).apply(null, arguments)","args":[{"element-6066-11e4-a52e-4f735466cecf":"7E42282A66ED8E46D2894C61B868E54F_element_231","ELEMENT":"7E42282A66ED8E46D2894C61B868E54F_element_231"}]}
COMMAND: GET /session/588095b0ca0e66522e1596f4f30570c8/element/7E42282A66ED8E46D2894C61B868E54F_element_232/displayed - {}
RESULT: {}
COMMAND: POST /session/588095b0ca0e66522e1596f4f30570c8/element/7E42282A66ED8E46D2894C61B868E54F_element_232/elements - {"using":"css selector","value":"tbody tr"}
RESULT: {"using":"css selector","value":"tbody tr"}
COMMAND: POST /session/588095b0ca0e66522e1596f4f30570c8/element/7E42282A66ED8E46D2894C61B868E54F_element_232/element - {"using":"css selector","value":"thead tr"}
RESULT: {"using":"css selector","value":"thead tr"}
COMMAND: POST /session/588095b0ca0e66522e1596f4f30570c8/element/7E42282A66ED8E46D2894C61B868E54F_element_234/elements - {"using":"css selector","value":"th"}
RESULT: {"using":"css selector","value":"th"}
COMMAND: GET /session/588095b0ca0e66522e1596f4f30570c8/element/7E42282A66ED8E46D2894C61B868E54F_element_235/text - {}
COMMAND: GET /session/588095b0ca0e66522e1596f4f30570c8/element/7E42282A66ED8E46D2894C61B868E54F_element_236/text - {}
COMMAND: GET /session/588095b0ca0e66522e1596f4f30570c8/element/7E42282A66ED8E46D2894C61B868E54F_element_238/text - {}
COMMAND: GET /session/588095b0ca0e66522e1596f4f30570c8/element/7E42282A66ED8E46D2894C61B868E54F_element_237/text - {}
RESULT: {}
RESULT: {}
RESULT: {}
RESULT: {}
COMMAND: POST /session/588095b0ca0e66522e1596f4f30570c8/element/7E42282A66ED8E46D2894C61B868E54F_element_233/elements - {"using":"css selector","value":"th,td"}
RESULT: {"using":"css selector","value":"th,td"}
COMMAND: GET /session/588095b0ca0e66522e1596f4f30570c8/element/7E42282A66ED8E46D2894C61B868E54F_element_239/text - {}
RESULT: {}
COMMAND: GET /session/588095b0ca0e66522e1596f4f30570c8/element/7E42282A66ED8E46D2894C61B868E54F_element_240/text - {}
RESULT: {}
COMMAND: GET /session/588095b0ca0e66522e1596f4f30570c8/element/7E42282A66ED8E46D2894C61B868E54F_element_241/text - {}
RESULT: {}
COMMAND: GET /session/588095b0ca0e66522e1596f4f30570c8/element/7E42282A66ED8E46D2894C61B868E54F_element_242/text - {}
RESULT: {}
]]></system-out>
    </testcase>
    <testcase classname="chrome-headless-shell.121_0_6167_160.linux.Invoice_Page_Test.Vendor:_Vendor_Three,Invoice:2005-08" name="should validate price table data" time="0.752">
      <system-out><![CDATA[
COMMAND: POST /session/588095b0ca0e66522e1596f4f30570c8/url - {"url":"https://pr-528.btm.dev.account.gov.uk/contracts/3/invoices/2005-08"}
RESULT: {"url":"https://pr-528.btm.dev.account.gov.uk/contracts/3/invoices/2005-08"}
COMMAND: POST /session/588095b0ca0e66522e1596f4f30570c8/execute/sync - {"script":"return (() => document.readyState === \"complete\").apply(null, arguments)","args":[]}
RESULT: {"script":"return (() => document.readyState === \"complete\").apply(null, arguments)","args":[]}
COMMAND: GET /session/588095b0ca0e66522e1596f4f30570c8/url - {}
RESULT: {}
COMMAND: POST /session/588095b0ca0e66522e1596f4f30570c8/element - {"using":"css selector","value":".govuk-heading-xl"}
RESULT: {"using":"css selector","value":".govuk-heading-xl"}
COMMAND: GET /session/588095b0ca0e66522e1596f4f30570c8/element/95DAC121E9C99189BFDD686C052527AE_element_245/displayed - {}
RESULT: {}
COMMAND: POST /session/588095b0ca0e66522e1596f4f30570c8/element - {"using":"css selector","value":".govuk-heading-xl"}
RESULT: {"using":"css selector","value":".govuk-heading-xl"}
COMMAND: GET /session/588095b0ca0e66522e1596f4f30570c8/element/95DAC121E9C99189BFDD686C052527AE_element_245/text - {}
RESULT: {}
COMMAND: POST /session/588095b0ca0e66522e1596f4f30570c8/element - {"using":"xpath","value":".//caption[contains(., \"Price\") and not(.//caption)]"}
RESULT: {"using":"xpath","value":".//caption[contains(., \"Price\") and not(.//caption)]"}
COMMAND: POST /session/588095b0ca0e66522e1596f4f30570c8/execute/sync - {"script":"return (function (elem, id) {\n        return (function parentElement() {\n        return this.parentElement;\n    }).call(elem, id);\n    }).apply(null, arguments)","args":[{"element-6066-11e4-a52e-4f735466cecf":"95DAC121E9C99189BFDD686C052527AE_element_248","ELEMENT":"95DAC121E9C99189BFDD686C052527AE_element_248"}]}
RESULT: {"script":"return (function (elem, id) {\n        return (function parentElement() {\n        return this.parentElement;\n    }).call(elem, id);\n    }).apply(null, arguments)","args":[{"element-6066-11e4-a52e-4f735466cecf":"95DAC121E9C99189BFDD686C052527AE_element_248","ELEMENT":"95DAC121E9C99189BFDD686C052527AE_element_248"}]}
COMMAND: GET /session/588095b0ca0e66522e1596f4f30570c8/element/95DAC121E9C99189BFDD686C052527AE_element_249/displayed - {}
RESULT: {}
COMMAND: POST /session/588095b0ca0e66522e1596f4f30570c8/element/95DAC121E9C99189BFDD686C052527AE_element_249/elements - {"using":"css selector","value":"tbody tr"}
RESULT: {"using":"css selector","value":"tbody tr"}
COMMAND: POST /session/588095b0ca0e66522e1596f4f30570c8/element/95DAC121E9C99189BFDD686C052527AE_element_249/element - {"using":"css selector","value":"thead tr"}
RESULT: {"using":"css selector","value":"thead tr"}
COMMAND: POST /session/588095b0ca0e66522e1596f4f30570c8/element/95DAC121E9C99189BFDD686C052527AE_element_251/elements - {"using":"css selector","value":"th"}
RESULT: {"using":"css selector","value":"th"}
COMMAND: GET /session/588095b0ca0e66522e1596f4f30570c8/element/95DAC121E9C99189BFDD686C052527AE_element_252/text - {}
COMMAND: GET /session/588095b0ca0e66522e1596f4f30570c8/element/95DAC121E9C99189BFDD686C052527AE_element_253/text - {}
COMMAND: GET /session/588095b0ca0e66522e1596f4f30570c8/element/95DAC121E9C99189BFDD686C052527AE_element_255/text - {}
COMMAND: GET /session/588095b0ca0e66522e1596f4f30570c8/element/95DAC121E9C99189BFDD686C052527AE_element_254/text - {}
RESULT: {}
RESULT: {}
RESULT: {}
RESULT: {}
COMMAND: POST /session/588095b0ca0e66522e1596f4f30570c8/element/95DAC121E9C99189BFDD686C052527AE_element_250/elements - {"using":"css selector","value":"th,td"}
RESULT: {"using":"css selector","value":"th,td"}
COMMAND: GET /session/588095b0ca0e66522e1596f4f30570c8/element/95DAC121E9C99189BFDD686C052527AE_element_256/text - {}
RESULT: {}
COMMAND: GET /session/588095b0ca0e66522e1596f4f30570c8/element/95DAC121E9C99189BFDD686C052527AE_element_257/text - {}
RESULT: {}
COMMAND: GET /session/588095b0ca0e66522e1596f4f30570c8/element/95DAC121E9C99189BFDD686C052527AE_element_258/text - {}
RESULT: {}
COMMAND: GET /session/588095b0ca0e66522e1596f4f30570c8/element/95DAC121E9C99189BFDD686C052527AE_element_259/text - {}
RESULT: {}
]]></system-out>
    </testcase>
    <testcase classname="chrome-headless-shell.121_0_6167_160.linux.Invoice_Page_Test.Vendor:_Vendor_Three,Invoice:2005-08" name="should validate measured events table data" time="0.529">
      <system-out><![CDATA[
COMMAND: POST /session/588095b0ca0e66522e1596f4f30570c8/url - {"url":"https://pr-528.btm.dev.account.gov.uk/contracts/3/invoices/2005-08"}
RESULT: {"url":"https://pr-528.btm.dev.account.gov.uk/contracts/3/invoices/2005-08"}
COMMAND: POST /session/588095b0ca0e66522e1596f4f30570c8/execute/sync - {"script":"return (() => document.readyState === \"complete\").apply(null, arguments)","args":[]}
RESULT: {"script":"return (() => document.readyState === \"complete\").apply(null, arguments)","args":[]}
COMMAND: GET /session/588095b0ca0e66522e1596f4f30570c8/url - {}
RESULT: {}
COMMAND: POST /session/588095b0ca0e66522e1596f4f30570c8/element - {"using":"css selector","value":".govuk-heading-xl"}
RESULT: {"using":"css selector","value":".govuk-heading-xl"}
COMMAND: GET /session/588095b0ca0e66522e1596f4f30570c8/element/36EC1C097BB13F28A656B9049296952B_element_262/displayed - {}
RESULT: {}
COMMAND: POST /session/588095b0ca0e66522e1596f4f30570c8/element - {"using":"css selector","value":".govuk-heading-xl"}
RESULT: {"using":"css selector","value":".govuk-heading-xl"}
COMMAND: GET /session/588095b0ca0e66522e1596f4f30570c8/element/36EC1C097BB13F28A656B9049296952B_element_262/text - {}
RESULT: {}
COMMAND: POST /session/588095b0ca0e66522e1596f4f30570c8/element - {"using":"xpath","value":".//caption[contains(., \"Measured (events)\") and not(.//caption)]"}
RESULT: {"using":"xpath","value":".//caption[contains(., \"Measured (events)\") and not(.//caption)]"}
COMMAND: POST /session/588095b0ca0e66522e1596f4f30570c8/execute/sync - {"script":"return (function (elem, id) {\n        return (function parentElement() {\n        return this.parentElement;\n    }).call(elem, id);\n    }).apply(null, arguments)","args":[{"element-6066-11e4-a52e-4f735466cecf":"36EC1C097BB13F28A656B9049296952B_element_263","ELEMENT":"36EC1C097BB13F28A656B9049296952B_element_263"}]}
RESULT: {"script":"return (function (elem, id) {\n        return (function parentElement() {\n        return this.parentElement;\n    }).call(elem, id);\n    }).apply(null, arguments)","args":[{"element-6066-11e4-a52e-4f735466cecf":"36EC1C097BB13F28A656B9049296952B_element_263","ELEMENT":"36EC1C097BB13F28A656B9049296952B_element_263"}]}
COMMAND: GET /session/588095b0ca0e66522e1596f4f30570c8/element/36EC1C097BB13F28A656B9049296952B_element_264/displayed - {}
RESULT: {}
COMMAND: POST /session/588095b0ca0e66522e1596f4f30570c8/element/36EC1C097BB13F28A656B9049296952B_element_264/elements - {"using":"css selector","value":"tbody tr"}
RESULT: {"using":"css selector","value":"tbody tr"}
COMMAND: POST /session/588095b0ca0e66522e1596f4f30570c8/element/36EC1C097BB13F28A656B9049296952B_element_264/element - {"using":"css selector","value":"thead tr"}
RESULT: {"using":"css selector","value":"thead tr"}
COMMAND: POST /session/588095b0ca0e66522e1596f4f30570c8/element/36EC1C097BB13F28A656B9049296952B_element_266/elements - {"using":"css selector","value":"th"}
RESULT: {"using":"css selector","value":"th"}
COMMAND: GET /session/588095b0ca0e66522e1596f4f30570c8/element/36EC1C097BB13F28A656B9049296952B_element_267/text - {}
COMMAND: GET /session/588095b0ca0e66522e1596f4f30570c8/element/36EC1C097BB13F28A656B9049296952B_element_268/text - {}
RESULT: {}
RESULT: {}
COMMAND: POST /session/588095b0ca0e66522e1596f4f30570c8/element/36EC1C097BB13F28A656B9049296952B_element_265/elements - {"using":"css selector","value":"th,td"}
RESULT: {"using":"css selector","value":"th,td"}
COMMAND: GET /session/588095b0ca0e66522e1596f4f30570c8/element/36EC1C097BB13F28A656B9049296952B_element_269/text - {}
RESULT: {}
COMMAND: GET /session/588095b0ca0e66522e1596f4f30570c8/element/36EC1C097BB13F28A656B9049296952B_element_270/text - {}
RESULT: {}
]]></system-out>
    </testcase>
    <testcase classname="chrome-headless-shell.121_0_6167_160.linux.Invoice_Page_Test.Vendor:_Vendor_Three,Invoice:2005-08" name="should validate invoice table data" time="0.626">
      <system-out><![CDATA[
COMMAND: POST /session/588095b0ca0e66522e1596f4f30570c8/url - {"url":"https://pr-528.btm.dev.account.gov.uk/contracts/3/invoices/2005-08"}
RESULT: {"url":"https://pr-528.btm.dev.account.gov.uk/contracts/3/invoices/2005-08"}
COMMAND: POST /session/588095b0ca0e66522e1596f4f30570c8/execute/sync - {"script":"return (() => document.readyState === \"complete\").apply(null, arguments)","args":[]}
RESULT: {"script":"return (() => document.readyState === \"complete\").apply(null, arguments)","args":[]}
COMMAND: GET /session/588095b0ca0e66522e1596f4f30570c8/url - {}
RESULT: {}
COMMAND: POST /session/588095b0ca0e66522e1596f4f30570c8/element - {"using":"css selector","value":".govuk-heading-xl"}
RESULT: {"using":"css selector","value":".govuk-heading-xl"}
COMMAND: GET /session/588095b0ca0e66522e1596f4f30570c8/element/EFCA344001CA66A7C30B3D737BAC10C1_element_273/displayed - {}
RESULT: {}
COMMAND: POST /session/588095b0ca0e66522e1596f4f30570c8/element - {"using":"css selector","value":".govuk-heading-xl"}
RESULT: {"using":"css selector","value":".govuk-heading-xl"}
COMMAND: GET /session/588095b0ca0e66522e1596f4f30570c8/element/EFCA344001CA66A7C30B3D737BAC10C1_element_273/text - {}
RESULT: {}
COMMAND: POST /session/588095b0ca0e66522e1596f4f30570c8/element - {"using":"xpath","value":".//caption[contains(., \"Invoice\") and not(.//caption)]"}
RESULT: {"using":"xpath","value":".//caption[contains(., \"Invoice\") and not(.//caption)]"}
COMMAND: POST /session/588095b0ca0e66522e1596f4f30570c8/execute/sync - {"script":"return (function (elem, id) {\n        return (function parentElement() {\n        return this.parentElement;\n    }).call(elem, id);\n    }).apply(null, arguments)","args":[{"element-6066-11e4-a52e-4f735466cecf":"EFCA344001CA66A7C30B3D737BAC10C1_element_274","ELEMENT":"EFCA344001CA66A7C30B3D737BAC10C1_element_274"}]}
RESULT: {"script":"return (function (elem, id) {\n        return (function parentElement() {\n        return this.parentElement;\n    }).call(elem, id);\n    }).apply(null, arguments)","args":[{"element-6066-11e4-a52e-4f735466cecf":"EFCA344001CA66A7C30B3D737BAC10C1_element_274","ELEMENT":"EFCA344001CA66A7C30B3D737BAC10C1_element_274"}]}
COMMAND: GET /session/588095b0ca0e66522e1596f4f30570c8/element/EFCA344001CA66A7C30B3D737BAC10C1_element_275/displayed - {}
RESULT: {}
COMMAND: POST /session/588095b0ca0e66522e1596f4f30570c8/element/EFCA344001CA66A7C30B3D737BAC10C1_element_275/elements - {"using":"css selector","value":"tbody tr"}
RESULT: {"using":"css selector","value":"tbody tr"}
COMMAND: POST /session/588095b0ca0e66522e1596f4f30570c8/element/EFCA344001CA66A7C30B3D737BAC10C1_element_275/element - {"using":"css selector","value":"thead tr"}
RESULT: {"using":"css selector","value":"thead tr"}
COMMAND: POST /session/588095b0ca0e66522e1596f4f30570c8/element/EFCA344001CA66A7C30B3D737BAC10C1_element_278/elements - {"using":"css selector","value":"th"}
RESULT: {"using":"css selector","value":"th"}
[...]
COMMAND: GET /session/588095b0ca0e66522e1596f4f30570c8/element/9B39853C3AF26B1F133CFF6A3CFAFE16_element_1667/text - {}
COMMAND: GET /session/588095b0ca0e66522e1596f4f30570c8/element/9B39853C3AF26B1F133CFF6A3CFAFE16_element_1669/text - {}
COMMAND: GET /session/588095b0ca0e66522e1596f4f30570c8/element/9B39853C3AF26B1F133CFF6A3CFAFE16_element_1668/text - {}
COMMAND: GET /session/588095b0ca0e66522e1596f4f30570c8/element/9B39853C3AF26B1F133CFF6A3CFAFE16_element_1670/text - {}
RESULT: {}
RESULT: {}
RESULT: {}
RESULT: {}
RESULT: {}
COMMAND: POST /session/588095b0ca0e66522e1596f4f30570c8/element/9B39853C3AF26B1F133CFF6A3CFAFE16_element_1664/elements - {"using":"css selector","value":"th,td"}
RESULT: {"using":"css selector","value":"th,td"}
COMMAND: GET /session/588095b0ca0e66522e1596f4f30570c8/element/9B39853C3AF26B1F133CFF6A3CFAFE16_element_1671/text - {}
RESULT: {}
COMMAND: GET /session/588095b0ca0e66522e1596f4f30570c8/element/9B39853C3AF26B1F133CFF6A3CFAFE16_element_1672/text - {}
RESULT: {}
COMMAND: GET /session/588095b0ca0e66522e1596f4f30570c8/element/9B39853C3AF26B1F133CFF6A3CFAFE16_element_1673/text - {}
RESULT: {}
COMMAND: GET /session/588095b0ca0e66522e1596f4f30570c8/element/9B39853C3AF26B1F133CFF6A3CFAFE16_element_1674/text - {}
RESULT: {}
COMMAND: GET /session/588095b0ca0e66522e1596f4f30570c8/element/9B39853C3AF26B1F133CFF6A3CFAFE16_element_1675/text - {}
RESULT: {}
]]></system-out>
    </testcase>
    <testcase classname="chrome-headless-shell.121_0_6167_160.linux.Invoice_Page_Test.Vendor:_Vendor_Six,Invoice:2005-Q2" name="should validate quantity events table data" time="0.748">
      <system-out><![CDATA[
COMMAND: POST /session/588095b0ca0e66522e1596f4f30570c8/url - {"url":"https://pr-528.btm.dev.account.gov.uk/contracts/6/invoices/2005-q2"}
RESULT: {"url":"https://pr-528.btm.dev.account.gov.uk/contracts/6/invoices/2005-q2"}
COMMAND: POST /session/588095b0ca0e66522e1596f4f30570c8/execute/sync - {"script":"return (() => document.readyState === \"complete\").apply(null, arguments)","args":[]}
RESULT: {"script":"return (() => document.readyState === \"complete\").apply(null, arguments)","args":[]}
COMMAND: GET /session/588095b0ca0e66522e1596f4f30570c8/url - {}
RESULT: {}
COMMAND: POST /session/588095b0ca0e66522e1596f4f30570c8/element - {"using":"css selector","value":".govuk-heading-xl"}
RESULT: {"using":"css selector","value":".govuk-heading-xl"}
COMMAND: GET /session/588095b0ca0e66522e1596f4f30570c8/element/FE84DA773C7486A5B767B748F362AD62_element_1678/displayed - {}
RESULT: {}
COMMAND: POST /session/588095b0ca0e66522e1596f4f30570c8/element - {"using":"css selector","value":".govuk-heading-xl"}
RESULT: {"using":"css selector","value":".govuk-heading-xl"}
COMMAND: GET /session/588095b0ca0e66522e1596f4f30570c8/element/FE84DA773C7486A5B767B748F362AD62_element_1678/text - {}
RESULT: {}
COMMAND: POST /session/588095b0ca0e66522e1596f4f30570c8/element - {"using":"xpath","value":".//caption[contains(., \"Quantity (events)\") and not(.//caption)]"}
RESULT: {"using":"xpath","value":".//caption[contains(., \"Quantity (events)\") and not(.//caption)]"}
COMMAND: POST /session/588095b0ca0e66522e1596f4f30570c8/execute/sync - {"script":"return (function (elem, id) {\n        return (function parentElement() {\n        return this.parentElement;\n    }).call(elem, id);\n    }).apply(null, arguments)","args":[{"element-6066-11e4-a52e-4f735466cecf":"FE84DA773C7486A5B767B748F362AD62_element_1679","ELEMENT":"FE84DA773C7486A5B767B748F362AD62_element_1679"}]}
RESULT: {"script":"return (function (elem, id) {\n        return (function parentElement() {\n        return this.parentElement;\n    }).call(elem, id);\n    }).apply(null, arguments)","args":[{"element-6066-11e4-a52e-4f735466cecf":"FE84DA773C7486A5B767B748F362AD62_element_1679","ELEMENT":"FE84DA773C7486A5B767B748F362AD62_element_1679"}]}
COMMAND: GET /session/588095b0ca0e66522e1596f4f30570c8/element/FE84DA773C7486A5B767B748F362AD62_element_1680/displayed - {}
RESULT: {}
COMMAND: POST /session/588095b0ca0e66522e1596f4f30570c8/element/FE84DA773C7486A5B767B748F362AD62_element_1680/elements - {"using":"css selector","value":"tbody tr"}
RESULT: {"using":"css selector","value":"tbody tr"}
COMMAND: POST /session/588095b0ca0e66522e1596f4f30570c8/element/FE84DA773C7486A5B767B748F362AD62_element_1680/element - {"using":"css selector","value":"thead tr"}
RESULT: {"using":"css selector","value":"thead tr"}
COMMAND: POST /session/588095b0ca0e66522e1596f4f30570c8/element/FE84DA773C7486A5B767B748F362AD62_element_1682/elements - {"using":"css selector","value":"th"}
RESULT: {"using":"css selector","value":"th"}
COMMAND: GET /session/588095b0ca0e66522e1596f4f30570c8/element/FE84DA773C7486A5B767B748F362AD62_element_1683/text - {}
COMMAND: GET /session/588095b0ca0e66522e1596f4f30570c8/element/FE84DA773C7486A5B767B748F362AD62_element_1684/text - {}
COMMAND: GET /session/588095b0ca0e66522e1596f4f30570c8/element/FE84DA773C7486A5B767B748F362AD62_element_1686/text - {}
COMMAND: GET /session/588095b0ca0e66522e1596f4f30570c8/element/FE84DA773C7486A5B767B748F362AD62_element_1685/text - {}
RESULT: {}
RESULT: {}
RESULT: {}
RESULT: {}
COMMAND: POST /session/588095b0ca0e66522e1596f4f30570c8/element/FE84DA773C7486A5B767B748F362AD62_element_1681/elements - {"using":"css selector","value":"th,td"}
RESULT: {"using":"css selector","value":"th,td"}
COMMAND: GET /session/588095b0ca0e66522e1596f4f30570c8/element/FE84DA773C7486A5B767B748F362AD62_element_1687/text - {}
RESULT: {}
COMMAND: GET /session/588095b0ca0e66522e1596f4f30570c8/element/FE84DA773C7486A5B767B748F362AD62_element_1688/text - {}
RESULT: {}
COMMAND: GET /session/588095b0ca0e66522e1596f4f30570c8/element/FE84DA773C7486A5B767B748F362AD62_element_1689/text - {}
RESULT: {}
COMMAND: GET /session/588095b0ca0e66522e1596f4f30570c8/element/FE84DA773C7486A5B767B748F362AD62_element_1690/text - {}
RESULT: {}
]]></system-out>
    </testcase>
    <testcase classname="chrome-headless-shell.121_0_6167_160.linux.Invoice_Page_Test.Vendor:_Vendor_Six,Invoice:2005-Q2" name="should validate price table data" time="0.559">
      <system-out><![CDATA[
COMMAND: POST /session/588095b0ca0e66522e1596f4f30570c8/url - {"url":"https://pr-528.btm.dev.account.gov.uk/contracts/6/invoices/2005-q2"}
RESULT: {"url":"https://pr-528.btm.dev.account.gov.uk/contracts/6/invoices/2005-q2"}
COMMAND: POST /session/588095b0ca0e66522e1596f4f30570c8/execute/sync - {"script":"return (() => document.readyState === \"complete\").apply(null, arguments)","args":[]}
RESULT: {"script":"return (() => document.readyState === \"complete\").apply(null, arguments)","args":[]}
COMMAND: GET /session/588095b0ca0e66522e1596f4f30570c8/url - {}
RESULT: {}
COMMAND: POST /session/588095b0ca0e66522e1596f4f30570c8/element - {"using":"css selector","value":".govuk-heading-xl"}
RESULT: {"using":"css selector","value":".govuk-heading-xl"}
COMMAND: GET /session/588095b0ca0e66522e1596f4f30570c8/element/FC36CD3D01605F4024A2F0F6E4A925F3_element_1693/displayed - {}
RESULT: {}
COMMAND: POST /session/588095b0ca0e66522e1596f4f30570c8/element - {"using":"css selector","value":".govuk-heading-xl"}
RESULT: {"using":"css selector","value":".govuk-heading-xl"}
COMMAND: GET /session/588095b0ca0e66522e1596f4f30570c8/element/FC36CD3D01605F4024A2F0F6E4A925F3_element_1693/text - {}
RESULT: {}
COMMAND: POST /session/588095b0ca0e66522e1596f4f30570c8/element - {"using":"xpath","value":".//caption[contains(., \"Price\") and not(.//caption)]"}
RESULT: {"using":"xpath","value":".//caption[contains(., \"Price\") and not(.//caption)]"}
COMMAND: POST /session/588095b0ca0e66522e1596f4f30570c8/execute/sync - {"script":"return (function (elem, id) {\n        return (function parentElement() {\n        return this.parentElement;\n    }).call(elem, id);\n    }).apply(null, arguments)","args":[{"element-6066-11e4-a52e-4f735466cecf":"FC36CD3D01605F4024A2F0F6E4A925F3_element_1694","ELEMENT":"FC36CD3D01605F4024A2F0F6E4A925F3_element_1694"}]}
RESULT: {"script":"return (function (elem, id) {\n        return (function parentElement() {\n        return this.parentElement;\n    }).call(elem, id);\n    }).apply(null, arguments)","args":[{"element-6066-11e4-a52e-4f735466cecf":"FC36CD3D01605F4024A2F0F6E4A925F3_element_1694","ELEMENT":"FC36CD3D01605F4024A2F0F6E4A925F3_element_1694"}]}
COMMAND: GET /session/588095b0ca0e66522e1596f4f30570c8/element/FC36CD3D01605F4024A2F0F6E4A925F3_element_1695/displayed - {}
RESULT: {}
COMMAND: POST /session/588095b0ca0e66522e1596f4f30570c8/element/FC36CD3D01605F4024A2F0F6E4A925F3_element_1695/elements - {"using":"css selector","value":"tbody tr"}
RESULT: {"using":"css selector","value":"tbody tr"}
COMMAND: POST /session/588095b0ca0e66522e1596f4f30570c8/element/FC36CD3D01605F4024A2F0F6E4A925F3_element_1695/element - {"using":"css selector","value":"thead tr"}
RESULT: {"using":"css selector","value":"thead tr"}
COMMAND: POST /session/588095b0ca0e66522e1596f4f30570c8/element/FC36CD3D01605F4024A2F0F6E4A925F3_element_1697/elements - {"using":"css selector","value":"th"}
RESULT: {"using":"css selector","value":"th"}
COMMAND: GET /session/588095b0ca0e66522e1596f4f30570c8/element/FC36CD3D01605F4024A2F0F6E4A925F3_element_1698/text - {}
COMMAND: GET /session/588095b0ca0e66522e1596f4f30570c8/element/FC36CD3D01605F4024A2F0F6E4A925F3_element_1699/text - {}
COMMAND: GET /session/588095b0ca0e66522e1596f4f30570c8/element/FC36CD3D01605F4024A2F0F6E4A925F3_element_1701/text - {}
COMMAND: GET /session/588095b0ca0e66522e1596f4f30570c8/element/FC36CD3D01605F4024A2F0F6E4A925F3_element_1700/text - {}
RESULT: {}
RESULT: {}
RESULT: {}
RESULT: {}
COMMAND: POST /session/588095b0ca0e66522e1596f4f30570c8/element/FC36CD3D01605F4024A2F0F6E4A925F3_element_1696/elements - {"using":"css selector","value":"th,td"}
RESULT: {"using":"css selector","value":"th,td"}
COMMAND: GET /session/588095b0ca0e66522e1596f4f30570c8/element/FC36CD3D01605F4024A2F0F6E4A925F3_element_1702/text - {}
RESULT: {}
COMMAND: GET /session/588095b0ca0e66522e1596f4f30570c8/element/FC36CD3D01605F4024A2F0F6E4A925F3_element_1703/text - {}
RESULT: {}
COMMAND: GET /session/588095b0ca0e66522e1596f4f30570c8/element/FC36CD3D01605F4024A2F0F6E4A925F3_element_1704/text - {}
RESULT: {}
COMMAND: GET /session/588095b0ca0e66522e1596f4f30570c8/element/FC36CD3D01605F4024A2F0F6E4A925F3_element_1705/text - {}
RESULT: {}
]]></system-out>
    </testcase>
    <testcase classname="chrome-headless-shell.121_0_6167_160.linux.Invoice_Page_Test.Vendor:_Vendor_Six,Invoice:2005-Q2" name="should validate measured events table data" time="0.478">
      <system-out><![CDATA[
COMMAND: POST /session/588095b0ca0e66522e1596f4f30570c8/url - {"url":"https://pr-528.btm.dev.account.gov.uk/contracts/6/invoices/2005-q2"}
RESULT: {"url":"https://pr-528.btm.dev.account.gov.uk/contracts/6/invoices/2005-q2"}
COMMAND: POST /session/588095b0ca0e66522e1596f4f30570c8/execute/sync - {"script":"return (() => document.readyState === \"complete\").apply(null, arguments)","args":[]}
RESULT: {"script":"return (() => document.readyState === \"complete\").apply(null, arguments)","args":[]}
COMMAND: GET /session/588095b0ca0e66522e1596f4f30570c8/url - {}
RESULT: {}
COMMAND: POST /session/588095b0ca0e66522e1596f4f30570c8/element - {"using":"css selector","value":".govuk-heading-xl"}
RESULT: {"using":"css selector","value":".govuk-heading-xl"}
COMMAND: GET /session/588095b0ca0e66522e1596f4f30570c8/element/EB2F3113657B0F7B6DBF422F5A88B0F4_element_1708/displayed - {}
RESULT: {}
COMMAND: POST /session/588095b0ca0e66522e1596f4f30570c8/element - {"using":"css selector","value":".govuk-heading-xl"}
RESULT: {"using":"css selector","value":".govuk-heading-xl"}
COMMAND: GET /session/588095b0ca0e66522e1596f4f30570c8/element/EB2F3113657B0F7B6DBF422F5A88B0F4_element_1708/text - {}
RESULT: {}
COMMAND: POST /session/588095b0ca0e66522e1596f4f30570c8/element - {"using":"xpath","value":".//caption[contains(., \"Measured (events)\") and not(.//caption)]"}
RESULT: {"using":"xpath","value":".//caption[contains(., \"Measured (events)\") and not(.//caption)]"}
COMMAND: POST /session/588095b0ca0e66522e1596f4f30570c8/execute/sync - {"script":"return (function (elem, id) {\n        return (function parentElement() {\n        return this.parentElement;\n    }).call(elem, id);\n    }).apply(null, arguments)","args":[{"element-6066-11e4-a52e-4f735466cecf":"EB2F3113657B0F7B6DBF422F5A88B0F4_element_1709","ELEMENT":"EB2F3113657B0F7B6DBF422F5A88B0F4_element_1709"}]}
RESULT: {"script":"return (function (elem, id) {\n        return (function parentElement() {\n        return this.parentElement;\n    }).call(elem, id);\n    }).apply(null, arguments)","args":[{"element-6066-11e4-a52e-4f735466cecf":"EB2F3113657B0F7B6DBF422F5A88B0F4_element_1709","ELEMENT":"EB2F3113657B0F7B6DBF422F5A88B0F4_element_1709"}]}
COMMAND: GET /session/588095b0ca0e66522e1596f4f30570c8/element/EB2F3113657B0F7B6DBF422F5A88B0F4_element_1710/displayed - {}
RESULT: {}
COMMAND: POST /session/588095b0ca0e66522e1596f4f30570c8/element/EB2F3113657B0F7B6DBF422F5A88B0F4_element_1710/elements - {"using":"css selector","value":"tbody tr"}
RESULT: {"using":"css selector","value":"tbody tr"}
COMMAND: POST /session/588095b0ca0e66522e1596f4f30570c8/element/EB2F3113657B0F7B6DBF422F5A88B0F4_element_1710/element - {"using":"css selector","value":"thead tr"}
RESULT: {"using":"css selector","value":"thead tr"}
COMMAND: POST /session/588095b0ca0e66522e1596f4f30570c8/element/EB2F3113657B0F7B6DBF422F5A88B0F4_element_1712/elements - {"using":"css selector","value":"th"}
RESULT: {"using":"css selector","value":"th"}
COMMAND: GET /session/588095b0ca0e66522e1596f4f30570c8/element/EB2F3113657B0F7B6DBF422F5A88B0F4_element_1713/text - {}
COMMAND: GET /session/588095b0ca0e66522e1596f4f30570c8/element/EB2F3113657B0F7B6DBF422F5A88B0F4_element_1714/text - {}
RESULT: {}
RESULT: {}
COMMAND: POST /session/588095b0ca0e66522e1596f4f30570c8/element/EB2F3113657B0F7B6DBF422F5A88B0F4_element_1711/elements - {"using":"css selector","value":"th,td"}
RESULT: {"using":"css selector","value":"th,td"}
COMMAND: GET /session/588095b0ca0e66522e1596f4f30570c8/element/EB2F3113657B0F7B6DBF422F5A88B0F4_element_1715/text - {}
RESULT: {}
COMMAND: GET /session/588095b0ca0e66522e1596f4f30570c8/element/EB2F3113657B0F7B6DBF422F5A88B0F4_element_1716/text - {}
RESULT: {}
]]></system-out>
    </testcase>
    <testcase classname="chrome-headless-shell.121_0_6167_160.linux.Invoice_Page_Test.Vendor:_Vendor_Six,Invoice:2005-Q2" name="should validate invoice table data" time="0.682">
      <system-out><![CDATA[
COMMAND: POST /session/588095b0ca0e66522e1596f4f30570c8/url - {"url":"https://pr-528.btm.dev.account.gov.uk/contracts/6/invoices/2005-q2"}
RESULT: {"url":"https://pr-528.btm.dev.account.gov.uk/contracts/6/invoices/2005-q2"}
COMMAND: POST /session/588095b0ca0e66522e1596f4f30570c8/execute/sync - {"script":"return (() => document.readyState === \"complete\").apply(null, arguments)","args":[]}
RESULT: {"script":"return (() => document.readyState === \"complete\").apply(null, arguments)","args":[]}
COMMAND: GET /session/588095b0ca0e66522e1596f4f30570c8/url - {}
RESULT: {}
COMMAND: POST /session/588095b0ca0e66522e1596f4f30570c8/element - {"using":"css selector","value":".govuk-heading-xl"}
RESULT: {"using":"css selector","value":".govuk-heading-xl"}
COMMAND: GET /session/588095b0ca0e66522e1596f4f30570c8/element/84461AB321F1ED1272B30D2258071430_element_1721/displayed - {}
RESULT: {}
COMMAND: POST /session/588095b0ca0e66522e1596f4f30570c8/element - {"using":"css selector","value":".govuk-heading-xl"}
RESULT: {"using":"css selector","value":".govuk-heading-xl"}
COMMAND: GET /session/588095b0ca0e66522e1596f4f30570c8/element/84461AB321F1ED1272B30D2258071430_element_1721/text - {}
RESULT: {}
COMMAND: POST /session/588095b0ca0e66522e1596f4f30570c8/element - {"using":"xpath","value":".//caption[contains(., \"Invoice\") and not(.//caption)]"}
RESULT: {"using":"xpath","value":".//caption[contains(., \"Invoice\") and not(.//caption)]"}
COMMAND: POST /session/588095b0ca0e66522e1596f4f30570c8/execute/sync - {"script":"return (function (elem, id) {\n        return (function parentElement() {\n        return this.parentElement;\n    }).call(elem, id);\n    }).apply(null, arguments)","args":[{"element-6066-11e4-a52e-4f735466cecf":"84461AB321F1ED1272B30D2258071430_element_1722","ELEMENT":"84461AB321F1ED1272B30D2258071430_element_1722"}]}
RESULT: {"script":"return (function (elem, id) {\n        return (function parentElement() {\n        return this.parentElement;\n    }).call(elem, id);\n    }).apply(null, arguments)","args":[{"element-6066-11e4-a52e-4f735466cecf":"84461AB321F1ED1272B30D2258071430_element_1722","ELEMENT":"84461AB321F1ED1272B30D2258071430_element_1722"}]}
COMMAND: GET /session/588095b0ca0e66522e1596f4f30570c8/element/84461AB321F1ED1272B30D2258071430_element_1723/displayed - {}
RESULT: {}
COMMAND: POST /session/588095b0ca0e66522e1596f4f30570c8/element/84461AB321F1ED1272B30D2258071430_element_1723/elements - {"using":"css selector","value":"tbody tr"}
RESULT: {"using":"css selector","value":"tbody tr"}
COMMAND: POST /session/588095b0ca0e66522e1596f4f30570c8/element/84461AB321F1ED1272B30D2258071430_element_1723/element - {"using":"css selector","value":"thead tr"}
RESULT: {"using":"css selector","value":"thead tr"}
COMMAND: POST /session/588095b0ca0e66522e1596f4f30570c8/element/84461AB321F1ED1272B30D2258071430_element_1726/elements - {"using":"css selector","value":"th"}
RESULT: {"using":"css selector","value":"th"}
COMMAND: GET /session/588095b0ca0e66522e1596f4f30570c8/element/84461AB321F1ED1272B30D2258071430_element_1727/text - {}
COMMAND: GET /session/588095b0ca0e66522e1596f4f30570c8/element/84461AB321F1ED1272B30D2258071430_element_1728/text - {}
COMMAND: GET /session/588095b0ca0e66522e1596f4f30570c8/element/84461AB321F1ED1272B30D2258071430_element_1730/text - {}
COMMAND: GET /session/588095b0ca0e66522e1596f4f30570c8/element/84461AB321F1ED1272B30D2258071430_element_1729/text - {}
COMMAND: GET /session/588095b0ca0e66522e1596f4f30570c8/element/84461AB321F1ED1272B30D2258071430_element_1731/text - {}
RESULT: {}
RESULT: {}
RESULT: {}
RESULT: {}
RESULT: {}
COMMAND: POST /session/588095b0ca0e66522e1596f4f30570c8/element/84461AB321F1ED1272B30D2258071430_element_1724/elements - {"using":"css selector","value":"th,td"}
RESULT: {"using":"css selector","value":"th,td"}
COMMAND: GET /session/588095b0ca0e66522e1596f4f30570c8/element/84461AB321F1ED1272B30D2258071430_element_1732/text - {}
RESULT: {}
COMMAND: GET /session/588095b0ca0e66522e1596f4f30570c8/element/84461AB321F1ED1272B30D2258071430_element_1733/text - {}
RESULT: {}
COMMAND: GET /session/588095b0ca0e66522e1596f4f30570c8/element/84461AB321F1ED1272B30D2258071430_element_1734/text - {}
RESULT: {}
COMMAND: GET /session/588095b0ca0e66522e1596f4f30570c8/element/84461AB321F1ED1272B30D2258071430_element_1735/text - {}
RESULT: {}
COMMAND: GET /session/588095b0ca0e66522e1596f4f30570c8/element/84461AB321F1ED1272B30D2258071430_element_1736/text - {}
RESULT: {}
COMMAND: POST /session/588095b0ca0e66522e1596f4f30570c8/element/84461AB321F1ED1272B30D2258071430_element_1725/elements - {"using":"css selector","value":"th,td"}
RESULT: {"using":"css selector","value":"th,td"}
COMMAND: GET /session/588095b0ca0e66522e1596f4f30570c8/element/84461AB321F1ED1272B30D2258071430_element_1737/text - {}
RESULT: {}
COMMAND: GET /session/588095b0ca0e66522e1596f4f30570c8/element/84461AB321F1ED1272B30D2258071430_element_1738/text - {}
RESULT: {}
COMMAND: GET /session/588095b0ca0e66522e1596f4f30570c8/element/84461AB321F1ED1272B30D2258071430_element_1739/text - {}
RESULT: {}
COMMAND: GET /session/588095b0ca0e66522e1596f4f30570c8/element/84461AB321F1ED1272B30D2258071430_element_1740/text - {}
RESULT: {}
COMMAND: GET /session/588095b0ca0e66522e1596f4f30570c8/element/84461AB321F1ED1272B30D2258071430_element_1741/text - {}
RESULT: {}
COMMAND: DELETE /session/588095b0ca0e66522e1596f4f30570c8 - {}
RESULT: {}
]]></system-out>
    </testcase>
  </testsuite>
</testsuites>