<?xml version="1.0" encoding="UTF-8"?>
<testsuites>
  <testsuite name="Invoice Page Test" timestamp="2023-10-16T14:50:57" time="94.296" tests="0" failures="0" errors="0" skipped="0">
    <properties>
      <property name="specId" value="0"/>
      <property name="suiteName" value="Invoice Page Test"/>
      <property name="capabilities" value="chrome.117_0_5938_132.linux"/>
      <property name="file" value="file://./ui-tests/specs/invoice.spec.ts"/>
    </properties>
  </testsuite>
  <testsuite name="Vendor Vendor Three Invoice 2005 09" timestamp="2023-10-16T14:50:57" time="18.431" tests="6" failures="0" errors="0" skipped="0">
    <properties>
      <property name="specId" value="0"/>
      <property name="suiteName" value="Vendor: Vendor Three,Invoice:2005-09"/>
      <property name="capabilities" value="chrome.117_0_5938_132.linux"/>
      <property name="file" value="file://./ui-tests/specs/invoice.spec.ts"/>
    </properties>
    <testcase classname="chrome.117_0_5938_132.linux.Invoice_Page_Test.Vendor:_Vendor_Three,Invoice:2005-09" name="should display correct status banner color and message" time="7.885">
      <system-out><![CDATA[
COMMAND: POST /session/29de018fc78c4ddf2f3cc8d21157dbb6/url - {"url":"https://pr-512.btm.dev.account.gov.uk/contracts/3/invoices/2005-09"}
RESULT: {"url":"https://pr-512.btm.dev.account.gov.uk/contracts/3/invoices/2005-09"}
COMMAND: POST /session/29de018fc78c4ddf2f3cc8d21157dbb6/execute/sync - {"script":"return (() => document.readyState === \"complete\").apply(null, arguments)","args":[]}
RESULT: {"script":"return (() => document.readyState === \"complete\").apply(null, arguments)","args":[]}
COMMAND: GET /session/29de018fc78c4ddf2f3cc8d21157dbb6/url - {}
RESULT: {}
COMMAND: POST /session/29de018fc78c4ddf2f3cc8d21157dbb6/element - {"using":"css selector","value":".govuk-heading-xl"}
RESULT: {"using":"css selector","value":".govuk-heading-xl"}
COMMAND: POST /session/29de018fc78c4ddf2f3cc8d21157dbb6/execute/sync - {"script":"return (function isElementDisplayed(element) {\n    function nodeIsElement(node) {\n        if (!node) {\n            return false;\n        }\n        switch (node.nodeType) {\n            case Node.ELEMEN ... (7807 more bytes)","args":[{"element-6066-11e4-a52e-4f735466cecf":"1C5207E098CB7A51098717700BE6D75D_element_5","ELEMENT":"1C5207E098CB7A51098717700BE6D75D_element_5"}]}
RESULT: {"script":"return (function isElementDisplayed(element) {\n    function nodeIsElement(node) {\n        if (!node) {\n            return false;\n        }\n        switch (node.nodeType) {\n            case Node.ELEMEN ... (7807 more bytes)","args":[{"element-6066-11e4-a52e-4f735466cecf":"1C5207E098CB7A51098717700BE6D75D_element_5","ELEMENT":"1C5207E098CB7A51098717700BE6D75D_element_5"}]}
COMMAND: POST /session/29de018fc78c4ddf2f3cc8d21157dbb6/element - {"using":"css selector","value":".govuk-heading-xl"}
RESULT: {"using":"css selector","value":".govuk-heading-xl"}
COMMAND: GET /session/29de018fc78c4ddf2f3cc8d21157dbb6/element/1C5207E098CB7A51098717700BE6D75D_element_5/text - {}
RESULT: {}
COMMAND: POST /session/29de018fc78c4ddf2f3cc8d21157dbb6/element - {"using":"css selector","value":"h2.govuk-panel__title"}
RESULT: {"using":"css selector","value":"h2.govuk-panel__title"}
COMMAND: POST /session/29de018fc78c4ddf2f3cc8d21157dbb6/execute/sync - {"script":"return (function isElementDisplayed(element) {\n    function nodeIsElement(node) {\n        if (!node) {\n            return false;\n        }\n        switch (node.nodeType) {\n            case Node.ELEMEN ... (7807 more bytes)","args":[{"element-6066-11e4-a52e-4f735466cecf":"1C5207E098CB7A51098717700BE6D75D_element_6","ELEMENT":"1C5207E098CB7A51098717700BE6D75D_element_6"}]}
RESULT: {"script":"return (function isElementDisplayed(element) {\n    function nodeIsElement(node) {\n        if (!node) {\n            return false;\n        }\n        switch (node.nodeType) {\n            case Node.ELEMEN ... (7807 more bytes)","args":[{"element-6066-11e4-a52e-4f735466cecf":"1C5207E098CB7A51098717700BE6D75D_element_6","ELEMENT":"1C5207E098CB7A51098717700BE6D75D_element_6"}]}
COMMAND: POST /session/29de018fc78c4ddf2f3cc8d21157dbb6/element - {"using":"css selector","value":"h2.govuk-panel__title"}
RESULT: {"using":"css selector","value":"h2.govuk-panel__title"}
COMMAND: GET /session/29de018fc78c4ddf2f3cc8d21157dbb6/element/1C5207E098CB7A51098717700BE6D75D_element_6/text - {}
RESULT: {}
COMMAND: POST /session/29de018fc78c4ddf2f3cc8d21157dbb6/element - {"using":"css selector","value":".govuk-panel"}
RESULT: {"using":"css selector","value":".govuk-panel"}
COMMAND: POST /session/29de018fc78c4ddf2f3cc8d21157dbb6/execute/sync - {"script":"return (function isElementDisplayed(element) {\n    function nodeIsElement(node) {\n        if (!node) {\n            return false;\n        }\n        switch (node.nodeType) {\n            case Node.ELEMEN ... (7807 more bytes)","args":[{"element-6066-11e4-a52e-4f735466cecf":"1C5207E098CB7A51098717700BE6D75D_element_3","ELEMENT":"1C5207E098CB7A51098717700BE6D75D_element_3"}]}
RESULT: {"script":"return (function isElementDisplayed(element) {\n    function nodeIsElement(node) {\n        if (!node) {\n            return false;\n        }\n        switch (node.nodeType) {\n            case Node.ELEMEN ... (7807 more bytes)","args":[{"element-6066-11e4-a52e-4f735466cecf":"1C5207E098CB7A51098717700BE6D75D_element_3","ELEMENT":"1C5207E098CB7A51098717700BE6D75D_element_3"}]}
COMMAND: GET /session/29de018fc78c4ddf2f3cc8d21157dbb6/element/1C5207E098CB7A51098717700BE6D75D_element_3/css/background-color - {}
RESULT: {}
]]></system-out>
    </testcase>
    <testcase classname="chrome.117_0_5938_132.linux.Invoice_Page_Test.Vendor:_Vendor_Three,Invoice:2005-09" name="should validate reconciliation table data" time="4.22">
      <system-out><![CDATA[
COMMAND: POST /session/29de018fc78c4ddf2f3cc8d21157dbb6/url - {"url":"https://pr-512.btm.dev.account.gov.uk/contracts/3/invoices/2005-09"}
RESULT: {"url":"https://pr-512.btm.dev.account.gov.uk/contracts/3/invoices/2005-09"}
COMMAND: POST /session/29de018fc78c4ddf2f3cc8d21157dbb6/execute/sync - {"script":"return (() => document.readyState === \"complete\").apply(null, arguments)","args":[]}
RESULT: {"script":"return (() => document.readyState === \"complete\").apply(null, arguments)","args":[]}
COMMAND: GET /session/29de018fc78c4ddf2f3cc8d21157dbb6/url - {}
RESULT: {}
COMMAND: POST /session/29de018fc78c4ddf2f3cc8d21157dbb6/element - {"using":"css selector","value":".govuk-heading-xl"}
RESULT: {"using":"css selector","value":".govuk-heading-xl"}
COMMAND: POST /session/29de018fc78c4ddf2f3cc8d21157dbb6/execute/sync - {"script":"return (function isElementDisplayed(element) {\n    function nodeIsElement(node) {\n        if (!node) {\n            return false;\n        }\n        switch (node.nodeType) {\n            case Node.ELEMEN ... (7807 more bytes)","args":[{"element-6066-11e4-a52e-4f735466cecf":"1CEDAF22218114B3DFACC9D8317BCB4A_element_9","ELEMENT":"1CEDAF22218114B3DFACC9D8317BCB4A_element_9"}]}
RESULT: {"script":"return (function isElementDisplayed(element) {\n    function nodeIsElement(node) {\n        if (!node) {\n            return false;\n        }\n        switch (node.nodeType) {\n            case Node.ELEMEN ... (7807 more bytes)","args":[{"element-6066-11e4-a52e-4f735466cecf":"1CEDAF22218114B3DFACC9D8317BCB4A_element_9","ELEMENT":"1CEDAF22218114B3DFACC9D8317BCB4A_element_9"}]}
COMMAND: POST /session/29de018fc78c4ddf2f3cc8d21157dbb6/element - {"using":"css selector","value":".govuk-heading-xl"}
RESULT: {"using":"css selector","value":".govuk-heading-xl"}
COMMAND: GET /session/29de018fc78c4ddf2f3cc8d21157dbb6/element/1CEDAF22218114B3DFACC9D8317BCB4A_element_9/text - {}
RESULT: {}
COMMAND: POST /session/29de018fc78c4ddf2f3cc8d21157dbb6/element - {"using":"xpath","value":".//caption[contains(., \"Reconciliation\") and not(.//caption)]"}
RESULT: {"using":"xpath","value":".//caption[contains(., \"Reconciliation\") and not(.//caption)]"}
COMMAND: POST /session/29de018fc78c4ddf2f3cc8d21157dbb6/execute/sync - {"script":"return (function (elem, id) {\n        return (function parentElement() {\n        return this.parentElement;\n    }).call(elem, id);\n    }).apply(null, arguments)","args":[{"element-6066-11e4-a52e-4f735466cecf":"1CEDAF22218114B3DFACC9D8317BCB4A_element_10","ELEMENT":"1CEDAF22218114B3DFACC9D8317BCB4A_element_10"}]}
RESULT: {"script":"return (function (elem, id) {\n        return (function parentElement() {\n        return this.parentElement;\n    }).call(elem, id);\n    }).apply(null, arguments)","args":[{"element-6066-11e4-a52e-4f735466cecf":"1CEDAF22218114B3DFACC9D8317BCB4A_element_10","ELEMENT":"1CEDAF22218114B3DFACC9D8317BCB4A_element_10"}]}
COMMAND: POST /session/29de018fc78c4ddf2f3cc8d21157dbb6/execute/sync - {"script":"return (function isElementDisplayed(element) {\n    function nodeIsElement(node) {\n        if (!node) {\n            return false;\n        }\n        switch (node.nodeType) {\n            case Node.ELEMEN ... (7807 more bytes)","args":[{"element-6066-11e4-a52e-4f735466cecf":"1CEDAF22218114B3DFACC9D8317BCB4A_element_11","ELEMENT":"1CEDAF22218114B3DFACC9D8317BCB4A_element_11"}]}
RESULT: {"script":"return (function isElementDisplayed(element) {\n    function nodeIsElement(node) {\n        if (!node) {\n            return false;\n        }\n        switch (node.nodeType) {\n            case Node.ELEMEN ... (7807 more bytes)","args":[{"element-6066-11e4-a52e-4f735466cecf":"1CEDAF22218114B3DFACC9D8317BCB4A_element_11","ELEMENT":"1CEDAF22218114B3DFACC9D8317BCB4A_element_11"}]}
COMMAND: POST /session/29de018fc78c4ddf2f3cc8d21157dbb6/element/1CEDAF22218114B3DFACC9D8317BCB4A_element_11/elements - {"using":"css selector","value":"tbody tr"}
RESULT: {"using":"css selector","value":"tbody tr"}
COMMAND: POST /session/29de018fc78c4ddf2f3cc8d21157dbb6/element/1CEDAF22218114B3DFACC9D8317BCB4A_element_11/element - {"using":"css selector","value":"thead tr"}
RESULT: {"using":"css selector","value":"thead tr"}
COMMAND: POST /session/29de018fc78c4ddf2f3cc8d21157dbb6/element/1CEDAF22218114B3DFACC9D8317BCB4A_element_13/elements - {"using":"css selector","value":"th"}
RESULT: {"using":"css selector","value":"th"}
COMMAND: GET /session/29de018fc78c4ddf2f3cc8d21157dbb6/element/1CEDAF22218114B3DFACC9D8317BCB4A_element_14/text - {}
COMMAND: GET /session/29de018fc78c4ddf2f3cc8d21157dbb6/element/1CEDAF22218114B3DFACC9D8317BCB4A_element_15/text - {}
COMMAND: GET /session/29de018fc78c4ddf2f3cc8d21157dbb6/element/1CEDAF22218114B3DFACC9D8317BCB4A_element_17/text - {}
COMMAND: GET /session/29de018fc78c4ddf2f3cc8d21157dbb6/element/1CEDAF22218114B3DFACC9D8317BCB4A_element_16/text - {}
COMMAND: GET /session/29de018fc78c4ddf2f3cc8d21157dbb6/element/1CEDAF22218114B3DFACC9D8317BCB4A_element_18/text - {}
RESULT: {}
RESULT: {}
RESULT: {}
RESULT: {}
RESULT: {}
COMMAND: POST /session/29de018fc78c4ddf2f3cc8d21157dbb6/element/1CEDAF22218114B3DFACC9D8317BCB4A_element_12/elements - {"using":"css selector","value":"th,td"}
RESULT: {"using":"css selector","value":"th,td"}
COMMAND: GET /session/29de018fc78c4ddf2f3cc8d21157dbb6/element/1CEDAF22218114B3DFACC9D8317BCB4A_element_19/text - {}
RESULT: {}
COMMAND: GET /session/29de018fc78c4ddf2f3cc8d21157dbb6/element/1CEDAF22218114B3DFACC9D8317BCB4A_element_20/text - {}
RESULT: {}
COMMAND: GET /session/29de018fc78c4ddf2f3cc8d21157dbb6/element/1CEDAF22218114B3DFACC9D8317BCB4A_element_21/text - {}
RESULT: {}
COMMAND: GET /session/29de018fc78c4ddf2f3cc8d21157dbb6/element/1CEDAF22218114B3DFACC9D8317BCB4A_element_22/text - {}
RESULT: {}
COMMAND: GET /session/29de018fc78c4ddf2f3cc8d21157dbb6/element/1CEDAF22218114B3DFACC9D8317BCB4A_element_23/text - {}
RESULT: {}
]]></system-out>
    </testcase>
    <testcase classname="chrome.117_0_5938_132.linux.Invoice_Page_Test.Vendor:_Vendor_Three,Invoice:2005-09" name="should validate quantity events table data" time="1.982">
      <system-out><![CDATA[
COMMAND: POST /session/29de018fc78c4ddf2f3cc8d21157dbb6/url - {"url":"https://pr-512.btm.dev.account.gov.uk/contracts/3/invoices/2005-09"}
RESULT: {"url":"https://pr-512.btm.dev.account.gov.uk/contracts/3/invoices/2005-09"}
COMMAND: POST /session/29de018fc78c4ddf2f3cc8d21157dbb6/execute/sync - {"script":"return (() => document.readyState === \"complete\").apply(null, arguments)","args":[]}
RESULT: {"script":"return (() => document.readyState === \"complete\").apply(null, arguments)","args":[]}
COMMAND: GET /session/29de018fc78c4ddf2f3cc8d21157dbb6/url - {}
RESULT: {}
COMMAND: POST /session/29de018fc78c4ddf2f3cc8d21157dbb6/element - {"using":"css selector","value":".govuk-heading-xl"}
RESULT: {"using":"css selector","value":".govuk-heading-xl"}
COMMAND: POST /session/29de018fc78c4ddf2f3cc8d21157dbb6/execute/sync - {"script":"return (function isElementDisplayed(element) {\n    function nodeIsElement(node) {\n        if (!node) {\n            return false;\n        }\n        switch (node.nodeType) {\n            case Node.ELEMEN ... (7807 more bytes)","args":[{"element-6066-11e4-a52e-4f735466cecf":"E23295595A3C6ABCC0280AFB400047CD_element_26","ELEMENT":"E23295595A3C6ABCC0280AFB400047CD_element_26"}]}
RESULT: {"script":"return (function isElementDisplayed(element) {\n    function nodeIsElement(node) {\n        if (!node) {\n            return false;\n        }\n        switch (node.nodeType) {\n            case Node.ELEMEN ... (7807 more bytes)","args":[{"element-6066-11e4-a52e-4f735466cecf":"E23295595A3C6ABCC0280AFB400047CD_element_26","ELEMENT":"E23295595A3C6ABCC0280AFB400047CD_element_26"}]}
COMMAND: POST /session/29de018fc78c4ddf2f3cc8d21157dbb6/element - {"using":"css selector","value":".govuk-heading-xl"}
RESULT: {"using":"css selector","value":".govuk-heading-xl"}
COMMAND: GET /session/29de018fc78c4ddf2f3cc8d21157dbb6/element/E23295595A3C6ABCC0280AFB400047CD_element_26/text - {}
RESULT: {}
COMMAND: POST /session/29de018fc78c4ddf2f3cc8d21157dbb6/element - {"using":"xpath","value":".//caption[contains(., \"Quantity (events)\") and not(.//caption)]"}
RESULT: {"using":"xpath","value":".//caption[contains(., \"Quantity (events)\") and not(.//caption)]"}
COMMAND: POST /session/29de018fc78c4ddf2f3cc8d21157dbb6/execute/sync - {"script":"return (function (elem, id) {\n        return (function parentElement() {\n        return this.parentElement;\n    }).call(elem, id);\n    }).apply(null, arguments)","args":[{"element-6066-11e4-a52e-4f735466cecf":"E23295595A3C6ABCC0280AFB400047CD_element_27","ELEMENT":"E23295595A3C6ABCC0280AFB400047CD_element_27"}]}
RESULT: {"script":"return (function (elem, id) {\n        return (function parentElement() {\n        return this.parentElement;\n    }).call(elem, id);\n    }).apply(null, arguments)","args":[{"element-6066-11e4-a52e-4f735466cecf":"E23295595A3C6ABCC0280AFB400047CD_element_27","ELEMENT":"E23295595A3C6ABCC0280AFB400047CD_element_27"}]}
COMMAND: POST /session/29de018fc78c4ddf2f3cc8d21157dbb6/execute/sync - {"script":"return (function isElementDisplayed(element) {\n    function nodeIsElement(node) {\n        if (!node) {\n            return false;\n        }\n        switch (node.nodeType) {\n            case Node.ELEMEN ... (7807 more bytes)","args":[{"element-6066-11e4-a52e-4f735466cecf":"E23295595A3C6ABCC0280AFB400047CD_element_28","ELEMENT":"E23295595A3C6ABCC0280AFB400047CD_element_28"}]}
RESULT: {"script":"return (function isElementDisplayed(element) {\n    function nodeIsElement(node) {\n        if (!node) {\n            return false;\n        }\n        switch (node.nodeType) {\n            case Node.ELEMEN ... (7807 more bytes)","args":[{"element-6066-11e4-a52e-4f735466cecf":"E23295595A3C6ABCC0280AFB400047CD_element_28","ELEMENT":"E23295595A3C6ABCC0280AFB400047CD_element_28"}]}
COMMAND: POST /session/29de018fc78c4ddf2f3cc8d21157dbb6/element/E23295595A3C6ABCC0280AFB400047CD_element_28/elements - {"using":"css selector","value":"tbody tr"}
RESULT: {"using":"css selector","value":"tbody tr"}
COMMAND: POST /session/29de018fc78c4ddf2f3cc8d21157dbb6/element/E23295595A3C6ABCC0280AFB400047CD_element_28/element - {"using":"css selector","value":"thead tr"}
RESULT: {"using":"css selector","value":"thead tr"}
COMMAND: POST /session/29de018fc78c4ddf2f3cc8d21157dbb6/element/E23295595A3C6ABCC0280AFB400047CD_element_30/elements - {"using":"css selector","value":"th"}
RESULT: {"using":"css selector","value":"th"}
COMMAND: GET /session/29de018fc78c4ddf2f3cc8d21157dbb6/element/E23295595A3C6ABCC0280AFB400047CD_element_31/text - {}
COMMAND: GET /session/29de018fc78c4ddf2f3cc8d21157dbb6/element/E23295595A3C6ABCC0280AFB400047CD_element_32/text - {}
COMMAND: GET /session/29de018fc78c4ddf2f3cc8d21157dbb6/element/E23295595A3C6ABCC0280AFB400047CD_element_34/text - {}
COMMAND: GET /session/29de018fc78c4ddf2f3cc8d21157dbb6/element/E23295595A3C6ABCC0280AFB400047CD_element_33/text - {}
RESULT: {}
RESULT: {}
RESULT: {}
RESULT: {}
COMMAND: POST /session/29de018fc78c4ddf2f3cc8d21157dbb6/element/E23295595A3C6ABCC0280AFB400047CD_element_29/elements - {"using":"css selector","value":"th,td"}
RESULT: {"using":"css selector","value":"th,td"}
COMMAND: GET /session/29de018fc78c4ddf2f3cc8d21157dbb6/element/E23295595A3C6ABCC0280AFB400047CD_element_35/text - {}
RESULT: {}
COMMAND: GET /session/29de018fc78c4ddf2f3cc8d21157dbb6/element/E23295595A3C6ABCC0280AFB400047CD_element_36/text - {}
RESULT: {}
COMMAND: GET /session/29de018fc78c4ddf2f3cc8d21157dbb6/element/E23295595A3C6ABCC0280AFB400047CD_element_37/text - {}
RESULT: {}
COMMAND: GET /session/29de018fc78c4ddf2f3cc8d21157dbb6/element/E23295595A3C6ABCC0280AFB400047CD_element_38/text - {}
RESULT: {}
]]></system-out>
    </testcase>
    <testcase classname="chrome.117_0_5938_132.linux.Invoice_Page_Test.Vendor:_Vendor_Three,Invoice:2005-09" name="should validate price table data" time="1.307">
      <system-out><![CDATA[
COMMAND: POST /session/29de018fc78c4ddf2f3cc8d21157dbb6/url - {"url":"https://pr-512.btm.dev.account.gov.uk/contracts/3/invoices/2005-09"}
RESULT: {"url":"https://pr-512.btm.dev.account.gov.uk/contracts/3/invoices/2005-09"}
COMMAND: POST /session/29de018fc78c4ddf2f3cc8d21157dbb6/execute/sync - {"script":"return (() => document.readyState === \"complete\").apply(null, arguments)","args":[]}
RESULT: {"script":"return (() => document.readyState === \"complete\").apply(null, arguments)","args":[]}
COMMAND: GET /session/29de018fc78c4ddf2f3cc8d21157dbb6/url - {}
RESULT: {}
COMMAND: POST /session/29de018fc78c4ddf2f3cc8d21157dbb6/element - {"using":"css selector","value":".govuk-heading-xl"}
RESULT: {"using":"css selector","value":".govuk-heading-xl"}
COMMAND: POST /session/29de018fc78c4ddf2f3cc8d21157dbb6/execute/sync - {"script":"return (function isElementDisplayed(element) {\n    function nodeIsElement(node) {\n        if (!node) {\n            return false;\n        }\n        switch (node.nodeType) {\n            case Node.ELEMEN ... (7807 more bytes)","args":[{"element-6066-11e4-a52e-4f735466cecf":"F9E7F1EA5222C204F040CE056BBD9E20_element_41","ELEMENT":"F9E7F1EA5222C204F040CE056BBD9E20_element_41"}]}
RESULT: {"script":"return (function isElementDisplayed(element) {\n    function nodeIsElement(node) {\n        if (!node) {\n            return false;\n        }\n        switch (node.nodeType) {\n            case Node.ELEMEN ... (7807 more bytes)","args":[{"element-6066-11e4-a52e-4f735466cecf":"F9E7F1EA5222C204F040CE056BBD9E20_element_41","ELEMENT":"F9E7F1EA5222C204F040CE056BBD9E20_element_41"}]}
COMMAND: POST /session/29de018fc78c4ddf2f3cc8d21157dbb6/element - {"using":"css selector","value":".govuk-heading-xl"}
RESULT: {"using":"css selector","value":".govuk-heading-xl"}
COMMAND: GET /session/29de018fc78c4ddf2f3cc8d21157dbb6/element/F9E7F1EA5222C204F040CE056BBD9E20_element_41/text - {}
RESULT: {}
COMMAND: POST /session/29de018fc78c4ddf2f3cc8d21157dbb6/element - {"using":"xpath","value":".//caption[contains(., \"Price\") and not(.//caption)]"}
RESULT: {"using":"xpath","value":".//caption[contains(., \"Price\") and not(.//caption)]"}
COMMAND: POST /session/29de018fc78c4ddf2f3cc8d21157dbb6/execute/sync - {"script":"return (function (elem, id) {\n        return (function parentElement() {\n        return this.parentElement;\n    }).call(elem, id);\n    }).apply(null, arguments)","args":[{"element-6066-11e4-a52e-4f735466cecf":"F9E7F1EA5222C204F040CE056BBD9E20_element_42","ELEMENT":"F9E7F1EA5222C204F040CE056BBD9E20_element_42"}]}
RESULT: {"script":"return (function (elem, id) {\n        return (function parentElement() {\n        return this.parentElement;\n    }).call(elem, id);\n    }).apply(null, arguments)","args":[{"element-6066-11e4-a52e-4f735466cecf":"F9E7F1EA5222C204F040CE056BBD9E20_element_42","ELEMENT":"F9E7F1EA5222C204F040CE056BBD9E20_element_42"}]}
COMMAND: POST /session/29de018fc78c4ddf2f3cc8d21157dbb6/execute/sync - {"script":"return (function isElementDisplayed(element) {\n    function nodeIsElement(node) {\n        if (!node) {\n            return false;\n        }\n        switch (node.nodeType) {\n            case Node.ELEMEN ... (7807 more bytes)","args":[{"element-6066-11e4-a52e-4f735466cecf":"F9E7F1EA5222C204F040CE056BBD9E20_element_43","ELEMENT":"F9E7F1EA5222C204F040CE056BBD9E20_element_43"}]}
RESULT: {"script":"return (function isElementDisplayed(element) {\n    function nodeIsElement(node) {\n        if (!node) {\n            return false;\n        }\n        switch (node.nodeType) {\n            case Node.ELEMEN ... (7807 more bytes)","args":[{"element-6066-11e4-a52e-4f735466cecf":"F9E7F1EA5222C204F040CE056BBD9E20_element_43","ELEMENT":"F9E7F1EA5222C204F040CE056BBD9E20_element_43"}]}
COMMAND: POST /session/29de018fc78c4ddf2f3cc8d21157dbb6/element/F9E7F1EA5222C204F040CE056BBD9E20_element_43/elements - {"using":"css selector","value":"tbody tr"}
RESULT: {"using":"css selector","value":"tbody tr"}
COMMAND: POST /session/29de018fc78c4ddf2f3cc8d21157dbb6/element/F9E7F1EA5222C204F040CE056BBD9E20_element_43/element - {"using":"css selector","value":"thead tr"}
RESULT: {"using":"css selector","value":"thead tr"}
COMMAND: POST /session/29de018fc78c4ddf2f3cc8d21157dbb6/element/F9E7F1EA5222C204F040CE056BBD9E20_element_45/elements - {"using":"css selector","value":"th"}
RESULT: {"using":"css selector","value":"th"}
COMMAND: GET /session/29de018fc78c4ddf2f3cc8d21157dbb6/element/F9E7F1EA5222C204F040CE056BBD9E20_element_46/text - {}
COMMAND: GET /session/29de018fc78c4ddf2f3cc8d21157dbb6/element/F9E7F1EA5222C204F040CE056BBD9E20_element_47/text - {}
COMMAND: GET /session/29de018fc78c4ddf2f3cc8d21157dbb6/element/F9E7F1EA5222C204F040CE056BBD9E20_element_49/text - {}
COMMAND: GET /session/29de018fc78c4ddf2f3cc8d21157dbb6/element/F9E7F1EA5222C204F040CE056BBD9E20_element_48/text - {}
RESULT: {}
RESULT: {}
RESULT: {}
RESULT: {}
COMMAND: POST /session/29de018fc78c4ddf2f3cc8d21157dbb6/element/F9E7F1EA5222C204F040CE056BBD9E20_element_44/elements - {"using":"css selector","value":"th,td"}
RESULT: {"using":"css selector","value":"th,td"}
COMMAND: GET /session/29de018fc78c4ddf2f3cc8d21157dbb6/element/F9E7F1EA5222C204F040CE056BBD9E20_element_50/text - {}
RESULT: {}
COMMAND: GET /session/29de018fc78c4ddf2f3cc8d21157dbb6/element/F9E7F1EA5222C204F040CE056BBD9E20_element_51/text - {}
RESULT: {}
COMMAND: GET /session/29de018fc78c4ddf2f3cc8d21157dbb6/element/F9E7F1EA5222C204F040CE056BBD9E20_element_52/text - {}
RESULT: {}
COMMAND: GET /session/29de018fc78c4ddf2f3cc8d21157dbb6/element/F9E7F1EA5222C204F040CE056BBD9E20_element_53/text - {}
RESULT: {}
]]></system-out>
    </testcase>
    <testcase classname="chrome.117_0_5938_132.linux.Invoice_Page_Test.Vendor:_Vendor_Three,Invoice:2005-09" name="should validate measured events table data" time="1.052">
      <system-out><![CDATA[
COMMAND: POST /session/29de018fc78c4ddf2f3cc8d21157dbb6/url - {"url":"https://pr-512.btm.dev.account.gov.uk/contracts/3/invoices/2005-09"}
RESULT: {"url":"https://pr-512.btm.dev.account.gov.uk/contracts/3/invoices/2005-09"}
COMMAND: POST /session/29de018fc78c4ddf2f3cc8d21157dbb6/execute/sync - {"script":"return (() => document.readyState === \"complete\").apply(null, arguments)","args":[]}
RESULT: {"script":"return (() => document.readyState === \"complete\").apply(null, arguments)","args":[]}
COMMAND: GET /session/29de018fc78c4ddf2f3cc8d21157dbb6/url - {}
RESULT: {}
COMMAND: POST /session/29de018fc78c4ddf2f3cc8d21157dbb6/element - {"using":"css selector","value":".govuk-heading-xl"}
RESULT: {"using":"css selector","value":".govuk-heading-xl"}
COMMAND: POST /session/29de018fc78c4ddf2f3cc8d21157dbb6/execute/sync - {"script":"return (function isElementDisplayed(element) {\n    function nodeIsElement(node) {\n        if (!node) {\n            return false;\n        }\n        switch (node.nodeType) {\n            case Node.ELEMEN ... (7807 more bytes)","args":[{"element-6066-11e4-a52e-4f735466cecf":"7AD0CF86456C012AF393A20BA7DF42F4_element_56","ELEMENT":"7AD0CF86456C012AF393A20BA7DF42F4_element_56"}]}
RESULT: {"script":"return (function isElementDisplayed(element) {\n    function nodeIsElement(node) {\n        if (!node) {\n            return false;\n        }\n        switch (node.nodeType) {\n            case Node.ELEMEN ... (7807 more bytes)","args":[{"element-6066-11e4-a52e-4f735466cecf":"7AD0CF86456C012AF393A20BA7DF42F4_element_56","ELEMENT":"7AD0CF86456C012AF393A20BA7DF42F4_element_56"}]}
COMMAND: POST /session/29de018fc78c4ddf2f3cc8d21157dbb6/element - {"using":"css selector","value":".govuk-heading-xl"}
RESULT: {"using":"css selector","value":".govuk-heading-xl"}
COMMAND: GET /session/29de018fc78c4ddf2f3cc8d21157dbb6/element/7AD0CF86456C012AF393A20BA7DF42F4_element_56/text - {}
RESULT: {}
COMMAND: POST /session/29de018fc78c4ddf2f3cc8d21157dbb6/element - {"using":"xpath","value":".//caption[contains(., \"Measured (events)\") and not(.//caption)]"}
RESULT: {"using":"xpath","value":".//caption[contains(., \"Measured (events)\") and not(.//caption)]"}
COMMAND: POST /session/29de018fc78c4ddf2f3cc8d21157dbb6/execute/sync - {"script":"return (function (elem, id) {\n        return (function parentElement() {\n        return this.parentElement;\n    }).call(elem, id);\n    }).apply(null, arguments)","args":[{"element-6066-11e4-a52e-4f735466cecf":"7AD0CF86456C012AF393A20BA7DF42F4_element_57","ELEMENT":"7AD0CF86456C012AF393A20BA7DF42F4_element_57"}]}
RESULT: {"script":"return (function (elem, id) {\n        return (function parentElement() {\n        return this.parentElement;\n    }).call(elem, id);\n    }).apply(null, arguments)","args":[{"element-6066-11e4-a52e-4f735466cecf":"7AD0CF86456C012AF393A20BA7DF42F4_element_57","ELEMENT":"7AD0CF86456C012AF393A20BA7DF42F4_element_57"}]}
COMMAND: POST /session/29de018fc78c4ddf2f3cc8d21157dbb6/execute/sync - {"script":"return (function isElementDisplayed(element) {\n    function nodeIsElement(node) {\n        if (!node) {\n            return false;\n        }\n        switch (node.nodeType) {\n            case Node.ELEMEN ... (7807 more bytes)","args":[{"element-6066-11e4-a52e-4f735466cecf":"7AD0CF86456C012AF393A20BA7DF42F4_element_58","ELEMENT":"7AD0CF86456C012AF393A20BA7DF42F4_element_58"}]}
RESULT: {"script":"return (function isElementDisplayed(element) {\n    function nodeIsElement(node) {\n        if (!node) {\n            return false;\n        }\n        switch (node.nodeType) {\n            case Node.ELEMEN ... (7807 more bytes)","args":[{"element-6066-11e4-a52e-4f735466cecf":"7AD0CF86456C012AF393A20BA7DF42F4_element_58","ELEMENT":"7AD0CF86456C012AF393A20BA7DF42F4_element_58"}]}
COMMAND: POST /session/29de018fc78c4ddf2f3cc8d21157dbb6/element/7AD0CF86456C012AF393A20BA7DF42F4_element_58/elements - {"using":"css selector","value":"tbody tr"}
RESULT: {"using":"css selector","value":"tbody tr"}
COMMAND: POST /session/29de018fc78c4ddf2f3cc8d21157dbb6/element/7AD0CF86456C012AF393A20BA7DF42F4_element_58/element - {"using":"css selector","value":"thead tr"}
RESULT: {"using":"css selector","value":"thead tr"}
COMMAND: POST /session/29de018fc78c4ddf2f3cc8d21157dbb6/element/7AD0CF86456C012AF393A20BA7DF42F4_element_60/elements - {"using":"css selector","value":"th"}
RESULT: {"using":"css selector","value":"th"}
COMMAND: GET /session/29de018fc78c4ddf2f3cc8d21157dbb6/element/7AD0CF86456C012AF393A20BA7DF42F4_element_61/text - {}
COMMAND: GET /session/29de018fc78c4ddf2f3cc8d21157dbb6/element/7AD0CF86456C012AF393A20BA7DF42F4_element_62/text - {}
RESULT: {}
RESULT: {}
COMMAND: POST /session/29de018fc78c4ddf2f3cc8d21157dbb6/element/7AD0CF86456C012AF393A20BA7DF42F4_element_59/elements - {"using":"css selector","value":"th,td"}
RESULT: {"using":"css selector","value":"th,td"}
COMMAND: GET /session/29de018fc78c4ddf2f3cc8d21157dbb6/element/7AD0CF86456C012AF393A20BA7DF42F4_element_63/text - {}
RESULT: {}
COMMAND: GET /session/29de018fc78c4ddf2f3cc8d21157dbb6/element/7AD0CF86456C012AF393A20BA7DF42F4_element_64/text - {}
RESULT: {}
]]></system-out>
    </testcase>
    <testcase classname="chrome.117_0_5938_132.linux.Invoice_Page_Test.Vendor:_Vendor_Three,Invoice:2005-09" name="should validate invoice table data" time="1.978">
      <system-out><![CDATA[
COMMAND: POST /session/29de018fc78c4ddf2f3cc8d21157dbb6/url - {"url":"https://pr-512.btm.dev.account.gov.uk/contracts/3/invoices/2005-09"}
RESULT: {"url":"https://pr-512.btm.dev.account.gov.uk/contracts/3/invoices/2005-09"}
COMMAND: POST /session/29de018fc78c4ddf2f3cc8d21157dbb6/execute/sync - {"script":"return (() => document.readyState === \"complete\").apply(null, arguments)","args":[]}
RESULT: {"script":"return (() => document.readyState === \"complete\").apply(null, arguments)","args":[]}
COMMAND: GET /session/29de018fc78c4ddf2f3cc8d21157dbb6/url - {}
RESULT: {}
COMMAND: POST /session/29de018fc78c4ddf2f3cc8d21157dbb6/element - {"using":"css selector","value":".govuk-heading-xl"}
RESULT: {"using":"css selector","value":".govuk-heading-xl"}
COMMAND: POST /session/29de018fc78c4ddf2f3cc8d21157dbb6/execute/sync - {"script":"return (function isElementDisplayed(element) {\n    function nodeIsElement(node) {\n        if (!node) {\n            return false;\n        }\n        switch (node.nodeType) {\n            case Node.ELEMEN ... (7807 more bytes)","args":[{"element-6066-11e4-a52e-4f735466cecf":"A5BE9FDAC05C26B797C3C1C13B57AB66_element_67","ELEMENT":"A5BE9FDAC05C26B797C3C1C13B57AB66_element_67"}]}
RESULT: {"script":"return (function isElementDisplayed(element) {\n    function nodeIsElement(node) {\n        if (!node) {\n            return false;\n        }\n        switch (node.nodeType) {\n            case Node.ELEMEN ... (7807 more bytes)","args":[{"element-6066-11e4-a52e-4f735466cecf":"A5BE9FDAC05C26B797C3C1C13B57AB66_element_67","ELEMENT":"A5BE9FDAC05C26B797C3C1C13B57AB66_element_67"}]}
COMMAND: POST /session/29de018fc78c4ddf2f3cc8d21157dbb6/element - {"using":"css selector","value":".govuk-heading-xl"}
RESULT: {"using":"css selector","value":".govuk-heading-xl"}
COMMAND: GET /session/29de018fc78c4ddf2f3cc8d21157dbb6/element/A5BE9FDAC05C26B797C3C1C13B57AB66_element_67/text - {}
RESULT: {}
COMMAND: POST /session/29de018fc78c4ddf2f3cc8d21157dbb6/element - {"using":"xpath","value":".//caption[contains(., \"Invoice\") and not(.//caption)]"}
RESULT: {"using":"xpath","value":".//caption[contains(., \"Invoice\") and not(.//caption)]"}
COMMAND: POST /session/29de018fc78c4ddf2f3cc8d21157dbb6/execute/sync - {"script":"return (function (elem, id) {\n        return (function parentElement() {\n        return this.parentElement;\n    }).call(elem, id);\n    }).apply(null, arguments)","args":[{"element-6066-11e4-a52e-4f735466cecf":"A5BE9FDAC05C26B797C3C1C13B57AB66_element_68","ELEMENT":"A5BE9FDAC05C26B797C3C1C13B57AB66_element_68"}]}
RESULT: {"script":"return (function (elem, id) {\n        return (function parentElement() {\n        return this.parentElement;\n    }).call(elem, id);\n    }).apply(null, arguments)","args":[{"element-6066-11e4-a52e-4f735466cecf":"A5BE9FDAC05C26B797C3C1C13B57AB66_element_68","ELEMENT":"A5BE9FDAC05C26B797C3C1C13B57AB66_element_68"}]}
COMMAND: POST /session/29de018fc78c4ddf2f3cc8d21157dbb6/execute/sync - {"script":"return (function isElementDisplayed(element) {\n    function nodeIsElement(node) {\n        if (!node) {\n            return false;\n        }\n        switch (node.nodeType) {\n            case Node.ELEMEN ... (7807 more bytes)","args":[{"element-6066-11e4-a52e-4f735466cecf":"A5BE9FDAC05C26B797C3C1C13B57AB66_element_69","ELEMENT":"A5BE9FDAC05C26B797C3C1C13B57AB66_element_69"}]}
RESULT: {"script":"return (function isElementDisplayed(element) {\n    function nodeIsElement(node) {\n        if (!node) {\n            return false;\n        }\n        switch (node.nodeType) {\n            case Node.ELEMEN ... (7807 more bytes)","args":[{"element-6066-11e4-a52e-4f735466cecf":"A5BE9FDAC05C26B797C3C1C13B57AB66_element_69","ELEMENT":"A5BE9FDAC05C26B797C3C1C13B57AB66_element_69"}]}
COMMAND: POST /session/29de018fc78c4ddf2f3cc8d21157dbb6/element/A5BE9FDAC05C26B797C3C1C13B57AB66_element_69/elements - {"using":"css selector","value":"tbody tr"}
RESULT: {"using":"css selector","value":"tbody tr"}
COMMAND: POST /session/29de018fc78c4ddf2f3cc8d21157dbb6/element/A5BE9FDAC05C26B797C3C1C13B57AB66_element_69/element - {"using":"css selector","value":"thead tr"}
RESULT: {"using":"css selector","value":"thead tr"}
COMMAND: POST /session/29de018fc78c4ddf2f3cc8d21157dbb6/element/A5BE9FDAC05C26B797C3C1C13B57AB66_element_72/elements - {"using":"css selector","value":"th"}
RESULT: {"using":"css selector","value":"th"}
COMMAND: GET /session/29de018fc78c4ddf2f3cc8d21157dbb6/element/A5BE9FDAC05C26B797C3C1C13B57AB66_element_73/text - {}
COMMAND: GET /session/29de018fc78c4ddf2f3cc8d21157dbb6/element/A5BE9FDAC05C26B797C3C1C13B57AB66_element_74/text - {}
COMMAND: GET /session/29de018fc78c4ddf2f3cc8d21157dbb6/element/A5BE9FDAC05C26B797C3C1C13B57AB66_element_76/text - {}
COMMAND: GET /session/29de018fc78c4ddf2f3cc8d21157dbb6/element/A5BE9FDAC05C26B797C3C1C13B57AB66_element_75/text - {}
COMMAND: GET /session/29de018fc78c4ddf2f3cc8d21157dbb6/element/A5BE9FDAC05C26B797C3C1C13B57AB66_element_77/text - {}
RESULT: {}
RESULT: {}
RESULT: {}
RESULT: {}
RESULT: {}
COMMAND: POST /session/29de018fc78c4ddf2f3cc8d21157dbb6/element/A5BE9FDAC05C26B797C3C1C13B57AB66_element_70/elements - {"using":"css selector","value":"th,td"}
RESULT: {"using":"css selector","value":"th,td"}
COMMAND: GET /session/29de018fc78c4ddf2f3cc8d21157dbb6/element/A5BE9FDAC05C26B797C3C1C13B57AB66_element_78/text - {}
RESULT: {}
COMMAND: GET /session/29de018fc78c4ddf2f3cc8d21157dbb6/element/A5BE9FDAC05C26B797C3C1C13B57AB66_element_79/text - {}
RESULT: {}
COMMAND: GET /session/29de018fc78c4ddf2f3cc8d21157dbb6/element/A5BE9FDAC05C26B797C3C1C13B57AB66_element_80/text - {}
RESULT: {}
COMMAND: GET /session/29de018fc78c4ddf2f3cc8d21157dbb6/element/A5BE9FDAC05C26B797C3C1C13B57AB66_element_81/text - {}
RESULT: {}
COMMAND: GET /session/29de018fc78c4ddf2f3cc8d21157dbb6/element/A5BE9FDAC05C26B797C3C1C13B57AB66_element_82/text - {}
RESULT: {}
COMMAND: POST /session/29de018fc78c4ddf2f3cc8d21157dbb6/element/A5BE9FDAC05C26B797C3C1C13B57AB66_element_71/elements - {"using":"css selector","value":"th,td"}
RESULT: {"using":"css selector","value":"th,td"}
COMMAND: GET /session/29de018fc78c4ddf2f3cc8d21157dbb6/element/A5BE9FDAC05C26B797C3C1C13B57AB66_element_83/text - {}
RESULT: {}
COMMAND: GET /session/29de018fc78c4ddf2f3cc8d21157dbb6/element/A5BE9FDAC05C26B797C3C1C13B57AB66_element_84/text - {}
RESULT: {}
COMMAND: GET /session/29de018fc78c4ddf2f3cc8d21157dbb6/element/A5BE9FDAC05C26B797C3C1C13B57AB66_element_85/text - {}
RESULT: {}
COMMAND: GET /session/29de018fc78c4ddf2f3cc8d21157dbb6/element/A5BE9FDAC05C26B797C3C1C13B57AB66_element_86/text - {}
RESULT: {}
COMMAND: GET /session/29de018fc78c4ddf2f3cc8d21157dbb6/element/A5BE9FDAC05C26B797C3C1C13B57AB66_element_87/text - {}
RESULT: {}
]]></system-out>
    </testcase>
  </testsuite>
  <testsuite name="Vendor Vendor Three Invoice 2023 03" timestamp="2023-10-16T14:51:15" time="5.409" tests="6" failures="0" errors="0" skipped="0">
    <properties>
      <property name="specId" value="0"/>
      <property name="suiteName" value="Vendor: Vendor Three,Invoice:2023-03"/>
      <property name="capabilities" value="chrome.117_0_5938_132.linux"/>
      <property name="file" value="file://./ui-tests/specs/invoice.spec.ts"/>
    </properties>
    <testcase classname="chrome.117_0_5938_132.linux.Invoice_Page_Test.Vendor:_Vendor_Three,Invoice:2023-03" name="should display correct status banner color and message" time="1.365">
      <system-out><![CDATA[
COMMAND: POST /session/29de018fc78c4ddf2f3cc8d21157dbb6/url - {"url":"https://pr-512.btm.dev.account.gov.uk/contracts/3/invoices/2023-03"}
RESULT: {"url":"https://pr-512.btm.dev.account.gov.uk/contracts/3/invoices/2023-03"}
COMMAND: POST /session/29de018fc78c4ddf2f3cc8d21157dbb6/execute/sync - {"script":"return (() => document.readyState === \"complete\").apply(null, arguments)","args":[]}
RESULT: {"script":"return (() => document.readyState === \"complete\").apply(null, arguments)","args":[]}
COMMAND: GET /session/29de018fc78c4ddf2f3cc8d21157dbb6/url - {}
RESULT: {}
COMMAND: POST /session/29de018fc78c4ddf2f3cc8d21157dbb6/element - {"using":"css selector","value":".govuk-heading-xl"}
RESULT: {"using":"css selector","value":".govuk-heading-xl"}
COMMAND: POST /session/29de018fc78c4ddf2f3cc8d21157dbb6/execute/sync - {"script":"return (function isElementDisplayed(element) {\n    function nodeIsElement(node) {\n        if (!node) {\n            return false;\n        }\n        switch (node.nodeType) {\n            case Node.ELEMEN ... (7807 more bytes)","args":[{"element-6066-11e4-a52e-4f735466cecf":"0011042E26DC7CDD9FF0D7D6B58E4B42_element_90","ELEMENT":"0011042E26DC7CDD9FF0D7D6B58E4B42_element_90"}]}
RESULT: {"script":"return (function isElementDisplayed(element) {\n    function nodeIsElement(node) {\n        if (!node) {\n            return false;\n        }\n        switch (node.nodeType) {\n            case Node.ELEMEN ... (7807 more bytes)","args":[{"element-6066-11e4-a52e-4f735466cecf":"0011042E26DC7CDD9FF0D7D6B58E4B42_element_90","ELEMENT":"0011042E26DC7CDD9FF0D7D6B58E4B42_element_90"}]}
COMMAND: POST /session/29de018fc78c4ddf2f3cc8d21157dbb6/element - {"using":"css selector","value":".govuk-heading-xl"}
RESULT: {"using":"css selector","value":".govuk-heading-xl"}
COMMAND: GET /session/29de018fc78c4ddf2f3cc8d21157dbb6/element/0011042E26DC7CDD9FF0D7D6B58E4B42_element_90/text - {}
RESULT: {}
COMMAND: POST /session/29de018fc78c4ddf2f3cc8d21157dbb6/element - {"using":"css selector","value":"h2.govuk-panel__title"}
RESULT: {"using":"css selector","value":"h2.govuk-panel__title"}
COMMAND: POST /session/29de018fc78c4ddf2f3cc8d21157dbb6/execute/sync - {"script":"return (function isElementDisplayed(element) {\n    function nodeIsElement(node) {\n        if (!node) {\n            return false;\n        }\n        switch (node.nodeType) {\n            case Node.ELEMEN ... (7807 more bytes)","args":[{"element-6066-11e4-a52e-4f735466cecf":"0011042E26DC7CDD9FF0D7D6B58E4B42_element_91","ELEMENT":"0011042E26DC7CDD9FF0D7D6B58E4B42_element_91"}]}
RESULT: {"script":"return (function isElementDisplayed(element) {\n    function nodeIsElement(node) {\n        if (!node) {\n            return false;\n        }\n        switch (node.nodeType) {\n            case Node.ELEMEN ... (7807 more bytes)","args":[{"element-6066-11e4-a52e-4f735466cecf":"0011042E26DC7CDD9FF0D7D6B58E4B42_element_91","ELEMENT":"0011042E26DC7CDD9FF0D7D6B58E4B42_element_91"}]}
COMMAND: POST /session/29de018fc78c4ddf2f3cc8d21157dbb6/element - {"using":"css selector","value":"h2.govuk-panel__title"}
RESULT: {"using":"css selector","value":"h2.govuk-panel__title"}
COMMAND: GET /session/29de018fc78c4ddf2f3cc8d21157dbb6/element/0011042E26DC7CDD9FF0D7D6B58E4B42_element_91/text - {}
RESULT: {}
COMMAND: POST /session/29de018fc78c4ddf2f3cc8d21157dbb6/element - {"using":"css selector","value":".govuk-panel"}
RESULT: {"using":"css selector","value":".govuk-panel"}
COMMAND: POST /session/29de018fc78c4ddf2f3cc8d21157dbb6/execute/sync - {"script":"return (function isElementDisplayed(element) {\n    function nodeIsElement(node) {\n        if (!node) {\n            return false;\n        }\n        switch (node.nodeType) {\n            case Node.ELEMEN ... (7807 more bytes)","args":[{"element-6066-11e4-a52e-4f735466cecf":"0011042E26DC7CDD9FF0D7D6B58E4B42_element_92","ELEMENT":"0011042E26DC7CDD9FF0D7D6B58E4B42_element_92"}]}
RESULT: {"script":"return (function isElementDisplayed(element) {\n    function nodeIsElement(node) {\n        if (!node) {\n            return false;\n        }\n        switch (node.nodeType) {\n            case Node.ELEMEN ... (7807 more bytes)","args":[{"element-6066-11e4-a52e-4f735466cecf":"0011042E26DC7CDD9FF0D7D6B58E4B42_element_92","ELEMENT":"0011042E26DC7CDD9FF0D7D6B58E4B42_element_92"}]}
COMMAND: GET /session/29de018fc78c4ddf2f3cc8d21157dbb6/element/0011042E26DC7CDD9FF0D7D6B58E4B42_element_92/css/background-color - {}
RESULT: {}
]]></system-out>
    </testcase>
    <testcase classname="chrome.117_0_5938_132.linux.Invoice_Page_Test.Vendor:_Vendor_Three,Invoice:2023-03" name="should validate reconciliation table data" time="0.747">
      <system-out><![CDATA[
COMMAND: POST /session/29de018fc78c4ddf2f3cc8d21157dbb6/url - {"url":"https://pr-512.btm.dev.account.gov.uk/contracts/3/invoices/2023-03"}
RESULT: {"url":"https://pr-512.btm.dev.account.gov.uk/contracts/3/invoices/2023-03"}
COMMAND: POST /session/29de018fc78c4ddf2f3cc8d21157dbb6/execute/sync - {"script":"return (() => document.readyState === \"complete\").apply(null, arguments)","args":[]}
RESULT: {"script":"return (() => document.readyState === \"complete\").apply(null, arguments)","args":[]}
COMMAND: GET /session/29de018fc78c4ddf2f3cc8d21157dbb6/url - {}
RESULT: {}
COMMAND: POST /session/29de018fc78c4ddf2f3cc8d21157dbb6/element - {"using":"css selector","value":".govuk-heading-xl"}
RESULT: {"using":"css selector","value":".govuk-heading-xl"}
COMMAND: POST /session/29de018fc78c4ddf2f3cc8d21157dbb6/execute/sync - {"script":"return (function isElementDisplayed(element) {\n    function nodeIsElement(node) {\n        if (!node) {\n            return false;\n        }\n        switch (node.nodeType) {\n            case Node.ELEMEN ... (7807 more bytes)","args":[{"element-6066-11e4-a52e-4f735466cecf":"6E91B8290D8A4382364241142073AF6E_element_95","ELEMENT":"6E91B8290D8A4382364241142073AF6E_element_95"}]}
RESULT: {"script":"return (function isElementDisplayed(element) {\n    function nodeIsElement(node) {\n        if (!node) {\n            return false;\n        }\n        switch (node.nodeType) {\n            case Node.ELEMEN ... (7807 more bytes)","args":[{"element-6066-11e4-a52e-4f735466cecf":"6E91B8290D8A4382364241142073AF6E_element_95","ELEMENT":"6E91B8290D8A4382364241142073AF6E_element_95"}]}
COMMAND: POST /session/29de018fc78c4ddf2f3cc8d21157dbb6/element - {"using":"css selector","value":".govuk-heading-xl"}
RESULT: {"using":"css selector","value":".govuk-heading-xl"}
COMMAND: GET /session/29de018fc78c4ddf2f3cc8d21157dbb6/element/6E91B8290D8A4382364241142073AF6E_element_95/text - {}
RESULT: {}
COMMAND: POST /session/29de018fc78c4ddf2f3cc8d21157dbb6/element - {"using":"xpath","value":".//caption[contains(., \"Reconciliation\") and not(.//caption)]"}
RESULT: {"using":"xpath","value":".//caption[contains(., \"Reconciliation\") and not(.//caption)]"}
COMMAND: POST /session/29de018fc78c4ddf2f3cc8d21157dbb6/execute/sync - {"script":"return (function (elem, id) {\n        return (function parentElement() {\n        return this.parentElement;\n    }).call(elem, id);\n    }).apply(null, arguments)","args":[{"element-6066-11e4-a52e-4f735466cecf":"6E91B8290D8A4382364241142073AF6E_element_96","ELEMENT":"6E91B8290D8A4382364241142073AF6E_element_96"}]}
RESULT: {"script":"return (function (elem, id) {\n        return (function parentElement() {\n        return this.parentElement;\n    }).call(elem, id);\n    }).apply(null, arguments)","args":[{"element-6066-11e4-a52e-4f735466cecf":"6E91B8290D8A4382364241142073AF6E_element_96","ELEMENT":"6E91B8290D8A4382364241142073AF6E_element_96"}]}
COMMAND: POST /session/29de018fc78c4ddf2f3cc8d21157dbb6/execute/sync - {"script":"return (function isElementDisplayed(element) {\n    function nodeIsElement(node) {\n        if (!node) {\n            return false;\n        }\n        switch (node.nodeType) {\n            case Node.ELEMEN ... (7807 more bytes)","args":[{"element-6066-11e4-a52e-4f735466cecf":"6E91B8290D8A4382364241142073AF6E_element_97","ELEMENT":"6E91B8290D8A4382364241142073AF6E_element_97"}]}
RESULT: {"script":"return (function isElementDisplayed(element) {\n    function nodeIsElement(node) {\n        if (!node) {\n            return false;\n        }\n        switch (node.nodeType) {\n            case Node.ELEMEN ... (7807 more bytes)","args":[{"element-6066-11e4-a52e-4f735466cecf":"6E91B8290D8A4382364241142073AF6E_element_97","ELEMENT":"6E91B8290D8A4382364241142073AF6E_element_97"}]}
COMMAND: POST /session/29de018fc78c4ddf2f3cc8d21157dbb6/element/6E91B8290D8A4382364241142073AF6E_element_97/elements - {"using":"css selector","value":"tbody tr"}
RESULT: {"using":"css selector","value":"tbody tr"}
COMMAND: POST /session/29de018fc78c4ddf2f3cc8d21157dbb6/element/6E91B8290D8A4382364241142073AF6E_element_97/element - {"using":"css selector","value":"thead tr"}
RESULT: {"using":"css selector","value":"thead tr"}
COMMAND: POST /session/29de018fc78c4ddf2f3cc8d21157dbb6/element/6E91B8290D8A4382364241142073AF6E_element_100/elements - {"using":"css selector","value":"th"}
RESULT: {"using":"css selector","value":"th"}
COMMAND: GET /session/29de018fc78c4ddf2f3cc8d21157dbb6/element/6E91B8290D8A4382364241142073AF6E_element_101/text - {}
COMMAND: GET /session/29de018fc78c4ddf2f3cc8d21157dbb6/element/6E91B8290D8A4382364241142073AF6E_element_102/text - {}
COMMAND: GET /session/29de018fc78c4ddf2f3cc8d21157dbb6/element/6E91B8290D8A4382364241142073AF6E_element_104/text - {}
COMMAND: GET /session/29de018fc78c4ddf2f3cc8d21157dbb6/element/6E91B8290D8A4382364241142073AF6E_element_103/text - {}
COMMAND: GET /session/29de018fc78c4ddf2f3cc8d21157dbb6/element/6E91B8290D8A4382364241142073AF6E_element_105/text - {}
RESULT: {}
RESULT: {}
RESULT: {}
RESULT: {}
RESULT: {}
COMMAND: POST /session/29de018fc78c4ddf2f3cc8d21157dbb6/element/6E91B8290D8A4382364241142073AF6E_element_98/elements - {"using":"css selector","value":"th,td"}
RESULT: {"using":"css selector","value":"th,td"}
COMMAND: GET /session/29de018fc78c4ddf2f3cc8d21157dbb6/element/6E91B8290D8A4382364241142073AF6E_element_106/text - {}
RESULT: {}
COMMAND: GET /session/29de018fc78c4ddf2f3cc8d21157dbb6/element/6E91B8290D8A4382364241142073AF6E_element_107/text - {}
RESULT: {}
COMMAND: GET /session/29de018fc78c4ddf2f3cc8d21157dbb6/element/6E91B8290D8A4382364241142073AF6E_element_108/text - {}
RESULT: {}
COMMAND: GET /session/29de018fc78c4ddf2f3cc8d21157dbb6/element/6E91B8290D8A4382364241142073AF6E_element_109/text - {}
RESULT: {}
COMMAND: GET /session/29de018fc78c4ddf2f3cc8d21157dbb6/element/6E91B8290D8A4382364241142073AF6E_element_110/text - {}
RESULT: {}
COMMAND: POST /session/29de018fc78c4ddf2f3cc8d21157dbb6/element/6E91B8290D8A4382364241142073AF6E_element_99/elements - {"using":"css selector","value":"th,td"}
RESULT: {"using":"css selector","value":"th,td"}
COMMAND: GET /session/29de018fc78c4ddf2f3cc8d21157dbb6/element/6E91B8290D8A4382364241142073AF6E_element_111/text - {}
RESULT: {}
COMMAND: GET /session/29de018fc78c4ddf2f3cc8d21157dbb6/element/6E91B8290D8A4382364241142073AF6E_element_112/text - {}
RESULT: {}
COMMAND: GET /session/29de018fc78c4ddf2f3cc8d21157dbb6/element/6E91B8290D8A4382364241142073AF6E_element_113/text - {}
RESULT: {}
COMMAND: GET /session/29de018fc78c4ddf2f3cc8d21157dbb6/element/6E91B8290D8A4382364241142073AF6E_element_114/text - {}
RESULT: {}
COMMAND: GET /session/29de018fc78c4ddf2f3cc8d21157dbb6/element/6E91B8290D8A4382364241142073AF6E_element_115/text - {}
RESULT: {}
]]></system-out>
    </testcase>
    <testcase classname="chrome.117_0_5938_132.linux.Invoice_Page_Test.Vendor:_Vendor_Three,Invoice:2023-03" name="should validate quantity events table data" time="0.82">
      <system-out><![CDATA[
COMMAND: POST /session/29de018fc78c4ddf2f3cc8d21157dbb6/url - {"url":"https://pr-512.btm.dev.account.gov.uk/contracts/3/invoices/2023-03"}
RESULT: {"url":"https://pr-512.btm.dev.account.gov.uk/contracts/3/invoices/2023-03"}
COMMAND: POST /session/29de018fc78c4ddf2f3cc8d21157dbb6/execute/sync - {"script":"return (() => document.readyState === \"complete\").apply(null, arguments)","args":[]}
RESULT: {"script":"return (() => document.readyState === \"complete\").apply(null, arguments)","args":[]}
COMMAND: GET /session/29de018fc78c4ddf2f3cc8d21157dbb6/url - {}
RESULT: {}
COMMAND: POST /session/29de018fc78c4ddf2f3cc8d21157dbb6/element - {"using":"css selector","value":".govuk-heading-xl"}
RESULT: {"using":"css selector","value":".govuk-heading-xl"}
COMMAND: POST /session/29de018fc78c4ddf2f3cc8d21157dbb6/execute/sync - {"script":"return (function isElementDisplayed(element) {\n    function nodeIsElement(node) {\n        if (!node) {\n            return false;\n        }\n        switch (node.nodeType) {\n            case Node.ELEMEN ... (7807 more bytes)","args":[{"element-6066-11e4-a52e-4f735466cecf":"2A4FBEECD78405ABD554CAFEB47EB188_element_118","ELEMENT":"2A4FBEECD78405ABD554CAFEB47EB188_element_118"}]}
RESULT: {"script":"return (function isElementDisplayed(element) {\n    function nodeIsElement(node) {\n        if (!node) {\n            return false;\n        }\n        switch (node.nodeType) {\n            case Node.ELEMEN ... (7807 more bytes)","args":[{"element-6066-11e4-a52e-4f735466cecf":"2A4FBEECD78405ABD554CAFEB47EB188_element_118","ELEMENT":"2A4FBEECD78405ABD554CAFEB47EB188_element_118"}]}
COMMAND: POST /session/29de018fc78c4ddf2f3cc8d21157dbb6/element - {"using":"css selector","value":".govuk-heading-xl"}
RESULT: {"using":"css selector","value":".govuk-heading-xl"}
COMMAND: GET /session/29de018fc78c4ddf2f3cc8d21157dbb6/element/2A4FBEECD78405ABD554CAFEB47EB188_element_118/text - {}
RESULT: {}
COMMAND: POST /session/29de018fc78c4ddf2f3cc8d21157dbb6/element - {"using":"xpath","value":".//caption[contains(., \"Quantity (events)\") and not(.//caption)]"}
RESULT: {"using":"xpath","value":".//caption[contains(., \"Quantity (events)\") and not(.//caption)]"}
COMMAND: POST /session/29de018fc78c4ddf2f3cc8d21157dbb6/execute/sync - {"script":"return (function (elem, id) {\n        return (function parentElement() {\n        return this.parentElement;\n    }).call(elem, id);\n    }).apply(null, arguments)","args":[{"element-6066-11e4-a52e-4f735466cecf":"2A4FBEECD78405ABD554CAFEB47EB188_element_119","ELEMENT":"2A4FBEECD78405ABD554CAFEB47EB188_element_119"}]}
RESULT: {"script":"return (function (elem, id) {\n        return (function parentElement() {\n        return this.parentElement;\n    }).call(elem, id);\n    }).apply(null, arguments)","args":[{"element-6066-11e4-a52e-4f735466cecf":"2A4FBEECD78405ABD554CAFEB47EB188_element_119","ELEMENT":"2A4FBEECD78405ABD554CAFEB47EB188_element_119"}]}
COMMAND: POST /session/29de018fc78c4ddf2f3cc8d21157dbb6/execute/sync - {"script":"return (function isElementDisplayed(element) {\n    function nodeIsElement(node) {\n        if (!node) {\n            return false;\n        }\n        switch (node.nodeType) {\n            case Node.ELEMEN ... (7807 more bytes)","args":[{"element-6066-11e4-a52e-4f735466cecf":"2A4FBEECD78405ABD554CAFEB47EB188_element_120","ELEMENT":"2A4FBEECD78405ABD554CAFEB47EB188_element_120"}]}
RESULT: {"script":"return (function isElementDisplayed(element) {\n    function nodeIsElement(node) {\n        if (!node) {\n            return false;\n        }\n        switch (node.nodeType) {\n            case Node.ELEMEN ... (7807 more bytes)","args":[{"element-6066-11e4-a52e-4f735466cecf":"2A4FBEECD78405ABD554CAFEB47EB188_element_120","ELEMENT":"2A4FBEECD78405ABD554CAFEB47EB188_element_120"}]}
COMMAND: POST /session/29de018fc78c4ddf2f3cc8d21157dbb6/element/2A4FBEECD78405ABD554CAFEB47EB188_element_120/elements - {"using":"css selector","value":"tbody tr"}
RESULT: {"using":"css selector","value":"tbody tr"}
COMMAND: POST /session/29de018fc78c4ddf2f3cc8d21157dbb6/element/2A4FBEECD78405ABD554CAFEB47EB188_element_120/element - {"using":"css selector","value":"thead tr"}
RESULT: {"using":"css selector","value":"thead tr"}
COMMAND: POST /session/29de018fc78c4ddf2f3cc8d21157dbb6/element/2A4FBEECD78405ABD554CAFEB47EB188_element_123/elements - {"using":"css selector","value":"th"}
RESULT: {"using":"css selector","value":"th"}
COMMAND: GET /session/29de018fc78c4ddf2f3cc8d21157dbb6/element/2A4FBEECD78405ABD554CAFEB47EB188_element_124/text - {}
COMMAND: GET /session/29de018fc78c4ddf2f3cc8d21157dbb6/element/2A4FBEECD78405ABD554CAFEB47EB188_element_125/text - {}
COMMAND: GET /session/29de018fc78c4ddf2f3cc8d21157dbb6/element/2A4FBEECD78405ABD554CAFEB47EB188_element_127/text - {}
COMMAND: GET /session/29de018fc78c4ddf2f3cc8d21157dbb6/element/2A4FBEECD78405ABD554CAFEB47EB188_element_126/text - {}
RESULT: {}
RESULT: {}
RESULT: {}
RESULT: {}
COMMAND: POST /session/29de018fc78c4ddf2f3cc8d21157dbb6/element/2A4FBEECD78405ABD554CAFEB47EB188_element_121/elements - {"using":"css selector","value":"th,td"}
RESULT: {"using":"css selector","value":"th,td"}
COMMAND: GET /session/29de018fc78c4ddf2f3cc8d21157dbb6/element/2A4FBEECD78405ABD554CAFEB47EB188_element_128/text - {}
RESULT: {}
COMMAND: GET /session/29de018fc78c4ddf2f3cc8d21157dbb6/element/2A4FBEECD78405ABD554CAFEB47EB188_element_129/text - {}
RESULT: {}
COMMAND: GET /session/29de018fc78c4ddf2f3cc8d21157dbb6/element/2A4FBEECD78405ABD554CAFEB47EB188_element_130/text - {}
RESULT: {}
COMMAND: GET /session/29de018fc78c4ddf2f3cc8d21157dbb6/element/2A4FBEECD78405ABD554CAFEB47EB188_element_131/text - {}
RESULT: {}
COMMAND: POST /session/29de018fc78c4ddf2f3cc8d21157dbb6/element/2A4FBEECD78405ABD554CAFEB47EB188_element_122/elements - {"using":"css selector","value":"th,td"}
RESULT: {"using":"css selector","value":"th,td"}
COMMAND: GET /session/29de018fc78c4ddf2f3cc8d21157dbb6/element/2A4FBEECD78405ABD554CAFEB47EB188_element_132/text - {}
RESULT: {}
COMMAND: GET /session/29de018fc78c4ddf2f3cc8d21157dbb6/element/2A4FBEECD78405ABD554CAFEB47EB188_element_133/text - {}
RESULT: {}
COMMAND: GET /session/29de018fc78c4ddf2f3cc8d21157dbb6/element/2A4FBEECD78405ABD554CAFEB47EB188_element_134/text - {}
RESULT: {}
COMMAND: GET /session/29de018fc78c4ddf2f3cc8d21157dbb6/element/2A4FBEECD78405ABD554CAFEB47EB188_element_135/text - {}
RESULT: {}
]]></system-out>
    </testcase>
    <testcase classname="chrome.117_0_5938_132.linux.Invoice_Page_Test.Vendor:_Vendor_Three,Invoice:2023-03" name="should validate price table data" time="0.669">
      <system-out><![CDATA[
COMMAND: POST /session/29de018fc78c4ddf2f3cc8d21157dbb6/url - {"url":"https://pr-512.btm.dev.account.gov.uk/contracts/3/invoices/2023-03"}
RESULT: {"url":"https://pr-512.btm.dev.account.gov.uk/contracts/3/invoices/2023-03"}
COMMAND: POST /session/29de018fc78c4ddf2f3cc8d21157dbb6/execute/sync - {"script":"return (() => document.readyState === \"complete\").apply(null, arguments)","args":[]}
RESULT: {"script":"return (() => document.readyState === \"complete\").apply(null, arguments)","args":[]}
COMMAND: GET /session/29de018fc78c4ddf2f3cc8d21157dbb6/url - {}
RESULT: {}
COMMAND: POST /session/29de018fc78c4ddf2f3cc8d21157dbb6/element - {"using":"css selector","value":".govuk-heading-xl"}
RESULT: {"using":"css selector","value":".govuk-heading-xl"}
COMMAND: POST /session/29de018fc78c4ddf2f3cc8d21157dbb6/execute/sync - {"script":"return (function isElementDisplayed(element) {\n    function nodeIsElement(node) {\n        if (!node) {\n            return false;\n        }\n        switch (node.nodeType) {\n            case Node.ELEMEN ... (7807 more bytes)","args":[{"element-6066-11e4-a52e-4f735466cecf":"C5A5461AC3A7E649C6E9228089EF3087_element_138","ELEMENT":"C5A5461AC3A7E649C6E9228089EF3087_element_138"}]}
RESULT: {"script":"return (function isElementDisplayed(element) {\n    function nodeIsElement(node) {\n        if (!node) {\n            return false;\n        }\n        switch (node.nodeType) {\n            case Node.ELEMEN ... (7807 more bytes)","args":[{"element-6066-11e4-a52e-4f735466cecf":"C5A5461AC3A7E649C6E9228089EF3087_element_138","ELEMENT":"C5A5461AC3A7E649C6E9228089EF3087_element_138"}]}
COMMAND: POST /session/29de018fc78c4ddf2f3cc8d21157dbb6/element - {"using":"css selector","value":".govuk-heading-xl"}
RESULT: {"using":"css selector","value":".govuk-heading-xl"}
COMMAND: GET /session/29de018fc78c4ddf2f3cc8d21157dbb6/element/C5A5461AC3A7E649C6E9228089EF3087_element_138/text - {}
RESULT: {}
COMMAND: POST /session/29de018fc78c4ddf2f3cc8d21157dbb6/element - {"using":"xpath","value":".//caption[contains(., \"Price\") and not(.//caption)]"}
RESULT: {"using":"xpath","value":".//caption[contains(., \"Price\") and not(.//caption)]"}
COMMAND: POST /session/29de018fc78c4ddf2f3cc8d21157dbb6/execute/sync - {"script":"return (function (elem, id) {\n        return (function parentElement() {\n        return this.parentElement;\n    }).call(elem, id);\n    }).apply(null, arguments)","args":[{"element-6066-11e4-a52e-4f735466cecf":"C5A5461AC3A7E649C6E9228089EF3087_element_139","ELEMENT":"C5A5461AC3A7E649C6E9228089EF3087_element_139"}]}
RESULT: {"script":"return (function (elem, id) {\n        return (function parentElement() {\n        return this.parentElement;\n    }).call(elem, id);\n    }).apply(null, arguments)","args":[{"element-6066-11e4-a52e-4f735466cecf":"C5A5461AC3A7E649C6E9228089EF3087_element_139","ELEMENT":"C5A5461AC3A7E649C6E9228089EF3087_element_139"}]}
COMMAND: POST /session/29de018fc78c4ddf2f3cc8d21157dbb6/execute/sync - {"script":"return (function isElementDisplayed(element) {\n    function nodeIsElement(node) {\n        if (!node) {\n            return false;\n        }\n        switch (node.nodeType) {\n            case Node.ELEMEN ... (7807 more bytes)","args":[{"element-6066-11e4-a52e-4f735466cecf":"C5A5461AC3A7E649C6E9228089EF3087_element_140","ELEMENT":"C5A5461AC3A7E649C6E9228089EF3087_element_140"}]}
RESULT: {"script":"return (function isElementDisplayed(element) {\n    function nodeIsElement(node) {\n        if (!node) {\n            return false;\n        }\n        switch (node.nodeType) {\n            case Node.ELEMEN ... (7807 more bytes)","args":[{"element-6066-11e4-a52e-4f735466cecf":"C5A5461AC3A7E649C6E9228089EF3087_element_140","ELEMENT":"C5A5461AC3A7E649C6E9228089EF3087_element_140"}]}
COMMAND: POST /session/29de018fc78c4ddf2f3cc8d21157dbb6/element/C5A5461AC3A7E649C6E9228089EF3087_element_140/elements - {"using":"css selector","value":"tbody tr"}
RESULT: {"using":"css selector","value":"tbody tr"}
COMMAND: POST /session/29de018fc78c4ddf2f3cc8d21157dbb6/element/C5A5461AC3A7E649C6E9228089EF3087_element_140/element - {"using":"css selector","value":"thead tr"}
RESULT: {"using":"css selector","value":"thead tr"}
COMMAND: POST /session/29de018fc78c4ddf2f3cc8d21157dbb6/element/C5A5461AC3A7E649C6E9228089EF3087_element_143/elements - {"using":"css selector","value":"th"}
RESULT: {"using":"css selector","value":"th"}
COMMAND: GET /session/29de018fc78c4ddf2f3cc8d21157dbb6/element/C5A5461AC3A7E649C6E9228089EF3087_element_144/text - {}
COMMAND: GET /session/29de018fc78c4ddf2f3cc8d21157dbb6/element/C5A5461AC3A7E649C6E9228089EF3087_element_145/text - {}
COMMAND: GET /session/29de018fc78c4ddf2f3cc8d21157dbb6/element/C5A5461AC3A7E649C6E9228089EF3087_element_147/text - {}
COMMAND: GET /session/29de018fc78c4ddf2f3cc8d21157dbb6/element/C5A5461AC3A7E649C6E9228089EF3087_element_146/text - {}
RESULT: {}
RESULT: {}
RESULT: {}
RESULT: {}
COMMAND: POST /session/29de018fc78c4ddf2f3cc8d21157dbb6/element/C5A5461AC3A7E649C6E9228089EF3087_element_141/elements - {"using":"css selector","value":"th,td"}
RESULT: {"using":"css selector","value":"th,td"}
COMMAND: GET /session/29de018fc78c4ddf2f3cc8d21157dbb6/element/C5A5461AC3A7E649C6E9228089EF3087_element_148/text - {}
RESULT: {}
COMMAND: GET /session/29de018fc78c4ddf2f3cc8d21157dbb6/element/C5A5461AC3A7E649C6E9228089EF3087_element_149/text - {}
RESULT: {}
COMMAND: GET /session/29de018fc78c4ddf2f3cc8d21157dbb6/element/C5A5461AC3A7E649C6E9228089EF3087_element_150/text - {}
RESULT: {}
COMMAND: GET /session/29de018fc78c4ddf2f3cc8d21157dbb6/element/C5A5461AC3A7E649C6E9228089EF3087_element_151/text - {}
RESULT: {}
COMMAND: POST /session/29de018fc78c4ddf2f3cc8d21157dbb6/element/C5A5461AC3A7E649C6E9228089EF3087_element_142/elements - {"using":"css selector","value":"th,td"}
RESULT: {"using":"css selector","value":"th,td"}
COMMAND: GET /session/29de018fc78c4ddf2f3cc8d21157dbb6/element/C5A5461AC3A7E649C6E9228089EF3087_element_152/text - {}
RESULT: {}
COMMAND: GET /session/29de018fc78c4ddf2f3cc8d21157dbb6/element/C5A5461AC3A7E649C6E9228089EF3087_element_153/text - {}
RESULT: {}
COMMAND: GET /session/29de018fc78c4ddf2f3cc8d21157dbb6/element/C5A5461AC3A7E649C6E9228089EF3087_element_154/text - {}
RESULT: {}
COMMAND: GET /session/29de018fc78c4ddf2f3cc8d21157dbb6/element/C5A5461AC3A7E649C6E9228089EF3087_element_155/text - {}
RESULT: {}
]]></system-out>
    </testcase>
    <testcase classname="chrome.117_0_5938_132.linux.Invoice_Page_Test.Vendor:_Vendor_Three,Invoice:2023-03" name="should validate measured events table data" time="0.776">
      <system-out><![CDATA[
COMMAND: POST /session/29de018fc78c4ddf2f3cc8d21157dbb6/url - {"url":"https://pr-512.btm.dev.account.gov.uk/contracts/3/invoices/2023-03"}
RESULT: {"url":"https://pr-512.btm.dev.account.gov.uk/contracts/3/invoices/2023-03"}
COMMAND: POST /session/29de018fc78c4ddf2f3cc8d21157dbb6/execute/sync - {"script":"return (() => document.readyState === \"complete\").apply(null, arguments)","args":[]}
RESULT: {"script":"return (() => document.readyState === \"complete\").apply(null, arguments)","args":[]}
COMMAND: GET /session/29de018fc78c4ddf2f3cc8d21157dbb6/url - {}
RESULT: {}
COMMAND: POST /session/29de018fc78c4ddf2f3cc8d21157dbb6/element - {"using":"css selector","value":".govuk-heading-xl"}
RESULT: {"using":"css selector","value":".govuk-heading-xl"}
COMMAND: POST /session/29de018fc78c4ddf2f3cc8d21157dbb6/execute/sync - {"script":"return (function isElementDisplayed(element) {\n    function nodeIsElement(node) {\n        if (!node) {\n            return false;\n        }\n        switch (node.nodeType) {\n            case Node.ELEMEN ... (7807 more bytes)","args":[{"element-6066-11e4-a52e-4f735466cecf":"A5FC458C96D3557733868EBC59B0C24E_element_158","ELEMENT":"A5FC458C96D3557733868EBC59B0C24E_element_158"}]}
RESULT: {"script":"return (function isElementDisplayed(element) {\n    function nodeIsElement(node) {\n        if (!node) {\n            return false;\n        }\n        switch (node.nodeType) {\n            case Node.ELEMEN ... (7807 more bytes)","args":[{"element-6066-11e4-a52e-4f735466cecf":"A5FC458C96D3557733868EBC59B0C24E_element_158","ELEMENT":"A5FC458C96D3557733868EBC59B0C24E_element_158"}]}
COMMAND: POST /session/29de018fc78c4ddf2f3cc8d21157dbb6/element - {"using":"css selector","value":".govuk-heading-xl"}
RESULT: {"using":"css selector","value":".govuk-heading-xl"}
COMMAND: GET /session/29de018fc78c4ddf2f3cc8d21157dbb6/element/A5FC458C96D3557733868EBC59B0C24E_element_158/text - {}
RESULT: {}
COMMAND: POST /session/29de018fc78c4ddf2f3cc8d21157dbb6/element - {"using":"xpath","value":".//caption[contains(., \"Measured (events)\") and not(.//caption)]"}
RESULT: {"using":"xpath","value":".//caption[contains(., \"Measured (events)\") and not(.//caption)]"}
COMMAND: POST /session/29de018fc78c4ddf2f3cc8d21157dbb6/execute/sync - {"script":"return (function (elem, id) {\n        return (function parentElement() {\n        return this.parentElement;\n    }).call(elem, id);\n    }).apply(null, arguments)","args":[{"element-6066-11e4-a52e-4f735466cecf":"A5FC458C96D3557733868EBC59B0C24E_element_159","ELEMENT":"A5FC458C96D3557733868EBC59B0C24E_element_159"}]}
RESULT: {"script":"return (function (elem, id) {\n        return (function parentElement() {\n        return this.parentElement;\n    }).call(elem, id);\n    }).apply(null, arguments)","args":[{"element-6066-11e4-a52e-4f735466cecf":"A5FC458C96D3557733868EBC59B0C24E_element_159","ELEMENT":"A5FC458C96D3557733868EBC59B0C24E_element_159"}]}
COMMAND: POST /session/29de018fc78c4ddf2f3cc8d21157dbb6/execute/sync - {"script":"return (function isElementDisplayed(element) {\n    function nodeIsElement(node) {\n        if (!node) {\n            return false;\n        }\n        switch (node.nodeType) {\n            case Node.ELEMEN ... (7807 more bytes)","args":[{"element-6066-11e4-a52e-4f735466cecf":"A5FC458C96D3557733868EBC59B0C24E_element_160","ELEMENT":"A5FC458C96D3557733868EBC59B0C24E_element_160"}]}
RESULT: {"script":"return (function isElementDisplayed(element) {\n    function nodeIsElement(node) {\n        if (!node) {\n            return false;\n        }\n        switch (node.nodeType) {\n            case Node.ELEMEN ... (7807 more bytes)","args":[{"element-6066-11e4-a52e-4f735466cecf":"A5FC458C96D3557733868EBC59B0C24E_element_160","ELEMENT":"A5FC458C96D3557733868EBC59B0C24E_element_160"}]}
COMMAND: POST /session/29de018fc78c4ddf2f3cc8d21157dbb6/element/A5FC458C96D3557733868EBC59B0C24E_element_160/elements - {"using":"css selector","value":"tbody tr"}
RESULT: {"using":"css selector","value":"tbody tr"}
COMMAND: POST /session/29de018fc78c4ddf2f3cc8d21157dbb6/element/A5FC458C96D3557733868EBC59B0C24E_element_160/element - {"using":"css selector","value":"thead tr"}
RESULT: {"using":"css selector","value":"thead tr"}
COMMAND: POST /session/29de018fc78c4ddf2f3cc8d21157dbb6/element/A5FC458C96D3557733868EBC59B0C24E_element_163/elements - {"using":"css selector","value":"th"}
RESULT: {"using":"css selector","value":"th"}
COMMAND: GET /session/29de018fc78c4ddf2f3cc8d21157dbb6/element/A5FC458C96D3557733868EBC59B0C24E_element_164/text - {}
COMMAND: GET /session/29de018fc78c4ddf2f3cc8d21157dbb6/element/A5FC458C96D3557733868EBC59B0C24E_element_165/text - {}
RESULT: {}
RESULT: {}
COMMAND: POST /session/29de018fc78c4ddf2f3cc8d21157dbb6/element/A5FC458C96D3557733868EBC59B0C24E_element_161/elements - {"using":"css selector","value":"th,td"}
RESULT: {"using":"css selector","value":"th,td"}
COMMAND: GET /session/29de018fc78c4ddf2f3cc8d21157dbb6/element/A5FC458C96D3557733868EBC59B0C24E_element_166/text - {}
RESULT: {}
COMMAND: GET /session/29de018fc78c4ddf2f3cc8d21157dbb6/element/A5FC458C96D3557733868EBC59B0C24E_element_167/text - {}
RESULT: {}
COMMAND: POST /session/29de018fc78c4ddf2f3cc8d21157dbb6/element/A5FC458C96D3557733868EBC59B0C24E_element_162/elements - {"using":"css selector","value":"th,td"}
RESULT: {"using":"css selector","value":"th,td"}
COMMAND: GET /session/29de018fc78c4ddf2f3cc8d21157dbb6/element/A5FC458C96D3557733868EBC59B0C24E_element_168/text - {}
RESULT: {}
COMMAND: GET /session/29de018fc78c4ddf2f3cc8d21157dbb6/element/A5FC458C96D3557733868EBC59B0C24E_element_169/text - {}
RESULT: {}
]]></system-out>
    </testcase>
    <testcase classname="chrome.117_0_5938_132.linux.Invoice_Page_Test.Vendor:_Vendor_Three,Invoice:2023-03" name="should validate invoice table data" time="1.028">
      <system-out><![CDATA[
COMMAND: POST /session/29de018fc78c4ddf2f3cc8d21157dbb6/url - {"url":"https://pr-512.btm.dev.account.gov.uk/contracts/3/invoices/2023-03"}
RESULT: {"url":"https://pr-512.btm.dev.account.gov.uk/contracts/3/invoices/2023-03"}
COMMAND: POST /session/29de018fc78c4ddf2f3cc8d21157dbb6/execute/sync - {"script":"return (() => document.readyState === \"complete\").apply(null, arguments)","args":[]}
RESULT: {"script":"return (() => document.readyState === \"complete\").apply(null, arguments)","args":[]}
COMMAND: GET /session/29de018fc78c4ddf2f3cc8d21157dbb6/url - {}
RESULT: {}
COMMAND: POST /session/29de018fc78c4ddf2f3cc8d21157dbb6/element - {"using":"css selector","value":".govuk-heading-xl"}
RESULT: {"using":"css selector","value":".govuk-heading-xl"}
COMMAND: POST /session/29de018fc78c4ddf2f3cc8d21157dbb6/execute/sync - {"script":"return (function isElementDisplayed(element) {\n    function nodeIsElement(node) {\n        if (!node) {\n            return false;\n        }\n        switch (node.nodeType) {\n            case Node.ELEMEN ... (7807 more bytes)","args":[{"element-6066-11e4-a52e-4f735466cecf":"77F093236BAE8451C5DEBC99D49DF128_element_174","ELEMENT":"77F093236BAE8451C5DEBC99D49DF128_element_174"}]}
RESULT: {"script":"return (function isElementDisplayed(element) {\n    function nodeIsElement(node) {\n        if (!node) {\n            return false;\n        }\n        switch (node.nodeType) {\n            case Node.ELEMEN ... (7807 more bytes)","args":[{"element-6066-11e4-a52e-4f735466cecf":"77F093236BAE8451C5DEBC99D49DF128_element_174","ELEMENT":"77F093236BAE8451C5DEBC99D49DF128_element_174"}]}
COMMAND: POST /session/29de018fc78c4ddf2f3cc8d21157dbb6/element - {"using":"css selector","value":".govuk-heading-xl"}
RESULT: {"using":"css selector","value":".govuk-heading-xl"}
COMMAND: GET /session/29de018fc78c4ddf2f3cc8d21157dbb6/element/77F093236BAE8451C5DEBC99D49DF128_element_174/text - {}
RESULT: {}
COMMAND: POST /session/29de018fc78c4ddf2f3cc8d21157dbb6/element - {"using":"xpath","value":".//caption[contains(., \"Invoice\") and not(.//caption)]"}
RESULT: {"using":"xpath","value":".//caption[contains(., \"Invoice\") and not(.//caption)]"}
COMMAND: POST /session/29de018fc78c4ddf2f3cc8d21157dbb6/execute/sync - {"script":"return (function (elem, id) {\n        return (function parentElement() {\n        return this.parentElement;\n    }).call(elem, id);\n    }).apply(null, arguments)","args":[{"element-6066-11e4-a52e-4f735466cecf":"77F093236BAE8451C5DEBC99D49DF128_element_175","ELEMENT":"77F093236BAE8451C5DEBC99D49DF128_element_175"}]}
RESULT: {"script":"return (function (elem, id) {\n        return (function parentElement() {\n        return this.parentElement;\n    }).call(elem, id);\n    }).apply(null, arguments)","args":[{"element-6066-11e4-a52e-4f735466cecf":"77F093236BAE8451C5DEBC99D49DF128_element_175","ELEMENT":"77F093236BAE8451C5DEBC99D49DF128_element_175"}]}
COMMAND: POST /session/29de018fc78c4ddf2f3cc8d21157dbb6/execute/sync - {"script":"return (function isElementDisplayed(element) {\n    function nodeIsElement(node) {\n        if (!node) {\n            return false;\n        }\n        switch (node.nodeType) {\n            case Node.ELEMEN ... (7807 more bytes)","args":[{"element-6066-11e4-a52e-4f735466cecf":"77F093236BAE8451C5DEBC99D49DF128_element_176","ELEMENT":"77F093236BAE8451C5DEBC99D49DF128_element_176"}]}
RESULT: {"script":"return (function isElementDisplayed(element) {\n    function nodeIsElement(node) {\n        if (!node) {\n            return false;\n        }\n        switch (node.nodeType) {\n            case Node.ELEMEN ... (7807 more bytes)","args":[{"element-6066-11e4-a52e-4f735466cecf":"77F093236BAE8451C5DEBC99D49DF128_element_176","ELEMENT":"77F093236BAE8451C5DEBC99D49DF128_element_176"}]}
COMMAND: POST /session/29de018fc78c4ddf2f3cc8d21157dbb6/element/77F093236BAE8451C5DEBC99D49DF128_element_176/elements - {"using":"css selector","value":"tbody tr"}
RESULT: {"using":"css selector","value":"tbody tr"}
COMMAND: POST /session/29de018fc78c4ddf2f3cc8d21157dbb6/element/77F093236BAE8451C5DEBC99D49DF128_element_176/element - {"using":"css selector","value":"thead tr"}
RESULT: {"using":"css selector","value":"thead tr"}
COMMAND: POST /session/29de018fc78c4ddf2f3cc8d21157dbb6/element/77F093236BAE8451C5DEBC99D49DF128_element_180/elements - {"using":"css selector","value":"th"}
RESULT: {"using":"css selector","value":"th"}
COMMAND: GET /session/29de018fc78c4ddf2f3cc8d21157dbb6/element/77F093236BAE8451C5DEBC99D49DF128_element_181/text - {}
COMMAND: GET /session/29de018fc78c4ddf2f3cc8d21157dbb6/element/77F093236BAE8451C5DEBC99D49DF128_element_182/text - {}
COMMAND: GET /session/29de018fc78c4ddf2f3cc8d21157dbb6/element/77F093236BAE8451C5DEBC99D49DF128_element_184/text - {}
COMMAND: GET /session/29de018fc78c4ddf2f3cc8d21157dbb6/element/77F093236BAE8451C5DEBC99D49DF128_element_183/text - {}
COMMAND: GET /session/29de018fc78c4ddf2f3cc8d21157dbb6/element/77F093236BAE8451C5DEBC99D49DF128_element_185/text - {}
RESULT: {}
RESULT: {}
RESULT: {}
RESULT: {}
RESULT: {}
COMMAND: POST /session/29de018fc78c4ddf2f3cc8d21157dbb6/element/77F093236BAE8451C5DEBC99D49DF128_element_177/elements - {"using":"css selector","value":"th,td"}
RESULT: {"using":"css selector","value":"th,td"}
COMMAND: GET /session/29de018fc78c4ddf2f3cc8d21157dbb6/element/77F093236BAE8451C5DEBC99D49DF128_element_186/text - {}
RESULT: {}
COMMAND: GET /session/29de018fc78c4ddf2f3cc8d21157dbb6/element/77F093236BAE8451C5DEBC99D49DF128_element_187/text - {}
RESULT: {}
COMMAND: GET /session/29de018fc78c4ddf2f3cc8d21157dbb6/element/77F093236BAE8451C5DEBC99D49DF128_element_188/text - {}
RESULT: {}
COMMAND: GET /session/29de018fc78c4ddf2f3cc8d21157dbb6/element/77F093236BAE8451C5DEBC99D49DF128_element_189/text - {}
RESULT: {}
COMMAND: GET /session/29de018fc78c4ddf2f3cc8d21157dbb6/element/77F093236BAE8451C5DEBC99D49DF128_element_190/text - {}
RESULT: {}
COMMAND: POST /session/29de018fc78c4ddf2f3cc8d21157dbb6/element/77F093236BAE8451C5DEBC99D49DF128_element_178/elements - {"using":"css selector","value":"th,td"}
RESULT: {"using":"css selector","value":"th,td"}
COMMAND: GET /session/29de018fc78c4ddf2f3cc8d21157dbb6/element/77F093236BAE8451C5DEBC99D49DF128_element_191/text - {}
RESULT: {}
COMMAND: GET /session/29de018fc78c4ddf2f3cc8d21157dbb6/element/77F093236BAE8451C5DEBC99D49DF128_element_192/text - {}
RESULT: {}
COMMAND: GET /session/29de018fc78c4ddf2f3cc8d21157dbb6/element/77F093236BAE8451C5DEBC99D49DF128_element_193/text - {}
RESULT: {}
COMMAND: GET /session/29de018fc78c4ddf2f3cc8d21157dbb6/element/77F093236BAE8451C5DEBC99D49DF128_element_194/text - {}
RESULT: {}
COMMAND: GET /session/29de018fc78c4ddf2f3cc8d21157dbb6/element/77F093236BAE8451C5DEBC99D49DF128_element_195/text - {}
RESULT: {}
COMMAND: POST /session/29de018fc78c4ddf2f3cc8d21157dbb6/element/77F093236BAE8451C5DEBC99D49DF128_element_179/elements - {"using":"css selector","value":"th,td"}
RESULT: {"using":"css selector","value":"th,td"}
COMMAND: GET /session/29de018fc78c4ddf2f3cc8d21157dbb6/element/77F093236BAE8451C5DEBC99D49DF128_element_196/text - {}
RESULT: {}
COMMAND: GET /session/29de018fc78c4ddf2f3cc8d21157dbb6/element/77F093236BAE8451C5DEBC99D49DF128_element_197/text - {}
RESULT: {}
COMMAND: GET /session/29de018fc78c4ddf2f3cc8d21157dbb6/element/77F093236BAE8451C5DEBC99D49DF128_element_198/text - {}
RESULT: {}
COMMAND: GET /session/29de018fc78c4ddf2f3cc8d21157dbb6/element/77F093236BAE8451C5DEBC99D49DF128_element_199/text - {}
RESULT: {}
COMMAND: GET /session/29de018fc78c4ddf2f3cc8d21157dbb6/element/77F093236BAE8451C5DEBC99D49DF128_element_200/text - {}
RESULT: {}
]]></system-out>
    </testcase>
  </testsuite>
  <testsuite name="Vendor Vendor Three Invoice 2005 08" timestamp="2023-10-16T14:51:20" time="4.142" tests="6" failures="0" errors="0" skipped="0">
    <properties>
      <property name="specId" value="0"/>
      <property name="suiteName" value="Vendor: Vendor Three,Invoice:2005-08"/>
      <property name="capabilities" value="chrome.117_0_5938_132.linux"/>
      <property name="file" value="file://./ui-tests/specs/invoice.spec.ts"/>
    </properties>
    <testcase classname="chrome.117_0_5938_132.linux.Invoice_Page_Test.Vendor:_Vendor_Three,Invoice:2005-08" name="should display correct status banner color and message" time="0.892">
      <system-out><![CDATA[
COMMAND: POST /session/29de018fc78c4ddf2f3cc8d21157dbb6/url - {"url":"https://pr-512.btm.dev.account.gov.uk/contracts/3/invoices/2005-08"}
RESULT: {"url":"https://pr-512.btm.dev.account.gov.uk/contracts/3/invoices/2005-08"}
COMMAND: POST /session/29de018fc78c4ddf2f3cc8d21157dbb6/execute/sync - {"script":"return (() => document.readyState === \"complete\").apply(null, arguments)","args":[]}
RESULT: {"script":"return (() => document.readyState === \"complete\").apply(null, arguments)","args":[]}
COMMAND: GET /session/29de018fc78c4ddf2f3cc8d21157dbb6/url - {}
RESULT: {}
COMMAND: POST /session/29de018fc78c4ddf2f3cc8d21157dbb6/element - {"using":"css selector","value":".govuk-heading-xl"}
RESULT: {"using":"css selector","value":".govuk-heading-xl"}
COMMAND: POST /session/29de018fc78c4ddf2f3cc8d21157dbb6/execute/sync - {"script":"return (function isElementDisplayed(element) {\n    function nodeIsElement(node) {\n        if (!node) {\n            return false;\n        }\n        switch (node.nodeType) {\n            case Node.ELEMEN ... (7807 more bytes)","args":[{"element-6066-11e4-a52e-4f735466cecf":"46BC5080F2B08AB72AAE8380FDD38F07_element_203","ELEMENT":"46BC5080F2B08AB72AAE8380FDD38F07_element_203"}]}
RESULT: {"script":"return (function isElementDisplayed(element) {\n    function nodeIsElement(node) {\n        if (!node) {\n            return false;\n        }\n        switch (node.nodeType) {\n            case Node.ELEMEN ... (7807 more bytes)","args":[{"element-6066-11e4-a52e-4f735466cecf":"46BC5080F2B08AB72AAE8380FDD38F07_element_203","ELEMENT":"46BC5080F2B08AB72AAE8380FDD38F07_element_203"}]}
COMMAND: POST /session/29de018fc78c4ddf2f3cc8d21157dbb6/element - {"using":"css selector","value":".govuk-heading-xl"}
RESULT: {"using":"css selector","value":".govuk-heading-xl"}
COMMAND: GET /session/29de018fc78c4ddf2f3cc8d21157dbb6/element/46BC5080F2B08AB72AAE8380FDD38F07_element_203/text - {}
RESULT: {}
COMMAND: POST /session/29de018fc78c4ddf2f3cc8d21157dbb6/element - {"using":"css selector","value":"h2.govuk-panel__title"}
RESULT: {"using":"css selector","value":"h2.govuk-panel__title"}
COMMAND: POST /session/29de018fc78c4ddf2f3cc8d21157dbb6/execute/sync - {"script":"return (function isElementDisplayed(element) {\n    function nodeIsElement(node) {\n        if (!node) {\n            return false;\n        }\n        switch (node.nodeType) {\n            case Node.ELEMEN ... (7807 more bytes)","args":[{"element-6066-11e4-a52e-4f735466cecf":"46BC5080F2B08AB72AAE8380FDD38F07_element_204","ELEMENT":"46BC5080F2B08AB72AAE8380FDD38F07_element_204"}]}
RESULT: {"script":"return (function isElementDisplayed(element) {\n    function nodeIsElement(node) {\n        if (!node) {\n            return false;\n        }\n        switch (node.nodeType) {\n            case Node.ELEMEN ... (7807 more bytes)","args":[{"element-6066-11e4-a52e-4f735466cecf":"46BC5080F2B08AB72AAE8380FDD38F07_element_204","ELEMENT":"46BC5080F2B08AB72AAE8380FDD38F07_element_204"}]}
COMMAND: POST /session/29de018fc78c4ddf2f3cc8d21157dbb6/element - {"using":"css selector","value":"h2.govuk-panel__title"}
RESULT: {"using":"css selector","value":"h2.govuk-panel__title"}
COMMAND: GET /session/29de018fc78c4ddf2f3cc8d21157dbb6/element/46BC5080F2B08AB72AAE8380FDD38F07_element_204/text - {}
RESULT: {}
COMMAND: POST /session/29de018fc78c4ddf2f3cc8d21157dbb6/element - {"using":"css selector","value":".govuk-panel"}
RESULT: {"using":"css selector","value":".govuk-panel"}
COMMAND: POST /session/29de018fc78c4ddf2f3cc8d21157dbb6/execute/sync - {"script":"return (function isElementDisplayed(element) {\n    function nodeIsElement(node) {\n        if (!node) {\n            return false;\n        }\n        switch (node.nodeType) {\n            case Node.ELEMEN ... (7807 more bytes)","args":[{"element-6066-11e4-a52e-4f735466cecf":"46BC5080F2B08AB72AAE8380FDD38F07_element_205","ELEMENT":"46BC5080F2B08AB72AAE8380FDD38F07_element_205"}]}
[...]
COMMAND: POST /session/29de018fc78c4ddf2f3cc8d21157dbb6/element/4F4AAE881AA311439BBE96A6FDBD37C0_element_1692/elements - {"using":"css selector","value":"th"}
RESULT: {"using":"css selector","value":"th"}
COMMAND: GET /session/29de018fc78c4ddf2f3cc8d21157dbb6/element/4F4AAE881AA311439BBE96A6FDBD37C0_element_1693/text - {}
COMMAND: GET /session/29de018fc78c4ddf2f3cc8d21157dbb6/element/4F4AAE881AA311439BBE96A6FDBD37C0_element_1694/text - {}
COMMAND: GET /session/29de018fc78c4ddf2f3cc8d21157dbb6/element/4F4AAE881AA311439BBE96A6FDBD37C0_element_1696/text - {}
COMMAND: GET /session/29de018fc78c4ddf2f3cc8d21157dbb6/element/4F4AAE881AA311439BBE96A6FDBD37C0_element_1695/text - {}
RESULT: {}
RESULT: {}
RESULT: {}
RESULT: {}
COMMAND: POST /session/29de018fc78c4ddf2f3cc8d21157dbb6/element/4F4AAE881AA311439BBE96A6FDBD37C0_element_1691/elements - {"using":"css selector","value":"th,td"}
RESULT: {"using":"css selector","value":"th,td"}
COMMAND: GET /session/29de018fc78c4ddf2f3cc8d21157dbb6/element/4F4AAE881AA311439BBE96A6FDBD37C0_element_1697/text - {}
RESULT: {}
COMMAND: GET /session/29de018fc78c4ddf2f3cc8d21157dbb6/element/4F4AAE881AA311439BBE96A6FDBD37C0_element_1698/text - {}
RESULT: {}
COMMAND: GET /session/29de018fc78c4ddf2f3cc8d21157dbb6/element/4F4AAE881AA311439BBE96A6FDBD37C0_element_1699/text - {}
RESULT: {}
COMMAND: GET /session/29de018fc78c4ddf2f3cc8d21157dbb6/element/4F4AAE881AA311439BBE96A6FDBD37C0_element_1700/text - {}
RESULT: {}
]]></system-out>
    </testcase>
    <testcase classname="chrome.117_0_5938_132.linux.Invoice_Page_Test.Vendor:_Vendor_Six,Invoice:2005-Q2" name="should validate price table data" time="1.271">
      <system-out><![CDATA[
COMMAND: POST /session/29de018fc78c4ddf2f3cc8d21157dbb6/url - {"url":"https://pr-512.btm.dev.account.gov.uk/contracts/6/invoices/2005-q2"}
RESULT: {"url":"https://pr-512.btm.dev.account.gov.uk/contracts/6/invoices/2005-q2"}
COMMAND: POST /session/29de018fc78c4ddf2f3cc8d21157dbb6/execute/sync - {"script":"return (() => document.readyState === \"complete\").apply(null, arguments)","args":[]}
RESULT: {"script":"return (() => document.readyState === \"complete\").apply(null, arguments)","args":[]}
COMMAND: GET /session/29de018fc78c4ddf2f3cc8d21157dbb6/url - {}
RESULT: {}
COMMAND: POST /session/29de018fc78c4ddf2f3cc8d21157dbb6/element - {"using":"css selector","value":".govuk-heading-xl"}
RESULT: {"using":"css selector","value":".govuk-heading-xl"}
COMMAND: POST /session/29de018fc78c4ddf2f3cc8d21157dbb6/execute/sync - {"script":"return (function isElementDisplayed(element) {\n    function nodeIsElement(node) {\n        if (!node) {\n            return false;\n        }\n        switch (node.nodeType) {\n            case Node.ELEMEN ... (7807 more bytes)","args":[{"element-6066-11e4-a52e-4f735466cecf":"17D57C4C1A09F9B1FD1A029CF02C5B91_element_1705","ELEMENT":"17D57C4C1A09F9B1FD1A029CF02C5B91_element_1705"}]}
RESULT: {"script":"return (function isElementDisplayed(element) {\n    function nodeIsElement(node) {\n        if (!node) {\n            return false;\n        }\n        switch (node.nodeType) {\n            case Node.ELEMEN ... (7807 more bytes)","args":[{"element-6066-11e4-a52e-4f735466cecf":"17D57C4C1A09F9B1FD1A029CF02C5B91_element_1705","ELEMENT":"17D57C4C1A09F9B1FD1A029CF02C5B91_element_1705"}]}
COMMAND: POST /session/29de018fc78c4ddf2f3cc8d21157dbb6/element - {"using":"css selector","value":".govuk-heading-xl"}
RESULT: {"using":"css selector","value":".govuk-heading-xl"}
COMMAND: GET /session/29de018fc78c4ddf2f3cc8d21157dbb6/element/17D57C4C1A09F9B1FD1A029CF02C5B91_element_1705/text - {}
RESULT: {}
COMMAND: POST /session/29de018fc78c4ddf2f3cc8d21157dbb6/element - {"using":"xpath","value":".//caption[contains(., \"Price\") and not(.//caption)]"}
RESULT: {"using":"xpath","value":".//caption[contains(., \"Price\") and not(.//caption)]"}
COMMAND: POST /session/29de018fc78c4ddf2f3cc8d21157dbb6/execute/sync - {"script":"return (function (elem, id) {\n        return (function parentElement() {\n        return this.parentElement;\n    }).call(elem, id);\n    }).apply(null, arguments)","args":[{"element-6066-11e4-a52e-4f735466cecf":"17D57C4C1A09F9B1FD1A029CF02C5B91_element_1706","ELEMENT":"17D57C4C1A09F9B1FD1A029CF02C5B91_element_1706"}]}
RESULT: {"script":"return (function (elem, id) {\n        return (function parentElement() {\n        return this.parentElement;\n    }).call(elem, id);\n    }).apply(null, arguments)","args":[{"element-6066-11e4-a52e-4f735466cecf":"17D57C4C1A09F9B1FD1A029CF02C5B91_element_1706","ELEMENT":"17D57C4C1A09F9B1FD1A029CF02C5B91_element_1706"}]}
COMMAND: POST /session/29de018fc78c4ddf2f3cc8d21157dbb6/execute/sync - {"script":"return (function isElementDisplayed(element) {\n    function nodeIsElement(node) {\n        if (!node) {\n            return false;\n        }\n        switch (node.nodeType) {\n            case Node.ELEMEN ... (7807 more bytes)","args":[{"element-6066-11e4-a52e-4f735466cecf":"17D57C4C1A09F9B1FD1A029CF02C5B91_element_1707","ELEMENT":"17D57C4C1A09F9B1FD1A029CF02C5B91_element_1707"}]}
RESULT: {"script":"return (function isElementDisplayed(element) {\n    function nodeIsElement(node) {\n        if (!node) {\n            return false;\n        }\n        switch (node.nodeType) {\n            case Node.ELEMEN ... (7807 more bytes)","args":[{"element-6066-11e4-a52e-4f735466cecf":"17D57C4C1A09F9B1FD1A029CF02C5B91_element_1707","ELEMENT":"17D57C4C1A09F9B1FD1A029CF02C5B91_element_1707"}]}
COMMAND: POST /session/29de018fc78c4ddf2f3cc8d21157dbb6/element/17D57C4C1A09F9B1FD1A029CF02C5B91_element_1707/elements - {"using":"css selector","value":"tbody tr"}
RESULT: {"using":"css selector","value":"tbody tr"}
COMMAND: POST /session/29de018fc78c4ddf2f3cc8d21157dbb6/element/17D57C4C1A09F9B1FD1A029CF02C5B91_element_1707/element - {"using":"css selector","value":"thead tr"}
RESULT: {"using":"css selector","value":"thead tr"}
COMMAND: POST /session/29de018fc78c4ddf2f3cc8d21157dbb6/element/17D57C4C1A09F9B1FD1A029CF02C5B91_element_1709/elements - {"using":"css selector","value":"th"}
RESULT: {"using":"css selector","value":"th"}
COMMAND: GET /session/29de018fc78c4ddf2f3cc8d21157dbb6/element/17D57C4C1A09F9B1FD1A029CF02C5B91_element_1710/text - {}
COMMAND: GET /session/29de018fc78c4ddf2f3cc8d21157dbb6/element/17D57C4C1A09F9B1FD1A029CF02C5B91_element_1711/text - {}
COMMAND: GET /session/29de018fc78c4ddf2f3cc8d21157dbb6/element/17D57C4C1A09F9B1FD1A029CF02C5B91_element_1713/text - {}
COMMAND: GET /session/29de018fc78c4ddf2f3cc8d21157dbb6/element/17D57C4C1A09F9B1FD1A029CF02C5B91_element_1712/text - {}
RESULT: {}
RESULT: {}
RESULT: {}
RESULT: {}
COMMAND: POST /session/29de018fc78c4ddf2f3cc8d21157dbb6/element/17D57C4C1A09F9B1FD1A029CF02C5B91_element_1708/elements - {"using":"css selector","value":"th,td"}
RESULT: {"using":"css selector","value":"th,td"}
COMMAND: GET /session/29de018fc78c4ddf2f3cc8d21157dbb6/element/17D57C4C1A09F9B1FD1A029CF02C5B91_element_1714/text - {}
RESULT: {}
COMMAND: GET /session/29de018fc78c4ddf2f3cc8d21157dbb6/element/17D57C4C1A09F9B1FD1A029CF02C5B91_element_1715/text - {}
RESULT: {}
COMMAND: GET /session/29de018fc78c4ddf2f3cc8d21157dbb6/element/17D57C4C1A09F9B1FD1A029CF02C5B91_element_1716/text - {}
RESULT: {}
COMMAND: GET /session/29de018fc78c4ddf2f3cc8d21157dbb6/element/17D57C4C1A09F9B1FD1A029CF02C5B91_element_1717/text - {}
RESULT: {}
]]></system-out>
    </testcase>
    <testcase classname="chrome.117_0_5938_132.linux.Invoice_Page_Test.Vendor:_Vendor_Six,Invoice:2005-Q2" name="should validate measured events table data" time="0.547">
      <system-out><![CDATA[
COMMAND: POST /session/29de018fc78c4ddf2f3cc8d21157dbb6/url - {"url":"https://pr-512.btm.dev.account.gov.uk/contracts/6/invoices/2005-q2"}
RESULT: {"url":"https://pr-512.btm.dev.account.gov.uk/contracts/6/invoices/2005-q2"}
COMMAND: POST /session/29de018fc78c4ddf2f3cc8d21157dbb6/execute/sync - {"script":"return (() => document.readyState === \"complete\").apply(null, arguments)","args":[]}
RESULT: {"script":"return (() => document.readyState === \"complete\").apply(null, arguments)","args":[]}
COMMAND: GET /session/29de018fc78c4ddf2f3cc8d21157dbb6/url - {}
RESULT: {}
COMMAND: POST /session/29de018fc78c4ddf2f3cc8d21157dbb6/element - {"using":"css selector","value":".govuk-heading-xl"}
RESULT: {"using":"css selector","value":".govuk-heading-xl"}
COMMAND: POST /session/29de018fc78c4ddf2f3cc8d21157dbb6/execute/sync - {"script":"return (function isElementDisplayed(element) {\n    function nodeIsElement(node) {\n        if (!node) {\n            return false;\n        }\n        switch (node.nodeType) {\n            case Node.ELEMEN ... (7807 more bytes)","args":[{"element-6066-11e4-a52e-4f735466cecf":"CFDA503B02E23F827E61FE650FF9E980_element_1720","ELEMENT":"CFDA503B02E23F827E61FE650FF9E980_element_1720"}]}
RESULT: {"script":"return (function isElementDisplayed(element) {\n    function nodeIsElement(node) {\n        if (!node) {\n            return false;\n        }\n        switch (node.nodeType) {\n            case Node.ELEMEN ... (7807 more bytes)","args":[{"element-6066-11e4-a52e-4f735466cecf":"CFDA503B02E23F827E61FE650FF9E980_element_1720","ELEMENT":"CFDA503B02E23F827E61FE650FF9E980_element_1720"}]}
COMMAND: POST /session/29de018fc78c4ddf2f3cc8d21157dbb6/element - {"using":"css selector","value":".govuk-heading-xl"}
RESULT: {"using":"css selector","value":".govuk-heading-xl"}
COMMAND: GET /session/29de018fc78c4ddf2f3cc8d21157dbb6/element/CFDA503B02E23F827E61FE650FF9E980_element_1720/text - {}
RESULT: {}
COMMAND: POST /session/29de018fc78c4ddf2f3cc8d21157dbb6/element - {"using":"xpath","value":".//caption[contains(., \"Measured (events)\") and not(.//caption)]"}
RESULT: {"using":"xpath","value":".//caption[contains(., \"Measured (events)\") and not(.//caption)]"}
COMMAND: POST /session/29de018fc78c4ddf2f3cc8d21157dbb6/execute/sync - {"script":"return (function (elem, id) {\n        return (function parentElement() {\n        return this.parentElement;\n    }).call(elem, id);\n    }).apply(null, arguments)","args":[{"element-6066-11e4-a52e-4f735466cecf":"CFDA503B02E23F827E61FE650FF9E980_element_1721","ELEMENT":"CFDA503B02E23F827E61FE650FF9E980_element_1721"}]}
RESULT: {"script":"return (function (elem, id) {\n        return (function parentElement() {\n        return this.parentElement;\n    }).call(elem, id);\n    }).apply(null, arguments)","args":[{"element-6066-11e4-a52e-4f735466cecf":"CFDA503B02E23F827E61FE650FF9E980_element_1721","ELEMENT":"CFDA503B02E23F827E61FE650FF9E980_element_1721"}]}
COMMAND: POST /session/29de018fc78c4ddf2f3cc8d21157dbb6/execute/sync - {"script":"return (function isElementDisplayed(element) {\n    function nodeIsElement(node) {\n        if (!node) {\n            return false;\n        }\n        switch (node.nodeType) {\n            case Node.ELEMEN ... (7807 more bytes)","args":[{"element-6066-11e4-a52e-4f735466cecf":"CFDA503B02E23F827E61FE650FF9E980_element_1722","ELEMENT":"CFDA503B02E23F827E61FE650FF9E980_element_1722"}]}
RESULT: {"script":"return (function isElementDisplayed(element) {\n    function nodeIsElement(node) {\n        if (!node) {\n            return false;\n        }\n        switch (node.nodeType) {\n            case Node.ELEMEN ... (7807 more bytes)","args":[{"element-6066-11e4-a52e-4f735466cecf":"CFDA503B02E23F827E61FE650FF9E980_element_1722","ELEMENT":"CFDA503B02E23F827E61FE650FF9E980_element_1722"}]}
COMMAND: POST /session/29de018fc78c4ddf2f3cc8d21157dbb6/element/CFDA503B02E23F827E61FE650FF9E980_element_1722/elements - {"using":"css selector","value":"tbody tr"}
RESULT: {"using":"css selector","value":"tbody tr"}
COMMAND: POST /session/29de018fc78c4ddf2f3cc8d21157dbb6/element/CFDA503B02E23F827E61FE650FF9E980_element_1722/element - {"using":"css selector","value":"thead tr"}
RESULT: {"using":"css selector","value":"thead tr"}
COMMAND: POST /session/29de018fc78c4ddf2f3cc8d21157dbb6/element/CFDA503B02E23F827E61FE650FF9E980_element_1724/elements - {"using":"css selector","value":"th"}
RESULT: {"using":"css selector","value":"th"}
COMMAND: GET /session/29de018fc78c4ddf2f3cc8d21157dbb6/element/CFDA503B02E23F827E61FE650FF9E980_element_1725/text - {}
COMMAND: GET /session/29de018fc78c4ddf2f3cc8d21157dbb6/element/CFDA503B02E23F827E61FE650FF9E980_element_1726/text - {}
RESULT: {}
RESULT: {}
COMMAND: POST /session/29de018fc78c4ddf2f3cc8d21157dbb6/element/CFDA503B02E23F827E61FE650FF9E980_element_1723/elements - {"using":"css selector","value":"th,td"}
RESULT: {"using":"css selector","value":"th,td"}
COMMAND: GET /session/29de018fc78c4ddf2f3cc8d21157dbb6/element/CFDA503B02E23F827E61FE650FF9E980_element_1727/text - {}
RESULT: {}
COMMAND: GET /session/29de018fc78c4ddf2f3cc8d21157dbb6/element/CFDA503B02E23F827E61FE650FF9E980_element_1728/text - {}
RESULT: {}
]]></system-out>
    </testcase>
    <testcase classname="chrome.117_0_5938_132.linux.Invoice_Page_Test.Vendor:_Vendor_Six,Invoice:2005-Q2" name="should validate invoice table data" time="0.657">
      <system-out><![CDATA[
COMMAND: POST /session/29de018fc78c4ddf2f3cc8d21157dbb6/url - {"url":"https://pr-512.btm.dev.account.gov.uk/contracts/6/invoices/2005-q2"}
RESULT: {"url":"https://pr-512.btm.dev.account.gov.uk/contracts/6/invoices/2005-q2"}
COMMAND: POST /session/29de018fc78c4ddf2f3cc8d21157dbb6/execute/sync - {"script":"return (() => document.readyState === \"complete\").apply(null, arguments)","args":[]}
RESULT: {"script":"return (() => document.readyState === \"complete\").apply(null, arguments)","args":[]}
COMMAND: GET /session/29de018fc78c4ddf2f3cc8d21157dbb6/url - {}
RESULT: {}
COMMAND: POST /session/29de018fc78c4ddf2f3cc8d21157dbb6/element - {"using":"css selector","value":".govuk-heading-xl"}
RESULT: {"using":"css selector","value":".govuk-heading-xl"}
COMMAND: POST /session/29de018fc78c4ddf2f3cc8d21157dbb6/execute/sync - {"script":"return (function isElementDisplayed(element) {\n    function nodeIsElement(node) {\n        if (!node) {\n            return false;\n        }\n        switch (node.nodeType) {\n            case Node.ELEMEN ... (7807 more bytes)","args":[{"element-6066-11e4-a52e-4f735466cecf":"E4BCE82BD6AD56F7EA38123D94AE3D04_element_1733","ELEMENT":"E4BCE82BD6AD56F7EA38123D94AE3D04_element_1733"}]}
RESULT: {"script":"return (function isElementDisplayed(element) {\n    function nodeIsElement(node) {\n        if (!node) {\n            return false;\n        }\n        switch (node.nodeType) {\n            case Node.ELEMEN ... (7807 more bytes)","args":[{"element-6066-11e4-a52e-4f735466cecf":"E4BCE82BD6AD56F7EA38123D94AE3D04_element_1733","ELEMENT":"E4BCE82BD6AD56F7EA38123D94AE3D04_element_1733"}]}
COMMAND: POST /session/29de018fc78c4ddf2f3cc8d21157dbb6/element - {"using":"css selector","value":".govuk-heading-xl"}
RESULT: {"using":"css selector","value":".govuk-heading-xl"}
COMMAND: GET /session/29de018fc78c4ddf2f3cc8d21157dbb6/element/E4BCE82BD6AD56F7EA38123D94AE3D04_element_1733/text - {}
RESULT: {}
COMMAND: POST /session/29de018fc78c4ddf2f3cc8d21157dbb6/element - {"using":"xpath","value":".//caption[contains(., \"Invoice\") and not(.//caption)]"}
RESULT: {"using":"xpath","value":".//caption[contains(., \"Invoice\") and not(.//caption)]"}
COMMAND: POST /session/29de018fc78c4ddf2f3cc8d21157dbb6/execute/sync - {"script":"return (function (elem, id) {\n        return (function parentElement() {\n        return this.parentElement;\n    }).call(elem, id);\n    }).apply(null, arguments)","args":[{"element-6066-11e4-a52e-4f735466cecf":"E4BCE82BD6AD56F7EA38123D94AE3D04_element_1734","ELEMENT":"E4BCE82BD6AD56F7EA38123D94AE3D04_element_1734"}]}
RESULT: {"script":"return (function (elem, id) {\n        return (function parentElement() {\n        return this.parentElement;\n    }).call(elem, id);\n    }).apply(null, arguments)","args":[{"element-6066-11e4-a52e-4f735466cecf":"E4BCE82BD6AD56F7EA38123D94AE3D04_element_1734","ELEMENT":"E4BCE82BD6AD56F7EA38123D94AE3D04_element_1734"}]}
COMMAND: POST /session/29de018fc78c4ddf2f3cc8d21157dbb6/execute/sync - {"script":"return (function isElementDisplayed(element) {\n    function nodeIsElement(node) {\n        if (!node) {\n            return false;\n        }\n        switch (node.nodeType) {\n            case Node.ELEMEN ... (7807 more bytes)","args":[{"element-6066-11e4-a52e-4f735466cecf":"E4BCE82BD6AD56F7EA38123D94AE3D04_element_1735","ELEMENT":"E4BCE82BD6AD56F7EA38123D94AE3D04_element_1735"}]}
RESULT: {"script":"return (function isElementDisplayed(element) {\n    function nodeIsElement(node) {\n        if (!node) {\n            return false;\n        }\n        switch (node.nodeType) {\n            case Node.ELEMEN ... (7807 more bytes)","args":[{"element-6066-11e4-a52e-4f735466cecf":"E4BCE82BD6AD56F7EA38123D94AE3D04_element_1735","ELEMENT":"E4BCE82BD6AD56F7EA38123D94AE3D04_element_1735"}]}
COMMAND: POST /session/29de018fc78c4ddf2f3cc8d21157dbb6/element/E4BCE82BD6AD56F7EA38123D94AE3D04_element_1735/elements - {"using":"css selector","value":"tbody tr"}
RESULT: {"using":"css selector","value":"tbody tr"}
COMMAND: POST /session/29de018fc78c4ddf2f3cc8d21157dbb6/element/E4BCE82BD6AD56F7EA38123D94AE3D04_element_1735/element - {"using":"css selector","value":"thead tr"}
RESULT: {"using":"css selector","value":"thead tr"}
COMMAND: POST /session/29de018fc78c4ddf2f3cc8d21157dbb6/element/E4BCE82BD6AD56F7EA38123D94AE3D04_element_1738/elements - {"using":"css selector","value":"th"}
RESULT: {"using":"css selector","value":"th"}
COMMAND: GET /session/29de018fc78c4ddf2f3cc8d21157dbb6/element/E4BCE82BD6AD56F7EA38123D94AE3D04_element_1739/text - {}
COMMAND: GET /session/29de018fc78c4ddf2f3cc8d21157dbb6/element/E4BCE82BD6AD56F7EA38123D94AE3D04_element_1740/text - {}
COMMAND: GET /session/29de018fc78c4ddf2f3cc8d21157dbb6/element/E4BCE82BD6AD56F7EA38123D94AE3D04_element_1742/text - {}
COMMAND: GET /session/29de018fc78c4ddf2f3cc8d21157dbb6/element/E4BCE82BD6AD56F7EA38123D94AE3D04_element_1741/text - {}
COMMAND: GET /session/29de018fc78c4ddf2f3cc8d21157dbb6/element/E4BCE82BD6AD56F7EA38123D94AE3D04_element_1743/text - {}
RESULT: {}
RESULT: {}
RESULT: {}
RESULT: {}
RESULT: {}
COMMAND: POST /session/29de018fc78c4ddf2f3cc8d21157dbb6/element/E4BCE82BD6AD56F7EA38123D94AE3D04_element_1736/elements - {"using":"css selector","value":"th,td"}
RESULT: {"using":"css selector","value":"th,td"}
COMMAND: GET /session/29de018fc78c4ddf2f3cc8d21157dbb6/element/E4BCE82BD6AD56F7EA38123D94AE3D04_element_1744/text - {}
RESULT: {}
COMMAND: GET /session/29de018fc78c4ddf2f3cc8d21157dbb6/element/E4BCE82BD6AD56F7EA38123D94AE3D04_element_1745/text - {}
RESULT: {}
COMMAND: GET /session/29de018fc78c4ddf2f3cc8d21157dbb6/element/E4BCE82BD6AD56F7EA38123D94AE3D04_element_1746/text - {}
RESULT: {}
COMMAND: GET /session/29de018fc78c4ddf2f3cc8d21157dbb6/element/E4BCE82BD6AD56F7EA38123D94AE3D04_element_1747/text - {}
RESULT: {}
COMMAND: GET /session/29de018fc78c4ddf2f3cc8d21157dbb6/element/E4BCE82BD6AD56F7EA38123D94AE3D04_element_1748/text - {}
RESULT: {}
COMMAND: POST /session/29de018fc78c4ddf2f3cc8d21157dbb6/element/E4BCE82BD6AD56F7EA38123D94AE3D04_element_1737/elements - {"using":"css selector","value":"th,td"}
RESULT: {"using":"css selector","value":"th,td"}
COMMAND: GET /session/29de018fc78c4ddf2f3cc8d21157dbb6/element/E4BCE82BD6AD56F7EA38123D94AE3D04_element_1749/text - {}
RESULT: {}
COMMAND: GET /session/29de018fc78c4ddf2f3cc8d21157dbb6/element/E4BCE82BD6AD56F7EA38123D94AE3D04_element_1750/text - {}
RESULT: {}
COMMAND: GET /session/29de018fc78c4ddf2f3cc8d21157dbb6/element/E4BCE82BD6AD56F7EA38123D94AE3D04_element_1751/text - {}
RESULT: {}
COMMAND: GET /session/29de018fc78c4ddf2f3cc8d21157dbb6/element/E4BCE82BD6AD56F7EA38123D94AE3D04_element_1752/text - {}
RESULT: {}
COMMAND: GET /session/29de018fc78c4ddf2f3cc8d21157dbb6/element/E4BCE82BD6AD56F7EA38123D94AE3D04_element_1753/text - {}
RESULT: {}
COMMAND: DELETE /session/29de018fc78c4ddf2f3cc8d21157dbb6 - {}
RESULT: {}
]]></system-out>
    </testcase>
  </testsuite>
</testsuites>