<?xml version="1.0" encoding="UTF-8"?>
<testsuites>
  <testsuite name="Invoice Page Test" timestamp="2023-10-16T11:39:16" time="99.769" tests="0" failures="0" errors="0" skipped="0">
    <properties>
      <property name="specId" value="0"/>
      <property name="suiteName" value="Invoice Page Test"/>
      <property name="capabilities" value="chrome.117_0_5938_132.linux"/>
      <property name="file" value="file://./ui-tests/specs/invoice.spec.ts"/>
    </properties>
  </testsuite>
  <testsuite name="Vendor Vendor Three Invoice 2005 09" timestamp="2023-10-16T11:39:16" time="15.09" tests="6" failures="0" errors="0" skipped="0">
    <properties>
      <property name="specId" value="0"/>
      <property name="suiteName" value="Vendor: Vendor Three,Invoice:2005-09"/>
      <property name="capabilities" value="chrome.117_0_5938_132.linux"/>
      <property name="file" value="file://./ui-tests/specs/invoice.spec.ts"/>
    </properties>
    <testcase classname="chrome.117_0_5938_132.linux.Invoice_Page_Test.Vendor:_Vendor_Three,Invoice:2005-09" name="should display correct status banner color and message" time="7.531">
      <system-out><![CDATA[
COMMAND: POST /session/6f36040715c0984671fb6ef33b39c6ae/url - {"url":"https://ephenv-vlad-test.btm.dev.account.gov.uk/contracts/3/invoices/2005-09"}
RESULT: {"url":"https://ephenv-vlad-test.btm.dev.account.gov.uk/contracts/3/invoices/2005-09"}
COMMAND: POST /session/6f36040715c0984671fb6ef33b39c6ae/execute/sync - {"script":"return (() => document.readyState === \"complete\").apply(null, arguments)","args":[]}
RESULT: {"script":"return (() => document.readyState === \"complete\").apply(null, arguments)","args":[]}
COMMAND: GET /session/6f36040715c0984671fb6ef33b39c6ae/url - {}
RESULT: {}
COMMAND: POST /session/6f36040715c0984671fb6ef33b39c6ae/element - {"using":"css selector","value":".govuk-heading-xl"}
RESULT: {"using":"css selector","value":".govuk-heading-xl"}
COMMAND: POST /session/6f36040715c0984671fb6ef33b39c6ae/execute/sync - {"script":"return (function isElementDisplayed(element) {\n    function nodeIsElement(node) {\n        if (!node) {\n            return false;\n        }\n        switch (node.nodeType) {\n            case Node.ELEMEN ... (7807 more bytes)","args":[{"element-6066-11e4-a52e-4f735466cecf":"4A70349D924D8CD702AFD4DA3731C4E1_element_5","ELEMENT":"4A70349D924D8CD702AFD4DA3731C4E1_element_5"}]}
RESULT: {"script":"return (function isElementDisplayed(element) {\n    function nodeIsElement(node) {\n        if (!node) {\n            return false;\n        }\n        switch (node.nodeType) {\n            case Node.ELEMEN ... (7807 more bytes)","args":[{"element-6066-11e4-a52e-4f735466cecf":"4A70349D924D8CD702AFD4DA3731C4E1_element_5","ELEMENT":"4A70349D924D8CD702AFD4DA3731C4E1_element_5"}]}
COMMAND: POST /session/6f36040715c0984671fb6ef33b39c6ae/element - {"using":"css selector","value":".govuk-heading-xl"}
RESULT: {"using":"css selector","value":".govuk-heading-xl"}
COMMAND: GET /session/6f36040715c0984671fb6ef33b39c6ae/element/4A70349D924D8CD702AFD4DA3731C4E1_element_5/text - {}
RESULT: {}
COMMAND: POST /session/6f36040715c0984671fb6ef33b39c6ae/element - {"using":"css selector","value":"h2.govuk-panel__title"}
RESULT: {"using":"css selector","value":"h2.govuk-panel__title"}
COMMAND: POST /session/6f36040715c0984671fb6ef33b39c6ae/execute/sync - {"script":"return (function isElementDisplayed(element) {\n    function nodeIsElement(node) {\n        if (!node) {\n            return false;\n        }\n        switch (node.nodeType) {\n            case Node.ELEMEN ... (7807 more bytes)","args":[{"element-6066-11e4-a52e-4f735466cecf":"4A70349D924D8CD702AFD4DA3731C4E1_element_6","ELEMENT":"4A70349D924D8CD702AFD4DA3731C4E1_element_6"}]}
RESULT: {"script":"return (function isElementDisplayed(element) {\n    function nodeIsElement(node) {\n        if (!node) {\n            return false;\n        }\n        switch (node.nodeType) {\n            case Node.ELEMEN ... (7807 more bytes)","args":[{"element-6066-11e4-a52e-4f735466cecf":"4A70349D924D8CD702AFD4DA3731C4E1_element_6","ELEMENT":"4A70349D924D8CD702AFD4DA3731C4E1_element_6"}]}
COMMAND: POST /session/6f36040715c0984671fb6ef33b39c6ae/element - {"using":"css selector","value":"h2.govuk-panel__title"}
RESULT: {"using":"css selector","value":"h2.govuk-panel__title"}
COMMAND: GET /session/6f36040715c0984671fb6ef33b39c6ae/element/4A70349D924D8CD702AFD4DA3731C4E1_element_6/text - {}
RESULT: {}
COMMAND: POST /session/6f36040715c0984671fb6ef33b39c6ae/element - {"using":"css selector","value":".govuk-panel"}
RESULT: {"using":"css selector","value":".govuk-panel"}
COMMAND: POST /session/6f36040715c0984671fb6ef33b39c6ae/execute/sync - {"script":"return (function isElementDisplayed(element) {\n    function nodeIsElement(node) {\n        if (!node) {\n            return false;\n        }\n        switch (node.nodeType) {\n            case Node.ELEMEN ... (7807 more bytes)","args":[{"element-6066-11e4-a52e-4f735466cecf":"4A70349D924D8CD702AFD4DA3731C4E1_element_3","ELEMENT":"4A70349D924D8CD702AFD4DA3731C4E1_element_3"}]}
RESULT: {"script":"return (function isElementDisplayed(element) {\n    function nodeIsElement(node) {\n        if (!node) {\n            return false;\n        }\n        switch (node.nodeType) {\n            case Node.ELEMEN ... (7807 more bytes)","args":[{"element-6066-11e4-a52e-4f735466cecf":"4A70349D924D8CD702AFD4DA3731C4E1_element_3","ELEMENT":"4A70349D924D8CD702AFD4DA3731C4E1_element_3"}]}
COMMAND: GET /session/6f36040715c0984671fb6ef33b39c6ae/element/4A70349D924D8CD702AFD4DA3731C4E1_element_3/css/background-color - {}
RESULT: {}
]]></system-out>
    </testcase>
    <testcase classname="chrome.117_0_5938_132.linux.Invoice_Page_Test.Vendor:_Vendor_Three,Invoice:2005-09" name="should validate reconciliation table data" time="2.486">
      <system-out><![CDATA[
COMMAND: POST /session/6f36040715c0984671fb6ef33b39c6ae/url - {"url":"https://ephenv-vlad-test.btm.dev.account.gov.uk/contracts/3/invoices/2005-09"}
RESULT: {"url":"https://ephenv-vlad-test.btm.dev.account.gov.uk/contracts/3/invoices/2005-09"}
COMMAND: POST /session/6f36040715c0984671fb6ef33b39c6ae/execute/sync - {"script":"return (() => document.readyState === \"complete\").apply(null, arguments)","args":[]}
RESULT: {"script":"return (() => document.readyState === \"complete\").apply(null, arguments)","args":[]}
COMMAND: GET /session/6f36040715c0984671fb6ef33b39c6ae/url - {}
RESULT: {}
COMMAND: POST /session/6f36040715c0984671fb6ef33b39c6ae/element - {"using":"css selector","value":".govuk-heading-xl"}
RESULT: {"using":"css selector","value":".govuk-heading-xl"}
COMMAND: POST /session/6f36040715c0984671fb6ef33b39c6ae/execute/sync - {"script":"return (function isElementDisplayed(element) {\n    function nodeIsElement(node) {\n        if (!node) {\n            return false;\n        }\n        switch (node.nodeType) {\n            case Node.ELEMEN ... (7807 more bytes)","args":[{"element-6066-11e4-a52e-4f735466cecf":"73E1CED52BE671E5840D5A58816FE0A7_element_11","ELEMENT":"73E1CED52BE671E5840D5A58816FE0A7_element_11"}]}
RESULT: {"script":"return (function isElementDisplayed(element) {\n    function nodeIsElement(node) {\n        if (!node) {\n            return false;\n        }\n        switch (node.nodeType) {\n            case Node.ELEMEN ... (7807 more bytes)","args":[{"element-6066-11e4-a52e-4f735466cecf":"73E1CED52BE671E5840D5A58816FE0A7_element_11","ELEMENT":"73E1CED52BE671E5840D5A58816FE0A7_element_11"}]}
COMMAND: POST /session/6f36040715c0984671fb6ef33b39c6ae/element - {"using":"css selector","value":".govuk-heading-xl"}
RESULT: {"using":"css selector","value":".govuk-heading-xl"}
COMMAND: GET /session/6f36040715c0984671fb6ef33b39c6ae/element/73E1CED52BE671E5840D5A58816FE0A7_element_11/text - {}
RESULT: {}
COMMAND: POST /session/6f36040715c0984671fb6ef33b39c6ae/element - {"using":"xpath","value":".//caption[contains(., \"Reconciliation\") and not(.//caption)]"}
RESULT: {"using":"xpath","value":".//caption[contains(., \"Reconciliation\") and not(.//caption)]"}
COMMAND: POST /session/6f36040715c0984671fb6ef33b39c6ae/execute/sync - {"script":"return (function (elem, id) {\n        return (function parentElement() {\n        return this.parentElement;\n    }).call(elem, id);\n    }).apply(null, arguments)","args":[{"element-6066-11e4-a52e-4f735466cecf":"73E1CED52BE671E5840D5A58816FE0A7_element_12","ELEMENT":"73E1CED52BE671E5840D5A58816FE0A7_element_12"}]}
RESULT: {"script":"return (function (elem, id) {\n        return (function parentElement() {\n        return this.parentElement;\n    }).call(elem, id);\n    }).apply(null, arguments)","args":[{"element-6066-11e4-a52e-4f735466cecf":"73E1CED52BE671E5840D5A58816FE0A7_element_12","ELEMENT":"73E1CED52BE671E5840D5A58816FE0A7_element_12"}]}
COMMAND: POST /session/6f36040715c0984671fb6ef33b39c6ae/execute/sync - {"script":"return (function isElementDisplayed(element) {\n    function nodeIsElement(node) {\n        if (!node) {\n            return false;\n        }\n        switch (node.nodeType) {\n            case Node.ELEMEN ... (7807 more bytes)","args":[{"element-6066-11e4-a52e-4f735466cecf":"73E1CED52BE671E5840D5A58816FE0A7_element_10","ELEMENT":"73E1CED52BE671E5840D5A58816FE0A7_element_10"}]}
RESULT: {"script":"return (function isElementDisplayed(element) {\n    function nodeIsElement(node) {\n        if (!node) {\n            return false;\n        }\n        switch (node.nodeType) {\n            case Node.ELEMEN ... (7807 more bytes)","args":[{"element-6066-11e4-a52e-4f735466cecf":"73E1CED52BE671E5840D5A58816FE0A7_element_10","ELEMENT":"73E1CED52BE671E5840D5A58816FE0A7_element_10"}]}
COMMAND: POST /session/6f36040715c0984671fb6ef33b39c6ae/element/73E1CED52BE671E5840D5A58816FE0A7_element_10/elements - {"using":"css selector","value":"tbody tr"}
RESULT: {"using":"css selector","value":"tbody tr"}
COMMAND: POST /session/6f36040715c0984671fb6ef33b39c6ae/element/73E1CED52BE671E5840D5A58816FE0A7_element_10/element - {"using":"css selector","value":"thead tr"}
RESULT: {"using":"css selector","value":"thead tr"}
COMMAND: POST /session/6f36040715c0984671fb6ef33b39c6ae/element/73E1CED52BE671E5840D5A58816FE0A7_element_14/elements - {"using":"css selector","value":"th"}
RESULT: {"using":"css selector","value":"th"}
COMMAND: GET /session/6f36040715c0984671fb6ef33b39c6ae/element/73E1CED52BE671E5840D5A58816FE0A7_element_15/text - {}
COMMAND: GET /session/6f36040715c0984671fb6ef33b39c6ae/element/73E1CED52BE671E5840D5A58816FE0A7_element_16/text - {}
COMMAND: GET /session/6f36040715c0984671fb6ef33b39c6ae/element/73E1CED52BE671E5840D5A58816FE0A7_element_18/text - {}
COMMAND: GET /session/6f36040715c0984671fb6ef33b39c6ae/element/73E1CED52BE671E5840D5A58816FE0A7_element_17/text - {}
COMMAND: GET /session/6f36040715c0984671fb6ef33b39c6ae/element/73E1CED52BE671E5840D5A58816FE0A7_element_19/text - {}
RESULT: {}
RESULT: {}
RESULT: {}
RESULT: {}
RESULT: {}
COMMAND: POST /session/6f36040715c0984671fb6ef33b39c6ae/element/73E1CED52BE671E5840D5A58816FE0A7_element_13/elements - {"using":"css selector","value":"th,td"}
RESULT: {"using":"css selector","value":"th,td"}
COMMAND: GET /session/6f36040715c0984671fb6ef33b39c6ae/element/73E1CED52BE671E5840D5A58816FE0A7_element_20/text - {}
RESULT: {}
COMMAND: GET /session/6f36040715c0984671fb6ef33b39c6ae/element/73E1CED52BE671E5840D5A58816FE0A7_element_21/text - {}
RESULT: {}
COMMAND: GET /session/6f36040715c0984671fb6ef33b39c6ae/element/73E1CED52BE671E5840D5A58816FE0A7_element_22/text - {}
RESULT: {}
COMMAND: GET /session/6f36040715c0984671fb6ef33b39c6ae/element/73E1CED52BE671E5840D5A58816FE0A7_element_23/text - {}
RESULT: {}
COMMAND: GET /session/6f36040715c0984671fb6ef33b39c6ae/element/73E1CED52BE671E5840D5A58816FE0A7_element_24/text - {}
RESULT: {}
]]></system-out>
    </testcase>
    <testcase classname="chrome.117_0_5938_132.linux.Invoice_Page_Test.Vendor:_Vendor_Three,Invoice:2005-09" name="should validate quantity events table data" time="1.725">
      <system-out><![CDATA[
COMMAND: POST /session/6f36040715c0984671fb6ef33b39c6ae/url - {"url":"https://ephenv-vlad-test.btm.dev.account.gov.uk/contracts/3/invoices/2005-09"}
RESULT: {"url":"https://ephenv-vlad-test.btm.dev.account.gov.uk/contracts/3/invoices/2005-09"}
COMMAND: POST /session/6f36040715c0984671fb6ef33b39c6ae/execute/sync - {"script":"return (() => document.readyState === \"complete\").apply(null, arguments)","args":[]}
RESULT: {"script":"return (() => document.readyState === \"complete\").apply(null, arguments)","args":[]}
COMMAND: GET /session/6f36040715c0984671fb6ef33b39c6ae/url - {}
RESULT: {}
COMMAND: POST /session/6f36040715c0984671fb6ef33b39c6ae/element - {"using":"css selector","value":".govuk-heading-xl"}
RESULT: {"using":"css selector","value":".govuk-heading-xl"}
COMMAND: POST /session/6f36040715c0984671fb6ef33b39c6ae/execute/sync - {"script":"return (function isElementDisplayed(element) {\n    function nodeIsElement(node) {\n        if (!node) {\n            return false;\n        }\n        switch (node.nodeType) {\n            case Node.ELEMEN ... (7807 more bytes)","args":[{"element-6066-11e4-a52e-4f735466cecf":"0A62FC9F7572619203757A05286AA8C2_element_27","ELEMENT":"0A62FC9F7572619203757A05286AA8C2_element_27"}]}
RESULT: {"script":"return (function isElementDisplayed(element) {\n    function nodeIsElement(node) {\n        if (!node) {\n            return false;\n        }\n        switch (node.nodeType) {\n            case Node.ELEMEN ... (7807 more bytes)","args":[{"element-6066-11e4-a52e-4f735466cecf":"0A62FC9F7572619203757A05286AA8C2_element_27","ELEMENT":"0A62FC9F7572619203757A05286AA8C2_element_27"}]}
COMMAND: POST /session/6f36040715c0984671fb6ef33b39c6ae/element - {"using":"css selector","value":".govuk-heading-xl"}
RESULT: {"using":"css selector","value":".govuk-heading-xl"}
COMMAND: GET /session/6f36040715c0984671fb6ef33b39c6ae/element/0A62FC9F7572619203757A05286AA8C2_element_27/text - {}
RESULT: {}
COMMAND: POST /session/6f36040715c0984671fb6ef33b39c6ae/element - {"using":"xpath","value":".//caption[contains(., \"Quantity (events)\") and not(.//caption)]"}
RESULT: {"using":"xpath","value":".//caption[contains(., \"Quantity (events)\") and not(.//caption)]"}
COMMAND: POST /session/6f36040715c0984671fb6ef33b39c6ae/execute/sync - {"script":"return (function (elem, id) {\n        return (function parentElement() {\n        return this.parentElement;\n    }).call(elem, id);\n    }).apply(null, arguments)","args":[{"element-6066-11e4-a52e-4f735466cecf":"0A62FC9F7572619203757A05286AA8C2_element_28","ELEMENT":"0A62FC9F7572619203757A05286AA8C2_element_28"}]}
RESULT: {"script":"return (function (elem, id) {\n        return (function parentElement() {\n        return this.parentElement;\n    }).call(elem, id);\n    }).apply(null, arguments)","args":[{"element-6066-11e4-a52e-4f735466cecf":"0A62FC9F7572619203757A05286AA8C2_element_28","ELEMENT":"0A62FC9F7572619203757A05286AA8C2_element_28"}]}
COMMAND: POST /session/6f36040715c0984671fb6ef33b39c6ae/execute/sync - {"script":"return (function isElementDisplayed(element) {\n    function nodeIsElement(node) {\n        if (!node) {\n            return false;\n        }\n        switch (node.nodeType) {\n            case Node.ELEMEN ... (7807 more bytes)","args":[{"element-6066-11e4-a52e-4f735466cecf":"0A62FC9F7572619203757A05286AA8C2_element_29","ELEMENT":"0A62FC9F7572619203757A05286AA8C2_element_29"}]}
RESULT: {"script":"return (function isElementDisplayed(element) {\n    function nodeIsElement(node) {\n        if (!node) {\n            return false;\n        }\n        switch (node.nodeType) {\n            case Node.ELEMEN ... (7807 more bytes)","args":[{"element-6066-11e4-a52e-4f735466cecf":"0A62FC9F7572619203757A05286AA8C2_element_29","ELEMENT":"0A62FC9F7572619203757A05286AA8C2_element_29"}]}
COMMAND: POST /session/6f36040715c0984671fb6ef33b39c6ae/element/0A62FC9F7572619203757A05286AA8C2_element_29/elements - {"using":"css selector","value":"tbody tr"}
RESULT: {"using":"css selector","value":"tbody tr"}
COMMAND: POST /session/6f36040715c0984671fb6ef33b39c6ae/element/0A62FC9F7572619203757A05286AA8C2_element_29/element - {"using":"css selector","value":"thead tr"}
RESULT: {"using":"css selector","value":"thead tr"}
COMMAND: POST /session/6f36040715c0984671fb6ef33b39c6ae/element/0A62FC9F7572619203757A05286AA8C2_element_31/elements - {"using":"css selector","value":"th"}
RESULT: {"using":"css selector","value":"th"}
COMMAND: GET /session/6f36040715c0984671fb6ef33b39c6ae/element/0A62FC9F7572619203757A05286AA8C2_element_32/text - {}
COMMAND: GET /session/6f36040715c0984671fb6ef33b39c6ae/element/0A62FC9F7572619203757A05286AA8C2_element_33/text - {}
COMMAND: GET /session/6f36040715c0984671fb6ef33b39c6ae/element/0A62FC9F7572619203757A05286AA8C2_element_35/text - {}
COMMAND: GET /session/6f36040715c0984671fb6ef33b39c6ae/element/0A62FC9F7572619203757A05286AA8C2_element_34/text - {}
RESULT: {}
RESULT: {}
RESULT: {}
RESULT: {}
COMMAND: POST /session/6f36040715c0984671fb6ef33b39c6ae/element/0A62FC9F7572619203757A05286AA8C2_element_30/elements - {"using":"css selector","value":"th,td"}
RESULT: {"using":"css selector","value":"th,td"}
COMMAND: GET /session/6f36040715c0984671fb6ef33b39c6ae/element/0A62FC9F7572619203757A05286AA8C2_element_36/text - {}
RESULT: {}
COMMAND: GET /session/6f36040715c0984671fb6ef33b39c6ae/element/0A62FC9F7572619203757A05286AA8C2_element_37/text - {}
RESULT: {}
COMMAND: GET /session/6f36040715c0984671fb6ef33b39c6ae/element/0A62FC9F7572619203757A05286AA8C2_element_38/text - {}
RESULT: {}
COMMAND: GET /session/6f36040715c0984671fb6ef33b39c6ae/element/0A62FC9F7572619203757A05286AA8C2_element_39/text - {}
RESULT: {}
]]></system-out>
    </testcase>
    <testcase classname="chrome.117_0_5938_132.linux.Invoice_Page_Test.Vendor:_Vendor_Three,Invoice:2005-09" name="should validate price table data" time="1.576">
      <system-out><![CDATA[
COMMAND: POST /session/6f36040715c0984671fb6ef33b39c6ae/url - {"url":"https://ephenv-vlad-test.btm.dev.account.gov.uk/contracts/3/invoices/2005-09"}
RESULT: {"url":"https://ephenv-vlad-test.btm.dev.account.gov.uk/contracts/3/invoices/2005-09"}
COMMAND: POST /session/6f36040715c0984671fb6ef33b39c6ae/execute/sync - {"script":"return (() => document.readyState === \"complete\").apply(null, arguments)","args":[]}
RESULT: {"script":"return (() => document.readyState === \"complete\").apply(null, arguments)","args":[]}
COMMAND: GET /session/6f36040715c0984671fb6ef33b39c6ae/url - {}
RESULT: {}
COMMAND: POST /session/6f36040715c0984671fb6ef33b39c6ae/element - {"using":"css selector","value":".govuk-heading-xl"}
RESULT: {"using":"css selector","value":".govuk-heading-xl"}
COMMAND: POST /session/6f36040715c0984671fb6ef33b39c6ae/execute/sync - {"script":"return (function isElementDisplayed(element) {\n    function nodeIsElement(node) {\n        if (!node) {\n            return false;\n        }\n        switch (node.nodeType) {\n            case Node.ELEMEN ... (7807 more bytes)","args":[{"element-6066-11e4-a52e-4f735466cecf":"0D41E046E30043FEA005AF159D4740CB_element_42","ELEMENT":"0D41E046E30043FEA005AF159D4740CB_element_42"}]}
RESULT: {"script":"return (function isElementDisplayed(element) {\n    function nodeIsElement(node) {\n        if (!node) {\n            return false;\n        }\n        switch (node.nodeType) {\n            case Node.ELEMEN ... (7807 more bytes)","args":[{"element-6066-11e4-a52e-4f735466cecf":"0D41E046E30043FEA005AF159D4740CB_element_42","ELEMENT":"0D41E046E30043FEA005AF159D4740CB_element_42"}]}
COMMAND: POST /session/6f36040715c0984671fb6ef33b39c6ae/element - {"using":"css selector","value":".govuk-heading-xl"}
RESULT: {"using":"css selector","value":".govuk-heading-xl"}
COMMAND: GET /session/6f36040715c0984671fb6ef33b39c6ae/element/0D41E046E30043FEA005AF159D4740CB_element_42/text - {}
RESULT: {}
COMMAND: POST /session/6f36040715c0984671fb6ef33b39c6ae/element - {"using":"xpath","value":".//caption[contains(., \"Price\") and not(.//caption)]"}
RESULT: {"using":"xpath","value":".//caption[contains(., \"Price\") and not(.//caption)]"}
COMMAND: POST /session/6f36040715c0984671fb6ef33b39c6ae/execute/sync - {"script":"return (function (elem, id) {\n        return (function parentElement() {\n        return this.parentElement;\n    }).call(elem, id);\n    }).apply(null, arguments)","args":[{"element-6066-11e4-a52e-4f735466cecf":"0D41E046E30043FEA005AF159D4740CB_element_43","ELEMENT":"0D41E046E30043FEA005AF159D4740CB_element_43"}]}
RESULT: {"script":"return (function (elem, id) {\n        return (function parentElement() {\n        return this.parentElement;\n    }).call(elem, id);\n    }).apply(null, arguments)","args":[{"element-6066-11e4-a52e-4f735466cecf":"0D41E046E30043FEA005AF159D4740CB_element_43","ELEMENT":"0D41E046E30043FEA005AF159D4740CB_element_43"}]}
COMMAND: POST /session/6f36040715c0984671fb6ef33b39c6ae/execute/sync - {"script":"return (function isElementDisplayed(element) {\n    function nodeIsElement(node) {\n        if (!node) {\n            return false;\n        }\n        switch (node.nodeType) {\n            case Node.ELEMEN ... (7807 more bytes)","args":[{"element-6066-11e4-a52e-4f735466cecf":"0D41E046E30043FEA005AF159D4740CB_element_44","ELEMENT":"0D41E046E30043FEA005AF159D4740CB_element_44"}]}
RESULT: {"script":"return (function isElementDisplayed(element) {\n    function nodeIsElement(node) {\n        if (!node) {\n            return false;\n        }\n        switch (node.nodeType) {\n            case Node.ELEMEN ... (7807 more bytes)","args":[{"element-6066-11e4-a52e-4f735466cecf":"0D41E046E30043FEA005AF159D4740CB_element_44","ELEMENT":"0D41E046E30043FEA005AF159D4740CB_element_44"}]}
COMMAND: POST /session/6f36040715c0984671fb6ef33b39c6ae/element/0D41E046E30043FEA005AF159D4740CB_element_44/elements - {"using":"css selector","value":"tbody tr"}
RESULT: {"using":"css selector","value":"tbody tr"}
COMMAND: POST /session/6f36040715c0984671fb6ef33b39c6ae/element/0D41E046E30043FEA005AF159D4740CB_element_44/element - {"using":"css selector","value":"thead tr"}
RESULT: {"using":"css selector","value":"thead tr"}
COMMAND: POST /session/6f36040715c0984671fb6ef33b39c6ae/element/0D41E046E30043FEA005AF159D4740CB_element_46/elements - {"using":"css selector","value":"th"}
RESULT: {"using":"css selector","value":"th"}
COMMAND: GET /session/6f36040715c0984671fb6ef33b39c6ae/element/0D41E046E30043FEA005AF159D4740CB_element_47/text - {}
COMMAND: GET /session/6f36040715c0984671fb6ef33b39c6ae/element/0D41E046E30043FEA005AF159D4740CB_element_48/text - {}
COMMAND: GET /session/6f36040715c0984671fb6ef33b39c6ae/element/0D41E046E30043FEA005AF159D4740CB_element_50/text - {}
COMMAND: GET /session/6f36040715c0984671fb6ef33b39c6ae/element/0D41E046E30043FEA005AF159D4740CB_element_49/text - {}
RESULT: {}
RESULT: {}
RESULT: {}
RESULT: {}
COMMAND: POST /session/6f36040715c0984671fb6ef33b39c6ae/element/0D41E046E30043FEA005AF159D4740CB_element_45/elements - {"using":"css selector","value":"th,td"}
RESULT: {"using":"css selector","value":"th,td"}
COMMAND: GET /session/6f36040715c0984671fb6ef33b39c6ae/element/0D41E046E30043FEA005AF159D4740CB_element_51/text - {}
RESULT: {}
COMMAND: GET /session/6f36040715c0984671fb6ef33b39c6ae/element/0D41E046E30043FEA005AF159D4740CB_element_52/text - {}
RESULT: {}
COMMAND: GET /session/6f36040715c0984671fb6ef33b39c6ae/element/0D41E046E30043FEA005AF159D4740CB_element_53/text - {}
RESULT: {}
COMMAND: GET /session/6f36040715c0984671fb6ef33b39c6ae/element/0D41E046E30043FEA005AF159D4740CB_element_54/text - {}
RESULT: {}
]]></system-out>
    </testcase>
    <testcase classname="chrome.117_0_5938_132.linux.Invoice_Page_Test.Vendor:_Vendor_Three,Invoice:2005-09" name="should validate measured events table data" time="0.748">
      <system-out><![CDATA[
COMMAND: POST /session/6f36040715c0984671fb6ef33b39c6ae/url - {"url":"https://ephenv-vlad-test.btm.dev.account.gov.uk/contracts/3/invoices/2005-09"}
RESULT: {"url":"https://ephenv-vlad-test.btm.dev.account.gov.uk/contracts/3/invoices/2005-09"}
COMMAND: POST /session/6f36040715c0984671fb6ef33b39c6ae/execute/sync - {"script":"return (() => document.readyState === \"complete\").apply(null, arguments)","args":[]}
RESULT: {"script":"return (() => document.readyState === \"complete\").apply(null, arguments)","args":[]}
COMMAND: GET /session/6f36040715c0984671fb6ef33b39c6ae/url - {}
RESULT: {}
COMMAND: POST /session/6f36040715c0984671fb6ef33b39c6ae/element - {"using":"css selector","value":".govuk-heading-xl"}
RESULT: {"using":"css selector","value":".govuk-heading-xl"}
COMMAND: POST /session/6f36040715c0984671fb6ef33b39c6ae/execute/sync - {"script":"return (function isElementDisplayed(element) {\n    function nodeIsElement(node) {\n        if (!node) {\n            return false;\n        }\n        switch (node.nodeType) {\n            case Node.ELEMEN ... (7807 more bytes)","args":[{"element-6066-11e4-a52e-4f735466cecf":"DB97616F5B39B524A387107E7446EFC3_element_57","ELEMENT":"DB97616F5B39B524A387107E7446EFC3_element_57"}]}
RESULT: {"script":"return (function isElementDisplayed(element) {\n    function nodeIsElement(node) {\n        if (!node) {\n            return false;\n        }\n        switch (node.nodeType) {\n            case Node.ELEMEN ... (7807 more bytes)","args":[{"element-6066-11e4-a52e-4f735466cecf":"DB97616F5B39B524A387107E7446EFC3_element_57","ELEMENT":"DB97616F5B39B524A387107E7446EFC3_element_57"}]}
COMMAND: POST /session/6f36040715c0984671fb6ef33b39c6ae/element - {"using":"css selector","value":".govuk-heading-xl"}
RESULT: {"using":"css selector","value":".govuk-heading-xl"}
COMMAND: GET /session/6f36040715c0984671fb6ef33b39c6ae/element/DB97616F5B39B524A387107E7446EFC3_element_57/text - {}
RESULT: {}
COMMAND: POST /session/6f36040715c0984671fb6ef33b39c6ae/element - {"using":"xpath","value":".//caption[contains(., \"Measured (events)\") and not(.//caption)]"}
RESULT: {"using":"xpath","value":".//caption[contains(., \"Measured (events)\") and not(.//caption)]"}
COMMAND: POST /session/6f36040715c0984671fb6ef33b39c6ae/execute/sync - {"script":"return (function (elem, id) {\n        return (function parentElement() {\n        return this.parentElement;\n    }).call(elem, id);\n    }).apply(null, arguments)","args":[{"element-6066-11e4-a52e-4f735466cecf":"DB97616F5B39B524A387107E7446EFC3_element_58","ELEMENT":"DB97616F5B39B524A387107E7446EFC3_element_58"}]}
RESULT: {"script":"return (function (elem, id) {\n        return (function parentElement() {\n        return this.parentElement;\n    }).call(elem, id);\n    }).apply(null, arguments)","args":[{"element-6066-11e4-a52e-4f735466cecf":"DB97616F5B39B524A387107E7446EFC3_element_58","ELEMENT":"DB97616F5B39B524A387107E7446EFC3_element_58"}]}
COMMAND: POST /session/6f36040715c0984671fb6ef33b39c6ae/execute/sync - {"script":"return (function isElementDisplayed(element) {\n    function nodeIsElement(node) {\n        if (!node) {\n            return false;\n        }\n        switch (node.nodeType) {\n            case Node.ELEMEN ... (7807 more bytes)","args":[{"element-6066-11e4-a52e-4f735466cecf":"DB97616F5B39B524A387107E7446EFC3_element_59","ELEMENT":"DB97616F5B39B524A387107E7446EFC3_element_59"}]}
RESULT: {"script":"return (function isElementDisplayed(element) {\n    function nodeIsElement(node) {\n        if (!node) {\n            return false;\n        }\n        switch (node.nodeType) {\n            case Node.ELEMEN ... (7807 more bytes)","args":[{"element-6066-11e4-a52e-4f735466cecf":"DB97616F5B39B524A387107E7446EFC3_element_59","ELEMENT":"DB97616F5B39B524A387107E7446EFC3_element_59"}]}
COMMAND: POST /session/6f36040715c0984671fb6ef33b39c6ae/element/DB97616F5B39B524A387107E7446EFC3_element_59/elements - {"using":"css selector","value":"tbody tr"}
RESULT: {"using":"css selector","value":"tbody tr"}
COMMAND: POST /session/6f36040715c0984671fb6ef33b39c6ae/element/DB97616F5B39B524A387107E7446EFC3_element_59/element - {"using":"css selector","value":"thead tr"}
RESULT: {"using":"css selector","value":"thead tr"}
COMMAND: POST /session/6f36040715c0984671fb6ef33b39c6ae/element/DB97616F5B39B524A387107E7446EFC3_element_61/elements - {"using":"css selector","value":"th"}
RESULT: {"using":"css selector","value":"th"}
COMMAND: GET /session/6f36040715c0984671fb6ef33b39c6ae/element/DB97616F5B39B524A387107E7446EFC3_element_62/text - {}
COMMAND: GET /session/6f36040715c0984671fb6ef33b39c6ae/element/DB97616F5B39B524A387107E7446EFC3_element_63/text - {}
RESULT: {}
RESULT: {}
COMMAND: POST /session/6f36040715c0984671fb6ef33b39c6ae/element/DB97616F5B39B524A387107E7446EFC3_element_60/elements - {"using":"css selector","value":"th,td"}
RESULT: {"using":"css selector","value":"th,td"}
COMMAND: GET /session/6f36040715c0984671fb6ef33b39c6ae/element/DB97616F5B39B524A387107E7446EFC3_element_64/text - {}
RESULT: {}
COMMAND: GET /session/6f36040715c0984671fb6ef33b39c6ae/element/DB97616F5B39B524A387107E7446EFC3_element_65/text - {}
RESULT: {}
]]></system-out>
    </testcase>
    <testcase classname="chrome.117_0_5938_132.linux.Invoice_Page_Test.Vendor:_Vendor_Three,Invoice:2005-09" name="should validate invoice table data" time="1.017">
      <system-out><![CDATA[
COMMAND: POST /session/6f36040715c0984671fb6ef33b39c6ae/url - {"url":"https://ephenv-vlad-test.btm.dev.account.gov.uk/contracts/3/invoices/2005-09"}
RESULT: {"url":"https://ephenv-vlad-test.btm.dev.account.gov.uk/contracts/3/invoices/2005-09"}
COMMAND: POST /session/6f36040715c0984671fb6ef33b39c6ae/execute/sync - {"script":"return (() => document.readyState === \"complete\").apply(null, arguments)","args":[]}
RESULT: {"script":"return (() => document.readyState === \"complete\").apply(null, arguments)","args":[]}
COMMAND: GET /session/6f36040715c0984671fb6ef33b39c6ae/url - {}
RESULT: {}
COMMAND: POST /session/6f36040715c0984671fb6ef33b39c6ae/element - {"using":"css selector","value":".govuk-heading-xl"}
RESULT: {"using":"css selector","value":".govuk-heading-xl"}
COMMAND: POST /session/6f36040715c0984671fb6ef33b39c6ae/execute/sync - {"script":"return (function isElementDisplayed(element) {\n    function nodeIsElement(node) {\n        if (!node) {\n            return false;\n        }\n        switch (node.nodeType) {\n            case Node.ELEMEN ... (7807 more bytes)","args":[{"element-6066-11e4-a52e-4f735466cecf":"DBA071B708C89DE8BE9654EC683D3BC7_element_68","ELEMENT":"DBA071B708C89DE8BE9654EC683D3BC7_element_68"}]}
RESULT: {"script":"return (function isElementDisplayed(element) {\n    function nodeIsElement(node) {\n        if (!node) {\n            return false;\n        }\n        switch (node.nodeType) {\n            case Node.ELEMEN ... (7807 more bytes)","args":[{"element-6066-11e4-a52e-4f735466cecf":"DBA071B708C89DE8BE9654EC683D3BC7_element_68","ELEMENT":"DBA071B708C89DE8BE9654EC683D3BC7_element_68"}]}
COMMAND: POST /session/6f36040715c0984671fb6ef33b39c6ae/element - {"using":"css selector","value":".govuk-heading-xl"}
RESULT: {"using":"css selector","value":".govuk-heading-xl"}
COMMAND: GET /session/6f36040715c0984671fb6ef33b39c6ae/element/DBA071B708C89DE8BE9654EC683D3BC7_element_68/text - {}
RESULT: {}
COMMAND: POST /session/6f36040715c0984671fb6ef33b39c6ae/element - {"using":"xpath","value":".//caption[contains(., \"Invoice\") and not(.//caption)]"}
RESULT: {"using":"xpath","value":".//caption[contains(., \"Invoice\") and not(.//caption)]"}
COMMAND: POST /session/6f36040715c0984671fb6ef33b39c6ae/execute/sync - {"script":"return (function (elem, id) {\n        return (function parentElement() {\n        return this.parentElement;\n    }).call(elem, id);\n    }).apply(null, arguments)","args":[{"element-6066-11e4-a52e-4f735466cecf":"DBA071B708C89DE8BE9654EC683D3BC7_element_69","ELEMENT":"DBA071B708C89DE8BE9654EC683D3BC7_element_69"}]}
RESULT: {"script":"return (function (elem, id) {\n        return (function parentElement() {\n        return this.parentElement;\n    }).call(elem, id);\n    }).apply(null, arguments)","args":[{"element-6066-11e4-a52e-4f735466cecf":"DBA071B708C89DE8BE9654EC683D3BC7_element_69","ELEMENT":"DBA071B708C89DE8BE9654EC683D3BC7_element_69"}]}
COMMAND: POST /session/6f36040715c0984671fb6ef33b39c6ae/execute/sync - {"script":"return (function isElementDisplayed(element) {\n    function nodeIsElement(node) {\n        if (!node) {\n            return false;\n        }\n        switch (node.nodeType) {\n            case Node.ELEMEN ... (7807 more bytes)","args":[{"element-6066-11e4-a52e-4f735466cecf":"DBA071B708C89DE8BE9654EC683D3BC7_element_70","ELEMENT":"DBA071B708C89DE8BE9654EC683D3BC7_element_70"}]}
RESULT: {"script":"return (function isElementDisplayed(element) {\n    function nodeIsElement(node) {\n        if (!node) {\n            return false;\n        }\n        switch (node.nodeType) {\n            case Node.ELEMEN ... (7807 more bytes)","args":[{"element-6066-11e4-a52e-4f735466cecf":"DBA071B708C89DE8BE9654EC683D3BC7_element_70","ELEMENT":"DBA071B708C89DE8BE9654EC683D3BC7_element_70"}]}
COMMAND: POST /session/6f36040715c0984671fb6ef33b39c6ae/element/DBA071B708C89DE8BE9654EC683D3BC7_element_70/elements - {"using":"css selector","value":"tbody tr"}
RESULT: {"using":"css selector","value":"tbody tr"}
COMMAND: POST /session/6f36040715c0984671fb6ef33b39c6ae/element/DBA071B708C89DE8BE9654EC683D3BC7_element_70/element - {"using":"css selector","value":"thead tr"}
RESULT: {"using":"css selector","value":"thead tr"}
COMMAND: POST /session/6f36040715c0984671fb6ef33b39c6ae/element/DBA071B708C89DE8BE9654EC683D3BC7_element_73/elements - {"using":"css selector","value":"th"}
RESULT: {"using":"css selector","value":"th"}
COMMAND: GET /session/6f36040715c0984671fb6ef33b39c6ae/element/DBA071B708C89DE8BE9654EC683D3BC7_element_74/text - {}
COMMAND: GET /session/6f36040715c0984671fb6ef33b39c6ae/element/DBA071B708C89DE8BE9654EC683D3BC7_element_75/text - {}
COMMAND: GET /session/6f36040715c0984671fb6ef33b39c6ae/element/DBA071B708C89DE8BE9654EC683D3BC7_element_77/text - {}
COMMAND: GET /session/6f36040715c0984671fb6ef33b39c6ae/element/DBA071B708C89DE8BE9654EC683D3BC7_element_76/text - {}
COMMAND: GET /session/6f36040715c0984671fb6ef33b39c6ae/element/DBA071B708C89DE8BE9654EC683D3BC7_element_78/text - {}
RESULT: {}
RESULT: {}
RESULT: {}
RESULT: {}
RESULT: {}
COMMAND: POST /session/6f36040715c0984671fb6ef33b39c6ae/element/DBA071B708C89DE8BE9654EC683D3BC7_element_71/elements - {"using":"css selector","value":"th,td"}
RESULT: {"using":"css selector","value":"th,td"}
COMMAND: GET /session/6f36040715c0984671fb6ef33b39c6ae/element/DBA071B708C89DE8BE9654EC683D3BC7_element_79/text - {}
RESULT: {}
COMMAND: GET /session/6f36040715c0984671fb6ef33b39c6ae/element/DBA071B708C89DE8BE9654EC683D3BC7_element_80/text - {}
RESULT: {}
COMMAND: GET /session/6f36040715c0984671fb6ef33b39c6ae/element/DBA071B708C89DE8BE9654EC683D3BC7_element_81/text - {}
RESULT: {}
COMMAND: GET /session/6f36040715c0984671fb6ef33b39c6ae/element/DBA071B708C89DE8BE9654EC683D3BC7_element_82/text - {}
RESULT: {}
COMMAND: GET /session/6f36040715c0984671fb6ef33b39c6ae/element/DBA071B708C89DE8BE9654EC683D3BC7_element_83/text - {}
RESULT: {}
COMMAND: POST /session/6f36040715c0984671fb6ef33b39c6ae/element/DBA071B708C89DE8BE9654EC683D3BC7_element_72/elements - {"using":"css selector","value":"th,td"}
RESULT: {"using":"css selector","value":"th,td"}
COMMAND: GET /session/6f36040715c0984671fb6ef33b39c6ae/element/DBA071B708C89DE8BE9654EC683D3BC7_element_84/text - {}
RESULT: {}
COMMAND: GET /session/6f36040715c0984671fb6ef33b39c6ae/element/DBA071B708C89DE8BE9654EC683D3BC7_element_85/text - {}
RESULT: {}
COMMAND: GET /session/6f36040715c0984671fb6ef33b39c6ae/element/DBA071B708C89DE8BE9654EC683D3BC7_element_86/text - {}
RESULT: {}
COMMAND: GET /session/6f36040715c0984671fb6ef33b39c6ae/element/DBA071B708C89DE8BE9654EC683D3BC7_element_87/text - {}
RESULT: {}
COMMAND: GET /session/6f36040715c0984671fb6ef33b39c6ae/element/DBA071B708C89DE8BE9654EC683D3BC7_element_88/text - {}
RESULT: {}
]]></system-out>
    </testcase>
  </testsuite>
  <testsuite name="Vendor Vendor Three Invoice 2023 03" timestamp="2023-10-16T11:39:31" time="6.623" tests="6" failures="0" errors="0" skipped="0">
    <properties>
      <property name="specId" value="0"/>
      <property name="suiteName" value="Vendor: Vendor Three,Invoice:2023-03"/>
      <property name="capabilities" value="chrome.117_0_5938_132.linux"/>
      <property name="file" value="file://./ui-tests/specs/invoice.spec.ts"/>
    </properties>
    <testcase classname="chrome.117_0_5938_132.linux.Invoice_Page_Test.Vendor:_Vendor_Three,Invoice:2023-03" name="should display correct status banner color and message" time="0.729">
      <system-out><![CDATA[
COMMAND: POST /session/6f36040715c0984671fb6ef33b39c6ae/url - {"url":"https://ephenv-vlad-test.btm.dev.account.gov.uk/contracts/3/invoices/2023-03"}
RESULT: {"url":"https://ephenv-vlad-test.btm.dev.account.gov.uk/contracts/3/invoices/2023-03"}
COMMAND: POST /session/6f36040715c0984671fb6ef33b39c6ae/execute/sync - {"script":"return (() => document.readyState === \"complete\").apply(null, arguments)","args":[]}
RESULT: {"script":"return (() => document.readyState === \"complete\").apply(null, arguments)","args":[]}
COMMAND: GET /session/6f36040715c0984671fb6ef33b39c6ae/url - {}
RESULT: {}
COMMAND: POST /session/6f36040715c0984671fb6ef33b39c6ae/element - {"using":"css selector","value":".govuk-heading-xl"}
RESULT: {"using":"css selector","value":".govuk-heading-xl"}
COMMAND: POST /session/6f36040715c0984671fb6ef33b39c6ae/execute/sync - {"script":"return (function isElementDisplayed(element) {\n    function nodeIsElement(node) {\n        if (!node) {\n            return false;\n        }\n        switch (node.nodeType) {\n            case Node.ELEMEN ... (7807 more bytes)","args":[{"element-6066-11e4-a52e-4f735466cecf":"865F10F85EFF26A700EE3143FADE0351_element_91","ELEMENT":"865F10F85EFF26A700EE3143FADE0351_element_91"}]}
RESULT: {"script":"return (function isElementDisplayed(element) {\n    function nodeIsElement(node) {\n        if (!node) {\n            return false;\n        }\n        switch (node.nodeType) {\n            case Node.ELEMEN ... (7807 more bytes)","args":[{"element-6066-11e4-a52e-4f735466cecf":"865F10F85EFF26A700EE3143FADE0351_element_91","ELEMENT":"865F10F85EFF26A700EE3143FADE0351_element_91"}]}
COMMAND: POST /session/6f36040715c0984671fb6ef33b39c6ae/element - {"using":"css selector","value":".govuk-heading-xl"}
RESULT: {"using":"css selector","value":".govuk-heading-xl"}
COMMAND: GET /session/6f36040715c0984671fb6ef33b39c6ae/element/865F10F85EFF26A700EE3143FADE0351_element_91/text - {}
RESULT: {}
COMMAND: POST /session/6f36040715c0984671fb6ef33b39c6ae/element - {"using":"css selector","value":"h2.govuk-panel__title"}
RESULT: {"using":"css selector","value":"h2.govuk-panel__title"}
COMMAND: POST /session/6f36040715c0984671fb6ef33b39c6ae/execute/sync - {"script":"return (function isElementDisplayed(element) {\n    function nodeIsElement(node) {\n        if (!node) {\n            return false;\n        }\n        switch (node.nodeType) {\n            case Node.ELEMEN ... (7807 more bytes)","args":[{"element-6066-11e4-a52e-4f735466cecf":"865F10F85EFF26A700EE3143FADE0351_element_92","ELEMENT":"865F10F85EFF26A700EE3143FADE0351_element_92"}]}
RESULT: {"script":"return (function isElementDisplayed(element) {\n    function nodeIsElement(node) {\n        if (!node) {\n            return false;\n        }\n        switch (node.nodeType) {\n            case Node.ELEMEN ... (7807 more bytes)","args":[{"element-6066-11e4-a52e-4f735466cecf":"865F10F85EFF26A700EE3143FADE0351_element_92","ELEMENT":"865F10F85EFF26A700EE3143FADE0351_element_92"}]}
COMMAND: POST /session/6f36040715c0984671fb6ef33b39c6ae/element - {"using":"css selector","value":"h2.govuk-panel__title"}
RESULT: {"using":"css selector","value":"h2.govuk-panel__title"}
COMMAND: GET /session/6f36040715c0984671fb6ef33b39c6ae/element/865F10F85EFF26A700EE3143FADE0351_element_92/text - {}
RESULT: {}
COMMAND: POST /session/6f36040715c0984671fb6ef33b39c6ae/element - {"using":"css selector","value":".govuk-panel"}
RESULT: {"using":"css selector","value":".govuk-panel"}
COMMAND: POST /session/6f36040715c0984671fb6ef33b39c6ae/execute/sync - {"script":"return (function isElementDisplayed(element) {\n    function nodeIsElement(node) {\n        if (!node) {\n            return false;\n        }\n        switch (node.nodeType) {\n            case Node.ELEMEN ... (7807 more bytes)","args":[{"element-6066-11e4-a52e-4f735466cecf":"865F10F85EFF26A700EE3143FADE0351_element_93","ELEMENT":"865F10F85EFF26A700EE3143FADE0351_element_93"}]}
RESULT: {"script":"return (function isElementDisplayed(element) {\n    function nodeIsElement(node) {\n        if (!node) {\n            return false;\n        }\n        switch (node.nodeType) {\n            case Node.ELEMEN ... (7807 more bytes)","args":[{"element-6066-11e4-a52e-4f735466cecf":"865F10F85EFF26A700EE3143FADE0351_element_93","ELEMENT":"865F10F85EFF26A700EE3143FADE0351_element_93"}]}
COMMAND: GET /session/6f36040715c0984671fb6ef33b39c6ae/element/865F10F85EFF26A700EE3143FADE0351_element_93/css/background-color - {}
RESULT: {}
]]></system-out>
    </testcase>
    <testcase classname="chrome.117_0_5938_132.linux.Invoice_Page_Test.Vendor:_Vendor_Three,Invoice:2023-03" name="should validate reconciliation table data" time="0.818">
      <system-out><![CDATA[
COMMAND: POST /session/6f36040715c0984671fb6ef33b39c6ae/url - {"url":"https://ephenv-vlad-test.btm.dev.account.gov.uk/contracts/3/invoices/2023-03"}
RESULT: {"url":"https://ephenv-vlad-test.btm.dev.account.gov.uk/contracts/3/invoices/2023-03"}
COMMAND: POST /session/6f36040715c0984671fb6ef33b39c6ae/execute/sync - {"script":"return (() => document.readyState === \"complete\").apply(null, arguments)","args":[]}
RESULT: {"script":"return (() => document.readyState === \"complete\").apply(null, arguments)","args":[]}
COMMAND: GET /session/6f36040715c0984671fb6ef33b39c6ae/url - {}
RESULT: {}
COMMAND: POST /session/6f36040715c0984671fb6ef33b39c6ae/element - {"using":"css selector","value":".govuk-heading-xl"}
RESULT: {"using":"css selector","value":".govuk-heading-xl"}
COMMAND: POST /session/6f36040715c0984671fb6ef33b39c6ae/execute/sync - {"script":"return (function isElementDisplayed(element) {\n    function nodeIsElement(node) {\n        if (!node) {\n            return false;\n        }\n        switch (node.nodeType) {\n            case Node.ELEMEN ... (7807 more bytes)","args":[{"element-6066-11e4-a52e-4f735466cecf":"B9BA7FDE27CC3773963F5BE6771C9FEE_element_96","ELEMENT":"B9BA7FDE27CC3773963F5BE6771C9FEE_element_96"}]}
RESULT: {"script":"return (function isElementDisplayed(element) {\n    function nodeIsElement(node) {\n        if (!node) {\n            return false;\n        }\n        switch (node.nodeType) {\n            case Node.ELEMEN ... (7807 more bytes)","args":[{"element-6066-11e4-a52e-4f735466cecf":"B9BA7FDE27CC3773963F5BE6771C9FEE_element_96","ELEMENT":"B9BA7FDE27CC3773963F5BE6771C9FEE_element_96"}]}
COMMAND: POST /session/6f36040715c0984671fb6ef33b39c6ae/element - {"using":"css selector","value":".govuk-heading-xl"}
RESULT: {"using":"css selector","value":".govuk-heading-xl"}
COMMAND: GET /session/6f36040715c0984671fb6ef33b39c6ae/element/B9BA7FDE27CC3773963F5BE6771C9FEE_element_96/text - {}
RESULT: {}
COMMAND: POST /session/6f36040715c0984671fb6ef33b39c6ae/element - {"using":"xpath","value":".//caption[contains(., \"Reconciliation\") and not(.//caption)]"}
RESULT: {"using":"xpath","value":".//caption[contains(., \"Reconciliation\") and not(.//caption)]"}
COMMAND: POST /session/6f36040715c0984671fb6ef33b39c6ae/execute/sync - {"script":"return (function (elem, id) {\n        return (function parentElement() {\n        return this.parentElement;\n    }).call(elem, id);\n    }).apply(null, arguments)","args":[{"element-6066-11e4-a52e-4f735466cecf":"B9BA7FDE27CC3773963F5BE6771C9FEE_element_97","ELEMENT":"B9BA7FDE27CC3773963F5BE6771C9FEE_element_97"}]}
RESULT: {"script":"return (function (elem, id) {\n        return (function parentElement() {\n        return this.parentElement;\n    }).call(elem, id);\n    }).apply(null, arguments)","args":[{"element-6066-11e4-a52e-4f735466cecf":"B9BA7FDE27CC3773963F5BE6771C9FEE_element_97","ELEMENT":"B9BA7FDE27CC3773963F5BE6771C9FEE_element_97"}]}
COMMAND: POST /session/6f36040715c0984671fb6ef33b39c6ae/execute/sync - {"script":"return (function isElementDisplayed(element) {\n    function nodeIsElement(node) {\n        if (!node) {\n            return false;\n        }\n        switch (node.nodeType) {\n            case Node.ELEMEN ... (7807 more bytes)","args":[{"element-6066-11e4-a52e-4f735466cecf":"B9BA7FDE27CC3773963F5BE6771C9FEE_element_98","ELEMENT":"B9BA7FDE27CC3773963F5BE6771C9FEE_element_98"}]}
RESULT: {"script":"return (function isElementDisplayed(element) {\n    function nodeIsElement(node) {\n        if (!node) {\n            return false;\n        }\n        switch (node.nodeType) {\n            case Node.ELEMEN ... (7807 more bytes)","args":[{"element-6066-11e4-a52e-4f735466cecf":"B9BA7FDE27CC3773963F5BE6771C9FEE_element_98","ELEMENT":"B9BA7FDE27CC3773963F5BE6771C9FEE_element_98"}]}
COMMAND: POST /session/6f36040715c0984671fb6ef33b39c6ae/element/B9BA7FDE27CC3773963F5BE6771C9FEE_element_98/elements - {"using":"css selector","value":"tbody tr"}
RESULT: {"using":"css selector","value":"tbody tr"}
COMMAND: POST /session/6f36040715c0984671fb6ef33b39c6ae/element/B9BA7FDE27CC3773963F5BE6771C9FEE_element_98/element - {"using":"css selector","value":"thead tr"}
RESULT: {"using":"css selector","value":"thead tr"}
COMMAND: POST /session/6f36040715c0984671fb6ef33b39c6ae/element/B9BA7FDE27CC3773963F5BE6771C9FEE_element_101/elements - {"using":"css selector","value":"th"}
RESULT: {"using":"css selector","value":"th"}
COMMAND: GET /session/6f36040715c0984671fb6ef33b39c6ae/element/B9BA7FDE27CC3773963F5BE6771C9FEE_element_102/text - {}
COMMAND: GET /session/6f36040715c0984671fb6ef33b39c6ae/element/B9BA7FDE27CC3773963F5BE6771C9FEE_element_103/text - {}
COMMAND: GET /session/6f36040715c0984671fb6ef33b39c6ae/element/B9BA7FDE27CC3773963F5BE6771C9FEE_element_105/text - {}
COMMAND: GET /session/6f36040715c0984671fb6ef33b39c6ae/element/B9BA7FDE27CC3773963F5BE6771C9FEE_element_104/text - {}
COMMAND: GET /session/6f36040715c0984671fb6ef33b39c6ae/element/B9BA7FDE27CC3773963F5BE6771C9FEE_element_106/text - {}
RESULT: {}
RESULT: {}
RESULT: {}
RESULT: {}
RESULT: {}
COMMAND: POST /session/6f36040715c0984671fb6ef33b39c6ae/element/B9BA7FDE27CC3773963F5BE6771C9FEE_element_99/elements - {"using":"css selector","value":"th,td"}
RESULT: {"using":"css selector","value":"th,td"}
COMMAND: GET /session/6f36040715c0984671fb6ef33b39c6ae/element/B9BA7FDE27CC3773963F5BE6771C9FEE_element_107/text - {}
RESULT: {}
COMMAND: GET /session/6f36040715c0984671fb6ef33b39c6ae/element/B9BA7FDE27CC3773963F5BE6771C9FEE_element_108/text - {}
RESULT: {}
COMMAND: GET /session/6f36040715c0984671fb6ef33b39c6ae/element/B9BA7FDE27CC3773963F5BE6771C9FEE_element_109/text - {}
RESULT: {}
COMMAND: GET /session/6f36040715c0984671fb6ef33b39c6ae/element/B9BA7FDE27CC3773963F5BE6771C9FEE_element_110/text - {}
RESULT: {}
COMMAND: GET /session/6f36040715c0984671fb6ef33b39c6ae/element/B9BA7FDE27CC3773963F5BE6771C9FEE_element_111/text - {}
RESULT: {}
COMMAND: POST /session/6f36040715c0984671fb6ef33b39c6ae/element/B9BA7FDE27CC3773963F5BE6771C9FEE_element_100/elements - {"using":"css selector","value":"th,td"}
RESULT: {"using":"css selector","value":"th,td"}
COMMAND: GET /session/6f36040715c0984671fb6ef33b39c6ae/element/B9BA7FDE27CC3773963F5BE6771C9FEE_element_112/text - {}
RESULT: {}
COMMAND: GET /session/6f36040715c0984671fb6ef33b39c6ae/element/B9BA7FDE27CC3773963F5BE6771C9FEE_element_113/text - {}
RESULT: {}
COMMAND: GET /session/6f36040715c0984671fb6ef33b39c6ae/element/B9BA7FDE27CC3773963F5BE6771C9FEE_element_114/text - {}
RESULT: {}
COMMAND: GET /session/6f36040715c0984671fb6ef33b39c6ae/element/B9BA7FDE27CC3773963F5BE6771C9FEE_element_115/text - {}
RESULT: {}
COMMAND: GET /session/6f36040715c0984671fb6ef33b39c6ae/element/B9BA7FDE27CC3773963F5BE6771C9FEE_element_116/text - {}
RESULT: {}
]]></system-out>
    </testcase>
    <testcase classname="chrome.117_0_5938_132.linux.Invoice_Page_Test.Vendor:_Vendor_Three,Invoice:2023-03" name="should validate quantity events table data" time="0.731">
      <system-out><![CDATA[
COMMAND: POST /session/6f36040715c0984671fb6ef33b39c6ae/url - {"url":"https://ephenv-vlad-test.btm.dev.account.gov.uk/contracts/3/invoices/2023-03"}
RESULT: {"url":"https://ephenv-vlad-test.btm.dev.account.gov.uk/contracts/3/invoices/2023-03"}
COMMAND: POST /session/6f36040715c0984671fb6ef33b39c6ae/execute/sync - {"script":"return (() => document.readyState === \"complete\").apply(null, arguments)","args":[]}
RESULT: {"script":"return (() => document.readyState === \"complete\").apply(null, arguments)","args":[]}
COMMAND: GET /session/6f36040715c0984671fb6ef33b39c6ae/url - {}
RESULT: {}
COMMAND: POST /session/6f36040715c0984671fb6ef33b39c6ae/element - {"using":"css selector","value":".govuk-heading-xl"}
RESULT: {"using":"css selector","value":".govuk-heading-xl"}
COMMAND: POST /session/6f36040715c0984671fb6ef33b39c6ae/execute/sync - {"script":"return (function isElementDisplayed(element) {\n    function nodeIsElement(node) {\n        if (!node) {\n            return false;\n        }\n        switch (node.nodeType) {\n            case Node.ELEMEN ... (7807 more bytes)","args":[{"element-6066-11e4-a52e-4f735466cecf":"EC8F34C0544DCDC1761E955C24E563C1_element_119","ELEMENT":"EC8F34C0544DCDC1761E955C24E563C1_element_119"}]}
RESULT: {"script":"return (function isElementDisplayed(element) {\n    function nodeIsElement(node) {\n        if (!node) {\n            return false;\n        }\n        switch (node.nodeType) {\n            case Node.ELEMEN ... (7807 more bytes)","args":[{"element-6066-11e4-a52e-4f735466cecf":"EC8F34C0544DCDC1761E955C24E563C1_element_119","ELEMENT":"EC8F34C0544DCDC1761E955C24E563C1_element_119"}]}
COMMAND: POST /session/6f36040715c0984671fb6ef33b39c6ae/element - {"using":"css selector","value":".govuk-heading-xl"}
RESULT: {"using":"css selector","value":".govuk-heading-xl"}
COMMAND: GET /session/6f36040715c0984671fb6ef33b39c6ae/element/EC8F34C0544DCDC1761E955C24E563C1_element_119/text - {}
RESULT: {}
COMMAND: POST /session/6f36040715c0984671fb6ef33b39c6ae/element - {"using":"xpath","value":".//caption[contains(., \"Quantity (events)\") and not(.//caption)]"}
RESULT: {"using":"xpath","value":".//caption[contains(., \"Quantity (events)\") and not(.//caption)]"}
COMMAND: POST /session/6f36040715c0984671fb6ef33b39c6ae/execute/sync - {"script":"return (function (elem, id) {\n        return (function parentElement() {\n        return this.parentElement;\n    }).call(elem, id);\n    }).apply(null, arguments)","args":[{"element-6066-11e4-a52e-4f735466cecf":"EC8F34C0544DCDC1761E955C24E563C1_element_120","ELEMENT":"EC8F34C0544DCDC1761E955C24E563C1_element_120"}]}
RESULT: {"script":"return (function (elem, id) {\n        return (function parentElement() {\n        return this.parentElement;\n    }).call(elem, id);\n    }).apply(null, arguments)","args":[{"element-6066-11e4-a52e-4f735466cecf":"EC8F34C0544DCDC1761E955C24E563C1_element_120","ELEMENT":"EC8F34C0544DCDC1761E955C24E563C1_element_120"}]}
COMMAND: POST /session/6f36040715c0984671fb6ef33b39c6ae/execute/sync - {"script":"return (function isElementDisplayed(element) {\n    function nodeIsElement(node) {\n        if (!node) {\n            return false;\n        }\n        switch (node.nodeType) {\n            case Node.ELEMEN ... (7807 more bytes)","args":[{"element-6066-11e4-a52e-4f735466cecf":"EC8F34C0544DCDC1761E955C24E563C1_element_121","ELEMENT":"EC8F34C0544DCDC1761E955C24E563C1_element_121"}]}
RESULT: {"script":"return (function isElementDisplayed(element) {\n    function nodeIsElement(node) {\n        if (!node) {\n            return false;\n        }\n        switch (node.nodeType) {\n            case Node.ELEMEN ... (7807 more bytes)","args":[{"element-6066-11e4-a52e-4f735466cecf":"EC8F34C0544DCDC1761E955C24E563C1_element_121","ELEMENT":"EC8F34C0544DCDC1761E955C24E563C1_element_121"}]}
COMMAND: POST /session/6f36040715c0984671fb6ef33b39c6ae/element/EC8F34C0544DCDC1761E955C24E563C1_element_121/elements - {"using":"css selector","value":"tbody tr"}
RESULT: {"using":"css selector","value":"tbody tr"}
COMMAND: POST /session/6f36040715c0984671fb6ef33b39c6ae/element/EC8F34C0544DCDC1761E955C24E563C1_element_121/element - {"using":"css selector","value":"thead tr"}
RESULT: {"using":"css selector","value":"thead tr"}
COMMAND: POST /session/6f36040715c0984671fb6ef33b39c6ae/element/EC8F34C0544DCDC1761E955C24E563C1_element_124/elements - {"using":"css selector","value":"th"}
RESULT: {"using":"css selector","value":"th"}
COMMAND: GET /session/6f36040715c0984671fb6ef33b39c6ae/element/EC8F34C0544DCDC1761E955C24E563C1_element_125/text - {}
COMMAND: GET /session/6f36040715c0984671fb6ef33b39c6ae/element/EC8F34C0544DCDC1761E955C24E563C1_element_126/text - {}
COMMAND: GET /session/6f36040715c0984671fb6ef33b39c6ae/element/EC8F34C0544DCDC1761E955C24E563C1_element_128/text - {}
COMMAND: GET /session/6f36040715c0984671fb6ef33b39c6ae/element/EC8F34C0544DCDC1761E955C24E563C1_element_127/text - {}
RESULT: {}
RESULT: {}
RESULT: {}
RESULT: {}
COMMAND: POST /session/6f36040715c0984671fb6ef33b39c6ae/element/EC8F34C0544DCDC1761E955C24E563C1_element_122/elements - {"using":"css selector","value":"th,td"}
RESULT: {"using":"css selector","value":"th,td"}
COMMAND: GET /session/6f36040715c0984671fb6ef33b39c6ae/element/EC8F34C0544DCDC1761E955C24E563C1_element_129/text - {}
RESULT: {}
COMMAND: GET /session/6f36040715c0984671fb6ef33b39c6ae/element/EC8F34C0544DCDC1761E955C24E563C1_element_130/text - {}
RESULT: {}
COMMAND: GET /session/6f36040715c0984671fb6ef33b39c6ae/element/EC8F34C0544DCDC1761E955C24E563C1_element_131/text - {}
RESULT: {}
COMMAND: GET /session/6f36040715c0984671fb6ef33b39c6ae/element/EC8F34C0544DCDC1761E955C24E563C1_element_132/text - {}
RESULT: {}
COMMAND: POST /session/6f36040715c0984671fb6ef33b39c6ae/element/EC8F34C0544DCDC1761E955C24E563C1_element_123/elements - {"using":"css selector","value":"th,td"}
RESULT: {"using":"css selector","value":"th,td"}
COMMAND: GET /session/6f36040715c0984671fb6ef33b39c6ae/element/EC8F34C0544DCDC1761E955C24E563C1_element_133/text - {}
RESULT: {}
COMMAND: GET /session/6f36040715c0984671fb6ef33b39c6ae/element/EC8F34C0544DCDC1761E955C24E563C1_element_134/text - {}
RESULT: {}
COMMAND: GET /session/6f36040715c0984671fb6ef33b39c6ae/element/EC8F34C0544DCDC1761E955C24E563C1_element_135/text - {}
RESULT: {}
COMMAND: GET /session/6f36040715c0984671fb6ef33b39c6ae/element/EC8F34C0544DCDC1761E955C24E563C1_element_136/text - {}
RESULT: {}
]]></system-out>
    </testcase>
    <testcase classname="chrome.117_0_5938_132.linux.Invoice_Page_Test.Vendor:_Vendor_Three,Invoice:2023-03" name="should validate price table data" time="1.715">
      <system-out><![CDATA[
COMMAND: POST /session/6f36040715c0984671fb6ef33b39c6ae/url - {"url":"https://ephenv-vlad-test.btm.dev.account.gov.uk/contracts/3/invoices/2023-03"}
RESULT: {"url":"https://ephenv-vlad-test.btm.dev.account.gov.uk/contracts/3/invoices/2023-03"}
COMMAND: POST /session/6f36040715c0984671fb6ef33b39c6ae/execute/sync - {"script":"return (() => document.readyState === \"complete\").apply(null, arguments)","args":[]}
RESULT: {"script":"return (() => document.readyState === \"complete\").apply(null, arguments)","args":[]}
COMMAND: GET /session/6f36040715c0984671fb6ef33b39c6ae/url - {}
RESULT: {}
COMMAND: POST /session/6f36040715c0984671fb6ef33b39c6ae/element - {"using":"css selector","value":".govuk-heading-xl"}
RESULT: {"using":"css selector","value":".govuk-heading-xl"}
COMMAND: POST /session/6f36040715c0984671fb6ef33b39c6ae/execute/sync - {"script":"return (function isElementDisplayed(element) {\n    function nodeIsElement(node) {\n        if (!node) {\n            return false;\n        }\n        switch (node.nodeType) {\n            case Node.ELEMEN ... (7807 more bytes)","args":[{"element-6066-11e4-a52e-4f735466cecf":"6A6CC54AD85E19582A2915108598A48B_element_139","ELEMENT":"6A6CC54AD85E19582A2915108598A48B_element_139"}]}
RESULT: {"script":"return (function isElementDisplayed(element) {\n    function nodeIsElement(node) {\n        if (!node) {\n            return false;\n        }\n        switch (node.nodeType) {\n            case Node.ELEMEN ... (7807 more bytes)","args":[{"element-6066-11e4-a52e-4f735466cecf":"6A6CC54AD85E19582A2915108598A48B_element_139","ELEMENT":"6A6CC54AD85E19582A2915108598A48B_element_139"}]}
COMMAND: POST /session/6f36040715c0984671fb6ef33b39c6ae/element - {"using":"css selector","value":".govuk-heading-xl"}
RESULT: {"using":"css selector","value":".govuk-heading-xl"}
COMMAND: GET /session/6f36040715c0984671fb6ef33b39c6ae/element/6A6CC54AD85E19582A2915108598A48B_element_139/text - {}
RESULT: {}
COMMAND: POST /session/6f36040715c0984671fb6ef33b39c6ae/element - {"using":"xpath","value":".//caption[contains(., \"Price\") and not(.//caption)]"}
RESULT: {"using":"xpath","value":".//caption[contains(., \"Price\") and not(.//caption)]"}
COMMAND: POST /session/6f36040715c0984671fb6ef33b39c6ae/execute/sync - {"script":"return (function (elem, id) {\n        return (function parentElement() {\n        return this.parentElement;\n    }).call(elem, id);\n    }).apply(null, arguments)","args":[{"element-6066-11e4-a52e-4f735466cecf":"6A6CC54AD85E19582A2915108598A48B_element_140","ELEMENT":"6A6CC54AD85E19582A2915108598A48B_element_140"}]}
RESULT: {"script":"return (function (elem, id) {\n        return (function parentElement() {\n        return this.parentElement;\n    }).call(elem, id);\n    }).apply(null, arguments)","args":[{"element-6066-11e4-a52e-4f735466cecf":"6A6CC54AD85E19582A2915108598A48B_element_140","ELEMENT":"6A6CC54AD85E19582A2915108598A48B_element_140"}]}
COMMAND: POST /session/6f36040715c0984671fb6ef33b39c6ae/execute/sync - {"script":"return (function isElementDisplayed(element) {\n    function nodeIsElement(node) {\n        if (!node) {\n            return false;\n        }\n        switch (node.nodeType) {\n            case Node.ELEMEN ... (7807 more bytes)","args":[{"element-6066-11e4-a52e-4f735466cecf":"6A6CC54AD85E19582A2915108598A48B_element_141","ELEMENT":"6A6CC54AD85E19582A2915108598A48B_element_141"}]}
RESULT: {"script":"return (function isElementDisplayed(element) {\n    function nodeIsElement(node) {\n        if (!node) {\n            return false;\n        }\n        switch (node.nodeType) {\n            case Node.ELEMEN ... (7807 more bytes)","args":[{"element-6066-11e4-a52e-4f735466cecf":"6A6CC54AD85E19582A2915108598A48B_element_141","ELEMENT":"6A6CC54AD85E19582A2915108598A48B_element_141"}]}
COMMAND: POST /session/6f36040715c0984671fb6ef33b39c6ae/element/6A6CC54AD85E19582A2915108598A48B_element_141/elements - {"using":"css selector","value":"tbody tr"}
RESULT: {"using":"css selector","value":"tbody tr"}
COMMAND: POST /session/6f36040715c0984671fb6ef33b39c6ae/element/6A6CC54AD85E19582A2915108598A48B_element_141/element - {"using":"css selector","value":"thead tr"}
RESULT: {"using":"css selector","value":"thead tr"}
COMMAND: POST /session/6f36040715c0984671fb6ef33b39c6ae/element/6A6CC54AD85E19582A2915108598A48B_element_144/elements - {"using":"css selector","value":"th"}
RESULT: {"using":"css selector","value":"th"}
COMMAND: GET /session/6f36040715c0984671fb6ef33b39c6ae/element/6A6CC54AD85E19582A2915108598A48B_element_145/text - {}
COMMAND: GET /session/6f36040715c0984671fb6ef33b39c6ae/element/6A6CC54AD85E19582A2915108598A48B_element_146/text - {}
COMMAND: GET /session/6f36040715c0984671fb6ef33b39c6ae/element/6A6CC54AD85E19582A2915108598A48B_element_148/text - {}
COMMAND: GET /session/6f36040715c0984671fb6ef33b39c6ae/element/6A6CC54AD85E19582A2915108598A48B_element_147/text - {}
RESULT: {}
RESULT: {}
RESULT: {}
RESULT: {}
COMMAND: POST /session/6f36040715c0984671fb6ef33b39c6ae/element/6A6CC54AD85E19582A2915108598A48B_element_142/elements - {"using":"css selector","value":"th,td"}
RESULT: {"using":"css selector","value":"th,td"}
COMMAND: GET /session/6f36040715c0984671fb6ef33b39c6ae/element/6A6CC54AD85E19582A2915108598A48B_element_149/text - {}
RESULT: {}
COMMAND: GET /session/6f36040715c0984671fb6ef33b39c6ae/element/6A6CC54AD85E19582A2915108598A48B_element_150/text - {}
RESULT: {}
COMMAND: GET /session/6f36040715c0984671fb6ef33b39c6ae/element/6A6CC54AD85E19582A2915108598A48B_element_151/text - {}
RESULT: {}
COMMAND: GET /session/6f36040715c0984671fb6ef33b39c6ae/element/6A6CC54AD85E19582A2915108598A48B_element_152/text - {}
RESULT: {}
COMMAND: POST /session/6f36040715c0984671fb6ef33b39c6ae/element/6A6CC54AD85E19582A2915108598A48B_element_143/elements - {"using":"css selector","value":"th,td"}
RESULT: {"using":"css selector","value":"th,td"}
COMMAND: GET /session/6f36040715c0984671fb6ef33b39c6ae/element/6A6CC54AD85E19582A2915108598A48B_element_153/text - {}
RESULT: {}
COMMAND: GET /session/6f36040715c0984671fb6ef33b39c6ae/element/6A6CC54AD85E19582A2915108598A48B_element_154/text - {}
RESULT: {}
COMMAND: GET /session/6f36040715c0984671fb6ef33b39c6ae/element/6A6CC54AD85E19582A2915108598A48B_element_155/text - {}
RESULT: {}
COMMAND: GET /session/6f36040715c0984671fb6ef33b39c6ae/element/6A6CC54AD85E19582A2915108598A48B_element_156/text - {}
RESULT: {}
]]></system-out>
    </testcase>
    <testcase classname="chrome.117_0_5938_132.linux.Invoice_Page_Test.Vendor:_Vendor_Three,Invoice:2023-03" name="should validate measured events table data" time="1.529">
      <system-out><![CDATA[
COMMAND: POST /session/6f36040715c0984671fb6ef33b39c6ae/url - {"url":"https://ephenv-vlad-test.btm.dev.account.gov.uk/contracts/3/invoices/2023-03"}
RESULT: {"url":"https://ephenv-vlad-test.btm.dev.account.gov.uk/contracts/3/invoices/2023-03"}
COMMAND: POST /session/6f36040715c0984671fb6ef33b39c6ae/execute/sync - {"script":"return (() => document.readyState === \"complete\").apply(null, arguments)","args":[]}
RESULT: {"script":"return (() => document.readyState === \"complete\").apply(null, arguments)","args":[]}
COMMAND: GET /session/6f36040715c0984671fb6ef33b39c6ae/url - {}
RESULT: {}
COMMAND: POST /session/6f36040715c0984671fb6ef33b39c6ae/element - {"using":"css selector","value":".govuk-heading-xl"}
RESULT: {"using":"css selector","value":".govuk-heading-xl"}
COMMAND: POST /session/6f36040715c0984671fb6ef33b39c6ae/execute/sync - {"script":"return (function isElementDisplayed(element) {\n    function nodeIsElement(node) {\n        if (!node) {\n            return false;\n        }\n        switch (node.nodeType) {\n            case Node.ELEMEN ... (7807 more bytes)","args":[{"element-6066-11e4-a52e-4f735466cecf":"3123C8717894296540D6F1ED0842307A_element_159","ELEMENT":"3123C8717894296540D6F1ED0842307A_element_159"}]}
RESULT: {"script":"return (function isElementDisplayed(element) {\n    function nodeIsElement(node) {\n        if (!node) {\n            return false;\n        }\n        switch (node.nodeType) {\n            case Node.ELEMEN ... (7807 more bytes)","args":[{"element-6066-11e4-a52e-4f735466cecf":"3123C8717894296540D6F1ED0842307A_element_159","ELEMENT":"3123C8717894296540D6F1ED0842307A_element_159"}]}
COMMAND: POST /session/6f36040715c0984671fb6ef33b39c6ae/element - {"using":"css selector","value":".govuk-heading-xl"}
RESULT: {"using":"css selector","value":".govuk-heading-xl"}
COMMAND: GET /session/6f36040715c0984671fb6ef33b39c6ae/element/3123C8717894296540D6F1ED0842307A_element_159/text - {}
RESULT: {}
COMMAND: POST /session/6f36040715c0984671fb6ef33b39c6ae/element - {"using":"xpath","value":".//caption[contains(., \"Measured (events)\") and not(.//caption)]"}
RESULT: {"using":"xpath","value":".//caption[contains(., \"Measured (events)\") and not(.//caption)]"}
COMMAND: POST /session/6f36040715c0984671fb6ef33b39c6ae/execute/sync - {"script":"return (function (elem, id) {\n        return (function parentElement() {\n        return this.parentElement;\n    }).call(elem, id);\n    }).apply(null, arguments)","args":[{"element-6066-11e4-a52e-4f735466cecf":"3123C8717894296540D6F1ED0842307A_element_160","ELEMENT":"3123C8717894296540D6F1ED0842307A_element_160"}]}
RESULT: {"script":"return (function (elem, id) {\n        return (function parentElement() {\n        return this.parentElement;\n    }).call(elem, id);\n    }).apply(null, arguments)","args":[{"element-6066-11e4-a52e-4f735466cecf":"3123C8717894296540D6F1ED0842307A_element_160","ELEMENT":"3123C8717894296540D6F1ED0842307A_element_160"}]}
COMMAND: POST /session/6f36040715c0984671fb6ef33b39c6ae/execute/sync - {"script":"return (function isElementDisplayed(element) {\n    function nodeIsElement(node) {\n        if (!node) {\n            return false;\n        }\n        switch (node.nodeType) {\n            case Node.ELEMEN ... (7807 more bytes)","args":[{"element-6066-11e4-a52e-4f735466cecf":"3123C8717894296540D6F1ED0842307A_element_161","ELEMENT":"3123C8717894296540D6F1ED0842307A_element_161"}]}
RESULT: {"script":"return (function isElementDisplayed(element) {\n    function nodeIsElement(node) {\n        if (!node) {\n            return false;\n        }\n        switch (node.nodeType) {\n            case Node.ELEMEN ... (7807 more bytes)","args":[{"element-6066-11e4-a52e-4f735466cecf":"3123C8717894296540D6F1ED0842307A_element_161","ELEMENT":"3123C8717894296540D6F1ED0842307A_element_161"}]}
COMMAND: POST /session/6f36040715c0984671fb6ef33b39c6ae/element/3123C8717894296540D6F1ED0842307A_element_161/elements - {"using":"css selector","value":"tbody tr"}
RESULT: {"using":"css selector","value":"tbody tr"}
COMMAND: POST /session/6f36040715c0984671fb6ef33b39c6ae/element/3123C8717894296540D6F1ED0842307A_element_161/element - {"using":"css selector","value":"thead tr"}
RESULT: {"using":"css selector","value":"thead tr"}
COMMAND: POST /session/6f36040715c0984671fb6ef33b39c6ae/element/3123C8717894296540D6F1ED0842307A_element_164/elements - {"using":"css selector","value":"th"}
RESULT: {"using":"css selector","value":"th"}
COMMAND: GET /session/6f36040715c0984671fb6ef33b39c6ae/element/3123C8717894296540D6F1ED0842307A_element_165/text - {}
COMMAND: GET /session/6f36040715c0984671fb6ef33b39c6ae/element/3123C8717894296540D6F1ED0842307A_element_166/text - {}
RESULT: {}
RESULT: {}
COMMAND: POST /session/6f36040715c0984671fb6ef33b39c6ae/element/3123C8717894296540D6F1ED0842307A_element_162/elements - {"using":"css selector","value":"th,td"}
RESULT: {"using":"css selector","value":"th,td"}
COMMAND: GET /session/6f36040715c0984671fb6ef33b39c6ae/element/3123C8717894296540D6F1ED0842307A_element_167/text - {}
RESULT: {}
COMMAND: GET /session/6f36040715c0984671fb6ef33b39c6ae/element/3123C8717894296540D6F1ED0842307A_element_168/text - {}
RESULT: {}
COMMAND: POST /session/6f36040715c0984671fb6ef33b39c6ae/element/3123C8717894296540D6F1ED0842307A_element_163/elements - {"using":"css selector","value":"th,td"}
RESULT: {"using":"css selector","value":"th,td"}
COMMAND: GET /session/6f36040715c0984671fb6ef33b39c6ae/element/3123C8717894296540D6F1ED0842307A_element_169/text - {}
RESULT: {}
COMMAND: GET /session/6f36040715c0984671fb6ef33b39c6ae/element/3123C8717894296540D6F1ED0842307A_element_170/text - {}
RESULT: {}
]]></system-out>
    </testcase>
    <testcase classname="chrome.117_0_5938_132.linux.Invoice_Page_Test.Vendor:_Vendor_Three,Invoice:2023-03" name="should validate invoice table data" time="1.096">
      <system-out><![CDATA[
COMMAND: POST /session/6f36040715c0984671fb6ef33b39c6ae/url - {"url":"https://ephenv-vlad-test.btm.dev.account.gov.uk/contracts/3/invoices/2023-03"}
RESULT: {"url":"https://ephenv-vlad-test.btm.dev.account.gov.uk/contracts/3/invoices/2023-03"}
COMMAND: POST /session/6f36040715c0984671fb6ef33b39c6ae/execute/sync - {"script":"return (() => document.readyState === \"complete\").apply(null, arguments)","args":[]}
RESULT: {"script":"return (() => document.readyState === \"complete\").apply(null, arguments)","args":[]}
COMMAND: GET /session/6f36040715c0984671fb6ef33b39c6ae/url - {}
RESULT: {}
COMMAND: POST /session/6f36040715c0984671fb6ef33b39c6ae/element - {"using":"css selector","value":".govuk-heading-xl"}
RESULT: {"using":"css selector","value":".govuk-heading-xl"}
COMMAND: POST /session/6f36040715c0984671fb6ef33b39c6ae/execute/sync - {"script":"return (function isElementDisplayed(element) {\n    function nodeIsElement(node) {\n        if (!node) {\n            return false;\n        }\n        switch (node.nodeType) {\n            case Node.ELEMEN ... (7807 more bytes)","args":[{"element-6066-11e4-a52e-4f735466cecf":"26B6D108BAAE6C996A278CCBC21B5DA7_element_173","ELEMENT":"26B6D108BAAE6C996A278CCBC21B5DA7_element_173"}]}
RESULT: {"script":"return (function isElementDisplayed(element) {\n    function nodeIsElement(node) {\n        if (!node) {\n            return false;\n        }\n        switch (node.nodeType) {\n            case Node.ELEMEN ... (7807 more bytes)","args":[{"element-6066-11e4-a52e-4f735466cecf":"26B6D108BAAE6C996A278CCBC21B5DA7_element_173","ELEMENT":"26B6D108BAAE6C996A278CCBC21B5DA7_element_173"}]}
COMMAND: POST /session/6f36040715c0984671fb6ef33b39c6ae/element - {"using":"css selector","value":".govuk-heading-xl"}
RESULT: {"using":"css selector","value":".govuk-heading-xl"}
COMMAND: GET /session/6f36040715c0984671fb6ef33b39c6ae/element/26B6D108BAAE6C996A278CCBC21B5DA7_element_173/text - {}
RESULT: {}
COMMAND: POST /session/6f36040715c0984671fb6ef33b39c6ae/element - {"using":"xpath","value":".//caption[contains(., \"Invoice\") and not(.//caption)]"}
RESULT: {"using":"xpath","value":".//caption[contains(., \"Invoice\") and not(.//caption)]"}
COMMAND: POST /session/6f36040715c0984671fb6ef33b39c6ae/execute/sync - {"script":"return (function (elem, id) {\n        return (function parentElement() {\n        return this.parentElement;\n    }).call(elem, id);\n    }).apply(null, arguments)","args":[{"element-6066-11e4-a52e-4f735466cecf":"26B6D108BAAE6C996A278CCBC21B5DA7_element_174","ELEMENT":"26B6D108BAAE6C996A278CCBC21B5DA7_element_174"}]}
RESULT: {"script":"return (function (elem, id) {\n        return (function parentElement() {\n        return this.parentElement;\n    }).call(elem, id);\n    }).apply(null, arguments)","args":[{"element-6066-11e4-a52e-4f735466cecf":"26B6D108BAAE6C996A278CCBC21B5DA7_element_174","ELEMENT":"26B6D108BAAE6C996A278CCBC21B5DA7_element_174"}]}
COMMAND: POST /session/6f36040715c0984671fb6ef33b39c6ae/execute/sync - {"script":"return (function isElementDisplayed(element) {\n    function nodeIsElement(node) {\n        if (!node) {\n            return false;\n        }\n        switch (node.nodeType) {\n            case Node.ELEMEN ... (7807 more bytes)","args":[{"element-6066-11e4-a52e-4f735466cecf":"26B6D108BAAE6C996A278CCBC21B5DA7_element_175","ELEMENT":"26B6D108BAAE6C996A278CCBC21B5DA7_element_175"}]}
RESULT: {"script":"return (function isElementDisplayed(element) {\n    function nodeIsElement(node) {\n        if (!node) {\n            return false;\n        }\n        switch (node.nodeType) {\n            case Node.ELEMEN ... (7807 more bytes)","args":[{"element-6066-11e4-a52e-4f735466cecf":"26B6D108BAAE6C996A278CCBC21B5DA7_element_175","ELEMENT":"26B6D108BAAE6C996A278CCBC21B5DA7_element_175"}]}
COMMAND: POST /session/6f36040715c0984671fb6ef33b39c6ae/element/26B6D108BAAE6C996A278CCBC21B5DA7_element_175/elements - {"using":"css selector","value":"tbody tr"}
RESULT: {"using":"css selector","value":"tbody tr"}
COMMAND: POST /session/6f36040715c0984671fb6ef33b39c6ae/element/26B6D108BAAE6C996A278CCBC21B5DA7_element_175/element - {"using":"css selector","value":"thead tr"}
RESULT: {"using":"css selector","value":"thead tr"}
COMMAND: POST /session/6f36040715c0984671fb6ef33b39c6ae/element/26B6D108BAAE6C996A278CCBC21B5DA7_element_179/elements - {"using":"css selector","value":"th"}
RESULT: {"using":"css selector","value":"th"}
COMMAND: GET /session/6f36040715c0984671fb6ef33b39c6ae/element/26B6D108BAAE6C996A278CCBC21B5DA7_element_180/text - {}
COMMAND: GET /session/6f36040715c0984671fb6ef33b39c6ae/element/26B6D108BAAE6C996A278CCBC21B5DA7_element_181/text - {}
COMMAND: GET /session/6f36040715c0984671fb6ef33b39c6ae/element/26B6D108BAAE6C996A278CCBC21B5DA7_element_183/text - {}
COMMAND: GET /session/6f36040715c0984671fb6ef33b39c6ae/element/26B6D108BAAE6C996A278CCBC21B5DA7_element_182/text - {}
COMMAND: GET /session/6f36040715c0984671fb6ef33b39c6ae/element/26B6D108BAAE6C996A278CCBC21B5DA7_element_184/text - {}
RESULT: {}
RESULT: {}
RESULT: {}
RESULT: {}
RESULT: {}
COMMAND: POST /session/6f36040715c0984671fb6ef33b39c6ae/element/26B6D108BAAE6C996A278CCBC21B5DA7_element_176/elements - {"using":"css selector","value":"th,td"}
RESULT: {"using":"css selector","value":"th,td"}
COMMAND: GET /session/6f36040715c0984671fb6ef33b39c6ae/element/26B6D108BAAE6C996A278CCBC21B5DA7_element_185/text - {}
RESULT: {}
COMMAND: GET /session/6f36040715c0984671fb6ef33b39c6ae/element/26B6D108BAAE6C996A278CCBC21B5DA7_element_186/text - {}
RESULT: {}
COMMAND: GET /session/6f36040715c0984671fb6ef33b39c6ae/element/26B6D108BAAE6C996A278CCBC21B5DA7_element_187/text - {}
RESULT: {}
COMMAND: GET /session/6f36040715c0984671fb6ef33b39c6ae/element/26B6D108BAAE6C996A278CCBC21B5DA7_element_188/text - {}
RESULT: {}
COMMAND: GET /session/6f36040715c0984671fb6ef33b39c6ae/element/26B6D108BAAE6C996A278CCBC21B5DA7_element_189/text - {}
RESULT: {}
COMMAND: POST /session/6f36040715c0984671fb6ef33b39c6ae/element/26B6D108BAAE6C996A278CCBC21B5DA7_element_177/elements - {"using":"css selector","value":"th,td"}
RESULT: {"using":"css selector","value":"th,td"}
COMMAND: GET /session/6f36040715c0984671fb6ef33b39c6ae/element/26B6D108BAAE6C996A278CCBC21B5DA7_element_190/text - {}
RESULT: {}
COMMAND: GET /session/6f36040715c0984671fb6ef33b39c6ae/element/26B6D108BAAE6C996A278CCBC21B5DA7_element_191/text - {}
RESULT: {}
COMMAND: GET /session/6f36040715c0984671fb6ef33b39c6ae/element/26B6D108BAAE6C996A278CCBC21B5DA7_element_192/text - {}
RESULT: {}
COMMAND: GET /session/6f36040715c0984671fb6ef33b39c6ae/element/26B6D108BAAE6C996A278CCBC21B5DA7_element_193/text - {}
RESULT: {}
COMMAND: GET /session/6f36040715c0984671fb6ef33b39c6ae/element/26B6D108BAAE6C996A278CCBC21B5DA7_element_194/text - {}
RESULT: {}
COMMAND: POST /session/6f36040715c0984671fb6ef33b39c6ae/element/26B6D108BAAE6C996A278CCBC21B5DA7_element_178/elements - {"using":"css selector","value":"th,td"}
RESULT: {"using":"css selector","value":"th,td"}
COMMAND: GET /session/6f36040715c0984671fb6ef33b39c6ae/element/26B6D108BAAE6C996A278CCBC21B5DA7_element_195/text - {}
RESULT: {}
COMMAND: GET /session/6f36040715c0984671fb6ef33b39c6ae/element/26B6D108BAAE6C996A278CCBC21B5DA7_element_196/text - {}
RESULT: {}
COMMAND: GET /session/6f36040715c0984671fb6ef33b39c6ae/element/26B6D108BAAE6C996A278CCBC21B5DA7_element_197/text - {}
RESULT: {}
COMMAND: GET /session/6f36040715c0984671fb6ef33b39c6ae/element/26B6D108BAAE6C996A278CCBC21B5DA7_element_198/text - {}
RESULT: {}
COMMAND: GET /session/6f36040715c0984671fb6ef33b39c6ae/element/26B6D108BAAE6C996A278CCBC21B5DA7_element_199/text - {}
RESULT: {}
]]></system-out>
    </testcase>
  </testsuite>
  <testsuite name="Vendor Vendor Three Invoice 2005 08" timestamp="2023-10-16T11:39:38" time="4.69" tests="6" failures="0" errors="0" skipped="0">
    <properties>
      <property name="specId" value="0"/>
      <property name="suiteName" value="Vendor: Vendor Three,Invoice:2005-08"/>
      <property name="capabilities" value="chrome.117_0_5938_132.linux"/>
      <property name="file" value="file://./ui-tests/specs/invoice.spec.ts"/>
    </properties>
    <testcase classname="chrome.117_0_5938_132.linux.Invoice_Page_Test.Vendor:_Vendor_Three,Invoice:2005-08" name="should display correct status banner color and message" time="0.616">
      <system-out><![CDATA[
COMMAND: POST /session/6f36040715c0984671fb6ef33b39c6ae/url - {"url":"https://ephenv-vlad-test.btm.dev.account.gov.uk/contracts/3/invoices/2005-08"}
RESULT: {"url":"https://ephenv-vlad-test.btm.dev.account.gov.uk/contracts/3/invoices/2005-08"}
COMMAND: POST /session/6f36040715c0984671fb6ef33b39c6ae/execute/sync - {"script":"return (() => document.readyState === \"complete\").apply(null, arguments)","args":[]}
RESULT: {"script":"return (() => document.readyState === \"complete\").apply(null, arguments)","args":[]}
COMMAND: GET /session/6f36040715c0984671fb6ef33b39c6ae/url - {}
RESULT: {}
COMMAND: POST /session/6f36040715c0984671fb6ef33b39c6ae/element - {"using":"css selector","value":".govuk-heading-xl"}
RESULT: {"using":"css selector","value":".govuk-heading-xl"}
COMMAND: POST /session/6f36040715c0984671fb6ef33b39c6ae/execute/sync - {"script":"return (function isElementDisplayed(element) {\n    function nodeIsElement(node) {\n        if (!node) {\n            return false;\n        }\n        switch (node.nodeType) {\n            case Node.ELEMEN ... (7807 more bytes)","args":[{"element-6066-11e4-a52e-4f735466cecf":"EE3CC1F64CB443381C26DC02A4DB6300_element_202","ELEMENT":"EE3CC1F64CB443381C26DC02A4DB6300_element_202"}]}
RESULT: {"script":"return (function isElementDisplayed(element) {\n    function nodeIsElement(node) {\n        if (!node) {\n            return false;\n        }\n        switch (node.nodeType) {\n            case Node.ELEMEN ... (7807 more bytes)","args":[{"element-6066-11e4-a52e-4f735466cecf":"EE3CC1F64CB443381C26DC02A4DB6300_element_202","ELEMENT":"EE3CC1F64CB443381C26DC02A4DB6300_element_202"}]}
COMMAND: POST /session/6f36040715c0984671fb6ef33b39c6ae/element - {"using":"css selector","value":".govuk-heading-xl"}
RESULT: {"using":"css selector","value":".govuk-heading-xl"}
COMMAND: GET /session/6f36040715c0984671fb6ef33b39c6ae/element/EE3CC1F64CB443381C26DC02A4DB6300_element_202/text - {}
RESULT: {}
COMMAND: POST /session/6f36040715c0984671fb6ef33b39c6ae/element - {"using":"css selector","value":"h2.govuk-panel__title"}
RESULT: {"using":"css selector","value":"h2.govuk-panel__title"}
COMMAND: POST /session/6f36040715c0984671fb6ef33b39c6ae/execute/sync - {"script":"return (function isElementDisplayed(element) {\n    function nodeIsElement(node) {\n        if (!node) {\n            return false;\n        }\n        switch (node.nodeType) {\n            case Node.ELEMEN ... (7807 more bytes)","args":[{"element-6066-11e4-a52e-4f735466cecf":"EE3CC1F64CB443381C26DC02A4DB6300_element_203","ELEMENT":"EE3CC1F64CB443381C26DC02A4DB6300_element_203"}]}
RESULT: {"script":"return (function isElementDisplayed(element) {\n    function nodeIsElement(node) {\n        if (!node) {\n            return false;\n        }\n        switch (node.nodeType) {\n            case Node.ELEMEN ... (7807 more bytes)","args":[{"element-6066-11e4-a52e-4f735466cecf":"EE3CC1F64CB443381C26DC02A4DB6300_element_203","ELEMENT":"EE3CC1F64CB443381C26DC02A4DB6300_element_203"}]}
COMMAND: POST /session/6f36040715c0984671fb6ef33b39c6ae/element - {"using":"css selector","value":"h2.govuk-panel__title"}
RESULT: {"using":"css selector","value":"h2.govuk-panel__title"}
COMMAND: GET /session/6f36040715c0984671fb6ef33b39c6ae/element/EE3CC1F64CB443381C26DC02A4DB6300_element_203/text - {}
RESULT: {}
COMMAND: POST /session/6f36040715c0984671fb6ef33b39c6ae/element - {"using":"css selector","value":".govuk-panel"}
RESULT: {"using":"css selector","value":".govuk-panel"}
COMMAND: POST /session/6f36040715c0984671fb6ef33b39c6ae/execute/sync - {"script":"return (function isElementDisplayed(element) {\n    function nodeIsElement(node) {\n        if (!node) {\n            return false;\n        }\n        switch (node.nodeType) {\n            case Node.ELEMEN ... (7807 more bytes)","args":[{"element-6066-11e4-a52e-4f735466cecf":"EE3CC1F64CB443381C26DC02A4DB6300_element_204","ELEMENT":"EE3CC1F64CB443381C26DC02A4DB6300_element_204"}]}
[...]
RESULT: {"using":"css selector","value":"th"}
COMMAND: GET /session/6f36040715c0984671fb6ef33b39c6ae/element/7085C5CC51DE580093A1923ED12B2EB2_element_1672/text - {}
COMMAND: GET /session/6f36040715c0984671fb6ef33b39c6ae/element/7085C5CC51DE580093A1923ED12B2EB2_element_1673/text - {}
COMMAND: GET /session/6f36040715c0984671fb6ef33b39c6ae/element/7085C5CC51DE580093A1923ED12B2EB2_element_1675/text - {}
COMMAND: GET /session/6f36040715c0984671fb6ef33b39c6ae/element/7085C5CC51DE580093A1923ED12B2EB2_element_1674/text - {}
RESULT: {}
RESULT: {}
RESULT: {}
RESULT: {}
COMMAND: POST /session/6f36040715c0984671fb6ef33b39c6ae/element/7085C5CC51DE580093A1923ED12B2EB2_element_1670/elements - {"using":"css selector","value":"th,td"}
RESULT: {"using":"css selector","value":"th,td"}
COMMAND: GET /session/6f36040715c0984671fb6ef33b39c6ae/element/7085C5CC51DE580093A1923ED12B2EB2_element_1676/text - {}
RESULT: {}
COMMAND: GET /session/6f36040715c0984671fb6ef33b39c6ae/element/7085C5CC51DE580093A1923ED12B2EB2_element_1677/text - {}
RESULT: {}
COMMAND: GET /session/6f36040715c0984671fb6ef33b39c6ae/element/7085C5CC51DE580093A1923ED12B2EB2_element_1678/text - {}
RESULT: {}
COMMAND: GET /session/6f36040715c0984671fb6ef33b39c6ae/element/7085C5CC51DE580093A1923ED12B2EB2_element_1679/text - {}
RESULT: {}
]]></system-out>
    </testcase>
    <testcase classname="chrome.117_0_5938_132.linux.Invoice_Page_Test.Vendor:_Vendor_Six,Invoice:2005-Q2" name="should validate price table data" time="0.706">
      <system-out><![CDATA[
COMMAND: POST /session/6f36040715c0984671fb6ef33b39c6ae/url - {"url":"https://ephenv-vlad-test.btm.dev.account.gov.uk/contracts/6/invoices/2005-q2"}
RESULT: {"url":"https://ephenv-vlad-test.btm.dev.account.gov.uk/contracts/6/invoices/2005-q2"}
COMMAND: POST /session/6f36040715c0984671fb6ef33b39c6ae/execute/sync - {"script":"return (() => document.readyState === \"complete\").apply(null, arguments)","args":[]}
RESULT: {"script":"return (() => document.readyState === \"complete\").apply(null, arguments)","args":[]}
COMMAND: GET /session/6f36040715c0984671fb6ef33b39c6ae/url - {}
RESULT: {}
COMMAND: POST /session/6f36040715c0984671fb6ef33b39c6ae/element - {"using":"css selector","value":".govuk-heading-xl"}
RESULT: {"using":"css selector","value":".govuk-heading-xl"}
COMMAND: POST /session/6f36040715c0984671fb6ef33b39c6ae/execute/sync - {"script":"return (function isElementDisplayed(element) {\n    function nodeIsElement(node) {\n        if (!node) {\n            return false;\n        }\n        switch (node.nodeType) {\n            case Node.ELEMEN ... (7807 more bytes)","args":[{"element-6066-11e4-a52e-4f735466cecf":"DC167ED69B7950741FF5A73F9B3BCB38_element_1682","ELEMENT":"DC167ED69B7950741FF5A73F9B3BCB38_element_1682"}]}
RESULT: {"script":"return (function isElementDisplayed(element) {\n    function nodeIsElement(node) {\n        if (!node) {\n            return false;\n        }\n        switch (node.nodeType) {\n            case Node.ELEMEN ... (7807 more bytes)","args":[{"element-6066-11e4-a52e-4f735466cecf":"DC167ED69B7950741FF5A73F9B3BCB38_element_1682","ELEMENT":"DC167ED69B7950741FF5A73F9B3BCB38_element_1682"}]}
COMMAND: POST /session/6f36040715c0984671fb6ef33b39c6ae/element - {"using":"css selector","value":".govuk-heading-xl"}
RESULT: {"using":"css selector","value":".govuk-heading-xl"}
COMMAND: GET /session/6f36040715c0984671fb6ef33b39c6ae/element/DC167ED69B7950741FF5A73F9B3BCB38_element_1682/text - {}
RESULT: {}
COMMAND: POST /session/6f36040715c0984671fb6ef33b39c6ae/element - {"using":"xpath","value":".//caption[contains(., \"Price\") and not(.//caption)]"}
RESULT: {"using":"xpath","value":".//caption[contains(., \"Price\") and not(.//caption)]"}
COMMAND: POST /session/6f36040715c0984671fb6ef33b39c6ae/execute/sync - {"script":"return (function (elem, id) {\n        return (function parentElement() {\n        return this.parentElement;\n    }).call(elem, id);\n    }).apply(null, arguments)","args":[{"element-6066-11e4-a52e-4f735466cecf":"DC167ED69B7950741FF5A73F9B3BCB38_element_1683","ELEMENT":"DC167ED69B7950741FF5A73F9B3BCB38_element_1683"}]}
RESULT: {"script":"return (function (elem, id) {\n        return (function parentElement() {\n        return this.parentElement;\n    }).call(elem, id);\n    }).apply(null, arguments)","args":[{"element-6066-11e4-a52e-4f735466cecf":"DC167ED69B7950741FF5A73F9B3BCB38_element_1683","ELEMENT":"DC167ED69B7950741FF5A73F9B3BCB38_element_1683"}]}
COMMAND: POST /session/6f36040715c0984671fb6ef33b39c6ae/execute/sync - {"script":"return (function isElementDisplayed(element) {\n    function nodeIsElement(node) {\n        if (!node) {\n            return false;\n        }\n        switch (node.nodeType) {\n            case Node.ELEMEN ... (7807 more bytes)","args":[{"element-6066-11e4-a52e-4f735466cecf":"DC167ED69B7950741FF5A73F9B3BCB38_element_1684","ELEMENT":"DC167ED69B7950741FF5A73F9B3BCB38_element_1684"}]}
RESULT: {"script":"return (function isElementDisplayed(element) {\n    function nodeIsElement(node) {\n        if (!node) {\n            return false;\n        }\n        switch (node.nodeType) {\n            case Node.ELEMEN ... (7807 more bytes)","args":[{"element-6066-11e4-a52e-4f735466cecf":"DC167ED69B7950741FF5A73F9B3BCB38_element_1684","ELEMENT":"DC167ED69B7950741FF5A73F9B3BCB38_element_1684"}]}
COMMAND: POST /session/6f36040715c0984671fb6ef33b39c6ae/element/DC167ED69B7950741FF5A73F9B3BCB38_element_1684/elements - {"using":"css selector","value":"tbody tr"}
RESULT: {"using":"css selector","value":"tbody tr"}
COMMAND: POST /session/6f36040715c0984671fb6ef33b39c6ae/element/DC167ED69B7950741FF5A73F9B3BCB38_element_1684/element - {"using":"css selector","value":"thead tr"}
RESULT: {"using":"css selector","value":"thead tr"}
COMMAND: POST /session/6f36040715c0984671fb6ef33b39c6ae/element/DC167ED69B7950741FF5A73F9B3BCB38_element_1686/elements - {"using":"css selector","value":"th"}
RESULT: {"using":"css selector","value":"th"}
COMMAND: GET /session/6f36040715c0984671fb6ef33b39c6ae/element/DC167ED69B7950741FF5A73F9B3BCB38_element_1687/text - {}
COMMAND: GET /session/6f36040715c0984671fb6ef33b39c6ae/element/DC167ED69B7950741FF5A73F9B3BCB38_element_1688/text - {}
COMMAND: GET /session/6f36040715c0984671fb6ef33b39c6ae/element/DC167ED69B7950741FF5A73F9B3BCB38_element_1690/text - {}
COMMAND: GET /session/6f36040715c0984671fb6ef33b39c6ae/element/DC167ED69B7950741FF5A73F9B3BCB38_element_1689/text - {}
RESULT: {}
RESULT: {}
RESULT: {}
RESULT: {}
COMMAND: POST /session/6f36040715c0984671fb6ef33b39c6ae/element/DC167ED69B7950741FF5A73F9B3BCB38_element_1685/elements - {"using":"css selector","value":"th,td"}
RESULT: {"using":"css selector","value":"th,td"}
COMMAND: GET /session/6f36040715c0984671fb6ef33b39c6ae/element/DC167ED69B7950741FF5A73F9B3BCB38_element_1691/text - {}
RESULT: {}
COMMAND: GET /session/6f36040715c0984671fb6ef33b39c6ae/element/DC167ED69B7950741FF5A73F9B3BCB38_element_1692/text - {}
RESULT: {}
COMMAND: GET /session/6f36040715c0984671fb6ef33b39c6ae/element/DC167ED69B7950741FF5A73F9B3BCB38_element_1693/text - {}
RESULT: {}
COMMAND: GET /session/6f36040715c0984671fb6ef33b39c6ae/element/DC167ED69B7950741FF5A73F9B3BCB38_element_1694/text - {}
RESULT: {}
]]></system-out>
    </testcase>
    <testcase classname="chrome.117_0_5938_132.linux.Invoice_Page_Test.Vendor:_Vendor_Six,Invoice:2005-Q2" name="should validate measured events table data" time="0.727">
      <system-out><![CDATA[
COMMAND: POST /session/6f36040715c0984671fb6ef33b39c6ae/url - {"url":"https://ephenv-vlad-test.btm.dev.account.gov.uk/contracts/6/invoices/2005-q2"}
RESULT: {"url":"https://ephenv-vlad-test.btm.dev.account.gov.uk/contracts/6/invoices/2005-q2"}
COMMAND: POST /session/6f36040715c0984671fb6ef33b39c6ae/execute/sync - {"script":"return (() => document.readyState === \"complete\").apply(null, arguments)","args":[]}
RESULT: {"script":"return (() => document.readyState === \"complete\").apply(null, arguments)","args":[]}
COMMAND: GET /session/6f36040715c0984671fb6ef33b39c6ae/url - {}
RESULT: {}
COMMAND: POST /session/6f36040715c0984671fb6ef33b39c6ae/element - {"using":"css selector","value":".govuk-heading-xl"}
RESULT: {"using":"css selector","value":".govuk-heading-xl"}
COMMAND: POST /session/6f36040715c0984671fb6ef33b39c6ae/execute/sync - {"script":"return (function isElementDisplayed(element) {\n    function nodeIsElement(node) {\n        if (!node) {\n            return false;\n        }\n        switch (node.nodeType) {\n            case Node.ELEMEN ... (7807 more bytes)","args":[{"element-6066-11e4-a52e-4f735466cecf":"1048503E6C2185EC716470700B60D5FE_element_1699","ELEMENT":"1048503E6C2185EC716470700B60D5FE_element_1699"}]}
RESULT: {"script":"return (function isElementDisplayed(element) {\n    function nodeIsElement(node) {\n        if (!node) {\n            return false;\n        }\n        switch (node.nodeType) {\n            case Node.ELEMEN ... (7807 more bytes)","args":[{"element-6066-11e4-a52e-4f735466cecf":"1048503E6C2185EC716470700B60D5FE_element_1699","ELEMENT":"1048503E6C2185EC716470700B60D5FE_element_1699"}]}
COMMAND: POST /session/6f36040715c0984671fb6ef33b39c6ae/element - {"using":"css selector","value":".govuk-heading-xl"}
RESULT: {"using":"css selector","value":".govuk-heading-xl"}
COMMAND: GET /session/6f36040715c0984671fb6ef33b39c6ae/element/1048503E6C2185EC716470700B60D5FE_element_1699/text - {}
RESULT: {}
COMMAND: POST /session/6f36040715c0984671fb6ef33b39c6ae/element - {"using":"xpath","value":".//caption[contains(., \"Measured (events)\") and not(.//caption)]"}
RESULT: {"using":"xpath","value":".//caption[contains(., \"Measured (events)\") and not(.//caption)]"}
COMMAND: POST /session/6f36040715c0984671fb6ef33b39c6ae/execute/sync - {"script":"return (function (elem, id) {\n        return (function parentElement() {\n        return this.parentElement;\n    }).call(elem, id);\n    }).apply(null, arguments)","args":[{"element-6066-11e4-a52e-4f735466cecf":"1048503E6C2185EC716470700B60D5FE_element_1700","ELEMENT":"1048503E6C2185EC716470700B60D5FE_element_1700"}]}
RESULT: {"script":"return (function (elem, id) {\n        return (function parentElement() {\n        return this.parentElement;\n    }).call(elem, id);\n    }).apply(null, arguments)","args":[{"element-6066-11e4-a52e-4f735466cecf":"1048503E6C2185EC716470700B60D5FE_element_1700","ELEMENT":"1048503E6C2185EC716470700B60D5FE_element_1700"}]}
COMMAND: POST /session/6f36040715c0984671fb6ef33b39c6ae/execute/sync - {"script":"return (function isElementDisplayed(element) {\n    function nodeIsElement(node) {\n        if (!node) {\n            return false;\n        }\n        switch (node.nodeType) {\n            case Node.ELEMEN ... (7807 more bytes)","args":[{"element-6066-11e4-a52e-4f735466cecf":"1048503E6C2185EC716470700B60D5FE_element_1701","ELEMENT":"1048503E6C2185EC716470700B60D5FE_element_1701"}]}
RESULT: {"script":"return (function isElementDisplayed(element) {\n    function nodeIsElement(node) {\n        if (!node) {\n            return false;\n        }\n        switch (node.nodeType) {\n            case Node.ELEMEN ... (7807 more bytes)","args":[{"element-6066-11e4-a52e-4f735466cecf":"1048503E6C2185EC716470700B60D5FE_element_1701","ELEMENT":"1048503E6C2185EC716470700B60D5FE_element_1701"}]}
COMMAND: POST /session/6f36040715c0984671fb6ef33b39c6ae/element/1048503E6C2185EC716470700B60D5FE_element_1701/elements - {"using":"css selector","value":"tbody tr"}
RESULT: {"using":"css selector","value":"tbody tr"}
COMMAND: POST /session/6f36040715c0984671fb6ef33b39c6ae/element/1048503E6C2185EC716470700B60D5FE_element_1701/element - {"using":"css selector","value":"thead tr"}
RESULT: {"using":"css selector","value":"thead tr"}
COMMAND: POST /session/6f36040715c0984671fb6ef33b39c6ae/element/1048503E6C2185EC716470700B60D5FE_element_1703/elements - {"using":"css selector","value":"th"}
RESULT: {"using":"css selector","value":"th"}
COMMAND: GET /session/6f36040715c0984671fb6ef33b39c6ae/element/1048503E6C2185EC716470700B60D5FE_element_1704/text - {}
COMMAND: GET /session/6f36040715c0984671fb6ef33b39c6ae/element/1048503E6C2185EC716470700B60D5FE_element_1705/text - {}
RESULT: {}
RESULT: {}
COMMAND: POST /session/6f36040715c0984671fb6ef33b39c6ae/element/1048503E6C2185EC716470700B60D5FE_element_1702/elements - {"using":"css selector","value":"th,td"}
RESULT: {"using":"css selector","value":"th,td"}
COMMAND: GET /session/6f36040715c0984671fb6ef33b39c6ae/element/1048503E6C2185EC716470700B60D5FE_element_1706/text - {}
RESULT: {}
COMMAND: GET /session/6f36040715c0984671fb6ef33b39c6ae/element/1048503E6C2185EC716470700B60D5FE_element_1707/text - {}
RESULT: {}
]]></system-out>
    </testcase>
    <testcase classname="chrome.117_0_5938_132.linux.Invoice_Page_Test.Vendor:_Vendor_Six,Invoice:2005-Q2" name="should validate invoice table data" time="0.713">
      <system-out><![CDATA[
COMMAND: POST /session/6f36040715c0984671fb6ef33b39c6ae/url - {"url":"https://ephenv-vlad-test.btm.dev.account.gov.uk/contracts/6/invoices/2005-q2"}
RESULT: {"url":"https://ephenv-vlad-test.btm.dev.account.gov.uk/contracts/6/invoices/2005-q2"}
COMMAND: POST /session/6f36040715c0984671fb6ef33b39c6ae/execute/sync - {"script":"return (() => document.readyState === \"complete\").apply(null, arguments)","args":[]}
RESULT: {"script":"return (() => document.readyState === \"complete\").apply(null, arguments)","args":[]}
COMMAND: GET /session/6f36040715c0984671fb6ef33b39c6ae/url - {}
RESULT: {}
COMMAND: POST /session/6f36040715c0984671fb6ef33b39c6ae/element - {"using":"css selector","value":".govuk-heading-xl"}
RESULT: {"using":"css selector","value":".govuk-heading-xl"}
COMMAND: POST /session/6f36040715c0984671fb6ef33b39c6ae/execute/sync - {"script":"return (function isElementDisplayed(element) {\n    function nodeIsElement(node) {\n        if (!node) {\n            return false;\n        }\n        switch (node.nodeType) {\n            case Node.ELEMEN ... (7807 more bytes)","args":[{"element-6066-11e4-a52e-4f735466cecf":"EAAF5816EDF54073FA114C5CBEC2C025_element_1710","ELEMENT":"EAAF5816EDF54073FA114C5CBEC2C025_element_1710"}]}
RESULT: {"script":"return (function isElementDisplayed(element) {\n    function nodeIsElement(node) {\n        if (!node) {\n            return false;\n        }\n        switch (node.nodeType) {\n            case Node.ELEMEN ... (7807 more bytes)","args":[{"element-6066-11e4-a52e-4f735466cecf":"EAAF5816EDF54073FA114C5CBEC2C025_element_1710","ELEMENT":"EAAF5816EDF54073FA114C5CBEC2C025_element_1710"}]}
COMMAND: POST /session/6f36040715c0984671fb6ef33b39c6ae/element - {"using":"css selector","value":".govuk-heading-xl"}
RESULT: {"using":"css selector","value":".govuk-heading-xl"}
COMMAND: GET /session/6f36040715c0984671fb6ef33b39c6ae/element/EAAF5816EDF54073FA114C5CBEC2C025_element_1710/text - {}
RESULT: {}
COMMAND: POST /session/6f36040715c0984671fb6ef33b39c6ae/element - {"using":"xpath","value":".//caption[contains(., \"Invoice\") and not(.//caption)]"}
RESULT: {"using":"xpath","value":".//caption[contains(., \"Invoice\") and not(.//caption)]"}
COMMAND: POST /session/6f36040715c0984671fb6ef33b39c6ae/execute/sync - {"script":"return (function (elem, id) {\n        return (function parentElement() {\n        return this.parentElement;\n    }).call(elem, id);\n    }).apply(null, arguments)","args":[{"element-6066-11e4-a52e-4f735466cecf":"EAAF5816EDF54073FA114C5CBEC2C025_element_1711","ELEMENT":"EAAF5816EDF54073FA114C5CBEC2C025_element_1711"}]}
RESULT: {"script":"return (function (elem, id) {\n        return (function parentElement() {\n        return this.parentElement;\n    }).call(elem, id);\n    }).apply(null, arguments)","args":[{"element-6066-11e4-a52e-4f735466cecf":"EAAF5816EDF54073FA114C5CBEC2C025_element_1711","ELEMENT":"EAAF5816EDF54073FA114C5CBEC2C025_element_1711"}]}
COMMAND: POST /session/6f36040715c0984671fb6ef33b39c6ae/execute/sync - {"script":"return (function isElementDisplayed(element) {\n    function nodeIsElement(node) {\n        if (!node) {\n            return false;\n        }\n        switch (node.nodeType) {\n            case Node.ELEMEN ... (7807 more bytes)","args":[{"element-6066-11e4-a52e-4f735466cecf":"EAAF5816EDF54073FA114C5CBEC2C025_element_1712","ELEMENT":"EAAF5816EDF54073FA114C5CBEC2C025_element_1712"}]}
RESULT: {"script":"return (function isElementDisplayed(element) {\n    function nodeIsElement(node) {\n        if (!node) {\n            return false;\n        }\n        switch (node.nodeType) {\n            case Node.ELEMEN ... (7807 more bytes)","args":[{"element-6066-11e4-a52e-4f735466cecf":"EAAF5816EDF54073FA114C5CBEC2C025_element_1712","ELEMENT":"EAAF5816EDF54073FA114C5CBEC2C025_element_1712"}]}
COMMAND: POST /session/6f36040715c0984671fb6ef33b39c6ae/element/EAAF5816EDF54073FA114C5CBEC2C025_element_1712/elements - {"using":"css selector","value":"tbody tr"}
RESULT: {"using":"css selector","value":"tbody tr"}
COMMAND: POST /session/6f36040715c0984671fb6ef33b39c6ae/element/EAAF5816EDF54073FA114C5CBEC2C025_element_1712/element - {"using":"css selector","value":"thead tr"}
RESULT: {"using":"css selector","value":"thead tr"}
COMMAND: POST /session/6f36040715c0984671fb6ef33b39c6ae/element/EAAF5816EDF54073FA114C5CBEC2C025_element_1715/elements - {"using":"css selector","value":"th"}
RESULT: {"using":"css selector","value":"th"}
COMMAND: GET /session/6f36040715c0984671fb6ef33b39c6ae/element/EAAF5816EDF54073FA114C5CBEC2C025_element_1716/text - {}
COMMAND: GET /session/6f36040715c0984671fb6ef33b39c6ae/element/EAAF5816EDF54073FA114C5CBEC2C025_element_1717/text - {}
COMMAND: GET /session/6f36040715c0984671fb6ef33b39c6ae/element/EAAF5816EDF54073FA114C5CBEC2C025_element_1719/text - {}
COMMAND: GET /session/6f36040715c0984671fb6ef33b39c6ae/element/EAAF5816EDF54073FA114C5CBEC2C025_element_1718/text - {}
COMMAND: GET /session/6f36040715c0984671fb6ef33b39c6ae/element/EAAF5816EDF54073FA114C5CBEC2C025_element_1720/text - {}
RESULT: {}
RESULT: {}
RESULT: {}
RESULT: {}
RESULT: {}
COMMAND: POST /session/6f36040715c0984671fb6ef33b39c6ae/element/EAAF5816EDF54073FA114C5CBEC2C025_element_1713/elements - {"using":"css selector","value":"th,td"}
RESULT: {"using":"css selector","value":"th,td"}
COMMAND: GET /session/6f36040715c0984671fb6ef33b39c6ae/element/EAAF5816EDF54073FA114C5CBEC2C025_element_1721/text - {}
RESULT: {}
COMMAND: GET /session/6f36040715c0984671fb6ef33b39c6ae/element/EAAF5816EDF54073FA114C5CBEC2C025_element_1722/text - {}
RESULT: {}
COMMAND: GET /session/6f36040715c0984671fb6ef33b39c6ae/element/EAAF5816EDF54073FA114C5CBEC2C025_element_1723/text - {}
RESULT: {}
COMMAND: GET /session/6f36040715c0984671fb6ef33b39c6ae/element/EAAF5816EDF54073FA114C5CBEC2C025_element_1724/text - {}
RESULT: {}
COMMAND: GET /session/6f36040715c0984671fb6ef33b39c6ae/element/EAAF5816EDF54073FA114C5CBEC2C025_element_1725/text - {}
RESULT: {}
COMMAND: POST /session/6f36040715c0984671fb6ef33b39c6ae/element/EAAF5816EDF54073FA114C5CBEC2C025_element_1714/elements - {"using":"css selector","value":"th,td"}
RESULT: {"using":"css selector","value":"th,td"}
COMMAND: GET /session/6f36040715c0984671fb6ef33b39c6ae/element/EAAF5816EDF54073FA114C5CBEC2C025_element_1726/text - {}
RESULT: {}
COMMAND: GET /session/6f36040715c0984671fb6ef33b39c6ae/element/EAAF5816EDF54073FA114C5CBEC2C025_element_1727/text - {}
RESULT: {}
COMMAND: GET /session/6f36040715c0984671fb6ef33b39c6ae/element/EAAF5816EDF54073FA114C5CBEC2C025_element_1728/text - {}
RESULT: {}
COMMAND: GET /session/6f36040715c0984671fb6ef33b39c6ae/element/EAAF5816EDF54073FA114C5CBEC2C025_element_1729/text - {}
RESULT: {}
COMMAND: GET /session/6f36040715c0984671fb6ef33b39c6ae/element/EAAF5816EDF54073FA114C5CBEC2C025_element_1730/text - {}
RESULT: {}
COMMAND: DELETE /session/6f36040715c0984671fb6ef33b39c6ae - {}
RESULT: {}
]]></system-out>
    </testcase>
  </testsuite>
</testsuites>