<?xml version="1.0" encoding="UTF-8"?>
<testsuites>
  <testsuite name="Breadcrumbs Tests" timestamp="2023-09-25T21:53:03" time="10.578" tests="1" failures="1" errors="1" skipped="0">
    <properties>
      <property name="specId" value="0"/>
      <property name="suiteName" value="Breadcrumbs Tests"/>
      <property name="capabilities" value="chrome.117_0_5938_88.linux"/>
      <property name="file" value="file://./ui-tests/specs/breadcrumbs.spec.ts"/>
    </properties>
    <testcase classname="chrome.117_0_5938_88.linux.Breadcrumbs_Tests" name="Should display the expected number of breadcrumbs on each page" time="10.054">
      <failure/>
      <error message="Can't call click on element with selector &quot;=View Invoice&quot; because element wasn't found"/>
      <system-out><![CDATA[
COMMAND: POST /session/62a32a2601a6fec0326e69ea2676e48e/elements - {"using":"css selector","value":"li.govuk-breadcrumbs__list-item"}
COMMAND: GET /session/62a32a2601a6fec0326e69ea2676e48e/url - {}
RESULT: {}
RESULT: {"using":"css selector","value":"li.govuk-breadcrumbs__list-item"}
COMMAND: POST /session/62a32a2601a6fec0326e69ea2676e48e/element - {"using":"link text","value":"View Invoice"}
RESULT: {"using":"link text","value":"View Invoice"}
COMMAND: POST /session/62a32a2601a6fec0326e69ea2676e48e/elements - {"using":"link text","value":"View Invoice"}
RESULT: {"using":"link text","value":"View Invoice"}
COMMAND: POST /session/62a32a2601a6fec0326e69ea2676e48e/elements - {"using":"link text","value":"View Invoice"}
RESULT: {"using":"link text","value":"View Invoice"}
COMMAND: POST /session/62a32a2601a6fec0326e69ea2676e48e/elements - {"using":"link text","value":"View Invoice"}
RESULT: {"using":"link text","value":"View Invoice"}
COMMAND: POST /session/62a32a2601a6fec0326e69ea2676e48e/elements - {"using":"link text","value":"View Invoice"}
RESULT: {"using":"link text","value":"View Invoice"}
COMMAND: POST /session/62a32a2601a6fec0326e69ea2676e48e/elements - {"using":"link text","value":"View Invoice"}
RESULT: {"using":"link text","value":"View Invoice"}
COMMAND: POST /session/62a32a2601a6fec0326e69ea2676e48e/elements - {"using":"link text","value":"View Invoice"}
RESULT: {"using":"link text","value":"View Invoice"}
COMMAND: POST /session/62a32a2601a6fec0326e69ea2676e48e/elements - {"using":"link text","value":"View Invoice"}
RESULT: {"using":"link text","value":"View Invoice"}
COMMAND: POST /session/62a32a2601a6fec0326e69ea2676e48e/elements - {"using":"link text","value":"View Invoice"}
RESULT: {"using":"link text","value":"View Invoice"}
COMMAND: POST /session/62a32a2601a6fec0326e69ea2676e48e/elements - {"using":"link text","value":"View Invoice"}
RESULT: {"using":"link text","value":"View Invoice"}
COMMAND: POST /session/62a32a2601a6fec0326e69ea2676e48e/elements - {"using":"link text","value":"View Invoice"}
RESULT: {"using":"link text","value":"View Invoice"}
COMMAND: POST /session/62a32a2601a6fec0326e69ea2676e48e/elements - {"using":"link text","value":"View Invoice"}
RESULT: {"using":"link text","value":"View Invoice"}
COMMAND: POST /session/62a32a2601a6fec0326e69ea2676e48e/elements - {"using":"link text","value":"View Invoice"}
RESULT: {"using":"link text","value":"View Invoice"}
COMMAND: POST /session/62a32a2601a6fec0326e69ea2676e48e/elements - {"using":"link text","value":"View Invoice"}
RESULT: {"using":"link text","value":"View Invoice"}
COMMAND: POST /session/62a32a2601a6fec0326e69ea2676e48e/elements - {"using":"link text","value":"View Invoice"}
RESULT: {"using":"link text","value":"View Invoice"}
COMMAND: POST /session/62a32a2601a6fec0326e69ea2676e48e/elements - {"using":"link text","value":"View Invoice"}
RESULT: {"using":"link text","value":"View Invoice"}
COMMAND: POST /session/62a32a2601a6fec0326e69ea2676e48e/elements - {"using":"link text","value":"View Invoice"}
RESULT: {"using":"link text","value":"View Invoice"}
COMMAND: POST /session/62a32a2601a6fec0326e69ea2676e48e/elements - {"using":"link text","value":"View Invoice"}
RESULT: {"using":"link text","value":"View Invoice"}
COMMAND: POST /session/62a32a2601a6fec0326e69ea2676e48e/elements - {"using":"link text","value":"View Invoice"}
RESULT: {"using":"link text","value":"View Invoice"}
COMMAND: POST /session/62a32a2601a6fec0326e69ea2676e48e/elements - {"using":"link text","value":"View Invoice"}
RESULT: {"using":"link text","value":"View Invoice"}
COMMAND: POST /session/62a32a2601a6fec0326e69ea2676e48e/elements - {"using":"link text","value":"View Invoice"}
RESULT: {"using":"link text","value":"View Invoice"}
COMMAND: DELETE /session/62a32a2601a6fec0326e69ea2676e48e - {}
RESULT: {}
]]></system-out>
      <system-err><![CDATA[
Error: Can't call click on element with selector "=View Invoice" because element wasn't found
    at async HomePage.clickOnViewInvoiceLink (file:///home/runner/work/di-billing-transaction-monitoring/di-billing-transaction-monitoring/ui-tests/pageobjects/homepage.ts:33:5)
    at async Context.<anonymous> (file:///home/runner/work/di-billing-transaction-monitoring/di-billing-transaction-monitoring/ui-tests/specs/breadcrumbs.spec.ts:24:5)
]]></system-err>
    </testcase>
  </testsuite>
</testsuites>