<?xml version="1.0" encoding="UTF-8"?>
<testsuites>
  <testsuite name="Invoice Page Test" timestamp="2023-10-10T13:22:02" time="98.841" tests="0" failures="0" errors="0" skipped="0">
    <properties>
      <property name="specId" value="0"/>
      <property name="suiteName" value="Invoice Page Test"/>
      <property name="capabilities" value="chrome.117_0_5938_132.linux"/>
      <property name="file" value="file://./ui-tests/specs/invoice.spec.ts"/>
    </properties>
  </testsuite>
  <testsuite name="Vendor Vendor Three Invoice 2005 09" timestamp="2023-10-10T13:22:02" time="16.389" tests="6" failures="0" errors="0" skipped="0">
    <properties>
      <property name="specId" value="0"/>
      <property name="suiteName" value="Vendor: Vendor Three,Invoice:2005-09"/>
      <property name="capabilities" value="chrome.117_0_5938_132.linux"/>
      <property name="file" value="file://./ui-tests/specs/invoice.spec.ts"/>
    </properties>
    <testcase classname="chrome.117_0_5938_132.linux.Invoice_Page_Test.Vendor:_Vendor_Three,Invoice:2005-09" name="should display correct status banner color and message" time="8.822">
      <system-out><![CDATA[
COMMAND: POST /session/c615908a94ee80854b06984933a87823/url - {"url":"https://pr-509.btm.dev.account.gov.uk/contracts/3/invoices/2005-09"}
RESULT: {"url":"https://pr-509.btm.dev.account.gov.uk/contracts/3/invoices/2005-09"}
COMMAND: POST /session/c615908a94ee80854b06984933a87823/execute/sync - {"script":"return (() => document.readyState === \"complete\").apply(null, arguments)","args":[]}
RESULT: {"script":"return (() => document.readyState === \"complete\").apply(null, arguments)","args":[]}
COMMAND: GET /session/c615908a94ee80854b06984933a87823/url - {}
RESULT: {}
COMMAND: POST /session/c615908a94ee80854b06984933a87823/element - {"using":"css selector","value":".govuk-heading-xl"}
RESULT: {"using":"css selector","value":".govuk-heading-xl"}
COMMAND: POST /session/c615908a94ee80854b06984933a87823/execute/sync - {"script":"return (function isElementDisplayed(element) {\n    function nodeIsElement(node) {\n        if (!node) {\n            return false;\n        }\n        switch (node.nodeType) {\n            case Node.ELEMEN ... (7807 more bytes)","args":[{"element-6066-11e4-a52e-4f735466cecf":"7921C29BA8DF3534EB03A26CE2AE0F30_element_5","ELEMENT":"7921C29BA8DF3534EB03A26CE2AE0F30_element_5"}]}
RESULT: {"script":"return (function isElementDisplayed(element) {\n    function nodeIsElement(node) {\n        if (!node) {\n            return false;\n        }\n        switch (node.nodeType) {\n            case Node.ELEMEN ... (7807 more bytes)","args":[{"element-6066-11e4-a52e-4f735466cecf":"7921C29BA8DF3534EB03A26CE2AE0F30_element_5","ELEMENT":"7921C29BA8DF3534EB03A26CE2AE0F30_element_5"}]}
COMMAND: POST /session/c615908a94ee80854b06984933a87823/element - {"using":"css selector","value":".govuk-heading-xl"}
RESULT: {"using":"css selector","value":".govuk-heading-xl"}
COMMAND: GET /session/c615908a94ee80854b06984933a87823/element/7921C29BA8DF3534EB03A26CE2AE0F30_element_5/text - {}
RESULT: {}
COMMAND: POST /session/c615908a94ee80854b06984933a87823/element - {"using":"css selector","value":"h2.govuk-panel__title"}
RESULT: {"using":"css selector","value":"h2.govuk-panel__title"}
COMMAND: POST /session/c615908a94ee80854b06984933a87823/execute/sync - {"script":"return (function isElementDisplayed(element) {\n    function nodeIsElement(node) {\n        if (!node) {\n            return false;\n        }\n        switch (node.nodeType) {\n            case Node.ELEMEN ... (7807 more bytes)","args":[{"element-6066-11e4-a52e-4f735466cecf":"7921C29BA8DF3534EB03A26CE2AE0F30_element_6","ELEMENT":"7921C29BA8DF3534EB03A26CE2AE0F30_element_6"}]}
RESULT: {"script":"return (function isElementDisplayed(element) {\n    function nodeIsElement(node) {\n        if (!node) {\n            return false;\n        }\n        switch (node.nodeType) {\n            case Node.ELEMEN ... (7807 more bytes)","args":[{"element-6066-11e4-a52e-4f735466cecf":"7921C29BA8DF3534EB03A26CE2AE0F30_element_6","ELEMENT":"7921C29BA8DF3534EB03A26CE2AE0F30_element_6"}]}
COMMAND: POST /session/c615908a94ee80854b06984933a87823/element - {"using":"css selector","value":"h2.govuk-panel__title"}
RESULT: {"using":"css selector","value":"h2.govuk-panel__title"}
COMMAND: GET /session/c615908a94ee80854b06984933a87823/element/7921C29BA8DF3534EB03A26CE2AE0F30_element_6/text - {}
RESULT: {}
COMMAND: POST /session/c615908a94ee80854b06984933a87823/element - {"using":"css selector","value":".govuk-panel"}
RESULT: {"using":"css selector","value":".govuk-panel"}
COMMAND: POST /session/c615908a94ee80854b06984933a87823/execute/sync - {"script":"return (function isElementDisplayed(element) {\n    function nodeIsElement(node) {\n        if (!node) {\n            return false;\n        }\n        switch (node.nodeType) {\n            case Node.ELEMEN ... (7807 more bytes)","args":[{"element-6066-11e4-a52e-4f735466cecf":"7921C29BA8DF3534EB03A26CE2AE0F30_element_3","ELEMENT":"7921C29BA8DF3534EB03A26CE2AE0F30_element_3"}]}
RESULT: {"script":"return (function isElementDisplayed(element) {\n    function nodeIsElement(node) {\n        if (!node) {\n            return false;\n        }\n        switch (node.nodeType) {\n            case Node.ELEMEN ... (7807 more bytes)","args":[{"element-6066-11e4-a52e-4f735466cecf":"7921C29BA8DF3534EB03A26CE2AE0F30_element_3","ELEMENT":"7921C29BA8DF3534EB03A26CE2AE0F30_element_3"}]}
COMMAND: GET /session/c615908a94ee80854b06984933a87823/element/7921C29BA8DF3534EB03A26CE2AE0F30_element_3/css/background-color - {}
RESULT: {}
]]></system-out>
    </testcase>
    <testcase classname="chrome.117_0_5938_132.linux.Invoice_Page_Test.Vendor:_Vendor_Three,Invoice:2005-09" name="should validate reconciliation table data" time="1.742">
      <system-out><![CDATA[
COMMAND: POST /session/c615908a94ee80854b06984933a87823/url - {"url":"https://pr-509.btm.dev.account.gov.uk/contracts/3/invoices/2005-09"}
RESULT: {"url":"https://pr-509.btm.dev.account.gov.uk/contracts/3/invoices/2005-09"}
COMMAND: POST /session/c615908a94ee80854b06984933a87823/execute/sync - {"script":"return (() => document.readyState === \"complete\").apply(null, arguments)","args":[]}
RESULT: {"script":"return (() => document.readyState === \"complete\").apply(null, arguments)","args":[]}
COMMAND: GET /session/c615908a94ee80854b06984933a87823/url - {}
RESULT: {}
COMMAND: POST /session/c615908a94ee80854b06984933a87823/element - {"using":"css selector","value":".govuk-heading-xl"}
RESULT: {"using":"css selector","value":".govuk-heading-xl"}
COMMAND: POST /session/c615908a94ee80854b06984933a87823/execute/sync - {"script":"return (function isElementDisplayed(element) {\n    function nodeIsElement(node) {\n        if (!node) {\n            return false;\n        }\n        switch (node.nodeType) {\n            case Node.ELEMEN ... (7807 more bytes)","args":[{"element-6066-11e4-a52e-4f735466cecf":"738CA78CBBADE76DC7114923C09D8357_element_11","ELEMENT":"738CA78CBBADE76DC7114923C09D8357_element_11"}]}
RESULT: {"script":"return (function isElementDisplayed(element) {\n    function nodeIsElement(node) {\n        if (!node) {\n            return false;\n        }\n        switch (node.nodeType) {\n            case Node.ELEMEN ... (7807 more bytes)","args":[{"element-6066-11e4-a52e-4f735466cecf":"738CA78CBBADE76DC7114923C09D8357_element_11","ELEMENT":"738CA78CBBADE76DC7114923C09D8357_element_11"}]}
COMMAND: POST /session/c615908a94ee80854b06984933a87823/element - {"using":"css selector","value":".govuk-heading-xl"}
RESULT: {"using":"css selector","value":".govuk-heading-xl"}
COMMAND: GET /session/c615908a94ee80854b06984933a87823/element/738CA78CBBADE76DC7114923C09D8357_element_11/text - {}
RESULT: {}
COMMAND: POST /session/c615908a94ee80854b06984933a87823/element - {"using":"xpath","value":".//caption[contains(., \"Reconciliation\") and not(.//caption)]"}
RESULT: {"using":"xpath","value":".//caption[contains(., \"Reconciliation\") and not(.//caption)]"}
COMMAND: POST /session/c615908a94ee80854b06984933a87823/execute/sync - {"script":"return (function (elem, id) {\n        return (function parentElement() {\n        return this.parentElement;\n    }).call(elem, id);\n    }).apply(null, arguments)","args":[{"element-6066-11e4-a52e-4f735466cecf":"738CA78CBBADE76DC7114923C09D8357_element_12","ELEMENT":"738CA78CBBADE76DC7114923C09D8357_element_12"}]}
RESULT: {"script":"return (function (elem, id) {\n        return (function parentElement() {\n        return this.parentElement;\n    }).call(elem, id);\n    }).apply(null, arguments)","args":[{"element-6066-11e4-a52e-4f735466cecf":"738CA78CBBADE76DC7114923C09D8357_element_12","ELEMENT":"738CA78CBBADE76DC7114923C09D8357_element_12"}]}
COMMAND: POST /session/c615908a94ee80854b06984933a87823/execute/sync - {"script":"return (function isElementDisplayed(element) {\n    function nodeIsElement(node) {\n        if (!node) {\n            return false;\n        }\n        switch (node.nodeType) {\n            case Node.ELEMEN ... (7807 more bytes)","args":[{"element-6066-11e4-a52e-4f735466cecf":"738CA78CBBADE76DC7114923C09D8357_element_10","ELEMENT":"738CA78CBBADE76DC7114923C09D8357_element_10"}]}
RESULT: {"script":"return (function isElementDisplayed(element) {\n    function nodeIsElement(node) {\n        if (!node) {\n            return false;\n        }\n        switch (node.nodeType) {\n            case Node.ELEMEN ... (7807 more bytes)","args":[{"element-6066-11e4-a52e-4f735466cecf":"738CA78CBBADE76DC7114923C09D8357_element_10","ELEMENT":"738CA78CBBADE76DC7114923C09D8357_element_10"}]}
COMMAND: POST /session/c615908a94ee80854b06984933a87823/element/738CA78CBBADE76DC7114923C09D8357_element_10/elements - {"using":"css selector","value":"tbody tr"}
RESULT: {"using":"css selector","value":"tbody tr"}
COMMAND: POST /session/c615908a94ee80854b06984933a87823/element/738CA78CBBADE76DC7114923C09D8357_element_10/element - {"using":"css selector","value":"thead tr"}
RESULT: {"using":"css selector","value":"thead tr"}
COMMAND: POST /session/c615908a94ee80854b06984933a87823/element/738CA78CBBADE76DC7114923C09D8357_element_14/elements - {"using":"css selector","value":"th"}
RESULT: {"using":"css selector","value":"th"}
COMMAND: GET /session/c615908a94ee80854b06984933a87823/element/738CA78CBBADE76DC7114923C09D8357_element_15/text - {}
COMMAND: GET /session/c615908a94ee80854b06984933a87823/element/738CA78CBBADE76DC7114923C09D8357_element_16/text - {}
COMMAND: GET /session/c615908a94ee80854b06984933a87823/element/738CA78CBBADE76DC7114923C09D8357_element_18/text - {}
COMMAND: GET /session/c615908a94ee80854b06984933a87823/element/738CA78CBBADE76DC7114923C09D8357_element_17/text - {}
COMMAND: GET /session/c615908a94ee80854b06984933a87823/element/738CA78CBBADE76DC7114923C09D8357_element_19/text - {}
RESULT: {}
RESULT: {}
RESULT: {}
RESULT: {}
RESULT: {}
COMMAND: POST /session/c615908a94ee80854b06984933a87823/element/738CA78CBBADE76DC7114923C09D8357_element_13/elements - {"using":"css selector","value":"th,td"}
RESULT: {"using":"css selector","value":"th,td"}
COMMAND: GET /session/c615908a94ee80854b06984933a87823/element/738CA78CBBADE76DC7114923C09D8357_element_20/text - {}
RESULT: {}
COMMAND: GET /session/c615908a94ee80854b06984933a87823/element/738CA78CBBADE76DC7114923C09D8357_element_21/text - {}
RESULT: {}
COMMAND: GET /session/c615908a94ee80854b06984933a87823/element/738CA78CBBADE76DC7114923C09D8357_element_22/text - {}
RESULT: {}
COMMAND: GET /session/c615908a94ee80854b06984933a87823/element/738CA78CBBADE76DC7114923C09D8357_element_23/text - {}
RESULT: {}
COMMAND: GET /session/c615908a94ee80854b06984933a87823/element/738CA78CBBADE76DC7114923C09D8357_element_24/text - {}
RESULT: {}
]]></system-out>
    </testcase>
    <testcase classname="chrome.117_0_5938_132.linux.Invoice_Page_Test.Vendor:_Vendor_Three,Invoice:2005-09" name="should validate quantity events table data" time="2.405">
      <system-out><![CDATA[
COMMAND: POST /session/c615908a94ee80854b06984933a87823/url - {"url":"https://pr-509.btm.dev.account.gov.uk/contracts/3/invoices/2005-09"}
RESULT: {"url":"https://pr-509.btm.dev.account.gov.uk/contracts/3/invoices/2005-09"}
COMMAND: POST /session/c615908a94ee80854b06984933a87823/execute/sync - {"script":"return (() => document.readyState === \"complete\").apply(null, arguments)","args":[]}
RESULT: {"script":"return (() => document.readyState === \"complete\").apply(null, arguments)","args":[]}
COMMAND: GET /session/c615908a94ee80854b06984933a87823/url - {}
RESULT: {}
COMMAND: POST /session/c615908a94ee80854b06984933a87823/element - {"using":"css selector","value":".govuk-heading-xl"}
RESULT: {"using":"css selector","value":".govuk-heading-xl"}
COMMAND: POST /session/c615908a94ee80854b06984933a87823/execute/sync - {"script":"return (function isElementDisplayed(element) {\n    function nodeIsElement(node) {\n        if (!node) {\n            return false;\n        }\n        switch (node.nodeType) {\n            case Node.ELEMEN ... (7807 more bytes)","args":[{"element-6066-11e4-a52e-4f735466cecf":"12AA653702D72E441854ED92D43B1B6E_element_27","ELEMENT":"12AA653702D72E441854ED92D43B1B6E_element_27"}]}
RESULT: {"script":"return (function isElementDisplayed(element) {\n    function nodeIsElement(node) {\n        if (!node) {\n            return false;\n        }\n        switch (node.nodeType) {\n            case Node.ELEMEN ... (7807 more bytes)","args":[{"element-6066-11e4-a52e-4f735466cecf":"12AA653702D72E441854ED92D43B1B6E_element_27","ELEMENT":"12AA653702D72E441854ED92D43B1B6E_element_27"}]}
COMMAND: POST /session/c615908a94ee80854b06984933a87823/element - {"using":"css selector","value":".govuk-heading-xl"}
RESULT: {"using":"css selector","value":".govuk-heading-xl"}
COMMAND: GET /session/c615908a94ee80854b06984933a87823/element/12AA653702D72E441854ED92D43B1B6E_element_27/text - {}
RESULT: {}
COMMAND: POST /session/c615908a94ee80854b06984933a87823/element - {"using":"xpath","value":".//caption[contains(., \"Quantity (events)\") and not(.//caption)]"}
RESULT: {"using":"xpath","value":".//caption[contains(., \"Quantity (events)\") and not(.//caption)]"}
COMMAND: POST /session/c615908a94ee80854b06984933a87823/execute/sync - {"script":"return (function (elem, id) {\n        return (function parentElement() {\n        return this.parentElement;\n    }).call(elem, id);\n    }).apply(null, arguments)","args":[{"element-6066-11e4-a52e-4f735466cecf":"12AA653702D72E441854ED92D43B1B6E_element_28","ELEMENT":"12AA653702D72E441854ED92D43B1B6E_element_28"}]}
RESULT: {"script":"return (function (elem, id) {\n        return (function parentElement() {\n        return this.parentElement;\n    }).call(elem, id);\n    }).apply(null, arguments)","args":[{"element-6066-11e4-a52e-4f735466cecf":"12AA653702D72E441854ED92D43B1B6E_element_28","ELEMENT":"12AA653702D72E441854ED92D43B1B6E_element_28"}]}
COMMAND: POST /session/c615908a94ee80854b06984933a87823/execute/sync - {"script":"return (function isElementDisplayed(element) {\n    function nodeIsElement(node) {\n        if (!node) {\n            return false;\n        }\n        switch (node.nodeType) {\n            case Node.ELEMEN ... (7807 more bytes)","args":[{"element-6066-11e4-a52e-4f735466cecf":"12AA653702D72E441854ED92D43B1B6E_element_29","ELEMENT":"12AA653702D72E441854ED92D43B1B6E_element_29"}]}
RESULT: {"script":"return (function isElementDisplayed(element) {\n    function nodeIsElement(node) {\n        if (!node) {\n            return false;\n        }\n        switch (node.nodeType) {\n            case Node.ELEMEN ... (7807 more bytes)","args":[{"element-6066-11e4-a52e-4f735466cecf":"12AA653702D72E441854ED92D43B1B6E_element_29","ELEMENT":"12AA653702D72E441854ED92D43B1B6E_element_29"}]}
COMMAND: POST /session/c615908a94ee80854b06984933a87823/element/12AA653702D72E441854ED92D43B1B6E_element_29/elements - {"using":"css selector","value":"tbody tr"}
RESULT: {"using":"css selector","value":"tbody tr"}
COMMAND: POST /session/c615908a94ee80854b06984933a87823/element/12AA653702D72E441854ED92D43B1B6E_element_29/element - {"using":"css selector","value":"thead tr"}
RESULT: {"using":"css selector","value":"thead tr"}
COMMAND: POST /session/c615908a94ee80854b06984933a87823/element/12AA653702D72E441854ED92D43B1B6E_element_31/elements - {"using":"css selector","value":"th"}
RESULT: {"using":"css selector","value":"th"}
COMMAND: GET /session/c615908a94ee80854b06984933a87823/element/12AA653702D72E441854ED92D43B1B6E_element_32/text - {}
COMMAND: GET /session/c615908a94ee80854b06984933a87823/element/12AA653702D72E441854ED92D43B1B6E_element_33/text - {}
COMMAND: GET /session/c615908a94ee80854b06984933a87823/element/12AA653702D72E441854ED92D43B1B6E_element_35/text - {}
COMMAND: GET /session/c615908a94ee80854b06984933a87823/element/12AA653702D72E441854ED92D43B1B6E_element_34/text - {}
RESULT: {}
RESULT: {}
RESULT: {}
RESULT: {}
COMMAND: POST /session/c615908a94ee80854b06984933a87823/element/12AA653702D72E441854ED92D43B1B6E_element_30/elements - {"using":"css selector","value":"th,td"}
RESULT: {"using":"css selector","value":"th,td"}
COMMAND: GET /session/c615908a94ee80854b06984933a87823/element/12AA653702D72E441854ED92D43B1B6E_element_36/text - {}
RESULT: {}
COMMAND: GET /session/c615908a94ee80854b06984933a87823/element/12AA653702D72E441854ED92D43B1B6E_element_37/text - {}
RESULT: {}
COMMAND: GET /session/c615908a94ee80854b06984933a87823/element/12AA653702D72E441854ED92D43B1B6E_element_38/text - {}
RESULT: {}
COMMAND: GET /session/c615908a94ee80854b06984933a87823/element/12AA653702D72E441854ED92D43B1B6E_element_39/text - {}
RESULT: {}
]]></system-out>
    </testcase>
    <testcase classname="chrome.117_0_5938_132.linux.Invoice_Page_Test.Vendor:_Vendor_Three,Invoice:2005-09" name="should validate price table data" time="0.927">
      <system-out><![CDATA[
COMMAND: POST /session/c615908a94ee80854b06984933a87823/url - {"url":"https://pr-509.btm.dev.account.gov.uk/contracts/3/invoices/2005-09"}
RESULT: {"url":"https://pr-509.btm.dev.account.gov.uk/contracts/3/invoices/2005-09"}
COMMAND: POST /session/c615908a94ee80854b06984933a87823/execute/sync - {"script":"return (() => document.readyState === \"complete\").apply(null, arguments)","args":[]}
RESULT: {"script":"return (() => document.readyState === \"complete\").apply(null, arguments)","args":[]}
COMMAND: GET /session/c615908a94ee80854b06984933a87823/url - {}
RESULT: {}
COMMAND: POST /session/c615908a94ee80854b06984933a87823/element - {"using":"css selector","value":".govuk-heading-xl"}
RESULT: {"using":"css selector","value":".govuk-heading-xl"}
COMMAND: POST /session/c615908a94ee80854b06984933a87823/execute/sync - {"script":"return (function isElementDisplayed(element) {\n    function nodeIsElement(node) {\n        if (!node) {\n            return false;\n        }\n        switch (node.nodeType) {\n            case Node.ELEMEN ... (7807 more bytes)","args":[{"element-6066-11e4-a52e-4f735466cecf":"BACDE92B7A26109238B065C25FCFD6DA_element_42","ELEMENT":"BACDE92B7A26109238B065C25FCFD6DA_element_42"}]}
RESULT: {"script":"return (function isElementDisplayed(element) {\n    function nodeIsElement(node) {\n        if (!node) {\n            return false;\n        }\n        switch (node.nodeType) {\n            case Node.ELEMEN ... (7807 more bytes)","args":[{"element-6066-11e4-a52e-4f735466cecf":"BACDE92B7A26109238B065C25FCFD6DA_element_42","ELEMENT":"BACDE92B7A26109238B065C25FCFD6DA_element_42"}]}
COMMAND: POST /session/c615908a94ee80854b06984933a87823/element - {"using":"css selector","value":".govuk-heading-xl"}
RESULT: {"using":"css selector","value":".govuk-heading-xl"}
COMMAND: GET /session/c615908a94ee80854b06984933a87823/element/BACDE92B7A26109238B065C25FCFD6DA_element_42/text - {}
RESULT: {}
COMMAND: POST /session/c615908a94ee80854b06984933a87823/element - {"using":"xpath","value":".//caption[contains(., \"Price\") and not(.//caption)]"}
RESULT: {"using":"xpath","value":".//caption[contains(., \"Price\") and not(.//caption)]"}
COMMAND: POST /session/c615908a94ee80854b06984933a87823/execute/sync - {"script":"return (function (elem, id) {\n        return (function parentElement() {\n        return this.parentElement;\n    }).call(elem, id);\n    }).apply(null, arguments)","args":[{"element-6066-11e4-a52e-4f735466cecf":"BACDE92B7A26109238B065C25FCFD6DA_element_43","ELEMENT":"BACDE92B7A26109238B065C25FCFD6DA_element_43"}]}
RESULT: {"script":"return (function (elem, id) {\n        return (function parentElement() {\n        return this.parentElement;\n    }).call(elem, id);\n    }).apply(null, arguments)","args":[{"element-6066-11e4-a52e-4f735466cecf":"BACDE92B7A26109238B065C25FCFD6DA_element_43","ELEMENT":"BACDE92B7A26109238B065C25FCFD6DA_element_43"}]}
COMMAND: POST /session/c615908a94ee80854b06984933a87823/execute/sync - {"script":"return (function isElementDisplayed(element) {\n    function nodeIsElement(node) {\n        if (!node) {\n            return false;\n        }\n        switch (node.nodeType) {\n            case Node.ELEMEN ... (7807 more bytes)","args":[{"element-6066-11e4-a52e-4f735466cecf":"BACDE92B7A26109238B065C25FCFD6DA_element_44","ELEMENT":"BACDE92B7A26109238B065C25FCFD6DA_element_44"}]}
RESULT: {"script":"return (function isElementDisplayed(element) {\n    function nodeIsElement(node) {\n        if (!node) {\n            return false;\n        }\n        switch (node.nodeType) {\n            case Node.ELEMEN ... (7807 more bytes)","args":[{"element-6066-11e4-a52e-4f735466cecf":"BACDE92B7A26109238B065C25FCFD6DA_element_44","ELEMENT":"BACDE92B7A26109238B065C25FCFD6DA_element_44"}]}
COMMAND: POST /session/c615908a94ee80854b06984933a87823/element/BACDE92B7A26109238B065C25FCFD6DA_element_44/elements - {"using":"css selector","value":"tbody tr"}
RESULT: {"using":"css selector","value":"tbody tr"}
COMMAND: POST /session/c615908a94ee80854b06984933a87823/element/BACDE92B7A26109238B065C25FCFD6DA_element_44/element - {"using":"css selector","value":"thead tr"}
RESULT: {"using":"css selector","value":"thead tr"}
COMMAND: POST /session/c615908a94ee80854b06984933a87823/element/BACDE92B7A26109238B065C25FCFD6DA_element_46/elements - {"using":"css selector","value":"th"}
RESULT: {"using":"css selector","value":"th"}
COMMAND: GET /session/c615908a94ee80854b06984933a87823/element/BACDE92B7A26109238B065C25FCFD6DA_element_47/text - {}
COMMAND: GET /session/c615908a94ee80854b06984933a87823/element/BACDE92B7A26109238B065C25FCFD6DA_element_48/text - {}
COMMAND: GET /session/c615908a94ee80854b06984933a87823/element/BACDE92B7A26109238B065C25FCFD6DA_element_50/text - {}
COMMAND: GET /session/c615908a94ee80854b06984933a87823/element/BACDE92B7A26109238B065C25FCFD6DA_element_49/text - {}
RESULT: {}
RESULT: {}
RESULT: {}
RESULT: {}
COMMAND: POST /session/c615908a94ee80854b06984933a87823/element/BACDE92B7A26109238B065C25FCFD6DA_element_45/elements - {"using":"css selector","value":"th,td"}
RESULT: {"using":"css selector","value":"th,td"}
COMMAND: GET /session/c615908a94ee80854b06984933a87823/element/BACDE92B7A26109238B065C25FCFD6DA_element_51/text - {}
RESULT: {}
COMMAND: GET /session/c615908a94ee80854b06984933a87823/element/BACDE92B7A26109238B065C25FCFD6DA_element_52/text - {}
RESULT: {}
COMMAND: GET /session/c615908a94ee80854b06984933a87823/element/BACDE92B7A26109238B065C25FCFD6DA_element_53/text - {}
RESULT: {}
COMMAND: GET /session/c615908a94ee80854b06984933a87823/element/BACDE92B7A26109238B065C25FCFD6DA_element_54/text - {}
RESULT: {}
]]></system-out>
    </testcase>
    <testcase classname="chrome.117_0_5938_132.linux.Invoice_Page_Test.Vendor:_Vendor_Three,Invoice:2005-09" name="should validate measured events table data" time="0.8">
      <system-out><![CDATA[
COMMAND: POST /session/c615908a94ee80854b06984933a87823/url - {"url":"https://pr-509.btm.dev.account.gov.uk/contracts/3/invoices/2005-09"}
RESULT: {"url":"https://pr-509.btm.dev.account.gov.uk/contracts/3/invoices/2005-09"}
COMMAND: POST /session/c615908a94ee80854b06984933a87823/execute/sync - {"script":"return (() => document.readyState === \"complete\").apply(null, arguments)","args":[]}
RESULT: {"script":"return (() => document.readyState === \"complete\").apply(null, arguments)","args":[]}
COMMAND: GET /session/c615908a94ee80854b06984933a87823/url - {}
RESULT: {}
COMMAND: POST /session/c615908a94ee80854b06984933a87823/element - {"using":"css selector","value":".govuk-heading-xl"}
RESULT: {"using":"css selector","value":".govuk-heading-xl"}
COMMAND: POST /session/c615908a94ee80854b06984933a87823/execute/sync - {"script":"return (function isElementDisplayed(element) {\n    function nodeIsElement(node) {\n        if (!node) {\n            return false;\n        }\n        switch (node.nodeType) {\n            case Node.ELEMEN ... (7807 more bytes)","args":[{"element-6066-11e4-a52e-4f735466cecf":"DCB80C6922F3D98E70A2EBA3B8876B16_element_59","ELEMENT":"DCB80C6922F3D98E70A2EBA3B8876B16_element_59"}]}
RESULT: {"script":"return (function isElementDisplayed(element) {\n    function nodeIsElement(node) {\n        if (!node) {\n            return false;\n        }\n        switch (node.nodeType) {\n            case Node.ELEMEN ... (7807 more bytes)","args":[{"element-6066-11e4-a52e-4f735466cecf":"DCB80C6922F3D98E70A2EBA3B8876B16_element_59","ELEMENT":"DCB80C6922F3D98E70A2EBA3B8876B16_element_59"}]}
COMMAND: POST /session/c615908a94ee80854b06984933a87823/element - {"using":"css selector","value":".govuk-heading-xl"}
RESULT: {"using":"css selector","value":".govuk-heading-xl"}
COMMAND: GET /session/c615908a94ee80854b06984933a87823/element/DCB80C6922F3D98E70A2EBA3B8876B16_element_59/text - {}
RESULT: {}
COMMAND: POST /session/c615908a94ee80854b06984933a87823/element - {"using":"xpath","value":".//caption[contains(., \"Measured (events)\") and not(.//caption)]"}
RESULT: {"using":"xpath","value":".//caption[contains(., \"Measured (events)\") and not(.//caption)]"}
COMMAND: POST /session/c615908a94ee80854b06984933a87823/execute/sync - {"script":"return (function (elem, id) {\n        return (function parentElement() {\n        return this.parentElement;\n    }).call(elem, id);\n    }).apply(null, arguments)","args":[{"element-6066-11e4-a52e-4f735466cecf":"DCB80C6922F3D98E70A2EBA3B8876B16_element_60","ELEMENT":"DCB80C6922F3D98E70A2EBA3B8876B16_element_60"}]}
RESULT: {"script":"return (function (elem, id) {\n        return (function parentElement() {\n        return this.parentElement;\n    }).call(elem, id);\n    }).apply(null, arguments)","args":[{"element-6066-11e4-a52e-4f735466cecf":"DCB80C6922F3D98E70A2EBA3B8876B16_element_60","ELEMENT":"DCB80C6922F3D98E70A2EBA3B8876B16_element_60"}]}
COMMAND: POST /session/c615908a94ee80854b06984933a87823/execute/sync - {"script":"return (function isElementDisplayed(element) {\n    function nodeIsElement(node) {\n        if (!node) {\n            return false;\n        }\n        switch (node.nodeType) {\n            case Node.ELEMEN ... (7807 more bytes)","args":[{"element-6066-11e4-a52e-4f735466cecf":"DCB80C6922F3D98E70A2EBA3B8876B16_element_61","ELEMENT":"DCB80C6922F3D98E70A2EBA3B8876B16_element_61"}]}
RESULT: {"script":"return (function isElementDisplayed(element) {\n    function nodeIsElement(node) {\n        if (!node) {\n            return false;\n        }\n        switch (node.nodeType) {\n            case Node.ELEMEN ... (7807 more bytes)","args":[{"element-6066-11e4-a52e-4f735466cecf":"DCB80C6922F3D98E70A2EBA3B8876B16_element_61","ELEMENT":"DCB80C6922F3D98E70A2EBA3B8876B16_element_61"}]}
COMMAND: POST /session/c615908a94ee80854b06984933a87823/element/DCB80C6922F3D98E70A2EBA3B8876B16_element_61/elements - {"using":"css selector","value":"tbody tr"}
RESULT: {"using":"css selector","value":"tbody tr"}
COMMAND: POST /session/c615908a94ee80854b06984933a87823/element/DCB80C6922F3D98E70A2EBA3B8876B16_element_61/element - {"using":"css selector","value":"thead tr"}
RESULT: {"using":"css selector","value":"thead tr"}
COMMAND: POST /session/c615908a94ee80854b06984933a87823/element/DCB80C6922F3D98E70A2EBA3B8876B16_element_63/elements - {"using":"css selector","value":"th"}
RESULT: {"using":"css selector","value":"th"}
COMMAND: GET /session/c615908a94ee80854b06984933a87823/element/DCB80C6922F3D98E70A2EBA3B8876B16_element_64/text - {}
COMMAND: GET /session/c615908a94ee80854b06984933a87823/element/DCB80C6922F3D98E70A2EBA3B8876B16_element_65/text - {}
RESULT: {}
RESULT: {}
COMMAND: POST /session/c615908a94ee80854b06984933a87823/element/DCB80C6922F3D98E70A2EBA3B8876B16_element_62/elements - {"using":"css selector","value":"th,td"}
RESULT: {"using":"css selector","value":"th,td"}
COMMAND: GET /session/c615908a94ee80854b06984933a87823/element/DCB80C6922F3D98E70A2EBA3B8876B16_element_66/text - {}
RESULT: {}
COMMAND: GET /session/c615908a94ee80854b06984933a87823/element/DCB80C6922F3D98E70A2EBA3B8876B16_element_67/text - {}
RESULT: {}
]]></system-out>
    </testcase>
    <testcase classname="chrome.117_0_5938_132.linux.Invoice_Page_Test.Vendor:_Vendor_Three,Invoice:2005-09" name="should validate invoice table data" time="1.688">
      <system-out><![CDATA[
COMMAND: POST /session/c615908a94ee80854b06984933a87823/url - {"url":"https://pr-509.btm.dev.account.gov.uk/contracts/3/invoices/2005-09"}
RESULT: {"url":"https://pr-509.btm.dev.account.gov.uk/contracts/3/invoices/2005-09"}
COMMAND: POST /session/c615908a94ee80854b06984933a87823/execute/sync - {"script":"return (() => document.readyState === \"complete\").apply(null, arguments)","args":[]}
RESULT: {"script":"return (() => document.readyState === \"complete\").apply(null, arguments)","args":[]}
COMMAND: GET /session/c615908a94ee80854b06984933a87823/url - {}
RESULT: {}
COMMAND: POST /session/c615908a94ee80854b06984933a87823/element - {"using":"css selector","value":".govuk-heading-xl"}
RESULT: {"using":"css selector","value":".govuk-heading-xl"}
COMMAND: POST /session/c615908a94ee80854b06984933a87823/execute/sync - {"script":"return (function isElementDisplayed(element) {\n    function nodeIsElement(node) {\n        if (!node) {\n            return false;\n        }\n        switch (node.nodeType) {\n            case Node.ELEMEN ... (7807 more bytes)","args":[{"element-6066-11e4-a52e-4f735466cecf":"01434843B4C71F976215D674CF489D3B_element_72","ELEMENT":"01434843B4C71F976215D674CF489D3B_element_72"}]}
RESULT: {"script":"return (function isElementDisplayed(element) {\n    function nodeIsElement(node) {\n        if (!node) {\n            return false;\n        }\n        switch (node.nodeType) {\n            case Node.ELEMEN ... (7807 more bytes)","args":[{"element-6066-11e4-a52e-4f735466cecf":"01434843B4C71F976215D674CF489D3B_element_72","ELEMENT":"01434843B4C71F976215D674CF489D3B_element_72"}]}
COMMAND: POST /session/c615908a94ee80854b06984933a87823/element - {"using":"css selector","value":".govuk-heading-xl"}
RESULT: {"using":"css selector","value":".govuk-heading-xl"}
COMMAND: GET /session/c615908a94ee80854b06984933a87823/element/01434843B4C71F976215D674CF489D3B_element_72/text - {}
RESULT: {}
COMMAND: POST /session/c615908a94ee80854b06984933a87823/element - {"using":"xpath","value":".//caption[contains(., \"Invoice\") and not(.//caption)]"}
RESULT: {"using":"xpath","value":".//caption[contains(., \"Invoice\") and not(.//caption)]"}
COMMAND: POST /session/c615908a94ee80854b06984933a87823/execute/sync - {"script":"return (function (elem, id) {\n        return (function parentElement() {\n        return this.parentElement;\n    }).call(elem, id);\n    }).apply(null, arguments)","args":[{"element-6066-11e4-a52e-4f735466cecf":"01434843B4C71F976215D674CF489D3B_element_73","ELEMENT":"01434843B4C71F976215D674CF489D3B_element_73"}]}
RESULT: {"script":"return (function (elem, id) {\n        return (function parentElement() {\n        return this.parentElement;\n    }).call(elem, id);\n    }).apply(null, arguments)","args":[{"element-6066-11e4-a52e-4f735466cecf":"01434843B4C71F976215D674CF489D3B_element_73","ELEMENT":"01434843B4C71F976215D674CF489D3B_element_73"}]}
COMMAND: POST /session/c615908a94ee80854b06984933a87823/execute/sync - {"script":"return (function isElementDisplayed(element) {\n    function nodeIsElement(node) {\n        if (!node) {\n            return false;\n        }\n        switch (node.nodeType) {\n            case Node.ELEMEN ... (7807 more bytes)","args":[{"element-6066-11e4-a52e-4f735466cecf":"01434843B4C71F976215D674CF489D3B_element_74","ELEMENT":"01434843B4C71F976215D674CF489D3B_element_74"}]}
RESULT: {"script":"return (function isElementDisplayed(element) {\n    function nodeIsElement(node) {\n        if (!node) {\n            return false;\n        }\n        switch (node.nodeType) {\n            case Node.ELEMEN ... (7807 more bytes)","args":[{"element-6066-11e4-a52e-4f735466cecf":"01434843B4C71F976215D674CF489D3B_element_74","ELEMENT":"01434843B4C71F976215D674CF489D3B_element_74"}]}
COMMAND: POST /session/c615908a94ee80854b06984933a87823/element/01434843B4C71F976215D674CF489D3B_element_74/elements - {"using":"css selector","value":"tbody tr"}
RESULT: {"using":"css selector","value":"tbody tr"}
COMMAND: POST /session/c615908a94ee80854b06984933a87823/element/01434843B4C71F976215D674CF489D3B_element_74/element - {"using":"css selector","value":"thead tr"}
RESULT: {"using":"css selector","value":"thead tr"}
COMMAND: POST /session/c615908a94ee80854b06984933a87823/element/01434843B4C71F976215D674CF489D3B_element_77/elements - {"using":"css selector","value":"th"}
RESULT: {"using":"css selector","value":"th"}
COMMAND: GET /session/c615908a94ee80854b06984933a87823/element/01434843B4C71F976215D674CF489D3B_element_78/text - {}
COMMAND: GET /session/c615908a94ee80854b06984933a87823/element/01434843B4C71F976215D674CF489D3B_element_79/text - {}
COMMAND: GET /session/c615908a94ee80854b06984933a87823/element/01434843B4C71F976215D674CF489D3B_element_81/text - {}
COMMAND: GET /session/c615908a94ee80854b06984933a87823/element/01434843B4C71F976215D674CF489D3B_element_80/text - {}
COMMAND: GET /session/c615908a94ee80854b06984933a87823/element/01434843B4C71F976215D674CF489D3B_element_82/text - {}
RESULT: {}
RESULT: {}
RESULT: {}
RESULT: {}
RESULT: {}
COMMAND: POST /session/c615908a94ee80854b06984933a87823/element/01434843B4C71F976215D674CF489D3B_element_75/elements - {"using":"css selector","value":"th,td"}
RESULT: {"using":"css selector","value":"th,td"}
COMMAND: GET /session/c615908a94ee80854b06984933a87823/element/01434843B4C71F976215D674CF489D3B_element_83/text - {}
RESULT: {}
COMMAND: GET /session/c615908a94ee80854b06984933a87823/element/01434843B4C71F976215D674CF489D3B_element_84/text - {}
RESULT: {}
COMMAND: GET /session/c615908a94ee80854b06984933a87823/element/01434843B4C71F976215D674CF489D3B_element_85/text - {}
RESULT: {}
COMMAND: GET /session/c615908a94ee80854b06984933a87823/element/01434843B4C71F976215D674CF489D3B_element_86/text - {}
RESULT: {}
COMMAND: GET /session/c615908a94ee80854b06984933a87823/element/01434843B4C71F976215D674CF489D3B_element_87/text - {}
RESULT: {}
COMMAND: POST /session/c615908a94ee80854b06984933a87823/element/01434843B4C71F976215D674CF489D3B_element_76/elements - {"using":"css selector","value":"th,td"}
RESULT: {"using":"css selector","value":"th,td"}
COMMAND: GET /session/c615908a94ee80854b06984933a87823/element/01434843B4C71F976215D674CF489D3B_element_88/text - {}
RESULT: {}
COMMAND: GET /session/c615908a94ee80854b06984933a87823/element/01434843B4C71F976215D674CF489D3B_element_89/text - {}
RESULT: {}
COMMAND: GET /session/c615908a94ee80854b06984933a87823/element/01434843B4C71F976215D674CF489D3B_element_90/text - {}
RESULT: {}
COMMAND: GET /session/c615908a94ee80854b06984933a87823/element/01434843B4C71F976215D674CF489D3B_element_91/text - {}
RESULT: {}
COMMAND: GET /session/c615908a94ee80854b06984933a87823/element/01434843B4C71F976215D674CF489D3B_element_92/text - {}
RESULT: {}
]]></system-out>
    </testcase>
  </testsuite>
  <testsuite name="Vendor Vendor Three Invoice 2023 03" timestamp="2023-10-10T13:22:18" time="5.193" tests="6" failures="0" errors="0" skipped="0">
    <properties>
      <property name="specId" value="0"/>
      <property name="suiteName" value="Vendor: Vendor Three,Invoice:2023-03"/>
      <property name="capabilities" value="chrome.117_0_5938_132.linux"/>
      <property name="file" value="file://./ui-tests/specs/invoice.spec.ts"/>
    </properties>
    <testcase classname="chrome.117_0_5938_132.linux.Invoice_Page_Test.Vendor:_Vendor_Three,Invoice:2023-03" name="should display correct status banner color and message" time="0.694">
      <system-out><![CDATA[
COMMAND: POST /session/c615908a94ee80854b06984933a87823/url - {"url":"https://pr-509.btm.dev.account.gov.uk/contracts/3/invoices/2023-03"}
RESULT: {"url":"https://pr-509.btm.dev.account.gov.uk/contracts/3/invoices/2023-03"}
COMMAND: POST /session/c615908a94ee80854b06984933a87823/execute/sync - {"script":"return (() => document.readyState === \"complete\").apply(null, arguments)","args":[]}
RESULT: {"script":"return (() => document.readyState === \"complete\").apply(null, arguments)","args":[]}
COMMAND: GET /session/c615908a94ee80854b06984933a87823/url - {}
RESULT: {}
COMMAND: POST /session/c615908a94ee80854b06984933a87823/element - {"using":"css selector","value":".govuk-heading-xl"}
RESULT: {"using":"css selector","value":".govuk-heading-xl"}
COMMAND: POST /session/c615908a94ee80854b06984933a87823/execute/sync - {"script":"return (function isElementDisplayed(element) {\n    function nodeIsElement(node) {\n        if (!node) {\n            return false;\n        }\n        switch (node.nodeType) {\n            case Node.ELEMEN ... (7807 more bytes)","args":[{"element-6066-11e4-a52e-4f735466cecf":"20B10095CFE1B53668901DD22D3C84F3_element_97","ELEMENT":"20B10095CFE1B53668901DD22D3C84F3_element_97"}]}
RESULT: {"script":"return (function isElementDisplayed(element) {\n    function nodeIsElement(node) {\n        if (!node) {\n            return false;\n        }\n        switch (node.nodeType) {\n            case Node.ELEMEN ... (7807 more bytes)","args":[{"element-6066-11e4-a52e-4f735466cecf":"20B10095CFE1B53668901DD22D3C84F3_element_97","ELEMENT":"20B10095CFE1B53668901DD22D3C84F3_element_97"}]}
COMMAND: POST /session/c615908a94ee80854b06984933a87823/element - {"using":"css selector","value":".govuk-heading-xl"}
RESULT: {"using":"css selector","value":".govuk-heading-xl"}
COMMAND: GET /session/c615908a94ee80854b06984933a87823/element/20B10095CFE1B53668901DD22D3C84F3_element_97/text - {}
RESULT: {}
COMMAND: POST /session/c615908a94ee80854b06984933a87823/element - {"using":"css selector","value":"h2.govuk-panel__title"}
RESULT: {"using":"css selector","value":"h2.govuk-panel__title"}
COMMAND: POST /session/c615908a94ee80854b06984933a87823/execute/sync - {"script":"return (function isElementDisplayed(element) {\n    function nodeIsElement(node) {\n        if (!node) {\n            return false;\n        }\n        switch (node.nodeType) {\n            case Node.ELEMEN ... (7807 more bytes)","args":[{"element-6066-11e4-a52e-4f735466cecf":"20B10095CFE1B53668901DD22D3C84F3_element_98","ELEMENT":"20B10095CFE1B53668901DD22D3C84F3_element_98"}]}
RESULT: {"script":"return (function isElementDisplayed(element) {\n    function nodeIsElement(node) {\n        if (!node) {\n            return false;\n        }\n        switch (node.nodeType) {\n            case Node.ELEMEN ... (7807 more bytes)","args":[{"element-6066-11e4-a52e-4f735466cecf":"20B10095CFE1B53668901DD22D3C84F3_element_98","ELEMENT":"20B10095CFE1B53668901DD22D3C84F3_element_98"}]}
COMMAND: POST /session/c615908a94ee80854b06984933a87823/element - {"using":"css selector","value":"h2.govuk-panel__title"}
RESULT: {"using":"css selector","value":"h2.govuk-panel__title"}
COMMAND: GET /session/c615908a94ee80854b06984933a87823/element/20B10095CFE1B53668901DD22D3C84F3_element_98/text - {}
RESULT: {}
COMMAND: POST /session/c615908a94ee80854b06984933a87823/element - {"using":"css selector","value":".govuk-panel"}
RESULT: {"using":"css selector","value":".govuk-panel"}
COMMAND: POST /session/c615908a94ee80854b06984933a87823/execute/sync - {"script":"return (function isElementDisplayed(element) {\n    function nodeIsElement(node) {\n        if (!node) {\n            return false;\n        }\n        switch (node.nodeType) {\n            case Node.ELEMEN ... (7807 more bytes)","args":[{"element-6066-11e4-a52e-4f735466cecf":"20B10095CFE1B53668901DD22D3C84F3_element_95","ELEMENT":"20B10095CFE1B53668901DD22D3C84F3_element_95"}]}
RESULT: {"script":"return (function isElementDisplayed(element) {\n    function nodeIsElement(node) {\n        if (!node) {\n            return false;\n        }\n        switch (node.nodeType) {\n            case Node.ELEMEN ... (7807 more bytes)","args":[{"element-6066-11e4-a52e-4f735466cecf":"20B10095CFE1B53668901DD22D3C84F3_element_95","ELEMENT":"20B10095CFE1B53668901DD22D3C84F3_element_95"}]}
COMMAND: GET /session/c615908a94ee80854b06984933a87823/element/20B10095CFE1B53668901DD22D3C84F3_element_95/css/background-color - {}
RESULT: {}
]]></system-out>
    </testcase>
    <testcase classname="chrome.117_0_5938_132.linux.Invoice_Page_Test.Vendor:_Vendor_Three,Invoice:2023-03" name="should validate reconciliation table data" time="0.959">
      <system-out><![CDATA[
COMMAND: POST /session/c615908a94ee80854b06984933a87823/url - {"url":"https://pr-509.btm.dev.account.gov.uk/contracts/3/invoices/2023-03"}
RESULT: {"url":"https://pr-509.btm.dev.account.gov.uk/contracts/3/invoices/2023-03"}
COMMAND: POST /session/c615908a94ee80854b06984933a87823/execute/sync - {"script":"return (() => document.readyState === \"complete\").apply(null, arguments)","args":[]}
RESULT: {"script":"return (() => document.readyState === \"complete\").apply(null, arguments)","args":[]}
COMMAND: GET /session/c615908a94ee80854b06984933a87823/url - {}
RESULT: {}
COMMAND: POST /session/c615908a94ee80854b06984933a87823/element - {"using":"css selector","value":".govuk-heading-xl"}
RESULT: {"using":"css selector","value":".govuk-heading-xl"}
COMMAND: POST /session/c615908a94ee80854b06984933a87823/execute/sync - {"script":"return (function isElementDisplayed(element) {\n    function nodeIsElement(node) {\n        if (!node) {\n            return false;\n        }\n        switch (node.nodeType) {\n            case Node.ELEMEN ... (7807 more bytes)","args":[{"element-6066-11e4-a52e-4f735466cecf":"70E9B03B504766C076E3E0A349FC2FA8_element_101","ELEMENT":"70E9B03B504766C076E3E0A349FC2FA8_element_101"}]}
RESULT: {"script":"return (function isElementDisplayed(element) {\n    function nodeIsElement(node) {\n        if (!node) {\n            return false;\n        }\n        switch (node.nodeType) {\n            case Node.ELEMEN ... (7807 more bytes)","args":[{"element-6066-11e4-a52e-4f735466cecf":"70E9B03B504766C076E3E0A349FC2FA8_element_101","ELEMENT":"70E9B03B504766C076E3E0A349FC2FA8_element_101"}]}
COMMAND: POST /session/c615908a94ee80854b06984933a87823/element - {"using":"css selector","value":".govuk-heading-xl"}
RESULT: {"using":"css selector","value":".govuk-heading-xl"}
COMMAND: GET /session/c615908a94ee80854b06984933a87823/element/70E9B03B504766C076E3E0A349FC2FA8_element_101/text - {}
RESULT: {}
COMMAND: POST /session/c615908a94ee80854b06984933a87823/element - {"using":"xpath","value":".//caption[contains(., \"Reconciliation\") and not(.//caption)]"}
RESULT: {"using":"xpath","value":".//caption[contains(., \"Reconciliation\") and not(.//caption)]"}
COMMAND: POST /session/c615908a94ee80854b06984933a87823/execute/sync - {"script":"return (function (elem, id) {\n        return (function parentElement() {\n        return this.parentElement;\n    }).call(elem, id);\n    }).apply(null, arguments)","args":[{"element-6066-11e4-a52e-4f735466cecf":"70E9B03B504766C076E3E0A349FC2FA8_element_102","ELEMENT":"70E9B03B504766C076E3E0A349FC2FA8_element_102"}]}
RESULT: {"script":"return (function (elem, id) {\n        return (function parentElement() {\n        return this.parentElement;\n    }).call(elem, id);\n    }).apply(null, arguments)","args":[{"element-6066-11e4-a52e-4f735466cecf":"70E9B03B504766C076E3E0A349FC2FA8_element_102","ELEMENT":"70E9B03B504766C076E3E0A349FC2FA8_element_102"}]}
COMMAND: POST /session/c615908a94ee80854b06984933a87823/execute/sync - {"script":"return (function isElementDisplayed(element) {\n    function nodeIsElement(node) {\n        if (!node) {\n            return false;\n        }\n        switch (node.nodeType) {\n            case Node.ELEMEN ... (7807 more bytes)","args":[{"element-6066-11e4-a52e-4f735466cecf":"70E9B03B504766C076E3E0A349FC2FA8_element_103","ELEMENT":"70E9B03B504766C076E3E0A349FC2FA8_element_103"}]}
RESULT: {"script":"return (function isElementDisplayed(element) {\n    function nodeIsElement(node) {\n        if (!node) {\n            return false;\n        }\n        switch (node.nodeType) {\n            case Node.ELEMEN ... (7807 more bytes)","args":[{"element-6066-11e4-a52e-4f735466cecf":"70E9B03B504766C076E3E0A349FC2FA8_element_103","ELEMENT":"70E9B03B504766C076E3E0A349FC2FA8_element_103"}]}
COMMAND: POST /session/c615908a94ee80854b06984933a87823/element/70E9B03B504766C076E3E0A349FC2FA8_element_103/elements - {"using":"css selector","value":"tbody tr"}
RESULT: {"using":"css selector","value":"tbody tr"}
COMMAND: POST /session/c615908a94ee80854b06984933a87823/element/70E9B03B504766C076E3E0A349FC2FA8_element_103/element - {"using":"css selector","value":"thead tr"}
RESULT: {"using":"css selector","value":"thead tr"}
COMMAND: POST /session/c615908a94ee80854b06984933a87823/element/70E9B03B504766C076E3E0A349FC2FA8_element_106/elements - {"using":"css selector","value":"th"}
RESULT: {"using":"css selector","value":"th"}
COMMAND: GET /session/c615908a94ee80854b06984933a87823/element/70E9B03B504766C076E3E0A349FC2FA8_element_107/text - {}
COMMAND: GET /session/c615908a94ee80854b06984933a87823/element/70E9B03B504766C076E3E0A349FC2FA8_element_108/text - {}
COMMAND: GET /session/c615908a94ee80854b06984933a87823/element/70E9B03B504766C076E3E0A349FC2FA8_element_110/text - {}
COMMAND: GET /session/c615908a94ee80854b06984933a87823/element/70E9B03B504766C076E3E0A349FC2FA8_element_109/text - {}
COMMAND: GET /session/c615908a94ee80854b06984933a87823/element/70E9B03B504766C076E3E0A349FC2FA8_element_111/text - {}
RESULT: {}
RESULT: {}
RESULT: {}
RESULT: {}
RESULT: {}
COMMAND: POST /session/c615908a94ee80854b06984933a87823/element/70E9B03B504766C076E3E0A349FC2FA8_element_104/elements - {"using":"css selector","value":"th,td"}
RESULT: {"using":"css selector","value":"th,td"}
COMMAND: GET /session/c615908a94ee80854b06984933a87823/element/70E9B03B504766C076E3E0A349FC2FA8_element_112/text - {}
RESULT: {}
COMMAND: GET /session/c615908a94ee80854b06984933a87823/element/70E9B03B504766C076E3E0A349FC2FA8_element_113/text - {}
RESULT: {}
COMMAND: GET /session/c615908a94ee80854b06984933a87823/element/70E9B03B504766C076E3E0A349FC2FA8_element_114/text - {}
RESULT: {}
COMMAND: GET /session/c615908a94ee80854b06984933a87823/element/70E9B03B504766C076E3E0A349FC2FA8_element_115/text - {}
RESULT: {}
COMMAND: GET /session/c615908a94ee80854b06984933a87823/element/70E9B03B504766C076E3E0A349FC2FA8_element_116/text - {}
RESULT: {}
COMMAND: POST /session/c615908a94ee80854b06984933a87823/element/70E9B03B504766C076E3E0A349FC2FA8_element_105/elements - {"using":"css selector","value":"th,td"}
RESULT: {"using":"css selector","value":"th,td"}
COMMAND: GET /session/c615908a94ee80854b06984933a87823/element/70E9B03B504766C076E3E0A349FC2FA8_element_117/text - {}
RESULT: {}
COMMAND: GET /session/c615908a94ee80854b06984933a87823/element/70E9B03B504766C076E3E0A349FC2FA8_element_118/text - {}
RESULT: {}
COMMAND: GET /session/c615908a94ee80854b06984933a87823/element/70E9B03B504766C076E3E0A349FC2FA8_element_119/text - {}
RESULT: {}
COMMAND: GET /session/c615908a94ee80854b06984933a87823/element/70E9B03B504766C076E3E0A349FC2FA8_element_120/text - {}
RESULT: {}
COMMAND: GET /session/c615908a94ee80854b06984933a87823/element/70E9B03B504766C076E3E0A349FC2FA8_element_121/text - {}
RESULT: {}
]]></system-out>
    </testcase>
    <testcase classname="chrome.117_0_5938_132.linux.Invoice_Page_Test.Vendor:_Vendor_Three,Invoice:2023-03" name="should validate quantity events table data" time="0.827">
      <system-out><![CDATA[
COMMAND: POST /session/c615908a94ee80854b06984933a87823/url - {"url":"https://pr-509.btm.dev.account.gov.uk/contracts/3/invoices/2023-03"}
RESULT: {"url":"https://pr-509.btm.dev.account.gov.uk/contracts/3/invoices/2023-03"}
COMMAND: POST /session/c615908a94ee80854b06984933a87823/execute/sync - {"script":"return (() => document.readyState === \"complete\").apply(null, arguments)","args":[]}
RESULT: {"script":"return (() => document.readyState === \"complete\").apply(null, arguments)","args":[]}
COMMAND: GET /session/c615908a94ee80854b06984933a87823/url - {}
RESULT: {}
COMMAND: POST /session/c615908a94ee80854b06984933a87823/element - {"using":"css selector","value":".govuk-heading-xl"}
RESULT: {"using":"css selector","value":".govuk-heading-xl"}
COMMAND: POST /session/c615908a94ee80854b06984933a87823/execute/sync - {"script":"return (function isElementDisplayed(element) {\n    function nodeIsElement(node) {\n        if (!node) {\n            return false;\n        }\n        switch (node.nodeType) {\n            case Node.ELEMEN ... (7807 more bytes)","args":[{"element-6066-11e4-a52e-4f735466cecf":"2B5C10EE0A8EA522DF08DD71D0C91C2D_element_124","ELEMENT":"2B5C10EE0A8EA522DF08DD71D0C91C2D_element_124"}]}
RESULT: {"script":"return (function isElementDisplayed(element) {\n    function nodeIsElement(node) {\n        if (!node) {\n            return false;\n        }\n        switch (node.nodeType) {\n            case Node.ELEMEN ... (7807 more bytes)","args":[{"element-6066-11e4-a52e-4f735466cecf":"2B5C10EE0A8EA522DF08DD71D0C91C2D_element_124","ELEMENT":"2B5C10EE0A8EA522DF08DD71D0C91C2D_element_124"}]}
COMMAND: POST /session/c615908a94ee80854b06984933a87823/element - {"using":"css selector","value":".govuk-heading-xl"}
RESULT: {"using":"css selector","value":".govuk-heading-xl"}
COMMAND: GET /session/c615908a94ee80854b06984933a87823/element/2B5C10EE0A8EA522DF08DD71D0C91C2D_element_124/text - {}
RESULT: {}
COMMAND: POST /session/c615908a94ee80854b06984933a87823/element - {"using":"xpath","value":".//caption[contains(., \"Quantity (events)\") and not(.//caption)]"}
RESULT: {"using":"xpath","value":".//caption[contains(., \"Quantity (events)\") and not(.//caption)]"}
COMMAND: POST /session/c615908a94ee80854b06984933a87823/execute/sync - {"script":"return (function (elem, id) {\n        return (function parentElement() {\n        return this.parentElement;\n    }).call(elem, id);\n    }).apply(null, arguments)","args":[{"element-6066-11e4-a52e-4f735466cecf":"2B5C10EE0A8EA522DF08DD71D0C91C2D_element_125","ELEMENT":"2B5C10EE0A8EA522DF08DD71D0C91C2D_element_125"}]}
RESULT: {"script":"return (function (elem, id) {\n        return (function parentElement() {\n        return this.parentElement;\n    }).call(elem, id);\n    }).apply(null, arguments)","args":[{"element-6066-11e4-a52e-4f735466cecf":"2B5C10EE0A8EA522DF08DD71D0C91C2D_element_125","ELEMENT":"2B5C10EE0A8EA522DF08DD71D0C91C2D_element_125"}]}
COMMAND: POST /session/c615908a94ee80854b06984933a87823/execute/sync - {"script":"return (function isElementDisplayed(element) {\n    function nodeIsElement(node) {\n        if (!node) {\n            return false;\n        }\n        switch (node.nodeType) {\n            case Node.ELEMEN ... (7807 more bytes)","args":[{"element-6066-11e4-a52e-4f735466cecf":"2B5C10EE0A8EA522DF08DD71D0C91C2D_element_126","ELEMENT":"2B5C10EE0A8EA522DF08DD71D0C91C2D_element_126"}]}
RESULT: {"script":"return (function isElementDisplayed(element) {\n    function nodeIsElement(node) {\n        if (!node) {\n            return false;\n        }\n        switch (node.nodeType) {\n            case Node.ELEMEN ... (7807 more bytes)","args":[{"element-6066-11e4-a52e-4f735466cecf":"2B5C10EE0A8EA522DF08DD71D0C91C2D_element_126","ELEMENT":"2B5C10EE0A8EA522DF08DD71D0C91C2D_element_126"}]}
COMMAND: POST /session/c615908a94ee80854b06984933a87823/element/2B5C10EE0A8EA522DF08DD71D0C91C2D_element_126/elements - {"using":"css selector","value":"tbody tr"}
RESULT: {"using":"css selector","value":"tbody tr"}
COMMAND: POST /session/c615908a94ee80854b06984933a87823/element/2B5C10EE0A8EA522DF08DD71D0C91C2D_element_126/element - {"using":"css selector","value":"thead tr"}
RESULT: {"using":"css selector","value":"thead tr"}
COMMAND: POST /session/c615908a94ee80854b06984933a87823/element/2B5C10EE0A8EA522DF08DD71D0C91C2D_element_129/elements - {"using":"css selector","value":"th"}
RESULT: {"using":"css selector","value":"th"}
COMMAND: GET /session/c615908a94ee80854b06984933a87823/element/2B5C10EE0A8EA522DF08DD71D0C91C2D_element_130/text - {}
COMMAND: GET /session/c615908a94ee80854b06984933a87823/element/2B5C10EE0A8EA522DF08DD71D0C91C2D_element_131/text - {}
COMMAND: GET /session/c615908a94ee80854b06984933a87823/element/2B5C10EE0A8EA522DF08DD71D0C91C2D_element_133/text - {}
COMMAND: GET /session/c615908a94ee80854b06984933a87823/element/2B5C10EE0A8EA522DF08DD71D0C91C2D_element_132/text - {}
RESULT: {}
RESULT: {}
RESULT: {}
RESULT: {}
COMMAND: POST /session/c615908a94ee80854b06984933a87823/element/2B5C10EE0A8EA522DF08DD71D0C91C2D_element_127/elements - {"using":"css selector","value":"th,td"}
RESULT: {"using":"css selector","value":"th,td"}
COMMAND: GET /session/c615908a94ee80854b06984933a87823/element/2B5C10EE0A8EA522DF08DD71D0C91C2D_element_134/text - {}
RESULT: {}
COMMAND: GET /session/c615908a94ee80854b06984933a87823/element/2B5C10EE0A8EA522DF08DD71D0C91C2D_element_135/text - {}
RESULT: {}
COMMAND: GET /session/c615908a94ee80854b06984933a87823/element/2B5C10EE0A8EA522DF08DD71D0C91C2D_element_136/text - {}
RESULT: {}
COMMAND: GET /session/c615908a94ee80854b06984933a87823/element/2B5C10EE0A8EA522DF08DD71D0C91C2D_element_137/text - {}
RESULT: {}
COMMAND: POST /session/c615908a94ee80854b06984933a87823/element/2B5C10EE0A8EA522DF08DD71D0C91C2D_element_128/elements - {"using":"css selector","value":"th,td"}
RESULT: {"using":"css selector","value":"th,td"}
COMMAND: GET /session/c615908a94ee80854b06984933a87823/element/2B5C10EE0A8EA522DF08DD71D0C91C2D_element_138/text - {}
RESULT: {}
COMMAND: GET /session/c615908a94ee80854b06984933a87823/element/2B5C10EE0A8EA522DF08DD71D0C91C2D_element_139/text - {}
RESULT: {}
COMMAND: GET /session/c615908a94ee80854b06984933a87823/element/2B5C10EE0A8EA522DF08DD71D0C91C2D_element_140/text - {}
RESULT: {}
COMMAND: GET /session/c615908a94ee80854b06984933a87823/element/2B5C10EE0A8EA522DF08DD71D0C91C2D_element_141/text - {}
RESULT: {}
]]></system-out>
    </testcase>
    <testcase classname="chrome.117_0_5938_132.linux.Invoice_Page_Test.Vendor:_Vendor_Three,Invoice:2023-03" name="should validate price table data" time="0.903">
      <system-out><![CDATA[
COMMAND: POST /session/c615908a94ee80854b06984933a87823/url - {"url":"https://pr-509.btm.dev.account.gov.uk/contracts/3/invoices/2023-03"}
RESULT: {"url":"https://pr-509.btm.dev.account.gov.uk/contracts/3/invoices/2023-03"}
COMMAND: POST /session/c615908a94ee80854b06984933a87823/execute/sync - {"script":"return (() => document.readyState === \"complete\").apply(null, arguments)","args":[]}
RESULT: {"script":"return (() => document.readyState === \"complete\").apply(null, arguments)","args":[]}
COMMAND: GET /session/c615908a94ee80854b06984933a87823/url - {}
RESULT: {}
COMMAND: POST /session/c615908a94ee80854b06984933a87823/element - {"using":"css selector","value":".govuk-heading-xl"}
RESULT: {"using":"css selector","value":".govuk-heading-xl"}
COMMAND: POST /session/c615908a94ee80854b06984933a87823/execute/sync - {"script":"return (function isElementDisplayed(element) {\n    function nodeIsElement(node) {\n        if (!node) {\n            return false;\n        }\n        switch (node.nodeType) {\n            case Node.ELEMEN ... (7807 more bytes)","args":[{"element-6066-11e4-a52e-4f735466cecf":"D80EAD69597A0B6CD9BA505914A5C264_element_144","ELEMENT":"D80EAD69597A0B6CD9BA505914A5C264_element_144"}]}
RESULT: {"script":"return (function isElementDisplayed(element) {\n    function nodeIsElement(node) {\n        if (!node) {\n            return false;\n        }\n        switch (node.nodeType) {\n            case Node.ELEMEN ... (7807 more bytes)","args":[{"element-6066-11e4-a52e-4f735466cecf":"D80EAD69597A0B6CD9BA505914A5C264_element_144","ELEMENT":"D80EAD69597A0B6CD9BA505914A5C264_element_144"}]}
COMMAND: POST /session/c615908a94ee80854b06984933a87823/element - {"using":"css selector","value":".govuk-heading-xl"}
RESULT: {"using":"css selector","value":".govuk-heading-xl"}
COMMAND: GET /session/c615908a94ee80854b06984933a87823/element/D80EAD69597A0B6CD9BA505914A5C264_element_144/text - {}
RESULT: {}
COMMAND: POST /session/c615908a94ee80854b06984933a87823/element - {"using":"xpath","value":".//caption[contains(., \"Price\") and not(.//caption)]"}
RESULT: {"using":"xpath","value":".//caption[contains(., \"Price\") and not(.//caption)]"}
COMMAND: POST /session/c615908a94ee80854b06984933a87823/execute/sync - {"script":"return (function (elem, id) {\n        return (function parentElement() {\n        return this.parentElement;\n    }).call(elem, id);\n    }).apply(null, arguments)","args":[{"element-6066-11e4-a52e-4f735466cecf":"D80EAD69597A0B6CD9BA505914A5C264_element_145","ELEMENT":"D80EAD69597A0B6CD9BA505914A5C264_element_145"}]}
RESULT: {"script":"return (function (elem, id) {\n        return (function parentElement() {\n        return this.parentElement;\n    }).call(elem, id);\n    }).apply(null, arguments)","args":[{"element-6066-11e4-a52e-4f735466cecf":"D80EAD69597A0B6CD9BA505914A5C264_element_145","ELEMENT":"D80EAD69597A0B6CD9BA505914A5C264_element_145"}]}
COMMAND: POST /session/c615908a94ee80854b06984933a87823/execute/sync - {"script":"return (function isElementDisplayed(element) {\n    function nodeIsElement(node) {\n        if (!node) {\n            return false;\n        }\n        switch (node.nodeType) {\n            case Node.ELEMEN ... (7807 more bytes)","args":[{"element-6066-11e4-a52e-4f735466cecf":"D80EAD69597A0B6CD9BA505914A5C264_element_146","ELEMENT":"D80EAD69597A0B6CD9BA505914A5C264_element_146"}]}
RESULT: {"script":"return (function isElementDisplayed(element) {\n    function nodeIsElement(node) {\n        if (!node) {\n            return false;\n        }\n        switch (node.nodeType) {\n            case Node.ELEMEN ... (7807 more bytes)","args":[{"element-6066-11e4-a52e-4f735466cecf":"D80EAD69597A0B6CD9BA505914A5C264_element_146","ELEMENT":"D80EAD69597A0B6CD9BA505914A5C264_element_146"}]}
COMMAND: POST /session/c615908a94ee80854b06984933a87823/element/D80EAD69597A0B6CD9BA505914A5C264_element_146/elements - {"using":"css selector","value":"tbody tr"}
RESULT: {"using":"css selector","value":"tbody tr"}
COMMAND: POST /session/c615908a94ee80854b06984933a87823/element/D80EAD69597A0B6CD9BA505914A5C264_element_146/element - {"using":"css selector","value":"thead tr"}
RESULT: {"using":"css selector","value":"thead tr"}
COMMAND: POST /session/c615908a94ee80854b06984933a87823/element/D80EAD69597A0B6CD9BA505914A5C264_element_149/elements - {"using":"css selector","value":"th"}
RESULT: {"using":"css selector","value":"th"}
COMMAND: GET /session/c615908a94ee80854b06984933a87823/element/D80EAD69597A0B6CD9BA505914A5C264_element_150/text - {}
COMMAND: GET /session/c615908a94ee80854b06984933a87823/element/D80EAD69597A0B6CD9BA505914A5C264_element_151/text - {}
COMMAND: GET /session/c615908a94ee80854b06984933a87823/element/D80EAD69597A0B6CD9BA505914A5C264_element_153/text - {}
COMMAND: GET /session/c615908a94ee80854b06984933a87823/element/D80EAD69597A0B6CD9BA505914A5C264_element_152/text - {}
RESULT: {}
RESULT: {}
RESULT: {}
RESULT: {}
COMMAND: POST /session/c615908a94ee80854b06984933a87823/element/D80EAD69597A0B6CD9BA505914A5C264_element_147/elements - {"using":"css selector","value":"th,td"}
RESULT: {"using":"css selector","value":"th,td"}
COMMAND: GET /session/c615908a94ee80854b06984933a87823/element/D80EAD69597A0B6CD9BA505914A5C264_element_154/text - {}
RESULT: {}
COMMAND: GET /session/c615908a94ee80854b06984933a87823/element/D80EAD69597A0B6CD9BA505914A5C264_element_155/text - {}
RESULT: {}
COMMAND: GET /session/c615908a94ee80854b06984933a87823/element/D80EAD69597A0B6CD9BA505914A5C264_element_156/text - {}
RESULT: {}
COMMAND: GET /session/c615908a94ee80854b06984933a87823/element/D80EAD69597A0B6CD9BA505914A5C264_element_157/text - {}
RESULT: {}
COMMAND: POST /session/c615908a94ee80854b06984933a87823/element/D80EAD69597A0B6CD9BA505914A5C264_element_148/elements - {"using":"css selector","value":"th,td"}
RESULT: {"using":"css selector","value":"th,td"}
COMMAND: GET /session/c615908a94ee80854b06984933a87823/element/D80EAD69597A0B6CD9BA505914A5C264_element_158/text - {}
RESULT: {}
COMMAND: GET /session/c615908a94ee80854b06984933a87823/element/D80EAD69597A0B6CD9BA505914A5C264_element_159/text - {}
RESULT: {}
COMMAND: GET /session/c615908a94ee80854b06984933a87823/element/D80EAD69597A0B6CD9BA505914A5C264_element_160/text - {}
RESULT: {}
COMMAND: GET /session/c615908a94ee80854b06984933a87823/element/D80EAD69597A0B6CD9BA505914A5C264_element_161/text - {}
RESULT: {}
]]></system-out>
    </testcase>
    <testcase classname="chrome.117_0_5938_132.linux.Invoice_Page_Test.Vendor:_Vendor_Three,Invoice:2023-03" name="should validate measured events table data" time="0.854">
      <system-out><![CDATA[
COMMAND: POST /session/c615908a94ee80854b06984933a87823/url - {"url":"https://pr-509.btm.dev.account.gov.uk/contracts/3/invoices/2023-03"}
RESULT: {"url":"https://pr-509.btm.dev.account.gov.uk/contracts/3/invoices/2023-03"}
COMMAND: POST /session/c615908a94ee80854b06984933a87823/execute/sync - {"script":"return (() => document.readyState === \"complete\").apply(null, arguments)","args":[]}
RESULT: {"script":"return (() => document.readyState === \"complete\").apply(null, arguments)","args":[]}
COMMAND: GET /session/c615908a94ee80854b06984933a87823/url - {}
RESULT: {}
COMMAND: POST /session/c615908a94ee80854b06984933a87823/element - {"using":"css selector","value":".govuk-heading-xl"}
RESULT: {"using":"css selector","value":".govuk-heading-xl"}
COMMAND: POST /session/c615908a94ee80854b06984933a87823/execute/sync - {"script":"return (function isElementDisplayed(element) {\n    function nodeIsElement(node) {\n        if (!node) {\n            return false;\n        }\n        switch (node.nodeType) {\n            case Node.ELEMEN ... (7807 more bytes)","args":[{"element-6066-11e4-a52e-4f735466cecf":"8F2C427100AC10701CF149115AA75590_element_164","ELEMENT":"8F2C427100AC10701CF149115AA75590_element_164"}]}
RESULT: {"script":"return (function isElementDisplayed(element) {\n    function nodeIsElement(node) {\n        if (!node) {\n            return false;\n        }\n        switch (node.nodeType) {\n            case Node.ELEMEN ... (7807 more bytes)","args":[{"element-6066-11e4-a52e-4f735466cecf":"8F2C427100AC10701CF149115AA75590_element_164","ELEMENT":"8F2C427100AC10701CF149115AA75590_element_164"}]}
COMMAND: POST /session/c615908a94ee80854b06984933a87823/element - {"using":"css selector","value":".govuk-heading-xl"}
RESULT: {"using":"css selector","value":".govuk-heading-xl"}
COMMAND: GET /session/c615908a94ee80854b06984933a87823/element/8F2C427100AC10701CF149115AA75590_element_164/text - {}
RESULT: {}
COMMAND: POST /session/c615908a94ee80854b06984933a87823/element - {"using":"xpath","value":".//caption[contains(., \"Measured (events)\") and not(.//caption)]"}
RESULT: {"using":"xpath","value":".//caption[contains(., \"Measured (events)\") and not(.//caption)]"}
COMMAND: POST /session/c615908a94ee80854b06984933a87823/execute/sync - {"script":"return (function (elem, id) {\n        return (function parentElement() {\n        return this.parentElement;\n    }).call(elem, id);\n    }).apply(null, arguments)","args":[{"element-6066-11e4-a52e-4f735466cecf":"8F2C427100AC10701CF149115AA75590_element_165","ELEMENT":"8F2C427100AC10701CF149115AA75590_element_165"}]}
RESULT: {"script":"return (function (elem, id) {\n        return (function parentElement() {\n        return this.parentElement;\n    }).call(elem, id);\n    }).apply(null, arguments)","args":[{"element-6066-11e4-a52e-4f735466cecf":"8F2C427100AC10701CF149115AA75590_element_165","ELEMENT":"8F2C427100AC10701CF149115AA75590_element_165"}]}
COMMAND: POST /session/c615908a94ee80854b06984933a87823/execute/sync - {"script":"return (function isElementDisplayed(element) {\n    function nodeIsElement(node) {\n        if (!node) {\n            return false;\n        }\n        switch (node.nodeType) {\n            case Node.ELEMEN ... (7807 more bytes)","args":[{"element-6066-11e4-a52e-4f735466cecf":"8F2C427100AC10701CF149115AA75590_element_166","ELEMENT":"8F2C427100AC10701CF149115AA75590_element_166"}]}
RESULT: {"script":"return (function isElementDisplayed(element) {\n    function nodeIsElement(node) {\n        if (!node) {\n            return false;\n        }\n        switch (node.nodeType) {\n            case Node.ELEMEN ... (7807 more bytes)","args":[{"element-6066-11e4-a52e-4f735466cecf":"8F2C427100AC10701CF149115AA75590_element_166","ELEMENT":"8F2C427100AC10701CF149115AA75590_element_166"}]}
COMMAND: POST /session/c615908a94ee80854b06984933a87823/element/8F2C427100AC10701CF149115AA75590_element_166/elements - {"using":"css selector","value":"tbody tr"}
RESULT: {"using":"css selector","value":"tbody tr"}
COMMAND: POST /session/c615908a94ee80854b06984933a87823/element/8F2C427100AC10701CF149115AA75590_element_166/element - {"using":"css selector","value":"thead tr"}
RESULT: {"using":"css selector","value":"thead tr"}
COMMAND: POST /session/c615908a94ee80854b06984933a87823/element/8F2C427100AC10701CF149115AA75590_element_169/elements - {"using":"css selector","value":"th"}
RESULT: {"using":"css selector","value":"th"}
COMMAND: GET /session/c615908a94ee80854b06984933a87823/element/8F2C427100AC10701CF149115AA75590_element_170/text - {}
COMMAND: GET /session/c615908a94ee80854b06984933a87823/element/8F2C427100AC10701CF149115AA75590_element_171/text - {}
RESULT: {}
RESULT: {}
COMMAND: POST /session/c615908a94ee80854b06984933a87823/element/8F2C427100AC10701CF149115AA75590_element_167/elements - {"using":"css selector","value":"th,td"}
RESULT: {"using":"css selector","value":"th,td"}
COMMAND: GET /session/c615908a94ee80854b06984933a87823/element/8F2C427100AC10701CF149115AA75590_element_172/text - {}
RESULT: {}
COMMAND: GET /session/c615908a94ee80854b06984933a87823/element/8F2C427100AC10701CF149115AA75590_element_173/text - {}
RESULT: {}
COMMAND: POST /session/c615908a94ee80854b06984933a87823/element/8F2C427100AC10701CF149115AA75590_element_168/elements - {"using":"css selector","value":"th,td"}
RESULT: {"using":"css selector","value":"th,td"}
COMMAND: GET /session/c615908a94ee80854b06984933a87823/element/8F2C427100AC10701CF149115AA75590_element_174/text - {}
RESULT: {}
COMMAND: GET /session/c615908a94ee80854b06984933a87823/element/8F2C427100AC10701CF149115AA75590_element_175/text - {}
RESULT: {}
]]></system-out>
    </testcase>
    <testcase classname="chrome.117_0_5938_132.linux.Invoice_Page_Test.Vendor:_Vendor_Three,Invoice:2023-03" name="should validate invoice table data" time="0.951">
      <system-out><![CDATA[
COMMAND: POST /session/c615908a94ee80854b06984933a87823/url - {"url":"https://pr-509.btm.dev.account.gov.uk/contracts/3/invoices/2023-03"}
RESULT: {"url":"https://pr-509.btm.dev.account.gov.uk/contracts/3/invoices/2023-03"}
COMMAND: POST /session/c615908a94ee80854b06984933a87823/execute/sync - {"script":"return (() => document.readyState === \"complete\").apply(null, arguments)","args":[]}
RESULT: {"script":"return (() => document.readyState === \"complete\").apply(null, arguments)","args":[]}
COMMAND: GET /session/c615908a94ee80854b06984933a87823/url - {}
RESULT: {}
COMMAND: POST /session/c615908a94ee80854b06984933a87823/element - {"using":"css selector","value":".govuk-heading-xl"}
RESULT: {"using":"css selector","value":".govuk-heading-xl"}
COMMAND: POST /session/c615908a94ee80854b06984933a87823/execute/sync - {"script":"return (function isElementDisplayed(element) {\n    function nodeIsElement(node) {\n        if (!node) {\n            return false;\n        }\n        switch (node.nodeType) {\n            case Node.ELEMEN ... (7807 more bytes)","args":[{"element-6066-11e4-a52e-4f735466cecf":"1273E156383C65DAE0221FF82C2672FA_element_178","ELEMENT":"1273E156383C65DAE0221FF82C2672FA_element_178"}]}
RESULT: {"script":"return (function isElementDisplayed(element) {\n    function nodeIsElement(node) {\n        if (!node) {\n            return false;\n        }\n        switch (node.nodeType) {\n            case Node.ELEMEN ... (7807 more bytes)","args":[{"element-6066-11e4-a52e-4f735466cecf":"1273E156383C65DAE0221FF82C2672FA_element_178","ELEMENT":"1273E156383C65DAE0221FF82C2672FA_element_178"}]}
COMMAND: POST /session/c615908a94ee80854b06984933a87823/element - {"using":"css selector","value":".govuk-heading-xl"}
RESULT: {"using":"css selector","value":".govuk-heading-xl"}
COMMAND: GET /session/c615908a94ee80854b06984933a87823/element/1273E156383C65DAE0221FF82C2672FA_element_178/text - {}
RESULT: {}
COMMAND: POST /session/c615908a94ee80854b06984933a87823/element - {"using":"xpath","value":".//caption[contains(., \"Invoice\") and not(.//caption)]"}
RESULT: {"using":"xpath","value":".//caption[contains(., \"Invoice\") and not(.//caption)]"}
COMMAND: POST /session/c615908a94ee80854b06984933a87823/execute/sync - {"script":"return (function (elem, id) {\n        return (function parentElement() {\n        return this.parentElement;\n    }).call(elem, id);\n    }).apply(null, arguments)","args":[{"element-6066-11e4-a52e-4f735466cecf":"1273E156383C65DAE0221FF82C2672FA_element_179","ELEMENT":"1273E156383C65DAE0221FF82C2672FA_element_179"}]}
RESULT: {"script":"return (function (elem, id) {\n        return (function parentElement() {\n        return this.parentElement;\n    }).call(elem, id);\n    }).apply(null, arguments)","args":[{"element-6066-11e4-a52e-4f735466cecf":"1273E156383C65DAE0221FF82C2672FA_element_179","ELEMENT":"1273E156383C65DAE0221FF82C2672FA_element_179"}]}
COMMAND: POST /session/c615908a94ee80854b06984933a87823/execute/sync - {"script":"return (function isElementDisplayed(element) {\n    function nodeIsElement(node) {\n        if (!node) {\n            return false;\n        }\n        switch (node.nodeType) {\n            case Node.ELEMEN ... (7807 more bytes)","args":[{"element-6066-11e4-a52e-4f735466cecf":"1273E156383C65DAE0221FF82C2672FA_element_180","ELEMENT":"1273E156383C65DAE0221FF82C2672FA_element_180"}]}
RESULT: {"script":"return (function isElementDisplayed(element) {\n    function nodeIsElement(node) {\n        if (!node) {\n            return false;\n        }\n        switch (node.nodeType) {\n            case Node.ELEMEN ... (7807 more bytes)","args":[{"element-6066-11e4-a52e-4f735466cecf":"1273E156383C65DAE0221FF82C2672FA_element_180","ELEMENT":"1273E156383C65DAE0221FF82C2672FA_element_180"}]}
COMMAND: POST /session/c615908a94ee80854b06984933a87823/element/1273E156383C65DAE0221FF82C2672FA_element_180/elements - {"using":"css selector","value":"tbody tr"}
RESULT: {"using":"css selector","value":"tbody tr"}
COMMAND: POST /session/c615908a94ee80854b06984933a87823/element/1273E156383C65DAE0221FF82C2672FA_element_180/element - {"using":"css selector","value":"thead tr"}
RESULT: {"using":"css selector","value":"thead tr"}
COMMAND: POST /session/c615908a94ee80854b06984933a87823/element/1273E156383C65DAE0221FF82C2672FA_element_184/elements - {"using":"css selector","value":"th"}
RESULT: {"using":"css selector","value":"th"}
COMMAND: GET /session/c615908a94ee80854b06984933a87823/element/1273E156383C65DAE0221FF82C2672FA_element_185/text - {}
COMMAND: GET /session/c615908a94ee80854b06984933a87823/element/1273E156383C65DAE0221FF82C2672FA_element_186/text - {}
COMMAND: GET /session/c615908a94ee80854b06984933a87823/element/1273E156383C65DAE0221FF82C2672FA_element_188/text - {}
COMMAND: GET /session/c615908a94ee80854b06984933a87823/element/1273E156383C65DAE0221FF82C2672FA_element_187/text - {}
COMMAND: GET /session/c615908a94ee80854b06984933a87823/element/1273E156383C65DAE0221FF82C2672FA_element_189/text - {}
RESULT: {}
RESULT: {}
RESULT: {}
RESULT: {}
RESULT: {}
COMMAND: POST /session/c615908a94ee80854b06984933a87823/element/1273E156383C65DAE0221FF82C2672FA_element_181/elements - {"using":"css selector","value":"th,td"}
RESULT: {"using":"css selector","value":"th,td"}
COMMAND: GET /session/c615908a94ee80854b06984933a87823/element/1273E156383C65DAE0221FF82C2672FA_element_190/text - {}
RESULT: {}
COMMAND: GET /session/c615908a94ee80854b06984933a87823/element/1273E156383C65DAE0221FF82C2672FA_element_191/text - {}
RESULT: {}
COMMAND: GET /session/c615908a94ee80854b06984933a87823/element/1273E156383C65DAE0221FF82C2672FA_element_192/text - {}
RESULT: {}
COMMAND: GET /session/c615908a94ee80854b06984933a87823/element/1273E156383C65DAE0221FF82C2672FA_element_193/text - {}
RESULT: {}
COMMAND: GET /session/c615908a94ee80854b06984933a87823/element/1273E156383C65DAE0221FF82C2672FA_element_194/text - {}
RESULT: {}
COMMAND: POST /session/c615908a94ee80854b06984933a87823/element/1273E156383C65DAE0221FF82C2672FA_element_182/elements - {"using":"css selector","value":"th,td"}
RESULT: {"using":"css selector","value":"th,td"}
COMMAND: GET /session/c615908a94ee80854b06984933a87823/element/1273E156383C65DAE0221FF82C2672FA_element_195/text - {}
RESULT: {}
COMMAND: GET /session/c615908a94ee80854b06984933a87823/element/1273E156383C65DAE0221FF82C2672FA_element_196/text - {}
RESULT: {}
COMMAND: GET /session/c615908a94ee80854b06984933a87823/element/1273E156383C65DAE0221FF82C2672FA_element_197/text - {}
RESULT: {}
COMMAND: GET /session/c615908a94ee80854b06984933a87823/element/1273E156383C65DAE0221FF82C2672FA_element_198/text - {}
RESULT: {}
COMMAND: GET /session/c615908a94ee80854b06984933a87823/element/1273E156383C65DAE0221FF82C2672FA_element_199/text - {}
RESULT: {}
COMMAND: POST /session/c615908a94ee80854b06984933a87823/element/1273E156383C65DAE0221FF82C2672FA_element_183/elements - {"using":"css selector","value":"th,td"}
RESULT: {"using":"css selector","value":"th,td"}
COMMAND: GET /session/c615908a94ee80854b06984933a87823/element/1273E156383C65DAE0221FF82C2672FA_element_200/text - {}
RESULT: {}
COMMAND: GET /session/c615908a94ee80854b06984933a87823/element/1273E156383C65DAE0221FF82C2672FA_element_201/text - {}
RESULT: {}
COMMAND: GET /session/c615908a94ee80854b06984933a87823/element/1273E156383C65DAE0221FF82C2672FA_element_202/text - {}
RESULT: {}
COMMAND: GET /session/c615908a94ee80854b06984933a87823/element/1273E156383C65DAE0221FF82C2672FA_element_203/text - {}
RESULT: {}
COMMAND: GET /session/c615908a94ee80854b06984933a87823/element/1273E156383C65DAE0221FF82C2672FA_element_204/text - {}
RESULT: {}
]]></system-out>
    </testcase>
  </testsuite>
  <testsuite name="Vendor Vendor Three Invoice 2005 08" timestamp="2023-10-10T13:22:24" time="5.582" tests="6" failures="0" errors="0" skipped="0">
    <properties>
      <property name="specId" value="0"/>
      <property name="suiteName" value="Vendor: Vendor Three,Invoice:2005-08"/>
      <property name="capabilities" value="chrome.117_0_5938_132.linux"/>
      <property name="file" value="file://./ui-tests/specs/invoice.spec.ts"/>
    </properties>
    <testcase classname="chrome.117_0_5938_132.linux.Invoice_Page_Test.Vendor:_Vendor_Three,Invoice:2005-08" name="should display correct status banner color and message" time="0.64">
      <system-out><![CDATA[
COMMAND: POST /session/c615908a94ee80854b06984933a87823/url - {"url":"https://pr-509.btm.dev.account.gov.uk/contracts/3/invoices/2005-08"}
RESULT: {"url":"https://pr-509.btm.dev.account.gov.uk/contracts/3/invoices/2005-08"}
COMMAND: POST /session/c615908a94ee80854b06984933a87823/execute/sync - {"script":"return (() => document.readyState === \"complete\").apply(null, arguments)","args":[]}
RESULT: {"script":"return (() => document.readyState === \"complete\").apply(null, arguments)","args":[]}
COMMAND: GET /session/c615908a94ee80854b06984933a87823/url - {}
RESULT: {}
COMMAND: POST /session/c615908a94ee80854b06984933a87823/element - {"using":"css selector","value":".govuk-heading-xl"}
RESULT: {"using":"css selector","value":".govuk-heading-xl"}
COMMAND: POST /session/c615908a94ee80854b06984933a87823/execute/sync - {"script":"return (function isElementDisplayed(element) {\n    function nodeIsElement(node) {\n        if (!node) {\n            return false;\n        }\n        switch (node.nodeType) {\n            case Node.ELEMEN ... (7807 more bytes)","args":[{"element-6066-11e4-a52e-4f735466cecf":"E5255B373FCDB3F55C95ED33E4AE71A1_element_207","ELEMENT":"E5255B373FCDB3F55C95ED33E4AE71A1_element_207"}]}
RESULT: {"script":"return (function isElementDisplayed(element) {\n    function nodeIsElement(node) {\n        if (!node) {\n            return false;\n        }\n        switch (node.nodeType) {\n            case Node.ELEMEN ... (7807 more bytes)","args":[{"element-6066-11e4-a52e-4f735466cecf":"E5255B373FCDB3F55C95ED33E4AE71A1_element_207","ELEMENT":"E5255B373FCDB3F55C95ED33E4AE71A1_element_207"}]}
COMMAND: POST /session/c615908a94ee80854b06984933a87823/element - {"using":"css selector","value":".govuk-heading-xl"}
RESULT: {"using":"css selector","value":".govuk-heading-xl"}
COMMAND: GET /session/c615908a94ee80854b06984933a87823/element/E5255B373FCDB3F55C95ED33E4AE71A1_element_207/text - {}
RESULT: {}
COMMAND: POST /session/c615908a94ee80854b06984933a87823/element - {"using":"css selector","value":"h2.govuk-panel__title"}
RESULT: {"using":"css selector","value":"h2.govuk-panel__title"}
COMMAND: POST /session/c615908a94ee80854b06984933a87823/execute/sync - {"script":"return (function isElementDisplayed(element) {\n    function nodeIsElement(node) {\n        if (!node) {\n            return false;\n        }\n        switch (node.nodeType) {\n            case Node.ELEMEN ... (7807 more bytes)","args":[{"element-6066-11e4-a52e-4f735466cecf":"E5255B373FCDB3F55C95ED33E4AE71A1_element_208","ELEMENT":"E5255B373FCDB3F55C95ED33E4AE71A1_element_208"}]}
RESULT: {"script":"return (function isElementDisplayed(element) {\n    function nodeIsElement(node) {\n        if (!node) {\n            return false;\n        }\n        switch (node.nodeType) {\n            case Node.ELEMEN ... (7807 more bytes)","args":[{"element-6066-11e4-a52e-4f735466cecf":"E5255B373FCDB3F55C95ED33E4AE71A1_element_208","ELEMENT":"E5255B373FCDB3F55C95ED33E4AE71A1_element_208"}]}
COMMAND: POST /session/c615908a94ee80854b06984933a87823/element - {"using":"css selector","value":"h2.govuk-panel__title"}
RESULT: {"using":"css selector","value":"h2.govuk-panel__title"}
COMMAND: GET /session/c615908a94ee80854b06984933a87823/element/E5255B373FCDB3F55C95ED33E4AE71A1_element_208/text - {}
RESULT: {}
COMMAND: POST /session/c615908a94ee80854b06984933a87823/element - {"using":"css selector","value":".govuk-panel"}
RESULT: {"using":"css selector","value":".govuk-panel"}
COMMAND: POST /session/c615908a94ee80854b06984933a87823/execute/sync - {"script":"return (function isElementDisplayed(element) {\n    function nodeIsElement(node) {\n        if (!node) {\n            return false;\n        }\n        switch (node.nodeType) {\n            case Node.ELEMEN ... (7807 more bytes)","args":[{"element-6066-11e4-a52e-4f735466cecf":"E5255B373FCDB3F55C95ED33E4AE71A1_element_209","ELEMENT":"E5255B373FCDB3F55C95ED33E4AE71A1_element_209"}]}
[...]
RESULT: {}
RESULT: {}
RESULT: {}
RESULT: {}
]]></system-out>
      <system-err><![CDATA[
TypeError: Cannot read properties of undefined (reading 'Line item')
    at assertQuantityTableData (file:///home/runner/work/di-billing-transaction-monitoring/di-billing-transaction-monitoring/ui-tests/specs/invoice.spec.ts:186:23)
    at validateTableDataWithAssertions (file:///home/runner/work/di-billing-transaction-monitoring/di-billing-transaction-monitoring/ui-tests/specs/invoice.spec.ts:154:5)
    at runMicrotasks (<anonymous>)
    at processTicksAndRejections (node:internal/process/task_queues:96:5)
    at async Context.<anonymous> (file:///home/runner/work/di-billing-transaction-monitoring/di-billing-transaction-monitoring/ui-tests/specs/invoice.spec.ts:106:9)
]]></system-err>
    </testcase>
    <testcase classname="chrome.117_0_5938_132.linux.Invoice_Page_Test.Vendor:_Vendor_Six,Invoice:2005-Q2" name="should validate price table data" time="1.002">
      <failure/>
      <error message="Cannot read properties of undefined (reading 'Line item')"/>
      <system-out><![CDATA[
COMMAND: POST /session/c615908a94ee80854b06984933a87823/url - {"url":"https://pr-509.btm.dev.account.gov.uk/contracts/6/invoices/2005-q2"}
RESULT: {"url":"https://pr-509.btm.dev.account.gov.uk/contracts/6/invoices/2005-q2"}
COMMAND: POST /session/c615908a94ee80854b06984933a87823/execute/sync - {"script":"return (() => document.readyState === \"complete\").apply(null, arguments)","args":[]}
RESULT: {"script":"return (() => document.readyState === \"complete\").apply(null, arguments)","args":[]}
COMMAND: GET /session/c615908a94ee80854b06984933a87823/url - {}
RESULT: {}
COMMAND: POST /session/c615908a94ee80854b06984933a87823/element - {"using":"css selector","value":".govuk-heading-xl"}
RESULT: {"using":"css selector","value":".govuk-heading-xl"}
COMMAND: POST /session/c615908a94ee80854b06984933a87823/execute/sync - {"script":"return (function isElementDisplayed(element) {\n    function nodeIsElement(node) {\n        if (!node) {\n            return false;\n        }\n        switch (node.nodeType) {\n            case Node.ELEMEN ... (7807 more bytes)","args":[{"element-6066-11e4-a52e-4f735466cecf":"9D97C5EFBD4828C033DA8FE859404643_element_1360","ELEMENT":"9D97C5EFBD4828C033DA8FE859404643_element_1360"}]}
RESULT: {"script":"return (function isElementDisplayed(element) {\n    function nodeIsElement(node) {\n        if (!node) {\n            return false;\n        }\n        switch (node.nodeType) {\n            case Node.ELEMEN ... (7807 more bytes)","args":[{"element-6066-11e4-a52e-4f735466cecf":"9D97C5EFBD4828C033DA8FE859404643_element_1360","ELEMENT":"9D97C5EFBD4828C033DA8FE859404643_element_1360"}]}
COMMAND: POST /session/c615908a94ee80854b06984933a87823/element - {"using":"css selector","value":".govuk-heading-xl"}
RESULT: {"using":"css selector","value":".govuk-heading-xl"}
COMMAND: GET /session/c615908a94ee80854b06984933a87823/element/9D97C5EFBD4828C033DA8FE859404643_element_1360/text - {}
RESULT: {}
COMMAND: POST /session/c615908a94ee80854b06984933a87823/element - {"using":"xpath","value":".//caption[contains(., \"Price\") and not(.//caption)]"}
RESULT: {"using":"xpath","value":".//caption[contains(., \"Price\") and not(.//caption)]"}
COMMAND: POST /session/c615908a94ee80854b06984933a87823/execute/sync - {"script":"return (function (elem, id) {\n        return (function parentElement() {\n        return this.parentElement;\n    }).call(elem, id);\n    }).apply(null, arguments)","args":[{"element-6066-11e4-a52e-4f735466cecf":"9D97C5EFBD4828C033DA8FE859404643_element_1361","ELEMENT":"9D97C5EFBD4828C033DA8FE859404643_element_1361"}]}
RESULT: {"script":"return (function (elem, id) {\n        return (function parentElement() {\n        return this.parentElement;\n    }).call(elem, id);\n    }).apply(null, arguments)","args":[{"element-6066-11e4-a52e-4f735466cecf":"9D97C5EFBD4828C033DA8FE859404643_element_1361","ELEMENT":"9D97C5EFBD4828C033DA8FE859404643_element_1361"}]}
COMMAND: POST /session/c615908a94ee80854b06984933a87823/execute/sync - {"script":"return (function isElementDisplayed(element) {\n    function nodeIsElement(node) {\n        if (!node) {\n            return false;\n        }\n        switch (node.nodeType) {\n            case Node.ELEMEN ... (7807 more bytes)","args":[{"element-6066-11e4-a52e-4f735466cecf":"9D97C5EFBD4828C033DA8FE859404643_element_1362","ELEMENT":"9D97C5EFBD4828C033DA8FE859404643_element_1362"}]}
RESULT: {"script":"return (function isElementDisplayed(element) {\n    function nodeIsElement(node) {\n        if (!node) {\n            return false;\n        }\n        switch (node.nodeType) {\n            case Node.ELEMEN ... (7807 more bytes)","args":[{"element-6066-11e4-a52e-4f735466cecf":"9D97C5EFBD4828C033DA8FE859404643_element_1362","ELEMENT":"9D97C5EFBD4828C033DA8FE859404643_element_1362"}]}
COMMAND: POST /session/c615908a94ee80854b06984933a87823/element/9D97C5EFBD4828C033DA8FE859404643_element_1362/elements - {"using":"css selector","value":"tbody tr"}
RESULT: {"using":"css selector","value":"tbody tr"}
COMMAND: POST /session/c615908a94ee80854b06984933a87823/element/9D97C5EFBD4828C033DA8FE859404643_element_1362/element - {"using":"css selector","value":"thead tr"}
RESULT: {"using":"css selector","value":"thead tr"}
COMMAND: POST /session/c615908a94ee80854b06984933a87823/element/9D97C5EFBD4828C033DA8FE859404643_element_1363/elements - {"using":"css selector","value":"th"}
RESULT: {"using":"css selector","value":"th"}
COMMAND: GET /session/c615908a94ee80854b06984933a87823/element/9D97C5EFBD4828C033DA8FE859404643_element_1364/text - {}
COMMAND: GET /session/c615908a94ee80854b06984933a87823/element/9D97C5EFBD4828C033DA8FE859404643_element_1365/text - {}
COMMAND: GET /session/c615908a94ee80854b06984933a87823/element/9D97C5EFBD4828C033DA8FE859404643_element_1367/text - {}
COMMAND: GET /session/c615908a94ee80854b06984933a87823/element/9D97C5EFBD4828C033DA8FE859404643_element_1366/text - {}
RESULT: {}
RESULT: {}
RESULT: {}
RESULT: {}
]]></system-out>
      <system-err><![CDATA[
TypeError: Cannot read properties of undefined (reading 'Line item')
    at assertPriceTableData (file:///home/runner/work/di-billing-transaction-monitoring/di-billing-transaction-monitoring/ui-tests/specs/invoice.spec.ts:199:23)
    at validateTableDataWithAssertions (file:///home/runner/work/di-billing-transaction-monitoring/di-billing-transaction-monitoring/ui-tests/specs/invoice.spec.ts:154:5)
    at runMicrotasks (<anonymous>)
    at processTicksAndRejections (node:internal/process/task_queues:96:5)
    at async Context.<anonymous> (file:///home/runner/work/di-billing-transaction-monitoring/di-billing-transaction-monitoring/ui-tests/specs/invoice.spec.ts:114:9)
]]></system-err>
    </testcase>
    <testcase classname="chrome.117_0_5938_132.linux.Invoice_Page_Test.Vendor:_Vendor_Six,Invoice:2005-Q2" name="should validate measured events table data" time="0.649">
      <failure/>
      <error message="Cannot read properties of undefined (reading 'Line item')"/>
      <system-out><![CDATA[
COMMAND: POST /session/c615908a94ee80854b06984933a87823/url - {"url":"https://pr-509.btm.dev.account.gov.uk/contracts/6/invoices/2005-q2"}
RESULT: {"url":"https://pr-509.btm.dev.account.gov.uk/contracts/6/invoices/2005-q2"}
COMMAND: POST /session/c615908a94ee80854b06984933a87823/execute/sync - {"script":"return (() => document.readyState === \"complete\").apply(null, arguments)","args":[]}
RESULT: {"script":"return (() => document.readyState === \"complete\").apply(null, arguments)","args":[]}
COMMAND: GET /session/c615908a94ee80854b06984933a87823/url - {}
RESULT: {}
COMMAND: POST /session/c615908a94ee80854b06984933a87823/element - {"using":"css selector","value":".govuk-heading-xl"}
RESULT: {"using":"css selector","value":".govuk-heading-xl"}
COMMAND: POST /session/c615908a94ee80854b06984933a87823/execute/sync - {"script":"return (function isElementDisplayed(element) {\n    function nodeIsElement(node) {\n        if (!node) {\n            return false;\n        }\n        switch (node.nodeType) {\n            case Node.ELEMEN ... (7807 more bytes)","args":[{"element-6066-11e4-a52e-4f735466cecf":"E46089472CAF2261775E281D1B08AC17_element_1370","ELEMENT":"E46089472CAF2261775E281D1B08AC17_element_1370"}]}
RESULT: {"script":"return (function isElementDisplayed(element) {\n    function nodeIsElement(node) {\n        if (!node) {\n            return false;\n        }\n        switch (node.nodeType) {\n            case Node.ELEMEN ... (7807 more bytes)","args":[{"element-6066-11e4-a52e-4f735466cecf":"E46089472CAF2261775E281D1B08AC17_element_1370","ELEMENT":"E46089472CAF2261775E281D1B08AC17_element_1370"}]}
COMMAND: POST /session/c615908a94ee80854b06984933a87823/element - {"using":"css selector","value":".govuk-heading-xl"}
RESULT: {"using":"css selector","value":".govuk-heading-xl"}
COMMAND: GET /session/c615908a94ee80854b06984933a87823/element/E46089472CAF2261775E281D1B08AC17_element_1370/text - {}
RESULT: {}
COMMAND: POST /session/c615908a94ee80854b06984933a87823/element - {"using":"xpath","value":".//caption[contains(., \"Measured (events)\") and not(.//caption)]"}
RESULT: {"using":"xpath","value":".//caption[contains(., \"Measured (events)\") and not(.//caption)]"}
COMMAND: POST /session/c615908a94ee80854b06984933a87823/execute/sync - {"script":"return (function (elem, id) {\n        return (function parentElement() {\n        return this.parentElement;\n    }).call(elem, id);\n    }).apply(null, arguments)","args":[{"element-6066-11e4-a52e-4f735466cecf":"E46089472CAF2261775E281D1B08AC17_element_1371","ELEMENT":"E46089472CAF2261775E281D1B08AC17_element_1371"}]}
RESULT: {"script":"return (function (elem, id) {\n        return (function parentElement() {\n        return this.parentElement;\n    }).call(elem, id);\n    }).apply(null, arguments)","args":[{"element-6066-11e4-a52e-4f735466cecf":"E46089472CAF2261775E281D1B08AC17_element_1371","ELEMENT":"E46089472CAF2261775E281D1B08AC17_element_1371"}]}
COMMAND: POST /session/c615908a94ee80854b06984933a87823/execute/sync - {"script":"return (function isElementDisplayed(element) {\n    function nodeIsElement(node) {\n        if (!node) {\n            return false;\n        }\n        switch (node.nodeType) {\n            case Node.ELEMEN ... (7807 more bytes)","args":[{"element-6066-11e4-a52e-4f735466cecf":"E46089472CAF2261775E281D1B08AC17_element_1372","ELEMENT":"E46089472CAF2261775E281D1B08AC17_element_1372"}]}
RESULT: {"script":"return (function isElementDisplayed(element) {\n    function nodeIsElement(node) {\n        if (!node) {\n            return false;\n        }\n        switch (node.nodeType) {\n            case Node.ELEMEN ... (7807 more bytes)","args":[{"element-6066-11e4-a52e-4f735466cecf":"E46089472CAF2261775E281D1B08AC17_element_1372","ELEMENT":"E46089472CAF2261775E281D1B08AC17_element_1372"}]}
COMMAND: POST /session/c615908a94ee80854b06984933a87823/element/E46089472CAF2261775E281D1B08AC17_element_1372/elements - {"using":"css selector","value":"tbody tr"}
RESULT: {"using":"css selector","value":"tbody tr"}
COMMAND: POST /session/c615908a94ee80854b06984933a87823/element/E46089472CAF2261775E281D1B08AC17_element_1372/element - {"using":"css selector","value":"thead tr"}
RESULT: {"using":"css selector","value":"thead tr"}
COMMAND: POST /session/c615908a94ee80854b06984933a87823/element/E46089472CAF2261775E281D1B08AC17_element_1373/elements - {"using":"css selector","value":"th"}
RESULT: {"using":"css selector","value":"th"}
COMMAND: GET /session/c615908a94ee80854b06984933a87823/element/E46089472CAF2261775E281D1B08AC17_element_1374/text - {}
COMMAND: GET /session/c615908a94ee80854b06984933a87823/element/E46089472CAF2261775E281D1B08AC17_element_1375/text - {}
RESULT: {}
RESULT: {}
]]></system-out>
      <system-err><![CDATA[
TypeError: Cannot read properties of undefined (reading 'Line item')
    at assertMeasuredTableData (file:///home/runner/work/di-billing-transaction-monitoring/di-billing-transaction-monitoring/ui-tests/specs/invoice.spec.ts:212:23)
    at validateTableDataWithAssertions (file:///home/runner/work/di-billing-transaction-monitoring/di-billing-transaction-monitoring/ui-tests/specs/invoice.spec.ts:154:5)
    at runMicrotasks (<anonymous>)
    at processTicksAndRejections (node:internal/process/task_queues:96:5)
    at async Context.<anonymous> (file:///home/runner/work/di-billing-transaction-monitoring/di-billing-transaction-monitoring/ui-tests/specs/invoice.spec.ts:122:9)
]]></system-err>
    </testcase>
    <testcase classname="chrome.117_0_5938_132.linux.Invoice_Page_Test.Vendor:_Vendor_Six,Invoice:2005-Q2" name="should validate invoice table data" time="0.831">
      <failure/>
      <error message="expect(received).toEqual(expected) // deep equality&#xA;&#xA;Expected: &quot;Six Data Validation Application&quot;&#xA;Received: &quot;Total&quot;"/>
      <system-out><![CDATA[
COMMAND: POST /session/c615908a94ee80854b06984933a87823/url - {"url":"https://pr-509.btm.dev.account.gov.uk/contracts/6/invoices/2005-q2"}
RESULT: {"url":"https://pr-509.btm.dev.account.gov.uk/contracts/6/invoices/2005-q2"}
COMMAND: POST /session/c615908a94ee80854b06984933a87823/execute/sync - {"script":"return (() => document.readyState === \"complete\").apply(null, arguments)","args":[]}
RESULT: {"script":"return (() => document.readyState === \"complete\").apply(null, arguments)","args":[]}
COMMAND: GET /session/c615908a94ee80854b06984933a87823/url - {}
RESULT: {}
COMMAND: POST /session/c615908a94ee80854b06984933a87823/element - {"using":"css selector","value":".govuk-heading-xl"}
RESULT: {"using":"css selector","value":".govuk-heading-xl"}
COMMAND: POST /session/c615908a94ee80854b06984933a87823/execute/sync - {"script":"return (function isElementDisplayed(element) {\n    function nodeIsElement(node) {\n        if (!node) {\n            return false;\n        }\n        switch (node.nodeType) {\n            case Node.ELEMEN ... (7807 more bytes)","args":[{"element-6066-11e4-a52e-4f735466cecf":"2B73BB9ADD34317F973A95CA7BDF5BA4_element_1378","ELEMENT":"2B73BB9ADD34317F973A95CA7BDF5BA4_element_1378"}]}
RESULT: {"script":"return (function isElementDisplayed(element) {\n    function nodeIsElement(node) {\n        if (!node) {\n            return false;\n        }\n        switch (node.nodeType) {\n            case Node.ELEMEN ... (7807 more bytes)","args":[{"element-6066-11e4-a52e-4f735466cecf":"2B73BB9ADD34317F973A95CA7BDF5BA4_element_1378","ELEMENT":"2B73BB9ADD34317F973A95CA7BDF5BA4_element_1378"}]}
COMMAND: POST /session/c615908a94ee80854b06984933a87823/element - {"using":"css selector","value":".govuk-heading-xl"}
RESULT: {"using":"css selector","value":".govuk-heading-xl"}
COMMAND: GET /session/c615908a94ee80854b06984933a87823/element/2B73BB9ADD34317F973A95CA7BDF5BA4_element_1378/text - {}
RESULT: {}
COMMAND: POST /session/c615908a94ee80854b06984933a87823/element - {"using":"xpath","value":".//caption[contains(., \"Invoice\") and not(.//caption)]"}
RESULT: {"using":"xpath","value":".//caption[contains(., \"Invoice\") and not(.//caption)]"}
COMMAND: POST /session/c615908a94ee80854b06984933a87823/execute/sync - {"script":"return (function (elem, id) {\n        return (function parentElement() {\n        return this.parentElement;\n    }).call(elem, id);\n    }).apply(null, arguments)","args":[{"element-6066-11e4-a52e-4f735466cecf":"2B73BB9ADD34317F973A95CA7BDF5BA4_element_1379","ELEMENT":"2B73BB9ADD34317F973A95CA7BDF5BA4_element_1379"}]}
RESULT: {"script":"return (function (elem, id) {\n        return (function parentElement() {\n        return this.parentElement;\n    }).call(elem, id);\n    }).apply(null, arguments)","args":[{"element-6066-11e4-a52e-4f735466cecf":"2B73BB9ADD34317F973A95CA7BDF5BA4_element_1379","ELEMENT":"2B73BB9ADD34317F973A95CA7BDF5BA4_element_1379"}]}
COMMAND: POST /session/c615908a94ee80854b06984933a87823/execute/sync - {"script":"return (function isElementDisplayed(element) {\n    function nodeIsElement(node) {\n        if (!node) {\n            return false;\n        }\n        switch (node.nodeType) {\n            case Node.ELEMEN ... (7807 more bytes)","args":[{"element-6066-11e4-a52e-4f735466cecf":"2B73BB9ADD34317F973A95CA7BDF5BA4_element_1380","ELEMENT":"2B73BB9ADD34317F973A95CA7BDF5BA4_element_1380"}]}
RESULT: {"script":"return (function isElementDisplayed(element) {\n    function nodeIsElement(node) {\n        if (!node) {\n            return false;\n        }\n        switch (node.nodeType) {\n            case Node.ELEMEN ... (7807 more bytes)","args":[{"element-6066-11e4-a52e-4f735466cecf":"2B73BB9ADD34317F973A95CA7BDF5BA4_element_1380","ELEMENT":"2B73BB9ADD34317F973A95CA7BDF5BA4_element_1380"}]}
COMMAND: POST /session/c615908a94ee80854b06984933a87823/element/2B73BB9ADD34317F973A95CA7BDF5BA4_element_1380/elements - {"using":"css selector","value":"tbody tr"}
RESULT: {"using":"css selector","value":"tbody tr"}
COMMAND: POST /session/c615908a94ee80854b06984933a87823/element/2B73BB9ADD34317F973A95CA7BDF5BA4_element_1380/element - {"using":"css selector","value":"thead tr"}
RESULT: {"using":"css selector","value":"thead tr"}
COMMAND: POST /session/c615908a94ee80854b06984933a87823/element/2B73BB9ADD34317F973A95CA7BDF5BA4_element_1382/elements - {"using":"css selector","value":"th"}
RESULT: {"using":"css selector","value":"th"}
COMMAND: GET /session/c615908a94ee80854b06984933a87823/element/2B73BB9ADD34317F973A95CA7BDF5BA4_element_1383/text - {}
COMMAND: GET /session/c615908a94ee80854b06984933a87823/element/2B73BB9ADD34317F973A95CA7BDF5BA4_element_1384/text - {}
COMMAND: GET /session/c615908a94ee80854b06984933a87823/element/2B73BB9ADD34317F973A95CA7BDF5BA4_element_1386/text - {}
COMMAND: GET /session/c615908a94ee80854b06984933a87823/element/2B73BB9ADD34317F973A95CA7BDF5BA4_element_1385/text - {}
COMMAND: GET /session/c615908a94ee80854b06984933a87823/element/2B73BB9ADD34317F973A95CA7BDF5BA4_element_1387/text - {}
RESULT: {}
RESULT: {}
RESULT: {}
RESULT: {}
RESULT: {}
COMMAND: POST /session/c615908a94ee80854b06984933a87823/element/2B73BB9ADD34317F973A95CA7BDF5BA4_element_1381/elements - {"using":"css selector","value":"th,td"}
RESULT: {"using":"css selector","value":"th,td"}
COMMAND: GET /session/c615908a94ee80854b06984933a87823/element/2B73BB9ADD34317F973A95CA7BDF5BA4_element_1388/text - {}
RESULT: {}
COMMAND: GET /session/c615908a94ee80854b06984933a87823/element/2B73BB9ADD34317F973A95CA7BDF5BA4_element_1389/text - {}
RESULT: {}
COMMAND: GET /session/c615908a94ee80854b06984933a87823/element/2B73BB9ADD34317F973A95CA7BDF5BA4_element_1390/text - {}
RESULT: {}
COMMAND: GET /session/c615908a94ee80854b06984933a87823/element/2B73BB9ADD34317F973A95CA7BDF5BA4_element_1391/text - {}
RESULT: {}
COMMAND: GET /session/c615908a94ee80854b06984933a87823/element/2B73BB9ADD34317F973A95CA7BDF5BA4_element_1392/text - {}
RESULT: {}
COMMAND: DELETE /session/c615908a94ee80854b06984933a87823 - {}
RESULT: {}
]]></system-out>
      <system-err><![CDATA[
Error: expect(received).toEqual(expected) // deep equality

Expected: "Six Data Validation Application"
Received: "Total"
    at expectEqual (file:///home/runner/work/di-billing-transaction-monitoring/di-billing-transaction-monitoring/ui-tests/utils/customTestAssertion.ts:12:20)
    at assertInvoiceTableData (file:///home/runner/work/di-billing-transaction-monitoring/di-billing-transaction-monitoring/ui-tests/specs/invoice.spec.ts:220:3)
    at validateTableDataWithAssertions (file:///home/runner/work/di-billing-transaction-monitoring/di-billing-transaction-monitoring/ui-tests/specs/invoice.spec.ts:154:5)
    at runMicrotasks (<anonymous>)
    at processTicksAndRejections (node:internal/process/task_queues:96:5)
    at async Context.<anonymous> (file:///home/runner/work/di-billing-transaction-monitoring/di-billing-transaction-monitoring/ui-tests/specs/invoice.spec.ts:130:9)
]]></system-err>
    </testcase>
  </testsuite>
</testsuites>