<?xml version="1.0" encoding="UTF-8"?>
<testsuites>
  <testsuite name="Home Page Tests" timestamp="2023-09-29T18:52:11" time="0.986" tests="1" failures="1" errors="1" skipped="0">
    <properties>
      <property name="specId" value="0"/>
      <property name="suiteName" value="Home Page Tests"/>
      <property name="capabilities" value="chrome.117_0_5938_92.linux"/>
      <property name="file" value="file://./ui-tests/specs/home.spec.ts"/>
    </properties>
    <testcase classname="chrome.117_0_5938_92.linux.Home_Page_Tests" name="before all hook for Home Page Tests" time="0.961">
      <failure/>
      <error message="unknown error: net::ERR_NAME_NOT_RESOLVED&#xA;  (Session info: headless chrome=117.0.5938.92)"/>
      <system-err><![CDATA[
unknown error: unknown error: net::ERR_NAME_NOT_RESOLVED
  (Session info: headless chrome=117.0.5938.92)
    at processTicksAndRejections (node:internal/process/task_queues:96:5)
    at async Context.<anonymous> (file:///home/runner/work/di-billing-transaction-monitoring/di-billing-transaction-monitoring/ui-tests/specs/home.spec.ts:12:5)
]]></system-err>
    </testcase>
  </testsuite>
  <testsuite name="Home Page Overview table Tests" timestamp="2023-09-29T18:52:12" time="0.167" tests="2" failures="1" errors="1" skipped="1">
    <properties>
      <property name="specId" value="0"/>
      <property name="suiteName" value="Home Page Overview table Tests"/>
      <property name="capabilities" value="chrome.117_0_5938_92.linux"/>
      <property name="file" value="file://./ui-tests/specs/home.spec.ts"/>
    </properties>
    <testcase classname="chrome.117_0_5938_92.linux.Home_Page_Overview_table_Tests" name="Should display the overview table with correct data" time="0">
      <skipped/>
      <system-out><![CDATA[
COMMAND: POST /session/4ffbf8b554e99898b821f08fb5787305/url - {"url":"https://pr-499.btm.dev.account.gov.uk/"}
COMMAND: DELETE /session/4ffbf8b554e99898b821f08fb5787305 - {}
RESULT: {}
]]></system-out>
    </testcase>
    <testcase classname="chrome.117_0_5938_92.linux.Home_Page_Overview_table_Tests" name="before each hook for Home Page Overview table Tests" time="0.161">
      <failure/>
      <error message="unknown error: net::ERR_NAME_NOT_RESOLVED&#xA;  (Session info: headless chrome=117.0.5938.92)"/>
      <system-err><![CDATA[
unknown error: unknown error: net::ERR_NAME_NOT_RESOLVED
  (Session info: headless chrome=117.0.5938.92)
    at processTicksAndRejections (node:internal/process/task_queues:96:5)
    at async Context.<anonymous> (file:///home/runner/work/di-billing-transaction-monitoring/di-billing-transaction-monitoring/ui-tests/specs/home.spec.ts:38:5)
]]></system-err>
    </testcase>
  </testsuite>
</testsuites>unner/work/di-billing-transaction-monitoring/di-billing-transaction-monitoring/src/handlers/int-test-support/helpers/lambdaHelper.ts:60:22)
    at async sendLambdaCommand (file:///home/runner/work/di-billing-transaction-monitoring/di-billing-transaction-monitoring/src/handlers/int-test-support/helpers/lambdaHelper.ts:19:18)
    at async getS3ObjectBasic (file:///home/runner/work/di-billing-transaction-monitoring/di-billing-transaction-monitoring/src/handlers/int-test-support/helpers/s3Helper.ts:97:12)
]]></system-err>
    </testcase>
    <testcase classname="chrome.117_0_5938_92.linux.InvoicesList_Page" name="should display the correct vendor name for Vendor Five" time="0.001">
      <failure/>
      <error message="User: arn:aws:sts::582874090139:assumed-role/di-btm-dev-github-actions-test-role/GitHubActions is not authorized to perform: lambda:InvokeFunction on resource: arn:aws:lambda:eu-west-2:582874090139:function:di-btm-pr-499-int-test-support-function because no identity-based policy allows the lambda:InvokeFunction action"/>
      <system-err><![CDATA[
AccessDeniedException: User: arn:aws:sts::582874090139:assumed-role/di-btm-dev-github-actions-test-role/GitHubActions is not authorized to perform: lambda:InvokeFunction on resource: arn:aws:lambda:eu-west-2:582874090139:function:di-btm-pr-499-int-test-support-function because no identity-based policy allows the lambda:InvokeFunction action
    at throwDefaultError (/home/runner/work/di-billing-transaction-monitoring/di-billing-transaction-monitoring/node_modules/@smithy/smithy-client/dist-cjs/default-error-handler.js:8:22)
    at /home/runner/work/di-billing-transaction-monitoring/di-billing-transaction-monitoring/node_modules/@smithy/smithy-client/dist-cjs/default-error-handler.js:18:39
    at de_InvokeCommandError (/home/runner/work/di-billing-transaction-monitoring/di-billing-transaction-monitoring/node_modules/@aws-sdk/client-lambda/dist-cjs/protocols/Aws_restJson1.js:3346:20)
    at processTicksAndRejections (node:internal/process/task_queues:96:5)
    at async /home/runner/work/di-billing-transaction-monitoring/di-billing-transaction-monitoring/node_modules/@smithy/middleware-serde/dist-cjs/deserializerMiddleware.js:7:24
    at async /home/runner/work/di-billing-transaction-monitoring/di-billing-transaction-monitoring/node_modules/@aws-sdk/middleware-signing/dist-cjs/awsAuthMiddleware.js:14:20
    at async /home/runner/work/di-billing-transaction-monitoring/di-billing-transaction-monitoring/node_modules/@smithy/middleware-retry/dist-cjs/retryMiddleware.js:27:46
    at async /home/runner/work/di-billing-transaction-monitoring/di-billing-transaction-monitoring/node_modules/@aws-sdk/middleware-logger/dist-cjs/loggerMiddleware.js:7:26
    at async invokeLambda (file:///home/runner/work/di-billing-transaction-monitoring/di-billing-transaction-monitoring/src/handlers/int-test-support/helpers/lambdaHelper.ts:60:22)
    at async sendLambdaCommand (file:///home/runner/work/di-billing-transaction-monitoring/di-billing-transaction-monitoring/src/handlers/int-test-support/helpers/lambdaHelper.ts:19:18)
    at async getS3ObjectBasic (file:///home/runner/work/di-billing-transaction-monitoring/di-billing-transaction-monitoring/src/handlers/int-test-support/helpers/s3Helper.ts:97:12)
]]></system-err>
    </testcase>
    <testcase classname="chrome.117_0_5938_92.linux.InvoicesList_Page" name="should display the correct vendor name for Vendor Four" time="0.001">
      <failure/>
      <error message="User: arn:aws:sts::582874090139:assumed-role/di-btm-dev-github-actions-test-role/GitHubActions is not authorized to perform: lambda:InvokeFunction on resource: arn:aws:lambda:eu-west-2:582874090139:function:di-btm-pr-499-int-test-support-function because no identity-based policy allows the lambda:InvokeFunction action"/>
      <system-err><![CDATA[
AccessDeniedException: User: arn:aws:sts::582874090139:assumed-role/di-btm-dev-github-actions-test-role/GitHubActions is not authorized to perform: lambda:InvokeFunction on resource: arn:aws:lambda:eu-west-2:582874090139:function:di-btm-pr-499-int-test-support-function because no identity-based policy allows the lambda:InvokeFunction action
    at throwDefaultError (/home/runner/work/di-billing-transaction-monitoring/di-billing-transaction-monitoring/node_modules/@smithy/smithy-client/dist-cjs/default-error-handler.js:8:22)
    at /home/runner/work/di-billing-transaction-monitoring/di-billing-transaction-monitoring/node_modules/@smithy/smithy-client/dist-cjs/default-error-handler.js:18:39
    at de_InvokeCommandError (/home/runner/work/di-billing-transaction-monitoring/di-billing-transaction-monitoring/node_modules/@aws-sdk/client-lambda/dist-cjs/protocols/Aws_restJson1.js:3346:20)
    at processTicksAndRejections (node:internal/process/task_queues:96:5)
    at async /home/runner/work/di-billing-transaction-monitoring/di-billing-transaction-monitoring/node_modules/@smithy/middleware-serde/dist-cjs/deserializerMiddleware.js:7:24
    at async /home/runner/work/di-billing-transaction-monitoring/di-billing-transaction-monitoring/node_modules/@aws-sdk/middleware-signing/dist-cjs/awsAuthMiddleware.js:14:20
    at async /home/runner/work/di-billing-transaction-monitoring/di-billing-transaction-monitoring/node_modules/@smithy/middleware-retry/dist-cjs/retryMiddleware.js:27:46
    at async /home/runner/work/di-billing-transaction-monitoring/di-billing-transaction-monitoring/node_modules/@aws-sdk/middleware-logger/dist-cjs/loggerMiddleware.js:7:26
    at async invokeLambda (file:///home/runner/work/di-billing-transaction-monitoring/di-billing-transaction-monitoring/src/handlers/int-test-support/helpers/lambdaHelper.ts:60:22)
    at async sendLambdaCommand (file:///home/runner/work/di-billing-transaction-monitoring/di-billing-transaction-monitoring/src/handlers/int-test-support/helpers/lambdaHelper.ts:19:18)
    at async getS3ObjectBasic (file:///home/runner/work/di-billing-transaction-monitoring/di-billing-transaction-monitoring/src/handlers/int-test-support/helpers/s3Helper.ts:97:12)
]]></system-err>
    </testcase>
    <testcase classname="chrome.117_0_5938_92.linux.InvoicesList_Page" name="should display the correct vendor name for Vendor Two" time="0.003">
      <failure/>
      <error message="User: arn:aws:sts::582874090139:assumed-role/di-btm-dev-github-actions-test-role/GitHubActions is not authorized to perform: lambda:InvokeFunction on resource: arn:aws:lambda:eu-west-2:582874090139:function:di-btm-pr-499-int-test-support-function because no identity-based policy allows the lambda:InvokeFunction action"/>
      <system-err><![CDATA[
AccessDeniedException: User: arn:aws:sts::582874090139:assumed-role/di-btm-dev-github-actions-test-role/GitHubActions is not authorized to perform: lambda:InvokeFunction on resource: arn:aws:lambda:eu-west-2:582874090139:function:di-btm-pr-499-int-test-support-function because no identity-based policy allows the lambda:InvokeFunction action
    at throwDefaultError (/home/runner/work/di-billing-transaction-monitoring/di-billing-transaction-monitoring/node_modules/@smithy/smithy-client/dist-cjs/default-error-handler.js:8:22)
    at /home/runner/work/di-billing-transaction-monitoring/di-billing-transaction-monitoring/node_modules/@smithy/smithy-client/dist-cjs/default-error-handler.js:18:39
    at de_InvokeCommandError (/home/runner/work/di-billing-transaction-monitoring/di-billing-transaction-monitoring/node_modules/@aws-sdk/client-lambda/dist-cjs/protocols/Aws_restJson1.js:3346:20)
    at processTicksAndRejections (node:internal/process/task_queues:96:5)
    at async /home/runner/work/di-billing-transaction-monitoring/di-billing-transaction-monitoring/node_modules/@smithy/middleware-serde/dist-cjs/deserializerMiddleware.js:7:24
    at async /home/runner/work/di-billing-transaction-monitoring/di-billing-transaction-monitoring/node_modules/@aws-sdk/middleware-signing/dist-cjs/awsAuthMiddleware.js:14:20
    at async /home/runner/work/di-billing-transaction-monitoring/di-billing-transaction-monitoring/node_modules/@smithy/middleware-retry/dist-cjs/retryMiddleware.js:27:46
    at async /home/runner/work/di-billing-transaction-monitoring/di-billing-transaction-monitoring/node_modules/@aws-sdk/middleware-logger/dist-cjs/loggerMiddleware.js:7:26
    at async invokeLambda (file:///home/runner/work/di-billing-transaction-monitoring/di-billing-transaction-monitoring/src/handlers/int-test-support/helpers/lambdaHelper.ts:60:22)
    at async sendLambdaCommand (file:///home/runner/work/di-billing-transaction-monitoring/di-billing-transaction-monitoring/src/handlers/int-test-support/helpers/lambdaHelper.ts:19:18)
    at async getS3ObjectBasic (file:///home/runner/work/di-billing-transaction-monitoring/di-billing-transaction-monitoring/src/handlers/int-test-support/helpers/s3Helper.ts:97:12)
]]></system-err>
    </testcase>
    <testcase classname="chrome.117_0_5938_92.linux.InvoicesList_Page" name="should display the correct vendor name for Vendor One" time="0.008">
      <failure/>
      <error message="User: arn:aws:sts::582874090139:assumed-role/di-btm-dev-github-actions-test-role/GitHubActions is not authorized to perform: lambda:InvokeFunction on resource: arn:aws:lambda:eu-west-2:582874090139:function:di-btm-pr-499-int-test-support-function because no identity-based policy allows the lambda:InvokeFunction action"/>
      <system-err><![CDATA[
AccessDeniedException: User: arn:aws:sts::582874090139:assumed-role/di-btm-dev-github-actions-test-role/GitHubActions is not authorized to perform: lambda:InvokeFunction on resource: arn:aws:lambda:eu-west-2:582874090139:function:di-btm-pr-499-int-test-support-function because no identity-based policy allows the lambda:InvokeFunction action
    at throwDefaultError (/home/runner/work/di-billing-transaction-monitoring/di-billing-transaction-monitoring/node_modules/@smithy/smithy-client/dist-cjs/default-error-handler.js:8:22)
    at /home/runner/work/di-billing-transaction-monitoring/di-billing-transaction-monitoring/node_modules/@smithy/smithy-client/dist-cjs/default-error-handler.js:18:39
    at de_InvokeCommandError (/home/runner/work/di-billing-transaction-monitoring/di-billing-transaction-monitoring/node_modules/@aws-sdk/client-lambda/dist-cjs/protocols/Aws_restJson1.js:3346:20)
    at processTicksAndRejections (node:internal/process/task_queues:96:5)
    at async /home/runner/work/di-billing-transaction-monitoring/di-billing-transaction-monitoring/node_modules/@smithy/middleware-serde/dist-cjs/deserializerMiddleware.js:7:24
    at async /home/runner/work/di-billing-transaction-monitoring/di-billing-transaction-monitoring/node_modules/@aws-sdk/middleware-signing/dist-cjs/awsAuthMiddleware.js:14:20
    at async /home/runner/work/di-billing-transaction-monitoring/di-billing-transaction-monitoring/node_modules/@smithy/middleware-retry/dist-cjs/retryMiddleware.js:27:46
    at async /home/runner/work/di-billing-transaction-monitoring/di-billing-transaction-monitoring/node_modules/@aws-sdk/middleware-logger/dist-cjs/loggerMiddleware.js:7:26
    at async invokeLambda (file:///home/runner/work/di-billing-transaction-monitoring/di-billing-transaction-monitoring/src/handlers/int-test-support/helpers/lambdaHelper.ts:60:22)
    at async sendLambdaCommand (file:///home/runner/work/di-billing-transaction-monitoring/di-billing-transaction-monitoring/src/handlers/int-test-support/helpers/lambdaHelper.ts:19:18)
    at async getS3ObjectBasic (file:///home/runner/work/di-billing-transaction-monitoring/di-billing-transaction-monitoring/src/handlers/int-test-support/helpers/s3Helper.ts:97:12)
]]></system-err>
    </testcase>
    <testcase classname="chrome.117_0_5938_92.linux.InvoicesList_Page" name="should display the correct vendor name for Vendor Six" time="0.001">
      <failure/>
      <error message="User: arn:aws:sts::582874090139:assumed-role/di-btm-dev-github-actions-test-role/GitHubActions is not authorized to perform: lambda:InvokeFunction on resource: arn:aws:lambda:eu-west-2:582874090139:function:di-btm-pr-499-int-test-support-function because no identity-based policy allows the lambda:InvokeFunction action"/>
      <system-err><![CDATA[
AccessDeniedException: User: arn:aws:sts::582874090139:assumed-role/di-btm-dev-github-actions-test-role/GitHubActions is not authorized to perform: lambda:InvokeFunction on resource: arn:aws:lambda:eu-west-2:582874090139:function:di-btm-pr-499-int-test-support-function because no identity-based policy allows the lambda:InvokeFunction action
    at throwDefaultError (/home/runner/work/di-billing-transaction-monitoring/di-billing-transaction-monitoring/node_modules/@smithy/smithy-client/dist-cjs/default-error-handler.js:8:22)
    at /home/runner/work/di-billing-transaction-monitoring/di-billing-transaction-monitoring/node_modules/@smithy/smithy-client/dist-cjs/default-error-handler.js:18:39
    at de_InvokeCommandError (/home/runner/work/di-billing-transaction-monitoring/di-billing-transaction-monitoring/node_modules/@aws-sdk/client-lambda/dist-cjs/protocols/Aws_restJson1.js:3346:20)
    at processTicksAndRejections (node:internal/process/task_queues:96:5)
    at async /home/runner/work/di-billing-transaction-monitoring/di-billing-transaction-monitoring/node_modules/@smithy/middleware-serde/dist-cjs/deserializerMiddleware.js:7:24
    at async /home/runner/work/di-billing-transaction-monitoring/di-billing-transaction-monitoring/node_modules/@aws-sdk/middleware-signing/dist-cjs/awsAuthMiddleware.js:14:20
    at async /home/runner/work/di-billing-transaction-monitoring/di-billing-transaction-monitoring/node_modules/@smithy/middleware-retry/dist-cjs/retryMiddleware.js:27:46
    at async /home/runner/work/di-billing-transaction-monitoring/di-billing-transaction-monitoring/node_modules/@aws-sdk/middleware-logger/dist-cjs/loggerMiddleware.js:7:26
    at async invokeLambda (file:///home/runner/work/di-billing-transaction-monitoring/di-billing-transaction-monitoring/src/handlers/int-test-support/helpers/lambdaHelper.ts:60:22)
    at async sendLambdaCommand (file:///home/runner/work/di-billing-transaction-monitoring/di-billing-transaction-monitoring/src/handlers/int-test-support/helpers/lambdaHelper.ts:19:18)
    at async getS3ObjectBasic (file:///home/runner/work/di-billing-transaction-monitoring/di-billing-transaction-monitoring/src/handlers/int-test-support/helpers/s3Helper.ts:97:12)
]]></system-err>
    </testcase>
    <testcase classname="chrome.117_0_5938_92.linux.InvoicesList_Page" name="should return the correct unique invoice count for Vendor Three" time="0.001">
      <failure/>
      <error message="User: arn:aws:sts::582874090139:assumed-role/di-btm-dev-github-actions-test-role/GitHubActions is not authorized to perform: lambda:InvokeFunction on resource: arn:aws:lambda:eu-west-2:582874090139:function:di-btm-pr-499-int-test-support-function because no identity-based policy allows the lambda:InvokeFunction action"/>
      <system-err><![CDATA[
AccessDeniedException: User: arn:aws:sts::582874090139:assumed-role/di-btm-dev-github-actions-test-role/GitHubActions is not authorized to perform: lambda:InvokeFunction on resource: arn:aws:lambda:eu-west-2:582874090139:function:di-btm-pr-499-int-test-support-function because no identity-based policy allows the lambda:InvokeFunction action
    at throwDefaultError (/home/runner/work/di-billing-transaction-monitoring/di-billing-transaction-monitoring/node_modules/@smithy/smithy-client/dist-cjs/default-error-handler.js:8:22)
    at /home/runner/work/di-billing-transaction-monitoring/di-billing-transaction-monitoring/node_modules/@smithy/smithy-client/dist-cjs/default-error-handler.js:18:39
    at de_InvokeCommandError (/home/runner/work/di-billing-transaction-monitoring/di-billing-transaction-monitoring/node_modules/@aws-sdk/client-lambda/dist-cjs/protocols/Aws_restJson1.js:3346:20)
    at processTicksAndRejections (node:internal/process/task_queues:96:5)
    at async /home/runner/work/di-billing-transaction-monitoring/di-billing-transaction-monitoring/node_modules/@smithy/middleware-serde/dist-cjs/deserializerMiddleware.js:7:24
    at async /home/runner/work/di-billing-transaction-monitoring/di-billing-transaction-monitoring/node_modules/@aws-sdk/middleware-signing/dist-cjs/awsAuthMiddleware.js:14:20
    at async /home/runner/work/di-billing-transaction-monitoring/di-billing-transaction-monitoring/node_modules/@smithy/middleware-retry/dist-cjs/retryMiddleware.js:27:46
    at async /home/runner/work/di-billing-transaction-monitoring/di-billing-transaction-monitoring/node_modules/@aws-sdk/middleware-logger/dist-cjs/loggerMiddleware.js:7:26
    at async invokeLambda (file:///home/runner/work/di-billing-transaction-monitoring/di-billing-transaction-monitoring/src/handlers/int-test-support/helpers/lambdaHelper.ts:60:22)
    at async sendLambdaCommand (file:///home/runner/work/di-billing-transaction-monitoring/di-billing-transaction-monitoring/src/handlers/int-test-support/helpers/lambdaHelper.ts:19:18)
    at async getS3ObjectBasic (file:///home/runner/work/di-billing-transaction-monitoring/di-billing-transaction-monitoring/src/handlers/int-test-support/helpers/s3Helper.ts:97:12)
]]></system-err>
    </testcase>
    <testcase classname="chrome.117_0_5938_92.linux.InvoicesList_Page" name="should return the correct unique invoice count for Vendor Five" time="0.001">
      <failure/>
      <error message="User: arn:aws:sts::582874090139:assumed-role/di-btm-dev-github-actions-test-role/GitHubActions is not authorized to perform: lambda:InvokeFunction on resource: arn:aws:lambda:eu-west-2:582874090139:function:di-btm-pr-499-int-test-support-function because no identity-based policy allows the lambda:InvokeFunction action"/>
      <system-err><![CDATA[
AccessDeniedException: User: arn:aws:sts::582874090139:assumed-role/di-btm-dev-github-actions-test-role/GitHubActions is not authorized to perform: lambda:InvokeFunction on resource: arn:aws:lambda:eu-west-2:582874090139:function:di-btm-pr-499-int-test-support-function because no identity-based policy allows the lambda:InvokeFunction action
    at throwDefaultError (/home/runner/work/di-billing-transaction-monitoring/di-billing-transaction-monitoring/node_modules/@smithy/smithy-client/dist-cjs/default-error-handler.js:8:22)
    at /home/runner/work/di-billing-transaction-monitoring/di-billing-transaction-monitoring/node_modules/@smithy/smithy-client/dist-cjs/default-error-handler.js:18:39
    at de_InvokeCommandError (/home/runner/work/di-billing-transaction-monitoring/di-billing-transaction-monitoring/node_modules/@aws-sdk/client-lambda/dist-cjs/protocols/Aws_restJson1.js:3346:20)
    at processTicksAndRejections (node:internal/process/task_queues:96:5)
    at async /home/runner/work/di-billing-transaction-monitoring/di-billing-transaction-monitoring/node_modules/@smithy/middleware-serde/dist-cjs/deserializerMiddleware.js:7:24
    at async /home/runner/work/di-billing-transaction-monitoring/di-billing-transaction-monitoring/node_modules/@aws-sdk/middleware-signing/dist-cjs/awsAuthMiddleware.js:14:20
    at async /home/runner/work/di-billing-transaction-monitoring/di-billing-transaction-monitoring/node_modules/@smithy/middleware-retry/dist-cjs/retryMiddleware.js:27:46
    at async /home/runner/work/di-billing-transaction-monitoring/di-billing-transaction-monitoring/node_modules/@aws-sdk/middleware-logger/dist-cjs/loggerMiddleware.js:7:26
    at async invokeLambda (file:///home/runner/work/di-billing-transaction-monitoring/di-billing-transaction-monitoring/src/handlers/int-test-support/helpers/lambdaHelper.ts:60:22)
    at async sendLambdaCommand (file:///home/runner/work/di-billing-transaction-monitoring/di-billing-transaction-monitoring/src/handlers/int-test-support/helpers/lambdaHelper.ts:19:18)
    at async getS3ObjectBasic (file:///home/runner/work/di-billing-transaction-monitoring/di-billing-transaction-monitoring/src/handlers/int-test-support/helpers/s3Helper.ts:97:12)
]]></system-err>
    </testcase>
    <testcase classname="chrome.117_0_5938_92.linux.InvoicesList_Page" name="should return the correct unique invoice count for Vendor Four" time="0.001">
      <failure/>
      <error message="User: arn:aws:sts::582874090139:assumed-role/di-btm-dev-github-actions-test-role/GitHubActions is not authorized to perform: lambda:InvokeFunction on resource: arn:aws:lambda:eu-west-2:582874090139:function:di-btm-pr-499-int-test-support-function because no identity-based policy allows the lambda:InvokeFunction action"/>
      <system-err><![CDATA[
AccessDeniedException: User: arn:aws:sts::582874090139:assumed-role/di-btm-dev-github-actions-test-role/GitHubActions is not authorized to perform: lambda:InvokeFunction on resource: arn:aws:lambda:eu-west-2:582874090139:function:di-btm-pr-499-int-test-support-function because no identity-based policy allows the lambda:InvokeFunction action
    at throwDefaultError (/home/runner/work/di-billing-transaction-monitoring/di-billing-transaction-monitoring/node_modules/@smithy/smithy-client/dist-cjs/default-error-handler.js:8:22)
    at /home/runner/work/di-billing-transaction-monitoring/di-billing-transaction-monitoring/node_modules/@smithy/smithy-client/dist-cjs/default-error-handler.js:18:39
    at de_InvokeCommandError (/home/runner/work/di-billing-transaction-monitoring/di-billing-transaction-monitoring/node_modules/@aws-sdk/client-lambda/dist-cjs/protocols/Aws_restJson1.js:3346:20)
    at processTicksAndRejections (node:internal/process/task_queues:96:5)
    at async /home/runner/work/di-billing-transaction-monitoring/di-billing-transaction-monitoring/node_modules/@smithy/middleware-serde/dist-cjs/deserializerMiddleware.js:7:24
    at async /home/runner/work/di-billing-transaction-monitoring/di-billing-transaction-monitoring/node_modules/@aws-sdk/middleware-signing/dist-cjs/awsAuthMiddleware.js:14:20
    at async /home/runner/work/di-billing-transaction-monitoring/di-billing-transaction-monitoring/node_modules/@smithy/middleware-retry/dist-cjs/retryMiddleware.js:27:46
    at async /home/runner/work/di-billing-transaction-monitoring/di-billing-transaction-monitoring/node_modules/@aws-sdk/middleware-logger/dist-cjs/loggerMiddleware.js:7:26
    at async invokeLambda (file:///home/runner/work/di-billing-transaction-monitoring/di-billing-transaction-monitoring/src/handlers/int-test-support/helpers/lambdaHelper.ts:60:22)
    at async sendLambdaCommand (file:///home/runner/work/di-billing-transaction-monitoring/di-billing-transaction-monitoring/src/handlers/int-test-support/helpers/lambdaHelper.ts:19:18)
    at async getS3ObjectBasic (file:///home/runner/work/di-billing-transaction-monitoring/di-billing-transaction-monitoring/src/handlers/int-test-support/helpers/s3Helper.ts:97:12)
]]></system-err>
    </testcase>
    <testcase classname="chrome.117_0_5938_92.linux.InvoicesList_Page" name="should return the correct unique invoice count for Vendor Two" time="0.003">
      <failure/>
      <error message="User: arn:aws:sts::582874090139:assumed-role/di-btm-dev-github-actions-test-role/GitHubActions is not authorized to perform: lambda:InvokeFunction on resource: arn:aws:lambda:eu-west-2:582874090139:function:di-btm-pr-499-int-test-support-function because no identity-based policy allows the lambda:InvokeFunction action"/>
      <system-err><![CDATA[
AccessDeniedException: User: arn:aws:sts::582874090139:assumed-role/di-btm-dev-github-actions-test-role/GitHubActions is not authorized to perform: lambda:InvokeFunction on resource: arn:aws:lambda:eu-west-2:582874090139:function:di-btm-pr-499-int-test-support-function because no identity-based policy allows the lambda:InvokeFunction action
    at throwDefaultError (/home/runner/work/di-billing-transaction-monitoring/di-billing-transaction-monitoring/node_modules/@smithy/smithy-client/dist-cjs/default-error-handler.js:8:22)
    at /home/runner/work/di-billing-transaction-monitoring/di-billing-transaction-monitoring/node_modules/@smithy/smithy-client/dist-cjs/default-error-handler.js:18:39
    at de_InvokeCommandError (/home/runner/work/di-billing-transaction-monitoring/di-billing-transaction-monitoring/node_modules/@aws-sdk/client-lambda/dist-cjs/protocols/Aws_restJson1.js:3346:20)
    at processTicksAndRejections (node:internal/process/task_queues:96:5)
    at async /home/runner/work/di-billing-transaction-monitoring/di-billing-transaction-monitoring/node_modules/@smithy/middleware-serde/dist-cjs/deserializerMiddleware.js:7:24
    at async /home/runner/work/di-billing-transaction-monitoring/di-billing-transaction-monitoring/node_modules/@aws-sdk/middleware-signing/dist-cjs/awsAuthMiddleware.js:14:20
    at async /home/runner/work/di-billing-transaction-monitoring/di-billing-transaction-monitoring/node_modules/@smithy/middleware-retry/dist-cjs/retryMiddleware.js:27:46
    at async /home/runner/work/di-billing-transaction-monitoring/di-billing-transaction-monitoring/node_modules/@aws-sdk/middleware-logger/dist-cjs/loggerMiddleware.js:7:26
    at async invokeLambda (file:///home/runner/work/di-billing-transaction-monitoring/di-billing-transaction-monitoring/src/handlers/int-test-support/helpers/lambdaHelper.ts:60:22)
    at async sendLambdaCommand (file:///home/runner/work/di-billing-transaction-monitoring/di-billing-transaction-monitoring/src/handlers/int-test-support/helpers/lambdaHelper.ts:19:18)
    at async getS3ObjectBasic (file:///home/runner/work/di-billing-transaction-monitoring/di-billing-transaction-monitoring/src/handlers/int-test-support/helpers/s3Helper.ts:97:12)
]]></system-err>
    </testcase>
    <testcase classname="chrome.117_0_5938_92.linux.InvoicesList_Page" name="should return the correct unique invoice count for Vendor One" time="0.002">
      <failure/>
      <error message="User: arn:aws:sts::582874090139:assumed-role/di-btm-dev-github-actions-test-role/GitHubActions is not authorized to perform: lambda:InvokeFunction on resource: arn:aws:lambda:eu-west-2:582874090139:function:di-btm-pr-499-int-test-support-function because no identity-based policy allows the lambda:InvokeFunction action"/>
      <system-err><![CDATA[
AccessDeniedException: User: arn:aws:sts::582874090139:assumed-role/di-btm-dev-github-actions-test-role/GitHubActions is not authorized to perform: lambda:InvokeFunction on resource: arn:aws:lambda:eu-west-2:582874090139:function:di-btm-pr-499-int-test-support-function because no identity-based policy allows the lambda:InvokeFunction action
    at throwDefaultError (/home/runner/work/di-billing-transaction-monitoring/di-billing-transaction-monitoring/node_modules/@smithy/smithy-client/dist-cjs/default-error-handler.js:8:22)
    at /home/runner/work/di-billing-transaction-monitoring/di-billing-transaction-monitoring/node_modules/@smithy/smithy-client/dist-cjs/default-error-handler.js:18:39
    at de_InvokeCommandError (/home/runner/work/di-billing-transaction-monitoring/di-billing-transaction-monitoring/node_modules/@aws-sdk/client-lambda/dist-cjs/protocols/Aws_restJson1.js:3346:20)
    at processTicksAndRejections (node:internal/process/task_queues:96:5)
    at async /home/runner/work/di-billing-transaction-monitoring/di-billing-transaction-monitoring/node_modules/@smithy/middleware-serde/dist-cjs/deserializerMiddleware.js:7:24
    at async /home/runner/work/di-billing-transaction-monitoring/di-billing-transaction-monitoring/node_modules/@aws-sdk/middleware-signing/dist-cjs/awsAuthMiddleware.js:14:20
    at async /home/runner/work/di-billing-transaction-monitoring/di-billing-transaction-monitoring/node_modules/@smithy/middleware-retry/dist-cjs/retryMiddleware.js:27:46
    at async /home/runner/work/di-billing-transaction-monitoring/di-billing-transaction-monitoring/node_modules/@aws-sdk/middleware-logger/dist-cjs/loggerMiddleware.js:7:26
    at async invokeLambda (file:///home/runner/work/di-billing-transaction-monitoring/di-billing-transaction-monitoring/src/handlers/int-test-support/helpers/lambdaHelper.ts:60:22)
    at async sendLambdaCommand (file:///home/runner/work/di-billing-transaction-monitoring/di-billing-transaction-monitoring/src/handlers/int-test-support/helpers/lambdaHelper.ts:19:18)
    at async getS3ObjectBasic (file:///home/runner/work/di-billing-transaction-monitoring/di-billing-transaction-monitoring/src/handlers/int-test-support/helpers/s3Helper.ts:97:12)
]]></system-err>
    </testcase>
    <testcase classname="chrome.117_0_5938_92.linux.InvoicesList_Page" name="should return the correct unique invoice count for Vendor Six" time="0.066">
      <failure/>
      <error message="User: arn:aws:sts::582874090139:assumed-role/di-btm-dev-github-actions-test-role/GitHubActions is not authorized to perform: lambda:InvokeFunction on resource: arn:aws:lambda:eu-west-2:582874090139:function:di-btm-pr-499-int-test-support-function because no identity-based policy allows the lambda:InvokeFunction action"/>
      <system-out><![CDATA[
COMMAND: DELETE /session/f7e669400a1fe8f956965fcdbcc8fec3 - {}
RESULT: {}
]]></system-out>
      <system-err><![CDATA[
AccessDeniedException: User: arn:aws:sts::582874090139:assumed-role/di-btm-dev-github-actions-test-role/GitHubActions is not authorized to perform: lambda:InvokeFunction on resource: arn:aws:lambda:eu-west-2:582874090139:function:di-btm-pr-499-int-test-support-function because no identity-based policy allows the lambda:InvokeFunction action
    at throwDefaultError (/home/runner/work/di-billing-transaction-monitoring/di-billing-transaction-monitoring/node_modules/@smithy/smithy-client/dist-cjs/default-error-handler.js:8:22)
    at /home/runner/work/di-billing-transaction-monitoring/di-billing-transaction-monitoring/node_modules/@smithy/smithy-client/dist-cjs/default-error-handler.js:18:39
    at de_InvokeCommandError (/home/runner/work/di-billing-transaction-monitoring/di-billing-transaction-monitoring/node_modules/@aws-sdk/client-lambda/dist-cjs/protocols/Aws_restJson1.js:3346:20)
    at processTicksAndRejections (node:internal/process/task_queues:96:5)
    at async /home/runner/work/di-billing-transaction-monitoring/di-billing-transaction-monitoring/node_modules/@smithy/middleware-serde/dist-cjs/deserializerMiddleware.js:7:24
    at async /home/runner/work/di-billing-transaction-monitoring/di-billing-transaction-monitoring/node_modules/@aws-sdk/middleware-signing/dist-cjs/awsAuthMiddleware.js:14:20
    at async /home/runner/work/di-billing-transaction-monitoring/di-billing-transaction-monitoring/node_modules/@smithy/middleware-retry/dist-cjs/retryMiddleware.js:27:46
    at async /home/runner/work/di-billing-transaction-monitoring/di-billing-transaction-monitoring/node_modules/@aws-sdk/middleware-logger/dist-cjs/loggerMiddleware.js:7:26
    at async invokeLambda (file:///home/runner/work/di-billing-transaction-monitoring/di-billing-transaction-monitoring/src/handlers/int-test-support/helpers/lambdaHelper.ts:60:22)
    at async sendLambdaCommand (file:///home/runner/work/di-billing-transaction-monitoring/di-billing-transaction-monitoring/src/handlers/int-test-support/helpers/lambdaHelper.ts:19:18)
    at async getS3ObjectBasic (file:///home/runner/work/di-billing-transaction-monitoring/di-billing-transaction-monitoring/src/handlers/int-test-support/helpers/s3Helper.ts:97:12)
]]></system-err>
    </testcase>
  </testsuite>
</testsuites>da/dist-cjs/protocols/Aws_restJson1.js:3346:20)
    at processTicksAndRejections (node:internal/process/task_queues:96:5)
    at async /home/runner/work/di-billing-transaction-monitoring/di-billing-transaction-monitoring/node_modules/@smithy/middleware-serde/dist-cjs/deserializerMiddleware.js:7:24
    at async /home/runner/work/di-billing-transaction-monitoring/di-billing-transaction-monitoring/node_modules/@aws-sdk/middleware-signing/dist-cjs/awsAuthMiddleware.js:14:20
    at async /home/runner/work/di-billing-transaction-monitoring/di-billing-transaction-monitoring/node_modules/@smithy/middleware-retry/dist-cjs/retryMiddleware.js:27:46
    at async /home/runner/work/di-billing-transaction-monitoring/di-billing-transaction-monitoring/node_modules/@aws-sdk/middleware-logger/dist-cjs/loggerMiddleware.js:7:26
    at async invokeLambda (file:///home/runner/work/di-billing-transaction-monitoring/di-billing-transaction-monitoring/src/handlers/int-test-support/helpers/lambdaHelper.ts:60:22)
    at async sendLambdaCommand (file:///home/runner/work/di-billing-transaction-monitoring/di-billing-transaction-monitoring/src/handlers/int-test-support/helpers/lambdaHelper.ts:19:18)
    at async getS3ObjectBasic (file:///home/runner/work/di-billing-transaction-monitoring/di-billing-transaction-monitoring/src/handlers/int-test-support/helpers/s3Helper.ts:97:12)
]]></system-err>
    </testcase>
  </testsuite>
  <testsuite name="Vendor Vendor One Invoice 2023 01" timestamp="2023-09-29T18:52:11" time="0" tests="2" failures="1" errors="1" skipped="1">
    <properties>
      <property name="specId" value="0"/>
      <property name="suiteName" value="Vendor: Vendor One,Invoice:2023-01"/>
      <property name="capabilities" value="chrome.117_0_5938_92.linux"/>
      <property name="file" value="file://./ui-tests/specs/invoice.spec.ts"/>
    </properties>
    <testcase classname="chrome.117_0_5938_92.linux.Invoice_Page_Test.Vendor:_Vendor_One,Invoice:2023-01" name="should display correct status banner color and message" time="0">
      <skipped/>
    </testcase>
    <testcase classname="chrome.117_0_5938_92.linux.Invoice_Page_Test.Vendor:_Vendor_One,Invoice:2023-01" name="before each hook for Vendor Vendor One Invoice 2023 01" time="0">
      <failure/>
      <error message="User: arn:aws:sts::582874090139:assumed-role/di-btm-dev-github-actions-test-role/GitHubActions is not authorized to perform: lambda:InvokeFunction on resource: arn:aws:lambda:eu-west-2:582874090139:function:di-btm-pr-499-int-test-support-function because no identity-based policy allows the lambda:InvokeFunction action"/>
      <system-err><![CDATA[
AccessDeniedException: User: arn:aws:sts::582874090139:assumed-role/di-btm-dev-github-actions-test-role/GitHubActions is not authorized to perform: lambda:InvokeFunction on resource: arn:aws:lambda:eu-west-2:582874090139:function:di-btm-pr-499-int-test-support-function because no identity-based policy allows the lambda:InvokeFunction action
    at throwDefaultError (/home/runner/work/di-billing-transaction-monitoring/di-billing-transaction-monitoring/node_modules/@smithy/smithy-client/dist-cjs/default-error-handler.js:8:22)
    at /home/runner/work/di-billing-transaction-monitoring/di-billing-transaction-monitoring/node_modules/@smithy/smithy-client/dist-cjs/default-error-handler.js:18:39
    at de_InvokeCommandError (/home/runner/work/di-billing-transaction-monitoring/di-billing-transaction-monitoring/node_modules/@aws-sdk/client-lambda/dist-cjs/protocols/Aws_restJson1.js:3346:20)
    at processTicksAndRejections (node:internal/process/task_queues:96:5)
    at async /home/runner/work/di-billing-transaction-monitoring/di-billing-transaction-monitoring/node_modules/@smithy/middleware-serde/dist-cjs/deserializerMiddleware.js:7:24
    at async /home/runner/work/di-billing-transaction-monitoring/di-billing-transaction-monitoring/node_modules/@aws-sdk/middleware-signing/dist-cjs/awsAuthMiddleware.js:14:20
    at async /home/runner/work/di-billing-transaction-monitoring/di-billing-transaction-monitoring/node_modules/@smithy/middleware-retry/dist-cjs/retryMiddleware.js:27:46
    at async /home/runner/work/di-billing-transaction-monitoring/di-billing-transaction-monitoring/node_modules/@aws-sdk/middleware-logger/dist-cjs/loggerMiddleware.js:7:26
    at async invokeLambda (file:///home/runner/work/di-billing-transaction-monitoring/di-billing-transaction-monitoring/src/handlers/int-test-support/helpers/lambdaHelper.ts:60:22)
    at async sendLambdaCommand (file:///home/runner/work/di-billing-transaction-monitoring/di-billing-transaction-monitoring/src/handlers/int-test-support/helpers/lambdaHelper.ts:19:18)
    at async getS3ObjectBasic (file:///home/runner/work/di-billing-transaction-monitoring/di-billing-transaction-monitoring/src/handlers/int-test-support/helpers/s3Helper.ts:97:12)
]]></system-err>
    </testcase>
  </testsuite>
  <testsuite name="Vendor Vendor One Invoice 2023 02" timestamp="2023-09-29T18:52:11" time="0.003" tests="2" failures="1" errors="1" skipped="1">
    <properties>
      <property name="specId" value="0"/>
      <property name="suiteName" value="Vendor: Vendor One,Invoice:2023-02"/>
      <property name="capabilities" value="chrome.117_0_5938_92.linux"/>
      <property name="file" value="file://./ui-tests/specs/invoice.spec.ts"/>
    </properties>
    <testcase classname="chrome.117_0_5938_92.linux.Invoice_Page_Test.Vendor:_Vendor_One,Invoice:2023-02" name="should display correct status banner color and message" time="0">
      <skipped/>
    </testcase>
    <testcase classname="chrome.117_0_5938_92.linux.Invoice_Page_Test.Vendor:_Vendor_One,Invoice:2023-02" name="before each hook for Vendor Vendor One Invoice 2023 02" time="0">
      <failure/>
      <error message="User: arn:aws:sts::582874090139:assumed-role/di-btm-dev-github-actions-test-role/GitHubActions is not authorized to perform: lambda:InvokeFunction on resource: arn:aws:lambda:eu-west-2:582874090139:function:di-btm-pr-499-int-test-support-function because no identity-based policy allows the lambda:InvokeFunction action"/>
      <system-err><![CDATA[
AccessDeniedException: User: arn:aws:sts::582874090139:assumed-role/di-btm-dev-github-actions-test-role/GitHubActions is not authorized to perform: lambda:InvokeFunction on resource: arn:aws:lambda:eu-west-2:582874090139:function:di-btm-pr-499-int-test-support-function because no identity-based policy allows the lambda:InvokeFunction action
    at throwDefaultError (/home/runner/work/di-billing-transaction-monitoring/di-billing-transaction-monitoring/node_modules/@smithy/smithy-client/dist-cjs/default-error-handler.js:8:22)
    at /home/runner/work/di-billing-transaction-monitoring/di-billing-transaction-monitoring/node_modules/@smithy/smithy-client/dist-cjs/default-error-handler.js:18:39
    at de_InvokeCommandError (/home/runner/work/di-billing-transaction-monitoring/di-billing-transaction-monitoring/node_modules/@aws-sdk/client-lambda/dist-cjs/protocols/Aws_restJson1.js:3346:20)
    at processTicksAndRejections (node:internal/process/task_queues:96:5)
    at async /home/runner/work/di-billing-transaction-monitoring/di-billing-transaction-monitoring/node_modules/@smithy/middleware-serde/dist-cjs/deserializerMiddleware.js:7:24
    at async /home/runner/work/di-billing-transaction-monitoring/di-billing-transaction-monitoring/node_modules/@aws-sdk/middleware-signing/dist-cjs/awsAuthMiddleware.js:14:20
    at async /home/runner/work/di-billing-transaction-monitoring/di-billing-transaction-monitoring/node_modules/@smithy/middleware-retry/dist-cjs/retryMiddleware.js:27:46
    at async /home/runner/work/di-billing-transaction-monitoring/di-billing-transaction-monitoring/node_modules/@aws-sdk/middleware-logger/dist-cjs/loggerMiddleware.js:7:26
    at async invokeLambda (file:///home/runner/work/di-billing-transaction-monitoring/di-billing-transaction-monitoring/src/handlers/int-test-support/helpers/lambdaHelper.ts:60:22)
    at async sendLambdaCommand (file:///home/runner/work/di-billing-transaction-monitoring/di-billing-transaction-monitoring/src/handlers/int-test-support/helpers/lambdaHelper.ts:19:18)
    at async getS3ObjectBasic (file:///home/runner/work/di-billing-transaction-monitoring/di-billing-transaction-monitoring/src/handlers/int-test-support/helpers/s3Helper.ts:97:12)
]]></system-err>
    </testcase>
  </testsuite>
  <testsuite name="Vendor Vendor One Invoice 2023 03" timestamp="2023-09-29T18:52:11" time="0" tests="2" failures="1" errors="1" skipped="1">
    <properties>
      <property name="specId" value="0"/>
      <property name="suiteName" value="Vendor: Vendor One,Invoice:2023-03"/>
      <property name="capabilities" value="chrome.117_0_5938_92.linux"/>
      <property name="file" value="file://./ui-tests/specs/invoice.spec.ts"/>
    </properties>
    <testcase classname="chrome.117_0_5938_92.linux.Invoice_Page_Test.Vendor:_Vendor_One,Invoice:2023-03" name="should display correct status banner color and message" time="0">
      <skipped/>
    </testcase>
    <testcase classname="chrome.117_0_5938_92.linux.Invoice_Page_Test.Vendor:_Vendor_One,Invoice:2023-03" name="before each hook for Vendor Vendor One Invoice 2023 03" time="0">
      <failure/>
      <error message="User: arn:aws:sts::582874090139:assumed-role/di-btm-dev-github-actions-test-role/GitHubActions is not authorized to perform: lambda:InvokeFunction on resource: arn:aws:lambda:eu-west-2:582874090139:function:di-btm-pr-499-int-test-support-function because no identity-based policy allows the lambda:InvokeFunction action"/>
      <system-err><![CDATA[
AccessDeniedException: User: arn:aws:sts::582874090139:assumed-role/di-btm-dev-github-actions-test-role/GitHubActions is not authorized to perform: lambda:InvokeFunction on resource: arn:aws:lambda:eu-west-2:582874090139:function:di-btm-pr-499-int-test-support-function because no identity-based policy allows the lambda:InvokeFunction action
    at throwDefaultError (/home/runner/work/di-billing-transaction-monitoring/di-billing-transaction-monitoring/node_modules/@smithy/smithy-client/dist-cjs/default-error-handler.js:8:22)
    at /home/runner/work/di-billing-transaction-monitoring/di-billing-transaction-monitoring/node_modules/@smithy/smithy-client/dist-cjs/default-error-handler.js:18:39
    at de_InvokeCommandError (/home/runner/work/di-billing-transaction-monitoring/di-billing-transaction-monitoring/node_modules/@aws-sdk/client-lambda/dist-cjs/protocols/Aws_restJson1.js:3346:20)
    at processTicksAndRejections (node:internal/process/task_queues:96:5)
    at async /home/runner/work/di-billing-transaction-monitoring/di-billing-transaction-monitoring/node_modules/@smithy/middleware-serde/dist-cjs/deserializerMiddleware.js:7:24
    at async /home/runner/work/di-billing-transaction-monitoring/di-billing-transaction-monitoring/node_modules/@aws-sdk/middleware-signing/dist-cjs/awsAuthMiddleware.js:14:20
    at async /home/runner/work/di-billing-transaction-monitoring/di-billing-transaction-monitoring/node_modules/@smithy/middleware-retry/dist-cjs/retryMiddleware.js:27:46
    at async /home/runner/work/di-billing-transaction-monitoring/di-billing-transaction-monitoring/node_modules/@aws-sdk/middleware-logger/dist-cjs/loggerMiddleware.js:7:26
    at async invokeLambda (file:///home/runner/work/di-billing-transaction-monitoring/di-billing-transaction-monitoring/src/handlers/int-test-support/helpers/lambdaHelper.ts:60:22)
    at async sendLambdaCommand (file:///home/runner/work/di-billing-transaction-monitoring/di-billing-transaction-monitoring/src/handlers/int-test-support/helpers/lambdaHelper.ts:19:18)
    at async getS3ObjectBasic (file:///home/runner/work/di-billing-transaction-monitoring/di-billing-transaction-monitoring/src/handlers/int-test-support/helpers/s3Helper.ts:97:12)
]]></system-err>
    </testcase>
  </testsuite>
  <testsuite name="Vendor Vendor One Invoice 2023 04" timestamp="2023-09-29T18:52:11" time="0.006" tests="2" failures="1" errors="1" skipped="1">
    <properties>
      <property name="specId" value="0"/>
      <property name="suiteName" value="Vendor: Vendor One,Invoice:2023-04"/>
      <property name="capabilities" value="chrome.117_0_5938_92.linux"/>
      <property name="file" value="file://./ui-tests/specs/invoice.spec.ts"/>
    </properties>
    <testcase classname="chrome.117_0_5938_92.linux.Invoice_Page_Test.Vendor:_Vendor_One,Invoice:2023-04" name="should display correct status banner color and message" time="0">
      <skipped/>
    </testcase>
    <testcase classname="chrome.117_0_5938_92.linux.Invoice_Page_Test.Vendor:_Vendor_One,Invoice:2023-04" name="before each hook for Vendor Vendor One Invoice 2023 04" time="0">
      <failure/>
      <error message="User: arn:aws:sts::582874090139:assumed-role/di-btm-dev-github-actions-test-role/GitHubActions is not authorized to perform: lambda:InvokeFunction on resource: arn:aws:lambda:eu-west-2:582874090139:function:di-btm-pr-499-int-test-support-function because no identity-based policy allows the lambda:InvokeFunction action"/>
      <system-err><![CDATA[
AccessDeniedException: User: arn:aws:sts::582874090139:assumed-role/di-btm-dev-github-actions-test-role/GitHubActions is not authorized to perform: lambda:InvokeFunction on resource: arn:aws:lambda:eu-west-2:582874090139:function:di-btm-pr-499-int-test-support-function because no identity-based policy allows the lambda:InvokeFunction action
    at throwDefaultError (/home/runner/work/di-billing-transaction-monitoring/di-billing-transaction-monitoring/node_modules/@smithy/smithy-client/dist-cjs/default-error-handler.js:8:22)
    at /home/runner/work/di-billing-transaction-monitoring/di-billing-transaction-monitoring/node_modules/@smithy/smithy-client/dist-cjs/default-error-handler.js:18:39
    at de_InvokeCommandError (/home/runner/work/di-billing-transaction-monitoring/di-billing-transaction-monitoring/node_modules/@aws-sdk/client-lambda/dist-cjs/protocols/Aws_restJson1.js:3346:20)
    at processTicksAndRejections (node:internal/process/task_queues:96:5)
    at async /home/runner/work/di-billing-transaction-monitoring/di-billing-transaction-monitoring/node_modules/@smithy/middleware-serde/dist-cjs/deserializerMiddleware.js:7:24
    at async /home/runner/work/di-billing-transaction-monitoring/di-billing-transaction-monitoring/node_modules/@aws-sdk/middleware-signing/dist-cjs/awsAuthMiddleware.js:14:20
    at async /home/runner/work/di-billing-transaction-monitoring/di-billing-transaction-monitoring/node_modules/@smithy/middleware-retry/dist-cjs/retryMiddleware.js:27:46
    at async /home/runner/work/di-billing-transaction-monitoring/di-billing-transaction-monitoring/node_modules/@aws-sdk/middleware-logger/dist-cjs/loggerMiddleware.js:7:26
    at async invokeLambda (file:///home/runner/work/di-billing-transaction-monitoring/di-billing-transaction-monitoring/src/handlers/int-test-support/helpers/lambdaHelper.ts:60:22)
    at async sendLambdaCommand (file:///home/runner/work/di-billing-transaction-monitoring/di-billing-transaction-monitoring/src/handlers/int-test-support/helpers/lambdaHelper.ts:19:18)
    at async getS3ObjectBasic (file:///home/runner/work/di-billing-transaction-monitoring/di-billing-transaction-monitoring/src/handlers/int-test-support/helpers/s3Helper.ts:97:12)
]]></system-err>
    </testcase>
  </testsuite>
  <testsuite name="Vendor Vendor One Invoice 2023 05" timestamp="2023-09-29T18:52:11" time="0" tests="2" failures="1" errors="1" skipped="1">
    <properties>
      <property name="specId" value="0"/>
      <property name="suiteName" value="Vendor: Vendor One,Invoice:2023-05"/>
      <property name="capabilities" value="chrome.117_0_5938_92.linux"/>
      <property name="file" value="file://./ui-tests/specs/invoice.spec.ts"/>
    </properties>
    <testcase classname="chrome.117_0_5938_92.linux.Invoice_Page_Test.Vendor:_Vendor_One,Invoice:2023-05" name="should display correct status banner color and message" time="0">
      <skipped/>
    </testcase>
    <testcase classname="chrome.117_0_5938_92.linux.Invoice_Page_Test.Vendor:_Vendor_One,Invoice:2023-05" name="before each hook for Vendor Vendor One Invoice 2023 05" time="0">
      <failure/>
      <error message="User: arn:aws:sts::582874090139:assumed-role/di-btm-dev-github-actions-test-role/GitHubActions is not authorized to perform: lambda:InvokeFunction on resource: arn:aws:lambda:eu-west-2:582874090139:function:di-btm-pr-499-int-test-support-function because no identity-based policy allows the lambda:InvokeFunction action"/>
      <system-err><![CDATA[
AccessDeniedException: User: arn:aws:sts::582874090139:assumed-role/di-btm-dev-github-actions-test-role/GitHubActions is not authorized to perform: lambda:InvokeFunction on resource: arn:aws:lambda:eu-west-2:582874090139:function:di-btm-pr-499-int-test-support-function because no identity-based policy allows the lambda:InvokeFunction action
    at throwDefaultError (/home/runner/work/di-billing-transaction-monitoring/di-billing-transaction-monitoring/node_modules/@smithy/smithy-client/dist-cjs/default-error-handler.js:8:22)
    at /home/runner/work/di-billing-transaction-monitoring/di-billing-transaction-monitoring/node_modules/@smithy/smithy-client/dist-cjs/default-error-handler.js:18:39
    at de_InvokeCommandError (/home/runner/work/di-billing-transaction-monitoring/di-billing-transaction-monitoring/node_modules/@aws-sdk/client-lambda/dist-cjs/protocols/Aws_restJson1.js:3346:20)
    at processTicksAndRejections (node:internal/process/task_queues:96:5)
    at async /home/runner/work/di-billing-transaction-monitoring/di-billing-transaction-monitoring/node_modules/@smithy/middleware-serde/dist-cjs/deserializerMiddleware.js:7:24
    at async /home/runner/work/di-billing-transaction-monitoring/di-billing-transaction-monitoring/node_modules/@aws-sdk/middleware-signing/dist-cjs/awsAuthMiddleware.js:14:20
    at async /home/runner/work/di-billing-transaction-monitoring/di-billing-transaction-monitoring/node_modules/@smithy/middleware-retry/dist-cjs/retryMiddleware.js:27:46
    at async /home/runner/work/di-billing-transaction-monitoring/di-billing-transaction-monitoring/node_modules/@aws-sdk/middleware-logger/dist-cjs/loggerMiddleware.js:7:26
    at async invokeLambda (file:///home/runner/work/di-billing-transaction-monitoring/di-billing-transaction-monitoring/src/handlers/int-test-support/helpers/lambdaHelper.ts:60:22)
    at async sendLambdaCommand (file:///home/runner/work/di-billing-transaction-monitoring/di-billing-transaction-monitoring/src/handlers/int-test-support/helpers/lambdaHelper.ts:19:18)
    at async getS3ObjectBasic (file:///home/runner/work/di-billing-transaction-monitoring/di-billing-transaction-monitoring/src/handlers/int-test-support/helpers/s3Helper.ts:97:12)
]]></system-err>
    </testcase>
  </testsuite>
  <testsuite name="Vendor Vendor One Invoice 2023 06" timestamp="2023-09-29T18:52:11" time="0.001" tests="2" failures="1" errors="1" skipped="1">
    <properties>
      <property name="specId" value="0"/>
      <property name="suiteName" value="Vendor: Vendor One,Invoice:2023-06"/>
      <property name="capabilities" value="chrome.117_0_5938_92.linux"/>
      <property name="file" value="file://./ui-tests/specs/invoice.spec.ts"/>
    </properties>
    <testcase classname="chrome.117_0_5938_92.linux.Invoice_Page_Test.Vendor:_Vendor_One,Invoice:2023-06" name="should display correct status banner color and message" time="0">
      <skipped/>
    </testcase>
    <testcase classname="chrome.117_0_5938_92.linux.Invoice_Page_Test.Vendor:_Vendor_One,Invoice:2023-06" name="before each hook for Vendor Vendor One Invoice 2023 06" time="0.001">
      <failure/>
      <error message="User: arn:aws:sts::582874090139:assumed-role/di-btm-dev-github-actions-test-role/GitHubActions is not authorized to perform: lambda:InvokeFunction on resource: arn:aws:lambda:eu-west-2:582874090139:function:di-btm-pr-499-int-test-support-function because no identity-based policy allows the lambda:InvokeFunction action"/>
      <system-err><![CDATA[
AccessDeniedException: User: arn:aws:sts::582874090139:assumed-role/di-btm-dev-github-actions-test-role/GitHubActions is not authorized to perform: lambda:InvokeFunction on resource: arn:aws:lambda:eu-west-2:582874090139:function:di-btm-pr-499-int-test-support-function because no identity-based policy allows the lambda:InvokeFunction action
    at throwDefaultError (/home/runner/work/di-billing-transaction-monitoring/di-billing-transaction-monitoring/node_modules/@smithy/smithy-client/dist-cjs/default-error-handler.js:8:22)
    at /home/runner/work/di-billing-transaction-monitoring/di-billing-transaction-monitoring/node_modules/@smithy/smithy-client/dist-cjs/default-error-handler.js:18:39
    at de_InvokeCommandError (/home/runner/work/di-billing-transaction-monitoring/di-billing-transaction-monitoring/node_modules/@aws-sdk/client-lambda/dist-cjs/protocols/Aws_restJson1.js:3346:20)
    at processTicksAndRejections (node:internal/process/task_queues:96:5)
    at async /home/runner/work/di-billing-transaction-monitoring/di-billing-transaction-monitoring/node_modules/@smithy/middleware-serde/dist-cjs/deserializerMiddleware.js:7:24
    at async /home/runner/work/di-billing-transaction-monitoring/di-billing-transaction-monitoring/node_modules/@aws-sdk/middleware-signing/dist-cjs/awsAuthMiddleware.js:14:20
    at async /home/runner/work/di-billing-transaction-monitoring/di-billing-transaction-monitoring/node_modules/@smithy/middleware-retry/dist-cjs/retryMiddleware.js:27:46
    at async /home/runner/work/di-billing-transaction-monitoring/di-billing-transaction-monitoring/node_modules/@aws-sdk/middleware-logger/dist-cjs/loggerMiddleware.js:7:26
    at async invokeLambda (file:///home/runner/work/di-billing-transaction-monitoring/di-billing-transaction-monitoring/src/handlers/int-test-support/helpers/lambdaHelper.ts:60:22)
    at async sendLambdaCommand (file:///home/runner/work/di-billing-transaction-monitoring/di-billing-transaction-monitoring/src/handlers/int-test-support/helpers/lambdaHelper.ts:19:18)
    at async getS3ObjectBasic (file:///home/runner/work/di-billing-transaction-monitoring/di-billing-transaction-monitoring/src/handlers/int-test-support/helpers/s3Helper.ts:97:12)
]]></system-err>
    </testcase>
  </testsuite>
  <testsuite name="Vendor Vendor One Invoice 2023 07" timestamp="2023-09-29T18:52:11" time="0" tests="2" failures="1" errors="1" skipped="1">
    <properties>
      <property name="specId" value="0"/>
      <property name="suiteName" value="Vendor: Vendor One,Invoice:2023-07"/>
      <property name="capabilities" value="chrome.117_0_5938_92.linux"/>
      <property name="file" value="file://./ui-tests/specs/invoice.spec.ts"/>
    </properties>
    <testcase classname="chrome.117_0_5938_92.linux.Invoice_Page_Test.Vendor:_Vendor_One,Invoice:2023-07" name="should display correct status banner color and message" time="0">
      <skipped/>
    </testcase>
    <testcase classname="chrome.117_0_5938_92.linux.Invoice_Page_Test.Vendor:_Vendor_One,Invoice:2023-07" name="before each hook for Vendor Vendor One Invoice 2023 07" time="0">
      <failure/>
      <error message="User: arn:aws:sts::582874090139:assumed-role/di-btm-dev-github-actions-test-role/GitHubActions is not authorized to perform: lambda:InvokeFunction on resource: arn:aws:lambda:eu-west-2:582874090139:function:di-btm-pr-499-int-test-support-function because no identity-based policy allows the lambda:InvokeFunction action"/>
      <system-err><![CDATA[
AccessDeniedException: User: arn:aws:sts::582874090139:assumed-role/di-btm-dev-github-actions-test-role/GitHubActions is not authorized to perform: lambda:InvokeFunction on resource: arn:aws:lambda:eu-west-2:582874090139:function:di-btm-pr-499-int-test-support-function because no identity-based policy allows the lambda:InvokeFunction action
    at throwDefaultError (/home/runner/work/di-billing-transaction-monitoring/di-billing-transaction-monitoring/node_modules/@smithy/smithy-client/dist-cjs/default-error-handler.js:8:22)
    at /home/runner/work/di-billing-transaction-monitoring/di-billing-transaction-monitoring/node_modules/@smithy/smithy-client/dist-cjs/default-error-handler.js:18:39
    at de_InvokeCommandError (/home/runner/work/di-billing-transaction-monitoring/di-billing-transaction-monitoring/node_modules/@aws-sdk/client-lambda/dist-cjs/protocols/Aws_restJson1.js:3346:20)
    at processTicksAndRejections (node:internal/process/task_queues:96:5)
    at async /home/runner/work/di-billing-transaction-monitoring/di-billing-transaction-monitoring/node_modules/@smithy/middleware-serde/dist-cjs/deserializerMiddleware.js:7:24
    at async /home/runner/work/di-billing-transaction-monitoring/di-billing-transaction-monitoring/node_modules/@aws-sdk/middleware-signing/dist-cjs/awsAuthMiddleware.js:14:20
    at async /home/runner/work/di-billing-transaction-monitoring/di-billing-transaction-monitoring/node_modules/@smithy/middleware-retry/dist-cjs/retryMiddleware.js:27:46
    at async /home/runner/work/di-billing-transaction-monitoring/di-billing-transaction-monitoring/node_modules/@aws-sdk/middleware-logger/dist-cjs/loggerMiddleware.js:7:26
    at async invokeLambda (file:///home/runner/work/di-billing-transaction-monitoring/di-billing-transaction-monitoring/src/handlers/int-test-support/helpers/lambdaHelper.ts:60:22)
    at async sendLambdaCommand (file:///home/runner/work/di-billing-transaction-monitoring/di-billing-transaction-monitoring/src/handlers/int-test-support/helpers/lambdaHelper.ts:19:18)
    at async getS3ObjectBasic (file:///home/runner/work/di-billing-transaction-monitoring/di-billing-transaction-monitoring/src/handlers/int-test-support/helpers/s3Helper.ts:97:12)
]]></system-err>
    </testcase>
  </testsuite>
  <testsuite name="Vendor Vendor One Invoice 2004 12" timestamp="2023-09-29T18:52:11" time="0.001" tests="2" failures="1" errors="1" skipped="1">
    <properties>
      <property name="specId" value="0"/>
      <property name="suiteName" value="Vendor: Vendor One,Invoice:2004-12"/>
      <property name="capabilities" value="chrome.117_0_5938_92.linux"/>
      <property name="file" value="file://./ui-tests/specs/invoice.spec.ts"/>
    </properties>
    <testcase classname="chrome.117_0_5938_92.linux.Invoice_Page_Test.Vendor:_Vendor_One,Invoice:2004-12" name="should display correct status banner color and message" time="0">
      <skipped/>
    </testcase>
    <testcase classname="chrome.117_0_5938_92.linux.Invoice_Page_Test.Vendor:_Vendor_One,Invoice:2004-12" name="before each hook for Vendor Vendor One Invoice 2004 12" time="0.001">
      <failure/>
      <error message="User: arn:aws:sts::582874090139:assumed-role/di-btm-dev-github-actions-test-role/GitHubActions is not authorized to perform: lambda:InvokeFunction on resource: arn:aws:lambda:eu-west-2:582874090139:function:di-btm-pr-499-int-test-support-function because no identity-based policy allows the lambda:InvokeFunction action"/>
      <system-err><![CDATA[
AccessDeniedException: User: arn:aws:sts::582874090139:assumed-role/di-btm-dev-github-actions-test-role/GitHubActions is not authorized to perform: lambda:InvokeFunction on resource: arn:aws:lambda:eu-west-2:582874090139:function:di-btm-pr-499-int-test-support-function because no identity-based policy allows the lambda:InvokeFunction action
    at throwDefaultError (/home/runner/work/di-billing-transaction-monitoring/di-billing-transaction-monitoring/node_modules/@smithy/smithy-client/dist-cjs/default-error-handler.js:8:22)
    at /home/runner/work/di-billing-transaction-monitoring/di-billing-transaction-monitoring/node_modules/@smithy/smithy-client/dist-cjs/default-error-handler.js:18:39
    at de_InvokeCommandError (/home/runner/work/di-billing-transaction-monitoring/di-billing-transaction-monitoring/node_modules/@aws-sdk/client-lambda/dist-cjs/protocols/Aws_restJson1.js:3346:20)
    at processTicksAndRejections (node:internal/process/task_queues:96:5)
    at async /home/runner/work/di-billing-transaction-monitoring/di-billing-transaction-monitoring/node_modules/@smithy/middleware-serde/dist-cjs/deserializerMiddleware.js:7:24
    at async /home/runner/work/di-billing-transaction-monitoring/di-billing-transaction-monitoring/node_modules/@aws-sdk/middleware-signing/dist-cjs/awsAuthMiddleware.js:14:20
    at async /home/runner/work/di-billing-transaction-monitoring/di-billing-transaction-monitoring/node_modules/@smithy/middleware-retry/dist-cjs/retryMiddleware.js:27:46
    at async /home/runner/work/di-billing-transaction-monitoring/di-billing-transaction-monitoring/node_modules/@aws-sdk/middleware-logger/dist-cjs/loggerMiddleware.js:7:26
    at async invokeLambda (file:///home/runner/work/di-billing-transaction-monitoring/di-billing-transaction-monitoring/src/handlers/int-test-support/helpers/lambdaHelper.ts:60:22)
    at async sendLambdaCommand (file:///home/runner/work/di-billing-transaction-monitoring/di-billing-transaction-monitoring/src/handlers/int-test-support/helpers/lambdaHelper.ts:19:18)
    at async getS3ObjectBasic (file:///home/runner/work/di-billing-transaction-monitoring/di-billing-transaction-monitoring/src/handlers/int-test-support/helpers/s3Helper.ts:97:12)
]]></system-err>
    </testcase>
  </testsuite>
  <testsuite name="Vendor Vendor Six Invoice 2005 Q2" timestamp="2023-09-29T18:52:11" time="0" tests="2" failures="1" errors="1" skipped="1">
    <properties>
      <property name="specId" value="0"/>
      <property name="suiteName" value="Vendor: Vendor Six,Invoice:2005-Q2"/>
      <property name="capabilities" value="chrome.117_0_5938_92.linux"/>
      <property name="file" value="file://./ui-tests/specs/invoice.spec.ts"/>
    </properties>
    <testcase classname="chrome.117_0_5938_92.linux.Invoice_Page_Test.Vendor:_Vendor_Six,Invoice:2005-Q2" name="should display correct status banner color and message" time="0">
      <skipped/>
      <system-out><![CDATA[
COMMAND: DELETE /session/6ded19d569fbeb8a8710efdbdfbf4a40 - {}
RESULT: {}
]]></system-out>
    </testcase>
    <testcase classname="chrome.117_0_5938_92.linux.Invoice_Page_Test.Vendor:_Vendor_Six,Invoice:2005-Q2" name="before each hook for Vendor Vendor Six Invoice 2005 Q2" time="0">
      <failure/>
      <error message="User: arn:aws:sts::582874090139:assumed-role/di-btm-dev-github-actions-test-role/GitHubActions is not authorized to perform: lambda:InvokeFunction on resource: arn:aws:lambda:eu-west-2:582874090139:function:di-btm-pr-499-int-test-support-function because no identity-based policy allows the lambda:InvokeFunction action"/>
      <system-err><![CDATA[
AccessDeniedException: User: arn:aws:sts::582874090139:assumed-role/di-btm-dev-github-actions-test-role/GitHubActions is not authorized to perform: lambda:InvokeFunction on resource: arn:aws:lambda:eu-west-2:582874090139:function:di-btm-pr-499-int-test-support-function because no identity-based policy allows the lambda:InvokeFunction action
    at throwDefaultError (/home/runner/work/di-billing-transaction-monitoring/di-billing-transaction-monitoring/node_modules/@smithy/smithy-client/dist-cjs/default-error-handler.js:8:22)
    at /home/runner/work/di-billing-transaction-monitoring/di-billing-transaction-monitoring/node_modules/@smithy/smithy-client/dist-cjs/default-error-handler.js:18:39
    at de_InvokeCommandError (/home/runner/work/di-billing-transaction-monitoring/di-billing-transaction-monitoring/node_modules/@aws-sdk/client-lambda/dist-cjs/protocols/Aws_restJson1.js:3346:20)
    at processTicksAndRejections (node:internal/process/task_queues:96:5)
    at async /home/runner/work/di-billing-transaction-monitoring/di-billing-transaction-monitoring/node_modules/@smithy/middleware-serde/dist-cjs/deserializerMiddleware.js:7:24
    at async /home/runner/work/di-billing-transaction-monitoring/di-billing-transaction-monitoring/node_modules/@aws-sdk/middleware-signing/dist-cjs/awsAuthMiddleware.js:14:20
    at async /home/runner/work/di-billing-transaction-monitoring/di-billing-transaction-monitoring/node_modules/@smithy/middleware-retry/dist-cjs/retryMiddleware.js:27:46
    at async /home/runner/work/di-billing-transaction-monitoring/di-billing-transaction-monitoring/node_modules/@aws-sdk/middleware-logger/dist-cjs/loggerMiddleware.js:7:26
    at async invokeLambda (file:///home/runner/work/di-billing-transaction-monitoring/di-billing-transaction-monitoring/src/handlers/int-test-support/helpers/lambdaHelper.ts:60:22)
    at async sendLambdaCommand (file:///home/runner/work/di-billing-transaction-monitoring/di-billing-transaction-monitoring/src/handlers/int-test-support/helpers/lambdaHelper.ts:19:18)
    at async getS3ObjectBasic (file:///home/runner/work/di-billing-transaction-monitoring/di-billing-transaction-monitoring/src/handlers/int-test-support/helpers/s3Helper.ts:97:12)
]]></system-err>
    </testcase>
  </testsuite>
</testsuites>