<?xml version="1.0" encoding="UTF-8"?>
<testsuites>
  <testsuite name="Invoice Page Test" timestamp="2023-10-11T20:56:38" time="90.151" tests="0" failures="0" errors="0" skipped="0">
    <properties>
      <property name="specId" value="0"/>
      <property name="suiteName" value="Invoice Page Test"/>
      <property name="capabilities" value="chrome.117_0_5938_132.linux"/>
      <property name="file" value="file://./ui-tests/specs/invoice.spec.ts"/>
    </properties>
  </testsuite>
  <testsuite name="Vendor Vendor Three Invoice 2005 09" timestamp="2023-10-11T20:56:38" time="15.925" tests="6" failures="0" errors="0" skipped="0">
    <properties>
      <property name="specId" value="0"/>
      <property name="suiteName" value="Vendor: Vendor Three,Invoice:2005-09"/>
      <property name="capabilities" value="chrome.117_0_5938_132.linux"/>
      <property name="file" value="file://./ui-tests/specs/invoice.spec.ts"/>
    </properties>
    <testcase classname="chrome.117_0_5938_132.linux.Invoice_Page_Test.Vendor:_Vendor_Three,Invoice:2005-09" name="should display correct status banner color and message" time="8.969">
      <system-out><![CDATA[
COMMAND: POST /session/fe9a4cb14092acd74c7d6b89c1000a10/url - {"url":"https://pr-509.btm.dev.account.gov.uk/contracts/3/invoices/2005-09"}
RESULT: {"url":"https://pr-509.btm.dev.account.gov.uk/contracts/3/invoices/2005-09"}
COMMAND: POST /session/fe9a4cb14092acd74c7d6b89c1000a10/execute/sync - {"script":"return (() => document.readyState === \"complete\").apply(null, arguments)","args":[]}
RESULT: {"script":"return (() => document.readyState === \"complete\").apply(null, arguments)","args":[]}
COMMAND: GET /session/fe9a4cb14092acd74c7d6b89c1000a10/url - {}
RESULT: {}
COMMAND: POST /session/fe9a4cb14092acd74c7d6b89c1000a10/element - {"using":"css selector","value":".govuk-heading-xl"}
RESULT: {"using":"css selector","value":".govuk-heading-xl"}
COMMAND: POST /session/fe9a4cb14092acd74c7d6b89c1000a10/execute/sync - {"script":"return (function isElementDisplayed(element) {\n    function nodeIsElement(node) {\n        if (!node) {\n            return false;\n        }\n        switch (node.nodeType) {\n            case Node.ELEMEN ... (7807 more bytes)","args":[{"element-6066-11e4-a52e-4f735466cecf":"D9DD65FC5A00B617BB972FFDA5C518F4_element_5","ELEMENT":"D9DD65FC5A00B617BB972FFDA5C518F4_element_5"}]}
RESULT: {"script":"return (function isElementDisplayed(element) {\n    function nodeIsElement(node) {\n        if (!node) {\n            return false;\n        }\n        switch (node.nodeType) {\n            case Node.ELEMEN ... (7807 more bytes)","args":[{"element-6066-11e4-a52e-4f735466cecf":"D9DD65FC5A00B617BB972FFDA5C518F4_element_5","ELEMENT":"D9DD65FC5A00B617BB972FFDA5C518F4_element_5"}]}
COMMAND: POST /session/fe9a4cb14092acd74c7d6b89c1000a10/element - {"using":"css selector","value":".govuk-heading-xl"}
RESULT: {"using":"css selector","value":".govuk-heading-xl"}
COMMAND: GET /session/fe9a4cb14092acd74c7d6b89c1000a10/element/D9DD65FC5A00B617BB972FFDA5C518F4_element_5/text - {}
RESULT: {}
COMMAND: POST /session/fe9a4cb14092acd74c7d6b89c1000a10/element - {"using":"css selector","value":"h2.govuk-panel__title"}
RESULT: {"using":"css selector","value":"h2.govuk-panel__title"}
COMMAND: POST /session/fe9a4cb14092acd74c7d6b89c1000a10/execute/sync - {"script":"return (function isElementDisplayed(element) {\n    function nodeIsElement(node) {\n        if (!node) {\n            return false;\n        }\n        switch (node.nodeType) {\n            case Node.ELEMEN ... (7807 more bytes)","args":[{"element-6066-11e4-a52e-4f735466cecf":"D9DD65FC5A00B617BB972FFDA5C518F4_element_6","ELEMENT":"D9DD65FC5A00B617BB972FFDA5C518F4_element_6"}]}
RESULT: {"script":"return (function isElementDisplayed(element) {\n    function nodeIsElement(node) {\n        if (!node) {\n            return false;\n        }\n        switch (node.nodeType) {\n            case Node.ELEMEN ... (7807 more bytes)","args":[{"element-6066-11e4-a52e-4f735466cecf":"D9DD65FC5A00B617BB972FFDA5C518F4_element_6","ELEMENT":"D9DD65FC5A00B617BB972FFDA5C518F4_element_6"}]}
COMMAND: POST /session/fe9a4cb14092acd74c7d6b89c1000a10/element - {"using":"css selector","value":"h2.govuk-panel__title"}
RESULT: {"using":"css selector","value":"h2.govuk-panel__title"}
COMMAND: GET /session/fe9a4cb14092acd74c7d6b89c1000a10/element/D9DD65FC5A00B617BB972FFDA5C518F4_element_6/text - {}
RESULT: {}
COMMAND: POST /session/fe9a4cb14092acd74c7d6b89c1000a10/element - {"using":"css selector","value":".govuk-panel"}
RESULT: {"using":"css selector","value":".govuk-panel"}
COMMAND: POST /session/fe9a4cb14092acd74c7d6b89c1000a10/execute/sync - {"script":"return (function isElementDisplayed(element) {\n    function nodeIsElement(node) {\n        if (!node) {\n            return false;\n        }\n        switch (node.nodeType) {\n            case Node.ELEMEN ... (7807 more bytes)","args":[{"element-6066-11e4-a52e-4f735466cecf":"D9DD65FC5A00B617BB972FFDA5C518F4_element_3","ELEMENT":"D9DD65FC5A00B617BB972FFDA5C518F4_element_3"}]}
RESULT: {"script":"return (function isElementDisplayed(element) {\n    function nodeIsElement(node) {\n        if (!node) {\n            return false;\n        }\n        switch (node.nodeType) {\n            case Node.ELEMEN ... (7807 more bytes)","args":[{"element-6066-11e4-a52e-4f735466cecf":"D9DD65FC5A00B617BB972FFDA5C518F4_element_3","ELEMENT":"D9DD65FC5A00B617BB972FFDA5C518F4_element_3"}]}
COMMAND: GET /session/fe9a4cb14092acd74c7d6b89c1000a10/element/D9DD65FC5A00B617BB972FFDA5C518F4_element_3/css/background-color - {}
RESULT: {}
]]></system-out>
    </testcase>
    <testcase classname="chrome.117_0_5938_132.linux.Invoice_Page_Test.Vendor:_Vendor_Three,Invoice:2005-09" name="should validate reconciliation table data" time="2.294">
      <system-out><![CDATA[
COMMAND: POST /session/fe9a4cb14092acd74c7d6b89c1000a10/url - {"url":"https://pr-509.btm.dev.account.gov.uk/contracts/3/invoices/2005-09"}
RESULT: {"url":"https://pr-509.btm.dev.account.gov.uk/contracts/3/invoices/2005-09"}
COMMAND: POST /session/fe9a4cb14092acd74c7d6b89c1000a10/execute/sync - {"script":"return (() => document.readyState === \"complete\").apply(null, arguments)","args":[]}
RESULT: {"script":"return (() => document.readyState === \"complete\").apply(null, arguments)","args":[]}
COMMAND: GET /session/fe9a4cb14092acd74c7d6b89c1000a10/url - {}
RESULT: {}
COMMAND: POST /session/fe9a4cb14092acd74c7d6b89c1000a10/element - {"using":"css selector","value":".govuk-heading-xl"}
RESULT: {"using":"css selector","value":".govuk-heading-xl"}
COMMAND: POST /session/fe9a4cb14092acd74c7d6b89c1000a10/execute/sync - {"script":"return (function isElementDisplayed(element) {\n    function nodeIsElement(node) {\n        if (!node) {\n            return false;\n        }\n        switch (node.nodeType) {\n            case Node.ELEMEN ... (7807 more bytes)","args":[{"element-6066-11e4-a52e-4f735466cecf":"18C4CDF553669BC036BE1BD71A8104B7_element_9","ELEMENT":"18C4CDF553669BC036BE1BD71A8104B7_element_9"}]}
RESULT: {"script":"return (function isElementDisplayed(element) {\n    function nodeIsElement(node) {\n        if (!node) {\n            return false;\n        }\n        switch (node.nodeType) {\n            case Node.ELEMEN ... (7807 more bytes)","args":[{"element-6066-11e4-a52e-4f735466cecf":"18C4CDF553669BC036BE1BD71A8104B7_element_9","ELEMENT":"18C4CDF553669BC036BE1BD71A8104B7_element_9"}]}
COMMAND: POST /session/fe9a4cb14092acd74c7d6b89c1000a10/element - {"using":"css selector","value":".govuk-heading-xl"}
RESULT: {"using":"css selector","value":".govuk-heading-xl"}
COMMAND: GET /session/fe9a4cb14092acd74c7d6b89c1000a10/element/18C4CDF553669BC036BE1BD71A8104B7_element_9/text - {}
RESULT: {}
COMMAND: POST /session/fe9a4cb14092acd74c7d6b89c1000a10/element - {"using":"xpath","value":".//caption[contains(., \"Reconciliation\") and not(.//caption)]"}
RESULT: {"using":"xpath","value":".//caption[contains(., \"Reconciliation\") and not(.//caption)]"}
COMMAND: POST /session/fe9a4cb14092acd74c7d6b89c1000a10/execute/sync - {"script":"return (function (elem, id) {\n        return (function parentElement() {\n        return this.parentElement;\n    }).call(elem, id);\n    }).apply(null, arguments)","args":[{"element-6066-11e4-a52e-4f735466cecf":"18C4CDF553669BC036BE1BD71A8104B7_element_10","ELEMENT":"18C4CDF553669BC036BE1BD71A8104B7_element_10"}]}
RESULT: {"script":"return (function (elem, id) {\n        return (function parentElement() {\n        return this.parentElement;\n    }).call(elem, id);\n    }).apply(null, arguments)","args":[{"element-6066-11e4-a52e-4f735466cecf":"18C4CDF553669BC036BE1BD71A8104B7_element_10","ELEMENT":"18C4CDF553669BC036BE1BD71A8104B7_element_10"}]}
COMMAND: POST /session/fe9a4cb14092acd74c7d6b89c1000a10/execute/sync - {"script":"return (function isElementDisplayed(element) {\n    function nodeIsElement(node) {\n        if (!node) {\n            return false;\n        }\n        switch (node.nodeType) {\n            case Node.ELEMEN ... (7807 more bytes)","args":[{"element-6066-11e4-a52e-4f735466cecf":"18C4CDF553669BC036BE1BD71A8104B7_element_11","ELEMENT":"18C4CDF553669BC036BE1BD71A8104B7_element_11"}]}
RESULT: {"script":"return (function isElementDisplayed(element) {\n    function nodeIsElement(node) {\n        if (!node) {\n            return false;\n        }\n        switch (node.nodeType) {\n            case Node.ELEMEN ... (7807 more bytes)","args":[{"element-6066-11e4-a52e-4f735466cecf":"18C4CDF553669BC036BE1BD71A8104B7_element_11","ELEMENT":"18C4CDF553669BC036BE1BD71A8104B7_element_11"}]}
COMMAND: POST /session/fe9a4cb14092acd74c7d6b89c1000a10/element/18C4CDF553669BC036BE1BD71A8104B7_element_11/elements - {"using":"css selector","value":"tbody tr"}
RESULT: {"using":"css selector","value":"tbody tr"}
COMMAND: POST /session/fe9a4cb14092acd74c7d6b89c1000a10/element/18C4CDF553669BC036BE1BD71A8104B7_element_11/element - {"using":"css selector","value":"thead tr"}
RESULT: {"using":"css selector","value":"thead tr"}
COMMAND: POST /session/fe9a4cb14092acd74c7d6b89c1000a10/element/18C4CDF553669BC036BE1BD71A8104B7_element_13/elements - {"using":"css selector","value":"th"}
RESULT: {"using":"css selector","value":"th"}
COMMAND: GET /session/fe9a4cb14092acd74c7d6b89c1000a10/element/18C4CDF553669BC036BE1BD71A8104B7_element_14/text - {}
COMMAND: GET /session/fe9a4cb14092acd74c7d6b89c1000a10/element/18C4CDF553669BC036BE1BD71A8104B7_element_15/text - {}
COMMAND: GET /session/fe9a4cb14092acd74c7d6b89c1000a10/element/18C4CDF553669BC036BE1BD71A8104B7_element_17/text - {}
COMMAND: GET /session/fe9a4cb14092acd74c7d6b89c1000a10/element/18C4CDF553669BC036BE1BD71A8104B7_element_16/text - {}
COMMAND: GET /session/fe9a4cb14092acd74c7d6b89c1000a10/element/18C4CDF553669BC036BE1BD71A8104B7_element_18/text - {}
RESULT: {}
RESULT: {}
RESULT: {}
RESULT: {}
RESULT: {}
COMMAND: POST /session/fe9a4cb14092acd74c7d6b89c1000a10/element/18C4CDF553669BC036BE1BD71A8104B7_element_12/elements - {"using":"css selector","value":"th,td"}
RESULT: {"using":"css selector","value":"th,td"}
COMMAND: GET /session/fe9a4cb14092acd74c7d6b89c1000a10/element/18C4CDF553669BC036BE1BD71A8104B7_element_19/text - {}
RESULT: {}
COMMAND: GET /session/fe9a4cb14092acd74c7d6b89c1000a10/element/18C4CDF553669BC036BE1BD71A8104B7_element_20/text - {}
RESULT: {}
COMMAND: GET /session/fe9a4cb14092acd74c7d6b89c1000a10/element/18C4CDF553669BC036BE1BD71A8104B7_element_21/text - {}
RESULT: {}
COMMAND: GET /session/fe9a4cb14092acd74c7d6b89c1000a10/element/18C4CDF553669BC036BE1BD71A8104B7_element_22/text - {}
RESULT: {}
COMMAND: GET /session/fe9a4cb14092acd74c7d6b89c1000a10/element/18C4CDF553669BC036BE1BD71A8104B7_element_23/text - {}
RESULT: {}
]]></system-out>
    </testcase>
    <testcase classname="chrome.117_0_5938_132.linux.Invoice_Page_Test.Vendor:_Vendor_Three,Invoice:2005-09" name="should validate quantity events table data" time="1.744">
      <system-out><![CDATA[
COMMAND: POST /session/fe9a4cb14092acd74c7d6b89c1000a10/url - {"url":"https://pr-509.btm.dev.account.gov.uk/contracts/3/invoices/2005-09"}
RESULT: {"url":"https://pr-509.btm.dev.account.gov.uk/contracts/3/invoices/2005-09"}
COMMAND: POST /session/fe9a4cb14092acd74c7d6b89c1000a10/execute/sync - {"script":"return (() => document.readyState === \"complete\").apply(null, arguments)","args":[]}
RESULT: {"script":"return (() => document.readyState === \"complete\").apply(null, arguments)","args":[]}
COMMAND: GET /session/fe9a4cb14092acd74c7d6b89c1000a10/url - {}
RESULT: {}
COMMAND: POST /session/fe9a4cb14092acd74c7d6b89c1000a10/element - {"using":"css selector","value":".govuk-heading-xl"}
RESULT: {"using":"css selector","value":".govuk-heading-xl"}
COMMAND: POST /session/fe9a4cb14092acd74c7d6b89c1000a10/execute/sync - {"script":"return (function isElementDisplayed(element) {\n    function nodeIsElement(node) {\n        if (!node) {\n            return false;\n        }\n        switch (node.nodeType) {\n            case Node.ELEMEN ... (7807 more bytes)","args":[{"element-6066-11e4-a52e-4f735466cecf":"FBE0E15A7E49733A12F48ABEC47102B4_element_26","ELEMENT":"FBE0E15A7E49733A12F48ABEC47102B4_element_26"}]}
RESULT: {"script":"return (function isElementDisplayed(element) {\n    function nodeIsElement(node) {\n        if (!node) {\n            return false;\n        }\n        switch (node.nodeType) {\n            case Node.ELEMEN ... (7807 more bytes)","args":[{"element-6066-11e4-a52e-4f735466cecf":"FBE0E15A7E49733A12F48ABEC47102B4_element_26","ELEMENT":"FBE0E15A7E49733A12F48ABEC47102B4_element_26"}]}
COMMAND: POST /session/fe9a4cb14092acd74c7d6b89c1000a10/element - {"using":"css selector","value":".govuk-heading-xl"}
RESULT: {"using":"css selector","value":".govuk-heading-xl"}
COMMAND: GET /session/fe9a4cb14092acd74c7d6b89c1000a10/element/FBE0E15A7E49733A12F48ABEC47102B4_element_26/text - {}
RESULT: {}
COMMAND: POST /session/fe9a4cb14092acd74c7d6b89c1000a10/element - {"using":"xpath","value":".//caption[contains(., \"Quantity (events)\") and not(.//caption)]"}
RESULT: {"using":"xpath","value":".//caption[contains(., \"Quantity (events)\") and not(.//caption)]"}
COMMAND: POST /session/fe9a4cb14092acd74c7d6b89c1000a10/execute/sync - {"script":"return (function (elem, id) {\n        return (function parentElement() {\n        return this.parentElement;\n    }).call(elem, id);\n    }).apply(null, arguments)","args":[{"element-6066-11e4-a52e-4f735466cecf":"FBE0E15A7E49733A12F48ABEC47102B4_element_27","ELEMENT":"FBE0E15A7E49733A12F48ABEC47102B4_element_27"}]}
RESULT: {"script":"return (function (elem, id) {\n        return (function parentElement() {\n        return this.parentElement;\n    }).call(elem, id);\n    }).apply(null, arguments)","args":[{"element-6066-11e4-a52e-4f735466cecf":"FBE0E15A7E49733A12F48ABEC47102B4_element_27","ELEMENT":"FBE0E15A7E49733A12F48ABEC47102B4_element_27"}]}
COMMAND: POST /session/fe9a4cb14092acd74c7d6b89c1000a10/execute/sync - {"script":"return (function isElementDisplayed(element) {\n    function nodeIsElement(node) {\n        if (!node) {\n            return false;\n        }\n        switch (node.nodeType) {\n            case Node.ELEMEN ... (7807 more bytes)","args":[{"element-6066-11e4-a52e-4f735466cecf":"FBE0E15A7E49733A12F48ABEC47102B4_element_28","ELEMENT":"FBE0E15A7E49733A12F48ABEC47102B4_element_28"}]}
RESULT: {"script":"return (function isElementDisplayed(element) {\n    function nodeIsElement(node) {\n        if (!node) {\n            return false;\n        }\n        switch (node.nodeType) {\n            case Node.ELEMEN ... (7807 more bytes)","args":[{"element-6066-11e4-a52e-4f735466cecf":"FBE0E15A7E49733A12F48ABEC47102B4_element_28","ELEMENT":"FBE0E15A7E49733A12F48ABEC47102B4_element_28"}]}
COMMAND: POST /session/fe9a4cb14092acd74c7d6b89c1000a10/element/FBE0E15A7E49733A12F48ABEC47102B4_element_28/elements - {"using":"css selector","value":"tbody tr"}
RESULT: {"using":"css selector","value":"tbody tr"}
COMMAND: POST /session/fe9a4cb14092acd74c7d6b89c1000a10/element/FBE0E15A7E49733A12F48ABEC47102B4_element_28/element - {"using":"css selector","value":"thead tr"}
RESULT: {"using":"css selector","value":"thead tr"}
COMMAND: POST /session/fe9a4cb14092acd74c7d6b89c1000a10/element/FBE0E15A7E49733A12F48ABEC47102B4_element_30/elements - {"using":"css selector","value":"th"}
RESULT: {"using":"css selector","value":"th"}
COMMAND: GET /session/fe9a4cb14092acd74c7d6b89c1000a10/element/FBE0E15A7E49733A12F48ABEC47102B4_element_31/text - {}
COMMAND: GET /session/fe9a4cb14092acd74c7d6b89c1000a10/element/FBE0E15A7E49733A12F48ABEC47102B4_element_32/text - {}
COMMAND: GET /session/fe9a4cb14092acd74c7d6b89c1000a10/element/FBE0E15A7E49733A12F48ABEC47102B4_element_34/text - {}
COMMAND: GET /session/fe9a4cb14092acd74c7d6b89c1000a10/element/FBE0E15A7E49733A12F48ABEC47102B4_element_33/text - {}
RESULT: {}
RESULT: {}
RESULT: {}
RESULT: {}
COMMAND: POST /session/fe9a4cb14092acd74c7d6b89c1000a10/element/FBE0E15A7E49733A12F48ABEC47102B4_element_29/elements - {"using":"css selector","value":"th,td"}
RESULT: {"using":"css selector","value":"th,td"}
COMMAND: GET /session/fe9a4cb14092acd74c7d6b89c1000a10/element/FBE0E15A7E49733A12F48ABEC47102B4_element_35/text - {}
RESULT: {}
COMMAND: GET /session/fe9a4cb14092acd74c7d6b89c1000a10/element/FBE0E15A7E49733A12F48ABEC47102B4_element_36/text - {}
RESULT: {}
COMMAND: GET /session/fe9a4cb14092acd74c7d6b89c1000a10/element/FBE0E15A7E49733A12F48ABEC47102B4_element_37/text - {}
RESULT: {}
COMMAND: GET /session/fe9a4cb14092acd74c7d6b89c1000a10/element/FBE0E15A7E49733A12F48ABEC47102B4_element_38/text - {}
RESULT: {}
]]></system-out>
    </testcase>
    <testcase classname="chrome.117_0_5938_132.linux.Invoice_Page_Test.Vendor:_Vendor_Three,Invoice:2005-09" name="should validate price table data" time="1.534">
      <system-out><![CDATA[
COMMAND: POST /session/fe9a4cb14092acd74c7d6b89c1000a10/url - {"url":"https://pr-509.btm.dev.account.gov.uk/contracts/3/invoices/2005-09"}
RESULT: {"url":"https://pr-509.btm.dev.account.gov.uk/contracts/3/invoices/2005-09"}
COMMAND: POST /session/fe9a4cb14092acd74c7d6b89c1000a10/execute/sync - {"script":"return (() => document.readyState === \"complete\").apply(null, arguments)","args":[]}
RESULT: {"script":"return (() => document.readyState === \"complete\").apply(null, arguments)","args":[]}
COMMAND: GET /session/fe9a4cb14092acd74c7d6b89c1000a10/url - {}
RESULT: {}
COMMAND: POST /session/fe9a4cb14092acd74c7d6b89c1000a10/element - {"using":"css selector","value":".govuk-heading-xl"}
RESULT: {"using":"css selector","value":".govuk-heading-xl"}
COMMAND: POST /session/fe9a4cb14092acd74c7d6b89c1000a10/execute/sync - {"script":"return (function isElementDisplayed(element) {\n    function nodeIsElement(node) {\n        if (!node) {\n            return false;\n        }\n        switch (node.nodeType) {\n            case Node.ELEMEN ... (7807 more bytes)","args":[{"element-6066-11e4-a52e-4f735466cecf":"C97983C6E1105762E5823509EB9FD75D_element_41","ELEMENT":"C97983C6E1105762E5823509EB9FD75D_element_41"}]}
RESULT: {"script":"return (function isElementDisplayed(element) {\n    function nodeIsElement(node) {\n        if (!node) {\n            return false;\n        }\n        switch (node.nodeType) {\n            case Node.ELEMEN ... (7807 more bytes)","args":[{"element-6066-11e4-a52e-4f735466cecf":"C97983C6E1105762E5823509EB9FD75D_element_41","ELEMENT":"C97983C6E1105762E5823509EB9FD75D_element_41"}]}
COMMAND: POST /session/fe9a4cb14092acd74c7d6b89c1000a10/element - {"using":"css selector","value":".govuk-heading-xl"}
RESULT: {"using":"css selector","value":".govuk-heading-xl"}
COMMAND: GET /session/fe9a4cb14092acd74c7d6b89c1000a10/element/C97983C6E1105762E5823509EB9FD75D_element_41/text - {}
RESULT: {}
COMMAND: POST /session/fe9a4cb14092acd74c7d6b89c1000a10/element - {"using":"xpath","value":".//caption[contains(., \"Price\") and not(.//caption)]"}
RESULT: {"using":"xpath","value":".//caption[contains(., \"Price\") and not(.//caption)]"}
COMMAND: POST /session/fe9a4cb14092acd74c7d6b89c1000a10/execute/sync - {"script":"return (function (elem, id) {\n        return (function parentElement() {\n        return this.parentElement;\n    }).call(elem, id);\n    }).apply(null, arguments)","args":[{"element-6066-11e4-a52e-4f735466cecf":"C97983C6E1105762E5823509EB9FD75D_element_42","ELEMENT":"C97983C6E1105762E5823509EB9FD75D_element_42"}]}
RESULT: {"script":"return (function (elem, id) {\n        return (function parentElement() {\n        return this.parentElement;\n    }).call(elem, id);\n    }).apply(null, arguments)","args":[{"element-6066-11e4-a52e-4f735466cecf":"C97983C6E1105762E5823509EB9FD75D_element_42","ELEMENT":"C97983C6E1105762E5823509EB9FD75D_element_42"}]}
COMMAND: POST /session/fe9a4cb14092acd74c7d6b89c1000a10/execute/sync - {"script":"return (function isElementDisplayed(element) {\n    function nodeIsElement(node) {\n        if (!node) {\n            return false;\n        }\n        switch (node.nodeType) {\n            case Node.ELEMEN ... (7807 more bytes)","args":[{"element-6066-11e4-a52e-4f735466cecf":"C97983C6E1105762E5823509EB9FD75D_element_43","ELEMENT":"C97983C6E1105762E5823509EB9FD75D_element_43"}]}
RESULT: {"script":"return (function isElementDisplayed(element) {\n    function nodeIsElement(node) {\n        if (!node) {\n            return false;\n        }\n        switch (node.nodeType) {\n            case Node.ELEMEN ... (7807 more bytes)","args":[{"element-6066-11e4-a52e-4f735466cecf":"C97983C6E1105762E5823509EB9FD75D_element_43","ELEMENT":"C97983C6E1105762E5823509EB9FD75D_element_43"}]}
COMMAND: POST /session/fe9a4cb14092acd74c7d6b89c1000a10/element/C97983C6E1105762E5823509EB9FD75D_element_43/elements - {"using":"css selector","value":"tbody tr"}
RESULT: {"using":"css selector","value":"tbody tr"}
COMMAND: POST /session/fe9a4cb14092acd74c7d6b89c1000a10/element/C97983C6E1105762E5823509EB9FD75D_element_43/element - {"using":"css selector","value":"thead tr"}
RESULT: {"using":"css selector","value":"thead tr"}
COMMAND: POST /session/fe9a4cb14092acd74c7d6b89c1000a10/element/C97983C6E1105762E5823509EB9FD75D_element_45/elements - {"using":"css selector","value":"th"}
RESULT: {"using":"css selector","value":"th"}
COMMAND: GET /session/fe9a4cb14092acd74c7d6b89c1000a10/element/C97983C6E1105762E5823509EB9FD75D_element_46/text - {}
COMMAND: GET /session/fe9a4cb14092acd74c7d6b89c1000a10/element/C97983C6E1105762E5823509EB9FD75D_element_47/text - {}
COMMAND: GET /session/fe9a4cb14092acd74c7d6b89c1000a10/element/C97983C6E1105762E5823509EB9FD75D_element_49/text - {}
COMMAND: GET /session/fe9a4cb14092acd74c7d6b89c1000a10/element/C97983C6E1105762E5823509EB9FD75D_element_48/text - {}
RESULT: {}
RESULT: {}
RESULT: {}
RESULT: {}
COMMAND: POST /session/fe9a4cb14092acd74c7d6b89c1000a10/element/C97983C6E1105762E5823509EB9FD75D_element_44/elements - {"using":"css selector","value":"th,td"}
RESULT: {"using":"css selector","value":"th,td"}
COMMAND: GET /session/fe9a4cb14092acd74c7d6b89c1000a10/element/C97983C6E1105762E5823509EB9FD75D_element_50/text - {}
RESULT: {}
COMMAND: GET /session/fe9a4cb14092acd74c7d6b89c1000a10/element/C97983C6E1105762E5823509EB9FD75D_element_51/text - {}
RESULT: {}
COMMAND: GET /session/fe9a4cb14092acd74c7d6b89c1000a10/element/C97983C6E1105762E5823509EB9FD75D_element_52/text - {}
RESULT: {}
COMMAND: GET /session/fe9a4cb14092acd74c7d6b89c1000a10/element/C97983C6E1105762E5823509EB9FD75D_element_53/text - {}
RESULT: {}
]]></system-out>
    </testcase>
    <testcase classname="chrome.117_0_5938_132.linux.Invoice_Page_Test.Vendor:_Vendor_Three,Invoice:2005-09" name="should validate measured events table data" time="0.621">
      <system-out><![CDATA[
COMMAND: POST /session/fe9a4cb14092acd74c7d6b89c1000a10/url - {"url":"https://pr-509.btm.dev.account.gov.uk/contracts/3/invoices/2005-09"}
RESULT: {"url":"https://pr-509.btm.dev.account.gov.uk/contracts/3/invoices/2005-09"}
COMMAND: POST /session/fe9a4cb14092acd74c7d6b89c1000a10/execute/sync - {"script":"return (() => document.readyState === \"complete\").apply(null, arguments)","args":[]}
RESULT: {"script":"return (() => document.readyState === \"complete\").apply(null, arguments)","args":[]}
COMMAND: GET /session/fe9a4cb14092acd74c7d6b89c1000a10/url - {}
RESULT: {}
COMMAND: POST /session/fe9a4cb14092acd74c7d6b89c1000a10/element - {"using":"css selector","value":".govuk-heading-xl"}
RESULT: {"using":"css selector","value":".govuk-heading-xl"}
COMMAND: POST /session/fe9a4cb14092acd74c7d6b89c1000a10/execute/sync - {"script":"return (function isElementDisplayed(element) {\n    function nodeIsElement(node) {\n        if (!node) {\n            return false;\n        }\n        switch (node.nodeType) {\n            case Node.ELEMEN ... (7807 more bytes)","args":[{"element-6066-11e4-a52e-4f735466cecf":"5CE40C86B8275D8C32CEBC15F557FB01_element_56","ELEMENT":"5CE40C86B8275D8C32CEBC15F557FB01_element_56"}]}
RESULT: {"script":"return (function isElementDisplayed(element) {\n    function nodeIsElement(node) {\n        if (!node) {\n            return false;\n        }\n        switch (node.nodeType) {\n            case Node.ELEMEN ... (7807 more bytes)","args":[{"element-6066-11e4-a52e-4f735466cecf":"5CE40C86B8275D8C32CEBC15F557FB01_element_56","ELEMENT":"5CE40C86B8275D8C32CEBC15F557FB01_element_56"}]}
COMMAND: POST /session/fe9a4cb14092acd74c7d6b89c1000a10/element - {"using":"css selector","value":".govuk-heading-xl"}
RESULT: {"using":"css selector","value":".govuk-heading-xl"}
COMMAND: GET /session/fe9a4cb14092acd74c7d6b89c1000a10/element/5CE40C86B8275D8C32CEBC15F557FB01_element_56/text - {}
RESULT: {}
COMMAND: POST /session/fe9a4cb14092acd74c7d6b89c1000a10/element - {"using":"xpath","value":".//caption[contains(., \"Measured (events)\") and not(.//caption)]"}
RESULT: {"using":"xpath","value":".//caption[contains(., \"Measured (events)\") and not(.//caption)]"}
COMMAND: POST /session/fe9a4cb14092acd74c7d6b89c1000a10/execute/sync - {"script":"return (function (elem, id) {\n        return (function parentElement() {\n        return this.parentElement;\n    }).call(elem, id);\n    }).apply(null, arguments)","args":[{"element-6066-11e4-a52e-4f735466cecf":"5CE40C86B8275D8C32CEBC15F557FB01_element_57","ELEMENT":"5CE40C86B8275D8C32CEBC15F557FB01_element_57"}]}
RESULT: {"script":"return (function (elem, id) {\n        return (function parentElement() {\n        return this.parentElement;\n    }).call(elem, id);\n    }).apply(null, arguments)","args":[{"element-6066-11e4-a52e-4f735466cecf":"5CE40C86B8275D8C32CEBC15F557FB01_element_57","ELEMENT":"5CE40C86B8275D8C32CEBC15F557FB01_element_57"}]}
COMMAND: POST /session/fe9a4cb14092acd74c7d6b89c1000a10/execute/sync - {"script":"return (function isElementDisplayed(element) {\n    function nodeIsElement(node) {\n        if (!node) {\n            return false;\n        }\n        switch (node.nodeType) {\n            case Node.ELEMEN ... (7807 more bytes)","args":[{"element-6066-11e4-a52e-4f735466cecf":"5CE40C86B8275D8C32CEBC15F557FB01_element_58","ELEMENT":"5CE40C86B8275D8C32CEBC15F557FB01_element_58"}]}
RESULT: {"script":"return (function isElementDisplayed(element) {\n    function nodeIsElement(node) {\n        if (!node) {\n            return false;\n        }\n        switch (node.nodeType) {\n            case Node.ELEMEN ... (7807 more bytes)","args":[{"element-6066-11e4-a52e-4f735466cecf":"5CE40C86B8275D8C32CEBC15F557FB01_element_58","ELEMENT":"5CE40C86B8275D8C32CEBC15F557FB01_element_58"}]}
COMMAND: POST /session/fe9a4cb14092acd74c7d6b89c1000a10/element/5CE40C86B8275D8C32CEBC15F557FB01_element_58/elements - {"using":"css selector","value":"tbody tr"}
RESULT: {"using":"css selector","value":"tbody tr"}
COMMAND: POST /session/fe9a4cb14092acd74c7d6b89c1000a10/element/5CE40C86B8275D8C32CEBC15F557FB01_element_58/element - {"using":"css selector","value":"thead tr"}
RESULT: {"using":"css selector","value":"thead tr"}
COMMAND: POST /session/fe9a4cb14092acd74c7d6b89c1000a10/element/5CE40C86B8275D8C32CEBC15F557FB01_element_60/elements - {"using":"css selector","value":"th"}
RESULT: {"using":"css selector","value":"th"}
COMMAND: GET /session/fe9a4cb14092acd74c7d6b89c1000a10/element/5CE40C86B8275D8C32CEBC15F557FB01_element_61/text - {}
COMMAND: GET /session/fe9a4cb14092acd74c7d6b89c1000a10/element/5CE40C86B8275D8C32CEBC15F557FB01_element_62/text - {}
RESULT: {}
RESULT: {}
COMMAND: POST /session/fe9a4cb14092acd74c7d6b89c1000a10/element/5CE40C86B8275D8C32CEBC15F557FB01_element_59/elements - {"using":"css selector","value":"th,td"}
RESULT: {"using":"css selector","value":"th,td"}
COMMAND: GET /session/fe9a4cb14092acd74c7d6b89c1000a10/element/5CE40C86B8275D8C32CEBC15F557FB01_element_63/text - {}
RESULT: {}
COMMAND: GET /session/fe9a4cb14092acd74c7d6b89c1000a10/element/5CE40C86B8275D8C32CEBC15F557FB01_element_64/text - {}
RESULT: {}
]]></system-out>
    </testcase>
    <testcase classname="chrome.117_0_5938_132.linux.Invoice_Page_Test.Vendor:_Vendor_Three,Invoice:2005-09" name="should validate invoice table data" time="0.752">
      <system-out><![CDATA[
COMMAND: POST /session/fe9a4cb14092acd74c7d6b89c1000a10/url - {"url":"https://pr-509.btm.dev.account.gov.uk/contracts/3/invoices/2005-09"}
RESULT: {"url":"https://pr-509.btm.dev.account.gov.uk/contracts/3/invoices/2005-09"}
COMMAND: POST /session/fe9a4cb14092acd74c7d6b89c1000a10/execute/sync - {"script":"return (() => document.readyState === \"complete\").apply(null, arguments)","args":[]}
RESULT: {"script":"return (() => document.readyState === \"complete\").apply(null, arguments)","args":[]}
COMMAND: GET /session/fe9a4cb14092acd74c7d6b89c1000a10/url - {}
RESULT: {}
COMMAND: POST /session/fe9a4cb14092acd74c7d6b89c1000a10/element - {"using":"css selector","value":".govuk-heading-xl"}
RESULT: {"using":"css selector","value":".govuk-heading-xl"}
COMMAND: POST /session/fe9a4cb14092acd74c7d6b89c1000a10/execute/sync - {"script":"return (function isElementDisplayed(element) {\n    function nodeIsElement(node) {\n        if (!node) {\n            return false;\n        }\n        switch (node.nodeType) {\n            case Node.ELEMEN ... (7807 more bytes)","args":[{"element-6066-11e4-a52e-4f735466cecf":"A7DC66FC664375DFE7CC98DE5A5901F9_element_69","ELEMENT":"A7DC66FC664375DFE7CC98DE5A5901F9_element_69"}]}
RESULT: {"script":"return (function isElementDisplayed(element) {\n    function nodeIsElement(node) {\n        if (!node) {\n            return false;\n        }\n        switch (node.nodeType) {\n            case Node.ELEMEN ... (7807 more bytes)","args":[{"element-6066-11e4-a52e-4f735466cecf":"A7DC66FC664375DFE7CC98DE5A5901F9_element_69","ELEMENT":"A7DC66FC664375DFE7CC98DE5A5901F9_element_69"}]}
COMMAND: POST /session/fe9a4cb14092acd74c7d6b89c1000a10/element - {"using":"css selector","value":".govuk-heading-xl"}
RESULT: {"using":"css selector","value":".govuk-heading-xl"}
COMMAND: GET /session/fe9a4cb14092acd74c7d6b89c1000a10/element/A7DC66FC664375DFE7CC98DE5A5901F9_element_69/text - {}
RESULT: {}
COMMAND: POST /session/fe9a4cb14092acd74c7d6b89c1000a10/element - {"using":"xpath","value":".//caption[contains(., \"Invoice\") and not(.//caption)]"}
RESULT: {"using":"xpath","value":".//caption[contains(., \"Invoice\") and not(.//caption)]"}
COMMAND: POST /session/fe9a4cb14092acd74c7d6b89c1000a10/execute/sync - {"script":"return (function (elem, id) {\n        return (function parentElement() {\n        return this.parentElement;\n    }).call(elem, id);\n    }).apply(null, arguments)","args":[{"element-6066-11e4-a52e-4f735466cecf":"A7DC66FC664375DFE7CC98DE5A5901F9_element_70","ELEMENT":"A7DC66FC664375DFE7CC98DE5A5901F9_element_70"}]}
RESULT: {"script":"return (function (elem, id) {\n        return (function parentElement() {\n        return this.parentElement;\n    }).call(elem, id);\n    }).apply(null, arguments)","args":[{"element-6066-11e4-a52e-4f735466cecf":"A7DC66FC664375DFE7CC98DE5A5901F9_element_70","ELEMENT":"A7DC66FC664375DFE7CC98DE5A5901F9_element_70"}]}
COMMAND: POST /session/fe9a4cb14092acd74c7d6b89c1000a10/execute/sync - {"script":"return (function isElementDisplayed(element) {\n    function nodeIsElement(node) {\n        if (!node) {\n            return false;\n        }\n        switch (node.nodeType) {\n            case Node.ELEMEN ... (7807 more bytes)","args":[{"element-6066-11e4-a52e-4f735466cecf":"A7DC66FC664375DFE7CC98DE5A5901F9_element_71","ELEMENT":"A7DC66FC664375DFE7CC98DE5A5901F9_element_71"}]}
RESULT: {"script":"return (function isElementDisplayed(element) {\n    function nodeIsElement(node) {\n        if (!node) {\n            return false;\n        }\n        switch (node.nodeType) {\n            case Node.ELEMEN ... (7807 more bytes)","args":[{"element-6066-11e4-a52e-4f735466cecf":"A7DC66FC664375DFE7CC98DE5A5901F9_element_71","ELEMENT":"A7DC66FC664375DFE7CC98DE5A5901F9_element_71"}]}
COMMAND: POST /session/fe9a4cb14092acd74c7d6b89c1000a10/element/A7DC66FC664375DFE7CC98DE5A5901F9_element_71/elements - {"using":"css selector","value":"tbody tr"}
RESULT: {"using":"css selector","value":"tbody tr"}
COMMAND: POST /session/fe9a4cb14092acd74c7d6b89c1000a10/element/A7DC66FC664375DFE7CC98DE5A5901F9_element_71/element - {"using":"css selector","value":"thead tr"}
RESULT: {"using":"css selector","value":"thead tr"}
COMMAND: POST /session/fe9a4cb14092acd74c7d6b89c1000a10/element/A7DC66FC664375DFE7CC98DE5A5901F9_element_74/elements - {"using":"css selector","value":"th"}
RESULT: {"using":"css selector","value":"th"}
COMMAND: GET /session/fe9a4cb14092acd74c7d6b89c1000a10/element/A7DC66FC664375DFE7CC98DE5A5901F9_element_75/text - {}
COMMAND: GET /session/fe9a4cb14092acd74c7d6b89c1000a10/element/A7DC66FC664375DFE7CC98DE5A5901F9_element_76/text - {}
COMMAND: GET /session/fe9a4cb14092acd74c7d6b89c1000a10/element/A7DC66FC664375DFE7CC98DE5A5901F9_element_78/text - {}
COMMAND: GET /session/fe9a4cb14092acd74c7d6b89c1000a10/element/A7DC66FC664375DFE7CC98DE5A5901F9_element_77/text - {}
COMMAND: GET /session/fe9a4cb14092acd74c7d6b89c1000a10/element/A7DC66FC664375DFE7CC98DE5A5901F9_element_79/text - {}
RESULT: {}
RESULT: {}
RESULT: {}
RESULT: {}
RESULT: {}
COMMAND: POST /session/fe9a4cb14092acd74c7d6b89c1000a10/element/A7DC66FC664375DFE7CC98DE5A5901F9_element_72/elements - {"using":"css selector","value":"th,td"}
RESULT: {"using":"css selector","value":"th,td"}
COMMAND: GET /session/fe9a4cb14092acd74c7d6b89c1000a10/element/A7DC66FC664375DFE7CC98DE5A5901F9_element_80/text - {}
RESULT: {}
COMMAND: GET /session/fe9a4cb14092acd74c7d6b89c1000a10/element/A7DC66FC664375DFE7CC98DE5A5901F9_element_81/text - {}
RESULT: {}
COMMAND: GET /session/fe9a4cb14092acd74c7d6b89c1000a10/element/A7DC66FC664375DFE7CC98DE5A5901F9_element_82/text - {}
RESULT: {}
COMMAND: GET /session/fe9a4cb14092acd74c7d6b89c1000a10/element/A7DC66FC664375DFE7CC98DE5A5901F9_element_83/text - {}
RESULT: {}
COMMAND: GET /session/fe9a4cb14092acd74c7d6b89c1000a10/element/A7DC66FC664375DFE7CC98DE5A5901F9_element_84/text - {}
RESULT: {}
COMMAND: POST /session/fe9a4cb14092acd74c7d6b89c1000a10/element/A7DC66FC664375DFE7CC98DE5A5901F9_element_73/elements - {"using":"css selector","value":"th,td"}
RESULT: {"using":"css selector","value":"th,td"}
COMMAND: GET /session/fe9a4cb14092acd74c7d6b89c1000a10/element/A7DC66FC664375DFE7CC98DE5A5901F9_element_85/text - {}
RESULT: {}
COMMAND: GET /session/fe9a4cb14092acd74c7d6b89c1000a10/element/A7DC66FC664375DFE7CC98DE5A5901F9_element_86/text - {}
RESULT: {}
COMMAND: GET /session/fe9a4cb14092acd74c7d6b89c1000a10/element/A7DC66FC664375DFE7CC98DE5A5901F9_element_87/text - {}
RESULT: {}
COMMAND: GET /session/fe9a4cb14092acd74c7d6b89c1000a10/element/A7DC66FC664375DFE7CC98DE5A5901F9_element_88/text - {}
RESULT: {}
COMMAND: GET /session/fe9a4cb14092acd74c7d6b89c1000a10/element/A7DC66FC664375DFE7CC98DE5A5901F9_element_89/text - {}
RESULT: {}
]]></system-out>
    </testcase>
  </testsuite>
  <testsuite name="Vendor Vendor Three Invoice 2023 03" timestamp="2023-10-11T20:56:54" time="5.079" tests="6" failures="0" errors="0" skipped="0">
    <properties>
      <property name="specId" value="0"/>
      <property name="suiteName" value="Vendor: Vendor Three,Invoice:2023-03"/>
      <property name="capabilities" value="chrome.117_0_5938_132.linux"/>
      <property name="file" value="file://./ui-tests/specs/invoice.spec.ts"/>
    </properties>
    <testcase classname="chrome.117_0_5938_132.linux.Invoice_Page_Test.Vendor:_Vendor_Three,Invoice:2023-03" name="should display correct status banner color and message" time="0.616">
      <system-out><![CDATA[
COMMAND: POST /session/fe9a4cb14092acd74c7d6b89c1000a10/url - {"url":"https://pr-509.btm.dev.account.gov.uk/contracts/3/invoices/2023-03"}
RESULT: {"url":"https://pr-509.btm.dev.account.gov.uk/contracts/3/invoices/2023-03"}
COMMAND: POST /session/fe9a4cb14092acd74c7d6b89c1000a10/execute/sync - {"script":"return (() => document.readyState === \"complete\").apply(null, arguments)","args":[]}
RESULT: {"script":"return (() => document.readyState === \"complete\").apply(null, arguments)","args":[]}
COMMAND: GET /session/fe9a4cb14092acd74c7d6b89c1000a10/url - {}
RESULT: {}
COMMAND: POST /session/fe9a4cb14092acd74c7d6b89c1000a10/element - {"using":"css selector","value":".govuk-heading-xl"}
RESULT: {"using":"css selector","value":".govuk-heading-xl"}
COMMAND: POST /session/fe9a4cb14092acd74c7d6b89c1000a10/execute/sync - {"script":"return (function isElementDisplayed(element) {\n    function nodeIsElement(node) {\n        if (!node) {\n            return false;\n        }\n        switch (node.nodeType) {\n            case Node.ELEMEN ... (7807 more bytes)","args":[{"element-6066-11e4-a52e-4f735466cecf":"94D79255BB9FB2C83A16F174BD4051D8_element_92","ELEMENT":"94D79255BB9FB2C83A16F174BD4051D8_element_92"}]}
RESULT: {"script":"return (function isElementDisplayed(element) {\n    function nodeIsElement(node) {\n        if (!node) {\n            return false;\n        }\n        switch (node.nodeType) {\n            case Node.ELEMEN ... (7807 more bytes)","args":[{"element-6066-11e4-a52e-4f735466cecf":"94D79255BB9FB2C83A16F174BD4051D8_element_92","ELEMENT":"94D79255BB9FB2C83A16F174BD4051D8_element_92"}]}
COMMAND: POST /session/fe9a4cb14092acd74c7d6b89c1000a10/element - {"using":"css selector","value":".govuk-heading-xl"}
RESULT: {"using":"css selector","value":".govuk-heading-xl"}
COMMAND: GET /session/fe9a4cb14092acd74c7d6b89c1000a10/element/94D79255BB9FB2C83A16F174BD4051D8_element_92/text - {}
RESULT: {}
COMMAND: POST /session/fe9a4cb14092acd74c7d6b89c1000a10/element - {"using":"css selector","value":"h2.govuk-panel__title"}
RESULT: {"using":"css selector","value":"h2.govuk-panel__title"}
COMMAND: POST /session/fe9a4cb14092acd74c7d6b89c1000a10/execute/sync - {"script":"return (function isElementDisplayed(element) {\n    function nodeIsElement(node) {\n        if (!node) {\n            return false;\n        }\n        switch (node.nodeType) {\n            case Node.ELEMEN ... (7807 more bytes)","args":[{"element-6066-11e4-a52e-4f735466cecf":"94D79255BB9FB2C83A16F174BD4051D8_element_93","ELEMENT":"94D79255BB9FB2C83A16F174BD4051D8_element_93"}]}
RESULT: {"script":"return (function isElementDisplayed(element) {\n    function nodeIsElement(node) {\n        if (!node) {\n            return false;\n        }\n        switch (node.nodeType) {\n            case Node.ELEMEN ... (7807 more bytes)","args":[{"element-6066-11e4-a52e-4f735466cecf":"94D79255BB9FB2C83A16F174BD4051D8_element_93","ELEMENT":"94D79255BB9FB2C83A16F174BD4051D8_element_93"}]}
COMMAND: POST /session/fe9a4cb14092acd74c7d6b89c1000a10/element - {"using":"css selector","value":"h2.govuk-panel__title"}
RESULT: {"using":"css selector","value":"h2.govuk-panel__title"}
COMMAND: GET /session/fe9a4cb14092acd74c7d6b89c1000a10/element/94D79255BB9FB2C83A16F174BD4051D8_element_93/text - {}
RESULT: {}
COMMAND: POST /session/fe9a4cb14092acd74c7d6b89c1000a10/element - {"using":"css selector","value":".govuk-panel"}
RESULT: {"using":"css selector","value":".govuk-panel"}
COMMAND: POST /session/fe9a4cb14092acd74c7d6b89c1000a10/execute/sync - {"script":"return (function isElementDisplayed(element) {\n    function nodeIsElement(node) {\n        if (!node) {\n            return false;\n        }\n        switch (node.nodeType) {\n            case Node.ELEMEN ... (7807 more bytes)","args":[{"element-6066-11e4-a52e-4f735466cecf":"94D79255BB9FB2C83A16F174BD4051D8_element_94","ELEMENT":"94D79255BB9FB2C83A16F174BD4051D8_element_94"}]}
RESULT: {"script":"return (function isElementDisplayed(element) {\n    function nodeIsElement(node) {\n        if (!node) {\n            return false;\n        }\n        switch (node.nodeType) {\n            case Node.ELEMEN ... (7807 more bytes)","args":[{"element-6066-11e4-a52e-4f735466cecf":"94D79255BB9FB2C83A16F174BD4051D8_element_94","ELEMENT":"94D79255BB9FB2C83A16F174BD4051D8_element_94"}]}
COMMAND: GET /session/fe9a4cb14092acd74c7d6b89c1000a10/element/94D79255BB9FB2C83A16F174BD4051D8_element_94/css/background-color - {}
RESULT: {}
]]></system-out>
    </testcase>
    <testcase classname="chrome.117_0_5938_132.linux.Invoice_Page_Test.Vendor:_Vendor_Three,Invoice:2023-03" name="should validate reconciliation table data" time="0.733">
      <system-out><![CDATA[
COMMAND: POST /session/fe9a4cb14092acd74c7d6b89c1000a10/url - {"url":"https://pr-509.btm.dev.account.gov.uk/contracts/3/invoices/2023-03"}
RESULT: {"url":"https://pr-509.btm.dev.account.gov.uk/contracts/3/invoices/2023-03"}
COMMAND: POST /session/fe9a4cb14092acd74c7d6b89c1000a10/execute/sync - {"script":"return (() => document.readyState === \"complete\").apply(null, arguments)","args":[]}
RESULT: {"script":"return (() => document.readyState === \"complete\").apply(null, arguments)","args":[]}
COMMAND: GET /session/fe9a4cb14092acd74c7d6b89c1000a10/url - {}
RESULT: {}
COMMAND: POST /session/fe9a4cb14092acd74c7d6b89c1000a10/element - {"using":"css selector","value":".govuk-heading-xl"}
RESULT: {"using":"css selector","value":".govuk-heading-xl"}
COMMAND: POST /session/fe9a4cb14092acd74c7d6b89c1000a10/execute/sync - {"script":"return (function isElementDisplayed(element) {\n    function nodeIsElement(node) {\n        if (!node) {\n            return false;\n        }\n        switch (node.nodeType) {\n            case Node.ELEMEN ... (7807 more bytes)","args":[{"element-6066-11e4-a52e-4f735466cecf":"96DAA214A32CB005C338F4632CB0809A_element_97","ELEMENT":"96DAA214A32CB005C338F4632CB0809A_element_97"}]}
RESULT: {"script":"return (function isElementDisplayed(element) {\n    function nodeIsElement(node) {\n        if (!node) {\n            return false;\n        }\n        switch (node.nodeType) {\n            case Node.ELEMEN ... (7807 more bytes)","args":[{"element-6066-11e4-a52e-4f735466cecf":"96DAA214A32CB005C338F4632CB0809A_element_97","ELEMENT":"96DAA214A32CB005C338F4632CB0809A_element_97"}]}
COMMAND: POST /session/fe9a4cb14092acd74c7d6b89c1000a10/element - {"using":"css selector","value":".govuk-heading-xl"}
RESULT: {"using":"css selector","value":".govuk-heading-xl"}
COMMAND: GET /session/fe9a4cb14092acd74c7d6b89c1000a10/element/96DAA214A32CB005C338F4632CB0809A_element_97/text - {}
RESULT: {}
COMMAND: POST /session/fe9a4cb14092acd74c7d6b89c1000a10/element - {"using":"xpath","value":".//caption[contains(., \"Reconciliation\") and not(.//caption)]"}
RESULT: {"using":"xpath","value":".//caption[contains(., \"Reconciliation\") and not(.//caption)]"}
COMMAND: POST /session/fe9a4cb14092acd74c7d6b89c1000a10/execute/sync - {"script":"return (function (elem, id) {\n        return (function parentElement() {\n        return this.parentElement;\n    }).call(elem, id);\n    }).apply(null, arguments)","args":[{"element-6066-11e4-a52e-4f735466cecf":"96DAA214A32CB005C338F4632CB0809A_element_98","ELEMENT":"96DAA214A32CB005C338F4632CB0809A_element_98"}]}
RESULT: {"script":"return (function (elem, id) {\n        return (function parentElement() {\n        return this.parentElement;\n    }).call(elem, id);\n    }).apply(null, arguments)","args":[{"element-6066-11e4-a52e-4f735466cecf":"96DAA214A32CB005C338F4632CB0809A_element_98","ELEMENT":"96DAA214A32CB005C338F4632CB0809A_element_98"}]}
COMMAND: POST /session/fe9a4cb14092acd74c7d6b89c1000a10/execute/sync - {"script":"return (function isElementDisplayed(element) {\n    function nodeIsElement(node) {\n        if (!node) {\n            return false;\n        }\n        switch (node.nodeType) {\n            case Node.ELEMEN ... (7807 more bytes)","args":[{"element-6066-11e4-a52e-4f735466cecf":"96DAA214A32CB005C338F4632CB0809A_element_99","ELEMENT":"96DAA214A32CB005C338F4632CB0809A_element_99"}]}
RESULT: {"script":"return (function isElementDisplayed(element) {\n    function nodeIsElement(node) {\n        if (!node) {\n            return false;\n        }\n        switch (node.nodeType) {\n            case Node.ELEMEN ... (7807 more bytes)","args":[{"element-6066-11e4-a52e-4f735466cecf":"96DAA214A32CB005C338F4632CB0809A_element_99","ELEMENT":"96DAA214A32CB005C338F4632CB0809A_element_99"}]}
COMMAND: POST /session/fe9a4cb14092acd74c7d6b89c1000a10/element/96DAA214A32CB005C338F4632CB0809A_element_99/elements - {"using":"css selector","value":"tbody tr"}
RESULT: {"using":"css selector","value":"tbody tr"}
COMMAND: POST /session/fe9a4cb14092acd74c7d6b89c1000a10/element/96DAA214A32CB005C338F4632CB0809A_element_99/element - {"using":"css selector","value":"thead tr"}
RESULT: {"using":"css selector","value":"thead tr"}
COMMAND: POST /session/fe9a4cb14092acd74c7d6b89c1000a10/element/96DAA214A32CB005C338F4632CB0809A_element_102/elements - {"using":"css selector","value":"th"}
RESULT: {"using":"css selector","value":"th"}
COMMAND: GET /session/fe9a4cb14092acd74c7d6b89c1000a10/element/96DAA214A32CB005C338F4632CB0809A_element_103/text - {}
COMMAND: GET /session/fe9a4cb14092acd74c7d6b89c1000a10/element/96DAA214A32CB005C338F4632CB0809A_element_104/text - {}
COMMAND: GET /session/fe9a4cb14092acd74c7d6b89c1000a10/element/96DAA214A32CB005C338F4632CB0809A_element_106/text - {}
COMMAND: GET /session/fe9a4cb14092acd74c7d6b89c1000a10/element/96DAA214A32CB005C338F4632CB0809A_element_105/text - {}
COMMAND: GET /session/fe9a4cb14092acd74c7d6b89c1000a10/element/96DAA214A32CB005C338F4632CB0809A_element_107/text - {}
RESULT: {}
RESULT: {}
RESULT: {}
RESULT: {}
RESULT: {}
COMMAND: POST /session/fe9a4cb14092acd74c7d6b89c1000a10/element/96DAA214A32CB005C338F4632CB0809A_element_100/elements - {"using":"css selector","value":"th,td"}
RESULT: {"using":"css selector","value":"th,td"}
COMMAND: GET /session/fe9a4cb14092acd74c7d6b89c1000a10/element/96DAA214A32CB005C338F4632CB0809A_element_108/text - {}
RESULT: {}
COMMAND: GET /session/fe9a4cb14092acd74c7d6b89c1000a10/element/96DAA214A32CB005C338F4632CB0809A_element_109/text - {}
RESULT: {}
COMMAND: GET /session/fe9a4cb14092acd74c7d6b89c1000a10/element/96DAA214A32CB005C338F4632CB0809A_element_110/text - {}
RESULT: {}
COMMAND: GET /session/fe9a4cb14092acd74c7d6b89c1000a10/element/96DAA214A32CB005C338F4632CB0809A_element_111/text - {}
RESULT: {}
COMMAND: GET /session/fe9a4cb14092acd74c7d6b89c1000a10/element/96DAA214A32CB005C338F4632CB0809A_element_112/text - {}
RESULT: {}
COMMAND: POST /session/fe9a4cb14092acd74c7d6b89c1000a10/element/96DAA214A32CB005C338F4632CB0809A_element_101/elements - {"using":"css selector","value":"th,td"}
RESULT: {"using":"css selector","value":"th,td"}
COMMAND: GET /session/fe9a4cb14092acd74c7d6b89c1000a10/element/96DAA214A32CB005C338F4632CB0809A_element_113/text - {}
RESULT: {}
COMMAND: GET /session/fe9a4cb14092acd74c7d6b89c1000a10/element/96DAA214A32CB005C338F4632CB0809A_element_114/text - {}
RESULT: {}
COMMAND: GET /session/fe9a4cb14092acd74c7d6b89c1000a10/element/96DAA214A32CB005C338F4632CB0809A_element_115/text - {}
RESULT: {}
COMMAND: GET /session/fe9a4cb14092acd74c7d6b89c1000a10/element/96DAA214A32CB005C338F4632CB0809A_element_116/text - {}
RESULT: {}
COMMAND: GET /session/fe9a4cb14092acd74c7d6b89c1000a10/element/96DAA214A32CB005C338F4632CB0809A_element_117/text - {}
RESULT: {}
]]></system-out>
    </testcase>
    <testcase classname="chrome.117_0_5938_132.linux.Invoice_Page_Test.Vendor:_Vendor_Three,Invoice:2023-03" name="should validate quantity events table data" time="0.811">
      <system-out><![CDATA[
COMMAND: POST /session/fe9a4cb14092acd74c7d6b89c1000a10/url - {"url":"https://pr-509.btm.dev.account.gov.uk/contracts/3/invoices/2023-03"}
RESULT: {"url":"https://pr-509.btm.dev.account.gov.uk/contracts/3/invoices/2023-03"}
COMMAND: POST /session/fe9a4cb14092acd74c7d6b89c1000a10/execute/sync - {"script":"return (() => document.readyState === \"complete\").apply(null, arguments)","args":[]}
RESULT: {"script":"return (() => document.readyState === \"complete\").apply(null, arguments)","args":[]}
COMMAND: GET /session/fe9a4cb14092acd74c7d6b89c1000a10/url - {}
RESULT: {}
COMMAND: POST /session/fe9a4cb14092acd74c7d6b89c1000a10/element - {"using":"css selector","value":".govuk-heading-xl"}
RESULT: {"using":"css selector","value":".govuk-heading-xl"}
COMMAND: POST /session/fe9a4cb14092acd74c7d6b89c1000a10/execute/sync - {"script":"return (function isElementDisplayed(element) {\n    function nodeIsElement(node) {\n        if (!node) {\n            return false;\n        }\n        switch (node.nodeType) {\n            case Node.ELEMEN ... (7807 more bytes)","args":[{"element-6066-11e4-a52e-4f735466cecf":"478AD3CE8BE46005B156B53A6D78378E_element_120","ELEMENT":"478AD3CE8BE46005B156B53A6D78378E_element_120"}]}
RESULT: {"script":"return (function isElementDisplayed(element) {\n    function nodeIsElement(node) {\n        if (!node) {\n            return false;\n        }\n        switch (node.nodeType) {\n            case Node.ELEMEN ... (7807 more bytes)","args":[{"element-6066-11e4-a52e-4f735466cecf":"478AD3CE8BE46005B156B53A6D78378E_element_120","ELEMENT":"478AD3CE8BE46005B156B53A6D78378E_element_120"}]}
COMMAND: POST /session/fe9a4cb14092acd74c7d6b89c1000a10/element - {"using":"css selector","value":".govuk-heading-xl"}
RESULT: {"using":"css selector","value":".govuk-heading-xl"}
COMMAND: GET /session/fe9a4cb14092acd74c7d6b89c1000a10/element/478AD3CE8BE46005B156B53A6D78378E_element_120/text - {}
RESULT: {}
COMMAND: POST /session/fe9a4cb14092acd74c7d6b89c1000a10/element - {"using":"xpath","value":".//caption[contains(., \"Quantity (events)\") and not(.//caption)]"}
RESULT: {"using":"xpath","value":".//caption[contains(., \"Quantity (events)\") and not(.//caption)]"}
COMMAND: POST /session/fe9a4cb14092acd74c7d6b89c1000a10/execute/sync - {"script":"return (function (elem, id) {\n        return (function parentElement() {\n        return this.parentElement;\n    }).call(elem, id);\n    }).apply(null, arguments)","args":[{"element-6066-11e4-a52e-4f735466cecf":"478AD3CE8BE46005B156B53A6D78378E_element_121","ELEMENT":"478AD3CE8BE46005B156B53A6D78378E_element_121"}]}
RESULT: {"script":"return (function (elem, id) {\n        return (function parentElement() {\n        return this.parentElement;\n    }).call(elem, id);\n    }).apply(null, arguments)","args":[{"element-6066-11e4-a52e-4f735466cecf":"478AD3CE8BE46005B156B53A6D78378E_element_121","ELEMENT":"478AD3CE8BE46005B156B53A6D78378E_element_121"}]}
COMMAND: POST /session/fe9a4cb14092acd74c7d6b89c1000a10/execute/sync - {"script":"return (function isElementDisplayed(element) {\n    function nodeIsElement(node) {\n        if (!node) {\n            return false;\n        }\n        switch (node.nodeType) {\n            case Node.ELEMEN ... (7807 more bytes)","args":[{"element-6066-11e4-a52e-4f735466cecf":"478AD3CE8BE46005B156B53A6D78378E_element_122","ELEMENT":"478AD3CE8BE46005B156B53A6D78378E_element_122"}]}
RESULT: {"script":"return (function isElementDisplayed(element) {\n    function nodeIsElement(node) {\n        if (!node) {\n            return false;\n        }\n        switch (node.nodeType) {\n            case Node.ELEMEN ... (7807 more bytes)","args":[{"element-6066-11e4-a52e-4f735466cecf":"478AD3CE8BE46005B156B53A6D78378E_element_122","ELEMENT":"478AD3CE8BE46005B156B53A6D78378E_element_122"}]}
COMMAND: POST /session/fe9a4cb14092acd74c7d6b89c1000a10/element/478AD3CE8BE46005B156B53A6D78378E_element_122/elements - {"using":"css selector","value":"tbody tr"}
RESULT: {"using":"css selector","value":"tbody tr"}
COMMAND: POST /session/fe9a4cb14092acd74c7d6b89c1000a10/element/478AD3CE8BE46005B156B53A6D78378E_element_122/element - {"using":"css selector","value":"thead tr"}
RESULT: {"using":"css selector","value":"thead tr"}
COMMAND: POST /session/fe9a4cb14092acd74c7d6b89c1000a10/element/478AD3CE8BE46005B156B53A6D78378E_element_125/elements - {"using":"css selector","value":"th"}
RESULT: {"using":"css selector","value":"th"}
COMMAND: GET /session/fe9a4cb14092acd74c7d6b89c1000a10/element/478AD3CE8BE46005B156B53A6D78378E_element_126/text - {}
COMMAND: GET /session/fe9a4cb14092acd74c7d6b89c1000a10/element/478AD3CE8BE46005B156B53A6D78378E_element_127/text - {}
COMMAND: GET /session/fe9a4cb14092acd74c7d6b89c1000a10/element/478AD3CE8BE46005B156B53A6D78378E_element_129/text - {}
COMMAND: GET /session/fe9a4cb14092acd74c7d6b89c1000a10/element/478AD3CE8BE46005B156B53A6D78378E_element_128/text - {}
RESULT: {}
RESULT: {}
RESULT: {}
RESULT: {}
COMMAND: POST /session/fe9a4cb14092acd74c7d6b89c1000a10/element/478AD3CE8BE46005B156B53A6D78378E_element_123/elements - {"using":"css selector","value":"th,td"}
RESULT: {"using":"css selector","value":"th,td"}
COMMAND: GET /session/fe9a4cb14092acd74c7d6b89c1000a10/element/478AD3CE8BE46005B156B53A6D78378E_element_130/text - {}
RESULT: {}
COMMAND: GET /session/fe9a4cb14092acd74c7d6b89c1000a10/element/478AD3CE8BE46005B156B53A6D78378E_element_131/text - {}
RESULT: {}
COMMAND: GET /session/fe9a4cb14092acd74c7d6b89c1000a10/element/478AD3CE8BE46005B156B53A6D78378E_element_132/text - {}
RESULT: {}
COMMAND: GET /session/fe9a4cb14092acd74c7d6b89c1000a10/element/478AD3CE8BE46005B156B53A6D78378E_element_133/text - {}
RESULT: {}
COMMAND: POST /session/fe9a4cb14092acd74c7d6b89c1000a10/element/478AD3CE8BE46005B156B53A6D78378E_element_124/elements - {"using":"css selector","value":"th,td"}
RESULT: {"using":"css selector","value":"th,td"}
COMMAND: GET /session/fe9a4cb14092acd74c7d6b89c1000a10/element/478AD3CE8BE46005B156B53A6D78378E_element_134/text - {}
RESULT: {}
COMMAND: GET /session/fe9a4cb14092acd74c7d6b89c1000a10/element/478AD3CE8BE46005B156B53A6D78378E_element_135/text - {}
RESULT: {}
COMMAND: GET /session/fe9a4cb14092acd74c7d6b89c1000a10/element/478AD3CE8BE46005B156B53A6D78378E_element_136/text - {}
RESULT: {}
COMMAND: GET /session/fe9a4cb14092acd74c7d6b89c1000a10/element/478AD3CE8BE46005B156B53A6D78378E_element_137/text - {}
RESULT: {}
]]></system-out>
    </testcase>
    <testcase classname="chrome.117_0_5938_132.linux.Invoice_Page_Test.Vendor:_Vendor_Three,Invoice:2023-03" name="should validate price table data" time="1.248">
      <system-out><![CDATA[
COMMAND: POST /session/fe9a4cb14092acd74c7d6b89c1000a10/url - {"url":"https://pr-509.btm.dev.account.gov.uk/contracts/3/invoices/2023-03"}
RESULT: {"url":"https://pr-509.btm.dev.account.gov.uk/contracts/3/invoices/2023-03"}
COMMAND: POST /session/fe9a4cb14092acd74c7d6b89c1000a10/execute/sync - {"script":"return (() => document.readyState === \"complete\").apply(null, arguments)","args":[]}
RESULT: {"script":"return (() => document.readyState === \"complete\").apply(null, arguments)","args":[]}
COMMAND: GET /session/fe9a4cb14092acd74c7d6b89c1000a10/url - {}
RESULT: {}
COMMAND: POST /session/fe9a4cb14092acd74c7d6b89c1000a10/element - {"using":"css selector","value":".govuk-heading-xl"}
RESULT: {"using":"css selector","value":".govuk-heading-xl"}
COMMAND: POST /session/fe9a4cb14092acd74c7d6b89c1000a10/execute/sync - {"script":"return (function isElementDisplayed(element) {\n    function nodeIsElement(node) {\n        if (!node) {\n            return false;\n        }\n        switch (node.nodeType) {\n            case Node.ELEMEN ... (7807 more bytes)","args":[{"element-6066-11e4-a52e-4f735466cecf":"A69716C91DE296D155A9D71263D50732_element_140","ELEMENT":"A69716C91DE296D155A9D71263D50732_element_140"}]}
RESULT: {"script":"return (function isElementDisplayed(element) {\n    function nodeIsElement(node) {\n        if (!node) {\n            return false;\n        }\n        switch (node.nodeType) {\n            case Node.ELEMEN ... (7807 more bytes)","args":[{"element-6066-11e4-a52e-4f735466cecf":"A69716C91DE296D155A9D71263D50732_element_140","ELEMENT":"A69716C91DE296D155A9D71263D50732_element_140"}]}
COMMAND: POST /session/fe9a4cb14092acd74c7d6b89c1000a10/element - {"using":"css selector","value":".govuk-heading-xl"}
RESULT: {"using":"css selector","value":".govuk-heading-xl"}
COMMAND: GET /session/fe9a4cb14092acd74c7d6b89c1000a10/element/A69716C91DE296D155A9D71263D50732_element_140/text - {}
RESULT: {}
COMMAND: POST /session/fe9a4cb14092acd74c7d6b89c1000a10/element - {"using":"xpath","value":".//caption[contains(., \"Price\") and not(.//caption)]"}
RESULT: {"using":"xpath","value":".//caption[contains(., \"Price\") and not(.//caption)]"}
COMMAND: POST /session/fe9a4cb14092acd74c7d6b89c1000a10/execute/sync - {"script":"return (function (elem, id) {\n        return (function parentElement() {\n        return this.parentElement;\n    }).call(elem, id);\n    }).apply(null, arguments)","args":[{"element-6066-11e4-a52e-4f735466cecf":"A69716C91DE296D155A9D71263D50732_element_141","ELEMENT":"A69716C91DE296D155A9D71263D50732_element_141"}]}
RESULT: {"script":"return (function (elem, id) {\n        return (function parentElement() {\n        return this.parentElement;\n    }).call(elem, id);\n    }).apply(null, arguments)","args":[{"element-6066-11e4-a52e-4f735466cecf":"A69716C91DE296D155A9D71263D50732_element_141","ELEMENT":"A69716C91DE296D155A9D71263D50732_element_141"}]}
COMMAND: POST /session/fe9a4cb14092acd74c7d6b89c1000a10/execute/sync - {"script":"return (function isElementDisplayed(element) {\n    function nodeIsElement(node) {\n        if (!node) {\n            return false;\n        }\n        switch (node.nodeType) {\n            case Node.ELEMEN ... (7807 more bytes)","args":[{"element-6066-11e4-a52e-4f735466cecf":"A69716C91DE296D155A9D71263D50732_element_142","ELEMENT":"A69716C91DE296D155A9D71263D50732_element_142"}]}
RESULT: {"script":"return (function isElementDisplayed(element) {\n    function nodeIsElement(node) {\n        if (!node) {\n            return false;\n        }\n        switch (node.nodeType) {\n            case Node.ELEMEN ... (7807 more bytes)","args":[{"element-6066-11e4-a52e-4f735466cecf":"A69716C91DE296D155A9D71263D50732_element_142","ELEMENT":"A69716C91DE296D155A9D71263D50732_element_142"}]}
COMMAND: POST /session/fe9a4cb14092acd74c7d6b89c1000a10/element/A69716C91DE296D155A9D71263D50732_element_142/elements - {"using":"css selector","value":"tbody tr"}
RESULT: {"using":"css selector","value":"tbody tr"}
COMMAND: POST /session/fe9a4cb14092acd74c7d6b89c1000a10/element/A69716C91DE296D155A9D71263D50732_element_142/element - {"using":"css selector","value":"thead tr"}
RESULT: {"using":"css selector","value":"thead tr"}
COMMAND: POST /session/fe9a4cb14092acd74c7d6b89c1000a10/element/A69716C91DE296D155A9D71263D50732_element_145/elements - {"using":"css selector","value":"th"}
RESULT: {"using":"css selector","value":"th"}
COMMAND: GET /session/fe9a4cb14092acd74c7d6b89c1000a10/element/A69716C91DE296D155A9D71263D50732_element_146/text - {}
COMMAND: GET /session/fe9a4cb14092acd74c7d6b89c1000a10/element/A69716C91DE296D155A9D71263D50732_element_147/text - {}
COMMAND: GET /session/fe9a4cb14092acd74c7d6b89c1000a10/element/A69716C91DE296D155A9D71263D50732_element_149/text - {}
COMMAND: GET /session/fe9a4cb14092acd74c7d6b89c1000a10/element/A69716C91DE296D155A9D71263D50732_element_148/text - {}
RESULT: {}
RESULT: {}
RESULT: {}
RESULT: {}
COMMAND: POST /session/fe9a4cb14092acd74c7d6b89c1000a10/element/A69716C91DE296D155A9D71263D50732_element_143/elements - {"using":"css selector","value":"th,td"}
RESULT: {"using":"css selector","value":"th,td"}
COMMAND: GET /session/fe9a4cb14092acd74c7d6b89c1000a10/element/A69716C91DE296D155A9D71263D50732_element_150/text - {}
RESULT: {}
COMMAND: GET /session/fe9a4cb14092acd74c7d6b89c1000a10/element/A69716C91DE296D155A9D71263D50732_element_151/text - {}
RESULT: {}
COMMAND: GET /session/fe9a4cb14092acd74c7d6b89c1000a10/element/A69716C91DE296D155A9D71263D50732_element_152/text - {}
RESULT: {}
COMMAND: GET /session/fe9a4cb14092acd74c7d6b89c1000a10/element/A69716C91DE296D155A9D71263D50732_element_153/text - {}
RESULT: {}
COMMAND: POST /session/fe9a4cb14092acd74c7d6b89c1000a10/element/A69716C91DE296D155A9D71263D50732_element_144/elements - {"using":"css selector","value":"th,td"}
RESULT: {"using":"css selector","value":"th,td"}
COMMAND: GET /session/fe9a4cb14092acd74c7d6b89c1000a10/element/A69716C91DE296D155A9D71263D50732_element_154/text - {}
RESULT: {}
COMMAND: GET /session/fe9a4cb14092acd74c7d6b89c1000a10/element/A69716C91DE296D155A9D71263D50732_element_155/text - {}
RESULT: {}
COMMAND: GET /session/fe9a4cb14092acd74c7d6b89c1000a10/element/A69716C91DE296D155A9D71263D50732_element_156/text - {}
RESULT: {}
COMMAND: GET /session/fe9a4cb14092acd74c7d6b89c1000a10/element/A69716C91DE296D155A9D71263D50732_element_157/text - {}
RESULT: {}
]]></system-out>
    </testcase>
    <testcase classname="chrome.117_0_5938_132.linux.Invoice_Page_Test.Vendor:_Vendor_Three,Invoice:2023-03" name="should validate measured events table data" time="0.854">
      <system-out><![CDATA[
COMMAND: POST /session/fe9a4cb14092acd74c7d6b89c1000a10/url - {"url":"https://pr-509.btm.dev.account.gov.uk/contracts/3/invoices/2023-03"}
RESULT: {"url":"https://pr-509.btm.dev.account.gov.uk/contracts/3/invoices/2023-03"}
COMMAND: POST /session/fe9a4cb14092acd74c7d6b89c1000a10/execute/sync - {"script":"return (() => document.readyState === \"complete\").apply(null, arguments)","args":[]}
RESULT: {"script":"return (() => document.readyState === \"complete\").apply(null, arguments)","args":[]}
COMMAND: GET /session/fe9a4cb14092acd74c7d6b89c1000a10/url - {}
RESULT: {}
COMMAND: POST /session/fe9a4cb14092acd74c7d6b89c1000a10/element - {"using":"css selector","value":".govuk-heading-xl"}
RESULT: {"using":"css selector","value":".govuk-heading-xl"}
COMMAND: POST /session/fe9a4cb14092acd74c7d6b89c1000a10/execute/sync - {"script":"return (function isElementDisplayed(element) {\n    function nodeIsElement(node) {\n        if (!node) {\n            return false;\n        }\n        switch (node.nodeType) {\n            case Node.ELEMEN ... (7807 more bytes)","args":[{"element-6066-11e4-a52e-4f735466cecf":"498FDAC34CB89B07CBBC21C76F796A79_element_160","ELEMENT":"498FDAC34CB89B07CBBC21C76F796A79_element_160"}]}
RESULT: {"script":"return (function isElementDisplayed(element) {\n    function nodeIsElement(node) {\n        if (!node) {\n            return false;\n        }\n        switch (node.nodeType) {\n            case Node.ELEMEN ... (7807 more bytes)","args":[{"element-6066-11e4-a52e-4f735466cecf":"498FDAC34CB89B07CBBC21C76F796A79_element_160","ELEMENT":"498FDAC34CB89B07CBBC21C76F796A79_element_160"}]}
COMMAND: POST /session/fe9a4cb14092acd74c7d6b89c1000a10/element - {"using":"css selector","value":".govuk-heading-xl"}
RESULT: {"using":"css selector","value":".govuk-heading-xl"}
COMMAND: GET /session/fe9a4cb14092acd74c7d6b89c1000a10/element/498FDAC34CB89B07CBBC21C76F796A79_element_160/text - {}
RESULT: {}
COMMAND: POST /session/fe9a4cb14092acd74c7d6b89c1000a10/element - {"using":"xpath","value":".//caption[contains(., \"Measured (events)\") and not(.//caption)]"}
RESULT: {"using":"xpath","value":".//caption[contains(., \"Measured (events)\") and not(.//caption)]"}
COMMAND: POST /session/fe9a4cb14092acd74c7d6b89c1000a10/execute/sync - {"script":"return (function (elem, id) {\n        return (function parentElement() {\n        return this.parentElement;\n    }).call(elem, id);\n    }).apply(null, arguments)","args":[{"element-6066-11e4-a52e-4f735466cecf":"498FDAC34CB89B07CBBC21C76F796A79_element_161","ELEMENT":"498FDAC34CB89B07CBBC21C76F796A79_element_161"}]}
RESULT: {"script":"return (function (elem, id) {\n        return (function parentElement() {\n        return this.parentElement;\n    }).call(elem, id);\n    }).apply(null, arguments)","args":[{"element-6066-11e4-a52e-4f735466cecf":"498FDAC34CB89B07CBBC21C76F796A79_element_161","ELEMENT":"498FDAC34CB89B07CBBC21C76F796A79_element_161"}]}
COMMAND: POST /session/fe9a4cb14092acd74c7d6b89c1000a10/execute/sync - {"script":"return (function isElementDisplayed(element) {\n    function nodeIsElement(node) {\n        if (!node) {\n            return false;\n        }\n        switch (node.nodeType) {\n            case Node.ELEMEN ... (7807 more bytes)","args":[{"element-6066-11e4-a52e-4f735466cecf":"498FDAC34CB89B07CBBC21C76F796A79_element_162","ELEMENT":"498FDAC34CB89B07CBBC21C76F796A79_element_162"}]}
RESULT: {"script":"return (function isElementDisplayed(element) {\n    function nodeIsElement(node) {\n        if (!node) {\n            return false;\n        }\n        switch (node.nodeType) {\n            case Node.ELEMEN ... (7807 more bytes)","args":[{"element-6066-11e4-a52e-4f735466cecf":"498FDAC34CB89B07CBBC21C76F796A79_element_162","ELEMENT":"498FDAC34CB89B07CBBC21C76F796A79_element_162"}]}
COMMAND: POST /session/fe9a4cb14092acd74c7d6b89c1000a10/element/498FDAC34CB89B07CBBC21C76F796A79_element_162/elements - {"using":"css selector","value":"tbody tr"}
RESULT: {"using":"css selector","value":"tbody tr"}
COMMAND: POST /session/fe9a4cb14092acd74c7d6b89c1000a10/element/498FDAC34CB89B07CBBC21C76F796A79_element_162/element - {"using":"css selector","value":"thead tr"}
RESULT: {"using":"css selector","value":"thead tr"}
COMMAND: POST /session/fe9a4cb14092acd74c7d6b89c1000a10/element/498FDAC34CB89B07CBBC21C76F796A79_element_165/elements - {"using":"css selector","value":"th"}
RESULT: {"using":"css selector","value":"th"}
COMMAND: GET /session/fe9a4cb14092acd74c7d6b89c1000a10/element/498FDAC34CB89B07CBBC21C76F796A79_element_166/text - {}
COMMAND: GET /session/fe9a4cb14092acd74c7d6b89c1000a10/element/498FDAC34CB89B07CBBC21C76F796A79_element_167/text - {}
RESULT: {}
RESULT: {}
COMMAND: POST /session/fe9a4cb14092acd74c7d6b89c1000a10/element/498FDAC34CB89B07CBBC21C76F796A79_element_163/elements - {"using":"css selector","value":"th,td"}
RESULT: {"using":"css selector","value":"th,td"}
COMMAND: GET /session/fe9a4cb14092acd74c7d6b89c1000a10/element/498FDAC34CB89B07CBBC21C76F796A79_element_168/text - {}
RESULT: {}
COMMAND: GET /session/fe9a4cb14092acd74c7d6b89c1000a10/element/498FDAC34CB89B07CBBC21C76F796A79_element_169/text - {}
RESULT: {}
COMMAND: POST /session/fe9a4cb14092acd74c7d6b89c1000a10/element/498FDAC34CB89B07CBBC21C76F796A79_element_164/elements - {"using":"css selector","value":"th,td"}
RESULT: {"using":"css selector","value":"th,td"}
COMMAND: GET /session/fe9a4cb14092acd74c7d6b89c1000a10/element/498FDAC34CB89B07CBBC21C76F796A79_element_170/text - {}
RESULT: {}
COMMAND: GET /session/fe9a4cb14092acd74c7d6b89c1000a10/element/498FDAC34CB89B07CBBC21C76F796A79_element_171/text - {}
RESULT: {}
]]></system-out>
    </testcase>
    <testcase classname="chrome.117_0_5938_132.linux.Invoice_Page_Test.Vendor:_Vendor_Three,Invoice:2023-03" name="should validate invoice table data" time="0.813">
      <system-out><![CDATA[
COMMAND: POST /session/fe9a4cb14092acd74c7d6b89c1000a10/url - {"url":"https://pr-509.btm.dev.account.gov.uk/contracts/3/invoices/2023-03"}
RESULT: {"url":"https://pr-509.btm.dev.account.gov.uk/contracts/3/invoices/2023-03"}
COMMAND: POST /session/fe9a4cb14092acd74c7d6b89c1000a10/execute/sync - {"script":"return (() => document.readyState === \"complete\").apply(null, arguments)","args":[]}
RESULT: {"script":"return (() => document.readyState === \"complete\").apply(null, arguments)","args":[]}
COMMAND: GET /session/fe9a4cb14092acd74c7d6b89c1000a10/url - {}
RESULT: {}
COMMAND: POST /session/fe9a4cb14092acd74c7d6b89c1000a10/element - {"using":"css selector","value":".govuk-heading-xl"}
RESULT: {"using":"css selector","value":".govuk-heading-xl"}
COMMAND: POST /session/fe9a4cb14092acd74c7d6b89c1000a10/execute/sync - {"script":"return (function isElementDisplayed(element) {\n    function nodeIsElement(node) {\n        if (!node) {\n            return false;\n        }\n        switch (node.nodeType) {\n            case Node.ELEMEN ... (7807 more bytes)","args":[{"element-6066-11e4-a52e-4f735466cecf":"F72CDAF455C91FCB8523AAE4952E147E_element_174","ELEMENT":"F72CDAF455C91FCB8523AAE4952E147E_element_174"}]}
RESULT: {"script":"return (function isElementDisplayed(element) {\n    function nodeIsElement(node) {\n        if (!node) {\n            return false;\n        }\n        switch (node.nodeType) {\n            case Node.ELEMEN ... (7807 more bytes)","args":[{"element-6066-11e4-a52e-4f735466cecf":"F72CDAF455C91FCB8523AAE4952E147E_element_174","ELEMENT":"F72CDAF455C91FCB8523AAE4952E147E_element_174"}]}
COMMAND: POST /session/fe9a4cb14092acd74c7d6b89c1000a10/element - {"using":"css selector","value":".govuk-heading-xl"}
RESULT: {"using":"css selector","value":".govuk-heading-xl"}
COMMAND: GET /session/fe9a4cb14092acd74c7d6b89c1000a10/element/F72CDAF455C91FCB8523AAE4952E147E_element_174/text - {}
RESULT: {}
COMMAND: POST /session/fe9a4cb14092acd74c7d6b89c1000a10/element - {"using":"xpath","value":".//caption[contains(., \"Invoice\") and not(.//caption)]"}
RESULT: {"using":"xpath","value":".//caption[contains(., \"Invoice\") and not(.//caption)]"}
COMMAND: POST /session/fe9a4cb14092acd74c7d6b89c1000a10/execute/sync - {"script":"return (function (elem, id) {\n        return (function parentElement() {\n        return this.parentElement;\n    }).call(elem, id);\n    }).apply(null, arguments)","args":[{"element-6066-11e4-a52e-4f735466cecf":"F72CDAF455C91FCB8523AAE4952E147E_element_175","ELEMENT":"F72CDAF455C91FCB8523AAE4952E147E_element_175"}]}
RESULT: {"script":"return (function (elem, id) {\n        return (function parentElement() {\n        return this.parentElement;\n    }).call(elem, id);\n    }).apply(null, arguments)","args":[{"element-6066-11e4-a52e-4f735466cecf":"F72CDAF455C91FCB8523AAE4952E147E_element_175","ELEMENT":"F72CDAF455C91FCB8523AAE4952E147E_element_175"}]}
COMMAND: POST /session/fe9a4cb14092acd74c7d6b89c1000a10/execute/sync - {"script":"return (function isElementDisplayed(element) {\n    function nodeIsElement(node) {\n        if (!node) {\n            return false;\n        }\n        switch (node.nodeType) {\n            case Node.ELEMEN ... (7807 more bytes)","args":[{"element-6066-11e4-a52e-4f735466cecf":"F72CDAF455C91FCB8523AAE4952E147E_element_176","ELEMENT":"F72CDAF455C91FCB8523AAE4952E147E_element_176"}]}
RESULT: {"script":"return (function isElementDisplayed(element) {\n    function nodeIsElement(node) {\n        if (!node) {\n            return false;\n        }\n        switch (node.nodeType) {\n            case Node.ELEMEN ... (7807 more bytes)","args":[{"element-6066-11e4-a52e-4f735466cecf":"F72CDAF455C91FCB8523AAE4952E147E_element_176","ELEMENT":"F72CDAF455C91FCB8523AAE4952E147E_element_176"}]}
COMMAND: POST /session/fe9a4cb14092acd74c7d6b89c1000a10/element/F72CDAF455C91FCB8523AAE4952E147E_element_176/elements - {"using":"css selector","value":"tbody tr"}
RESULT: {"using":"css selector","value":"tbody tr"}
COMMAND: POST /session/fe9a4cb14092acd74c7d6b89c1000a10/element/F72CDAF455C91FCB8523AAE4952E147E_element_176/element - {"using":"css selector","value":"thead tr"}
RESULT: {"using":"css selector","value":"thead tr"}
COMMAND: POST /session/fe9a4cb14092acd74c7d6b89c1000a10/element/F72CDAF455C91FCB8523AAE4952E147E_element_180/elements - {"using":"css selector","value":"th"}
RESULT: {"using":"css selector","value":"th"}
COMMAND: GET /session/fe9a4cb14092acd74c7d6b89c1000a10/element/F72CDAF455C91FCB8523AAE4952E147E_element_181/text - {}
COMMAND: GET /session/fe9a4cb14092acd74c7d6b89c1000a10/element/F72CDAF455C91FCB8523AAE4952E147E_element_182/text - {}
COMMAND: GET /session/fe9a4cb14092acd74c7d6b89c1000a10/element/F72CDAF455C91FCB8523AAE4952E147E_element_184/text - {}
COMMAND: GET /session/fe9a4cb14092acd74c7d6b89c1000a10/element/F72CDAF455C91FCB8523AAE4952E147E_element_183/text - {}
COMMAND: GET /session/fe9a4cb14092acd74c7d6b89c1000a10/element/F72CDAF455C91FCB8523AAE4952E147E_element_185/text - {}
RESULT: {}
RESULT: {}
RESULT: {}
RESULT: {}
RESULT: {}
COMMAND: POST /session/fe9a4cb14092acd74c7d6b89c1000a10/element/F72CDAF455C91FCB8523AAE4952E147E_element_177/elements - {"using":"css selector","value":"th,td"}
RESULT: {"using":"css selector","value":"th,td"}
COMMAND: GET /session/fe9a4cb14092acd74c7d6b89c1000a10/element/F72CDAF455C91FCB8523AAE4952E147E_element_186/text - {}
RESULT: {}
COMMAND: GET /session/fe9a4cb14092acd74c7d6b89c1000a10/element/F72CDAF455C91FCB8523AAE4952E147E_element_187/text - {}
RESULT: {}
COMMAND: GET /session/fe9a4cb14092acd74c7d6b89c1000a10/element/F72CDAF455C91FCB8523AAE4952E147E_element_188/text - {}
RESULT: {}
COMMAND: GET /session/fe9a4cb14092acd74c7d6b89c1000a10/element/F72CDAF455C91FCB8523AAE4952E147E_element_189/text - {}
RESULT: {}
COMMAND: GET /session/fe9a4cb14092acd74c7d6b89c1000a10/element/F72CDAF455C91FCB8523AAE4952E147E_element_190/text - {}
RESULT: {}
COMMAND: POST /session/fe9a4cb14092acd74c7d6b89c1000a10/element/F72CDAF455C91FCB8523AAE4952E147E_element_178/elements - {"using":"css selector","value":"th,td"}
RESULT: {"using":"css selector","value":"th,td"}
COMMAND: GET /session/fe9a4cb14092acd74c7d6b89c1000a10/element/F72CDAF455C91FCB8523AAE4952E147E_element_191/text - {}
RESULT: {}
COMMAND: GET /session/fe9a4cb14092acd74c7d6b89c1000a10/element/F72CDAF455C91FCB8523AAE4952E147E_element_192/text - {}
RESULT: {}
COMMAND: GET /session/fe9a4cb14092acd74c7d6b89c1000a10/element/F72CDAF455C91FCB8523AAE4952E147E_element_193/text - {}
RESULT: {}
COMMAND: GET /session/fe9a4cb14092acd74c7d6b89c1000a10/element/F72CDAF455C91FCB8523AAE4952E147E_element_194/text - {}
RESULT: {}
COMMAND: GET /session/fe9a4cb14092acd74c7d6b89c1000a10/element/F72CDAF455C91FCB8523AAE4952E147E_element_195/text - {}
RESULT: {}
COMMAND: POST /session/fe9a4cb14092acd74c7d6b89c1000a10/element/F72CDAF455C91FCB8523AAE4952E147E_element_179/elements - {"using":"css selector","value":"th,td"}
RESULT: {"using":"css selector","value":"th,td"}
COMMAND: GET /session/fe9a4cb14092acd74c7d6b89c1000a10/element/F72CDAF455C91FCB8523AAE4952E147E_element_196/text - {}
RESULT: {}
COMMAND: GET /session/fe9a4cb14092acd74c7d6b89c1000a10/element/F72CDAF455C91FCB8523AAE4952E147E_element_197/text - {}
RESULT: {}
COMMAND: GET /session/fe9a4cb14092acd74c7d6b89c1000a10/element/F72CDAF455C91FCB8523AAE4952E147E_element_198/text - {}
RESULT: {}
COMMAND: GET /session/fe9a4cb14092acd74c7d6b89c1000a10/element/F72CDAF455C91FCB8523AAE4952E147E_element_199/text - {}
RESULT: {}
COMMAND: GET /session/fe9a4cb14092acd74c7d6b89c1000a10/element/F72CDAF455C91FCB8523AAE4952E147E_element_200/text - {}
RESULT: {}
]]></system-out>
    </testcase>
  </testsuite>
  <testsuite name="Vendor Vendor Three Invoice 2005 08" timestamp="2023-10-11T20:56:59" time="4.419" tests="6" failures="0" errors="0" skipped="0">
    <properties>
      <property name="specId" value="0"/>
      <property name="suiteName" value="Vendor: Vendor Three,Invoice:2005-08"/>
      <property name="capabilities" value="chrome.117_0_5938_132.linux"/>
      <property name="file" value="file://./ui-tests/specs/invoice.spec.ts"/>
    </properties>
    <testcase classname="chrome.117_0_5938_132.linux.Invoice_Page_Test.Vendor:_Vendor_Three,Invoice:2005-08" name="should display correct status banner color and message" time="0.694">
      <system-out><![CDATA[
COMMAND: POST /session/fe9a4cb14092acd74c7d6b89c1000a10/url - {"url":"https://pr-509.btm.dev.account.gov.uk/contracts/3/invoices/2005-08"}
RESULT: {"url":"https://pr-509.btm.dev.account.gov.uk/contracts/3/invoices/2005-08"}
COMMAND: POST /session/fe9a4cb14092acd74c7d6b89c1000a10/execute/sync - {"script":"return (() => document.readyState === \"complete\").apply(null, arguments)","args":[]}
RESULT: {"script":"return (() => document.readyState === \"complete\").apply(null, arguments)","args":[]}
COMMAND: GET /session/fe9a4cb14092acd74c7d6b89c1000a10/url - {}
RESULT: {}
COMMAND: POST /session/fe9a4cb14092acd74c7d6b89c1000a10/element - {"using":"css selector","value":".govuk-heading-xl"}
RESULT: {"using":"css selector","value":".govuk-heading-xl"}
COMMAND: POST /session/fe9a4cb14092acd74c7d6b89c1000a10/execute/sync - {"script":"return (function isElementDisplayed(element) {\n    function nodeIsElement(node) {\n        if (!node) {\n            return false;\n        }\n        switch (node.nodeType) {\n            case Node.ELEMEN ... (7807 more bytes)","args":[{"element-6066-11e4-a52e-4f735466cecf":"EEF623289B823E045A2A9A55CBD81E0F_element_205","ELEMENT":"EEF623289B823E045A2A9A55CBD81E0F_element_205"}]}
RESULT: {"script":"return (function isElementDisplayed(element) {\n    function nodeIsElement(node) {\n        if (!node) {\n            return false;\n        }\n        switch (node.nodeType) {\n            case Node.ELEMEN ... (7807 more bytes)","args":[{"element-6066-11e4-a52e-4f735466cecf":"EEF623289B823E045A2A9A55CBD81E0F_element_205","ELEMENT":"EEF623289B823E045A2A9A55CBD81E0F_element_205"}]}
COMMAND: POST /session/fe9a4cb14092acd74c7d6b89c1000a10/element - {"using":"css selector","value":".govuk-heading-xl"}
RESULT: {"using":"css selector","value":".govuk-heading-xl"}
COMMAND: GET /session/fe9a4cb14092acd74c7d6b89c1000a10/element/EEF623289B823E045A2A9A55CBD81E0F_element_205/text - {}
RESULT: {}
COMMAND: POST /session/fe9a4cb14092acd74c7d6b89c1000a10/element - {"using":"css selector","value":"h2.govuk-panel__title"}
RESULT: {"using":"css selector","value":"h2.govuk-panel__title"}
COMMAND: POST /session/fe9a4cb14092acd74c7d6b89c1000a10/execute/sync - {"script":"return (function isElementDisplayed(element) {\n    function nodeIsElement(node) {\n        if (!node) {\n            return false;\n        }\n        switch (node.nodeType) {\n            case Node.ELEMEN ... (7807 more bytes)","args":[{"element-6066-11e4-a52e-4f735466cecf":"EEF623289B823E045A2A9A55CBD81E0F_element_206","ELEMENT":"EEF623289B823E045A2A9A55CBD81E0F_element_206"}]}
RESULT: {"script":"return (function isElementDisplayed(element) {\n    function nodeIsElement(node) {\n        if (!node) {\n            return false;\n        }\n        switch (node.nodeType) {\n            case Node.ELEMEN ... (7807 more bytes)","args":[{"element-6066-11e4-a52e-4f735466cecf":"EEF623289B823E045A2A9A55CBD81E0F_element_206","ELEMENT":"EEF623289B823E045A2A9A55CBD81E0F_element_206"}]}
COMMAND: POST /session/fe9a4cb14092acd74c7d6b89c1000a10/element - {"using":"css selector","value":"h2.govuk-panel__title"}
RESULT: {"using":"css selector","value":"h2.govuk-panel__title"}
COMMAND: GET /session/fe9a4cb14092acd74c7d6b89c1000a10/element/EEF623289B823E045A2A9A55CBD81E0F_element_206/text - {}
RESULT: {}
COMMAND: POST /session/fe9a4cb14092acd74c7d6b89c1000a10/element - {"using":"css selector","value":".govuk-panel"}
RESULT: {"using":"css selector","value":".govuk-panel"}
COMMAND: POST /session/fe9a4cb14092acd74c7d6b89c1000a10/execute/sync - {"script":"return (function isElementDisplayed(element) {\n    function nodeIsElement(node) {\n        if (!node) {\n            return false;\n        }\n        switch (node.nodeType) {\n            case Node.ELEMEN ... (7807 more bytes)","args":[{"element-6066-11e4-a52e-4f735466cecf":"EEF623289B823E045A2A9A55CBD81E0F_element_203","ELEMENT":"EEF623289B823E045A2A9A55CBD81E0F_element_203"}]}
[...]
COMMAND: POST /session/fe9a4cb14092acd74c7d6b89c1000a10/element/80FA2408FF47A124EAE7EAAB6C0A4683_element_1700/elements - {"using":"css selector","value":"th"}
RESULT: {"using":"css selector","value":"th"}
COMMAND: GET /session/fe9a4cb14092acd74c7d6b89c1000a10/element/80FA2408FF47A124EAE7EAAB6C0A4683_element_1701/text - {}
COMMAND: GET /session/fe9a4cb14092acd74c7d6b89c1000a10/element/80FA2408FF47A124EAE7EAAB6C0A4683_element_1702/text - {}
COMMAND: GET /session/fe9a4cb14092acd74c7d6b89c1000a10/element/80FA2408FF47A124EAE7EAAB6C0A4683_element_1704/text - {}
COMMAND: GET /session/fe9a4cb14092acd74c7d6b89c1000a10/element/80FA2408FF47A124EAE7EAAB6C0A4683_element_1703/text - {}
RESULT: {}
RESULT: {}
RESULT: {}
RESULT: {}
COMMAND: POST /session/fe9a4cb14092acd74c7d6b89c1000a10/element/80FA2408FF47A124EAE7EAAB6C0A4683_element_1699/elements - {"using":"css selector","value":"th,td"}
RESULT: {"using":"css selector","value":"th,td"}
COMMAND: GET /session/fe9a4cb14092acd74c7d6b89c1000a10/element/80FA2408FF47A124EAE7EAAB6C0A4683_element_1705/text - {}
RESULT: {}
COMMAND: GET /session/fe9a4cb14092acd74c7d6b89c1000a10/element/80FA2408FF47A124EAE7EAAB6C0A4683_element_1706/text - {}
RESULT: {}
COMMAND: GET /session/fe9a4cb14092acd74c7d6b89c1000a10/element/80FA2408FF47A124EAE7EAAB6C0A4683_element_1707/text - {}
RESULT: {}
COMMAND: GET /session/fe9a4cb14092acd74c7d6b89c1000a10/element/80FA2408FF47A124EAE7EAAB6C0A4683_element_1708/text - {}
RESULT: {}
]]></system-out>
    </testcase>
    <testcase classname="chrome.117_0_5938_132.linux.Invoice_Page_Test.Vendor:_Vendor_Six,Invoice:2005-Q2" name="should validate price table data" time="0.608">
      <system-out><![CDATA[
COMMAND: POST /session/fe9a4cb14092acd74c7d6b89c1000a10/url - {"url":"https://pr-509.btm.dev.account.gov.uk/contracts/6/invoices/2005-q2"}
RESULT: {"url":"https://pr-509.btm.dev.account.gov.uk/contracts/6/invoices/2005-q2"}
COMMAND: POST /session/fe9a4cb14092acd74c7d6b89c1000a10/execute/sync - {"script":"return (() => document.readyState === \"complete\").apply(null, arguments)","args":[]}
RESULT: {"script":"return (() => document.readyState === \"complete\").apply(null, arguments)","args":[]}
COMMAND: GET /session/fe9a4cb14092acd74c7d6b89c1000a10/url - {}
RESULT: {}
COMMAND: POST /session/fe9a4cb14092acd74c7d6b89c1000a10/element - {"using":"css selector","value":".govuk-heading-xl"}
RESULT: {"using":"css selector","value":".govuk-heading-xl"}
COMMAND: POST /session/fe9a4cb14092acd74c7d6b89c1000a10/execute/sync - {"script":"return (function isElementDisplayed(element) {\n    function nodeIsElement(node) {\n        if (!node) {\n            return false;\n        }\n        switch (node.nodeType) {\n            case Node.ELEMEN ... (7807 more bytes)","args":[{"element-6066-11e4-a52e-4f735466cecf":"CDD9993F6643D734BC1E3C3A30D457D2_element_1711","ELEMENT":"CDD9993F6643D734BC1E3C3A30D457D2_element_1711"}]}
RESULT: {"script":"return (function isElementDisplayed(element) {\n    function nodeIsElement(node) {\n        if (!node) {\n            return false;\n        }\n        switch (node.nodeType) {\n            case Node.ELEMEN ... (7807 more bytes)","args":[{"element-6066-11e4-a52e-4f735466cecf":"CDD9993F6643D734BC1E3C3A30D457D2_element_1711","ELEMENT":"CDD9993F6643D734BC1E3C3A30D457D2_element_1711"}]}
COMMAND: POST /session/fe9a4cb14092acd74c7d6b89c1000a10/element - {"using":"css selector","value":".govuk-heading-xl"}
RESULT: {"using":"css selector","value":".govuk-heading-xl"}
COMMAND: GET /session/fe9a4cb14092acd74c7d6b89c1000a10/element/CDD9993F6643D734BC1E3C3A30D457D2_element_1711/text - {}
RESULT: {}
COMMAND: POST /session/fe9a4cb14092acd74c7d6b89c1000a10/element - {"using":"xpath","value":".//caption[contains(., \"Price\") and not(.//caption)]"}
RESULT: {"using":"xpath","value":".//caption[contains(., \"Price\") and not(.//caption)]"}
COMMAND: POST /session/fe9a4cb14092acd74c7d6b89c1000a10/execute/sync - {"script":"return (function (elem, id) {\n        return (function parentElement() {\n        return this.parentElement;\n    }).call(elem, id);\n    }).apply(null, arguments)","args":[{"element-6066-11e4-a52e-4f735466cecf":"CDD9993F6643D734BC1E3C3A30D457D2_element_1712","ELEMENT":"CDD9993F6643D734BC1E3C3A30D457D2_element_1712"}]}
RESULT: {"script":"return (function (elem, id) {\n        return (function parentElement() {\n        return this.parentElement;\n    }).call(elem, id);\n    }).apply(null, arguments)","args":[{"element-6066-11e4-a52e-4f735466cecf":"CDD9993F6643D734BC1E3C3A30D457D2_element_1712","ELEMENT":"CDD9993F6643D734BC1E3C3A30D457D2_element_1712"}]}
COMMAND: POST /session/fe9a4cb14092acd74c7d6b89c1000a10/execute/sync - {"script":"return (function isElementDisplayed(element) {\n    function nodeIsElement(node) {\n        if (!node) {\n            return false;\n        }\n        switch (node.nodeType) {\n            case Node.ELEMEN ... (7807 more bytes)","args":[{"element-6066-11e4-a52e-4f735466cecf":"CDD9993F6643D734BC1E3C3A30D457D2_element_1713","ELEMENT":"CDD9993F6643D734BC1E3C3A30D457D2_element_1713"}]}
RESULT: {"script":"return (function isElementDisplayed(element) {\n    function nodeIsElement(node) {\n        if (!node) {\n            return false;\n        }\n        switch (node.nodeType) {\n            case Node.ELEMEN ... (7807 more bytes)","args":[{"element-6066-11e4-a52e-4f735466cecf":"CDD9993F6643D734BC1E3C3A30D457D2_element_1713","ELEMENT":"CDD9993F6643D734BC1E3C3A30D457D2_element_1713"}]}
COMMAND: POST /session/fe9a4cb14092acd74c7d6b89c1000a10/element/CDD9993F6643D734BC1E3C3A30D457D2_element_1713/elements - {"using":"css selector","value":"tbody tr"}
RESULT: {"using":"css selector","value":"tbody tr"}
COMMAND: POST /session/fe9a4cb14092acd74c7d6b89c1000a10/element/CDD9993F6643D734BC1E3C3A30D457D2_element_1713/element - {"using":"css selector","value":"thead tr"}
RESULT: {"using":"css selector","value":"thead tr"}
COMMAND: POST /session/fe9a4cb14092acd74c7d6b89c1000a10/element/CDD9993F6643D734BC1E3C3A30D457D2_element_1715/elements - {"using":"css selector","value":"th"}
RESULT: {"using":"css selector","value":"th"}
COMMAND: GET /session/fe9a4cb14092acd74c7d6b89c1000a10/element/CDD9993F6643D734BC1E3C3A30D457D2_element_1716/text - {}
COMMAND: GET /session/fe9a4cb14092acd74c7d6b89c1000a10/element/CDD9993F6643D734BC1E3C3A30D457D2_element_1717/text - {}
COMMAND: GET /session/fe9a4cb14092acd74c7d6b89c1000a10/element/CDD9993F6643D734BC1E3C3A30D457D2_element_1719/text - {}
COMMAND: GET /session/fe9a4cb14092acd74c7d6b89c1000a10/element/CDD9993F6643D734BC1E3C3A30D457D2_element_1718/text - {}
RESULT: {}
RESULT: {}
RESULT: {}
RESULT: {}
COMMAND: POST /session/fe9a4cb14092acd74c7d6b89c1000a10/element/CDD9993F6643D734BC1E3C3A30D457D2_element_1714/elements - {"using":"css selector","value":"th,td"}
RESULT: {"using":"css selector","value":"th,td"}
COMMAND: GET /session/fe9a4cb14092acd74c7d6b89c1000a10/element/CDD9993F6643D734BC1E3C3A30D457D2_element_1720/text - {}
RESULT: {}
COMMAND: GET /session/fe9a4cb14092acd74c7d6b89c1000a10/element/CDD9993F6643D734BC1E3C3A30D457D2_element_1721/text - {}
RESULT: {}
COMMAND: GET /session/fe9a4cb14092acd74c7d6b89c1000a10/element/CDD9993F6643D734BC1E3C3A30D457D2_element_1722/text - {}
RESULT: {}
COMMAND: GET /session/fe9a4cb14092acd74c7d6b89c1000a10/element/CDD9993F6643D734BC1E3C3A30D457D2_element_1723/text - {}
RESULT: {}
]]></system-out>
    </testcase>
    <testcase classname="chrome.117_0_5938_132.linux.Invoice_Page_Test.Vendor:_Vendor_Six,Invoice:2005-Q2" name="should validate measured events table data" time="0.662">
      <system-out><![CDATA[
COMMAND: POST /session/fe9a4cb14092acd74c7d6b89c1000a10/url - {"url":"https://pr-509.btm.dev.account.gov.uk/contracts/6/invoices/2005-q2"}
RESULT: {"url":"https://pr-509.btm.dev.account.gov.uk/contracts/6/invoices/2005-q2"}
COMMAND: POST /session/fe9a4cb14092acd74c7d6b89c1000a10/execute/sync - {"script":"return (() => document.readyState === \"complete\").apply(null, arguments)","args":[]}
RESULT: {"script":"return (() => document.readyState === \"complete\").apply(null, arguments)","args":[]}
COMMAND: GET /session/fe9a4cb14092acd74c7d6b89c1000a10/url - {}
RESULT: {}
COMMAND: POST /session/fe9a4cb14092acd74c7d6b89c1000a10/element - {"using":"css selector","value":".govuk-heading-xl"}
RESULT: {"using":"css selector","value":".govuk-heading-xl"}
COMMAND: POST /session/fe9a4cb14092acd74c7d6b89c1000a10/execute/sync - {"script":"return (function isElementDisplayed(element) {\n    function nodeIsElement(node) {\n        if (!node) {\n            return false;\n        }\n        switch (node.nodeType) {\n            case Node.ELEMEN ... (7807 more bytes)","args":[{"element-6066-11e4-a52e-4f735466cecf":"E47108E9722DBC29E10EBD4EC2DE31BE_element_1726","ELEMENT":"E47108E9722DBC29E10EBD4EC2DE31BE_element_1726"}]}
RESULT: {"script":"return (function isElementDisplayed(element) {\n    function nodeIsElement(node) {\n        if (!node) {\n            return false;\n        }\n        switch (node.nodeType) {\n            case Node.ELEMEN ... (7807 more bytes)","args":[{"element-6066-11e4-a52e-4f735466cecf":"E47108E9722DBC29E10EBD4EC2DE31BE_element_1726","ELEMENT":"E47108E9722DBC29E10EBD4EC2DE31BE_element_1726"}]}
COMMAND: POST /session/fe9a4cb14092acd74c7d6b89c1000a10/element - {"using":"css selector","value":".govuk-heading-xl"}
RESULT: {"using":"css selector","value":".govuk-heading-xl"}
COMMAND: GET /session/fe9a4cb14092acd74c7d6b89c1000a10/element/E47108E9722DBC29E10EBD4EC2DE31BE_element_1726/text - {}
RESULT: {}
COMMAND: POST /session/fe9a4cb14092acd74c7d6b89c1000a10/element - {"using":"xpath","value":".//caption[contains(., \"Measured (events)\") and not(.//caption)]"}
RESULT: {"using":"xpath","value":".//caption[contains(., \"Measured (events)\") and not(.//caption)]"}
COMMAND: POST /session/fe9a4cb14092acd74c7d6b89c1000a10/execute/sync - {"script":"return (function (elem, id) {\n        return (function parentElement() {\n        return this.parentElement;\n    }).call(elem, id);\n    }).apply(null, arguments)","args":[{"element-6066-11e4-a52e-4f735466cecf":"E47108E9722DBC29E10EBD4EC2DE31BE_element_1727","ELEMENT":"E47108E9722DBC29E10EBD4EC2DE31BE_element_1727"}]}
RESULT: {"script":"return (function (elem, id) {\n        return (function parentElement() {\n        return this.parentElement;\n    }).call(elem, id);\n    }).apply(null, arguments)","args":[{"element-6066-11e4-a52e-4f735466cecf":"E47108E9722DBC29E10EBD4EC2DE31BE_element_1727","ELEMENT":"E47108E9722DBC29E10EBD4EC2DE31BE_element_1727"}]}
COMMAND: POST /session/fe9a4cb14092acd74c7d6b89c1000a10/execute/sync - {"script":"return (function isElementDisplayed(element) {\n    function nodeIsElement(node) {\n        if (!node) {\n            return false;\n        }\n        switch (node.nodeType) {\n            case Node.ELEMEN ... (7807 more bytes)","args":[{"element-6066-11e4-a52e-4f735466cecf":"E47108E9722DBC29E10EBD4EC2DE31BE_element_1728","ELEMENT":"E47108E9722DBC29E10EBD4EC2DE31BE_element_1728"}]}
RESULT: {"script":"return (function isElementDisplayed(element) {\n    function nodeIsElement(node) {\n        if (!node) {\n            return false;\n        }\n        switch (node.nodeType) {\n            case Node.ELEMEN ... (7807 more bytes)","args":[{"element-6066-11e4-a52e-4f735466cecf":"E47108E9722DBC29E10EBD4EC2DE31BE_element_1728","ELEMENT":"E47108E9722DBC29E10EBD4EC2DE31BE_element_1728"}]}
COMMAND: POST /session/fe9a4cb14092acd74c7d6b89c1000a10/element/E47108E9722DBC29E10EBD4EC2DE31BE_element_1728/elements - {"using":"css selector","value":"tbody tr"}
RESULT: {"using":"css selector","value":"tbody tr"}
COMMAND: POST /session/fe9a4cb14092acd74c7d6b89c1000a10/element/E47108E9722DBC29E10EBD4EC2DE31BE_element_1728/element - {"using":"css selector","value":"thead tr"}
RESULT: {"using":"css selector","value":"thead tr"}
COMMAND: POST /session/fe9a4cb14092acd74c7d6b89c1000a10/element/E47108E9722DBC29E10EBD4EC2DE31BE_element_1730/elements - {"using":"css selector","value":"th"}
RESULT: {"using":"css selector","value":"th"}
COMMAND: GET /session/fe9a4cb14092acd74c7d6b89c1000a10/element/E47108E9722DBC29E10EBD4EC2DE31BE_element_1731/text - {}
COMMAND: GET /session/fe9a4cb14092acd74c7d6b89c1000a10/element/E47108E9722DBC29E10EBD4EC2DE31BE_element_1732/text - {}
RESULT: {}
RESULT: {}
COMMAND: POST /session/fe9a4cb14092acd74c7d6b89c1000a10/element/E47108E9722DBC29E10EBD4EC2DE31BE_element_1729/elements - {"using":"css selector","value":"th,td"}
RESULT: {"using":"css selector","value":"th,td"}
COMMAND: GET /session/fe9a4cb14092acd74c7d6b89c1000a10/element/E47108E9722DBC29E10EBD4EC2DE31BE_element_1733/text - {}
RESULT: {}
COMMAND: GET /session/fe9a4cb14092acd74c7d6b89c1000a10/element/E47108E9722DBC29E10EBD4EC2DE31BE_element_1734/text - {}
RESULT: {}
]]></system-out>
    </testcase>
    <testcase classname="chrome.117_0_5938_132.linux.Invoice_Page_Test.Vendor:_Vendor_Six,Invoice:2005-Q2" name="should validate invoice table data" time="0.722">
      <system-out><![CDATA[
COMMAND: POST /session/fe9a4cb14092acd74c7d6b89c1000a10/url - {"url":"https://pr-509.btm.dev.account.gov.uk/contracts/6/invoices/2005-q2"}
RESULT: {"url":"https://pr-509.btm.dev.account.gov.uk/contracts/6/invoices/2005-q2"}
COMMAND: POST /session/fe9a4cb14092acd74c7d6b89c1000a10/execute/sync - {"script":"return (() => document.readyState === \"complete\").apply(null, arguments)","args":[]}
RESULT: {"script":"return (() => document.readyState === \"complete\").apply(null, arguments)","args":[]}
COMMAND: GET /session/fe9a4cb14092acd74c7d6b89c1000a10/url - {}
RESULT: {}
COMMAND: POST /session/fe9a4cb14092acd74c7d6b89c1000a10/element - {"using":"css selector","value":".govuk-heading-xl"}
RESULT: {"using":"css selector","value":".govuk-heading-xl"}
COMMAND: POST /session/fe9a4cb14092acd74c7d6b89c1000a10/execute/sync - {"script":"return (function isElementDisplayed(element) {\n    function nodeIsElement(node) {\n        if (!node) {\n            return false;\n        }\n        switch (node.nodeType) {\n            case Node.ELEMEN ... (7807 more bytes)","args":[{"element-6066-11e4-a52e-4f735466cecf":"C8CA3141B20E679D28306C74B8F134FA_element_1737","ELEMENT":"C8CA3141B20E679D28306C74B8F134FA_element_1737"}]}
RESULT: {"script":"return (function isElementDisplayed(element) {\n    function nodeIsElement(node) {\n        if (!node) {\n            return false;\n        }\n        switch (node.nodeType) {\n            case Node.ELEMEN ... (7807 more bytes)","args":[{"element-6066-11e4-a52e-4f735466cecf":"C8CA3141B20E679D28306C74B8F134FA_element_1737","ELEMENT":"C8CA3141B20E679D28306C74B8F134FA_element_1737"}]}
COMMAND: POST /session/fe9a4cb14092acd74c7d6b89c1000a10/element - {"using":"css selector","value":".govuk-heading-xl"}
RESULT: {"using":"css selector","value":".govuk-heading-xl"}
COMMAND: GET /session/fe9a4cb14092acd74c7d6b89c1000a10/element/C8CA3141B20E679D28306C74B8F134FA_element_1737/text - {}
RESULT: {}
COMMAND: POST /session/fe9a4cb14092acd74c7d6b89c1000a10/element - {"using":"xpath","value":".//caption[contains(., \"Invoice\") and not(.//caption)]"}
RESULT: {"using":"xpath","value":".//caption[contains(., \"Invoice\") and not(.//caption)]"}
COMMAND: POST /session/fe9a4cb14092acd74c7d6b89c1000a10/execute/sync - {"script":"return (function (elem, id) {\n        return (function parentElement() {\n        return this.parentElement;\n    }).call(elem, id);\n    }).apply(null, arguments)","args":[{"element-6066-11e4-a52e-4f735466cecf":"C8CA3141B20E679D28306C74B8F134FA_element_1738","ELEMENT":"C8CA3141B20E679D28306C74B8F134FA_element_1738"}]}
RESULT: {"script":"return (function (elem, id) {\n        return (function parentElement() {\n        return this.parentElement;\n    }).call(elem, id);\n    }).apply(null, arguments)","args":[{"element-6066-11e4-a52e-4f735466cecf":"C8CA3141B20E679D28306C74B8F134FA_element_1738","ELEMENT":"C8CA3141B20E679D28306C74B8F134FA_element_1738"}]}
COMMAND: POST /session/fe9a4cb14092acd74c7d6b89c1000a10/execute/sync - {"script":"return (function isElementDisplayed(element) {\n    function nodeIsElement(node) {\n        if (!node) {\n            return false;\n        }\n        switch (node.nodeType) {\n            case Node.ELEMEN ... (7807 more bytes)","args":[{"element-6066-11e4-a52e-4f735466cecf":"C8CA3141B20E679D28306C74B8F134FA_element_1739","ELEMENT":"C8CA3141B20E679D28306C74B8F134FA_element_1739"}]}
RESULT: {"script":"return (function isElementDisplayed(element) {\n    function nodeIsElement(node) {\n        if (!node) {\n            return false;\n        }\n        switch (node.nodeType) {\n            case Node.ELEMEN ... (7807 more bytes)","args":[{"element-6066-11e4-a52e-4f735466cecf":"C8CA3141B20E679D28306C74B8F134FA_element_1739","ELEMENT":"C8CA3141B20E679D28306C74B8F134FA_element_1739"}]}
COMMAND: POST /session/fe9a4cb14092acd74c7d6b89c1000a10/element/C8CA3141B20E679D28306C74B8F134FA_element_1739/elements - {"using":"css selector","value":"tbody tr"}
RESULT: {"using":"css selector","value":"tbody tr"}
COMMAND: POST /session/fe9a4cb14092acd74c7d6b89c1000a10/element/C8CA3141B20E679D28306C74B8F134FA_element_1739/element - {"using":"css selector","value":"thead tr"}
RESULT: {"using":"css selector","value":"thead tr"}
COMMAND: POST /session/fe9a4cb14092acd74c7d6b89c1000a10/element/C8CA3141B20E679D28306C74B8F134FA_element_1742/elements - {"using":"css selector","value":"th"}
RESULT: {"using":"css selector","value":"th"}
COMMAND: GET /session/fe9a4cb14092acd74c7d6b89c1000a10/element/C8CA3141B20E679D28306C74B8F134FA_element_1743/text - {}
COMMAND: GET /session/fe9a4cb14092acd74c7d6b89c1000a10/element/C8CA3141B20E679D28306C74B8F134FA_element_1744/text - {}
COMMAND: GET /session/fe9a4cb14092acd74c7d6b89c1000a10/element/C8CA3141B20E679D28306C74B8F134FA_element_1746/text - {}
COMMAND: GET /session/fe9a4cb14092acd74c7d6b89c1000a10/element/C8CA3141B20E679D28306C74B8F134FA_element_1745/text - {}
COMMAND: GET /session/fe9a4cb14092acd74c7d6b89c1000a10/element/C8CA3141B20E679D28306C74B8F134FA_element_1747/text - {}
RESULT: {}
RESULT: {}
RESULT: {}
RESULT: {}
RESULT: {}
COMMAND: POST /session/fe9a4cb14092acd74c7d6b89c1000a10/element/C8CA3141B20E679D28306C74B8F134FA_element_1740/elements - {"using":"css selector","value":"th,td"}
RESULT: {"using":"css selector","value":"th,td"}
COMMAND: GET /session/fe9a4cb14092acd74c7d6b89c1000a10/element/C8CA3141B20E679D28306C74B8F134FA_element_1748/text - {}
RESULT: {}
COMMAND: GET /session/fe9a4cb14092acd74c7d6b89c1000a10/element/C8CA3141B20E679D28306C74B8F134FA_element_1749/text - {}
RESULT: {}
COMMAND: GET /session/fe9a4cb14092acd74c7d6b89c1000a10/element/C8CA3141B20E679D28306C74B8F134FA_element_1750/text - {}
RESULT: {}
COMMAND: GET /session/fe9a4cb14092acd74c7d6b89c1000a10/element/C8CA3141B20E679D28306C74B8F134FA_element_1751/text - {}
RESULT: {}
COMMAND: GET /session/fe9a4cb14092acd74c7d6b89c1000a10/element/C8CA3141B20E679D28306C74B8F134FA_element_1752/text - {}
RESULT: {}
COMMAND: POST /session/fe9a4cb14092acd74c7d6b89c1000a10/element/C8CA3141B20E679D28306C74B8F134FA_element_1741/elements - {"using":"css selector","value":"th,td"}
RESULT: {"using":"css selector","value":"th,td"}
COMMAND: GET /session/fe9a4cb14092acd74c7d6b89c1000a10/element/C8CA3141B20E679D28306C74B8F134FA_element_1753/text - {}
RESULT: {}
COMMAND: GET /session/fe9a4cb14092acd74c7d6b89c1000a10/element/C8CA3141B20E679D28306C74B8F134FA_element_1754/text - {}
RESULT: {}
COMMAND: GET /session/fe9a4cb14092acd74c7d6b89c1000a10/element/C8CA3141B20E679D28306C74B8F134FA_element_1755/text - {}
RESULT: {}
COMMAND: GET /session/fe9a4cb14092acd74c7d6b89c1000a10/element/C8CA3141B20E679D28306C74B8F134FA_element_1756/text - {}
RESULT: {}
COMMAND: GET /session/fe9a4cb14092acd74c7d6b89c1000a10/element/C8CA3141B20E679D28306C74B8F134FA_element_1757/text - {}
RESULT: {}
COMMAND: DELETE /session/fe9a4cb14092acd74c7d6b89c1000a10 - {}
RESULT: {}
]]></system-out>
    </testcase>
  </testsuite>
</testsuites>