<?xml version="1.0" encoding="UTF-8"?>
<testsuites>
  <testsuite name="Invoice Page Test" timestamp="2023-09-21T15:05:04" time="99.573" tests="0" failures="0" errors="0" skipped="0">
    <properties>
      <property name="specId" value="0"/>
      <property name="suiteName" value="Invoice Page Test"/>
      <property name="capabilities" value="chrome.117_0_5938_88.linux"/>
      <property name="file" value="file://./ui-tests/specs/invoice.spec.ts"/>
    </properties>
  </testsuite>
  <testsuite name="Vendor Vendor Three Invoice 2005 09" timestamp="2023-09-21T15:05:04" time="16.558" tests="6" failures="0" errors="0" skipped="0">
    <properties>
      <property name="specId" value="0"/>
      <property name="suiteName" value="Vendor: Vendor Three,Invoice:2005-09"/>
      <property name="capabilities" value="chrome.117_0_5938_88.linux"/>
      <property name="file" value="file://./ui-tests/specs/invoice.spec.ts"/>
    </properties>
    <testcase classname="chrome.117_0_5938_88.linux.Invoice_Page_Test.Vendor:_Vendor_Three,Invoice:2005-09" name="should display correct status banner color and message" time="8.276">
      <system-out><![CDATA[
COMMAND: POST /session/c128237b49e18265c789a5e902fb2b49/url - {"url":"https://pr-477.btm.dev.account.gov.uk/contracts/3/invoices/2005-09"}
RESULT: {"url":"https://pr-477.btm.dev.account.gov.uk/contracts/3/invoices/2005-09"}
COMMAND: POST /session/c128237b49e18265c789a5e902fb2b49/execute/sync - {"script":"return (() => document.readyState === \"complete\").apply(null, arguments)","args":[]}
RESULT: {"script":"return (() => document.readyState === \"complete\").apply(null, arguments)","args":[]}
COMMAND: GET /session/c128237b49e18265c789a5e902fb2b49/url - {}
RESULT: {}
COMMAND: POST /session/c128237b49e18265c789a5e902fb2b49/element - {"using":"css selector","value":".govuk-heading-xl"}
RESULT: {"using":"css selector","value":".govuk-heading-xl"}
COMMAND: POST /session/c128237b49e18265c789a5e902fb2b49/execute/sync - {"script":"return (function isElementDisplayed(element) {\n    function nodeIsElement(node) {\n        if (!node) {\n            return false;\n        }\n        switch (node.nodeType) {\n            case Node.ELEMEN ... (7807 more bytes)","args":[{"element-6066-11e4-a52e-4f735466cecf":"99CFFE57C8BD1AB497B946063839050F_element_4","ELEMENT":"99CFFE57C8BD1AB497B946063839050F_element_4"}]}
RESULT: {"script":"return (function isElementDisplayed(element) {\n    function nodeIsElement(node) {\n        if (!node) {\n            return false;\n        }\n        switch (node.nodeType) {\n            case Node.ELEMEN ... (7807 more bytes)","args":[{"element-6066-11e4-a52e-4f735466cecf":"99CFFE57C8BD1AB497B946063839050F_element_4","ELEMENT":"99CFFE57C8BD1AB497B946063839050F_element_4"}]}
COMMAND: POST /session/c128237b49e18265c789a5e902fb2b49/element - {"using":"css selector","value":".govuk-heading-xl"}
RESULT: {"using":"css selector","value":".govuk-heading-xl"}
COMMAND: GET /session/c128237b49e18265c789a5e902fb2b49/element/99CFFE57C8BD1AB497B946063839050F_element_4/text - {}
RESULT: {}
COMMAND: POST /session/c128237b49e18265c789a5e902fb2b49/element - {"using":"css selector","value":"h2.govuk-panel__title"}
RESULT: {"using":"css selector","value":"h2.govuk-panel__title"}
COMMAND: POST /session/c128237b49e18265c789a5e902fb2b49/execute/sync - {"script":"return (function isElementDisplayed(element) {\n    function nodeIsElement(node) {\n        if (!node) {\n            return false;\n        }\n        switch (node.nodeType) {\n            case Node.ELEMEN ... (7807 more bytes)","args":[{"element-6066-11e4-a52e-4f735466cecf":"99CFFE57C8BD1AB497B946063839050F_element_5","ELEMENT":"99CFFE57C8BD1AB497B946063839050F_element_5"}]}
RESULT: {"script":"return (function isElementDisplayed(element) {\n    function nodeIsElement(node) {\n        if (!node) {\n            return false;\n        }\n        switch (node.nodeType) {\n            case Node.ELEMEN ... (7807 more bytes)","args":[{"element-6066-11e4-a52e-4f735466cecf":"99CFFE57C8BD1AB497B946063839050F_element_5","ELEMENT":"99CFFE57C8BD1AB497B946063839050F_element_5"}]}
COMMAND: POST /session/c128237b49e18265c789a5e902fb2b49/element - {"using":"css selector","value":"h2.govuk-panel__title"}
RESULT: {"using":"css selector","value":"h2.govuk-panel__title"}
COMMAND: GET /session/c128237b49e18265c789a5e902fb2b49/element/99CFFE57C8BD1AB497B946063839050F_element_5/text - {}
RESULT: {}
COMMAND: POST /session/c128237b49e18265c789a5e902fb2b49/element - {"using":"css selector","value":".govuk-panel"}
RESULT: {"using":"css selector","value":".govuk-panel"}
COMMAND: POST /session/c128237b49e18265c789a5e902fb2b49/execute/sync - {"script":"return (function isElementDisplayed(element) {\n    function nodeIsElement(node) {\n        if (!node) {\n            return false;\n        }\n        switch (node.nodeType) {\n            case Node.ELEMEN ... (7807 more bytes)","args":[{"element-6066-11e4-a52e-4f735466cecf":"99CFFE57C8BD1AB497B946063839050F_element_2","ELEMENT":"99CFFE57C8BD1AB497B946063839050F_element_2"}]}
RESULT: {"script":"return (function isElementDisplayed(element) {\n    function nodeIsElement(node) {\n        if (!node) {\n            return false;\n        }\n        switch (node.nodeType) {\n            case Node.ELEMEN ... (7807 more bytes)","args":[{"element-6066-11e4-a52e-4f735466cecf":"99CFFE57C8BD1AB497B946063839050F_element_2","ELEMENT":"99CFFE57C8BD1AB497B946063839050F_element_2"}]}
COMMAND: GET /session/c128237b49e18265c789a5e902fb2b49/element/99CFFE57C8BD1AB497B946063839050F_element_2/css/background-color - {}
RESULT: {}
]]></system-out>
    </testcase>
    <testcase classname="chrome.117_0_5938_88.linux.Invoice_Page_Test.Vendor:_Vendor_Three,Invoice:2005-09" name="should validate reconciliation table data" time="1.98">
      <system-out><![CDATA[
COMMAND: POST /session/c128237b49e18265c789a5e902fb2b49/url - {"url":"https://pr-477.btm.dev.account.gov.uk/contracts/3/invoices/2005-09"}
RESULT: {"url":"https://pr-477.btm.dev.account.gov.uk/contracts/3/invoices/2005-09"}
COMMAND: POST /session/c128237b49e18265c789a5e902fb2b49/execute/sync - {"script":"return (() => document.readyState === \"complete\").apply(null, arguments)","args":[]}
RESULT: {"script":"return (() => document.readyState === \"complete\").apply(null, arguments)","args":[]}
COMMAND: GET /session/c128237b49e18265c789a5e902fb2b49/url - {}
RESULT: {}
COMMAND: POST /session/c128237b49e18265c789a5e902fb2b49/element - {"using":"css selector","value":".govuk-heading-xl"}
RESULT: {"using":"css selector","value":".govuk-heading-xl"}
COMMAND: POST /session/c128237b49e18265c789a5e902fb2b49/execute/sync - {"script":"return (function isElementDisplayed(element) {\n    function nodeIsElement(node) {\n        if (!node) {\n            return false;\n        }\n        switch (node.nodeType) {\n            case Node.ELEMEN ... (7807 more bytes)","args":[{"element-6066-11e4-a52e-4f735466cecf":"5387BBFD3710F12957A3A5DE02441E74_element_7","ELEMENT":"5387BBFD3710F12957A3A5DE02441E74_element_7"}]}
RESULT: {"script":"return (function isElementDisplayed(element) {\n    function nodeIsElement(node) {\n        if (!node) {\n            return false;\n        }\n        switch (node.nodeType) {\n            case Node.ELEMEN ... (7807 more bytes)","args":[{"element-6066-11e4-a52e-4f735466cecf":"5387BBFD3710F12957A3A5DE02441E74_element_7","ELEMENT":"5387BBFD3710F12957A3A5DE02441E74_element_7"}]}
COMMAND: POST /session/c128237b49e18265c789a5e902fb2b49/element - {"using":"css selector","value":".govuk-heading-xl"}
RESULT: {"using":"css selector","value":".govuk-heading-xl"}
COMMAND: GET /session/c128237b49e18265c789a5e902fb2b49/element/5387BBFD3710F12957A3A5DE02441E74_element_7/text - {}
RESULT: {}
COMMAND: POST /session/c128237b49e18265c789a5e902fb2b49/element - {"using":"xpath","value":".//caption[contains(., \"Reconciliation\") and not(.//caption)]"}
RESULT: {"using":"xpath","value":".//caption[contains(., \"Reconciliation\") and not(.//caption)]"}
COMMAND: POST /session/c128237b49e18265c789a5e902fb2b49/execute/sync - {"script":"return (function (elem, id) {\n        return (function parentElement() {\n        return this.parentElement;\n    }).call(elem, id);\n    }).apply(null, arguments)","args":[{"element-6066-11e4-a52e-4f735466cecf":"5387BBFD3710F12957A3A5DE02441E74_element_8","ELEMENT":"5387BBFD3710F12957A3A5DE02441E74_element_8"}]}
RESULT: {"script":"return (function (elem, id) {\n        return (function parentElement() {\n        return this.parentElement;\n    }).call(elem, id);\n    }).apply(null, arguments)","args":[{"element-6066-11e4-a52e-4f735466cecf":"5387BBFD3710F12957A3A5DE02441E74_element_8","ELEMENT":"5387BBFD3710F12957A3A5DE02441E74_element_8"}]}
COMMAND: POST /session/c128237b49e18265c789a5e902fb2b49/execute/sync - {"script":"return (function isElementDisplayed(element) {\n    function nodeIsElement(node) {\n        if (!node) {\n            return false;\n        }\n        switch (node.nodeType) {\n            case Node.ELEMEN ... (7807 more bytes)","args":[{"element-6066-11e4-a52e-4f735466cecf":"5387BBFD3710F12957A3A5DE02441E74_element_9","ELEMENT":"5387BBFD3710F12957A3A5DE02441E74_element_9"}]}
RESULT: {"script":"return (function isElementDisplayed(element) {\n    function nodeIsElement(node) {\n        if (!node) {\n            return false;\n        }\n        switch (node.nodeType) {\n            case Node.ELEMEN ... (7807 more bytes)","args":[{"element-6066-11e4-a52e-4f735466cecf":"5387BBFD3710F12957A3A5DE02441E74_element_9","ELEMENT":"5387BBFD3710F12957A3A5DE02441E74_element_9"}]}
COMMAND: POST /session/c128237b49e18265c789a5e902fb2b49/element/5387BBFD3710F12957A3A5DE02441E74_element_9/elements - {"using":"css selector","value":"tbody tr"}
RESULT: {"using":"css selector","value":"tbody tr"}
COMMAND: POST /session/c128237b49e18265c789a5e902fb2b49/element/5387BBFD3710F12957A3A5DE02441E74_element_9/element - {"using":"css selector","value":"thead tr"}
RESULT: {"using":"css selector","value":"thead tr"}
COMMAND: POST /session/c128237b49e18265c789a5e902fb2b49/element/5387BBFD3710F12957A3A5DE02441E74_element_11/elements - {"using":"css selector","value":"th"}
RESULT: {"using":"css selector","value":"th"}
COMMAND: GET /session/c128237b49e18265c789a5e902fb2b49/element/5387BBFD3710F12957A3A5DE02441E74_element_12/text - {}
COMMAND: GET /session/c128237b49e18265c789a5e902fb2b49/element/5387BBFD3710F12957A3A5DE02441E74_element_13/text - {}
COMMAND: GET /session/c128237b49e18265c789a5e902fb2b49/element/5387BBFD3710F12957A3A5DE02441E74_element_15/text - {}
COMMAND: GET /session/c128237b49e18265c789a5e902fb2b49/element/5387BBFD3710F12957A3A5DE02441E74_element_14/text - {}
COMMAND: GET /session/c128237b49e18265c789a5e902fb2b49/element/5387BBFD3710F12957A3A5DE02441E74_element_16/text - {}
RESULT: {}
RESULT: {}
RESULT: {}
RESULT: {}
RESULT: {}
COMMAND: POST /session/c128237b49e18265c789a5e902fb2b49/element/5387BBFD3710F12957A3A5DE02441E74_element_10/elements - {"using":"css selector","value":"th,td"}
RESULT: {"using":"css selector","value":"th,td"}
COMMAND: GET /session/c128237b49e18265c789a5e902fb2b49/element/5387BBFD3710F12957A3A5DE02441E74_element_17/text - {}
RESULT: {}
COMMAND: GET /session/c128237b49e18265c789a5e902fb2b49/element/5387BBFD3710F12957A3A5DE02441E74_element_18/text - {}
RESULT: {}
COMMAND: GET /session/c128237b49e18265c789a5e902fb2b49/element/5387BBFD3710F12957A3A5DE02441E74_element_19/text - {}
RESULT: {}
COMMAND: GET /session/c128237b49e18265c789a5e902fb2b49/element/5387BBFD3710F12957A3A5DE02441E74_element_20/text - {}
RESULT: {}
COMMAND: GET /session/c128237b49e18265c789a5e902fb2b49/element/5387BBFD3710F12957A3A5DE02441E74_element_21/text - {}
RESULT: {}
]]></system-out>
    </testcase>
    <testcase classname="chrome.117_0_5938_88.linux.Invoice_Page_Test.Vendor:_Vendor_Three,Invoice:2005-09" name="should validate quantity events table data" time="1.94">
      <system-out><![CDATA[
COMMAND: POST /session/c128237b49e18265c789a5e902fb2b49/url - {"url":"https://pr-477.btm.dev.account.gov.uk/contracts/3/invoices/2005-09"}
RESULT: {"url":"https://pr-477.btm.dev.account.gov.uk/contracts/3/invoices/2005-09"}
COMMAND: POST /session/c128237b49e18265c789a5e902fb2b49/execute/sync - {"script":"return (() => document.readyState === \"complete\").apply(null, arguments)","args":[]}
RESULT: {"script":"return (() => document.readyState === \"complete\").apply(null, arguments)","args":[]}
COMMAND: GET /session/c128237b49e18265c789a5e902fb2b49/url - {}
RESULT: {}
COMMAND: POST /session/c128237b49e18265c789a5e902fb2b49/element - {"using":"css selector","value":".govuk-heading-xl"}
RESULT: {"using":"css selector","value":".govuk-heading-xl"}
COMMAND: POST /session/c128237b49e18265c789a5e902fb2b49/execute/sync - {"script":"return (function isElementDisplayed(element) {\n    function nodeIsElement(node) {\n        if (!node) {\n            return false;\n        }\n        switch (node.nodeType) {\n            case Node.ELEMEN ... (7807 more bytes)","args":[{"element-6066-11e4-a52e-4f735466cecf":"C7A56179591366D5DBB4289C86350B0C_element_25","ELEMENT":"C7A56179591366D5DBB4289C86350B0C_element_25"}]}
RESULT: {"script":"return (function isElementDisplayed(element) {\n    function nodeIsElement(node) {\n        if (!node) {\n            return false;\n        }\n        switch (node.nodeType) {\n            case Node.ELEMEN ... (7807 more bytes)","args":[{"element-6066-11e4-a52e-4f735466cecf":"C7A56179591366D5DBB4289C86350B0C_element_25","ELEMENT":"C7A56179591366D5DBB4289C86350B0C_element_25"}]}
COMMAND: POST /session/c128237b49e18265c789a5e902fb2b49/element - {"using":"css selector","value":".govuk-heading-xl"}
RESULT: {"using":"css selector","value":".govuk-heading-xl"}
COMMAND: GET /session/c128237b49e18265c789a5e902fb2b49/element/C7A56179591366D5DBB4289C86350B0C_element_25/text - {}
RESULT: {}
COMMAND: POST /session/c128237b49e18265c789a5e902fb2b49/element - {"using":"xpath","value":".//caption[contains(., \"Quantity (events)\") and not(.//caption)]"}
RESULT: {"using":"xpath","value":".//caption[contains(., \"Quantity (events)\") and not(.//caption)]"}
COMMAND: POST /session/c128237b49e18265c789a5e902fb2b49/execute/sync - {"script":"return (function (elem, id) {\n        return (function parentElement() {\n        return this.parentElement;\n    }).call(elem, id);\n    }).apply(null, arguments)","args":[{"element-6066-11e4-a52e-4f735466cecf":"C7A56179591366D5DBB4289C86350B0C_element_26","ELEMENT":"C7A56179591366D5DBB4289C86350B0C_element_26"}]}
RESULT: {"script":"return (function (elem, id) {\n        return (function parentElement() {\n        return this.parentElement;\n    }).call(elem, id);\n    }).apply(null, arguments)","args":[{"element-6066-11e4-a52e-4f735466cecf":"C7A56179591366D5DBB4289C86350B0C_element_26","ELEMENT":"C7A56179591366D5DBB4289C86350B0C_element_26"}]}
COMMAND: POST /session/c128237b49e18265c789a5e902fb2b49/execute/sync - {"script":"return (function isElementDisplayed(element) {\n    function nodeIsElement(node) {\n        if (!node) {\n            return false;\n        }\n        switch (node.nodeType) {\n            case Node.ELEMEN ... (7807 more bytes)","args":[{"element-6066-11e4-a52e-4f735466cecf":"C7A56179591366D5DBB4289C86350B0C_element_27","ELEMENT":"C7A56179591366D5DBB4289C86350B0C_element_27"}]}
RESULT: {"script":"return (function isElementDisplayed(element) {\n    function nodeIsElement(node) {\n        if (!node) {\n            return false;\n        }\n        switch (node.nodeType) {\n            case Node.ELEMEN ... (7807 more bytes)","args":[{"element-6066-11e4-a52e-4f735466cecf":"C7A56179591366D5DBB4289C86350B0C_element_27","ELEMENT":"C7A56179591366D5DBB4289C86350B0C_element_27"}]}
COMMAND: POST /session/c128237b49e18265c789a5e902fb2b49/element/C7A56179591366D5DBB4289C86350B0C_element_27/elements - {"using":"css selector","value":"tbody tr"}
RESULT: {"using":"css selector","value":"tbody tr"}
COMMAND: POST /session/c128237b49e18265c789a5e902fb2b49/element/C7A56179591366D5DBB4289C86350B0C_element_27/element - {"using":"css selector","value":"thead tr"}
RESULT: {"using":"css selector","value":"thead tr"}
COMMAND: POST /session/c128237b49e18265c789a5e902fb2b49/element/C7A56179591366D5DBB4289C86350B0C_element_29/elements - {"using":"css selector","value":"th"}
RESULT: {"using":"css selector","value":"th"}
COMMAND: GET /session/c128237b49e18265c789a5e902fb2b49/element/C7A56179591366D5DBB4289C86350B0C_element_30/text - {}
COMMAND: GET /session/c128237b49e18265c789a5e902fb2b49/element/C7A56179591366D5DBB4289C86350B0C_element_31/text - {}
COMMAND: GET /session/c128237b49e18265c789a5e902fb2b49/element/C7A56179591366D5DBB4289C86350B0C_element_33/text - {}
COMMAND: GET /session/c128237b49e18265c789a5e902fb2b49/element/C7A56179591366D5DBB4289C86350B0C_element_32/text - {}
RESULT: {}
RESULT: {}
RESULT: {}
RESULT: {}
COMMAND: POST /session/c128237b49e18265c789a5e902fb2b49/element/C7A56179591366D5DBB4289C86350B0C_element_28/elements - {"using":"css selector","value":"th,td"}
RESULT: {"using":"css selector","value":"th,td"}
COMMAND: GET /session/c128237b49e18265c789a5e902fb2b49/element/C7A56179591366D5DBB4289C86350B0C_element_34/text - {}
RESULT: {}
COMMAND: GET /session/c128237b49e18265c789a5e902fb2b49/element/C7A56179591366D5DBB4289C86350B0C_element_35/text - {}
RESULT: {}
COMMAND: GET /session/c128237b49e18265c789a5e902fb2b49/element/C7A56179591366D5DBB4289C86350B0C_element_36/text - {}
RESULT: {}
COMMAND: GET /session/c128237b49e18265c789a5e902fb2b49/element/C7A56179591366D5DBB4289C86350B0C_element_37/text - {}
RESULT: {}
]]></system-out>
    </testcase>
    <testcase classname="chrome.117_0_5938_88.linux.Invoice_Page_Test.Vendor:_Vendor_Three,Invoice:2005-09" name="should validate price table data" time="1.922">
      <system-out><![CDATA[
COMMAND: POST /session/c128237b49e18265c789a5e902fb2b49/url - {"url":"https://pr-477.btm.dev.account.gov.uk/contracts/3/invoices/2005-09"}
RESULT: {"url":"https://pr-477.btm.dev.account.gov.uk/contracts/3/invoices/2005-09"}
COMMAND: POST /session/c128237b49e18265c789a5e902fb2b49/execute/sync - {"script":"return (() => document.readyState === \"complete\").apply(null, arguments)","args":[]}
RESULT: {"script":"return (() => document.readyState === \"complete\").apply(null, arguments)","args":[]}
COMMAND: GET /session/c128237b49e18265c789a5e902fb2b49/url - {}
RESULT: {}
COMMAND: POST /session/c128237b49e18265c789a5e902fb2b49/element - {"using":"css selector","value":".govuk-heading-xl"}
RESULT: {"using":"css selector","value":".govuk-heading-xl"}
COMMAND: POST /session/c128237b49e18265c789a5e902fb2b49/execute/sync - {"script":"return (function isElementDisplayed(element) {\n    function nodeIsElement(node) {\n        if (!node) {\n            return false;\n        }\n        switch (node.nodeType) {\n            case Node.ELEMEN ... (7807 more bytes)","args":[{"element-6066-11e4-a52e-4f735466cecf":"D8856ACC6B53C223BBA53D6E68914F3B_element_41","ELEMENT":"D8856ACC6B53C223BBA53D6E68914F3B_element_41"}]}
RESULT: {"script":"return (function isElementDisplayed(element) {\n    function nodeIsElement(node) {\n        if (!node) {\n            return false;\n        }\n        switch (node.nodeType) {\n            case Node.ELEMEN ... (7807 more bytes)","args":[{"element-6066-11e4-a52e-4f735466cecf":"D8856ACC6B53C223BBA53D6E68914F3B_element_41","ELEMENT":"D8856ACC6B53C223BBA53D6E68914F3B_element_41"}]}
COMMAND: POST /session/c128237b49e18265c789a5e902fb2b49/element - {"using":"css selector","value":".govuk-heading-xl"}
RESULT: {"using":"css selector","value":".govuk-heading-xl"}
COMMAND: GET /session/c128237b49e18265c789a5e902fb2b49/element/D8856ACC6B53C223BBA53D6E68914F3B_element_41/text - {}
RESULT: {}
COMMAND: POST /session/c128237b49e18265c789a5e902fb2b49/element - {"using":"xpath","value":".//caption[contains(., \"Price\") and not(.//caption)]"}
RESULT: {"using":"xpath","value":".//caption[contains(., \"Price\") and not(.//caption)]"}
COMMAND: POST /session/c128237b49e18265c789a5e902fb2b49/execute/sync - {"script":"return (function (elem, id) {\n        return (function parentElement() {\n        return this.parentElement;\n    }).call(elem, id);\n    }).apply(null, arguments)","args":[{"element-6066-11e4-a52e-4f735466cecf":"D8856ACC6B53C223BBA53D6E68914F3B_element_42","ELEMENT":"D8856ACC6B53C223BBA53D6E68914F3B_element_42"}]}
RESULT: {"script":"return (function (elem, id) {\n        return (function parentElement() {\n        return this.parentElement;\n    }).call(elem, id);\n    }).apply(null, arguments)","args":[{"element-6066-11e4-a52e-4f735466cecf":"D8856ACC6B53C223BBA53D6E68914F3B_element_42","ELEMENT":"D8856ACC6B53C223BBA53D6E68914F3B_element_42"}]}
COMMAND: POST /session/c128237b49e18265c789a5e902fb2b49/execute/sync - {"script":"return (function isElementDisplayed(element) {\n    function nodeIsElement(node) {\n        if (!node) {\n            return false;\n        }\n        switch (node.nodeType) {\n            case Node.ELEMEN ... (7807 more bytes)","args":[{"element-6066-11e4-a52e-4f735466cecf":"D8856ACC6B53C223BBA53D6E68914F3B_element_43","ELEMENT":"D8856ACC6B53C223BBA53D6E68914F3B_element_43"}]}
RESULT: {"script":"return (function isElementDisplayed(element) {\n    function nodeIsElement(node) {\n        if (!node) {\n            return false;\n        }\n        switch (node.nodeType) {\n            case Node.ELEMEN ... (7807 more bytes)","args":[{"element-6066-11e4-a52e-4f735466cecf":"D8856ACC6B53C223BBA53D6E68914F3B_element_43","ELEMENT":"D8856ACC6B53C223BBA53D6E68914F3B_element_43"}]}
COMMAND: POST /session/c128237b49e18265c789a5e902fb2b49/element/D8856ACC6B53C223BBA53D6E68914F3B_element_43/elements - {"using":"css selector","value":"tbody tr"}
RESULT: {"using":"css selector","value":"tbody tr"}
COMMAND: POST /session/c128237b49e18265c789a5e902fb2b49/element/D8856ACC6B53C223BBA53D6E68914F3B_element_43/element - {"using":"css selector","value":"thead tr"}
RESULT: {"using":"css selector","value":"thead tr"}
COMMAND: POST /session/c128237b49e18265c789a5e902fb2b49/element/D8856ACC6B53C223BBA53D6E68914F3B_element_45/elements - {"using":"css selector","value":"th"}
RESULT: {"using":"css selector","value":"th"}
COMMAND: GET /session/c128237b49e18265c789a5e902fb2b49/element/D8856ACC6B53C223BBA53D6E68914F3B_element_46/text - {}
COMMAND: GET /session/c128237b49e18265c789a5e902fb2b49/element/D8856ACC6B53C223BBA53D6E68914F3B_element_47/text - {}
COMMAND: GET /session/c128237b49e18265c789a5e902fb2b49/element/D8856ACC6B53C223BBA53D6E68914F3B_element_49/text - {}
COMMAND: GET /session/c128237b49e18265c789a5e902fb2b49/element/D8856ACC6B53C223BBA53D6E68914F3B_element_48/text - {}
RESULT: {}
RESULT: {}
RESULT: {}
RESULT: {}
COMMAND: POST /session/c128237b49e18265c789a5e902fb2b49/element/D8856ACC6B53C223BBA53D6E68914F3B_element_44/elements - {"using":"css selector","value":"th,td"}
RESULT: {"using":"css selector","value":"th,td"}
COMMAND: GET /session/c128237b49e18265c789a5e902fb2b49/element/D8856ACC6B53C223BBA53D6E68914F3B_element_50/text - {}
RESULT: {}
COMMAND: GET /session/c128237b49e18265c789a5e902fb2b49/element/D8856ACC6B53C223BBA53D6E68914F3B_element_51/text - {}
RESULT: {}
COMMAND: GET /session/c128237b49e18265c789a5e902fb2b49/element/D8856ACC6B53C223BBA53D6E68914F3B_element_52/text - {}
RESULT: {}
COMMAND: GET /session/c128237b49e18265c789a5e902fb2b49/element/D8856ACC6B53C223BBA53D6E68914F3B_element_53/text - {}
RESULT: {}
]]></system-out>
    </testcase>
    <testcase classname="chrome.117_0_5938_88.linux.Invoice_Page_Test.Vendor:_Vendor_Three,Invoice:2005-09" name="should validate measured events table data" time="0.979">
      <system-out><![CDATA[
COMMAND: POST /session/c128237b49e18265c789a5e902fb2b49/url - {"url":"https://pr-477.btm.dev.account.gov.uk/contracts/3/invoices/2005-09"}
RESULT: {"url":"https://pr-477.btm.dev.account.gov.uk/contracts/3/invoices/2005-09"}
COMMAND: POST /session/c128237b49e18265c789a5e902fb2b49/execute/sync - {"script":"return (() => document.readyState === \"complete\").apply(null, arguments)","args":[]}
RESULT: {"script":"return (() => document.readyState === \"complete\").apply(null, arguments)","args":[]}
COMMAND: GET /session/c128237b49e18265c789a5e902fb2b49/url - {}
RESULT: {}
COMMAND: POST /session/c128237b49e18265c789a5e902fb2b49/element - {"using":"css selector","value":".govuk-heading-xl"}
RESULT: {"using":"css selector","value":".govuk-heading-xl"}
COMMAND: POST /session/c128237b49e18265c789a5e902fb2b49/execute/sync - {"script":"return (function isElementDisplayed(element) {\n    function nodeIsElement(node) {\n        if (!node) {\n            return false;\n        }\n        switch (node.nodeType) {\n            case Node.ELEMEN ... (7807 more bytes)","args":[{"element-6066-11e4-a52e-4f735466cecf":"C282867705B7C20CEB436DA1C0AA3474_element_55","ELEMENT":"C282867705B7C20CEB436DA1C0AA3474_element_55"}]}
RESULT: {"script":"return (function isElementDisplayed(element) {\n    function nodeIsElement(node) {\n        if (!node) {\n            return false;\n        }\n        switch (node.nodeType) {\n            case Node.ELEMEN ... (7807 more bytes)","args":[{"element-6066-11e4-a52e-4f735466cecf":"C282867705B7C20CEB436DA1C0AA3474_element_55","ELEMENT":"C282867705B7C20CEB436DA1C0AA3474_element_55"}]}
COMMAND: POST /session/c128237b49e18265c789a5e902fb2b49/element - {"using":"css selector","value":".govuk-heading-xl"}
RESULT: {"using":"css selector","value":".govuk-heading-xl"}
COMMAND: GET /session/c128237b49e18265c789a5e902fb2b49/element/C282867705B7C20CEB436DA1C0AA3474_element_55/text - {}
RESULT: {}
COMMAND: POST /session/c128237b49e18265c789a5e902fb2b49/element - {"using":"xpath","value":".//caption[contains(., \"Measured (events)\") and not(.//caption)]"}
RESULT: {"using":"xpath","value":".//caption[contains(., \"Measured (events)\") and not(.//caption)]"}
COMMAND: POST /session/c128237b49e18265c789a5e902fb2b49/execute/sync - {"script":"return (function (elem, id) {\n        return (function parentElement() {\n        return this.parentElement;\n    }).call(elem, id);\n    }).apply(null, arguments)","args":[{"element-6066-11e4-a52e-4f735466cecf":"C282867705B7C20CEB436DA1C0AA3474_element_56","ELEMENT":"C282867705B7C20CEB436DA1C0AA3474_element_56"}]}
RESULT: {"script":"return (function (elem, id) {\n        return (function parentElement() {\n        return this.parentElement;\n    }).call(elem, id);\n    }).apply(null, arguments)","args":[{"element-6066-11e4-a52e-4f735466cecf":"C282867705B7C20CEB436DA1C0AA3474_element_56","ELEMENT":"C282867705B7C20CEB436DA1C0AA3474_element_56"}]}
COMMAND: POST /session/c128237b49e18265c789a5e902fb2b49/execute/sync - {"script":"return (function isElementDisplayed(element) {\n    function nodeIsElement(node) {\n        if (!node) {\n            return false;\n        }\n        switch (node.nodeType) {\n            case Node.ELEMEN ... (7807 more bytes)","args":[{"element-6066-11e4-a52e-4f735466cecf":"C282867705B7C20CEB436DA1C0AA3474_element_57","ELEMENT":"C282867705B7C20CEB436DA1C0AA3474_element_57"}]}
RESULT: {"script":"return (function isElementDisplayed(element) {\n    function nodeIsElement(node) {\n        if (!node) {\n            return false;\n        }\n        switch (node.nodeType) {\n            case Node.ELEMEN ... (7807 more bytes)","args":[{"element-6066-11e4-a52e-4f735466cecf":"C282867705B7C20CEB436DA1C0AA3474_element_57","ELEMENT":"C282867705B7C20CEB436DA1C0AA3474_element_57"}]}
COMMAND: POST /session/c128237b49e18265c789a5e902fb2b49/element/C282867705B7C20CEB436DA1C0AA3474_element_57/elements - {"using":"css selector","value":"tbody tr"}
RESULT: {"using":"css selector","value":"tbody tr"}
COMMAND: POST /session/c128237b49e18265c789a5e902fb2b49/element/C282867705B7C20CEB436DA1C0AA3474_element_57/element - {"using":"css selector","value":"thead tr"}
RESULT: {"using":"css selector","value":"thead tr"}
COMMAND: POST /session/c128237b49e18265c789a5e902fb2b49/element/C282867705B7C20CEB436DA1C0AA3474_element_59/elements - {"using":"css selector","value":"th"}
RESULT: {"using":"css selector","value":"th"}
COMMAND: GET /session/c128237b49e18265c789a5e902fb2b49/element/C282867705B7C20CEB436DA1C0AA3474_element_60/text - {}
COMMAND: GET /session/c128237b49e18265c789a5e902fb2b49/element/C282867705B7C20CEB436DA1C0AA3474_element_61/text - {}
RESULT: {}
RESULT: {}
COMMAND: POST /session/c128237b49e18265c789a5e902fb2b49/element/C282867705B7C20CEB436DA1C0AA3474_element_58/elements - {"using":"css selector","value":"th,td"}
RESULT: {"using":"css selector","value":"th,td"}
COMMAND: GET /session/c128237b49e18265c789a5e902fb2b49/element/C282867705B7C20CEB436DA1C0AA3474_element_62/text - {}
RESULT: {}
COMMAND: GET /session/c128237b49e18265c789a5e902fb2b49/element/C282867705B7C20CEB436DA1C0AA3474_element_63/text - {}
RESULT: {}
]]></system-out>
    </testcase>
    <testcase classname="chrome.117_0_5938_88.linux.Invoice_Page_Test.Vendor:_Vendor_Three,Invoice:2005-09" name="should validate invoice table data" time="1.452">
      <system-out><![CDATA[
COMMAND: POST /session/c128237b49e18265c789a5e902fb2b49/url - {"url":"https://pr-477.btm.dev.account.gov.uk/contracts/3/invoices/2005-09"}
RESULT: {"url":"https://pr-477.btm.dev.account.gov.uk/contracts/3/invoices/2005-09"}
COMMAND: POST /session/c128237b49e18265c789a5e902fb2b49/execute/sync - {"script":"return (() => document.readyState === \"complete\").apply(null, arguments)","args":[]}
RESULT: {"script":"return (() => document.readyState === \"complete\").apply(null, arguments)","args":[]}
COMMAND: GET /session/c128237b49e18265c789a5e902fb2b49/url - {}
RESULT: {}
COMMAND: POST /session/c128237b49e18265c789a5e902fb2b49/element - {"using":"css selector","value":".govuk-heading-xl"}
RESULT: {"using":"css selector","value":".govuk-heading-xl"}
COMMAND: POST /session/c128237b49e18265c789a5e902fb2b49/execute/sync - {"script":"return (function isElementDisplayed(element) {\n    function nodeIsElement(node) {\n        if (!node) {\n            return false;\n        }\n        switch (node.nodeType) {\n            case Node.ELEMEN ... (7807 more bytes)","args":[{"element-6066-11e4-a52e-4f735466cecf":"F1F74E7E81B6FA2C7B616E13A325934E_element_67","ELEMENT":"F1F74E7E81B6FA2C7B616E13A325934E_element_67"}]}
RESULT: {"script":"return (function isElementDisplayed(element) {\n    function nodeIsElement(node) {\n        if (!node) {\n            return false;\n        }\n        switch (node.nodeType) {\n            case Node.ELEMEN ... (7807 more bytes)","args":[{"element-6066-11e4-a52e-4f735466cecf":"F1F74E7E81B6FA2C7B616E13A325934E_element_67","ELEMENT":"F1F74E7E81B6FA2C7B616E13A325934E_element_67"}]}
COMMAND: POST /session/c128237b49e18265c789a5e902fb2b49/element - {"using":"css selector","value":".govuk-heading-xl"}
RESULT: {"using":"css selector","value":".govuk-heading-xl"}
COMMAND: GET /session/c128237b49e18265c789a5e902fb2b49/element/F1F74E7E81B6FA2C7B616E13A325934E_element_67/text - {}
RESULT: {}
COMMAND: POST /session/c128237b49e18265c789a5e902fb2b49/element - {"using":"xpath","value":".//caption[contains(., \"Invoice\") and not(.//caption)]"}
RESULT: {"using":"xpath","value":".//caption[contains(., \"Invoice\") and not(.//caption)]"}
COMMAND: POST /session/c128237b49e18265c789a5e902fb2b49/execute/sync - {"script":"return (function (elem, id) {\n        return (function parentElement() {\n        return this.parentElement;\n    }).call(elem, id);\n    }).apply(null, arguments)","args":[{"element-6066-11e4-a52e-4f735466cecf":"F1F74E7E81B6FA2C7B616E13A325934E_element_68","ELEMENT":"F1F74E7E81B6FA2C7B616E13A325934E_element_68"}]}
RESULT: {"script":"return (function (elem, id) {\n        return (function parentElement() {\n        return this.parentElement;\n    }).call(elem, id);\n    }).apply(null, arguments)","args":[{"element-6066-11e4-a52e-4f735466cecf":"F1F74E7E81B6FA2C7B616E13A325934E_element_68","ELEMENT":"F1F74E7E81B6FA2C7B616E13A325934E_element_68"}]}
COMMAND: POST /session/c128237b49e18265c789a5e902fb2b49/execute/sync - {"script":"return (function isElementDisplayed(element) {\n    function nodeIsElement(node) {\n        if (!node) {\n            return false;\n        }\n        switch (node.nodeType) {\n            case Node.ELEMEN ... (7807 more bytes)","args":[{"element-6066-11e4-a52e-4f735466cecf":"F1F74E7E81B6FA2C7B616E13A325934E_element_69","ELEMENT":"F1F74E7E81B6FA2C7B616E13A325934E_element_69"}]}
RESULT: {"script":"return (function isElementDisplayed(element) {\n    function nodeIsElement(node) {\n        if (!node) {\n            return false;\n        }\n        switch (node.nodeType) {\n            case Node.ELEMEN ... (7807 more bytes)","args":[{"element-6066-11e4-a52e-4f735466cecf":"F1F74E7E81B6FA2C7B616E13A325934E_element_69","ELEMENT":"F1F74E7E81B6FA2C7B616E13A325934E_element_69"}]}
COMMAND: POST /session/c128237b49e18265c789a5e902fb2b49/element/F1F74E7E81B6FA2C7B616E13A325934E_element_69/elements - {"using":"css selector","value":"tbody tr"}
RESULT: {"using":"css selector","value":"tbody tr"}
COMMAND: POST /session/c128237b49e18265c789a5e902fb2b49/element/F1F74E7E81B6FA2C7B616E13A325934E_element_69/element - {"using":"css selector","value":"thead tr"}
RESULT: {"using":"css selector","value":"thead tr"}
COMMAND: POST /session/c128237b49e18265c789a5e902fb2b49/element/F1F74E7E81B6FA2C7B616E13A325934E_element_72/elements - {"using":"css selector","value":"th"}
RESULT: {"using":"css selector","value":"th"}
COMMAND: GET /session/c128237b49e18265c789a5e902fb2b49/element/F1F74E7E81B6FA2C7B616E13A325934E_element_73/text - {}
COMMAND: GET /session/c128237b49e18265c789a5e902fb2b49/element/F1F74E7E81B6FA2C7B616E13A325934E_element_74/text - {}
COMMAND: GET /session/c128237b49e18265c789a5e902fb2b49/element/F1F74E7E81B6FA2C7B616E13A325934E_element_76/text - {}
COMMAND: GET /session/c128237b49e18265c789a5e902fb2b49/element/F1F74E7E81B6FA2C7B616E13A325934E_element_75/text - {}
COMMAND: GET /session/c128237b49e18265c789a5e902fb2b49/element/F1F74E7E81B6FA2C7B616E13A325934E_element_77/text - {}
RESULT: {}
RESULT: {}
RESULT: {}
RESULT: {}
RESULT: {}
COMMAND: POST /session/c128237b49e18265c789a5e902fb2b49/element/F1F74E7E81B6FA2C7B616E13A325934E_element_70/elements - {"using":"css selector","value":"th,td"}
RESULT: {"using":"css selector","value":"th,td"}
COMMAND: GET /session/c128237b49e18265c789a5e902fb2b49/element/F1F74E7E81B6FA2C7B616E13A325934E_element_78/text - {}
RESULT: {}
COMMAND: GET /session/c128237b49e18265c789a5e902fb2b49/element/F1F74E7E81B6FA2C7B616E13A325934E_element_79/text - {}
RESULT: {}
COMMAND: GET /session/c128237b49e18265c789a5e902fb2b49/element/F1F74E7E81B6FA2C7B616E13A325934E_element_80/text - {}
RESULT: {}
COMMAND: GET /session/c128237b49e18265c789a5e902fb2b49/element/F1F74E7E81B6FA2C7B616E13A325934E_element_81/text - {}
RESULT: {}
COMMAND: GET /session/c128237b49e18265c789a5e902fb2b49/element/F1F74E7E81B6FA2C7B616E13A325934E_element_82/text - {}
RESULT: {}
COMMAND: POST /session/c128237b49e18265c789a5e902fb2b49/element/F1F74E7E81B6FA2C7B616E13A325934E_element_71/elements - {"using":"css selector","value":"th,td"}
RESULT: {"using":"css selector","value":"th,td"}
COMMAND: GET /session/c128237b49e18265c789a5e902fb2b49/element/F1F74E7E81B6FA2C7B616E13A325934E_element_83/text - {}
RESULT: {}
COMMAND: GET /session/c128237b49e18265c789a5e902fb2b49/element/F1F74E7E81B6FA2C7B616E13A325934E_element_84/text - {}
RESULT: {}
COMMAND: GET /session/c128237b49e18265c789a5e902fb2b49/element/F1F74E7E81B6FA2C7B616E13A325934E_element_85/text - {}
RESULT: {}
COMMAND: GET /session/c128237b49e18265c789a5e902fb2b49/element/F1F74E7E81B6FA2C7B616E13A325934E_element_86/text - {}
RESULT: {}
COMMAND: GET /session/c128237b49e18265c789a5e902fb2b49/element/F1F74E7E81B6FA2C7B616E13A325934E_element_87/text - {}
RESULT: {}
]]></system-out>
    </testcase>
  </testsuite>
  <testsuite name="Vendor Vendor Three Invoice 2023 03" timestamp="2023-09-21T15:05:21" time="5.491" tests="6" failures="0" errors="0" skipped="0">
    <properties>
      <property name="specId" value="0"/>
      <property name="suiteName" value="Vendor: Vendor Three,Invoice:2023-03"/>
      <property name="capabilities" value="chrome.117_0_5938_88.linux"/>
      <property name="file" value="file://./ui-tests/specs/invoice.spec.ts"/>
    </properties>
    <testcase classname="chrome.117_0_5938_88.linux.Invoice_Page_Test.Vendor:_Vendor_Three,Invoice:2023-03" name="should display correct status banner color and message" time="0.809">
      <system-out><![CDATA[
COMMAND: POST /session/c128237b49e18265c789a5e902fb2b49/url - {"url":"https://pr-477.btm.dev.account.gov.uk/contracts/3/invoices/2023-03"}
RESULT: {"url":"https://pr-477.btm.dev.account.gov.uk/contracts/3/invoices/2023-03"}
COMMAND: POST /session/c128237b49e18265c789a5e902fb2b49/execute/sync - {"script":"return (() => document.readyState === \"complete\").apply(null, arguments)","args":[]}
RESULT: {"script":"return (() => document.readyState === \"complete\").apply(null, arguments)","args":[]}
COMMAND: GET /session/c128237b49e18265c789a5e902fb2b49/url - {}
RESULT: {}
COMMAND: POST /session/c128237b49e18265c789a5e902fb2b49/element - {"using":"css selector","value":".govuk-heading-xl"}
RESULT: {"using":"css selector","value":".govuk-heading-xl"}
COMMAND: POST /session/c128237b49e18265c789a5e902fb2b49/execute/sync - {"script":"return (function isElementDisplayed(element) {\n    function nodeIsElement(node) {\n        if (!node) {\n            return false;\n        }\n        switch (node.nodeType) {\n            case Node.ELEMEN ... (7807 more bytes)","args":[{"element-6066-11e4-a52e-4f735466cecf":"BC357B6D833A25957D07D77BA13FF6EC_element_89","ELEMENT":"BC357B6D833A25957D07D77BA13FF6EC_element_89"}]}
RESULT: {"script":"return (function isElementDisplayed(element) {\n    function nodeIsElement(node) {\n        if (!node) {\n            return false;\n        }\n        switch (node.nodeType) {\n            case Node.ELEMEN ... (7807 more bytes)","args":[{"element-6066-11e4-a52e-4f735466cecf":"BC357B6D833A25957D07D77BA13FF6EC_element_89","ELEMENT":"BC357B6D833A25957D07D77BA13FF6EC_element_89"}]}
COMMAND: POST /session/c128237b49e18265c789a5e902fb2b49/element - {"using":"css selector","value":".govuk-heading-xl"}
RESULT: {"using":"css selector","value":".govuk-heading-xl"}
COMMAND: GET /session/c128237b49e18265c789a5e902fb2b49/element/BC357B6D833A25957D07D77BA13FF6EC_element_89/text - {}
RESULT: {}
COMMAND: POST /session/c128237b49e18265c789a5e902fb2b49/element - {"using":"css selector","value":"h2.govuk-panel__title"}
RESULT: {"using":"css selector","value":"h2.govuk-panel__title"}
COMMAND: POST /session/c128237b49e18265c789a5e902fb2b49/execute/sync - {"script":"return (function isElementDisplayed(element) {\n    function nodeIsElement(node) {\n        if (!node) {\n            return false;\n        }\n        switch (node.nodeType) {\n            case Node.ELEMEN ... (7807 more bytes)","args":[{"element-6066-11e4-a52e-4f735466cecf":"BC357B6D833A25957D07D77BA13FF6EC_element_90","ELEMENT":"BC357B6D833A25957D07D77BA13FF6EC_element_90"}]}
RESULT: {"script":"return (function isElementDisplayed(element) {\n    function nodeIsElement(node) {\n        if (!node) {\n            return false;\n        }\n        switch (node.nodeType) {\n            case Node.ELEMEN ... (7807 more bytes)","args":[{"element-6066-11e4-a52e-4f735466cecf":"BC357B6D833A25957D07D77BA13FF6EC_element_90","ELEMENT":"BC357B6D833A25957D07D77BA13FF6EC_element_90"}]}
COMMAND: POST /session/c128237b49e18265c789a5e902fb2b49/element - {"using":"css selector","value":"h2.govuk-panel__title"}
RESULT: {"using":"css selector","value":"h2.govuk-panel__title"}
COMMAND: GET /session/c128237b49e18265c789a5e902fb2b49/element/BC357B6D833A25957D07D77BA13FF6EC_element_90/text - {}
RESULT: {}
COMMAND: POST /session/c128237b49e18265c789a5e902fb2b49/element - {"using":"css selector","value":".govuk-panel"}
RESULT: {"using":"css selector","value":".govuk-panel"}
COMMAND: POST /session/c128237b49e18265c789a5e902fb2b49/execute/sync - {"script":"return (function isElementDisplayed(element) {\n    function nodeIsElement(node) {\n        if (!node) {\n            return false;\n        }\n        switch (node.nodeType) {\n            case Node.ELEMEN ... (7807 more bytes)","args":[{"element-6066-11e4-a52e-4f735466cecf":"BC357B6D833A25957D07D77BA13FF6EC_element_91","ELEMENT":"BC357B6D833A25957D07D77BA13FF6EC_element_91"}]}
RESULT: {"script":"return (function isElementDisplayed(element) {\n    function nodeIsElement(node) {\n        if (!node) {\n            return false;\n        }\n        switch (node.nodeType) {\n            case Node.ELEMEN ... (7807 more bytes)","args":[{"element-6066-11e4-a52e-4f735466cecf":"BC357B6D833A25957D07D77BA13FF6EC_element_91","ELEMENT":"BC357B6D833A25957D07D77BA13FF6EC_element_91"}]}
COMMAND: GET /session/c128237b49e18265c789a5e902fb2b49/element/BC357B6D833A25957D07D77BA13FF6EC_element_91/css/background-color - {}
RESULT: {}
]]></system-out>
    </testcase>
    <testcase classname="chrome.117_0_5938_88.linux.Invoice_Page_Test.Vendor:_Vendor_Three,Invoice:2023-03" name="should validate reconciliation table data" time="1.252">
      <system-out><![CDATA[
COMMAND: POST /session/c128237b49e18265c789a5e902fb2b49/url - {"url":"https://pr-477.btm.dev.account.gov.uk/contracts/3/invoices/2023-03"}
RESULT: {"url":"https://pr-477.btm.dev.account.gov.uk/contracts/3/invoices/2023-03"}
COMMAND: POST /session/c128237b49e18265c789a5e902fb2b49/execute/sync - {"script":"return (() => document.readyState === \"complete\").apply(null, arguments)","args":[]}
RESULT: {"script":"return (() => document.readyState === \"complete\").apply(null, arguments)","args":[]}
COMMAND: GET /session/c128237b49e18265c789a5e902fb2b49/url - {}
RESULT: {}
COMMAND: POST /session/c128237b49e18265c789a5e902fb2b49/element - {"using":"css selector","value":".govuk-heading-xl"}
RESULT: {"using":"css selector","value":".govuk-heading-xl"}
COMMAND: POST /session/c128237b49e18265c789a5e902fb2b49/execute/sync - {"script":"return (function isElementDisplayed(element) {\n    function nodeIsElement(node) {\n        if (!node) {\n            return false;\n        }\n        switch (node.nodeType) {\n            case Node.ELEMEN ... (7807 more bytes)","args":[{"element-6066-11e4-a52e-4f735466cecf":"CF9A51B9B440DDC62CA61904E304F55B_element_93","ELEMENT":"CF9A51B9B440DDC62CA61904E304F55B_element_93"}]}
RESULT: {"script":"return (function isElementDisplayed(element) {\n    function nodeIsElement(node) {\n        if (!node) {\n            return false;\n        }\n        switch (node.nodeType) {\n            case Node.ELEMEN ... (7807 more bytes)","args":[{"element-6066-11e4-a52e-4f735466cecf":"CF9A51B9B440DDC62CA61904E304F55B_element_93","ELEMENT":"CF9A51B9B440DDC62CA61904E304F55B_element_93"}]}
COMMAND: POST /session/c128237b49e18265c789a5e902fb2b49/element - {"using":"css selector","value":".govuk-heading-xl"}
RESULT: {"using":"css selector","value":".govuk-heading-xl"}
COMMAND: GET /session/c128237b49e18265c789a5e902fb2b49/element/CF9A51B9B440DDC62CA61904E304F55B_element_93/text - {}
RESULT: {}
COMMAND: POST /session/c128237b49e18265c789a5e902fb2b49/element - {"using":"xpath","value":".//caption[contains(., \"Reconciliation\") and not(.//caption)]"}
RESULT: {"using":"xpath","value":".//caption[contains(., \"Reconciliation\") and not(.//caption)]"}
COMMAND: POST /session/c128237b49e18265c789a5e902fb2b49/execute/sync - {"script":"return (function (elem, id) {\n        return (function parentElement() {\n        return this.parentElement;\n    }).call(elem, id);\n    }).apply(null, arguments)","args":[{"element-6066-11e4-a52e-4f735466cecf":"CF9A51B9B440DDC62CA61904E304F55B_element_94","ELEMENT":"CF9A51B9B440DDC62CA61904E304F55B_element_94"}]}
RESULT: {"script":"return (function (elem, id) {\n        return (function parentElement() {\n        return this.parentElement;\n    }).call(elem, id);\n    }).apply(null, arguments)","args":[{"element-6066-11e4-a52e-4f735466cecf":"CF9A51B9B440DDC62CA61904E304F55B_element_94","ELEMENT":"CF9A51B9B440DDC62CA61904E304F55B_element_94"}]}
COMMAND: POST /session/c128237b49e18265c789a5e902fb2b49/execute/sync - {"script":"return (function isElementDisplayed(element) {\n    function nodeIsElement(node) {\n        if (!node) {\n            return false;\n        }\n        switch (node.nodeType) {\n            case Node.ELEMEN ... (7807 more bytes)","args":[{"element-6066-11e4-a52e-4f735466cecf":"CF9A51B9B440DDC62CA61904E304F55B_element_95","ELEMENT":"CF9A51B9B440DDC62CA61904E304F55B_element_95"}]}
RESULT: {"script":"return (function isElementDisplayed(element) {\n    function nodeIsElement(node) {\n        if (!node) {\n            return false;\n        }\n        switch (node.nodeType) {\n            case Node.ELEMEN ... (7807 more bytes)","args":[{"element-6066-11e4-a52e-4f735466cecf":"CF9A51B9B440DDC62CA61904E304F55B_element_95","ELEMENT":"CF9A51B9B440DDC62CA61904E304F55B_element_95"}]}
COMMAND: POST /session/c128237b49e18265c789a5e902fb2b49/element/CF9A51B9B440DDC62CA61904E304F55B_element_95/elements - {"using":"css selector","value":"tbody tr"}
RESULT: {"using":"css selector","value":"tbody tr"}
COMMAND: POST /session/c128237b49e18265c789a5e902fb2b49/element/CF9A51B9B440DDC62CA61904E304F55B_element_95/element - {"using":"css selector","value":"thead tr"}
RESULT: {"using":"css selector","value":"thead tr"}
COMMAND: POST /session/c128237b49e18265c789a5e902fb2b49/element/CF9A51B9B440DDC62CA61904E304F55B_element_98/elements - {"using":"css selector","value":"th"}
RESULT: {"using":"css selector","value":"th"}
COMMAND: GET /session/c128237b49e18265c789a5e902fb2b49/element/CF9A51B9B440DDC62CA61904E304F55B_element_99/text - {}
COMMAND: GET /session/c128237b49e18265c789a5e902fb2b49/element/CF9A51B9B440DDC62CA61904E304F55B_element_100/text - {}
COMMAND: GET /session/c128237b49e18265c789a5e902fb2b49/element/CF9A51B9B440DDC62CA61904E304F55B_element_102/text - {}
COMMAND: GET /session/c128237b49e18265c789a5e902fb2b49/element/CF9A51B9B440DDC62CA61904E304F55B_element_101/text - {}
COMMAND: GET /session/c128237b49e18265c789a5e902fb2b49/element/CF9A51B9B440DDC62CA61904E304F55B_element_103/text - {}
RESULT: {}
RESULT: {}
RESULT: {}
RESULT: {}
RESULT: {}
COMMAND: POST /session/c128237b49e18265c789a5e902fb2b49/element/CF9A51B9B440DDC62CA61904E304F55B_element_96/elements - {"using":"css selector","value":"th,td"}
RESULT: {"using":"css selector","value":"th,td"}
COMMAND: GET /session/c128237b49e18265c789a5e902fb2b49/element/CF9A51B9B440DDC62CA61904E304F55B_element_104/text - {}
RESULT: {}
COMMAND: GET /session/c128237b49e18265c789a5e902fb2b49/element/CF9A51B9B440DDC62CA61904E304F55B_element_105/text - {}
RESULT: {}
COMMAND: GET /session/c128237b49e18265c789a5e902fb2b49/element/CF9A51B9B440DDC62CA61904E304F55B_element_106/text - {}
RESULT: {}
COMMAND: GET /session/c128237b49e18265c789a5e902fb2b49/element/CF9A51B9B440DDC62CA61904E304F55B_element_107/text - {}
RESULT: {}
COMMAND: GET /session/c128237b49e18265c789a5e902fb2b49/element/CF9A51B9B440DDC62CA61904E304F55B_element_108/text - {}
RESULT: {}
COMMAND: POST /session/c128237b49e18265c789a5e902fb2b49/element/CF9A51B9B440DDC62CA61904E304F55B_element_97/elements - {"using":"css selector","value":"th,td"}
RESULT: {"using":"css selector","value":"th,td"}
COMMAND: GET /session/c128237b49e18265c789a5e902fb2b49/element/CF9A51B9B440DDC62CA61904E304F55B_element_109/text - {}
RESULT: {}
COMMAND: GET /session/c128237b49e18265c789a5e902fb2b49/element/CF9A51B9B440DDC62CA61904E304F55B_element_110/text - {}
RESULT: {}
COMMAND: GET /session/c128237b49e18265c789a5e902fb2b49/element/CF9A51B9B440DDC62CA61904E304F55B_element_111/text - {}
RESULT: {}
COMMAND: GET /session/c128237b49e18265c789a5e902fb2b49/element/CF9A51B9B440DDC62CA61904E304F55B_element_112/text - {}
RESULT: {}
COMMAND: GET /session/c128237b49e18265c789a5e902fb2b49/element/CF9A51B9B440DDC62CA61904E304F55B_element_113/text - {}
RESULT: {}
]]></system-out>
    </testcase>
    <testcase classname="chrome.117_0_5938_88.linux.Invoice_Page_Test.Vendor:_Vendor_Three,Invoice:2023-03" name="should validate quantity events table data" time="0.897">
      <system-out><![CDATA[
COMMAND: POST /session/c128237b49e18265c789a5e902fb2b49/url - {"url":"https://pr-477.btm.dev.account.gov.uk/contracts/3/invoices/2023-03"}
RESULT: {"url":"https://pr-477.btm.dev.account.gov.uk/contracts/3/invoices/2023-03"}
COMMAND: POST /session/c128237b49e18265c789a5e902fb2b49/execute/sync - {"script":"return (() => document.readyState === \"complete\").apply(null, arguments)","args":[]}
RESULT: {"script":"return (() => document.readyState === \"complete\").apply(null, arguments)","args":[]}
COMMAND: GET /session/c128237b49e18265c789a5e902fb2b49/url - {}
RESULT: {}
COMMAND: POST /session/c128237b49e18265c789a5e902fb2b49/element - {"using":"css selector","value":".govuk-heading-xl"}
RESULT: {"using":"css selector","value":".govuk-heading-xl"}
COMMAND: POST /session/c128237b49e18265c789a5e902fb2b49/execute/sync - {"script":"return (function isElementDisplayed(element) {\n    function nodeIsElement(node) {\n        if (!node) {\n            return false;\n        }\n        switch (node.nodeType) {\n            case Node.ELEMEN ... (7807 more bytes)","args":[{"element-6066-11e4-a52e-4f735466cecf":"559371B94C1E73F3351F3253E094B321_element_115","ELEMENT":"559371B94C1E73F3351F3253E094B321_element_115"}]}
RESULT: {"script":"return (function isElementDisplayed(element) {\n    function nodeIsElement(node) {\n        if (!node) {\n            return false;\n        }\n        switch (node.nodeType) {\n            case Node.ELEMEN ... (7807 more bytes)","args":[{"element-6066-11e4-a52e-4f735466cecf":"559371B94C1E73F3351F3253E094B321_element_115","ELEMENT":"559371B94C1E73F3351F3253E094B321_element_115"}]}
COMMAND: POST /session/c128237b49e18265c789a5e902fb2b49/element - {"using":"css selector","value":".govuk-heading-xl"}
RESULT: {"using":"css selector","value":".govuk-heading-xl"}
COMMAND: GET /session/c128237b49e18265c789a5e902fb2b49/element/559371B94C1E73F3351F3253E094B321_element_115/text - {}
RESULT: {}
COMMAND: POST /session/c128237b49e18265c789a5e902fb2b49/element - {"using":"xpath","value":".//caption[contains(., \"Quantity (events)\") and not(.//caption)]"}
RESULT: {"using":"xpath","value":".//caption[contains(., \"Quantity (events)\") and not(.//caption)]"}
COMMAND: POST /session/c128237b49e18265c789a5e902fb2b49/execute/sync - {"script":"return (function (elem, id) {\n        return (function parentElement() {\n        return this.parentElement;\n    }).call(elem, id);\n    }).apply(null, arguments)","args":[{"element-6066-11e4-a52e-4f735466cecf":"559371B94C1E73F3351F3253E094B321_element_116","ELEMENT":"559371B94C1E73F3351F3253E094B321_element_116"}]}
RESULT: {"script":"return (function (elem, id) {\n        return (function parentElement() {\n        return this.parentElement;\n    }).call(elem, id);\n    }).apply(null, arguments)","args":[{"element-6066-11e4-a52e-4f735466cecf":"559371B94C1E73F3351F3253E094B321_element_116","ELEMENT":"559371B94C1E73F3351F3253E094B321_element_116"}]}
COMMAND: POST /session/c128237b49e18265c789a5e902fb2b49/execute/sync - {"script":"return (function isElementDisplayed(element) {\n    function nodeIsElement(node) {\n        if (!node) {\n            return false;\n        }\n        switch (node.nodeType) {\n            case Node.ELEMEN ... (7807 more bytes)","args":[{"element-6066-11e4-a52e-4f735466cecf":"559371B94C1E73F3351F3253E094B321_element_117","ELEMENT":"559371B94C1E73F3351F3253E094B321_element_117"}]}
RESULT: {"script":"return (function isElementDisplayed(element) {\n    function nodeIsElement(node) {\n        if (!node) {\n            return false;\n        }\n        switch (node.nodeType) {\n            case Node.ELEMEN ... (7807 more bytes)","args":[{"element-6066-11e4-a52e-4f735466cecf":"559371B94C1E73F3351F3253E094B321_element_117","ELEMENT":"559371B94C1E73F3351F3253E094B321_element_117"}]}
COMMAND: POST /session/c128237b49e18265c789a5e902fb2b49/element/559371B94C1E73F3351F3253E094B321_element_117/elements - {"using":"css selector","value":"tbody tr"}
RESULT: {"using":"css selector","value":"tbody tr"}
COMMAND: POST /session/c128237b49e18265c789a5e902fb2b49/element/559371B94C1E73F3351F3253E094B321_element_117/element - {"using":"css selector","value":"thead tr"}
RESULT: {"using":"css selector","value":"thead tr"}
COMMAND: POST /session/c128237b49e18265c789a5e902fb2b49/element/559371B94C1E73F3351F3253E094B321_element_120/elements - {"using":"css selector","value":"th"}
RESULT: {"using":"css selector","value":"th"}
COMMAND: GET /session/c128237b49e18265c789a5e902fb2b49/element/559371B94C1E73F3351F3253E094B321_element_121/text - {}
COMMAND: GET /session/c128237b49e18265c789a5e902fb2b49/element/559371B94C1E73F3351F3253E094B321_element_122/text - {}
COMMAND: GET /session/c128237b49e18265c789a5e902fb2b49/element/559371B94C1E73F3351F3253E094B321_element_124/text - {}
COMMAND: GET /session/c128237b49e18265c789a5e902fb2b49/element/559371B94C1E73F3351F3253E094B321_element_123/text - {}
RESULT: {}
RESULT: {}
RESULT: {}
RESULT: {}
COMMAND: POST /session/c128237b49e18265c789a5e902fb2b49/element/559371B94C1E73F3351F3253E094B321_element_118/elements - {"using":"css selector","value":"th,td"}
RESULT: {"using":"css selector","value":"th,td"}
COMMAND: GET /session/c128237b49e18265c789a5e902fb2b49/element/559371B94C1E73F3351F3253E094B321_element_125/text - {}
RESULT: {}
COMMAND: GET /session/c128237b49e18265c789a5e902fb2b49/element/559371B94C1E73F3351F3253E094B321_element_126/text - {}
RESULT: {}
COMMAND: GET /session/c128237b49e18265c789a5e902fb2b49/element/559371B94C1E73F3351F3253E094B321_element_127/text - {}
RESULT: {}
COMMAND: GET /session/c128237b49e18265c789a5e902fb2b49/element/559371B94C1E73F3351F3253E094B321_element_128/text - {}
RESULT: {}
COMMAND: POST /session/c128237b49e18265c789a5e902fb2b49/element/559371B94C1E73F3351F3253E094B321_element_119/elements - {"using":"css selector","value":"th,td"}
RESULT: {"using":"css selector","value":"th,td"}
COMMAND: GET /session/c128237b49e18265c789a5e902fb2b49/element/559371B94C1E73F3351F3253E094B321_element_129/text - {}
RESULT: {}
COMMAND: GET /session/c128237b49e18265c789a5e902fb2b49/element/559371B94C1E73F3351F3253E094B321_element_130/text - {}
RESULT: {}
COMMAND: GET /session/c128237b49e18265c789a5e902fb2b49/element/559371B94C1E73F3351F3253E094B321_element_131/text - {}
RESULT: {}
COMMAND: GET /session/c128237b49e18265c789a5e902fb2b49/element/559371B94C1E73F3351F3253E094B321_element_132/text - {}
RESULT: {}
]]></system-out>
    </testcase>
    <testcase classname="chrome.117_0_5938_88.linux.Invoice_Page_Test.Vendor:_Vendor_Three,Invoice:2023-03" name="should validate price table data" time="0.866">
      <system-out><![CDATA[
COMMAND: POST /session/c128237b49e18265c789a5e902fb2b49/url - {"url":"https://pr-477.btm.dev.account.gov.uk/contracts/3/invoices/2023-03"}
RESULT: {"url":"https://pr-477.btm.dev.account.gov.uk/contracts/3/invoices/2023-03"}
COMMAND: POST /session/c128237b49e18265c789a5e902fb2b49/execute/sync - {"script":"return (() => document.readyState === \"complete\").apply(null, arguments)","args":[]}
RESULT: {"script":"return (() => document.readyState === \"complete\").apply(null, arguments)","args":[]}
COMMAND: GET /session/c128237b49e18265c789a5e902fb2b49/url - {}
RESULT: {}
COMMAND: POST /session/c128237b49e18265c789a5e902fb2b49/element - {"using":"css selector","value":".govuk-heading-xl"}
RESULT: {"using":"css selector","value":".govuk-heading-xl"}
COMMAND: POST /session/c128237b49e18265c789a5e902fb2b49/execute/sync - {"script":"return (function isElementDisplayed(element) {\n    function nodeIsElement(node) {\n        if (!node) {\n            return false;\n        }\n        switch (node.nodeType) {\n            case Node.ELEMEN ... (7807 more bytes)","args":[{"element-6066-11e4-a52e-4f735466cecf":"F37385BE3AF107ADF8E2D1928E5652A3_element_134","ELEMENT":"F37385BE3AF107ADF8E2D1928E5652A3_element_134"}]}
RESULT: {"script":"return (function isElementDisplayed(element) {\n    function nodeIsElement(node) {\n        if (!node) {\n            return false;\n        }\n        switch (node.nodeType) {\n            case Node.ELEMEN ... (7807 more bytes)","args":[{"element-6066-11e4-a52e-4f735466cecf":"F37385BE3AF107ADF8E2D1928E5652A3_element_134","ELEMENT":"F37385BE3AF107ADF8E2D1928E5652A3_element_134"}]}
COMMAND: POST /session/c128237b49e18265c789a5e902fb2b49/element - {"using":"css selector","value":".govuk-heading-xl"}
RESULT: {"using":"css selector","value":".govuk-heading-xl"}
COMMAND: GET /session/c128237b49e18265c789a5e902fb2b49/element/F37385BE3AF107ADF8E2D1928E5652A3_element_134/text - {}
RESULT: {}
COMMAND: POST /session/c128237b49e18265c789a5e902fb2b49/element - {"using":"xpath","value":".//caption[contains(., \"Price\") and not(.//caption)]"}
RESULT: {"using":"xpath","value":".//caption[contains(., \"Price\") and not(.//caption)]"}
COMMAND: POST /session/c128237b49e18265c789a5e902fb2b49/execute/sync - {"script":"return (function (elem, id) {\n        return (function parentElement() {\n        return this.parentElement;\n    }).call(elem, id);\n    }).apply(null, arguments)","args":[{"element-6066-11e4-a52e-4f735466cecf":"F37385BE3AF107ADF8E2D1928E5652A3_element_135","ELEMENT":"F37385BE3AF107ADF8E2D1928E5652A3_element_135"}]}
RESULT: {"script":"return (function (elem, id) {\n        return (function parentElement() {\n        return this.parentElement;\n    }).call(elem, id);\n    }).apply(null, arguments)","args":[{"element-6066-11e4-a52e-4f735466cecf":"F37385BE3AF107ADF8E2D1928E5652A3_element_135","ELEMENT":"F37385BE3AF107ADF8E2D1928E5652A3_element_135"}]}
COMMAND: POST /session/c128237b49e18265c789a5e902fb2b49/execute/sync - {"script":"return (function isElementDisplayed(element) {\n    function nodeIsElement(node) {\n        if (!node) {\n            return false;\n        }\n        switch (node.nodeType) {\n            case Node.ELEMEN ... (7807 more bytes)","args":[{"element-6066-11e4-a52e-4f735466cecf":"F37385BE3AF107ADF8E2D1928E5652A3_element_136","ELEMENT":"F37385BE3AF107ADF8E2D1928E5652A3_element_136"}]}
RESULT: {"script":"return (function isElementDisplayed(element) {\n    function nodeIsElement(node) {\n        if (!node) {\n            return false;\n        }\n        switch (node.nodeType) {\n            case Node.ELEMEN ... (7807 more bytes)","args":[{"element-6066-11e4-a52e-4f735466cecf":"F37385BE3AF107ADF8E2D1928E5652A3_element_136","ELEMENT":"F37385BE3AF107ADF8E2D1928E5652A3_element_136"}]}
COMMAND: POST /session/c128237b49e18265c789a5e902fb2b49/element/F37385BE3AF107ADF8E2D1928E5652A3_element_136/elements - {"using":"css selector","value":"tbody tr"}
RESULT: {"using":"css selector","value":"tbody tr"}
COMMAND: POST /session/c128237b49e18265c789a5e902fb2b49/element/F37385BE3AF107ADF8E2D1928E5652A3_element_136/element - {"using":"css selector","value":"thead tr"}
RESULT: {"using":"css selector","value":"thead tr"}
COMMAND: POST /session/c128237b49e18265c789a5e902fb2b49/element/F37385BE3AF107ADF8E2D1928E5652A3_element_139/elements - {"using":"css selector","value":"th"}
RESULT: {"using":"css selector","value":"th"}
COMMAND: GET /session/c128237b49e18265c789a5e902fb2b49/element/F37385BE3AF107ADF8E2D1928E5652A3_element_140/text - {}
COMMAND: GET /session/c128237b49e18265c789a5e902fb2b49/element/F37385BE3AF107ADF8E2D1928E5652A3_element_141/text - {}
COMMAND: GET /session/c128237b49e18265c789a5e902fb2b49/element/F37385BE3AF107ADF8E2D1928E5652A3_element_143/text - {}
COMMAND: GET /session/c128237b49e18265c789a5e902fb2b49/element/F37385BE3AF107ADF8E2D1928E5652A3_element_142/text - {}
RESULT: {}
RESULT: {}
RESULT: {}
RESULT: {}
COMMAND: POST /session/c128237b49e18265c789a5e902fb2b49/element/F37385BE3AF107ADF8E2D1928E5652A3_element_137/elements - {"using":"css selector","value":"th,td"}
RESULT: {"using":"css selector","value":"th,td"}
COMMAND: GET /session/c128237b49e18265c789a5e902fb2b49/element/F37385BE3AF107ADF8E2D1928E5652A3_element_144/text - {}
RESULT: {}
COMMAND: GET /session/c128237b49e18265c789a5e902fb2b49/element/F37385BE3AF107ADF8E2D1928E5652A3_element_145/text - {}
RESULT: {}
COMMAND: GET /session/c128237b49e18265c789a5e902fb2b49/element/F37385BE3AF107ADF8E2D1928E5652A3_element_146/text - {}
RESULT: {}
COMMAND: GET /session/c128237b49e18265c789a5e902fb2b49/element/F37385BE3AF107ADF8E2D1928E5652A3_element_147/text - {}
RESULT: {}
COMMAND: POST /session/c128237b49e18265c789a5e902fb2b49/element/F37385BE3AF107ADF8E2D1928E5652A3_element_138/elements - {"using":"css selector","value":"th,td"}
RESULT: {"using":"css selector","value":"th,td"}
COMMAND: GET /session/c128237b49e18265c789a5e902fb2b49/element/F37385BE3AF107ADF8E2D1928E5652A3_element_148/text - {}
RESULT: {}
COMMAND: GET /session/c128237b49e18265c789a5e902fb2b49/element/F37385BE3AF107ADF8E2D1928E5652A3_element_149/text - {}
RESULT: {}
COMMAND: GET /session/c128237b49e18265c789a5e902fb2b49/element/F37385BE3AF107ADF8E2D1928E5652A3_element_150/text - {}
RESULT: {}
COMMAND: GET /session/c128237b49e18265c789a5e902fb2b49/element/F37385BE3AF107ADF8E2D1928E5652A3_element_151/text - {}
RESULT: {}
]]></system-out>
    </testcase>
    <testcase classname="chrome.117_0_5938_88.linux.Invoice_Page_Test.Vendor:_Vendor_Three,Invoice:2023-03" name="should validate measured events table data" time="0.823">
      <system-out><![CDATA[
COMMAND: POST /session/c128237b49e18265c789a5e902fb2b49/url - {"url":"https://pr-477.btm.dev.account.gov.uk/contracts/3/invoices/2023-03"}
RESULT: {"url":"https://pr-477.btm.dev.account.gov.uk/contracts/3/invoices/2023-03"}
COMMAND: POST /session/c128237b49e18265c789a5e902fb2b49/execute/sync - {"script":"return (() => document.readyState === \"complete\").apply(null, arguments)","args":[]}
RESULT: {"script":"return (() => document.readyState === \"complete\").apply(null, arguments)","args":[]}
COMMAND: GET /session/c128237b49e18265c789a5e902fb2b49/url - {}
RESULT: {}
COMMAND: POST /session/c128237b49e18265c789a5e902fb2b49/element - {"using":"css selector","value":".govuk-heading-xl"}
RESULT: {"using":"css selector","value":".govuk-heading-xl"}
COMMAND: POST /session/c128237b49e18265c789a5e902fb2b49/execute/sync - {"script":"return (function isElementDisplayed(element) {\n    function nodeIsElement(node) {\n        if (!node) {\n            return false;\n        }\n        switch (node.nodeType) {\n            case Node.ELEMEN ... (7807 more bytes)","args":[{"element-6066-11e4-a52e-4f735466cecf":"39EF66EDEB80E4B13CD5A8D29505DC54_element_153","ELEMENT":"39EF66EDEB80E4B13CD5A8D29505DC54_element_153"}]}
RESULT: {"script":"return (function isElementDisplayed(element) {\n    function nodeIsElement(node) {\n        if (!node) {\n            return false;\n        }\n        switch (node.nodeType) {\n            case Node.ELEMEN ... (7807 more bytes)","args":[{"element-6066-11e4-a52e-4f735466cecf":"39EF66EDEB80E4B13CD5A8D29505DC54_element_153","ELEMENT":"39EF66EDEB80E4B13CD5A8D29505DC54_element_153"}]}
COMMAND: POST /session/c128237b49e18265c789a5e902fb2b49/element - {"using":"css selector","value":".govuk-heading-xl"}
RESULT: {"using":"css selector","value":".govuk-heading-xl"}
COMMAND: GET /session/c128237b49e18265c789a5e902fb2b49/element/39EF66EDEB80E4B13CD5A8D29505DC54_element_153/text - {}
RESULT: {}
COMMAND: POST /session/c128237b49e18265c789a5e902fb2b49/element - {"using":"xpath","value":".//caption[contains(., \"Measured (events)\") and not(.//caption)]"}
RESULT: {"using":"xpath","value":".//caption[contains(., \"Measured (events)\") and not(.//caption)]"}
COMMAND: POST /session/c128237b49e18265c789a5e902fb2b49/execute/sync - {"script":"return (function (elem, id) {\n        return (function parentElement() {\n        return this.parentElement;\n    }).call(elem, id);\n    }).apply(null, arguments)","args":[{"element-6066-11e4-a52e-4f735466cecf":"39EF66EDEB80E4B13CD5A8D29505DC54_element_154","ELEMENT":"39EF66EDEB80E4B13CD5A8D29505DC54_element_154"}]}
RESULT: {"script":"return (function (elem, id) {\n        return (function parentElement() {\n        return this.parentElement;\n    }).call(elem, id);\n    }).apply(null, arguments)","args":[{"element-6066-11e4-a52e-4f735466cecf":"39EF66EDEB80E4B13CD5A8D29505DC54_element_154","ELEMENT":"39EF66EDEB80E4B13CD5A8D29505DC54_element_154"}]}
COMMAND: POST /session/c128237b49e18265c789a5e902fb2b49/execute/sync - {"script":"return (function isElementDisplayed(element) {\n    function nodeIsElement(node) {\n        if (!node) {\n            return false;\n        }\n        switch (node.nodeType) {\n            case Node.ELEMEN ... (7807 more bytes)","args":[{"element-6066-11e4-a52e-4f735466cecf":"39EF66EDEB80E4B13CD5A8D29505DC54_element_155","ELEMENT":"39EF66EDEB80E4B13CD5A8D29505DC54_element_155"}]}
RESULT: {"script":"return (function isElementDisplayed(element) {\n    function nodeIsElement(node) {\n        if (!node) {\n            return false;\n        }\n        switch (node.nodeType) {\n            case Node.ELEMEN ... (7807 more bytes)","args":[{"element-6066-11e4-a52e-4f735466cecf":"39EF66EDEB80E4B13CD5A8D29505DC54_element_155","ELEMENT":"39EF66EDEB80E4B13CD5A8D29505DC54_element_155"}]}
COMMAND: POST /session/c128237b49e18265c789a5e902fb2b49/element/39EF66EDEB80E4B13CD5A8D29505DC54_element_155/elements - {"using":"css selector","value":"tbody tr"}
RESULT: {"using":"css selector","value":"tbody tr"}
COMMAND: POST /session/c128237b49e18265c789a5e902fb2b49/element/39EF66EDEB80E4B13CD5A8D29505DC54_element_155/element - {"using":"css selector","value":"thead tr"}
RESULT: {"using":"css selector","value":"thead tr"}
COMMAND: POST /session/c128237b49e18265c789a5e902fb2b49/element/39EF66EDEB80E4B13CD5A8D29505DC54_element_158/elements - {"using":"css selector","value":"th"}
RESULT: {"using":"css selector","value":"th"}
COMMAND: GET /session/c128237b49e18265c789a5e902fb2b49/element/39EF66EDEB80E4B13CD5A8D29505DC54_element_159/text - {}
COMMAND: GET /session/c128237b49e18265c789a5e902fb2b49/element/39EF66EDEB80E4B13CD5A8D29505DC54_element_160/text - {}
RESULT: {}
RESULT: {}
COMMAND: POST /session/c128237b49e18265c789a5e902fb2b49/element/39EF66EDEB80E4B13CD5A8D29505DC54_element_156/elements - {"using":"css selector","value":"th,td"}
RESULT: {"using":"css selector","value":"th,td"}
COMMAND: GET /session/c128237b49e18265c789a5e902fb2b49/element/39EF66EDEB80E4B13CD5A8D29505DC54_element_161/text - {}
RESULT: {}
COMMAND: GET /session/c128237b49e18265c789a5e902fb2b49/element/39EF66EDEB80E4B13CD5A8D29505DC54_element_162/text - {}
RESULT: {}
COMMAND: POST /session/c128237b49e18265c789a5e902fb2b49/element/39EF66EDEB80E4B13CD5A8D29505DC54_element_157/elements - {"using":"css selector","value":"th,td"}
RESULT: {"using":"css selector","value":"th,td"}
COMMAND: GET /session/c128237b49e18265c789a5e902fb2b49/element/39EF66EDEB80E4B13CD5A8D29505DC54_element_163/text - {}
RESULT: {}
COMMAND: GET /session/c128237b49e18265c789a5e902fb2b49/element/39EF66EDEB80E4B13CD5A8D29505DC54_element_164/text - {}
RESULT: {}
]]></system-out>
    </testcase>
    <testcase classname="chrome.117_0_5938_88.linux.Invoice_Page_Test.Vendor:_Vendor_Three,Invoice:2023-03" name="should validate invoice table data" time="0.834">
      <system-out><![CDATA[
COMMAND: POST /session/c128237b49e18265c789a5e902fb2b49/url - {"url":"https://pr-477.btm.dev.account.gov.uk/contracts/3/invoices/2023-03"}
RESULT: {"url":"https://pr-477.btm.dev.account.gov.uk/contracts/3/invoices/2023-03"}
COMMAND: POST /session/c128237b49e18265c789a5e902fb2b49/execute/sync - {"script":"return (() => document.readyState === \"complete\").apply(null, arguments)","args":[]}
RESULT: {"script":"return (() => document.readyState === \"complete\").apply(null, arguments)","args":[]}
COMMAND: GET /session/c128237b49e18265c789a5e902fb2b49/url - {}
RESULT: {}
COMMAND: POST /session/c128237b49e18265c789a5e902fb2b49/element - {"using":"css selector","value":".govuk-heading-xl"}
RESULT: {"using":"css selector","value":".govuk-heading-xl"}
COMMAND: POST /session/c128237b49e18265c789a5e902fb2b49/execute/sync - {"script":"return (function isElementDisplayed(element) {\n    function nodeIsElement(node) {\n        if (!node) {\n            return false;\n        }\n        switch (node.nodeType) {\n            case Node.ELEMEN ... (7807 more bytes)","args":[{"element-6066-11e4-a52e-4f735466cecf":"051EBB6C29B5D1328333D3ACCF75BA0E_element_166","ELEMENT":"051EBB6C29B5D1328333D3ACCF75BA0E_element_166"}]}
RESULT: {"script":"return (function isElementDisplayed(element) {\n    function nodeIsElement(node) {\n        if (!node) {\n            return false;\n        }\n        switch (node.nodeType) {\n            case Node.ELEMEN ... (7807 more bytes)","args":[{"element-6066-11e4-a52e-4f735466cecf":"051EBB6C29B5D1328333D3ACCF75BA0E_element_166","ELEMENT":"051EBB6C29B5D1328333D3ACCF75BA0E_element_166"}]}
COMMAND: POST /session/c128237b49e18265c789a5e902fb2b49/element - {"using":"css selector","value":".govuk-heading-xl"}
RESULT: {"using":"css selector","value":".govuk-heading-xl"}
COMMAND: GET /session/c128237b49e18265c789a5e902fb2b49/element/051EBB6C29B5D1328333D3ACCF75BA0E_element_166/text - {}
RESULT: {}
COMMAND: POST /session/c128237b49e18265c789a5e902fb2b49/element - {"using":"xpath","value":".//caption[contains(., \"Invoice\") and not(.//caption)]"}
RESULT: {"using":"xpath","value":".//caption[contains(., \"Invoice\") and not(.//caption)]"}
COMMAND: POST /session/c128237b49e18265c789a5e902fb2b49/execute/sync - {"script":"return (function (elem, id) {\n        return (function parentElement() {\n        return this.parentElement;\n    }).call(elem, id);\n    }).apply(null, arguments)","args":[{"element-6066-11e4-a52e-4f735466cecf":"051EBB6C29B5D1328333D3ACCF75BA0E_element_167","ELEMENT":"051EBB6C29B5D1328333D3ACCF75BA0E_element_167"}]}
RESULT: {"script":"return (function (elem, id) {\n        return (function parentElement() {\n        return this.parentElement;\n    }).call(elem, id);\n    }).apply(null, arguments)","args":[{"element-6066-11e4-a52e-4f735466cecf":"051EBB6C29B5D1328333D3ACCF75BA0E_element_167","ELEMENT":"051EBB6C29B5D1328333D3ACCF75BA0E_element_167"}]}
COMMAND: POST /session/c128237b49e18265c789a5e902fb2b49/execute/sync - {"script":"return (function isElementDisplayed(element) {\n    function nodeIsElement(node) {\n        if (!node) {\n            return false;\n        }\n        switch (node.nodeType) {\n            case Node.ELEMEN ... (7807 more bytes)","args":[{"element-6066-11e4-a52e-4f735466cecf":"051EBB6C29B5D1328333D3ACCF75BA0E_element_168","ELEMENT":"051EBB6C29B5D1328333D3ACCF75BA0E_element_168"}]}
RESULT: {"script":"return (function isElementDisplayed(element) {\n    function nodeIsElement(node) {\n        if (!node) {\n            return false;\n        }\n        switch (node.nodeType) {\n            case Node.ELEMEN ... (7807 more bytes)","args":[{"element-6066-11e4-a52e-4f735466cecf":"051EBB6C29B5D1328333D3ACCF75BA0E_element_168","ELEMENT":"051EBB6C29B5D1328333D3ACCF75BA0E_element_168"}]}
COMMAND: POST /session/c128237b49e18265c789a5e902fb2b49/element/051EBB6C29B5D1328333D3ACCF75BA0E_element_168/elements - {"using":"css selector","value":"tbody tr"}
RESULT: {"using":"css selector","value":"tbody tr"}
COMMAND: POST /session/c128237b49e18265c789a5e902fb2b49/element/051EBB6C29B5D1328333D3ACCF75BA0E_element_168/element - {"using":"css selector","value":"thead tr"}
RESULT: {"using":"css selector","value":"thead tr"}
COMMAND: POST /session/c128237b49e18265c789a5e902fb2b49/element/051EBB6C29B5D1328333D3ACCF75BA0E_element_172/elements - {"using":"css selector","value":"th"}
RESULT: {"using":"css selector","value":"th"}
COMMAND: GET /session/c128237b49e18265c789a5e902fb2b49/element/051EBB6C29B5D1328333D3ACCF75BA0E_element_173/text - {}
COMMAND: GET /session/c128237b49e18265c789a5e902fb2b49/element/051EBB6C29B5D1328333D3ACCF75BA0E_element_174/text - {}
COMMAND: GET /session/c128237b49e18265c789a5e902fb2b49/element/051EBB6C29B5D1328333D3ACCF75BA0E_element_176/text - {}
COMMAND: GET /session/c128237b49e18265c789a5e902fb2b49/element/051EBB6C29B5D1328333D3ACCF75BA0E_element_175/text - {}
COMMAND: GET /session/c128237b49e18265c789a5e902fb2b49/element/051EBB6C29B5D1328333D3ACCF75BA0E_element_177/text - {}
RESULT: {}
RESULT: {}
RESULT: {}
RESULT: {}
RESULT: {}
COMMAND: POST /session/c128237b49e18265c789a5e902fb2b49/element/051EBB6C29B5D1328333D3ACCF75BA0E_element_169/elements - {"using":"css selector","value":"th,td"}
RESULT: {"using":"css selector","value":"th,td"}
COMMAND: GET /session/c128237b49e18265c789a5e902fb2b49/element/051EBB6C29B5D1328333D3ACCF75BA0E_element_178/text - {}
RESULT: {}
COMMAND: GET /session/c128237b49e18265c789a5e902fb2b49/element/051EBB6C29B5D1328333D3ACCF75BA0E_element_179/text - {}
RESULT: {}
COMMAND: GET /session/c128237b49e18265c789a5e902fb2b49/element/051EBB6C29B5D1328333D3ACCF75BA0E_element_180/text - {}
RESULT: {}
COMMAND: GET /session/c128237b49e18265c789a5e902fb2b49/element/051EBB6C29B5D1328333D3ACCF75BA0E_element_181/text - {}
RESULT: {}
COMMAND: GET /session/c128237b49e18265c789a5e902fb2b49/element/051EBB6C29B5D1328333D3ACCF75BA0E_element_182/text - {}
RESULT: {}
COMMAND: POST /session/c128237b49e18265c789a5e902fb2b49/element/051EBB6C29B5D1328333D3ACCF75BA0E_element_170/elements - {"using":"css selector","value":"th,td"}
RESULT: {"using":"css selector","value":"th,td"}
COMMAND: GET /session/c128237b49e18265c789a5e902fb2b49/element/051EBB6C29B5D1328333D3ACCF75BA0E_element_183/text - {}
RESULT: {}
COMMAND: GET /session/c128237b49e18265c789a5e902fb2b49/element/051EBB6C29B5D1328333D3ACCF75BA0E_element_184/text - {}
RESULT: {}
COMMAND: GET /session/c128237b49e18265c789a5e902fb2b49/element/051EBB6C29B5D1328333D3ACCF75BA0E_element_185/text - {}
RESULT: {}
COMMAND: GET /session/c128237b49e18265c789a5e902fb2b49/element/051EBB6C29B5D1328333D3ACCF75BA0E_element_186/text - {}
RESULT: {}
COMMAND: GET /session/c128237b49e18265c789a5e902fb2b49/element/051EBB6C29B5D1328333D3ACCF75BA0E_element_187/text - {}
RESULT: {}
COMMAND: POST /session/c128237b49e18265c789a5e902fb2b49/element/051EBB6C29B5D1328333D3ACCF75BA0E_element_171/elements - {"using":"css selector","value":"th,td"}
RESULT: {"using":"css selector","value":"th,td"}
COMMAND: GET /session/c128237b49e18265c789a5e902fb2b49/element/051EBB6C29B5D1328333D3ACCF75BA0E_element_188/text - {}
RESULT: {}
COMMAND: GET /session/c128237b49e18265c789a5e902fb2b49/element/051EBB6C29B5D1328333D3ACCF75BA0E_element_189/text - {}
RESULT: {}
COMMAND: GET /session/c128237b49e18265c789a5e902fb2b49/element/051EBB6C29B5D1328333D3ACCF75BA0E_element_190/text - {}
RESULT: {}
COMMAND: GET /session/c128237b49e18265c789a5e902fb2b49/element/051EBB6C29B5D1328333D3ACCF75BA0E_element_191/text - {}
RESULT: {}
COMMAND: GET /session/c128237b49e18265c789a5e902fb2b49/element/051EBB6C29B5D1328333D3ACCF75BA0E_element_192/text - {}
RESULT: {}
]]></system-out>
    </testcase>
  </testsuite>
  <testsuite name="Vendor Vendor Three Invoice 2005 08" timestamp="2023-09-21T15:05:26" time="4.977" tests="6" failures="0" errors="0" skipped="0">
    <properties>
      <property name="specId" value="0"/>
      <property name="suiteName" value="Vendor: Vendor Three,Invoice:2005-08"/>
      <property name="capabilities" value="chrome.117_0_5938_88.linux"/>
      <property name="file" value="file://./ui-tests/specs/invoice.spec.ts"/>
    </properties>
    <testcase classname="chrome.117_0_5938_88.linux.Invoice_Page_Test.Vendor:_Vendor_Three,Invoice:2005-08" name="should display correct status banner color and message" time="0.724">
      <system-out><![CDATA[
COMMAND: POST /session/c128237b49e18265c789a5e902fb2b49/url - {"url":"https://pr-477.btm.dev.account.gov.uk/contracts/3/invoices/2005-08"}
RESULT: {"url":"https://pr-477.btm.dev.account.gov.uk/contracts/3/invoices/2005-08"}
COMMAND: POST /session/c128237b49e18265c789a5e902fb2b49/execute/sync - {"script":"return (() => document.readyState === \"complete\").apply(null, arguments)","args":[]}
RESULT: {"script":"return (() => document.readyState === \"complete\").apply(null, arguments)","args":[]}
COMMAND: GET /session/c128237b49e18265c789a5e902fb2b49/url - {}
RESULT: {}
COMMAND: POST /session/c128237b49e18265c789a5e902fb2b49/element - {"using":"css selector","value":".govuk-heading-xl"}
RESULT: {"using":"css selector","value":".govuk-heading-xl"}
COMMAND: POST /session/c128237b49e18265c789a5e902fb2b49/execute/sync - {"script":"return (function isElementDisplayed(element) {\n    function nodeIsElement(node) {\n        if (!node) {\n            return false;\n        }\n        switch (node.nodeType) {\n            case Node.ELEMEN ... (7807 more bytes)","args":[{"element-6066-11e4-a52e-4f735466cecf":"AEBA458CAC280A820C730FCC8769373F_element_194","ELEMENT":"AEBA458CAC280A820C730FCC8769373F_element_194"}]}
RESULT: {"script":"return (function isElementDisplayed(element) {\n    function nodeIsElement(node) {\n        if (!node) {\n            return false;\n        }\n        switch (node.nodeType) {\n            case Node.ELEMEN ... (7807 more bytes)","args":[{"element-6066-11e4-a52e-4f735466cecf":"AEBA458CAC280A820C730FCC8769373F_element_194","ELEMENT":"AEBA458CAC280A820C730FCC8769373F_element_194"}]}
COMMAND: POST /session/c128237b49e18265c789a5e902fb2b49/element - {"using":"css selector","value":".govuk-heading-xl"}
RESULT: {"using":"css selector","value":".govuk-heading-xl"}
COMMAND: GET /session/c128237b49e18265c789a5e902fb2b49/element/AEBA458CAC280A820C730FCC8769373F_element_194/text - {}
RESULT: {}
COMMAND: POST /session/c128237b49e18265c789a5e902fb2b49/element - {"using":"css selector","value":"h2.govuk-panel__title"}
RESULT: {"using":"css selector","value":"h2.govuk-panel__title"}
COMMAND: POST /session/c128237b49e18265c789a5e902fb2b49/execute/sync - {"script":"return (function isElementDisplayed(element) {\n    function nodeIsElement(node) {\n        if (!node) {\n            return false;\n        }\n        switch (node.nodeType) {\n            case Node.ELEMEN ... (7807 more bytes)","args":[{"element-6066-11e4-a52e-4f735466cecf":"AEBA458CAC280A820C730FCC8769373F_element_195","ELEMENT":"AEBA458CAC280A820C730FCC8769373F_element_195"}]}
RESULT: {"script":"return (function isElementDisplayed(element) {\n    function nodeIsElement(node) {\n        if (!node) {\n            return false;\n        }\n        switch (node.nodeType) {\n            case Node.ELEMEN ... (7807 more bytes)","args":[{"element-6066-11e4-a52e-4f735466cecf":"AEBA458CAC280A820C730FCC8769373F_element_195","ELEMENT":"AEBA458CAC280A820C730FCC8769373F_element_195"}]}
COMMAND: POST /session/c128237b49e18265c789a5e902fb2b49/element - {"using":"css selector","value":"h2.govuk-panel__title"}
RESULT: {"using":"css selector","value":"h2.govuk-panel__title"}
COMMAND: GET /session/c128237b49e18265c789a5e902fb2b49/element/AEBA458CAC280A820C730FCC8769373F_element_195/text - {}
RESULT: {}
COMMAND: POST /session/c128237b49e18265c789a5e902fb2b49/element - {"using":"css selector","value":".govuk-panel"}
RESULT: {"using":"css selector","value":".govuk-panel"}
COMMAND: POST /session/c128237b49e18265c789a5e902fb2b49/execute/sync - {"script":"return (function isElementDisplayed(element) {\n    function nodeIsElement(node) {\n        if (!node) {\n            return false;\n        }\n        switch (node.nodeType) {\n            case Node.ELEMEN ... (7807 more bytes)","args":[{"element-6066-11e4-a52e-4f735466cecf":"AEBA458CAC280A820C730FCC8769373F_element_196","ELEMENT":"AEBA458CAC280A820C730FCC8769373F_element_196"}]}
[...]
RESULT: {"using":"css selector","value":"thead tr"}
COMMAND: POST /session/c128237b49e18265c789a5e902fb2b49/element/9DC7F2A7D69D351ABB66F9ECD6C09305_element_1582/elements - {"using":"css selector","value":"th"}
RESULT: {"using":"css selector","value":"th"}
COMMAND: GET /session/c128237b49e18265c789a5e902fb2b49/element/9DC7F2A7D69D351ABB66F9ECD6C09305_element_1583/text - {}
COMMAND: GET /session/c128237b49e18265c789a5e902fb2b49/element/9DC7F2A7D69D351ABB66F9ECD6C09305_element_1584/text - {}
COMMAND: GET /session/c128237b49e18265c789a5e902fb2b49/element/9DC7F2A7D69D351ABB66F9ECD6C09305_element_1586/text - {}
COMMAND: GET /session/c128237b49e18265c789a5e902fb2b49/element/9DC7F2A7D69D351ABB66F9ECD6C09305_element_1585/text - {}
RESULT: {}
RESULT: {}
RESULT: {}
RESULT: {}
COMMAND: POST /session/c128237b49e18265c789a5e902fb2b49/element/9DC7F2A7D69D351ABB66F9ECD6C09305_element_1581/elements - {"using":"css selector","value":"th,td"}
RESULT: {"using":"css selector","value":"th,td"}
COMMAND: GET /session/c128237b49e18265c789a5e902fb2b49/element/9DC7F2A7D69D351ABB66F9ECD6C09305_element_1587/text - {}
RESULT: {}
COMMAND: GET /session/c128237b49e18265c789a5e902fb2b49/element/9DC7F2A7D69D351ABB66F9ECD6C09305_element_1588/text - {}
RESULT: {}
COMMAND: GET /session/c128237b49e18265c789a5e902fb2b49/element/9DC7F2A7D69D351ABB66F9ECD6C09305_element_1589/text - {}
RESULT: {}
COMMAND: GET /session/c128237b49e18265c789a5e902fb2b49/element/9DC7F2A7D69D351ABB66F9ECD6C09305_element_1590/text - {}
RESULT: {}
]]></system-out>
    </testcase>
    <testcase classname="chrome.117_0_5938_88.linux.Invoice_Page_Test.Vendor:_Vendor_Six,Invoice:2005-Q2" name="should validate price table data" time="1.002">
      <system-out><![CDATA[
COMMAND: POST /session/c128237b49e18265c789a5e902fb2b49/url - {"url":"https://pr-477.btm.dev.account.gov.uk/contracts/6/invoices/2005-q2"}
RESULT: {"url":"https://pr-477.btm.dev.account.gov.uk/contracts/6/invoices/2005-q2"}
COMMAND: POST /session/c128237b49e18265c789a5e902fb2b49/execute/sync - {"script":"return (() => document.readyState === \"complete\").apply(null, arguments)","args":[]}
RESULT: {"script":"return (() => document.readyState === \"complete\").apply(null, arguments)","args":[]}
COMMAND: GET /session/c128237b49e18265c789a5e902fb2b49/url - {}
RESULT: {}
COMMAND: POST /session/c128237b49e18265c789a5e902fb2b49/element - {"using":"css selector","value":".govuk-heading-xl"}
RESULT: {"using":"css selector","value":".govuk-heading-xl"}
COMMAND: POST /session/c128237b49e18265c789a5e902fb2b49/execute/sync - {"script":"return (function isElementDisplayed(element) {\n    function nodeIsElement(node) {\n        if (!node) {\n            return false;\n        }\n        switch (node.nodeType) {\n            case Node.ELEMEN ... (7807 more bytes)","args":[{"element-6066-11e4-a52e-4f735466cecf":"E63F7C8C46C96DDBE869737783C3D080_element_1592","ELEMENT":"E63F7C8C46C96DDBE869737783C3D080_element_1592"}]}
RESULT: {"script":"return (function isElementDisplayed(element) {\n    function nodeIsElement(node) {\n        if (!node) {\n            return false;\n        }\n        switch (node.nodeType) {\n            case Node.ELEMEN ... (7807 more bytes)","args":[{"element-6066-11e4-a52e-4f735466cecf":"E63F7C8C46C96DDBE869737783C3D080_element_1592","ELEMENT":"E63F7C8C46C96DDBE869737783C3D080_element_1592"}]}
COMMAND: POST /session/c128237b49e18265c789a5e902fb2b49/element - {"using":"css selector","value":".govuk-heading-xl"}
RESULT: {"using":"css selector","value":".govuk-heading-xl"}
COMMAND: GET /session/c128237b49e18265c789a5e902fb2b49/element/E63F7C8C46C96DDBE869737783C3D080_element_1592/text - {}
RESULT: {}
COMMAND: POST /session/c128237b49e18265c789a5e902fb2b49/element - {"using":"xpath","value":".//caption[contains(., \"Price\") and not(.//caption)]"}
RESULT: {"using":"xpath","value":".//caption[contains(., \"Price\") and not(.//caption)]"}
COMMAND: POST /session/c128237b49e18265c789a5e902fb2b49/execute/sync - {"script":"return (function (elem, id) {\n        return (function parentElement() {\n        return this.parentElement;\n    }).call(elem, id);\n    }).apply(null, arguments)","args":[{"element-6066-11e4-a52e-4f735466cecf":"E63F7C8C46C96DDBE869737783C3D080_element_1593","ELEMENT":"E63F7C8C46C96DDBE869737783C3D080_element_1593"}]}
RESULT: {"script":"return (function (elem, id) {\n        return (function parentElement() {\n        return this.parentElement;\n    }).call(elem, id);\n    }).apply(null, arguments)","args":[{"element-6066-11e4-a52e-4f735466cecf":"E63F7C8C46C96DDBE869737783C3D080_element_1593","ELEMENT":"E63F7C8C46C96DDBE869737783C3D080_element_1593"}]}
COMMAND: POST /session/c128237b49e18265c789a5e902fb2b49/execute/sync - {"script":"return (function isElementDisplayed(element) {\n    function nodeIsElement(node) {\n        if (!node) {\n            return false;\n        }\n        switch (node.nodeType) {\n            case Node.ELEMEN ... (7807 more bytes)","args":[{"element-6066-11e4-a52e-4f735466cecf":"E63F7C8C46C96DDBE869737783C3D080_element_1594","ELEMENT":"E63F7C8C46C96DDBE869737783C3D080_element_1594"}]}
RESULT: {"script":"return (function isElementDisplayed(element) {\n    function nodeIsElement(node) {\n        if (!node) {\n            return false;\n        }\n        switch (node.nodeType) {\n            case Node.ELEMEN ... (7807 more bytes)","args":[{"element-6066-11e4-a52e-4f735466cecf":"E63F7C8C46C96DDBE869737783C3D080_element_1594","ELEMENT":"E63F7C8C46C96DDBE869737783C3D080_element_1594"}]}
COMMAND: POST /session/c128237b49e18265c789a5e902fb2b49/element/E63F7C8C46C96DDBE869737783C3D080_element_1594/elements - {"using":"css selector","value":"tbody tr"}
RESULT: {"using":"css selector","value":"tbody tr"}
COMMAND: POST /session/c128237b49e18265c789a5e902fb2b49/element/E63F7C8C46C96DDBE869737783C3D080_element_1594/element - {"using":"css selector","value":"thead tr"}
RESULT: {"using":"css selector","value":"thead tr"}
COMMAND: POST /session/c128237b49e18265c789a5e902fb2b49/element/E63F7C8C46C96DDBE869737783C3D080_element_1596/elements - {"using":"css selector","value":"th"}
RESULT: {"using":"css selector","value":"th"}
COMMAND: GET /session/c128237b49e18265c789a5e902fb2b49/element/E63F7C8C46C96DDBE869737783C3D080_element_1597/text - {}
COMMAND: GET /session/c128237b49e18265c789a5e902fb2b49/element/E63F7C8C46C96DDBE869737783C3D080_element_1598/text - {}
COMMAND: GET /session/c128237b49e18265c789a5e902fb2b49/element/E63F7C8C46C96DDBE869737783C3D080_element_1600/text - {}
COMMAND: GET /session/c128237b49e18265c789a5e902fb2b49/element/E63F7C8C46C96DDBE869737783C3D080_element_1599/text - {}
RESULT: {}
RESULT: {}
RESULT: {}
RESULT: {}
COMMAND: POST /session/c128237b49e18265c789a5e902fb2b49/element/E63F7C8C46C96DDBE869737783C3D080_element_1595/elements - {"using":"css selector","value":"th,td"}
RESULT: {"using":"css selector","value":"th,td"}
COMMAND: GET /session/c128237b49e18265c789a5e902fb2b49/element/E63F7C8C46C96DDBE869737783C3D080_element_1601/text - {}
RESULT: {}
COMMAND: GET /session/c128237b49e18265c789a5e902fb2b49/element/E63F7C8C46C96DDBE869737783C3D080_element_1602/text - {}
RESULT: {}
COMMAND: GET /session/c128237b49e18265c789a5e902fb2b49/element/E63F7C8C46C96DDBE869737783C3D080_element_1603/text - {}
RESULT: {}
COMMAND: GET /session/c128237b49e18265c789a5e902fb2b49/element/E63F7C8C46C96DDBE869737783C3D080_element_1604/text - {}
RESULT: {}
]]></system-out>
    </testcase>
    <testcase classname="chrome.117_0_5938_88.linux.Invoice_Page_Test.Vendor:_Vendor_Six,Invoice:2005-Q2" name="should validate measured events table data" time="0.869">
      <system-out><![CDATA[
COMMAND: POST /session/c128237b49e18265c789a5e902fb2b49/url - {"url":"https://pr-477.btm.dev.account.gov.uk/contracts/6/invoices/2005-q2"}
RESULT: {"url":"https://pr-477.btm.dev.account.gov.uk/contracts/6/invoices/2005-q2"}
COMMAND: POST /session/c128237b49e18265c789a5e902fb2b49/execute/sync - {"script":"return (() => document.readyState === \"complete\").apply(null, arguments)","args":[]}
RESULT: {"script":"return (() => document.readyState === \"complete\").apply(null, arguments)","args":[]}
COMMAND: GET /session/c128237b49e18265c789a5e902fb2b49/url - {}
RESULT: {}
COMMAND: POST /session/c128237b49e18265c789a5e902fb2b49/element - {"using":"css selector","value":".govuk-heading-xl"}
RESULT: {"using":"css selector","value":".govuk-heading-xl"}
COMMAND: POST /session/c128237b49e18265c789a5e902fb2b49/execute/sync - {"script":"return (function isElementDisplayed(element) {\n    function nodeIsElement(node) {\n        if (!node) {\n            return false;\n        }\n        switch (node.nodeType) {\n            case Node.ELEMEN ... (7807 more bytes)","args":[{"element-6066-11e4-a52e-4f735466cecf":"0F3E6C2C0E4EB4A48653EDBE7FE885CF_element_1606","ELEMENT":"0F3E6C2C0E4EB4A48653EDBE7FE885CF_element_1606"}]}
RESULT: {"script":"return (function isElementDisplayed(element) {\n    function nodeIsElement(node) {\n        if (!node) {\n            return false;\n        }\n        switch (node.nodeType) {\n            case Node.ELEMEN ... (7807 more bytes)","args":[{"element-6066-11e4-a52e-4f735466cecf":"0F3E6C2C0E4EB4A48653EDBE7FE885CF_element_1606","ELEMENT":"0F3E6C2C0E4EB4A48653EDBE7FE885CF_element_1606"}]}
COMMAND: POST /session/c128237b49e18265c789a5e902fb2b49/element - {"using":"css selector","value":".govuk-heading-xl"}
RESULT: {"using":"css selector","value":".govuk-heading-xl"}
COMMAND: GET /session/c128237b49e18265c789a5e902fb2b49/element/0F3E6C2C0E4EB4A48653EDBE7FE885CF_element_1606/text - {}
RESULT: {}
COMMAND: POST /session/c128237b49e18265c789a5e902fb2b49/element - {"using":"xpath","value":".//caption[contains(., \"Measured (events)\") and not(.//caption)]"}
RESULT: {"using":"xpath","value":".//caption[contains(., \"Measured (events)\") and not(.//caption)]"}
COMMAND: POST /session/c128237b49e18265c789a5e902fb2b49/execute/sync - {"script":"return (function (elem, id) {\n        return (function parentElement() {\n        return this.parentElement;\n    }).call(elem, id);\n    }).apply(null, arguments)","args":[{"element-6066-11e4-a52e-4f735466cecf":"0F3E6C2C0E4EB4A48653EDBE7FE885CF_element_1607","ELEMENT":"0F3E6C2C0E4EB4A48653EDBE7FE885CF_element_1607"}]}
RESULT: {"script":"return (function (elem, id) {\n        return (function parentElement() {\n        return this.parentElement;\n    }).call(elem, id);\n    }).apply(null, arguments)","args":[{"element-6066-11e4-a52e-4f735466cecf":"0F3E6C2C0E4EB4A48653EDBE7FE885CF_element_1607","ELEMENT":"0F3E6C2C0E4EB4A48653EDBE7FE885CF_element_1607"}]}
COMMAND: POST /session/c128237b49e18265c789a5e902fb2b49/execute/sync - {"script":"return (function isElementDisplayed(element) {\n    function nodeIsElement(node) {\n        if (!node) {\n            return false;\n        }\n        switch (node.nodeType) {\n            case Node.ELEMEN ... (7807 more bytes)","args":[{"element-6066-11e4-a52e-4f735466cecf":"0F3E6C2C0E4EB4A48653EDBE7FE885CF_element_1608","ELEMENT":"0F3E6C2C0E4EB4A48653EDBE7FE885CF_element_1608"}]}
RESULT: {"script":"return (function isElementDisplayed(element) {\n    function nodeIsElement(node) {\n        if (!node) {\n            return false;\n        }\n        switch (node.nodeType) {\n            case Node.ELEMEN ... (7807 more bytes)","args":[{"element-6066-11e4-a52e-4f735466cecf":"0F3E6C2C0E4EB4A48653EDBE7FE885CF_element_1608","ELEMENT":"0F3E6C2C0E4EB4A48653EDBE7FE885CF_element_1608"}]}
COMMAND: POST /session/c128237b49e18265c789a5e902fb2b49/element/0F3E6C2C0E4EB4A48653EDBE7FE885CF_element_1608/elements - {"using":"css selector","value":"tbody tr"}
RESULT: {"using":"css selector","value":"tbody tr"}
COMMAND: POST /session/c128237b49e18265c789a5e902fb2b49/element/0F3E6C2C0E4EB4A48653EDBE7FE885CF_element_1608/element - {"using":"css selector","value":"thead tr"}
RESULT: {"using":"css selector","value":"thead tr"}
COMMAND: POST /session/c128237b49e18265c789a5e902fb2b49/element/0F3E6C2C0E4EB4A48653EDBE7FE885CF_element_1610/elements - {"using":"css selector","value":"th"}
RESULT: {"using":"css selector","value":"th"}
COMMAND: GET /session/c128237b49e18265c789a5e902fb2b49/element/0F3E6C2C0E4EB4A48653EDBE7FE885CF_element_1611/text - {}
COMMAND: GET /session/c128237b49e18265c789a5e902fb2b49/element/0F3E6C2C0E4EB4A48653EDBE7FE885CF_element_1612/text - {}
RESULT: {}
RESULT: {}
COMMAND: POST /session/c128237b49e18265c789a5e902fb2b49/element/0F3E6C2C0E4EB4A48653EDBE7FE885CF_element_1609/elements - {"using":"css selector","value":"th,td"}
RESULT: {"using":"css selector","value":"th,td"}
COMMAND: GET /session/c128237b49e18265c789a5e902fb2b49/element/0F3E6C2C0E4EB4A48653EDBE7FE885CF_element_1613/text - {}
RESULT: {}
COMMAND: GET /session/c128237b49e18265c789a5e902fb2b49/element/0F3E6C2C0E4EB4A48653EDBE7FE885CF_element_1614/text - {}
RESULT: {}
]]></system-out>
    </testcase>
    <testcase classname="chrome.117_0_5938_88.linux.Invoice_Page_Test.Vendor:_Vendor_Six,Invoice:2005-Q2" name="should validate invoice table data" time="1.092">
      <system-out><![CDATA[
COMMAND: POST /session/c128237b49e18265c789a5e902fb2b49/url - {"url":"https://pr-477.btm.dev.account.gov.uk/contracts/6/invoices/2005-q2"}
RESULT: {"url":"https://pr-477.btm.dev.account.gov.uk/contracts/6/invoices/2005-q2"}
COMMAND: POST /session/c128237b49e18265c789a5e902fb2b49/execute/sync - {"script":"return (() => document.readyState === \"complete\").apply(null, arguments)","args":[]}
RESULT: {"script":"return (() => document.readyState === \"complete\").apply(null, arguments)","args":[]}
COMMAND: GET /session/c128237b49e18265c789a5e902fb2b49/url - {}
RESULT: {}
COMMAND: POST /session/c128237b49e18265c789a5e902fb2b49/element - {"using":"css selector","value":".govuk-heading-xl"}
RESULT: {"using":"css selector","value":".govuk-heading-xl"}
COMMAND: POST /session/c128237b49e18265c789a5e902fb2b49/execute/sync - {"script":"return (function isElementDisplayed(element) {\n    function nodeIsElement(node) {\n        if (!node) {\n            return false;\n        }\n        switch (node.nodeType) {\n            case Node.ELEMEN ... (7807 more bytes)","args":[{"element-6066-11e4-a52e-4f735466cecf":"8A83C984DFD67C7F025C727531C95A9B_element_1616","ELEMENT":"8A83C984DFD67C7F025C727531C95A9B_element_1616"}]}
RESULT: {"script":"return (function isElementDisplayed(element) {\n    function nodeIsElement(node) {\n        if (!node) {\n            return false;\n        }\n        switch (node.nodeType) {\n            case Node.ELEMEN ... (7807 more bytes)","args":[{"element-6066-11e4-a52e-4f735466cecf":"8A83C984DFD67C7F025C727531C95A9B_element_1616","ELEMENT":"8A83C984DFD67C7F025C727531C95A9B_element_1616"}]}
COMMAND: POST /session/c128237b49e18265c789a5e902fb2b49/element - {"using":"css selector","value":".govuk-heading-xl"}
RESULT: {"using":"css selector","value":".govuk-heading-xl"}
COMMAND: GET /session/c128237b49e18265c789a5e902fb2b49/element/8A83C984DFD67C7F025C727531C95A9B_element_1616/text - {}
RESULT: {}
COMMAND: POST /session/c128237b49e18265c789a5e902fb2b49/element - {"using":"xpath","value":".//caption[contains(., \"Invoice\") and not(.//caption)]"}
RESULT: {"using":"xpath","value":".//caption[contains(., \"Invoice\") and not(.//caption)]"}
COMMAND: POST /session/c128237b49e18265c789a5e902fb2b49/execute/sync - {"script":"return (function (elem, id) {\n        return (function parentElement() {\n        return this.parentElement;\n    }).call(elem, id);\n    }).apply(null, arguments)","args":[{"element-6066-11e4-a52e-4f735466cecf":"8A83C984DFD67C7F025C727531C95A9B_element_1617","ELEMENT":"8A83C984DFD67C7F025C727531C95A9B_element_1617"}]}
RESULT: {"script":"return (function (elem, id) {\n        return (function parentElement() {\n        return this.parentElement;\n    }).call(elem, id);\n    }).apply(null, arguments)","args":[{"element-6066-11e4-a52e-4f735466cecf":"8A83C984DFD67C7F025C727531C95A9B_element_1617","ELEMENT":"8A83C984DFD67C7F025C727531C95A9B_element_1617"}]}
COMMAND: POST /session/c128237b49e18265c789a5e902fb2b49/execute/sync - {"script":"return (function isElementDisplayed(element) {\n    function nodeIsElement(node) {\n        if (!node) {\n            return false;\n        }\n        switch (node.nodeType) {\n            case Node.ELEMEN ... (7807 more bytes)","args":[{"element-6066-11e4-a52e-4f735466cecf":"8A83C984DFD67C7F025C727531C95A9B_element_1618","ELEMENT":"8A83C984DFD67C7F025C727531C95A9B_element_1618"}]}
RESULT: {"script":"return (function isElementDisplayed(element) {\n    function nodeIsElement(node) {\n        if (!node) {\n            return false;\n        }\n        switch (node.nodeType) {\n            case Node.ELEMEN ... (7807 more bytes)","args":[{"element-6066-11e4-a52e-4f735466cecf":"8A83C984DFD67C7F025C727531C95A9B_element_1618","ELEMENT":"8A83C984DFD67C7F025C727531C95A9B_element_1618"}]}
COMMAND: POST /session/c128237b49e18265c789a5e902fb2b49/element/8A83C984DFD67C7F025C727531C95A9B_element_1618/elements - {"using":"css selector","value":"tbody tr"}
RESULT: {"using":"css selector","value":"tbody tr"}
COMMAND: POST /session/c128237b49e18265c789a5e902fb2b49/element/8A83C984DFD67C7F025C727531C95A9B_element_1618/element - {"using":"css selector","value":"thead tr"}
RESULT: {"using":"css selector","value":"thead tr"}
COMMAND: POST /session/c128237b49e18265c789a5e902fb2b49/element/8A83C984DFD67C7F025C727531C95A9B_element_1621/elements - {"using":"css selector","value":"th"}
RESULT: {"using":"css selector","value":"th"}
COMMAND: GET /session/c128237b49e18265c789a5e902fb2b49/element/8A83C984DFD67C7F025C727531C95A9B_element_1622/text - {}
COMMAND: GET /session/c128237b49e18265c789a5e902fb2b49/element/8A83C984DFD67C7F025C727531C95A9B_element_1623/text - {}
COMMAND: GET /session/c128237b49e18265c789a5e902fb2b49/element/8A83C984DFD67C7F025C727531C95A9B_element_1625/text - {}
COMMAND: GET /session/c128237b49e18265c789a5e902fb2b49/element/8A83C984DFD67C7F025C727531C95A9B_element_1624/text - {}
COMMAND: GET /session/c128237b49e18265c789a5e902fb2b49/element/8A83C984DFD67C7F025C727531C95A9B_element_1626/text - {}
RESULT: {}
RESULT: {}
RESULT: {}
RESULT: {}
RESULT: {}
COMMAND: POST /session/c128237b49e18265c789a5e902fb2b49/element/8A83C984DFD67C7F025C727531C95A9B_element_1619/elements - {"using":"css selector","value":"th,td"}
RESULT: {"using":"css selector","value":"th,td"}
COMMAND: GET /session/c128237b49e18265c789a5e902fb2b49/element/8A83C984DFD67C7F025C727531C95A9B_element_1627/text - {}
RESULT: {}
COMMAND: GET /session/c128237b49e18265c789a5e902fb2b49/element/8A83C984DFD67C7F025C727531C95A9B_element_1628/text - {}
RESULT: {}
COMMAND: GET /session/c128237b49e18265c789a5e902fb2b49/element/8A83C984DFD67C7F025C727531C95A9B_element_1629/text - {}
RESULT: {}
COMMAND: GET /session/c128237b49e18265c789a5e902fb2b49/element/8A83C984DFD67C7F025C727531C95A9B_element_1630/text - {}
RESULT: {}
COMMAND: GET /session/c128237b49e18265c789a5e902fb2b49/element/8A83C984DFD67C7F025C727531C95A9B_element_1631/text - {}
RESULT: {}
COMMAND: POST /session/c128237b49e18265c789a5e902fb2b49/element/8A83C984DFD67C7F025C727531C95A9B_element_1620/elements - {"using":"css selector","value":"th,td"}
RESULT: {"using":"css selector","value":"th,td"}
COMMAND: GET /session/c128237b49e18265c789a5e902fb2b49/element/8A83C984DFD67C7F025C727531C95A9B_element_1632/text - {}
RESULT: {}
COMMAND: GET /session/c128237b49e18265c789a5e902fb2b49/element/8A83C984DFD67C7F025C727531C95A9B_element_1633/text - {}
RESULT: {}
COMMAND: GET /session/c128237b49e18265c789a5e902fb2b49/element/8A83C984DFD67C7F025C727531C95A9B_element_1634/text - {}
RESULT: {}
COMMAND: GET /session/c128237b49e18265c789a5e902fb2b49/element/8A83C984DFD67C7F025C727531C95A9B_element_1635/text - {}
RESULT: {}
COMMAND: GET /session/c128237b49e18265c789a5e902fb2b49/element/8A83C984DFD67C7F025C727531C95A9B_element_1636/text - {}
RESULT: {}
COMMAND: DELETE /session/c128237b49e18265c789a5e902fb2b49 - {}
RESULT: {}
]]></system-out>
    </testcase>
  </testsuite>
</testsuites>