<?xml version="1.0" encoding="UTF-8"?>
<testsuites>
  <testsuite name="Contracts Page Test" timestamp="2023-09-21T12:00:11" time="22.111" tests="7" failures="0" errors="0" skipped="0">
    <properties>
      <property name="specId" value="0"/>
      <property name="suiteName" value="Contracts Page Test"/>
      <property name="capabilities" value="chrome.117_0_5938_88.linux"/>
      <property name="file" value="file://./ui-tests/specs/contract.spec.ts"/>
    </properties>
    <testcase classname="chrome.117_0_5938_88.linux.Contracts_Page_Test" name="UI list of vendors should match with vendor names in test data file" time="6.981">
      <system-out><![CDATA[
COMMAND: POST /session/3b7184047993d1a2fdbf9421e325513f/url - {"url":"https://pr-477.btm.dev.account.gov.uk/contracts"}
RESULT: {"url":"https://pr-477.btm.dev.account.gov.uk/contracts"}
COMMAND: POST /session/3b7184047993d1a2fdbf9421e325513f/execute/sync - {"script":"return (() => document.readyState === \"complete\").apply(null, arguments)","args":[]}
RESULT: {"script":"return (() => document.readyState === \"complete\").apply(null, arguments)","args":[]}
COMMAND: POST /session/3b7184047993d1a2fdbf9421e325513f/elements - {"using":"css selector","value":"ul.govuk-list li a"}
RESULT: {"using":"css selector","value":"ul.govuk-list li a"}
COMMAND: POST /session/3b7184047993d1a2fdbf9421e325513f/execute/sync - {"script":"return (function isElementDisplayed(element) {\n    function nodeIsElement(node) {\n        if (!node) {\n            return false;\n        }\n        switch (node.nodeType) {\n            case Node.ELEMEN ... (7807 more bytes)","args":[{"element-6066-11e4-a52e-4f735466cecf":"F7BD5C9BFA3944BDE5C9F5509278050F_element_4","ELEMENT":"F7BD5C9BFA3944BDE5C9F5509278050F_element_4"}]}
RESULT: {"script":"return (function isElementDisplayed(element) {\n    function nodeIsElement(node) {\n        if (!node) {\n            return false;\n        }\n        switch (node.nodeType) {\n            case Node.ELEMEN ... (7807 more bytes)","args":[{"element-6066-11e4-a52e-4f735466cecf":"F7BD5C9BFA3944BDE5C9F5509278050F_element_4","ELEMENT":"F7BD5C9BFA3944BDE5C9F5509278050F_element_4"}]}
COMMAND: GET /session/3b7184047993d1a2fdbf9421e325513f/element/F7BD5C9BFA3944BDE5C9F5509278050F_element_4/text - {}
RESULT: {}
COMMAND: POST /session/3b7184047993d1a2fdbf9421e325513f/execute/sync - {"script":"return (function isElementDisplayed(element) {\n    function nodeIsElement(node) {\n        if (!node) {\n            return false;\n        }\n        switch (node.nodeType) {\n            case Node.ELEMEN ... (7807 more bytes)","args":[{"element-6066-11e4-a52e-4f735466cecf":"F7BD5C9BFA3944BDE5C9F5509278050F_element_5","ELEMENT":"F7BD5C9BFA3944BDE5C9F5509278050F_element_5"}]}
RESULT: {"script":"return (function isElementDisplayed(element) {\n    function nodeIsElement(node) {\n        if (!node) {\n            return false;\n        }\n        switch (node.nodeType) {\n            case Node.ELEMEN ... (7807 more bytes)","args":[{"element-6066-11e4-a52e-4f735466cecf":"F7BD5C9BFA3944BDE5C9F5509278050F_element_5","ELEMENT":"F7BD5C9BFA3944BDE5C9F5509278050F_element_5"}]}
COMMAND: GET /session/3b7184047993d1a2fdbf9421e325513f/element/F7BD5C9BFA3944BDE5C9F5509278050F_element_5/text - {}
RESULT: {}
COMMAND: POST /session/3b7184047993d1a2fdbf9421e325513f/execute/sync - {"script":"return (function isElementDisplayed(element) {\n    function nodeIsElement(node) {\n        if (!node) {\n            return false;\n        }\n        switch (node.nodeType) {\n            case Node.ELEMEN ... (7807 more bytes)","args":[{"element-6066-11e4-a52e-4f735466cecf":"F7BD5C9BFA3944BDE5C9F5509278050F_element_6","ELEMENT":"F7BD5C9BFA3944BDE5C9F5509278050F_element_6"}]}
RESULT: {"script":"return (function isElementDisplayed(element) {\n    function nodeIsElement(node) {\n        if (!node) {\n            return false;\n        }\n        switch (node.nodeType) {\n            case Node.ELEMEN ... (7807 more bytes)","args":[{"element-6066-11e4-a52e-4f735466cecf":"F7BD5C9BFA3944BDE5C9F5509278050F_element_6","ELEMENT":"F7BD5C9BFA3944BDE5C9F5509278050F_element_6"}]}
COMMAND: GET /session/3b7184047993d1a2fdbf9421e325513f/element/F7BD5C9BFA3944BDE5C9F5509278050F_element_6/text - {}
RESULT: {}
COMMAND: POST /session/3b7184047993d1a2fdbf9421e325513f/execute/sync - {"script":"return (function isElementDisplayed(element) {\n    function nodeIsElement(node) {\n        if (!node) {\n            return false;\n        }\n        switch (node.nodeType) {\n            case Node.ELEMEN ... (7807 more bytes)","args":[{"element-6066-11e4-a52e-4f735466cecf":"F7BD5C9BFA3944BDE5C9F5509278050F_element_7","ELEMENT":"F7BD5C9BFA3944BDE5C9F5509278050F_element_7"}]}
RESULT: {"script":"return (function isElementDisplayed(element) {\n    function nodeIsElement(node) {\n        if (!node) {\n            return false;\n        }\n        switch (node.nodeType) {\n            case Node.ELEMEN ... (7807 more bytes)","args":[{"element-6066-11e4-a52e-4f735466cecf":"F7BD5C9BFA3944BDE5C9F5509278050F_element_7","ELEMENT":"F7BD5C9BFA3944BDE5C9F5509278050F_element_7"}]}
COMMAND: GET /session/3b7184047993d1a2fdbf9421e325513f/element/F7BD5C9BFA3944BDE5C9F5509278050F_element_7/text - {}
RESULT: {}
COMMAND: POST /session/3b7184047993d1a2fdbf9421e325513f/execute/sync - {"script":"return (function isElementDisplayed(element) {\n    function nodeIsElement(node) {\n        if (!node) {\n            return false;\n        }\n        switch (node.nodeType) {\n            case Node.ELEMEN ... (7807 more bytes)","args":[{"element-6066-11e4-a52e-4f735466cecf":"F7BD5C9BFA3944BDE5C9F5509278050F_element_8","ELEMENT":"F7BD5C9BFA3944BDE5C9F5509278050F_element_8"}]}
RESULT: {"script":"return (function isElementDisplayed(element) {\n    function nodeIsElement(node) {\n        if (!node) {\n            return false;\n        }\n        switch (node.nodeType) {\n            case Node.ELEMEN ... (7807 more bytes)","args":[{"element-6066-11e4-a52e-4f735466cecf":"F7BD5C9BFA3944BDE5C9F5509278050F_element_8","ELEMENT":"F7BD5C9BFA3944BDE5C9F5509278050F_element_8"}]}
COMMAND: GET /session/3b7184047993d1a2fdbf9421e325513f/element/F7BD5C9BFA3944BDE5C9F5509278050F_element_8/text - {}
RESULT: {}
COMMAND: POST /session/3b7184047993d1a2fdbf9421e325513f/execute/sync - {"script":"return (function isElementDisplayed(element) {\n    function nodeIsElement(node) {\n        if (!node) {\n            return false;\n        }\n        switch (node.nodeType) {\n            case Node.ELEMEN ... (7807 more bytes)","args":[{"element-6066-11e4-a52e-4f735466cecf":"F7BD5C9BFA3944BDE5C9F5509278050F_element_9","ELEMENT":"F7BD5C9BFA3944BDE5C9F5509278050F_element_9"}]}
RESULT: {"script":"return (function isElementDisplayed(element) {\n    function nodeIsElement(node) {\n        if (!node) {\n            return false;\n        }\n        switch (node.nodeType) {\n            case Node.ELEMEN ... (7807 more bytes)","args":[{"element-6066-11e4-a52e-4f735466cecf":"F7BD5C9BFA3944BDE5C9F5509278050F_element_9","ELEMENT":"F7BD5C9BFA3944BDE5C9F5509278050F_element_9"}]}
COMMAND: GET /session/3b7184047993d1a2fdbf9421e325513f/element/F7BD5C9BFA3944BDE5C9F5509278050F_element_9/text - {}
RESULT: {}
COMMAND: POST /session/3b7184047993d1a2fdbf9421e325513f/execute/sync - {"script":"return (function isElementDisplayed(element) {\n    function nodeIsElement(node) {\n        if (!node) {\n            return false;\n        }\n        switch (node.nodeType) {\n            case Node.ELEMEN ... (7807 more bytes)","args":[{"element-6066-11e4-a52e-4f735466cecf":"F7BD5C9BFA3944BDE5C9F5509278050F_element_10","ELEMENT":"F7BD5C9BFA3944BDE5C9F5509278050F_element_10"}]}
RESULT: {"script":"return (function isElementDisplayed(element) {\n    function nodeIsElement(node) {\n        if (!node) {\n            return false;\n        }\n        switch (node.nodeType) {\n            case Node.ELEMEN ... (7807 more bytes)","args":[{"element-6066-11e4-a52e-4f735466cecf":"F7BD5C9BFA3944BDE5C9F5509278050F_element_10","ELEMENT":"F7BD5C9BFA3944BDE5C9F5509278050F_element_10"}]}
COMMAND: GET /session/3b7184047993d1a2fdbf9421e325513f/element/F7BD5C9BFA3944BDE5C9F5509278050F_element_10/text - {}
RESULT: {}
COMMAND: POST /session/3b7184047993d1a2fdbf9421e325513f/execute/sync - {"script":"return (function isElementDisplayed(element) {\n    function nodeIsElement(node) {\n        if (!node) {\n            return false;\n        }\n        switch (node.nodeType) {\n            case Node.ELEMEN ... (7807 more bytes)","args":[{"element-6066-11e4-a52e-4f735466cecf":"F7BD5C9BFA3944BDE5C9F5509278050F_element_11","ELEMENT":"F7BD5C9BFA3944BDE5C9F5509278050F_element_11"}]}
RESULT: {"script":"return (function isElementDisplayed(element) {\n    function nodeIsElement(node) {\n        if (!node) {\n            return false;\n        }\n        switch (node.nodeType) {\n            case Node.ELEMEN ... (7807 more bytes)","args":[{"element-6066-11e4-a52e-4f735466cecf":"F7BD5C9BFA3944BDE5C9F5509278050F_element_11","ELEMENT":"F7BD5C9BFA3944BDE5C9F5509278050F_element_11"}]}
COMMAND: GET /session/3b7184047993d1a2fdbf9421e325513f/element/F7BD5C9BFA3944BDE5C9F5509278050F_element_11/text - {}
RESULT: {}
]]></system-out>
    </testcase>
    <testcase classname="chrome.117_0_5938_88.linux.Contracts_Page_Test" name="Should navigate to the invoice list page for Vendor Five" time="1.915">
      <system-out><![CDATA[
COMMAND: POST /session/3b7184047993d1a2fdbf9421e325513f/url - {"url":"https://pr-477.btm.dev.account.gov.uk/contracts"}
RESULT: {"url":"https://pr-477.btm.dev.account.gov.uk/contracts"}
COMMAND: POST /session/3b7184047993d1a2fdbf9421e325513f/execute/sync - {"script":"return (() => document.readyState === \"complete\").apply(null, arguments)","args":[]}
RESULT: {"script":"return (() => document.readyState === \"complete\").apply(null, arguments)","args":[]}
COMMAND: POST /session/3b7184047993d1a2fdbf9421e325513f/elements - {"using":"css selector","value":"ul.govuk-list li a"}
RESULT: {"using":"css selector","value":"ul.govuk-list li a"}
COMMAND: POST /session/3b7184047993d1a2fdbf9421e325513f/execute/sync - {"script":"return (function isElementDisplayed(element) {\n    function nodeIsElement(node) {\n        if (!node) {\n            return false;\n        }\n        switch (node.nodeType) {\n            case Node.ELEMEN ... (7807 more bytes)","args":[{"element-6066-11e4-a52e-4f735466cecf":"0AED5BC649A8AC726B5A481A5AE107A4_element_13","ELEMENT":"0AED5BC649A8AC726B5A481A5AE107A4_element_13"}]}
RESULT: {"script":"return (function isElementDisplayed(element) {\n    function nodeIsElement(node) {\n        if (!node) {\n            return false;\n        }\n        switch (node.nodeType) {\n            case Node.ELEMEN ... (7807 more bytes)","args":[{"element-6066-11e4-a52e-4f735466cecf":"0AED5BC649A8AC726B5A481A5AE107A4_element_13","ELEMENT":"0AED5BC649A8AC726B5A481A5AE107A4_element_13"}]}
COMMAND: GET /session/3b7184047993d1a2fdbf9421e325513f/element/0AED5BC649A8AC726B5A481A5AE107A4_element_13/text - {}
RESULT: {}
COMMAND: POST /session/3b7184047993d1a2fdbf9421e325513f/execute/sync - {"script":"return (function isElementDisplayed(element) {\n    function nodeIsElement(node) {\n        if (!node) {\n            return false;\n        }\n        switch (node.nodeType) {\n            case Node.ELEMEN ... (7807 more bytes)","args":[{"element-6066-11e4-a52e-4f735466cecf":"0AED5BC649A8AC726B5A481A5AE107A4_element_14","ELEMENT":"0AED5BC649A8AC726B5A481A5AE107A4_element_14"}]}
RESULT: {"script":"return (function isElementDisplayed(element) {\n    function nodeIsElement(node) {\n        if (!node) {\n            return false;\n        }\n        switch (node.nodeType) {\n            case Node.ELEMEN ... (7807 more bytes)","args":[{"element-6066-11e4-a52e-4f735466cecf":"0AED5BC649A8AC726B5A481A5AE107A4_element_14","ELEMENT":"0AED5BC649A8AC726B5A481A5AE107A4_element_14"}]}
COMMAND: GET /session/3b7184047993d1a2fdbf9421e325513f/element/0AED5BC649A8AC726B5A481A5AE107A4_element_14/text - {}
RESULT: {}
COMMAND: POST /session/3b7184047993d1a2fdbf9421e325513f/execute/sync - {"script":"return (function isElementDisplayed(element) {\n    function nodeIsElement(node) {\n        if (!node) {\n            return false;\n        }\n        switch (node.nodeType) {\n            case Node.ELEMEN ... (7807 more bytes)","args":[{"element-6066-11e4-a52e-4f735466cecf":"0AED5BC649A8AC726B5A481A5AE107A4_element_15","ELEMENT":"0AED5BC649A8AC726B5A481A5AE107A4_element_15"}]}
RESULT: {"script":"return (function isElementDisplayed(element) {\n    function nodeIsElement(node) {\n        if (!node) {\n            return false;\n        }\n        switch (node.nodeType) {\n            case Node.ELEMEN ... (7807 more bytes)","args":[{"element-6066-11e4-a52e-4f735466cecf":"0AED5BC649A8AC726B5A481A5AE107A4_element_15","ELEMENT":"0AED5BC649A8AC726B5A481A5AE107A4_element_15"}]}
COMMAND: GET /session/3b7184047993d1a2fdbf9421e325513f/element/0AED5BC649A8AC726B5A481A5AE107A4_element_15/text - {}
RESULT: {}
COMMAND: POST /session/3b7184047993d1a2fdbf9421e325513f/execute/sync - {"script":"return (function isElementDisplayed(element) {\n    function nodeIsElement(node) {\n        if (!node) {\n            return false;\n        }\n        switch (node.nodeType) {\n            case Node.ELEMEN ... (7807 more bytes)","args":[{"element-6066-11e4-a52e-4f735466cecf":"0AED5BC649A8AC726B5A481A5AE107A4_element_16","ELEMENT":"0AED5BC649A8AC726B5A481A5AE107A4_element_16"}]}
RESULT: {"script":"return (function isElementDisplayed(element) {\n    function nodeIsElement(node) {\n        if (!node) {\n            return false;\n        }\n        switch (node.nodeType) {\n            case Node.ELEMEN ... (7807 more bytes)","args":[{"element-6066-11e4-a52e-4f735466cecf":"0AED5BC649A8AC726B5A481A5AE107A4_element_16","ELEMENT":"0AED5BC649A8AC726B5A481A5AE107A4_element_16"}]}
COMMAND: GET /session/3b7184047993d1a2fdbf9421e325513f/element/0AED5BC649A8AC726B5A481A5AE107A4_element_16/text - {}
RESULT: {}
COMMAND: POST /session/3b7184047993d1a2fdbf9421e325513f/execute/sync - {"script":"return (function isElementDisplayed(element) {\n    function nodeIsElement(node) {\n        if (!node) {\n            return false;\n        }\n        switch (node.nodeType) {\n            case Node.ELEMEN ... (7807 more bytes)","args":[{"element-6066-11e4-a52e-4f735466cecf":"0AED5BC649A8AC726B5A481A5AE107A4_element_17","ELEMENT":"0AED5BC649A8AC726B5A481A5AE107A4_element_17"}]}
RESULT: {"script":"return (function isElementDisplayed(element) {\n    function nodeIsElement(node) {\n        if (!node) {\n            return false;\n        }\n        switch (node.nodeType) {\n            case Node.ELEMEN ... (7807 more bytes)","args":[{"element-6066-11e4-a52e-4f735466cecf":"0AED5BC649A8AC726B5A481A5AE107A4_element_17","ELEMENT":"0AED5BC649A8AC726B5A481A5AE107A4_element_17"}]}
COMMAND: GET /session/3b7184047993d1a2fdbf9421e325513f/element/0AED5BC649A8AC726B5A481A5AE107A4_element_17/text - {}
RESULT: {}
COMMAND: POST /session/3b7184047993d1a2fdbf9421e325513f/execute/sync - {"script":"return (function isElementDisplayed(element) {\n    function nodeIsElement(node) {\n        if (!node) {\n            return false;\n        }\n        switch (node.nodeType) {\n            case Node.ELEMEN ... (7807 more bytes)","args":[{"element-6066-11e4-a52e-4f735466cecf":"0AED5BC649A8AC726B5A481A5AE107A4_element_18","ELEMENT":"0AED5BC649A8AC726B5A481A5AE107A4_element_18"}]}
RESULT: {"script":"return (function isElementDisplayed(element) {\n    function nodeIsElement(node) {\n        if (!node) {\n            return false;\n        }\n        switch (node.nodeType) {\n            case Node.ELEMEN ... (7807 more bytes)","args":[{"element-6066-11e4-a52e-4f735466cecf":"0AED5BC649A8AC726B5A481A5AE107A4_element_18","ELEMENT":"0AED5BC649A8AC726B5A481A5AE107A4_element_18"}]}
COMMAND: GET /session/3b7184047993d1a2fdbf9421e325513f/element/0AED5BC649A8AC726B5A481A5AE107A4_element_18/text - {}
RESULT: {}
COMMAND: POST /session/3b7184047993d1a2fdbf9421e325513f/execute/sync - {"script":"return (function isElementDisplayed(element) {\n    function nodeIsElement(node) {\n        if (!node) {\n            return false;\n        }\n        switch (node.nodeType) {\n            case Node.ELEMEN ... (7807 more bytes)","args":[{"element-6066-11e4-a52e-4f735466cecf":"0AED5BC649A8AC726B5A481A5AE107A4_element_19","ELEMENT":"0AED5BC649A8AC726B5A481A5AE107A4_element_19"}]}
RESULT: {"script":"return (function isElementDisplayed(element) {\n    function nodeIsElement(node) {\n        if (!node) {\n            return false;\n        }\n        switch (node.nodeType) {\n            case Node.ELEMEN ... (7807 more bytes)","args":[{"element-6066-11e4-a52e-4f735466cecf":"0AED5BC649A8AC726B5A481A5AE107A4_element_19","ELEMENT":"0AED5BC649A8AC726B5A481A5AE107A4_element_19"}]}
COMMAND: GET /session/3b7184047993d1a2fdbf9421e325513f/element/0AED5BC649A8AC726B5A481A5AE107A4_element_19/text - {}
RESULT: {}
COMMAND: POST /session/3b7184047993d1a2fdbf9421e325513f/execute/sync - {"script":"return (function isElementDisplayed(element) {\n    function nodeIsElement(node) {\n        if (!node) {\n            return false;\n        }\n        switch (node.nodeType) {\n            case Node.ELEMEN ... (7807 more bytes)","args":[{"element-6066-11e4-a52e-4f735466cecf":"0AED5BC649A8AC726B5A481A5AE107A4_element_20","ELEMENT":"0AED5BC649A8AC726B5A481A5AE107A4_element_20"}]}
RESULT: {"script":"return (function isElementDisplayed(element) {\n    function nodeIsElement(node) {\n        if (!node) {\n            return false;\n        }\n        switch (node.nodeType) {\n            case Node.ELEMEN ... (7807 more bytes)","args":[{"element-6066-11e4-a52e-4f735466cecf":"0AED5BC649A8AC726B5A481A5AE107A4_element_20","ELEMENT":"0AED5BC649A8AC726B5A481A5AE107A4_element_20"}]}
COMMAND: GET /session/3b7184047993d1a2fdbf9421e325513f/element/0AED5BC649A8AC726B5A481A5AE107A4_element_20/text - {}
RESULT: {}
COMMAND: POST /session/3b7184047993d1a2fdbf9421e325513f/elements - {"using":"css selector","value":"ul.govuk-list li a"}
RESULT: {"using":"css selector","value":"ul.govuk-list li a"}
COMMAND: POST /session/3b7184047993d1a2fdbf9421e325513f/execute/sync - {"script":"return (function isElementDisplayed(element) {\n    function nodeIsElement(node) {\n        if (!node) {\n            return false;\n        }\n        switch (node.nodeType) {\n            case Node.ELEMEN ... (7807 more bytes)","args":[{"element-6066-11e4-a52e-4f735466cecf":"0AED5BC649A8AC726B5A481A5AE107A4_element_13","ELEMENT":"0AED5BC649A8AC726B5A481A5AE107A4_element_13"}]}
RESULT: {"script":"return (function isElementDisplayed(element) {\n    function nodeIsElement(node) {\n        if (!node) {\n            return false;\n        }\n        switch (node.nodeType) {\n            case Node.ELEMEN ... (7807 more bytes)","args":[{"element-6066-11e4-a52e-4f735466cecf":"0AED5BC649A8AC726B5A481A5AE107A4_element_13","ELEMENT":"0AED5BC649A8AC726B5A481A5AE107A4_element_13"}]}
COMMAND: GET /session/3b7184047993d1a2fdbf9421e325513f/element/0AED5BC649A8AC726B5A481A5AE107A4_element_13/text - {}
RESULT: {}
COMMAND: POST /session/3b7184047993d1a2fdbf9421e325513f/execute/sync - {"script":"return (function isElementDisplayed(element) {\n    function nodeIsElement(node) {\n        if (!node) {\n            return false;\n        }\n        switch (node.nodeType) {\n            case Node.ELEMEN ... (7807 more bytes)","args":[{"element-6066-11e4-a52e-4f735466cecf":"0AED5BC649A8AC726B5A481A5AE107A4_element_14","ELEMENT":"0AED5BC649A8AC726B5A481A5AE107A4_element_14"}]}
RESULT: {"script":"return (function isElementDisplayed(element) {\n    function nodeIsElement(node) {\n        if (!node) {\n            return false;\n        }\n        switch (node.nodeType) {\n            case Node.ELEMEN ... (7807 more bytes)","args":[{"element-6066-11e4-a52e-4f735466cecf":"0AED5BC649A8AC726B5A481A5AE107A4_element_14","ELEMENT":"0AED5BC649A8AC726B5A481A5AE107A4_element_14"}]}
COMMAND: GET /session/3b7184047993d1a2fdbf9421e325513f/element/0AED5BC649A8AC726B5A481A5AE107A4_element_14/text - {}
RESULT: {}
COMMAND: POST /session/3b7184047993d1a2fdbf9421e325513f/execute/sync - {"script":"return (function isElementDisplayed(element) {\n    function nodeIsElement(node) {\n        if (!node) {\n            return false;\n        }\n        switch (node.nodeType) {\n            case Node.ELEMEN ... (7807 more bytes)","args":[{"element-6066-11e4-a52e-4f735466cecf":"0AED5BC649A8AC726B5A481A5AE107A4_element_15","ELEMENT":"0AED5BC649A8AC726B5A481A5AE107A4_element_15"}]}
RESULT: {"script":"return (function isElementDisplayed(element) {\n    function nodeIsElement(node) {\n        if (!node) {\n            return false;\n        }\n        switch (node.nodeType) {\n            case Node.ELEMEN ... (7807 more bytes)","args":[{"element-6066-11e4-a52e-4f735466cecf":"0AED5BC649A8AC726B5A481A5AE107A4_element_15","ELEMENT":"0AED5BC649A8AC726B5A481A5AE107A4_element_15"}]}
COMMAND: GET /session/3b7184047993d1a2fdbf9421e325513f/element/0AED5BC649A8AC726B5A481A5AE107A4_element_15/text - {}
RESULT: {}
COMMAND: POST /session/3b7184047993d1a2fdbf9421e325513f/execute/sync - {"script":"return (function isElementDisplayed(element) {\n    function nodeIsElement(node) {\n        if (!node) {\n            return false;\n        }\n        switch (node.nodeType) {\n            case Node.ELEMEN ... (7807 more bytes)","args":[{"element-6066-11e4-a52e-4f735466cecf":"0AED5BC649A8AC726B5A481A5AE107A4_element_16","ELEMENT":"0AED5BC649A8AC726B5A481A5AE107A4_element_16"}]}
RESULT: {"script":"return (function isElementDisplayed(element) {\n    function nodeIsElement(node) {\n        if (!node) {\n            return false;\n        }\n        switch (node.nodeType) {\n            case Node.ELEMEN ... (7807 more bytes)","args":[{"element-6066-11e4-a52e-4f735466cecf":"0AED5BC649A8AC726B5A481A5AE107A4_element_16","ELEMENT":"0AED5BC649A8AC726B5A481A5AE107A4_element_16"}]}
COMMAND: GET /session/3b7184047993d1a2fdbf9421e325513f/element/0AED5BC649A8AC726B5A481A5AE107A4_element_16/text - {}
RESULT: {}
COMMAND: POST /session/3b7184047993d1a2fdbf9421e325513f/execute/sync - {"script":"return (function isElementDisplayed(element) {\n    function nodeIsElement(node) {\n        if (!node) {\n            return false;\n        }\n        switch (node.nodeType) {\n            case Node.ELEMEN ... (7807 more bytes)","args":[{"element-6066-11e4-a52e-4f735466cecf":"0AED5BC649A8AC726B5A481A5AE107A4_element_17","ELEMENT":"0AED5BC649A8AC726B5A481A5AE107A4_element_17"}]}
RESULT: {"script":"return (function isElementDisplayed(element) {\n    function nodeIsElement(node) {\n        if (!node) {\n            return false;\n        }\n        switch (node.nodeType) {\n            case Node.ELEMEN ... (7807 more bytes)","args":[{"element-6066-11e4-a52e-4f735466cecf":"0AED5BC649A8AC726B5A481A5AE107A4_element_17","ELEMENT":"0AED5BC649A8AC726B5A481A5AE107A4_element_17"}]}
COMMAND: GET /session/3b7184047993d1a2fdbf9421e325513f/element/0AED5BC649A8AC726B5A481A5AE107A4_element_17/text - {}
RESULT: {}
COMMAND: POST /session/3b7184047993d1a2fdbf9421e325513f/element/0AED5BC649A8AC726B5A481A5AE107A4_element_17/click - {}
RESULT: {}
COMMAND: POST /session/3b7184047993d1a2fdbf9421e325513f/execute/sync - {"script":"return (() => document.readyState === \"complete\").apply(null, arguments)","args":[]}
RESULT: {"script":"return (() => document.readyState === \"complete\").apply(null, arguments)","args":[]}
COMMAND: GET /session/3b7184047993d1a2fdbf9421e325513f/title - {}
RESULT: {}
]]></system-out>
    </testcase>
    <testcase classname="chrome.117_0_5938_88.linux.Contracts_Page_Test" name="Should navigate to the invoice list page for Vendor Four" time="4.653">
      <system-out><![CDATA[
COMMAND: POST /session/3b7184047993d1a2fdbf9421e325513f/url - {"url":"https://pr-477.btm.dev.account.gov.uk/contracts"}
RESULT: {"url":"https://pr-477.btm.dev.account.gov.uk/contracts"}
COMMAND: POST /session/3b7184047993d1a2fdbf9421e325513f/execute/sync - {"script":"return (() => document.readyState === \"complete\").apply(null, arguments)","args":[]}
RESULT: {"script":"return (() => document.readyState === \"complete\").apply(null, arguments)","args":[]}
COMMAND: POST /session/3b7184047993d1a2fdbf9421e325513f/elements - {"using":"css selector","value":"ul.govuk-list li a"}
RESULT: {"using":"css selector","value":"ul.govuk-list li a"}
COMMAND: POST /session/3b7184047993d1a2fdbf9421e325513f/execute/sync - {"script":"return (function isElementDisplayed(element) {\n    function nodeIsElement(node) {\n        if (!node) {\n            return false;\n        }\n        switch (node.nodeType) {\n            case Node.ELEMEN ... (7807 more bytes)","args":[{"element-6066-11e4-a52e-4f735466cecf":"EF56CCBB7F7FC101D051D64C4C9B1EF5_element_25","ELEMENT":"EF56CCBB7F7FC101D051D64C4C9B1EF5_element_25"}]}
RESULT: {"script":"return (function isElementDisplayed(element) {\n    function nodeIsElement(node) {\n        if (!node) {\n            return false;\n        }\n        switch (node.nodeType) {\n            case Node.ELEMEN ... (7807 more bytes)","args":[{"element-6066-11e4-a52e-4f735466cecf":"EF56CCBB7F7FC101D051D64C4C9B1EF5_element_25","ELEMENT":"EF56CCBB7F7FC101D051D64C4C9B1EF5_element_25"}]}
COMMAND: GET /session/3b7184047993d1a2fdbf9421e325513f/element/EF56CCBB7F7FC101D051D64C4C9B1EF5_element_25/text - {}
RESULT: {}
COMMAND: POST /session/3b7184047993d1a2fdbf9421e325513f/execute/sync - {"script":"return (function isElementDisplayed(element) {\n    function nodeIsElement(node) {\n        if (!node) {\n            return false;\n        }\n        switch (node.nodeType) {\n            case Node.ELEMEN ... (7807 more bytes)","args":[{"element-6066-11e4-a52e-4f735466cecf":"EF56CCBB7F7FC101D051D64C4C9B1EF5_element_26","ELEMENT":"EF56CCBB7F7FC101D051D64C4C9B1EF5_element_26"}]}
RESULT: {"script":"return (function isElementDisplayed(element) {\n    function nodeIsElement(node) {\n        if (!node) {\n            return false;\n        }\n        switch (node.nodeType) {\n            case Node.ELEMEN ... (7807 more bytes)","args":[{"element-6066-11e4-a52e-4f735466cecf":"EF56CCBB7F7FC101D051D64C4C9B1EF5_element_26","ELEMENT":"EF56CCBB7F7FC101D051D64C4C9B1EF5_element_26"}]}
COMMAND: GET /session/3b7184047993d1a2fdbf9421e325513f/element/EF56CCBB7F7FC101D051D64C4C9B1EF5_element_26/text - {}
RESULT: {}
COMMAND: POST /session/3b7184047993d1a2fdbf9421e325513f/execute/sync - {"script":"return (function isElementDisplayed(element) {\n    function nodeIsElement(node) {\n        if (!node) {\n            return false;\n        }\n        switch (node.nodeType) {\n            case Node.ELEMEN ... (7807 more bytes)","args":[{"element-6066-11e4-a52e-4f735466cecf":"EF56CCBB7F7FC101D051D64C4C9B1EF5_element_27","ELEMENT":"EF56CCBB7F7FC101D051D64C4C9B1EF5_element_27"}]}
RESULT: {"script":"return (function isElementDisplayed(element) {\n    function nodeIsElement(node) {\n        if (!node) {\n            return false;\n        }\n        switch (node.nodeType) {\n            case Node.ELEMEN ... (7807 more bytes)","args":[{"element-6066-11e4-a52e-4f735466cecf":"EF56CCBB7F7FC101D051D64C4C9B1EF5_element_27","ELEMENT":"EF56CCBB7F7FC101D051D64C4C9B1EF5_element_27"}]}
COMMAND: GET /session/3b7184047993d1a2fdbf9421e325513f/element/EF56CCBB7F7FC101D051D64C4C9B1EF5_element_27/text - {}
RESULT: {}
COMMAND: POST /session/3b7184047993d1a2fdbf9421e325513f/execute/sync - {"script":"return (function isElementDisplayed(element) {\n    function nodeIsElement(node) {\n        if (!node) {\n            return false;\n        }\n        switch (node.nodeType) {\n            case Node.ELEMEN ... (7807 more bytes)","args":[{"element-6066-11e4-a52e-4f735466cecf":"EF56CCBB7F7FC101D051D64C4C9B1EF5_element_28","ELEMENT":"EF56CCBB7F7FC101D051D64C4C9B1EF5_element_28"}]}
RESULT: {"script":"return (function isElementDisplayed(element) {\n    function nodeIsElement(node) {\n        if (!node) {\n            return false;\n        }\n        switch (node.nodeType) {\n            case Node.ELEMEN ... (7807 more bytes)","args":[{"element-6066-11e4-a52e-4f735466cecf":"EF56CCBB7F7FC101D051D64C4C9B1EF5_element_28","ELEMENT":"EF56CCBB7F7FC101D051D64C4C9B1EF5_element_28"}]}
COMMAND: GET /session/3b7184047993d1a2fdbf9421e325513f/element/EF56CCBB7F7FC101D051D64C4C9B1EF5_element_28/text - {}
RESULT: {}
COMMAND: POST /session/3b7184047993d1a2fdbf9421e325513f/execute/sync - {"script":"return (function isElementDisplayed(element) {\n    function nodeIsElement(node) {\n        if (!node) {\n            return false;\n        }\n        switch (node.nodeType) {\n            case Node.ELEMEN ... (7807 more bytes)","args":[{"element-6066-11e4-a52e-4f735466cecf":"EF56CCBB7F7FC101D051D64C4C9B1EF5_element_29","ELEMENT":"EF56CCBB7F7FC101D051D64C4C9B1EF5_element_29"}]}
RESULT: {"script":"return (function isElementDisplayed(element) {\n    function nodeIsElement(node) {\n        if (!node) {\n            return false;\n        }\n        switch (node.nodeType) {\n            case Node.ELEMEN ... (7807 more bytes)","args":[{"element-6066-11e4-a52e-4f735466cecf":"EF56CCBB7F7FC101D051D64C4C9B1EF5_element_29","ELEMENT":"EF56CCBB7F7FC101D051D64C4C9B1EF5_element_29"}]}
COMMAND: GET /session/3b7184047993d1a2fdbf9421e325513f/element/EF56CCBB7F7FC101D051D64C4C9B1EF5_element_29/text - {}
RESULT: {}
COMMAND: POST /session/3b7184047993d1a2fdbf9421e325513f/execute/sync - {"script":"return (function isElementDisplayed(element) {\n    function nodeIsElement(node) {\n        if (!node) {\n            return false;\n        }\n        switch (node.nodeType) {\n            case Node.ELEMEN ... (7807 more bytes)","args":[{"element-6066-11e4-a52e-4f735466cecf":"EF56CCBB7F7FC101D051D64C4C9B1EF5_element_30","ELEMENT":"EF56CCBB7F7FC101D051D64C4C9B1EF5_element_30"}]}
RESULT: {"script":"return (function isElementDisplayed(element) {\n    function nodeIsElement(node) {\n        if (!node) {\n            return false;\n        }\n        switch (node.nodeType) {\n            case Node.ELEMEN ... (7807 more bytes)","args":[{"element-6066-11e4-a52e-4f735466cecf":"EF56CCBB7F7FC101D051D64C4C9B1EF5_element_30","ELEMENT":"EF56CCBB7F7FC101D051D64C4C9B1EF5_element_30"}]}
COMMAND: GET /session/3b7184047993d1a2fdbf9421e325513f/element/EF56CCBB7F7FC101D051D64C4C9B1EF5_element_30/text - {}
RESULT: {}
COMMAND: POST /session/3b7184047993d1a2fdbf9421e325513f/execute/sync - {"script":"return (function isElementDisplayed(element) {\n    function nodeIsElement(node) {\n        if (!node) {\n            return false;\n        }\n        switch (node.nodeType) {\n            case Node.ELEMEN ... (7807 more bytes)","args":[{"element-6066-11e4-a52e-4f735466cecf":"EF56CCBB7F7FC101D051D64C4C9B1EF5_element_31","ELEMENT":"EF56CCBB7F7FC101D051D64C4C9B1EF5_element_31"}]}
RESULT: {"script":"return (function isElementDisplayed(element) {\n    function nodeIsElement(node) {\n        if (!node) {\n            return false;\n        }\n        switch (node.nodeType) {\n            case Node.ELEMEN ... (7807 more bytes)","args":[{"element-6066-11e4-a52e-4f735466cecf":"EF56CCBB7F7FC101D051D64C4C9B1EF5_element_31","ELEMENT":"EF56CCBB7F7FC101D051D64C4C9B1EF5_element_31"}]}
COMMAND: GET /session/3b7184047993d1a2fdbf9421e325513f/element/EF56CCBB7F7FC101D051D64C4C9B1EF5_element_31/text - {}
RESULT: {}
COMMAND: POST /session/3b7184047993d1a2fdbf9421e325513f/execute/sync - {"script":"return (function isElementDisplayed(element) {\n    function nodeIsElement(node) {\n        if (!node) {\n            return false;\n        }\n        switch (node.nodeType) {\n            case Node.ELEMEN ... (7807 more bytes)","args":[{"element-6066-11e4-a52e-4f735466cecf":"EF56CCBB7F7FC101D051D64C4C9B1EF5_element_32","ELEMENT":"EF56CCBB7F7FC101D051D64C4C9B1EF5_element_32"}]}
RESULT: {"script":"return (function isElementDisplayed(element) {\n    function nodeIsElement(node) {\n        if (!node) {\n            return false;\n        }\n        switch (node.nodeType) {\n            case Node.ELEMEN ... (7807 more bytes)","args":[{"element-6066-11e4-a52e-4f735466cecf":"EF56CCBB7F7FC101D051D64C4C9B1EF5_element_32","ELEMENT":"EF56CCBB7F7FC101D051D64C4C9B1EF5_element_32"}]}
COMMAND: GET /session/3b7184047993d1a2fdbf9421e325513f/element/EF56CCBB7F7FC101D051D64C4C9B1EF5_element_32/text - {}
RESULT: {}
COMMAND: POST /session/3b7184047993d1a2fdbf9421e325513f/elements - {"using":"css selector","value":"ul.govuk-list li a"}
RESULT: {"using":"css selector","value":"ul.govuk-list li a"}
COMMAND: POST /session/3b7184047993d1a2fdbf9421e325513f/execute/sync - {"script":"return (function isElementDisplayed(element) {\n    function nodeIsElement(node) {\n        if (!node) {\n            return false;\n        }\n        switch (node.nodeType) {\n            case Node.ELEMEN ... (7807 more bytes)","args":[{"element-6066-11e4-a52e-4f735466cecf":"EF56CCBB7F7FC101D051D64C4C9B1EF5_element_25","ELEMENT":"EF56CCBB7F7FC101D051D64C4C9B1EF5_element_25"}]}
RESULT: {"script":"return (function isElementDisplayed(element) {\n    function nodeIsElement(node) {\n        if (!node) {\n            return false;\n        }\n        switch (node.nodeType) {\n            case Node.ELEMEN ... (7807 more bytes)","args":[{"element-6066-11e4-a52e-4f735466cecf":"EF56CCBB7F7FC101D051D64C4C9B1EF5_element_25","ELEMENT":"EF56CCBB7F7FC101D051D64C4C9B1EF5_element_25"}]}
COMMAND: GET /session/3b7184047993d1a2fdbf9421e325513f/element/EF56CCBB7F7FC101D051D64C4C9B1EF5_element_25/text - {}
RESULT: {}
COMMAND: POST /session/3b7184047993d1a2fdbf9421e325513f/execute/sync - {"script":"return (function isElementDisplayed(element) {\n    function nodeIsElement(node) {\n        if (!node) {\n            return false;\n        }\n        switch (node.nodeType) {\n            case Node.ELEMEN ... (7807 more bytes)","args":[{"element-6066-11e4-a52e-4f735466cecf":"EF56CCBB7F7FC101D051D64C4C9B1EF5_element_26","ELEMENT":"EF56CCBB7F7FC101D051D64C4C9B1EF5_element_26"}]}
RESULT: {"script":"return (function isElementDisplayed(element) {\n    function nodeIsElement(node) {\n        if (!node) {\n            return false;\n        }\n        switch (node.nodeType) {\n            case Node.ELEMEN ... (7807 more bytes)","args":[{"element-6066-11e4-a52e-4f735466cecf":"EF56CCBB7F7FC101D051D64C4C9B1EF5_element_26","ELEMENT":"EF56CCBB7F7FC101D051D64C4C9B1EF5_element_26"}]}
COMMAND: GET /session/3b7184047993d1a2fdbf9421e325513f/element/EF56CCBB7F7FC101D051D64C4C9B1EF5_element_26/text - {}
RESULT: {}
COMMAND: POST /session/3b7184047993d1a2fdbf9421e325513f/execute/sync - {"script":"return (function isElementDisplayed(element) {\n    function nodeIsElement(node) {\n        if (!node) {\n            return false;\n        }\n        switch (node.nodeType) {\n            case Node.ELEMEN ... (7807 more bytes)","args":[{"element-6066-11e4-a52e-4f735466cecf":"EF56CCBB7F7FC101D051D64C4C9B1EF5_element_27","ELEMENT":"EF56CCBB7F7FC101D051D64C4C9B1EF5_element_27"}]}
RESULT: {"script":"return (function isElementDisplayed(element) {\n    function nodeIsElement(node) {\n        if (!node) {\n            return false;\n        }\n        switch (node.nodeType) {\n            case Node.ELEMEN ... (7807 more bytes)","args":[{"element-6066-11e4-a52e-4f735466cecf":"EF56CCBB7F7FC101D051D64C4C9B1EF5_element_27","ELEMENT":"EF56CCBB7F7FC101D051D64C4C9B1EF5_element_27"}]}
COMMAND: GET /session/3b7184047993d1a2fdbf9421e325513f/element/EF56CCBB7F7FC101D051D64C4C9B1EF5_element_27/text - {}
RESULT: {}
COMMAND: POST /session/3b7184047993d1a2fdbf9421e325513f/execute/sync - {"script":"return (function isElementDisplayed(element) {\n    function nodeIsElement(node) {\n        if (!node) {\n            return false;\n        }\n        switch (node.nodeType) {\n            case Node.ELEMEN ... (7807 more bytes)","args":[{"element-6066-11e4-a52e-4f735466cecf":"EF56CCBB7F7FC101D051D64C4C9B1EF5_element_28","ELEMENT":"EF56CCBB7F7FC101D051D64C4C9B1EF5_element_28"}]}
RESULT: {"script":"return (function isElementDisplayed(element) {\n    function nodeIsElement(node) {\n        if (!node) {\n            return false;\n        }\n        switch (node.nodeType) {\n            case Node.ELEMEN ... (7807 more bytes)","args":[{"element-6066-11e4-a52e-4f735466cecf":"EF56CCBB7F7FC101D051D64C4C9B1EF5_element_28","ELEMENT":"EF56CCBB7F7FC101D051D64C4C9B1EF5_element_28"}]}
COMMAND: GET /session/3b7184047993d1a2fdbf9421e325513f/element/EF56CCBB7F7FC101D051D64C4C9B1EF5_element_28/text - {}
RESULT: {}
COMMAND: POST /session/3b7184047993d1a2fdbf9421e325513f/element/EF56CCBB7F7FC101D051D64C4C9B1EF5_element_28/click - {}
RESULT: {}
COMMAND: POST /session/3b7184047993d1a2fdbf9421e325513f/execute/sync - {"script":"return (() => document.readyState === \"complete\").apply(null, arguments)","args":[]}
RESULT: {"script":"return (() => document.readyState === \"complete\").apply(null, arguments)","args":[]}
COMMAND: GET /session/3b7184047993d1a2fdbf9421e325513f/title - {}
RESULT: {}
]]></system-out>
    </testcase>
    <testcase classname="chrome.117_0_5938_88.linux.Contracts_Page_Test" name="Should navigate to the invoice list page for Vendor One" time="2.053">
      <system-out><![CDATA[
COMMAND: POST /session/3b7184047993d1a2fdbf9421e325513f/url - {"url":"https://pr-477.btm.dev.account.gov.uk/contracts"}
RESULT: {"url":"https://pr-477.btm.dev.account.gov.uk/contracts"}
COMMAND: POST /session/3b7184047993d1a2fdbf9421e325513f/execute/sync - {"script":"return (() => document.readyState === \"complete\").apply(null, arguments)","args":[]}
RESULT: {"script":"return (() => document.readyState === \"complete\").apply(null, arguments)","args":[]}
COMMAND: POST /session/3b7184047993d1a2fdbf9421e325513f/elements - {"using":"css selector","value":"ul.govuk-list li a"}
RESULT: {"using":"css selector","value":"ul.govuk-list li a"}
COMMAND: POST /session/3b7184047993d1a2fdbf9421e325513f/execute/sync - {"script":"return (function isElementDisplayed(element) {\n    function nodeIsElement(node) {\n        if (!node) {\n            return false;\n        }\n        switch (node.nodeType) {\n            case Node.ELEMEN ... (7807 more bytes)","args":[{"element-6066-11e4-a52e-4f735466cecf":"505FAF01F7BA48B74B9DD648F5A3B207_element_37","ELEMENT":"505FAF01F7BA48B74B9DD648F5A3B207_element_37"}]}
RESULT: {"script":"return (function isElementDisplayed(element) {\n    function nodeIsElement(node) {\n        if (!node) {\n            return false;\n        }\n        switch (node.nodeType) {\n            case Node.ELEMEN ... (7807 more bytes)","args":[{"element-6066-11e4-a52e-4f735466cecf":"505FAF01F7BA48B74B9DD648F5A3B207_element_37","ELEMENT":"505FAF01F7BA48B74B9DD648F5A3B207_element_37"}]}
COMMAND: GET /session/3b7184047993d1a2fdbf9421e325513f/element/505FAF01F7BA48B74B9DD648F5A3B207_element_37/text - {}
RESULT: {}
COMMAND: POST /session/3b7184047993d1a2fdbf9421e325513f/execute/sync - {"script":"return (function isElementDisplayed(element) {\n    function nodeIsElement(node) {\n        if (!node) {\n            return false;\n        }\n        switch (node.nodeType) {\n            case Node.ELEMEN ... (7807 more bytes)","args":[{"element-6066-11e4-a52e-4f735466cecf":"505FAF01F7BA48B74B9DD648F5A3B207_element_38","ELEMENT":"505FAF01F7BA48B74B9DD648F5A3B207_element_38"}]}
RESULT: {"script":"return (function isElementDisplayed(element) {\n    function nodeIsElement(node) {\n        if (!node) {\n            return false;\n        }\n        switch (node.nodeType) {\n            case Node.ELEMEN ... (7807 more bytes)","args":[{"element-6066-11e4-a52e-4f735466cecf":"505FAF01F7BA48B74B9DD648F5A3B207_element_38","ELEMENT":"505FAF01F7BA48B74B9DD648F5A3B207_element_38"}]}
COMMAND: GET /session/3b7184047993d1a2fdbf9421e325513f/element/505FAF01F7BA48B74B9DD648F5A3B207_element_38/text - {}
RESULT: {}
COMMAND: POST /session/3b7184047993d1a2fdbf9421e325513f/execute/sync - {"script":"return (function isElementDisplayed(element) {\n    function nodeIsElement(node) {\n        if (!node) {\n            return false;\n        }\n        switch (node.nodeType) {\n            case Node.ELEMEN ... (7807 more bytes)","args":[{"element-6066-11e4-a52e-4f735466cecf":"505FAF01F7BA48B74B9DD648F5A3B207_element_39","ELEMENT":"505FAF01F7BA48B74B9DD648F5A3B207_element_39"}]}
RESULT: {"script":"return (function isElementDisplayed(element) {\n    function nodeIsElement(node) {\n        if (!node) {\n            return false;\n        }\n        switch (node.nodeType) {\n            case Node.ELEMEN ... (7807 more bytes)","args":[{"element-6066-11e4-a52e-4f735466cecf":"505FAF01F7BA48B74B9DD648F5A3B207_element_39","ELEMENT":"505FAF01F7BA48B74B9DD648F5A3B207_element_39"}]}
COMMAND: GET /session/3b7184047993d1a2fdbf9421e325513f/element/505FAF01F7BA48B74B9DD648F5A3B207_element_39/text - {}
RESULT: {}
COMMAND: POST /session/3b7184047993d1a2fdbf9421e325513f/execute/sync - {"script":"return (function isElementDisplayed(element) {\n    function nodeIsElement(node) {\n        if (!node) {\n            return false;\n        }\n        switch (node.nodeType) {\n            case Node.ELEMEN ... (7807 more bytes)","args":[{"element-6066-11e4-a52e-4f735466cecf":"505FAF01F7BA48B74B9DD648F5A3B207_element_40","ELEMENT":"505FAF01F7BA48B74B9DD648F5A3B207_element_40"}]}
RESULT: {"script":"return (function isElementDisplayed(element) {\n    function nodeIsElement(node) {\n        if (!node) {\n            return false;\n        }\n        switch (node.nodeType) {\n            case Node.ELEMEN ... (7807 more bytes)","args":[{"element-6066-11e4-a52e-4f735466cecf":"505FAF01F7BA48B74B9DD648F5A3B207_element_40","ELEMENT":"505FAF01F7BA48B74B9DD648F5A3B207_element_40"}]}
COMMAND: GET /session/3b7184047993d1a2fdbf9421e325513f/element/505FAF01F7BA48B74B9DD648F5A3B207_element_40/text - {}
RESULT: {}
COMMAND: POST /session/3b7184047993d1a2fdbf9421e325513f/execute/sync - {"script":"return (function isElementDisplayed(element) {\n    function nodeIsElement(node) {\n        if (!node) {\n            return false;\n        }\n        switch (node.nodeType) {\n            case Node.ELEMEN ... (7807 more bytes)","args":[{"element-6066-11e4-a52e-4f735466cecf":"505FAF01F7BA48B74B9DD648F5A3B207_element_41","ELEMENT":"505FAF01F7BA48B74B9DD648F5A3B207_element_41"}]}
RESULT: {"script":"return (function isElementDisplayed(element) {\n    function nodeIsElement(node) {\n        if (!node) {\n            return false;\n        }\n        switch (node.nodeType) {\n            case Node.ELEMEN ... (7807 more bytes)","args":[{"element-6066-11e4-a52e-4f735466cecf":"505FAF01F7BA48B74B9DD648F5A3B207_element_41","ELEMENT":"505FAF01F7BA48B74B9DD648F5A3B207_element_41"}]}
COMMAND: GET /session/3b7184047993d1a2fdbf9421e325513f/element/505FAF01F7BA48B74B9DD648F5A3B207_element_41/text - {}
RESULT: {}
COMMAND: POST /session/3b7184047993d1a2fdbf9421e325513f/execute/sync - {"script":"return (function isElementDisplayed(element) {\n    function nodeIsElement(node) {\n        if (!node) {\n            return false;\n        }\n        switch (node.nodeType) {\n            case Node.ELEMEN ... (7807 more bytes)","args":[{"element-6066-11e4-a52e-4f735466cecf":"505FAF01F7BA48B74B9DD648F5A3B207_element_42","ELEMENT":"505FAF01F7BA48B74B9DD648F5A3B207_element_42"}]}
RESULT: {"script":"return (function isElementDisplayed(element) {\n    function nodeIsElement(node) {\n        if (!node) {\n            return false;\n        }\n        switch (node.nodeType) {\n            case Node.ELEMEN ... (7807 more bytes)","args":[{"element-6066-11e4-a52e-4f735466cecf":"505FAF01F7BA48B74B9DD648F5A3B207_element_42","ELEMENT":"505FAF01F7BA48B74B9DD648F5A3B207_element_42"}]}
COMMAND: GET /session/3b7184047993d1a2fdbf9421e325513f/element/505FAF01F7BA48B74B9DD648F5A3B207_element_42/text - {}
RESULT: {}
COMMAND: POST /session/3b7184047993d1a2fdbf9421e325513f/execute/sync - {"script":"return (function isElementDisplayed(element) {\n    function nodeIsElement(node) {\n        if (!node) {\n            return false;\n        }\n        switch (node.nodeType) {\n            case Node.ELEMEN ... (7807 more bytes)","args":[{"element-6066-11e4-a52e-4f735466cecf":"505FAF01F7BA48B74B9DD648F5A3B207_element_43","ELEMENT":"505FAF01F7BA48B74B9DD648F5A3B207_element_43"}]}
RESULT: {"script":"return (function isElementDisplayed(element) {\n    function nodeIsElement(node) {\n        if (!node) {\n            return false;\n        }\n        switch (node.nodeType) {\n            case Node.ELEMEN ... (7807 more bytes)","args":[{"element-6066-11e4-a52e-4f735466cecf":"505FAF01F7BA48B74B9DD648F5A3B207_element_43","ELEMENT":"505FAF01F7BA48B74B9DD648F5A3B207_element_43"}]}
COMMAND: GET /session/3b7184047993d1a2fdbf9421e325513f/element/505FAF01F7BA48B74B9DD648F5A3B207_element_43/text - {}
RESULT: {}
COMMAND: POST /session/3b7184047993d1a2fdbf9421e325513f/execute/sync - {"script":"return (function isElementDisplayed(element) {\n    function nodeIsElement(node) {\n        if (!node) {\n            return false;\n        }\n        switch (node.nodeType) {\n            case Node.ELEMEN ... (7807 more bytes)","args":[{"element-6066-11e4-a52e-4f735466cecf":"505FAF01F7BA48B74B9DD648F5A3B207_element_44","ELEMENT":"505FAF01F7BA48B74B9DD648F5A3B207_element_44"}]}
RESULT: {"script":"return (function isElementDisplayed(element) {\n    function nodeIsElement(node) {\n        if (!node) {\n            return false;\n        }\n        switch (node.nodeType) {\n            case Node.ELEMEN ... (7807 more bytes)","args":[{"element-6066-11e4-a52e-4f735466cecf":"505FAF01F7BA48B74B9DD648F5A3B207_element_44","ELEMENT":"505FAF01F7BA48B74B9DD648F5A3B207_element_44"}]}
COMMAND: GET /session/3b7184047993d1a2fdbf9421e325513f/element/505FAF01F7BA48B74B9DD648F5A3B207_element_44/text - {}
RESULT: {}
COMMAND: POST /session/3b7184047993d1a2fdbf9421e325513f/elements - {"using":"css selector","value":"ul.govuk-list li a"}
RESULT: {"using":"css selector","value":"ul.govuk-list li a"}
COMMAND: POST /session/3b7184047993d1a2fdbf9421e325513f/execute/sync - {"script":"return (function isElementDisplayed(element) {\n    function nodeIsElement(node) {\n        if (!node) {\n            return false;\n        }\n        switch (node.nodeType) {\n            case Node.ELEMEN ... (7807 more bytes)","args":[{"element-6066-11e4-a52e-4f735466cecf":"505FAF01F7BA48B74B9DD648F5A3B207_element_37","ELEMENT":"505FAF01F7BA48B74B9DD648F5A3B207_element_37"}]}
RESULT: {"script":"return (function isElementDisplayed(element) {\n    function nodeIsElement(node) {\n        if (!node) {\n            return false;\n        }\n        switch (node.nodeType) {\n            case Node.ELEMEN ... (7807 more bytes)","args":[{"element-6066-11e4-a52e-4f735466cecf":"505FAF01F7BA48B74B9DD648F5A3B207_element_37","ELEMENT":"505FAF01F7BA48B74B9DD648F5A3B207_element_37"}]}
COMMAND: GET /session/3b7184047993d1a2fdbf9421e325513f/element/505FAF01F7BA48B74B9DD648F5A3B207_element_37/text - {}
RESULT: {}
COMMAND: POST /session/3b7184047993d1a2fdbf9421e325513f/element/505FAF01F7BA48B74B9DD648F5A3B207_element_37/click - {}
RESULT: {}
COMMAND: POST /session/3b7184047993d1a2fdbf9421e325513f/execute/sync - {"script":"return (() => document.readyState === \"complete\").apply(null, arguments)","args":[]}
RESULT: {"script":"return (() => document.readyState === \"complete\").apply(null, arguments)","args":[]}
COMMAND: GET /session/3b7184047993d1a2fdbf9421e325513f/title - {}
RESULT: {}
]]></system-out>
    </testcase>
    <testcase classname="chrome.117_0_5938_88.linux.Contracts_Page_Test" name="Should navigate to the invoice list page for Vendor Six" time="2.034">
      <system-out><![CDATA[
COMMAND: POST /session/3b7184047993d1a2fdbf9421e325513f/url - {"url":"https://pr-477.btm.dev.account.gov.uk/contracts"}
RESULT: {"url":"https://pr-477.btm.dev.account.gov.uk/contracts"}
COMMAND: POST /session/3b7184047993d1a2fdbf9421e325513f/execute/sync - {"script":"return (() => document.readyState === \"complete\").apply(null, arguments)","args":[]}
RESULT: {"script":"return (() => document.readyState === \"complete\").apply(null, arguments)","args":[]}
COMMAND: POST /session/3b7184047993d1a2fdbf9421e325513f/elements - {"using":"css selector","value":"ul.govuk-list li a"}
RESULT: {"using":"css selector","value":"ul.govuk-list li a"}
COMMAND: POST /session/3b7184047993d1a2fdbf9421e325513f/execute/sync - {"script":"return (function isElementDisplayed(element) {\n    function nodeIsElement(node) {\n        if (!node) {\n            return false;\n        }\n        switch (node.nodeType) {\n            case Node.ELEMEN ... (7807 more bytes)","args":[{"element-6066-11e4-a52e-4f735466cecf":"177061D5AA5EAAAB48E1A9033C54EC20_element_51","ELEMENT":"177061D5AA5EAAAB48E1A9033C54EC20_element_51"}]}
RESULT: {"script":"return (function isElementDisplayed(element) {\n    function nodeIsElement(node) {\n        if (!node) {\n            return false;\n        }\n        switch (node.nodeType) {\n            case Node.ELEMEN ... (7807 more bytes)","args":[{"element-6066-11e4-a52e-4f735466cecf":"177061D5AA5EAAAB48E1A9033C54EC20_element_51","ELEMENT":"177061D5AA5EAAAB48E1A9033C54EC20_element_51"}]}
COMMAND: GET /session/3b7184047993d1a2fdbf9421e325513f/element/177061D5AA5EAAAB48E1A9033C54EC20_element_51/text - {}
RESULT: {}
COMMAND: POST /session/3b7184047993d1a2fdbf9421e325513f/execute/sync - {"script":"return (function isElementDisplayed(element) {\n    function nodeIsElement(node) {\n        if (!node) {\n            return false;\n        }\n        switch (node.nodeType) {\n            case Node.ELEMEN ... (7807 more bytes)","args":[{"element-6066-11e4-a52e-4f735466cecf":"177061D5AA5EAAAB48E1A9033C54EC20_element_52","ELEMENT":"177061D5AA5EAAAB48E1A9033C54EC20_element_52"}]}
RESULT: {"script":"return (function isElementDisplayed(element) {\n    function nodeIsElement(node) {\n        if (!node) {\n            return false;\n        }\n        switch (node.nodeType) {\n            case Node.ELEMEN ... (7807 more bytes)","args":[{"element-6066-11e4-a52e-4f735466cecf":"177061D5AA5EAAAB48E1A9033C54EC20_element_52","ELEMENT":"177061D5AA5EAAAB48E1A9033C54EC20_element_52"}]}
COMMAND: GET /session/3b7184047993d1a2fdbf9421e325513f/element/177061D5AA5EAAAB48E1A9033C54EC20_element_52/text - {}
RESULT: {}
COMMAND: POST /session/3b7184047993d1a2fdbf9421e325513f/execute/sync - {"script":"return (function isElementDisplayed(element) {\n    function nodeIsElement(node) {\n        if (!node) {\n            return false;\n        }\n        switch (node.nodeType) {\n            case Node.ELEMEN ... (7807 more bytes)","args":[{"element-6066-11e4-a52e-4f735466cecf":"177061D5AA5EAAAB48E1A9033C54EC20_element_53","ELEMENT":"177061D5AA5EAAAB48E1A9033C54EC20_element_53"}]}
RESULT: {"script":"return (function isElementDisplayed(element) {\n    function nodeIsElement(node) {\n        if (!node) {\n            return false;\n        }\n        switch (node.nodeType) {\n            case Node.ELEMEN ... (7807 more bytes)","args":[{"element-6066-11e4-a52e-4f735466cecf":"177061D5AA5EAAAB48E1A9033C54EC20_element_53","ELEMENT":"177061D5AA5EAAAB48E1A9033C54EC20_element_53"}]}
COMMAND: GET /session/3b7184047993d1a2fdbf9421e325513f/element/177061D5AA5EAAAB48E1A9033C54EC20_element_53/text - {}
RESULT: {}
COMMAND: POST /session/3b7184047993d1a2fdbf9421e325513f/execute/sync - {"script":"return (function isElementDisplayed(element) {\n    function nodeIsElement(node) {\n        if (!node) {\n            return false;\n        }\n        switch (node.nodeType) {\n            case Node.ELEMEN ... (7807 more bytes)","args":[{"element-6066-11e4-a52e-4f735466cecf":"177061D5AA5EAAAB48E1A9033C54EC20_element_54","ELEMENT":"177061D5AA5EAAAB48E1A9033C54EC20_element_54"}]}
RESULT: {"script":"return (function isElementDisplayed(element) {\n    function nodeIsElement(node) {\n        if (!node) {\n            return false;\n        }\n        switch (node.nodeType) {\n            case Node.ELEMEN ... (7807 more bytes)","args":[{"element-6066-11e4-a52e-4f735466cecf":"177061D5AA5EAAAB48E1A9033C54EC20_element_54","ELEMENT":"177061D5AA5EAAAB48E1A9033C54EC20_element_54"}]}
COMMAND: GET /session/3b7184047993d1a2fdbf9421e325513f/element/177061D5AA5EAAAB48E1A9033C54EC20_element_54/text - {}
RESULT: {}
COMMAND: POST /session/3b7184047993d1a2fdbf9421e325513f/execute/sync - {"script":"return (function isElementDisplayed(element) {\n    function nodeIsElement(node) {\n        if (!node) {\n            return false;\n        }\n        switch (node.nodeType) {\n            case Node.ELEMEN ... (7807 more bytes)","args":[{"element-6066-11e4-a52e-4f735466cecf":"177061D5AA5EAAAB48E1A9033C54EC20_element_55","ELEMENT":"177061D5AA5EAAAB48E1A9033C54EC20_element_55"}]}
RESULT: {"script":"return (function isElementDisplayed(element) {\n    function nodeIsElement(node) {\n        if (!node) {\n            return false;\n        }\n        switch (node.nodeType) {\n            case Node.ELEMEN ... (7807 more bytes)","args":[{"element-6066-11e4-a52e-4f735466cecf":"177061D5AA5EAAAB48E1A9033C54EC20_element_55","ELEMENT":"177061D5AA5EAAAB48E1A9033C54EC20_element_55"}]}
COMMAND: GET /session/3b7184047993d1a2fdbf9421e325513f/element/177061D5AA5EAAAB48E1A9033C54EC20_element_55/text - {}
RESULT: {}
COMMAND: POST /session/3b7184047993d1a2fdbf9421e325513f/execute/sync - {"script":"return (function isElementDisplayed(element) {\n    function nodeIsElement(node) {\n        if (!node) {\n            return false;\n        }\n        switch (node.nodeType) {\n            case Node.ELEMEN ... (7807 more bytes)","args":[{"element-6066-11e4-a52e-4f735466cecf":"177061D5AA5EAAAB48E1A9033C54EC20_element_56","ELEMENT":"177061D5AA5EAAAB48E1A9033C54EC20_element_56"}]}
RESULT: {"script":"return (function isElementDisplayed(element) {\n    function nodeIsElement(node) {\n        if (!node) {\n            return false;\n        }\n        switch (node.nodeType) {\n            case Node.ELEMEN ... (7807 more bytes)","args":[{"element-6066-11e4-a52e-4f735466cecf":"177061D5AA5EAAAB48E1A9033C54EC20_element_56","ELEMENT":"177061D5AA5EAAAB48E1A9033C54EC20_element_56"}]}
COMMAND: GET /session/3b7184047993d1a2fdbf9421e325513f/element/177061D5AA5EAAAB48E1A9033C54EC20_element_56/text - {}
RESULT: {}
COMMAND: POST /session/3b7184047993d1a2fdbf9421e325513f/execute/sync - {"script":"return (function isElementDisplayed(element) {\n    function nodeIsElement(node) {\n        if (!node) {\n            return false;\n        }\n        switch (node.nodeType) {\n            case Node.ELEMEN ... (7807 more bytes)","args":[{"element-6066-11e4-a52e-4f735466cecf":"177061D5AA5EAAAB48E1A9033C54EC20_element_57","ELEMENT":"177061D5AA5EAAAB48E1A9033C54EC20_element_57"}]}
RESULT: {"script":"return (function isElementDisplayed(element) {\n    function nodeIsElement(node) {\n        if (!node) {\n            return false;\n        }\n        switch (node.nodeType) {\n            case Node.ELEMEN ... (7807 more bytes)","args":[{"element-6066-11e4-a52e-4f735466cecf":"177061D5AA5EAAAB48E1A9033C54EC20_element_57","ELEMENT":"177061D5AA5EAAAB48E1A9033C54EC20_element_57"}]}
COMMAND: GET /session/3b7184047993d1a2fdbf9421e325513f/element/177061D5AA5EAAAB48E1A9033C54EC20_element_57/text - {}
RESULT: {}
COMMAND: POST /session/3b7184047993d1a2fdbf9421e325513f/execute/sync - {"script":"return (function isElementDisplayed(element) {\n    function nodeIsElement(node) {\n        if (!node) {\n            return false;\n        }\n        switch (node.nodeType) {\n            case Node.ELEMEN ... (7807 more bytes)","args":[{"element-6066-11e4-a52e-4f735466cecf":"177061D5AA5EAAAB48E1A9033C54EC20_element_58","ELEMENT":"177061D5AA5EAAAB48E1A9033C54EC20_element_58"}]}
RESULT: {"script":"return (function isElementDisplayed(element) {\n    function nodeIsElement(node) {\n        if (!node) {\n            return false;\n        }\n        switch (node.nodeType) {\n            case Node.ELEMEN ... (7807 more bytes)","args":[{"element-6066-11e4-a52e-4f735466cecf":"177061D5AA5EAAAB48E1A9033C54EC20_element_58","ELEMENT":"177061D5AA5EAAAB48E1A9033C54EC20_element_58"}]}
COMMAND: GET /session/3b7184047993d1a2fdbf9421e325513f/element/177061D5AA5EAAAB48E1A9033C54EC20_element_58/text - {}
RESULT: {}
COMMAND: POST /session/3b7184047993d1a2fdbf9421e325513f/elements - {"using":"css selector","value":"ul.govuk-list li a"}
RESULT: {"using":"css selector","value":"ul.govuk-list li a"}
COMMAND: POST /session/3b7184047993d1a2fdbf9421e325513f/execute/sync - {"script":"return (function isElementDisplayed(element) {\n    function nodeIsElement(node) {\n        if (!node) {\n            return false;\n        }\n        switch (node.nodeType) {\n            case Node.ELEMEN ... (7807 more bytes)","args":[{"element-6066-11e4-a52e-4f735466cecf":"177061D5AA5EAAAB48E1A9033C54EC20_element_51","ELEMENT":"177061D5AA5EAAAB48E1A9033C54EC20_element_51"}]}
RESULT: {"script":"return (function isElementDisplayed(element) {\n    function nodeIsElement(node) {\n        if (!node) {\n            return false;\n        }\n        switch (node.nodeType) {\n            case Node.ELEMEN ... (7807 more bytes)","args":[{"element-6066-11e4-a52e-4f735466cecf":"177061D5AA5EAAAB48E1A9033C54EC20_element_51","ELEMENT":"177061D5AA5EAAAB48E1A9033C54EC20_element_51"}]}
COMMAND: GET /session/3b7184047993d1a2fdbf9421e325513f/element/177061D5AA5EAAAB48E1A9033C54EC20_element_51/text - {}
RESULT: {}
COMMAND: POST /session/3b7184047993d1a2fdbf9421e325513f/execute/sync - {"script":"return (function isElementDisplayed(element) {\n    function nodeIsElement(node) {\n        if (!node) {\n            return false;\n        }\n        switch (node.nodeType) {\n            case Node.ELEMEN ... (7807 more bytes)","args":[{"element-6066-11e4-a52e-4f735466cecf":"177061D5AA5EAAAB48E1A9033C54EC20_element_52","ELEMENT":"177061D5AA5EAAAB48E1A9033C54EC20_element_52"}]}
RESULT: {"script":"return (function isElementDisplayed(element) {\n    function nodeIsElement(node) {\n        if (!node) {\n            return false;\n        }\n        switch (node.nodeType) {\n            case Node.ELEMEN ... (7807 more bytes)","args":[{"element-6066-11e4-a52e-4f735466cecf":"177061D5AA5EAAAB48E1A9033C54EC20_element_52","ELEMENT":"177061D5AA5EAAAB48E1A9033C54EC20_element_52"}]}
COMMAND: GET /session/3b7184047993d1a2fdbf9421e325513f/element/177061D5AA5EAAAB48E1A9033C54EC20_element_52/text - {}
RESULT: {}
COMMAND: POST /session/3b7184047993d1a2fdbf9421e325513f/execute/sync - {"script":"return (function isElementDisplayed(element) {\n    function nodeIsElement(node) {\n        if (!node) {\n            return false;\n        }\n        switch (node.nodeType) {\n            case Node.ELEMEN ... (7807 more bytes)","args":[{"element-6066-11e4-a52e-4f735466cecf":"177061D5AA5EAAAB48E1A9033C54EC20_element_53","ELEMENT":"177061D5AA5EAAAB48E1A9033C54EC20_element_53"}]}
RESULT: {"script":"return (function isElementDisplayed(element) {\n    function nodeIsElement(node) {\n        if (!node) {\n            return false;\n        }\n        switch (node.nodeType) {\n            case Node.ELEMEN ... (7807 more bytes)","args":[{"element-6066-11e4-a52e-4f735466cecf":"177061D5AA5EAAAB48E1A9033C54EC20_element_53","ELEMENT":"177061D5AA5EAAAB48E1A9033C54EC20_element_53"}]}
COMMAND: GET /session/3b7184047993d1a2fdbf9421e325513f/element/177061D5AA5EAAAB48E1A9033C54EC20_element_53/text - {}
RESULT: {}
COMMAND: POST /session/3b7184047993d1a2fdbf9421e325513f/execute/sync - {"script":"return (function isElementDisplayed(element) {\n    function nodeIsElement(node) {\n        if (!node) {\n            return false;\n        }\n        switch (node.nodeType) {\n            case Node.ELEMEN ... (7807 more bytes)","args":[{"element-6066-11e4-a52e-4f735466cecf":"177061D5AA5EAAAB48E1A9033C54EC20_element_54","ELEMENT":"177061D5AA5EAAAB48E1A9033C54EC20_element_54"}]}
RESULT: {"script":"return (function isElementDisplayed(element) {\n    function nodeIsElement(node) {\n        if (!node) {\n            return false;\n        }\n        switch (node.nodeType) {\n            case Node.ELEMEN ... (7807 more bytes)","args":[{"element-6066-11e4-a52e-4f735466cecf":"177061D5AA5EAAAB48E1A9033C54EC20_element_54","ELEMENT":"177061D5AA5EAAAB48E1A9033C54EC20_element_54"}]}
COMMAND: GET /session/3b7184047993d1a2fdbf9421e325513f/element/177061D5AA5EAAAB48E1A9033C54EC20_element_54/text - {}
RESULT: {}
COMMAND: POST /session/3b7184047993d1a2fdbf9421e325513f/execute/sync - {"script":"return (function isElementDisplayed(element) {\n    function nodeIsElement(node) {\n        if (!node) {\n            return false;\n        }\n        switch (node.nodeType) {\n            case Node.ELEMEN ... (7807 more bytes)","args":[{"element-6066-11e4-a52e-4f735466cecf":"177061D5AA5EAAAB48E1A9033C54EC20_element_55","ELEMENT":"177061D5AA5EAAAB48E1A9033C54EC20_element_55"}]}
RESULT: {"script":"return (function isElementDisplayed(element) {\n    function nodeIsElement(node) {\n        if (!node) {\n            return false;\n        }\n        switch (node.nodeType) {\n            case Node.ELEMEN ... (7807 more bytes)","args":[{"element-6066-11e4-a52e-4f735466cecf":"177061D5AA5EAAAB48E1A9033C54EC20_element_55","ELEMENT":"177061D5AA5EAAAB48E1A9033C54EC20_element_55"}]}
COMMAND: GET /session/3b7184047993d1a2fdbf9421e325513f/element/177061D5AA5EAAAB48E1A9033C54EC20_element_55/text - {}
RESULT: {}
COMMAND: POST /session/3b7184047993d1a2fdbf9421e325513f/execute/sync - {"script":"return (function isElementDisplayed(element) {\n    function nodeIsElement(node) {\n        if (!node) {\n            return false;\n        }\n        switch (node.nodeType) {\n            case Node.ELEMEN ... (7807 more bytes)","args":[{"element-6066-11e4-a52e-4f735466cecf":"177061D5AA5EAAAB48E1A9033C54EC20_element_56","ELEMENT":"177061D5AA5EAAAB48E1A9033C54EC20_element_56"}]}
RESULT: {"script":"return (function isElementDisplayed(element) {\n    function nodeIsElement(node) {\n        if (!node) {\n            return false;\n        }\n        switch (node.nodeType) {\n            case Node.ELEMEN ... (7807 more bytes)","args":[{"element-6066-11e4-a52e-4f735466cecf":"177061D5AA5EAAAB48E1A9033C54EC20_element_56","ELEMENT":"177061D5AA5EAAAB48E1A9033C54EC20_element_56"}]}
COMMAND: GET /session/3b7184047993d1a2fdbf9421e325513f/element/177061D5AA5EAAAB48E1A9033C54EC20_element_56/text - {}
RESULT: {}
COMMAND: POST /session/3b7184047993d1a2fdbf9421e325513f/element/177061D5AA5EAAAB48E1A9033C54EC20_element_56/click - {}
RESULT: {}
COMMAND: POST /session/3b7184047993d1a2fdbf9421e325513f/execute/sync - {"script":"return (() => document.readyState === \"complete\").apply(null, arguments)","args":[]}
RESULT: {"script":"return (() => document.readyState === \"complete\").apply(null, arguments)","args":[]}
COMMAND: GET /session/3b7184047993d1a2fdbf9421e325513f/title - {}
RESULT: {}
]]></system-out>
    </testcase>
    <testcase classname="chrome.117_0_5938_88.linux.Contracts_Page_Test" name="Should navigate to the invoice list page for Vendor Three" time="2.464">
      <system-out><![CDATA[
COMMAND: POST /session/3b7184047993d1a2fdbf9421e325513f/url - {"url":"https://pr-477.btm.dev.account.gov.uk/contracts"}
RESULT: {"url":"https://pr-477.btm.dev.account.gov.uk/contracts"}
COMMAND: POST /session/3b7184047993d1a2fdbf9421e325513f/execute/sync - {"script":"return (() => document.readyState === \"complete\").apply(null, arguments)","args":[]}
RESULT: {"script":"return (() => document.readyState === \"complete\").apply(null, arguments)","args":[]}
COMMAND: POST /session/3b7184047993d1a2fdbf9421e325513f/elements - {"using":"css selector","value":"ul.govuk-list li a"}
RESULT: {"using":"css selector","value":"ul.govuk-list li a"}
COMMAND: POST /session/3b7184047993d1a2fdbf9421e325513f/execute/sync - {"script":"return (function isElementDisplayed(element) {\n    function nodeIsElement(node) {\n        if (!node) {\n            return false;\n        }\n        switch (node.nodeType) {\n            case Node.ELEMEN ... (7807 more bytes)","args":[{"element-6066-11e4-a52e-4f735466cecf":"883B49201278089DC680741A4377E260_element_63","ELEMENT":"883B49201278089DC680741A4377E260_element_63"}]}
RESULT: {"script":"return (function isElementDisplayed(element) {\n    function nodeIsElement(node) {\n        if (!node) {\n            return false;\n        }\n        switch (node.nodeType) {\n            case Node.ELEMEN ... (7807 more bytes)","args":[{"element-6066-11e4-a52e-4f735466cecf":"883B49201278089DC680741A4377E260_element_63","ELEMENT":"883B49201278089DC680741A4377E260_element_63"}]}
COMMAND: GET /session/3b7184047993d1a2fdbf9421e325513f/element/883B49201278089DC680741A4377E260_element_63/text - {}
RESULT: {}
COMMAND: POST /session/3b7184047993d1a2fdbf9421e325513f/execute/sync - {"script":"return (function isElementDisplayed(element) {\n    function nodeIsElement(node) {\n        if (!node) {\n            return false;\n        }\n        switch (node.nodeType) {\n            case Node.ELEMEN ... (7807 more bytes)","args":[{"element-6066-11e4-a52e-4f735466cecf":"883B49201278089DC680741A4377E260_element_64","ELEMENT":"883B49201278089DC680741A4377E260_element_64"}]}
RESULT: {"script":"return (function isElementDisplayed(element) {\n    function nodeIsElement(node) {\n        if (!node) {\n            return false;\n        }\n        switch (node.nodeType) {\n            case Node.ELEMEN ... (7807 more bytes)","args":[{"element-6066-11e4-a52e-4f735466cecf":"883B49201278089DC680741A4377E260_element_64","ELEMENT":"883B49201278089DC680741A4377E260_element_64"}]}
COMMAND: GET /session/3b7184047993d1a2fdbf9421e325513f/element/883B49201278089DC680741A4377E260_element_64/text - {}
RESULT: {}
COMMAND: POST /session/3b7184047993d1a2fdbf9421e325513f/execute/sync - {"script":"return (function isElementDisplayed(element) {\n    function nodeIsElement(node) {\n        if (!node) {\n            return false;\n        }\n        switch (node.nodeType) {\n            case Node.ELEMEN ... (7807 more bytes)","args":[{"element-6066-11e4-a52e-4f735466cecf":"883B49201278089DC680741A4377E260_element_65","ELEMENT":"883B49201278089DC680741A4377E260_element_65"}]}
RESULT: {"script":"return (function isElementDisplayed(element) {\n    function nodeIsElement(node) {\n        if (!node) {\n            return false;\n        }\n        switch (node.nodeType) {\n            case Node.ELEMEN ... (7807 more bytes)","args":[{"element-6066-11e4-a52e-4f735466cecf":"883B49201278089DC680741A4377E260_element_65","ELEMENT":"883B49201278089DC680741A4377E260_element_65"}]}
COMMAND: GET /session/3b7184047993d1a2fdbf9421e325513f/element/883B49201278089DC680741A4377E260_element_65/text - {}
RESULT: {}
COMMAND: POST /session/3b7184047993d1a2fdbf9421e325513f/execute/sync - {"script":"return (function isElementDisplayed(element) {\n    function nodeIsElement(node) {\n        if (!node) {\n            return false;\n        }\n        switch (node.nodeType) {\n            case Node.ELEMEN ... (7807 more bytes)","args":[{"element-6066-11e4-a52e-4f735466cecf":"883B49201278089DC680741A4377E260_element_66","ELEMENT":"883B49201278089DC680741A4377E260_element_66"}]}
RESULT: {"script":"return (function isElementDisplayed(element) {\n    function nodeIsElement(node) {\n        if (!node) {\n            return false;\n        }\n        switch (node.nodeType) {\n            case Node.ELEMEN ... (7807 more bytes)","args":[{"element-6066-11e4-a52e-4f735466cecf":"883B49201278089DC680741A4377E260_element_66","ELEMENT":"883B49201278089DC680741A4377E260_element_66"}]}
COMMAND: GET /session/3b7184047993d1a2fdbf9421e325513f/element/883B49201278089DC680741A4377E260_element_66/text - {}
RESULT: {}
COMMAND: POST /session/3b7184047993d1a2fdbf9421e325513f/execute/sync - {"script":"return (function isElementDisplayed(element) {\n    function nodeIsElement(node) {\n        if (!node) {\n            return false;\n        }\n        switch (node.nodeType) {\n            case Node.ELEMEN ... (7807 more bytes)","args":[{"element-6066-11e4-a52e-4f735466cecf":"883B49201278089DC680741A4377E260_element_67","ELEMENT":"883B49201278089DC680741A4377E260_element_67"}]}
RESULT: {"script":"return (function isElementDisplayed(element) {\n    function nodeIsElement(node) {\n        if (!node) {\n            return false;\n        }\n        switch (node.nodeType) {\n            case Node.ELEMEN ... (7807 more bytes)","args":[{"element-6066-11e4-a52e-4f735466cecf":"883B49201278089DC680741A4377E260_element_67","ELEMENT":"883B49201278089DC680741A4377E260_element_67"}]}
COMMAND: GET /session/3b7184047993d1a2fdbf9421e325513f/element/883B49201278089DC680741A4377E260_element_67/text - {}
RESULT: {}
COMMAND: POST /session/3b7184047993d1a2fdbf9421e325513f/execute/sync - {"script":"return (function isElementDisplayed(element) {\n    function nodeIsElement(node) {\n        if (!node) {\n            return false;\n        }\n        switch (node.nodeType) {\n            case Node.ELEMEN ... (7807 more bytes)","args":[{"element-6066-11e4-a52e-4f735466cecf":"883B49201278089DC680741A4377E260_element_68","ELEMENT":"883B49201278089DC680741A4377E260_element_68"}]}
RESULT: {"script":"return (function isElementDisplayed(element) {\n    function nodeIsElement(node) {\n        if (!node) {\n            return false;\n        }\n        switch (node.nodeType) {\n            case Node.ELEMEN ... (7807 more bytes)","args":[{"element-6066-11e4-a52e-4f735466cecf":"883B49201278089DC680741A4377E260_element_68","ELEMENT":"883B49201278089DC680741A4377E260_element_68"}]}
COMMAND: GET /session/3b7184047993d1a2fdbf9421e325513f/element/883B49201278089DC680741A4377E260_element_68/text - {}
RESULT: {}
COMMAND: POST /session/3b7184047993d1a2fdbf9421e325513f/execute/sync - {"script":"return (function isElementDisplayed(element) {\n    function nodeIsElement(node) {\n        if (!node) {\n            return false;\n        }\n        switch (node.nodeType) {\n            case Node.ELEMEN ... (7807 more bytes)","args":[{"element-6066-11e4-a52e-4f735466cecf":"883B49201278089DC680741A4377E260_element_69","ELEMENT":"883B49201278089DC680741A4377E260_element_69"}]}
RESULT: {"script":"return (function isElementDisplayed(element) {\n    function nodeIsElement(node) {\n        if (!node) {\n            return false;\n        }\n        switch (node.nodeType) {\n            case Node.ELEMEN ... (7807 more bytes)","args":[{"element-6066-11e4-a52e-4f735466cecf":"883B49201278089DC680741A4377E260_element_69","ELEMENT":"883B49201278089DC680741A4377E260_element_69"}]}
COMMAND: GET /session/3b7184047993d1a2fdbf9421e325513f/element/883B49201278089DC680741A4377E260_element_69/text - {}
RESULT: {}
COMMAND: POST /session/3b7184047993d1a2fdbf9421e325513f/execute/sync - {"script":"return (function isElementDisplayed(element) {\n    function nodeIsElement(node) {\n        if (!node) {\n            return false;\n        }\n        switch (node.nodeType) {\n            case Node.ELEMEN ... (7807 more bytes)","args":[{"element-6066-11e4-a52e-4f735466cecf":"883B49201278089DC680741A4377E260_element_70","ELEMENT":"883B49201278089DC680741A4377E260_element_70"}]}
RESULT: {"script":"return (function isElementDisplayed(element) {\n    function nodeIsElement(node) {\n        if (!node) {\n            return false;\n        }\n        switch (node.nodeType) {\n            case Node.ELEMEN ... (7807 more bytes)","args":[{"element-6066-11e4-a52e-4f735466cecf":"883B49201278089DC680741A4377E260_element_70","ELEMENT":"883B49201278089DC680741A4377E260_element_70"}]}
COMMAND: GET /session/3b7184047993d1a2fdbf9421e325513f/element/883B49201278089DC680741A4377E260_element_70/text - {}
RESULT: {}
COMMAND: POST /session/3b7184047993d1a2fdbf9421e325513f/elements - {"using":"css selector","value":"ul.govuk-list li a"}
RESULT: {"using":"css selector","value":"ul.govuk-list li a"}
COMMAND: POST /session/3b7184047993d1a2fdbf9421e325513f/execute/sync - {"script":"return (function isElementDisplayed(element) {\n    function nodeIsElement(node) {\n        if (!node) {\n            return false;\n        }\n        switch (node.nodeType) {\n            case Node.ELEMEN ... (7807 more bytes)","args":[{"element-6066-11e4-a52e-4f735466cecf":"883B49201278089DC680741A4377E260_element_63","ELEMENT":"883B49201278089DC680741A4377E260_element_63"}]}
RESULT: {"script":"return (function isElementDisplayed(element) {\n    function nodeIsElement(node) {\n        if (!node) {\n            return false;\n        }\n        switch (node.nodeType) {\n            case Node.ELEMEN ... (7807 more bytes)","args":[{"element-6066-11e4-a52e-4f735466cecf":"883B49201278089DC680741A4377E260_element_63","ELEMENT":"883B49201278089DC680741A4377E260_element_63"}]}
COMMAND: GET /session/3b7184047993d1a2fdbf9421e325513f/element/883B49201278089DC680741A4377E260_element_63/text - {}
RESULT: {}
COMMAND: POST /session/3b7184047993d1a2fdbf9421e325513f/execute/sync - {"script":"return (function isElementDisplayed(element) {\n    function nodeIsElement(node) {\n        if (!node) {\n            return false;\n        }\n        switch (node.nodeType) {\n            case Node.ELEMEN ... (7807 more bytes)","args":[{"element-6066-11e4-a52e-4f735466cecf":"883B49201278089DC680741A4377E260_element_64","ELEMENT":"883B49201278089DC680741A4377E260_element_64"}]}
RESULT: {"script":"return (function isElementDisplayed(element) {\n    function nodeIsElement(node) {\n        if (!node) {\n            return false;\n        }\n        switch (node.nodeType) {\n            case Node.ELEMEN ... (7807 more bytes)","args":[{"element-6066-11e4-a52e-4f735466cecf":"883B49201278089DC680741A4377E260_element_64","ELEMENT":"883B49201278089DC680741A4377E260_element_64"}]}
COMMAND: GET /session/3b7184047993d1a2fdbf9421e325513f/element/883B49201278089DC680741A4377E260_element_64/text - {}
RESULT: {}
COMMAND: POST /session/3b7184047993d1a2fdbf9421e325513f/execute/sync - {"script":"return (function isElementDisplayed(element) {\n    function nodeIsElement(node) {\n        if (!node) {\n            return false;\n        }\n        switch (node.nodeType) {\n            case Node.ELEMEN ... (7807 more bytes)","args":[{"element-6066-11e4-a52e-4f735466cecf":"883B49201278089DC680741A4377E260_element_65","ELEMENT":"883B49201278089DC680741A4377E260_element_65"}]}
RESULT: {"script":"return (function isElementDisplayed(element) {\n    function nodeIsElement(node) {\n        if (!node) {\n            return false;\n        }\n        switch (node.nodeType) {\n            case Node.ELEMEN ... (7807 more bytes)","args":[{"element-6066-11e4-a52e-4f735466cecf":"883B49201278089DC680741A4377E260_element_65","ELEMENT":"883B49201278089DC680741A4377E260_element_65"}]}
COMMAND: GET /session/3b7184047993d1a2fdbf9421e325513f/element/883B49201278089DC680741A4377E260_element_65/text - {}
RESULT: {}
COMMAND: POST /session/3b7184047993d1a2fdbf9421e325513f/element/883B49201278089DC680741A4377E260_element_65/click - {}
RESULT: {}
COMMAND: POST /session/3b7184047993d1a2fdbf9421e325513f/execute/sync - {"script":"return (() => document.readyState === \"complete\").apply(null, arguments)","args":[]}
RESULT: {"script":"return (() => document.readyState === \"complete\").apply(null, arguments)","args":[]}
COMMAND: GET /session/3b7184047993d1a2fdbf9421e325513f/title - {}
RESULT: {}
]]></system-out>
    </testcase>
    <testcase classname="chrome.117_0_5938_88.linux.Contracts_Page_Test" name="Should navigate to the invoice list page for Vendor Two" time="1.996">
      <system-out><![CDATA[
COMMAND: POST /session/3b7184047993d1a2fdbf9421e325513f/url - {"url":"https://pr-477.btm.dev.account.gov.uk/contracts"}
RESULT: {"url":"https://pr-477.btm.dev.account.gov.uk/contracts"}
COMMAND: POST /session/3b7184047993d1a2fdbf9421e325513f/execute/sync - {"script":"return (() => document.readyState === \"complete\").apply(null, arguments)","args":[]}
RESULT: {"script":"return (() => document.readyState === \"complete\").apply(null, arguments)","args":[]}
COMMAND: POST /session/3b7184047993d1a2fdbf9421e325513f/elements - {"using":"css selector","value":"ul.govuk-list li a"}
RESULT: {"using":"css selector","value":"ul.govuk-list li a"}
COMMAND: POST /session/3b7184047993d1a2fdbf9421e325513f/execute/sync - {"script":"return (function isElementDisplayed(element) {\n    function nodeIsElement(node) {\n        if (!node) {\n            return false;\n        }\n        switch (node.nodeType) {\n            case Node.ELEMEN ... (7807 more bytes)","args":[{"element-6066-11e4-a52e-4f735466cecf":"50A25F76D75A83DEE478344BE521CAA4_element_73","ELEMENT":"50A25F76D75A83DEE478344BE521CAA4_element_73"}]}
RESULT: {"script":"return (function isElementDisplayed(element) {\n    function nodeIsElement(node) {\n        if (!node) {\n            return false;\n        }\n        switch (node.nodeType) {\n            case Node.ELEMEN ... (7807 more bytes)","args":[{"element-6066-11e4-a52e-4f735466cecf":"50A25F76D75A83DEE478344BE521CAA4_element_73","ELEMENT":"50A25F76D75A83DEE478344BE521CAA4_element_73"}]}
COMMAND: GET /session/3b7184047993d1a2fdbf9421e325513f/element/50A25F76D75A83DEE478344BE521CAA4_element_73/text - {}
RESULT: {}
COMMAND: POST /session/3b7184047993d1a2fdbf9421e325513f/execute/sync - {"script":"return (function isElementDisplayed(element) {\n    function nodeIsElement(node) {\n        if (!node) {\n            return false;\n        }\n        switch (node.nodeType) {\n            case Node.ELEMEN ... (7807 more bytes)","args":[{"element-6066-11e4-a52e-4f735466cecf":"50A25F76D75A83DEE478344BE521CAA4_element_74","ELEMENT":"50A25F76D75A83DEE478344BE521CAA4_element_74"}]}
RESULT: {"script":"return (function isElementDisplayed(element) {\n    function nodeIsElement(node) {\n        if (!node) {\n            return false;\n        }\n        switch (node.nodeType) {\n            case Node.ELEMEN ... (7807 more bytes)","args":[{"element-6066-11e4-a52e-4f735466cecf":"50A25F76D75A83DEE478344BE521CAA4_element_74","ELEMENT":"50A25F76D75A83DEE478344BE521CAA4_element_74"}]}
COMMAND: GET /session/3b7184047993d1a2fdbf9421e325513f/element/50A25F76D75A83DEE478344BE521CAA4_element_74/text - {}
RESULT: {}
COMMAND: POST /session/3b7184047993d1a2fdbf9421e325513f/execute/sync - {"script":"return (function isElementDisplayed(element) {\n    function nodeIsElement(node) {\n        if (!node) {\n            return false;\n        }\n        switch (node.nodeType) {\n            case Node.ELEMEN ... (7807 more bytes)","args":[{"element-6066-11e4-a52e-4f735466cecf":"50A25F76D75A83DEE478344BE521CAA4_element_75","ELEMENT":"50A25F76D75A83DEE478344BE521CAA4_element_75"}]}
RESULT: {"script":"return (function isElementDisplayed(element) {\n    function nodeIsElement(node) {\n        if (!node) {\n            return false;\n        }\n        switch (node.nodeType) {\n            case Node.ELEMEN ... (7807 more bytes)","args":[{"element-6066-11e4-a52e-4f735466cecf":"50A25F76D75A83DEE478344BE521CAA4_element_75","ELEMENT":"50A25F76D75A83DEE478344BE521CAA4_element_75"}]}
COMMAND: GET /session/3b7184047993d1a2fdbf9421e325513f/element/50A25F76D75A83DEE478344BE521CAA4_element_75/text - {}
RESULT: {}
COMMAND: POST /session/3b7184047993d1a2fdbf9421e325513f/execute/sync - {"script":"return (function isElementDisplayed(element) {\n    function nodeIsElement(node) {\n        if (!node) {\n            return false;\n        }\n        switch (node.nodeType) {\n            case Node.ELEMEN ... (7807 more bytes)","args":[{"element-6066-11e4-a52e-4f735466cecf":"50A25F76D75A83DEE478344BE521CAA4_element_76","ELEMENT":"50A25F76D75A83DEE478344BE521CAA4_element_76"}]}
RESULT: {"script":"return (function isElementDisplayed(element) {\n    function nodeIsElement(node) {\n        if (!node) {\n            return false;\n        }\n        switch (node.nodeType) {\n            case Node.ELEMEN ... (7807 more bytes)","args":[{"element-6066-11e4-a52e-4f735466cecf":"50A25F76D75A83DEE478344BE521CAA4_element_76","ELEMENT":"50A25F76D75A83DEE478344BE521CAA4_element_76"}]}
COMMAND: GET /session/3b7184047993d1a2fdbf9421e325513f/element/50A25F76D75A83DEE478344BE521CAA4_element_76/text - {}
RESULT: {}
COMMAND: POST /session/3b7184047993d1a2fdbf9421e325513f/execute/sync - {"script":"return (function isElementDisplayed(element) {\n    function nodeIsElement(node) {\n        if (!node) {\n            return false;\n        }\n        switch (node.nodeType) {\n            case Node.ELEMEN ... (7807 more bytes)","args":[{"element-6066-11e4-a52e-4f735466cecf":"50A25F76D75A83DEE478344BE521CAA4_element_77","ELEMENT":"50A25F76D75A83DEE478344BE521CAA4_element_77"}]}
RESULT: {"script":"return (function isElementDisplayed(element) {\n    function nodeIsElement(node) {\n        if (!node) {\n            return false;\n        }\n        switch (node.nodeType) {\n            case Node.ELEMEN ... (7807 more bytes)","args":[{"element-6066-11e4-a52e-4f735466cecf":"50A25F76D75A83DEE478344BE521CAA4_element_77","ELEMENT":"50A25F76D75A83DEE478344BE521CAA4_element_77"}]}
COMMAND: GET /session/3b7184047993d1a2fdbf9421e325513f/element/50A25F76D75A83DEE478344BE521CAA4_element_77/text - {}
RESULT: {}
COMMAND: POST /session/3b7184047993d1a2fdbf9421e325513f/execute/sync - {"script":"return (function isElementDisplayed(element) {\n    function nodeIsElement(node) {\n        if (!node) {\n            return false;\n        }\n        switch (node.nodeType) {\n            case Node.ELEMEN ... (7807 more bytes)","args":[{"element-6066-11e4-a52e-4f735466cecf":"50A25F76D75A83DEE478344BE521CAA4_element_78","ELEMENT":"50A25F76D75A83DEE478344BE521CAA4_element_78"}]}
RESULT: {"script":"return (function isElementDisplayed(element) {\n    function nodeIsElement(node) {\n        if (!node) {\n            return false;\n        }\n        switch (node.nodeType) {\n            case Node.ELEMEN ... (7807 more bytes)","args":[{"element-6066-11e4-a52e-4f735466cecf":"50A25F76D75A83DEE478344BE521CAA4_element_78","ELEMENT":"50A25F76D75A83DEE478344BE521CAA4_element_78"}]}
COMMAND: GET /session/3b7184047993d1a2fdbf9421e325513f/element/50A25F76D75A83DEE478344BE521CAA4_element_78/text - {}
RESULT: {}
COMMAND: POST /session/3b7184047993d1a2fdbf9421e325513f/execute/sync - {"script":"return (function isElementDisplayed(element) {\n    function nodeIsElement(node) {\n        if (!node) {\n            return false;\n        }\n        switch (node.nodeType) {\n            case Node.ELEMEN ... (7807 more bytes)","args":[{"element-6066-11e4-a52e-4f735466cecf":"50A25F76D75A83DEE478344BE521CAA4_element_79","ELEMENT":"50A25F76D75A83DEE478344BE521CAA4_element_79"}]}
RESULT: {"script":"return (function isElementDisplayed(element) {\n    function nodeIsElement(node) {\n        if (!node) {\n            return false;\n        }\n        switch (node.nodeType) {\n            case Node.ELEMEN ... (7807 more bytes)","args":[{"element-6066-11e4-a52e-4f735466cecf":"50A25F76D75A83DEE478344BE521CAA4_element_79","ELEMENT":"50A25F76D75A83DEE478344BE521CAA4_element_79"}]}
COMMAND: GET /session/3b7184047993d1a2fdbf9421e325513f/element/50A25F76D75A83DEE478344BE521CAA4_element_79/text - {}
RESULT: {}
COMMAND: POST /session/3b7184047993d1a2fdbf9421e325513f/execute/sync - {"script":"return (function isElementDisplayed(element) {\n    function nodeIsElement(node) {\n        if (!node) {\n            return false;\n        }\n        switch (node.nodeType) {\n            case Node.ELEMEN ... (7807 more bytes)","args":[{"element-6066-11e4-a52e-4f735466cecf":"50A25F76D75A83DEE478344BE521CAA4_element_80","ELEMENT":"50A25F76D75A83DEE478344BE521CAA4_element_80"}]}
RESULT: {"script":"return (function isElementDisplayed(element) {\n    function nodeIsElement(node) {\n        if (!node) {\n            return false;\n        }\n        switch (node.nodeType) {\n            case Node.ELEMEN ... (7807 more bytes)","args":[{"element-6066-11e4-a52e-4f735466cecf":"50A25F76D75A83DEE478344BE521CAA4_element_80","ELEMENT":"50A25F76D75A83DEE478344BE521CAA4_element_80"}]}
COMMAND: GET /session/3b7184047993d1a2fdbf9421e325513f/element/50A25F76D75A83DEE478344BE521CAA4_element_80/text - {}
RESULT: {}
COMMAND: POST /session/3b7184047993d1a2fdbf9421e325513f/elements - {"using":"css selector","value":"ul.govuk-list li a"}
RESULT: {"using":"css selector","value":"ul.govuk-list li a"}
COMMAND: POST /session/3b7184047993d1a2fdbf9421e325513f/execute/sync - {"script":"return (function isElementDisplayed(element) {\n    function nodeIsElement(node) {\n        if (!node) {\n            return false;\n        }\n        switch (node.nodeType) {\n            case Node.ELEMEN ... (7807 more bytes)","args":[{"element-6066-11e4-a52e-4f735466cecf":"50A25F76D75A83DEE478344BE521CAA4_element_73","ELEMENT":"50A25F76D75A83DEE478344BE521CAA4_element_73"}]}
RESULT: {"script":"return (function isElementDisplayed(element) {\n    function nodeIsElement(node) {\n        if (!node) {\n            return false;\n        }\n        switch (node.nodeType) {\n            case Node.ELEMEN ... (7807 more bytes)","args":[{"element-6066-11e4-a52e-4f735466cecf":"50A25F76D75A83DEE478344BE521CAA4_element_73","ELEMENT":"50A25F76D75A83DEE478344BE521CAA4_element_73"}]}
COMMAND: GET /session/3b7184047993d1a2fdbf9421e325513f/element/50A25F76D75A83DEE478344BE521CAA4_element_73/text - {}
RESULT: {}
COMMAND: POST /session/3b7184047993d1a2fdbf9421e325513f/execute/sync - {"script":"return (function isElementDisplayed(element) {\n    function nodeIsElement(node) {\n        if (!node) {\n            return false;\n        }\n        switch (node.nodeType) {\n            case Node.ELEMEN ... (7807 more bytes)","args":[{"element-6066-11e4-a52e-4f735466cecf":"50A25F76D75A83DEE478344BE521CAA4_element_74","ELEMENT":"50A25F76D75A83DEE478344BE521CAA4_element_74"}]}
RESULT: {"script":"return (function isElementDisplayed(element) {\n    function nodeIsElement(node) {\n        if (!node) {\n            return false;\n        }\n        switch (node.nodeType) {\n            case Node.ELEMEN ... (7807 more bytes)","args":[{"element-6066-11e4-a52e-4f735466cecf":"50A25F76D75A83DEE478344BE521CAA4_element_74","ELEMENT":"50A25F76D75A83DEE478344BE521CAA4_element_74"}]}
COMMAND: GET /session/3b7184047993d1a2fdbf9421e325513f/element/50A25F76D75A83DEE478344BE521CAA4_element_74/text - {}
RESULT: {}
COMMAND: POST /session/3b7184047993d1a2fdbf9421e325513f/element/50A25F76D75A83DEE478344BE521CAA4_element_74/click - {}
RESULT: {}
COMMAND: POST /session/3b7184047993d1a2fdbf9421e325513f/execute/sync - {"script":"return (() => document.readyState === \"complete\").apply(null, arguments)","args":[]}
RESULT: {"script":"return (() => document.readyState === \"complete\").apply(null, arguments)","args":[]}
COMMAND: GET /session/3b7184047993d1a2fdbf9421e325513f/title - {}
RESULT: {}
COMMAND: DELETE /session/3b7184047993d1a2fdbf9421e325513f - {}
RESULT: {}
]]></system-out>
    </testcase>
  </testsuite>
</testsuites>