<?xml version="1.0" encoding="UTF-8"?>
<testsuites>
  <testsuite name="Invoice Page Test" timestamp="2023-10-16T16:34:35" time="109.942" tests="0" failures="0" errors="0" skipped="0">
    <properties>
      <property name="specId" value="0"/>
      <property name="suiteName" value="Invoice Page Test"/>
      <property name="capabilities" value="chrome.117_0_5938_132.linux"/>
      <property name="file" value="file://./ui-tests/specs/invoice.spec.ts"/>
    </properties>
  </testsuite>
  <testsuite name="Vendor Vendor Three Invoice 2005 09" timestamp="2023-10-16T16:34:35" time="18.455" tests="6" failures="0" errors="0" skipped="0">
    <properties>
      <property name="specId" value="0"/>
      <property name="suiteName" value="Vendor: Vendor Three,Invoice:2005-09"/>
      <property name="capabilities" value="chrome.117_0_5938_132.linux"/>
      <property name="file" value="file://./ui-tests/specs/invoice.spec.ts"/>
    </properties>
    <testcase classname="chrome.117_0_5938_132.linux.Invoice_Page_Test.Vendor:_Vendor_Three,Invoice:2005-09" name="should display correct status banner color and message" time="9.163">
      <system-out><![CDATA[
COMMAND: POST /session/72f54074ed064a5af90bdf2707ada979/url - {"url":"https://ephenv-pawan-log.btm.dev.account.gov.uk/contracts/3/invoices/2005-09"}
RESULT: {"url":"https://ephenv-pawan-log.btm.dev.account.gov.uk/contracts/3/invoices/2005-09"}
COMMAND: POST /session/72f54074ed064a5af90bdf2707ada979/execute/sync - {"script":"return (() => document.readyState === \"complete\").apply(null, arguments)","args":[]}
RESULT: {"script":"return (() => document.readyState === \"complete\").apply(null, arguments)","args":[]}
COMMAND: GET /session/72f54074ed064a5af90bdf2707ada979/url - {}
RESULT: {}
COMMAND: POST /session/72f54074ed064a5af90bdf2707ada979/element - {"using":"css selector","value":".govuk-heading-xl"}
RESULT: {"using":"css selector","value":".govuk-heading-xl"}
COMMAND: POST /session/72f54074ed064a5af90bdf2707ada979/execute/sync - {"script":"return (function isElementDisplayed(element) {\n    function nodeIsElement(node) {\n        if (!node) {\n            return false;\n        }\n        switch (node.nodeType) {\n            case Node.ELEMEN ... (7807 more bytes)","args":[{"element-6066-11e4-a52e-4f735466cecf":"E34E114CDC098CB49FD45DB0C9E63699_element_5","ELEMENT":"E34E114CDC098CB49FD45DB0C9E63699_element_5"}]}
RESULT: {"script":"return (function isElementDisplayed(element) {\n    function nodeIsElement(node) {\n        if (!node) {\n            return false;\n        }\n        switch (node.nodeType) {\n            case Node.ELEMEN ... (7807 more bytes)","args":[{"element-6066-11e4-a52e-4f735466cecf":"E34E114CDC098CB49FD45DB0C9E63699_element_5","ELEMENT":"E34E114CDC098CB49FD45DB0C9E63699_element_5"}]}
COMMAND: POST /session/72f54074ed064a5af90bdf2707ada979/element - {"using":"css selector","value":".govuk-heading-xl"}
RESULT: {"using":"css selector","value":".govuk-heading-xl"}
COMMAND: GET /session/72f54074ed064a5af90bdf2707ada979/element/E34E114CDC098CB49FD45DB0C9E63699_element_5/text - {}
RESULT: {}
COMMAND: POST /session/72f54074ed064a5af90bdf2707ada979/element - {"using":"css selector","value":"h2.govuk-panel__title"}
RESULT: {"using":"css selector","value":"h2.govuk-panel__title"}
COMMAND: POST /session/72f54074ed064a5af90bdf2707ada979/execute/sync - {"script":"return (function isElementDisplayed(element) {\n    function nodeIsElement(node) {\n        if (!node) {\n            return false;\n        }\n        switch (node.nodeType) {\n            case Node.ELEMEN ... (7807 more bytes)","args":[{"element-6066-11e4-a52e-4f735466cecf":"E34E114CDC098CB49FD45DB0C9E63699_element_6","ELEMENT":"E34E114CDC098CB49FD45DB0C9E63699_element_6"}]}
RESULT: {"script":"return (function isElementDisplayed(element) {\n    function nodeIsElement(node) {\n        if (!node) {\n            return false;\n        }\n        switch (node.nodeType) {\n            case Node.ELEMEN ... (7807 more bytes)","args":[{"element-6066-11e4-a52e-4f735466cecf":"E34E114CDC098CB49FD45DB0C9E63699_element_6","ELEMENT":"E34E114CDC098CB49FD45DB0C9E63699_element_6"}]}
COMMAND: POST /session/72f54074ed064a5af90bdf2707ada979/element - {"using":"css selector","value":"h2.govuk-panel__title"}
RESULT: {"using":"css selector","value":"h2.govuk-panel__title"}
COMMAND: GET /session/72f54074ed064a5af90bdf2707ada979/element/E34E114CDC098CB49FD45DB0C9E63699_element_6/text - {}
RESULT: {}
COMMAND: POST /session/72f54074ed064a5af90bdf2707ada979/element - {"using":"css selector","value":".govuk-panel"}
RESULT: {"using":"css selector","value":".govuk-panel"}
COMMAND: POST /session/72f54074ed064a5af90bdf2707ada979/execute/sync - {"script":"return (function isElementDisplayed(element) {\n    function nodeIsElement(node) {\n        if (!node) {\n            return false;\n        }\n        switch (node.nodeType) {\n            case Node.ELEMEN ... (7807 more bytes)","args":[{"element-6066-11e4-a52e-4f735466cecf":"E34E114CDC098CB49FD45DB0C9E63699_element_2","ELEMENT":"E34E114CDC098CB49FD45DB0C9E63699_element_2"}]}
RESULT: {"script":"return (function isElementDisplayed(element) {\n    function nodeIsElement(node) {\n        if (!node) {\n            return false;\n        }\n        switch (node.nodeType) {\n            case Node.ELEMEN ... (7807 more bytes)","args":[{"element-6066-11e4-a52e-4f735466cecf":"E34E114CDC098CB49FD45DB0C9E63699_element_2","ELEMENT":"E34E114CDC098CB49FD45DB0C9E63699_element_2"}]}
COMMAND: GET /session/72f54074ed064a5af90bdf2707ada979/element/E34E114CDC098CB49FD45DB0C9E63699_element_2/css/background-color - {}
RESULT: {}
]]></system-out>
    </testcase>
    <testcase classname="chrome.117_0_5938_132.linux.Invoice_Page_Test.Vendor:_Vendor_Three,Invoice:2005-09" name="should validate reconciliation table data" time="2.408">
      <system-out><![CDATA[
COMMAND: POST /session/72f54074ed064a5af90bdf2707ada979/url - {"url":"https://ephenv-pawan-log.btm.dev.account.gov.uk/contracts/3/invoices/2005-09"}
RESULT: {"url":"https://ephenv-pawan-log.btm.dev.account.gov.uk/contracts/3/invoices/2005-09"}
COMMAND: POST /session/72f54074ed064a5af90bdf2707ada979/execute/sync - {"script":"return (() => document.readyState === \"complete\").apply(null, arguments)","args":[]}
RESULT: {"script":"return (() => document.readyState === \"complete\").apply(null, arguments)","args":[]}
COMMAND: GET /session/72f54074ed064a5af90bdf2707ada979/url - {}
RESULT: {}
COMMAND: POST /session/72f54074ed064a5af90bdf2707ada979/element - {"using":"css selector","value":".govuk-heading-xl"}
RESULT: {"using":"css selector","value":".govuk-heading-xl"}
COMMAND: POST /session/72f54074ed064a5af90bdf2707ada979/execute/sync - {"script":"return (function isElementDisplayed(element) {\n    function nodeIsElement(node) {\n        if (!node) {\n            return false;\n        }\n        switch (node.nodeType) {\n            case Node.ELEMEN ... (7807 more bytes)","args":[{"element-6066-11e4-a52e-4f735466cecf":"29F9F0A7AA67C2400AA5EEA0870C334B_element_9","ELEMENT":"29F9F0A7AA67C2400AA5EEA0870C334B_element_9"}]}
RESULT: {"script":"return (function isElementDisplayed(element) {\n    function nodeIsElement(node) {\n        if (!node) {\n            return false;\n        }\n        switch (node.nodeType) {\n            case Node.ELEMEN ... (7807 more bytes)","args":[{"element-6066-11e4-a52e-4f735466cecf":"29F9F0A7AA67C2400AA5EEA0870C334B_element_9","ELEMENT":"29F9F0A7AA67C2400AA5EEA0870C334B_element_9"}]}
COMMAND: POST /session/72f54074ed064a5af90bdf2707ada979/element - {"using":"css selector","value":".govuk-heading-xl"}
RESULT: {"using":"css selector","value":".govuk-heading-xl"}
COMMAND: GET /session/72f54074ed064a5af90bdf2707ada979/element/29F9F0A7AA67C2400AA5EEA0870C334B_element_9/text - {}
RESULT: {}
COMMAND: POST /session/72f54074ed064a5af90bdf2707ada979/element - {"using":"xpath","value":".//caption[contains(., \"Reconciliation\") and not(.//caption)]"}
RESULT: {"using":"xpath","value":".//caption[contains(., \"Reconciliation\") and not(.//caption)]"}
COMMAND: POST /session/72f54074ed064a5af90bdf2707ada979/execute/sync - {"script":"return (function (elem, id) {\n        return (function parentElement() {\n        return this.parentElement;\n    }).call(elem, id);\n    }).apply(null, arguments)","args":[{"element-6066-11e4-a52e-4f735466cecf":"29F9F0A7AA67C2400AA5EEA0870C334B_element_10","ELEMENT":"29F9F0A7AA67C2400AA5EEA0870C334B_element_10"}]}
RESULT: {"script":"return (function (elem, id) {\n        return (function parentElement() {\n        return this.parentElement;\n    }).call(elem, id);\n    }).apply(null, arguments)","args":[{"element-6066-11e4-a52e-4f735466cecf":"29F9F0A7AA67C2400AA5EEA0870C334B_element_10","ELEMENT":"29F9F0A7AA67C2400AA5EEA0870C334B_element_10"}]}
COMMAND: POST /session/72f54074ed064a5af90bdf2707ada979/execute/sync - {"script":"return (function isElementDisplayed(element) {\n    function nodeIsElement(node) {\n        if (!node) {\n            return false;\n        }\n        switch (node.nodeType) {\n            case Node.ELEMEN ... (7807 more bytes)","args":[{"element-6066-11e4-a52e-4f735466cecf":"29F9F0A7AA67C2400AA5EEA0870C334B_element_11","ELEMENT":"29F9F0A7AA67C2400AA5EEA0870C334B_element_11"}]}
RESULT: {"script":"return (function isElementDisplayed(element) {\n    function nodeIsElement(node) {\n        if (!node) {\n            return false;\n        }\n        switch (node.nodeType) {\n            case Node.ELEMEN ... (7807 more bytes)","args":[{"element-6066-11e4-a52e-4f735466cecf":"29F9F0A7AA67C2400AA5EEA0870C334B_element_11","ELEMENT":"29F9F0A7AA67C2400AA5EEA0870C334B_element_11"}]}
COMMAND: POST /session/72f54074ed064a5af90bdf2707ada979/element/29F9F0A7AA67C2400AA5EEA0870C334B_element_11/elements - {"using":"css selector","value":"tbody tr"}
RESULT: {"using":"css selector","value":"tbody tr"}
COMMAND: POST /session/72f54074ed064a5af90bdf2707ada979/element/29F9F0A7AA67C2400AA5EEA0870C334B_element_11/element - {"using":"css selector","value":"thead tr"}
RESULT: {"using":"css selector","value":"thead tr"}
COMMAND: POST /session/72f54074ed064a5af90bdf2707ada979/element/29F9F0A7AA67C2400AA5EEA0870C334B_element_13/elements - {"using":"css selector","value":"th"}
RESULT: {"using":"css selector","value":"th"}
COMMAND: GET /session/72f54074ed064a5af90bdf2707ada979/element/29F9F0A7AA67C2400AA5EEA0870C334B_element_14/text - {}
COMMAND: GET /session/72f54074ed064a5af90bdf2707ada979/element/29F9F0A7AA67C2400AA5EEA0870C334B_element_15/text - {}
COMMAND: GET /session/72f54074ed064a5af90bdf2707ada979/element/29F9F0A7AA67C2400AA5EEA0870C334B_element_17/text - {}
COMMAND: GET /session/72f54074ed064a5af90bdf2707ada979/element/29F9F0A7AA67C2400AA5EEA0870C334B_element_16/text - {}
COMMAND: GET /session/72f54074ed064a5af90bdf2707ada979/element/29F9F0A7AA67C2400AA5EEA0870C334B_element_18/text - {}
RESULT: {}
RESULT: {}
RESULT: {}
RESULT: {}
RESULT: {}
COMMAND: POST /session/72f54074ed064a5af90bdf2707ada979/element/29F9F0A7AA67C2400AA5EEA0870C334B_element_12/elements - {"using":"css selector","value":"th,td"}
RESULT: {"using":"css selector","value":"th,td"}
COMMAND: GET /session/72f54074ed064a5af90bdf2707ada979/element/29F9F0A7AA67C2400AA5EEA0870C334B_element_19/text - {}
RESULT: {}
COMMAND: GET /session/72f54074ed064a5af90bdf2707ada979/element/29F9F0A7AA67C2400AA5EEA0870C334B_element_20/text - {}
RESULT: {}
COMMAND: GET /session/72f54074ed064a5af90bdf2707ada979/element/29F9F0A7AA67C2400AA5EEA0870C334B_element_21/text - {}
RESULT: {}
COMMAND: GET /session/72f54074ed064a5af90bdf2707ada979/element/29F9F0A7AA67C2400AA5EEA0870C334B_element_22/text - {}
RESULT: {}
COMMAND: GET /session/72f54074ed064a5af90bdf2707ada979/element/29F9F0A7AA67C2400AA5EEA0870C334B_element_23/text - {}
RESULT: {}
]]></system-out>
    </testcase>
    <testcase classname="chrome.117_0_5938_132.linux.Invoice_Page_Test.Vendor:_Vendor_Three,Invoice:2005-09" name="should validate quantity events table data" time="2.555">
      <system-out><![CDATA[
COMMAND: POST /session/72f54074ed064a5af90bdf2707ada979/url - {"url":"https://ephenv-pawan-log.btm.dev.account.gov.uk/contracts/3/invoices/2005-09"}
RESULT: {"url":"https://ephenv-pawan-log.btm.dev.account.gov.uk/contracts/3/invoices/2005-09"}
COMMAND: POST /session/72f54074ed064a5af90bdf2707ada979/execute/sync - {"script":"return (() => document.readyState === \"complete\").apply(null, arguments)","args":[]}
RESULT: {"script":"return (() => document.readyState === \"complete\").apply(null, arguments)","args":[]}
COMMAND: GET /session/72f54074ed064a5af90bdf2707ada979/url - {}
RESULT: {}
COMMAND: POST /session/72f54074ed064a5af90bdf2707ada979/element - {"using":"css selector","value":".govuk-heading-xl"}
RESULT: {"using":"css selector","value":".govuk-heading-xl"}
COMMAND: POST /session/72f54074ed064a5af90bdf2707ada979/execute/sync - {"script":"return (function isElementDisplayed(element) {\n    function nodeIsElement(node) {\n        if (!node) {\n            return false;\n        }\n        switch (node.nodeType) {\n            case Node.ELEMEN ... (7807 more bytes)","args":[{"element-6066-11e4-a52e-4f735466cecf":"BC1D8649D1BB61146D002AFE45D78EB2_element_26","ELEMENT":"BC1D8649D1BB61146D002AFE45D78EB2_element_26"}]}
RESULT: {"script":"return (function isElementDisplayed(element) {\n    function nodeIsElement(node) {\n        if (!node) {\n            return false;\n        }\n        switch (node.nodeType) {\n            case Node.ELEMEN ... (7807 more bytes)","args":[{"element-6066-11e4-a52e-4f735466cecf":"BC1D8649D1BB61146D002AFE45D78EB2_element_26","ELEMENT":"BC1D8649D1BB61146D002AFE45D78EB2_element_26"}]}
COMMAND: POST /session/72f54074ed064a5af90bdf2707ada979/element - {"using":"css selector","value":".govuk-heading-xl"}
RESULT: {"using":"css selector","value":".govuk-heading-xl"}
COMMAND: GET /session/72f54074ed064a5af90bdf2707ada979/element/BC1D8649D1BB61146D002AFE45D78EB2_element_26/text - {}
RESULT: {}
COMMAND: POST /session/72f54074ed064a5af90bdf2707ada979/element - {"using":"xpath","value":".//caption[contains(., \"Quantity (events)\") and not(.//caption)]"}
RESULT: {"using":"xpath","value":".//caption[contains(., \"Quantity (events)\") and not(.//caption)]"}
COMMAND: POST /session/72f54074ed064a5af90bdf2707ada979/execute/sync - {"script":"return (function (elem, id) {\n        return (function parentElement() {\n        return this.parentElement;\n    }).call(elem, id);\n    }).apply(null, arguments)","args":[{"element-6066-11e4-a52e-4f735466cecf":"BC1D8649D1BB61146D002AFE45D78EB2_element_27","ELEMENT":"BC1D8649D1BB61146D002AFE45D78EB2_element_27"}]}
RESULT: {"script":"return (function (elem, id) {\n        return (function parentElement() {\n        return this.parentElement;\n    }).call(elem, id);\n    }).apply(null, arguments)","args":[{"element-6066-11e4-a52e-4f735466cecf":"BC1D8649D1BB61146D002AFE45D78EB2_element_27","ELEMENT":"BC1D8649D1BB61146D002AFE45D78EB2_element_27"}]}
COMMAND: POST /session/72f54074ed064a5af90bdf2707ada979/execute/sync - {"script":"return (function isElementDisplayed(element) {\n    function nodeIsElement(node) {\n        if (!node) {\n            return false;\n        }\n        switch (node.nodeType) {\n            case Node.ELEMEN ... (7807 more bytes)","args":[{"element-6066-11e4-a52e-4f735466cecf":"BC1D8649D1BB61146D002AFE45D78EB2_element_28","ELEMENT":"BC1D8649D1BB61146D002AFE45D78EB2_element_28"}]}
RESULT: {"script":"return (function isElementDisplayed(element) {\n    function nodeIsElement(node) {\n        if (!node) {\n            return false;\n        }\n        switch (node.nodeType) {\n            case Node.ELEMEN ... (7807 more bytes)","args":[{"element-6066-11e4-a52e-4f735466cecf":"BC1D8649D1BB61146D002AFE45D78EB2_element_28","ELEMENT":"BC1D8649D1BB61146D002AFE45D78EB2_element_28"}]}
COMMAND: POST /session/72f54074ed064a5af90bdf2707ada979/element/BC1D8649D1BB61146D002AFE45D78EB2_element_28/elements - {"using":"css selector","value":"tbody tr"}
RESULT: {"using":"css selector","value":"tbody tr"}
COMMAND: POST /session/72f54074ed064a5af90bdf2707ada979/element/BC1D8649D1BB61146D002AFE45D78EB2_element_28/element - {"using":"css selector","value":"thead tr"}
RESULT: {"using":"css selector","value":"thead tr"}
COMMAND: POST /session/72f54074ed064a5af90bdf2707ada979/element/BC1D8649D1BB61146D002AFE45D78EB2_element_30/elements - {"using":"css selector","value":"th"}
RESULT: {"using":"css selector","value":"th"}
COMMAND: GET /session/72f54074ed064a5af90bdf2707ada979/element/BC1D8649D1BB61146D002AFE45D78EB2_element_31/text - {}
COMMAND: GET /session/72f54074ed064a5af90bdf2707ada979/element/BC1D8649D1BB61146D002AFE45D78EB2_element_32/text - {}
COMMAND: GET /session/72f54074ed064a5af90bdf2707ada979/element/BC1D8649D1BB61146D002AFE45D78EB2_element_34/text - {}
COMMAND: GET /session/72f54074ed064a5af90bdf2707ada979/element/BC1D8649D1BB61146D002AFE45D78EB2_element_33/text - {}
RESULT: {}
RESULT: {}
RESULT: {}
RESULT: {}
COMMAND: POST /session/72f54074ed064a5af90bdf2707ada979/element/BC1D8649D1BB61146D002AFE45D78EB2_element_29/elements - {"using":"css selector","value":"th,td"}
RESULT: {"using":"css selector","value":"th,td"}
COMMAND: GET /session/72f54074ed064a5af90bdf2707ada979/element/BC1D8649D1BB61146D002AFE45D78EB2_element_35/text - {}
RESULT: {}
COMMAND: GET /session/72f54074ed064a5af90bdf2707ada979/element/BC1D8649D1BB61146D002AFE45D78EB2_element_36/text - {}
RESULT: {}
COMMAND: GET /session/72f54074ed064a5af90bdf2707ada979/element/BC1D8649D1BB61146D002AFE45D78EB2_element_37/text - {}
RESULT: {}
COMMAND: GET /session/72f54074ed064a5af90bdf2707ada979/element/BC1D8649D1BB61146D002AFE45D78EB2_element_38/text - {}
RESULT: {}
]]></system-out>
    </testcase>
    <testcase classname="chrome.117_0_5938_132.linux.Invoice_Page_Test.Vendor:_Vendor_Three,Invoice:2005-09" name="should validate price table data" time="1.092">
      <system-out><![CDATA[
COMMAND: POST /session/72f54074ed064a5af90bdf2707ada979/url - {"url":"https://ephenv-pawan-log.btm.dev.account.gov.uk/contracts/3/invoices/2005-09"}
RESULT: {"url":"https://ephenv-pawan-log.btm.dev.account.gov.uk/contracts/3/invoices/2005-09"}
COMMAND: POST /session/72f54074ed064a5af90bdf2707ada979/execute/sync - {"script":"return (() => document.readyState === \"complete\").apply(null, arguments)","args":[]}
RESULT: {"script":"return (() => document.readyState === \"complete\").apply(null, arguments)","args":[]}
COMMAND: GET /session/72f54074ed064a5af90bdf2707ada979/url - {}
RESULT: {}
COMMAND: POST /session/72f54074ed064a5af90bdf2707ada979/element - {"using":"css selector","value":".govuk-heading-xl"}
RESULT: {"using":"css selector","value":".govuk-heading-xl"}
COMMAND: POST /session/72f54074ed064a5af90bdf2707ada979/execute/sync - {"script":"return (function isElementDisplayed(element) {\n    function nodeIsElement(node) {\n        if (!node) {\n            return false;\n        }\n        switch (node.nodeType) {\n            case Node.ELEMEN ... (7807 more bytes)","args":[{"element-6066-11e4-a52e-4f735466cecf":"99D98C812869D3E8FD4038C827E13CC6_element_41","ELEMENT":"99D98C812869D3E8FD4038C827E13CC6_element_41"}]}
RESULT: {"script":"return (function isElementDisplayed(element) {\n    function nodeIsElement(node) {\n        if (!node) {\n            return false;\n        }\n        switch (node.nodeType) {\n            case Node.ELEMEN ... (7807 more bytes)","args":[{"element-6066-11e4-a52e-4f735466cecf":"99D98C812869D3E8FD4038C827E13CC6_element_41","ELEMENT":"99D98C812869D3E8FD4038C827E13CC6_element_41"}]}
COMMAND: POST /session/72f54074ed064a5af90bdf2707ada979/element - {"using":"css selector","value":".govuk-heading-xl"}
RESULT: {"using":"css selector","value":".govuk-heading-xl"}
COMMAND: GET /session/72f54074ed064a5af90bdf2707ada979/element/99D98C812869D3E8FD4038C827E13CC6_element_41/text - {}
RESULT: {}
COMMAND: POST /session/72f54074ed064a5af90bdf2707ada979/element - {"using":"xpath","value":".//caption[contains(., \"Price\") and not(.//caption)]"}
RESULT: {"using":"xpath","value":".//caption[contains(., \"Price\") and not(.//caption)]"}
COMMAND: POST /session/72f54074ed064a5af90bdf2707ada979/execute/sync - {"script":"return (function (elem, id) {\n        return (function parentElement() {\n        return this.parentElement;\n    }).call(elem, id);\n    }).apply(null, arguments)","args":[{"element-6066-11e4-a52e-4f735466cecf":"99D98C812869D3E8FD4038C827E13CC6_element_42","ELEMENT":"99D98C812869D3E8FD4038C827E13CC6_element_42"}]}
RESULT: {"script":"return (function (elem, id) {\n        return (function parentElement() {\n        return this.parentElement;\n    }).call(elem, id);\n    }).apply(null, arguments)","args":[{"element-6066-11e4-a52e-4f735466cecf":"99D98C812869D3E8FD4038C827E13CC6_element_42","ELEMENT":"99D98C812869D3E8FD4038C827E13CC6_element_42"}]}
COMMAND: POST /session/72f54074ed064a5af90bdf2707ada979/execute/sync - {"script":"return (function isElementDisplayed(element) {\n    function nodeIsElement(node) {\n        if (!node) {\n            return false;\n        }\n        switch (node.nodeType) {\n            case Node.ELEMEN ... (7807 more bytes)","args":[{"element-6066-11e4-a52e-4f735466cecf":"99D98C812869D3E8FD4038C827E13CC6_element_43","ELEMENT":"99D98C812869D3E8FD4038C827E13CC6_element_43"}]}
RESULT: {"script":"return (function isElementDisplayed(element) {\n    function nodeIsElement(node) {\n        if (!node) {\n            return false;\n        }\n        switch (node.nodeType) {\n            case Node.ELEMEN ... (7807 more bytes)","args":[{"element-6066-11e4-a52e-4f735466cecf":"99D98C812869D3E8FD4038C827E13CC6_element_43","ELEMENT":"99D98C812869D3E8FD4038C827E13CC6_element_43"}]}
COMMAND: POST /session/72f54074ed064a5af90bdf2707ada979/element/99D98C812869D3E8FD4038C827E13CC6_element_43/elements - {"using":"css selector","value":"tbody tr"}
RESULT: {"using":"css selector","value":"tbody tr"}
COMMAND: POST /session/72f54074ed064a5af90bdf2707ada979/element/99D98C812869D3E8FD4038C827E13CC6_element_43/element - {"using":"css selector","value":"thead tr"}
RESULT: {"using":"css selector","value":"thead tr"}
COMMAND: POST /session/72f54074ed064a5af90bdf2707ada979/element/99D98C812869D3E8FD4038C827E13CC6_element_45/elements - {"using":"css selector","value":"th"}
RESULT: {"using":"css selector","value":"th"}
COMMAND: GET /session/72f54074ed064a5af90bdf2707ada979/element/99D98C812869D3E8FD4038C827E13CC6_element_46/text - {}
COMMAND: GET /session/72f54074ed064a5af90bdf2707ada979/element/99D98C812869D3E8FD4038C827E13CC6_element_47/text - {}
COMMAND: GET /session/72f54074ed064a5af90bdf2707ada979/element/99D98C812869D3E8FD4038C827E13CC6_element_49/text - {}
COMMAND: GET /session/72f54074ed064a5af90bdf2707ada979/element/99D98C812869D3E8FD4038C827E13CC6_element_48/text - {}
RESULT: {}
RESULT: {}
RESULT: {}
RESULT: {}
COMMAND: POST /session/72f54074ed064a5af90bdf2707ada979/element/99D98C812869D3E8FD4038C827E13CC6_element_44/elements - {"using":"css selector","value":"th,td"}
RESULT: {"using":"css selector","value":"th,td"}
COMMAND: GET /session/72f54074ed064a5af90bdf2707ada979/element/99D98C812869D3E8FD4038C827E13CC6_element_50/text - {}
RESULT: {}
COMMAND: GET /session/72f54074ed064a5af90bdf2707ada979/element/99D98C812869D3E8FD4038C827E13CC6_element_51/text - {}
RESULT: {}
COMMAND: GET /session/72f54074ed064a5af90bdf2707ada979/element/99D98C812869D3E8FD4038C827E13CC6_element_52/text - {}
RESULT: {}
COMMAND: GET /session/72f54074ed064a5af90bdf2707ada979/element/99D98C812869D3E8FD4038C827E13CC6_element_53/text - {}
RESULT: {}
]]></system-out>
    </testcase>
    <testcase classname="chrome.117_0_5938_132.linux.Invoice_Page_Test.Vendor:_Vendor_Three,Invoice:2005-09" name="should validate measured events table data" time="2.115">
      <system-out><![CDATA[
COMMAND: POST /session/72f54074ed064a5af90bdf2707ada979/url - {"url":"https://ephenv-pawan-log.btm.dev.account.gov.uk/contracts/3/invoices/2005-09"}
RESULT: {"url":"https://ephenv-pawan-log.btm.dev.account.gov.uk/contracts/3/invoices/2005-09"}
COMMAND: POST /session/72f54074ed064a5af90bdf2707ada979/execute/sync - {"script":"return (() => document.readyState === \"complete\").apply(null, arguments)","args":[]}
RESULT: {"script":"return (() => document.readyState === \"complete\").apply(null, arguments)","args":[]}
COMMAND: GET /session/72f54074ed064a5af90bdf2707ada979/url - {}
RESULT: {}
COMMAND: POST /session/72f54074ed064a5af90bdf2707ada979/element - {"using":"css selector","value":".govuk-heading-xl"}
RESULT: {"using":"css selector","value":".govuk-heading-xl"}
COMMAND: POST /session/72f54074ed064a5af90bdf2707ada979/execute/sync - {"script":"return (function isElementDisplayed(element) {\n    function nodeIsElement(node) {\n        if (!node) {\n            return false;\n        }\n        switch (node.nodeType) {\n            case Node.ELEMEN ... (7807 more bytes)","args":[{"element-6066-11e4-a52e-4f735466cecf":"AE7AB8F22C2C94D5139AAFE6D86B1A76_element_56","ELEMENT":"AE7AB8F22C2C94D5139AAFE6D86B1A76_element_56"}]}
RESULT: {"script":"return (function isElementDisplayed(element) {\n    function nodeIsElement(node) {\n        if (!node) {\n            return false;\n        }\n        switch (node.nodeType) {\n            case Node.ELEMEN ... (7807 more bytes)","args":[{"element-6066-11e4-a52e-4f735466cecf":"AE7AB8F22C2C94D5139AAFE6D86B1A76_element_56","ELEMENT":"AE7AB8F22C2C94D5139AAFE6D86B1A76_element_56"}]}
COMMAND: POST /session/72f54074ed064a5af90bdf2707ada979/element - {"using":"css selector","value":".govuk-heading-xl"}
RESULT: {"using":"css selector","value":".govuk-heading-xl"}
COMMAND: GET /session/72f54074ed064a5af90bdf2707ada979/element/AE7AB8F22C2C94D5139AAFE6D86B1A76_element_56/text - {}
RESULT: {}
COMMAND: POST /session/72f54074ed064a5af90bdf2707ada979/element - {"using":"xpath","value":".//caption[contains(., \"Measured (events)\") and not(.//caption)]"}
RESULT: {"using":"xpath","value":".//caption[contains(., \"Measured (events)\") and not(.//caption)]"}
COMMAND: POST /session/72f54074ed064a5af90bdf2707ada979/execute/sync - {"script":"return (function (elem, id) {\n        return (function parentElement() {\n        return this.parentElement;\n    }).call(elem, id);\n    }).apply(null, arguments)","args":[{"element-6066-11e4-a52e-4f735466cecf":"AE7AB8F22C2C94D5139AAFE6D86B1A76_element_57","ELEMENT":"AE7AB8F22C2C94D5139AAFE6D86B1A76_element_57"}]}
RESULT: {"script":"return (function (elem, id) {\n        return (function parentElement() {\n        return this.parentElement;\n    }).call(elem, id);\n    }).apply(null, arguments)","args":[{"element-6066-11e4-a52e-4f735466cecf":"AE7AB8F22C2C94D5139AAFE6D86B1A76_element_57","ELEMENT":"AE7AB8F22C2C94D5139AAFE6D86B1A76_element_57"}]}
COMMAND: POST /session/72f54074ed064a5af90bdf2707ada979/execute/sync - {"script":"return (function isElementDisplayed(element) {\n    function nodeIsElement(node) {\n        if (!node) {\n            return false;\n        }\n        switch (node.nodeType) {\n            case Node.ELEMEN ... (7807 more bytes)","args":[{"element-6066-11e4-a52e-4f735466cecf":"AE7AB8F22C2C94D5139AAFE6D86B1A76_element_58","ELEMENT":"AE7AB8F22C2C94D5139AAFE6D86B1A76_element_58"}]}
RESULT: {"script":"return (function isElementDisplayed(element) {\n    function nodeIsElement(node) {\n        if (!node) {\n            return false;\n        }\n        switch (node.nodeType) {\n            case Node.ELEMEN ... (7807 more bytes)","args":[{"element-6066-11e4-a52e-4f735466cecf":"AE7AB8F22C2C94D5139AAFE6D86B1A76_element_58","ELEMENT":"AE7AB8F22C2C94D5139AAFE6D86B1A76_element_58"}]}
COMMAND: POST /session/72f54074ed064a5af90bdf2707ada979/element/AE7AB8F22C2C94D5139AAFE6D86B1A76_element_58/elements - {"using":"css selector","value":"tbody tr"}
RESULT: {"using":"css selector","value":"tbody tr"}
COMMAND: POST /session/72f54074ed064a5af90bdf2707ada979/element/AE7AB8F22C2C94D5139AAFE6D86B1A76_element_58/element - {"using":"css selector","value":"thead tr"}
RESULT: {"using":"css selector","value":"thead tr"}
COMMAND: POST /session/72f54074ed064a5af90bdf2707ada979/element/AE7AB8F22C2C94D5139AAFE6D86B1A76_element_60/elements - {"using":"css selector","value":"th"}
RESULT: {"using":"css selector","value":"th"}
COMMAND: GET /session/72f54074ed064a5af90bdf2707ada979/element/AE7AB8F22C2C94D5139AAFE6D86B1A76_element_61/text - {}
COMMAND: GET /session/72f54074ed064a5af90bdf2707ada979/element/AE7AB8F22C2C94D5139AAFE6D86B1A76_element_62/text - {}
RESULT: {}
RESULT: {}
COMMAND: POST /session/72f54074ed064a5af90bdf2707ada979/element/AE7AB8F22C2C94D5139AAFE6D86B1A76_element_59/elements - {"using":"css selector","value":"th,td"}
RESULT: {"using":"css selector","value":"th,td"}
COMMAND: GET /session/72f54074ed064a5af90bdf2707ada979/element/AE7AB8F22C2C94D5139AAFE6D86B1A76_element_63/text - {}
RESULT: {}
COMMAND: GET /session/72f54074ed064a5af90bdf2707ada979/element/AE7AB8F22C2C94D5139AAFE6D86B1A76_element_64/text - {}
RESULT: {}
]]></system-out>
    </testcase>
    <testcase classname="chrome.117_0_5938_132.linux.Invoice_Page_Test.Vendor:_Vendor_Three,Invoice:2005-09" name="should validate invoice table data" time="1.112">
      <system-out><![CDATA[
COMMAND: POST /session/72f54074ed064a5af90bdf2707ada979/url - {"url":"https://ephenv-pawan-log.btm.dev.account.gov.uk/contracts/3/invoices/2005-09"}
RESULT: {"url":"https://ephenv-pawan-log.btm.dev.account.gov.uk/contracts/3/invoices/2005-09"}
COMMAND: POST /session/72f54074ed064a5af90bdf2707ada979/execute/sync - {"script":"return (() => document.readyState === \"complete\").apply(null, arguments)","args":[]}
RESULT: {"script":"return (() => document.readyState === \"complete\").apply(null, arguments)","args":[]}
COMMAND: GET /session/72f54074ed064a5af90bdf2707ada979/url - {}
RESULT: {}
COMMAND: POST /session/72f54074ed064a5af90bdf2707ada979/element - {"using":"css selector","value":".govuk-heading-xl"}
RESULT: {"using":"css selector","value":".govuk-heading-xl"}
COMMAND: POST /session/72f54074ed064a5af90bdf2707ada979/execute/sync - {"script":"return (function isElementDisplayed(element) {\n    function nodeIsElement(node) {\n        if (!node) {\n            return false;\n        }\n        switch (node.nodeType) {\n            case Node.ELEMEN ... (7807 more bytes)","args":[{"element-6066-11e4-a52e-4f735466cecf":"263499A72A6B1C654291A4CBA443787F_element_67","ELEMENT":"263499A72A6B1C654291A4CBA443787F_element_67"}]}
RESULT: {"script":"return (function isElementDisplayed(element) {\n    function nodeIsElement(node) {\n        if (!node) {\n            return false;\n        }\n        switch (node.nodeType) {\n            case Node.ELEMEN ... (7807 more bytes)","args":[{"element-6066-11e4-a52e-4f735466cecf":"263499A72A6B1C654291A4CBA443787F_element_67","ELEMENT":"263499A72A6B1C654291A4CBA443787F_element_67"}]}
COMMAND: POST /session/72f54074ed064a5af90bdf2707ada979/element - {"using":"css selector","value":".govuk-heading-xl"}
RESULT: {"using":"css selector","value":".govuk-heading-xl"}
COMMAND: GET /session/72f54074ed064a5af90bdf2707ada979/element/263499A72A6B1C654291A4CBA443787F_element_67/text - {}
RESULT: {}
COMMAND: POST /session/72f54074ed064a5af90bdf2707ada979/element - {"using":"xpath","value":".//caption[contains(., \"Invoice\") and not(.//caption)]"}
RESULT: {"using":"xpath","value":".//caption[contains(., \"Invoice\") and not(.//caption)]"}
COMMAND: POST /session/72f54074ed064a5af90bdf2707ada979/execute/sync - {"script":"return (function (elem, id) {\n        return (function parentElement() {\n        return this.parentElement;\n    }).call(elem, id);\n    }).apply(null, arguments)","args":[{"element-6066-11e4-a52e-4f735466cecf":"263499A72A6B1C654291A4CBA443787F_element_68","ELEMENT":"263499A72A6B1C654291A4CBA443787F_element_68"}]}
RESULT: {"script":"return (function (elem, id) {\n        return (function parentElement() {\n        return this.parentElement;\n    }).call(elem, id);\n    }).apply(null, arguments)","args":[{"element-6066-11e4-a52e-4f735466cecf":"263499A72A6B1C654291A4CBA443787F_element_68","ELEMENT":"263499A72A6B1C654291A4CBA443787F_element_68"}]}
COMMAND: POST /session/72f54074ed064a5af90bdf2707ada979/execute/sync - {"script":"return (function isElementDisplayed(element) {\n    function nodeIsElement(node) {\n        if (!node) {\n            return false;\n        }\n        switch (node.nodeType) {\n            case Node.ELEMEN ... (7807 more bytes)","args":[{"element-6066-11e4-a52e-4f735466cecf":"263499A72A6B1C654291A4CBA443787F_element_69","ELEMENT":"263499A72A6B1C654291A4CBA443787F_element_69"}]}
RESULT: {"script":"return (function isElementDisplayed(element) {\n    function nodeIsElement(node) {\n        if (!node) {\n            return false;\n        }\n        switch (node.nodeType) {\n            case Node.ELEMEN ... (7807 more bytes)","args":[{"element-6066-11e4-a52e-4f735466cecf":"263499A72A6B1C654291A4CBA443787F_element_69","ELEMENT":"263499A72A6B1C654291A4CBA443787F_element_69"}]}
COMMAND: POST /session/72f54074ed064a5af90bdf2707ada979/element/263499A72A6B1C654291A4CBA443787F_element_69/elements - {"using":"css selector","value":"tbody tr"}
RESULT: {"using":"css selector","value":"tbody tr"}
COMMAND: POST /session/72f54074ed064a5af90bdf2707ada979/element/263499A72A6B1C654291A4CBA443787F_element_69/element - {"using":"css selector","value":"thead tr"}
RESULT: {"using":"css selector","value":"thead tr"}
COMMAND: POST /session/72f54074ed064a5af90bdf2707ada979/element/263499A72A6B1C654291A4CBA443787F_element_72/elements - {"using":"css selector","value":"th"}
RESULT: {"using":"css selector","value":"th"}
COMMAND: GET /session/72f54074ed064a5af90bdf2707ada979/element/263499A72A6B1C654291A4CBA443787F_element_73/text - {}
COMMAND: GET /session/72f54074ed064a5af90bdf2707ada979/element/263499A72A6B1C654291A4CBA443787F_element_74/text - {}
COMMAND: GET /session/72f54074ed064a5af90bdf2707ada979/element/263499A72A6B1C654291A4CBA443787F_element_76/text - {}
COMMAND: GET /session/72f54074ed064a5af90bdf2707ada979/element/263499A72A6B1C654291A4CBA443787F_element_75/text - {}
COMMAND: GET /session/72f54074ed064a5af90bdf2707ada979/element/263499A72A6B1C654291A4CBA443787F_element_77/text - {}
RESULT: {}
RESULT: {}
RESULT: {}
RESULT: {}
RESULT: {}
COMMAND: POST /session/72f54074ed064a5af90bdf2707ada979/element/263499A72A6B1C654291A4CBA443787F_element_70/elements - {"using":"css selector","value":"th,td"}
RESULT: {"using":"css selector","value":"th,td"}
COMMAND: GET /session/72f54074ed064a5af90bdf2707ada979/element/263499A72A6B1C654291A4CBA443787F_element_78/text - {}
RESULT: {}
COMMAND: GET /session/72f54074ed064a5af90bdf2707ada979/element/263499A72A6B1C654291A4CBA443787F_element_79/text - {}
RESULT: {}
COMMAND: GET /session/72f54074ed064a5af90bdf2707ada979/element/263499A72A6B1C654291A4CBA443787F_element_80/text - {}
RESULT: {}
COMMAND: GET /session/72f54074ed064a5af90bdf2707ada979/element/263499A72A6B1C654291A4CBA443787F_element_81/text - {}
RESULT: {}
COMMAND: GET /session/72f54074ed064a5af90bdf2707ada979/element/263499A72A6B1C654291A4CBA443787F_element_82/text - {}
RESULT: {}
COMMAND: POST /session/72f54074ed064a5af90bdf2707ada979/element/263499A72A6B1C654291A4CBA443787F_element_71/elements - {"using":"css selector","value":"th,td"}
RESULT: {"using":"css selector","value":"th,td"}
COMMAND: GET /session/72f54074ed064a5af90bdf2707ada979/element/263499A72A6B1C654291A4CBA443787F_element_83/text - {}
RESULT: {}
COMMAND: GET /session/72f54074ed064a5af90bdf2707ada979/element/263499A72A6B1C654291A4CBA443787F_element_84/text - {}
RESULT: {}
COMMAND: GET /session/72f54074ed064a5af90bdf2707ada979/element/263499A72A6B1C654291A4CBA443787F_element_85/text - {}
RESULT: {}
COMMAND: GET /session/72f54074ed064a5af90bdf2707ada979/element/263499A72A6B1C654291A4CBA443787F_element_86/text - {}
RESULT: {}
COMMAND: GET /session/72f54074ed064a5af90bdf2707ada979/element/263499A72A6B1C654291A4CBA443787F_element_87/text - {}
RESULT: {}
]]></system-out>
    </testcase>
  </testsuite>
  <testsuite name="Vendor Vendor Three Invoice 2023 03" timestamp="2023-10-16T16:34:54" time="5.833" tests="6" failures="0" errors="0" skipped="0">
    <properties>
      <property name="specId" value="0"/>
      <property name="suiteName" value="Vendor: Vendor Three,Invoice:2023-03"/>
      <property name="capabilities" value="chrome.117_0_5938_132.linux"/>
      <property name="file" value="file://./ui-tests/specs/invoice.spec.ts"/>
    </properties>
    <testcase classname="chrome.117_0_5938_132.linux.Invoice_Page_Test.Vendor:_Vendor_Three,Invoice:2023-03" name="should display correct status banner color and message" time="0.709">
      <system-out><![CDATA[
COMMAND: POST /session/72f54074ed064a5af90bdf2707ada979/url - {"url":"https://ephenv-pawan-log.btm.dev.account.gov.uk/contracts/3/invoices/2023-03"}
RESULT: {"url":"https://ephenv-pawan-log.btm.dev.account.gov.uk/contracts/3/invoices/2023-03"}
COMMAND: POST /session/72f54074ed064a5af90bdf2707ada979/execute/sync - {"script":"return (() => document.readyState === \"complete\").apply(null, arguments)","args":[]}
RESULT: {"script":"return (() => document.readyState === \"complete\").apply(null, arguments)","args":[]}
COMMAND: GET /session/72f54074ed064a5af90bdf2707ada979/url - {}
RESULT: {}
COMMAND: POST /session/72f54074ed064a5af90bdf2707ada979/element - {"using":"css selector","value":".govuk-heading-xl"}
RESULT: {"using":"css selector","value":".govuk-heading-xl"}
COMMAND: POST /session/72f54074ed064a5af90bdf2707ada979/execute/sync - {"script":"return (function isElementDisplayed(element) {\n    function nodeIsElement(node) {\n        if (!node) {\n            return false;\n        }\n        switch (node.nodeType) {\n            case Node.ELEMEN ... (7807 more bytes)","args":[{"element-6066-11e4-a52e-4f735466cecf":"4660DA1AA0AA78265734B99802F7F786_element_90","ELEMENT":"4660DA1AA0AA78265734B99802F7F786_element_90"}]}
RESULT: {"script":"return (function isElementDisplayed(element) {\n    function nodeIsElement(node) {\n        if (!node) {\n            return false;\n        }\n        switch (node.nodeType) {\n            case Node.ELEMEN ... (7807 more bytes)","args":[{"element-6066-11e4-a52e-4f735466cecf":"4660DA1AA0AA78265734B99802F7F786_element_90","ELEMENT":"4660DA1AA0AA78265734B99802F7F786_element_90"}]}
COMMAND: POST /session/72f54074ed064a5af90bdf2707ada979/element - {"using":"css selector","value":".govuk-heading-xl"}
RESULT: {"using":"css selector","value":".govuk-heading-xl"}
COMMAND: GET /session/72f54074ed064a5af90bdf2707ada979/element/4660DA1AA0AA78265734B99802F7F786_element_90/text - {}
RESULT: {}
COMMAND: POST /session/72f54074ed064a5af90bdf2707ada979/element - {"using":"css selector","value":"h2.govuk-panel__title"}
RESULT: {"using":"css selector","value":"h2.govuk-panel__title"}
COMMAND: POST /session/72f54074ed064a5af90bdf2707ada979/execute/sync - {"script":"return (function isElementDisplayed(element) {\n    function nodeIsElement(node) {\n        if (!node) {\n            return false;\n        }\n        switch (node.nodeType) {\n            case Node.ELEMEN ... (7807 more bytes)","args":[{"element-6066-11e4-a52e-4f735466cecf":"4660DA1AA0AA78265734B99802F7F786_element_91","ELEMENT":"4660DA1AA0AA78265734B99802F7F786_element_91"}]}
RESULT: {"script":"return (function isElementDisplayed(element) {\n    function nodeIsElement(node) {\n        if (!node) {\n            return false;\n        }\n        switch (node.nodeType) {\n            case Node.ELEMEN ... (7807 more bytes)","args":[{"element-6066-11e4-a52e-4f735466cecf":"4660DA1AA0AA78265734B99802F7F786_element_91","ELEMENT":"4660DA1AA0AA78265734B99802F7F786_element_91"}]}
COMMAND: POST /session/72f54074ed064a5af90bdf2707ada979/element - {"using":"css selector","value":"h2.govuk-panel__title"}
RESULT: {"using":"css selector","value":"h2.govuk-panel__title"}
COMMAND: GET /session/72f54074ed064a5af90bdf2707ada979/element/4660DA1AA0AA78265734B99802F7F786_element_91/text - {}
RESULT: {}
COMMAND: POST /session/72f54074ed064a5af90bdf2707ada979/element - {"using":"css selector","value":".govuk-panel"}
RESULT: {"using":"css selector","value":".govuk-panel"}
COMMAND: POST /session/72f54074ed064a5af90bdf2707ada979/execute/sync - {"script":"return (function isElementDisplayed(element) {\n    function nodeIsElement(node) {\n        if (!node) {\n            return false;\n        }\n        switch (node.nodeType) {\n            case Node.ELEMEN ... (7807 more bytes)","args":[{"element-6066-11e4-a52e-4f735466cecf":"4660DA1AA0AA78265734B99802F7F786_element_92","ELEMENT":"4660DA1AA0AA78265734B99802F7F786_element_92"}]}
RESULT: {"script":"return (function isElementDisplayed(element) {\n    function nodeIsElement(node) {\n        if (!node) {\n            return false;\n        }\n        switch (node.nodeType) {\n            case Node.ELEMEN ... (7807 more bytes)","args":[{"element-6066-11e4-a52e-4f735466cecf":"4660DA1AA0AA78265734B99802F7F786_element_92","ELEMENT":"4660DA1AA0AA78265734B99802F7F786_element_92"}]}
COMMAND: GET /session/72f54074ed064a5af90bdf2707ada979/element/4660DA1AA0AA78265734B99802F7F786_element_92/css/background-color - {}
RESULT: {}
]]></system-out>
    </testcase>
    <testcase classname="chrome.117_0_5938_132.linux.Invoice_Page_Test.Vendor:_Vendor_Three,Invoice:2023-03" name="should validate reconciliation table data" time="1.036">
      <system-out><![CDATA[
COMMAND: POST /session/72f54074ed064a5af90bdf2707ada979/url - {"url":"https://ephenv-pawan-log.btm.dev.account.gov.uk/contracts/3/invoices/2023-03"}
RESULT: {"url":"https://ephenv-pawan-log.btm.dev.account.gov.uk/contracts/3/invoices/2023-03"}
COMMAND: POST /session/72f54074ed064a5af90bdf2707ada979/execute/sync - {"script":"return (() => document.readyState === \"complete\").apply(null, arguments)","args":[]}
RESULT: {"script":"return (() => document.readyState === \"complete\").apply(null, arguments)","args":[]}
COMMAND: GET /session/72f54074ed064a5af90bdf2707ada979/url - {}
RESULT: {}
COMMAND: POST /session/72f54074ed064a5af90bdf2707ada979/element - {"using":"css selector","value":".govuk-heading-xl"}
RESULT: {"using":"css selector","value":".govuk-heading-xl"}
COMMAND: POST /session/72f54074ed064a5af90bdf2707ada979/execute/sync - {"script":"return (function isElementDisplayed(element) {\n    function nodeIsElement(node) {\n        if (!node) {\n            return false;\n        }\n        switch (node.nodeType) {\n            case Node.ELEMEN ... (7807 more bytes)","args":[{"element-6066-11e4-a52e-4f735466cecf":"614E5F03058481D24A7331B809F237DE_element_95","ELEMENT":"614E5F03058481D24A7331B809F237DE_element_95"}]}
RESULT: {"script":"return (function isElementDisplayed(element) {\n    function nodeIsElement(node) {\n        if (!node) {\n            return false;\n        }\n        switch (node.nodeType) {\n            case Node.ELEMEN ... (7807 more bytes)","args":[{"element-6066-11e4-a52e-4f735466cecf":"614E5F03058481D24A7331B809F237DE_element_95","ELEMENT":"614E5F03058481D24A7331B809F237DE_element_95"}]}
COMMAND: POST /session/72f54074ed064a5af90bdf2707ada979/element - {"using":"css selector","value":".govuk-heading-xl"}
RESULT: {"using":"css selector","value":".govuk-heading-xl"}
COMMAND: GET /session/72f54074ed064a5af90bdf2707ada979/element/614E5F03058481D24A7331B809F237DE_element_95/text - {}
RESULT: {}
COMMAND: POST /session/72f54074ed064a5af90bdf2707ada979/element - {"using":"xpath","value":".//caption[contains(., \"Reconciliation\") and not(.//caption)]"}
RESULT: {"using":"xpath","value":".//caption[contains(., \"Reconciliation\") and not(.//caption)]"}
COMMAND: POST /session/72f54074ed064a5af90bdf2707ada979/execute/sync - {"script":"return (function (elem, id) {\n        return (function parentElement() {\n        return this.parentElement;\n    }).call(elem, id);\n    }).apply(null, arguments)","args":[{"element-6066-11e4-a52e-4f735466cecf":"614E5F03058481D24A7331B809F237DE_element_96","ELEMENT":"614E5F03058481D24A7331B809F237DE_element_96"}]}
RESULT: {"script":"return (function (elem, id) {\n        return (function parentElement() {\n        return this.parentElement;\n    }).call(elem, id);\n    }).apply(null, arguments)","args":[{"element-6066-11e4-a52e-4f735466cecf":"614E5F03058481D24A7331B809F237DE_element_96","ELEMENT":"614E5F03058481D24A7331B809F237DE_element_96"}]}
COMMAND: POST /session/72f54074ed064a5af90bdf2707ada979/execute/sync - {"script":"return (function isElementDisplayed(element) {\n    function nodeIsElement(node) {\n        if (!node) {\n            return false;\n        }\n        switch (node.nodeType) {\n            case Node.ELEMEN ... (7807 more bytes)","args":[{"element-6066-11e4-a52e-4f735466cecf":"614E5F03058481D24A7331B809F237DE_element_97","ELEMENT":"614E5F03058481D24A7331B809F237DE_element_97"}]}
RESULT: {"script":"return (function isElementDisplayed(element) {\n    function nodeIsElement(node) {\n        if (!node) {\n            return false;\n        }\n        switch (node.nodeType) {\n            case Node.ELEMEN ... (7807 more bytes)","args":[{"element-6066-11e4-a52e-4f735466cecf":"614E5F03058481D24A7331B809F237DE_element_97","ELEMENT":"614E5F03058481D24A7331B809F237DE_element_97"}]}
COMMAND: POST /session/72f54074ed064a5af90bdf2707ada979/element/614E5F03058481D24A7331B809F237DE_element_97/elements - {"using":"css selector","value":"tbody tr"}
RESULT: {"using":"css selector","value":"tbody tr"}
COMMAND: POST /session/72f54074ed064a5af90bdf2707ada979/element/614E5F03058481D24A7331B809F237DE_element_97/element - {"using":"css selector","value":"thead tr"}
RESULT: {"using":"css selector","value":"thead tr"}
COMMAND: POST /session/72f54074ed064a5af90bdf2707ada979/element/614E5F03058481D24A7331B809F237DE_element_100/elements - {"using":"css selector","value":"th"}
RESULT: {"using":"css selector","value":"th"}
COMMAND: GET /session/72f54074ed064a5af90bdf2707ada979/element/614E5F03058481D24A7331B809F237DE_element_101/text - {}
COMMAND: GET /session/72f54074ed064a5af90bdf2707ada979/element/614E5F03058481D24A7331B809F237DE_element_102/text - {}
COMMAND: GET /session/72f54074ed064a5af90bdf2707ada979/element/614E5F03058481D24A7331B809F237DE_element_104/text - {}
COMMAND: GET /session/72f54074ed064a5af90bdf2707ada979/element/614E5F03058481D24A7331B809F237DE_element_103/text - {}
COMMAND: GET /session/72f54074ed064a5af90bdf2707ada979/element/614E5F03058481D24A7331B809F237DE_element_105/text - {}
RESULT: {}
RESULT: {}
RESULT: {}
RESULT: {}
RESULT: {}
COMMAND: POST /session/72f54074ed064a5af90bdf2707ada979/element/614E5F03058481D24A7331B809F237DE_element_98/elements - {"using":"css selector","value":"th,td"}
RESULT: {"using":"css selector","value":"th,td"}
COMMAND: GET /session/72f54074ed064a5af90bdf2707ada979/element/614E5F03058481D24A7331B809F237DE_element_106/text - {}
RESULT: {}
COMMAND: GET /session/72f54074ed064a5af90bdf2707ada979/element/614E5F03058481D24A7331B809F237DE_element_107/text - {}
RESULT: {}
COMMAND: GET /session/72f54074ed064a5af90bdf2707ada979/element/614E5F03058481D24A7331B809F237DE_element_108/text - {}
RESULT: {}
COMMAND: GET /session/72f54074ed064a5af90bdf2707ada979/element/614E5F03058481D24A7331B809F237DE_element_109/text - {}
RESULT: {}
COMMAND: GET /session/72f54074ed064a5af90bdf2707ada979/element/614E5F03058481D24A7331B809F237DE_element_110/text - {}
RESULT: {}
COMMAND: POST /session/72f54074ed064a5af90bdf2707ada979/element/614E5F03058481D24A7331B809F237DE_element_99/elements - {"using":"css selector","value":"th,td"}
RESULT: {"using":"css selector","value":"th,td"}
COMMAND: GET /session/72f54074ed064a5af90bdf2707ada979/element/614E5F03058481D24A7331B809F237DE_element_111/text - {}
RESULT: {}
COMMAND: GET /session/72f54074ed064a5af90bdf2707ada979/element/614E5F03058481D24A7331B809F237DE_element_112/text - {}
RESULT: {}
COMMAND: GET /session/72f54074ed064a5af90bdf2707ada979/element/614E5F03058481D24A7331B809F237DE_element_113/text - {}
RESULT: {}
COMMAND: GET /session/72f54074ed064a5af90bdf2707ada979/element/614E5F03058481D24A7331B809F237DE_element_114/text - {}
RESULT: {}
COMMAND: GET /session/72f54074ed064a5af90bdf2707ada979/element/614E5F03058481D24A7331B809F237DE_element_115/text - {}
RESULT: {}
]]></system-out>
    </testcase>
    <testcase classname="chrome.117_0_5938_132.linux.Invoice_Page_Test.Vendor:_Vendor_Three,Invoice:2023-03" name="should validate quantity events table data" time="1.127">
      <system-out><![CDATA[
COMMAND: POST /session/72f54074ed064a5af90bdf2707ada979/url - {"url":"https://ephenv-pawan-log.btm.dev.account.gov.uk/contracts/3/invoices/2023-03"}
RESULT: {"url":"https://ephenv-pawan-log.btm.dev.account.gov.uk/contracts/3/invoices/2023-03"}
COMMAND: POST /session/72f54074ed064a5af90bdf2707ada979/execute/sync - {"script":"return (() => document.readyState === \"complete\").apply(null, arguments)","args":[]}
RESULT: {"script":"return (() => document.readyState === \"complete\").apply(null, arguments)","args":[]}
COMMAND: GET /session/72f54074ed064a5af90bdf2707ada979/url - {}
RESULT: {}
COMMAND: POST /session/72f54074ed064a5af90bdf2707ada979/element - {"using":"css selector","value":".govuk-heading-xl"}
RESULT: {"using":"css selector","value":".govuk-heading-xl"}
COMMAND: POST /session/72f54074ed064a5af90bdf2707ada979/execute/sync - {"script":"return (function isElementDisplayed(element) {\n    function nodeIsElement(node) {\n        if (!node) {\n            return false;\n        }\n        switch (node.nodeType) {\n            case Node.ELEMEN ... (7807 more bytes)","args":[{"element-6066-11e4-a52e-4f735466cecf":"B0FA70783D447564278DFA032B6C5D01_element_118","ELEMENT":"B0FA70783D447564278DFA032B6C5D01_element_118"}]}
RESULT: {"script":"return (function isElementDisplayed(element) {\n    function nodeIsElement(node) {\n        if (!node) {\n            return false;\n        }\n        switch (node.nodeType) {\n            case Node.ELEMEN ... (7807 more bytes)","args":[{"element-6066-11e4-a52e-4f735466cecf":"B0FA70783D447564278DFA032B6C5D01_element_118","ELEMENT":"B0FA70783D447564278DFA032B6C5D01_element_118"}]}
COMMAND: POST /session/72f54074ed064a5af90bdf2707ada979/element - {"using":"css selector","value":".govuk-heading-xl"}
RESULT: {"using":"css selector","value":".govuk-heading-xl"}
COMMAND: GET /session/72f54074ed064a5af90bdf2707ada979/element/B0FA70783D447564278DFA032B6C5D01_element_118/text - {}
RESULT: {}
COMMAND: POST /session/72f54074ed064a5af90bdf2707ada979/element - {"using":"xpath","value":".//caption[contains(., \"Quantity (events)\") and not(.//caption)]"}
RESULT: {"using":"xpath","value":".//caption[contains(., \"Quantity (events)\") and not(.//caption)]"}
COMMAND: POST /session/72f54074ed064a5af90bdf2707ada979/execute/sync - {"script":"return (function (elem, id) {\n        return (function parentElement() {\n        return this.parentElement;\n    }).call(elem, id);\n    }).apply(null, arguments)","args":[{"element-6066-11e4-a52e-4f735466cecf":"B0FA70783D447564278DFA032B6C5D01_element_119","ELEMENT":"B0FA70783D447564278DFA032B6C5D01_element_119"}]}
RESULT: {"script":"return (function (elem, id) {\n        return (function parentElement() {\n        return this.parentElement;\n    }).call(elem, id);\n    }).apply(null, arguments)","args":[{"element-6066-11e4-a52e-4f735466cecf":"B0FA70783D447564278DFA032B6C5D01_element_119","ELEMENT":"B0FA70783D447564278DFA032B6C5D01_element_119"}]}
COMMAND: POST /session/72f54074ed064a5af90bdf2707ada979/execute/sync - {"script":"return (function isElementDisplayed(element) {\n    function nodeIsElement(node) {\n        if (!node) {\n            return false;\n        }\n        switch (node.nodeType) {\n            case Node.ELEMEN ... (7807 more bytes)","args":[{"element-6066-11e4-a52e-4f735466cecf":"B0FA70783D447564278DFA032B6C5D01_element_120","ELEMENT":"B0FA70783D447564278DFA032B6C5D01_element_120"}]}
RESULT: {"script":"return (function isElementDisplayed(element) {\n    function nodeIsElement(node) {\n        if (!node) {\n            return false;\n        }\n        switch (node.nodeType) {\n            case Node.ELEMEN ... (7807 more bytes)","args":[{"element-6066-11e4-a52e-4f735466cecf":"B0FA70783D447564278DFA032B6C5D01_element_120","ELEMENT":"B0FA70783D447564278DFA032B6C5D01_element_120"}]}
COMMAND: POST /session/72f54074ed064a5af90bdf2707ada979/element/B0FA70783D447564278DFA032B6C5D01_element_120/elements - {"using":"css selector","value":"tbody tr"}
RESULT: {"using":"css selector","value":"tbody tr"}
COMMAND: POST /session/72f54074ed064a5af90bdf2707ada979/element/B0FA70783D447564278DFA032B6C5D01_element_120/element - {"using":"css selector","value":"thead tr"}
RESULT: {"using":"css selector","value":"thead tr"}
COMMAND: POST /session/72f54074ed064a5af90bdf2707ada979/element/B0FA70783D447564278DFA032B6C5D01_element_123/elements - {"using":"css selector","value":"th"}
RESULT: {"using":"css selector","value":"th"}
COMMAND: GET /session/72f54074ed064a5af90bdf2707ada979/element/B0FA70783D447564278DFA032B6C5D01_element_124/text - {}
COMMAND: GET /session/72f54074ed064a5af90bdf2707ada979/element/B0FA70783D447564278DFA032B6C5D01_element_125/text - {}
COMMAND: GET /session/72f54074ed064a5af90bdf2707ada979/element/B0FA70783D447564278DFA032B6C5D01_element_127/text - {}
COMMAND: GET /session/72f54074ed064a5af90bdf2707ada979/element/B0FA70783D447564278DFA032B6C5D01_element_126/text - {}
RESULT: {}
RESULT: {}
RESULT: {}
RESULT: {}
COMMAND: POST /session/72f54074ed064a5af90bdf2707ada979/element/B0FA70783D447564278DFA032B6C5D01_element_121/elements - {"using":"css selector","value":"th,td"}
RESULT: {"using":"css selector","value":"th,td"}
COMMAND: GET /session/72f54074ed064a5af90bdf2707ada979/element/B0FA70783D447564278DFA032B6C5D01_element_128/text - {}
RESULT: {}
COMMAND: GET /session/72f54074ed064a5af90bdf2707ada979/element/B0FA70783D447564278DFA032B6C5D01_element_129/text - {}
RESULT: {}
COMMAND: GET /session/72f54074ed064a5af90bdf2707ada979/element/B0FA70783D447564278DFA032B6C5D01_element_130/text - {}
RESULT: {}
COMMAND: GET /session/72f54074ed064a5af90bdf2707ada979/element/B0FA70783D447564278DFA032B6C5D01_element_131/text - {}
RESULT: {}
COMMAND: POST /session/72f54074ed064a5af90bdf2707ada979/element/B0FA70783D447564278DFA032B6C5D01_element_122/elements - {"using":"css selector","value":"th,td"}
RESULT: {"using":"css selector","value":"th,td"}
COMMAND: GET /session/72f54074ed064a5af90bdf2707ada979/element/B0FA70783D447564278DFA032B6C5D01_element_132/text - {}
RESULT: {}
COMMAND: GET /session/72f54074ed064a5af90bdf2707ada979/element/B0FA70783D447564278DFA032B6C5D01_element_133/text - {}
RESULT: {}
COMMAND: GET /session/72f54074ed064a5af90bdf2707ada979/element/B0FA70783D447564278DFA032B6C5D01_element_134/text - {}
RESULT: {}
COMMAND: GET /session/72f54074ed064a5af90bdf2707ada979/element/B0FA70783D447564278DFA032B6C5D01_element_135/text - {}
RESULT: {}
]]></system-out>
    </testcase>
    <testcase classname="chrome.117_0_5938_132.linux.Invoice_Page_Test.Vendor:_Vendor_Three,Invoice:2023-03" name="should validate price table data" time="0.928">
      <system-out><![CDATA[
COMMAND: POST /session/72f54074ed064a5af90bdf2707ada979/url - {"url":"https://ephenv-pawan-log.btm.dev.account.gov.uk/contracts/3/invoices/2023-03"}
RESULT: {"url":"https://ephenv-pawan-log.btm.dev.account.gov.uk/contracts/3/invoices/2023-03"}
COMMAND: POST /session/72f54074ed064a5af90bdf2707ada979/execute/sync - {"script":"return (() => document.readyState === \"complete\").apply(null, arguments)","args":[]}
RESULT: {"script":"return (() => document.readyState === \"complete\").apply(null, arguments)","args":[]}
COMMAND: GET /session/72f54074ed064a5af90bdf2707ada979/url - {}
RESULT: {}
COMMAND: POST /session/72f54074ed064a5af90bdf2707ada979/element - {"using":"css selector","value":".govuk-heading-xl"}
RESULT: {"using":"css selector","value":".govuk-heading-xl"}
COMMAND: POST /session/72f54074ed064a5af90bdf2707ada979/execute/sync - {"script":"return (function isElementDisplayed(element) {\n    function nodeIsElement(node) {\n        if (!node) {\n            return false;\n        }\n        switch (node.nodeType) {\n            case Node.ELEMEN ... (7807 more bytes)","args":[{"element-6066-11e4-a52e-4f735466cecf":"627E206C7C0A2AA1F5A097E7C68D21BA_element_138","ELEMENT":"627E206C7C0A2AA1F5A097E7C68D21BA_element_138"}]}
RESULT: {"script":"return (function isElementDisplayed(element) {\n    function nodeIsElement(node) {\n        if (!node) {\n            return false;\n        }\n        switch (node.nodeType) {\n            case Node.ELEMEN ... (7807 more bytes)","args":[{"element-6066-11e4-a52e-4f735466cecf":"627E206C7C0A2AA1F5A097E7C68D21BA_element_138","ELEMENT":"627E206C7C0A2AA1F5A097E7C68D21BA_element_138"}]}
COMMAND: POST /session/72f54074ed064a5af90bdf2707ada979/element - {"using":"css selector","value":".govuk-heading-xl"}
RESULT: {"using":"css selector","value":".govuk-heading-xl"}
COMMAND: GET /session/72f54074ed064a5af90bdf2707ada979/element/627E206C7C0A2AA1F5A097E7C68D21BA_element_138/text - {}
RESULT: {}
COMMAND: POST /session/72f54074ed064a5af90bdf2707ada979/element - {"using":"xpath","value":".//caption[contains(., \"Price\") and not(.//caption)]"}
RESULT: {"using":"xpath","value":".//caption[contains(., \"Price\") and not(.//caption)]"}
COMMAND: POST /session/72f54074ed064a5af90bdf2707ada979/execute/sync - {"script":"return (function (elem, id) {\n        return (function parentElement() {\n        return this.parentElement;\n    }).call(elem, id);\n    }).apply(null, arguments)","args":[{"element-6066-11e4-a52e-4f735466cecf":"627E206C7C0A2AA1F5A097E7C68D21BA_element_139","ELEMENT":"627E206C7C0A2AA1F5A097E7C68D21BA_element_139"}]}
RESULT: {"script":"return (function (elem, id) {\n        return (function parentElement() {\n        return this.parentElement;\n    }).call(elem, id);\n    }).apply(null, arguments)","args":[{"element-6066-11e4-a52e-4f735466cecf":"627E206C7C0A2AA1F5A097E7C68D21BA_element_139","ELEMENT":"627E206C7C0A2AA1F5A097E7C68D21BA_element_139"}]}
COMMAND: POST /session/72f54074ed064a5af90bdf2707ada979/execute/sync - {"script":"return (function isElementDisplayed(element) {\n    function nodeIsElement(node) {\n        if (!node) {\n            return false;\n        }\n        switch (node.nodeType) {\n            case Node.ELEMEN ... (7807 more bytes)","args":[{"element-6066-11e4-a52e-4f735466cecf":"627E206C7C0A2AA1F5A097E7C68D21BA_element_140","ELEMENT":"627E206C7C0A2AA1F5A097E7C68D21BA_element_140"}]}
RESULT: {"script":"return (function isElementDisplayed(element) {\n    function nodeIsElement(node) {\n        if (!node) {\n            return false;\n        }\n        switch (node.nodeType) {\n            case Node.ELEMEN ... (7807 more bytes)","args":[{"element-6066-11e4-a52e-4f735466cecf":"627E206C7C0A2AA1F5A097E7C68D21BA_element_140","ELEMENT":"627E206C7C0A2AA1F5A097E7C68D21BA_element_140"}]}
COMMAND: POST /session/72f54074ed064a5af90bdf2707ada979/element/627E206C7C0A2AA1F5A097E7C68D21BA_element_140/elements - {"using":"css selector","value":"tbody tr"}
RESULT: {"using":"css selector","value":"tbody tr"}
COMMAND: POST /session/72f54074ed064a5af90bdf2707ada979/element/627E206C7C0A2AA1F5A097E7C68D21BA_element_140/element - {"using":"css selector","value":"thead tr"}
RESULT: {"using":"css selector","value":"thead tr"}
COMMAND: POST /session/72f54074ed064a5af90bdf2707ada979/element/627E206C7C0A2AA1F5A097E7C68D21BA_element_143/elements - {"using":"css selector","value":"th"}
RESULT: {"using":"css selector","value":"th"}
COMMAND: GET /session/72f54074ed064a5af90bdf2707ada979/element/627E206C7C0A2AA1F5A097E7C68D21BA_element_144/text - {}
COMMAND: GET /session/72f54074ed064a5af90bdf2707ada979/element/627E206C7C0A2AA1F5A097E7C68D21BA_element_145/text - {}
COMMAND: GET /session/72f54074ed064a5af90bdf2707ada979/element/627E206C7C0A2AA1F5A097E7C68D21BA_element_147/text - {}
COMMAND: GET /session/72f54074ed064a5af90bdf2707ada979/element/627E206C7C0A2AA1F5A097E7C68D21BA_element_146/text - {}
RESULT: {}
RESULT: {}
RESULT: {}
RESULT: {}
COMMAND: POST /session/72f54074ed064a5af90bdf2707ada979/element/627E206C7C0A2AA1F5A097E7C68D21BA_element_141/elements - {"using":"css selector","value":"th,td"}
RESULT: {"using":"css selector","value":"th,td"}
COMMAND: GET /session/72f54074ed064a5af90bdf2707ada979/element/627E206C7C0A2AA1F5A097E7C68D21BA_element_148/text - {}
RESULT: {}
COMMAND: GET /session/72f54074ed064a5af90bdf2707ada979/element/627E206C7C0A2AA1F5A097E7C68D21BA_element_149/text - {}
RESULT: {}
COMMAND: GET /session/72f54074ed064a5af90bdf2707ada979/element/627E206C7C0A2AA1F5A097E7C68D21BA_element_150/text - {}
RESULT: {}
COMMAND: GET /session/72f54074ed064a5af90bdf2707ada979/element/627E206C7C0A2AA1F5A097E7C68D21BA_element_151/text - {}
RESULT: {}
COMMAND: POST /session/72f54074ed064a5af90bdf2707ada979/element/627E206C7C0A2AA1F5A097E7C68D21BA_element_142/elements - {"using":"css selector","value":"th,td"}
RESULT: {"using":"css selector","value":"th,td"}
COMMAND: GET /session/72f54074ed064a5af90bdf2707ada979/element/627E206C7C0A2AA1F5A097E7C68D21BA_element_152/text - {}
RESULT: {}
COMMAND: GET /session/72f54074ed064a5af90bdf2707ada979/element/627E206C7C0A2AA1F5A097E7C68D21BA_element_153/text - {}
RESULT: {}
COMMAND: GET /session/72f54074ed064a5af90bdf2707ada979/element/627E206C7C0A2AA1F5A097E7C68D21BA_element_154/text - {}
RESULT: {}
COMMAND: GET /session/72f54074ed064a5af90bdf2707ada979/element/627E206C7C0A2AA1F5A097E7C68D21BA_element_155/text - {}
RESULT: {}
]]></system-out>
    </testcase>
    <testcase classname="chrome.117_0_5938_132.linux.Invoice_Page_Test.Vendor:_Vendor_Three,Invoice:2023-03" name="should validate measured events table data" time="0.89">
      <system-out><![CDATA[
COMMAND: POST /session/72f54074ed064a5af90bdf2707ada979/url - {"url":"https://ephenv-pawan-log.btm.dev.account.gov.uk/contracts/3/invoices/2023-03"}
RESULT: {"url":"https://ephenv-pawan-log.btm.dev.account.gov.uk/contracts/3/invoices/2023-03"}
COMMAND: POST /session/72f54074ed064a5af90bdf2707ada979/execute/sync - {"script":"return (() => document.readyState === \"complete\").apply(null, arguments)","args":[]}
RESULT: {"script":"return (() => document.readyState === \"complete\").apply(null, arguments)","args":[]}
COMMAND: GET /session/72f54074ed064a5af90bdf2707ada979/url - {}
RESULT: {}
COMMAND: POST /session/72f54074ed064a5af90bdf2707ada979/element - {"using":"css selector","value":".govuk-heading-xl"}
RESULT: {"using":"css selector","value":".govuk-heading-xl"}
COMMAND: POST /session/72f54074ed064a5af90bdf2707ada979/execute/sync - {"script":"return (function isElementDisplayed(element) {\n    function nodeIsElement(node) {\n        if (!node) {\n            return false;\n        }\n        switch (node.nodeType) {\n            case Node.ELEMEN ... (7807 more bytes)","args":[{"element-6066-11e4-a52e-4f735466cecf":"4C6618BD40F543E634B9D8CB8BCCFE2C_element_158","ELEMENT":"4C6618BD40F543E634B9D8CB8BCCFE2C_element_158"}]}
RESULT: {"script":"return (function isElementDisplayed(element) {\n    function nodeIsElement(node) {\n        if (!node) {\n            return false;\n        }\n        switch (node.nodeType) {\n            case Node.ELEMEN ... (7807 more bytes)","args":[{"element-6066-11e4-a52e-4f735466cecf":"4C6618BD40F543E634B9D8CB8BCCFE2C_element_158","ELEMENT":"4C6618BD40F543E634B9D8CB8BCCFE2C_element_158"}]}
COMMAND: POST /session/72f54074ed064a5af90bdf2707ada979/element - {"using":"css selector","value":".govuk-heading-xl"}
RESULT: {"using":"css selector","value":".govuk-heading-xl"}
COMMAND: GET /session/72f54074ed064a5af90bdf2707ada979/element/4C6618BD40F543E634B9D8CB8BCCFE2C_element_158/text - {}
RESULT: {}
COMMAND: POST /session/72f54074ed064a5af90bdf2707ada979/element - {"using":"xpath","value":".//caption[contains(., \"Measured (events)\") and not(.//caption)]"}
RESULT: {"using":"xpath","value":".//caption[contains(., \"Measured (events)\") and not(.//caption)]"}
COMMAND: POST /session/72f54074ed064a5af90bdf2707ada979/execute/sync - {"script":"return (function (elem, id) {\n        return (function parentElement() {\n        return this.parentElement;\n    }).call(elem, id);\n    }).apply(null, arguments)","args":[{"element-6066-11e4-a52e-4f735466cecf":"4C6618BD40F543E634B9D8CB8BCCFE2C_element_159","ELEMENT":"4C6618BD40F543E634B9D8CB8BCCFE2C_element_159"}]}
RESULT: {"script":"return (function (elem, id) {\n        return (function parentElement() {\n        return this.parentElement;\n    }).call(elem, id);\n    }).apply(null, arguments)","args":[{"element-6066-11e4-a52e-4f735466cecf":"4C6618BD40F543E634B9D8CB8BCCFE2C_element_159","ELEMENT":"4C6618BD40F543E634B9D8CB8BCCFE2C_element_159"}]}
COMMAND: POST /session/72f54074ed064a5af90bdf2707ada979/execute/sync - {"script":"return (function isElementDisplayed(element) {\n    function nodeIsElement(node) {\n        if (!node) {\n            return false;\n        }\n        switch (node.nodeType) {\n            case Node.ELEMEN ... (7807 more bytes)","args":[{"element-6066-11e4-a52e-4f735466cecf":"4C6618BD40F543E634B9D8CB8BCCFE2C_element_160","ELEMENT":"4C6618BD40F543E634B9D8CB8BCCFE2C_element_160"}]}
RESULT: {"script":"return (function isElementDisplayed(element) {\n    function nodeIsElement(node) {\n        if (!node) {\n            return false;\n        }\n        switch (node.nodeType) {\n            case Node.ELEMEN ... (7807 more bytes)","args":[{"element-6066-11e4-a52e-4f735466cecf":"4C6618BD40F543E634B9D8CB8BCCFE2C_element_160","ELEMENT":"4C6618BD40F543E634B9D8CB8BCCFE2C_element_160"}]}
COMMAND: POST /session/72f54074ed064a5af90bdf2707ada979/element/4C6618BD40F543E634B9D8CB8BCCFE2C_element_160/elements - {"using":"css selector","value":"tbody tr"}
RESULT: {"using":"css selector","value":"tbody tr"}
COMMAND: POST /session/72f54074ed064a5af90bdf2707ada979/element/4C6618BD40F543E634B9D8CB8BCCFE2C_element_160/element - {"using":"css selector","value":"thead tr"}
RESULT: {"using":"css selector","value":"thead tr"}
COMMAND: POST /session/72f54074ed064a5af90bdf2707ada979/element/4C6618BD40F543E634B9D8CB8BCCFE2C_element_163/elements - {"using":"css selector","value":"th"}
RESULT: {"using":"css selector","value":"th"}
COMMAND: GET /session/72f54074ed064a5af90bdf2707ada979/element/4C6618BD40F543E634B9D8CB8BCCFE2C_element_164/text - {}
COMMAND: GET /session/72f54074ed064a5af90bdf2707ada979/element/4C6618BD40F543E634B9D8CB8BCCFE2C_element_165/text - {}
RESULT: {}
RESULT: {}
COMMAND: POST /session/72f54074ed064a5af90bdf2707ada979/element/4C6618BD40F543E634B9D8CB8BCCFE2C_element_161/elements - {"using":"css selector","value":"th,td"}
RESULT: {"using":"css selector","value":"th,td"}
COMMAND: GET /session/72f54074ed064a5af90bdf2707ada979/element/4C6618BD40F543E634B9D8CB8BCCFE2C_element_166/text - {}
RESULT: {}
COMMAND: GET /session/72f54074ed064a5af90bdf2707ada979/element/4C6618BD40F543E634B9D8CB8BCCFE2C_element_167/text - {}
RESULT: {}
COMMAND: POST /session/72f54074ed064a5af90bdf2707ada979/element/4C6618BD40F543E634B9D8CB8BCCFE2C_element_162/elements - {"using":"css selector","value":"th,td"}
RESULT: {"using":"css selector","value":"th,td"}
COMMAND: GET /session/72f54074ed064a5af90bdf2707ada979/element/4C6618BD40F543E634B9D8CB8BCCFE2C_element_168/text - {}
RESULT: {}
COMMAND: GET /session/72f54074ed064a5af90bdf2707ada979/element/4C6618BD40F543E634B9D8CB8BCCFE2C_element_169/text - {}
RESULT: {}
]]></system-out>
    </testcase>
    <testcase classname="chrome.117_0_5938_132.linux.Invoice_Page_Test.Vendor:_Vendor_Three,Invoice:2023-03" name="should validate invoice table data" time="1.139">
      <system-out><![CDATA[
COMMAND: POST /session/72f54074ed064a5af90bdf2707ada979/url - {"url":"https://ephenv-pawan-log.btm.dev.account.gov.uk/contracts/3/invoices/2023-03"}
RESULT: {"url":"https://ephenv-pawan-log.btm.dev.account.gov.uk/contracts/3/invoices/2023-03"}
COMMAND: POST /session/72f54074ed064a5af90bdf2707ada979/execute/sync - {"script":"return (() => document.readyState === \"complete\").apply(null, arguments)","args":[]}
RESULT: {"script":"return (() => document.readyState === \"complete\").apply(null, arguments)","args":[]}
COMMAND: GET /session/72f54074ed064a5af90bdf2707ada979/url - {}
RESULT: {}
COMMAND: POST /session/72f54074ed064a5af90bdf2707ada979/element - {"using":"css selector","value":".govuk-heading-xl"}
RESULT: {"using":"css selector","value":".govuk-heading-xl"}
COMMAND: POST /session/72f54074ed064a5af90bdf2707ada979/execute/sync - {"script":"return (function isElementDisplayed(element) {\n    function nodeIsElement(node) {\n        if (!node) {\n            return false;\n        }\n        switch (node.nodeType) {\n            case Node.ELEMEN ... (7807 more bytes)","args":[{"element-6066-11e4-a52e-4f735466cecf":"EF1A91C7B8540E122AEE17122A5D8308_element_174","ELEMENT":"EF1A91C7B8540E122AEE17122A5D8308_element_174"}]}
RESULT: {"script":"return (function isElementDisplayed(element) {\n    function nodeIsElement(node) {\n        if (!node) {\n            return false;\n        }\n        switch (node.nodeType) {\n            case Node.ELEMEN ... (7807 more bytes)","args":[{"element-6066-11e4-a52e-4f735466cecf":"EF1A91C7B8540E122AEE17122A5D8308_element_174","ELEMENT":"EF1A91C7B8540E122AEE17122A5D8308_element_174"}]}
COMMAND: POST /session/72f54074ed064a5af90bdf2707ada979/element - {"using":"css selector","value":".govuk-heading-xl"}
RESULT: {"using":"css selector","value":".govuk-heading-xl"}
COMMAND: GET /session/72f54074ed064a5af90bdf2707ada979/element/EF1A91C7B8540E122AEE17122A5D8308_element_174/text - {}
RESULT: {}
COMMAND: POST /session/72f54074ed064a5af90bdf2707ada979/element - {"using":"xpath","value":".//caption[contains(., \"Invoice\") and not(.//caption)]"}
RESULT: {"using":"xpath","value":".//caption[contains(., \"Invoice\") and not(.//caption)]"}
COMMAND: POST /session/72f54074ed064a5af90bdf2707ada979/execute/sync - {"script":"return (function (elem, id) {\n        return (function parentElement() {\n        return this.parentElement;\n    }).call(elem, id);\n    }).apply(null, arguments)","args":[{"element-6066-11e4-a52e-4f735466cecf":"EF1A91C7B8540E122AEE17122A5D8308_element_175","ELEMENT":"EF1A91C7B8540E122AEE17122A5D8308_element_175"}]}
RESULT: {"script":"return (function (elem, id) {\n        return (function parentElement() {\n        return this.parentElement;\n    }).call(elem, id);\n    }).apply(null, arguments)","args":[{"element-6066-11e4-a52e-4f735466cecf":"EF1A91C7B8540E122AEE17122A5D8308_element_175","ELEMENT":"EF1A91C7B8540E122AEE17122A5D8308_element_175"}]}
COMMAND: POST /session/72f54074ed064a5af90bdf2707ada979/execute/sync - {"script":"return (function isElementDisplayed(element) {\n    function nodeIsElement(node) {\n        if (!node) {\n            return false;\n        }\n        switch (node.nodeType) {\n            case Node.ELEMEN ... (7807 more bytes)","args":[{"element-6066-11e4-a52e-4f735466cecf":"EF1A91C7B8540E122AEE17122A5D8308_element_176","ELEMENT":"EF1A91C7B8540E122AEE17122A5D8308_element_176"}]}
RESULT: {"script":"return (function isElementDisplayed(element) {\n    function nodeIsElement(node) {\n        if (!node) {\n            return false;\n        }\n        switch (node.nodeType) {\n            case Node.ELEMEN ... (7807 more bytes)","args":[{"element-6066-11e4-a52e-4f735466cecf":"EF1A91C7B8540E122AEE17122A5D8308_element_176","ELEMENT":"EF1A91C7B8540E122AEE17122A5D8308_element_176"}]}
COMMAND: POST /session/72f54074ed064a5af90bdf2707ada979/element/EF1A91C7B8540E122AEE17122A5D8308_element_176/elements - {"using":"css selector","value":"tbody tr"}
RESULT: {"using":"css selector","value":"tbody tr"}
COMMAND: POST /session/72f54074ed064a5af90bdf2707ada979/element/EF1A91C7B8540E122AEE17122A5D8308_element_176/element - {"using":"css selector","value":"thead tr"}
RESULT: {"using":"css selector","value":"thead tr"}
COMMAND: POST /session/72f54074ed064a5af90bdf2707ada979/element/EF1A91C7B8540E122AEE17122A5D8308_element_180/elements - {"using":"css selector","value":"th"}
RESULT: {"using":"css selector","value":"th"}
COMMAND: GET /session/72f54074ed064a5af90bdf2707ada979/element/EF1A91C7B8540E122AEE17122A5D8308_element_181/text - {}
COMMAND: GET /session/72f54074ed064a5af90bdf2707ada979/element/EF1A91C7B8540E122AEE17122A5D8308_element_182/text - {}
COMMAND: GET /session/72f54074ed064a5af90bdf2707ada979/element/EF1A91C7B8540E122AEE17122A5D8308_element_184/text - {}
COMMAND: GET /session/72f54074ed064a5af90bdf2707ada979/element/EF1A91C7B8540E122AEE17122A5D8308_element_183/text - {}
COMMAND: GET /session/72f54074ed064a5af90bdf2707ada979/element/EF1A91C7B8540E122AEE17122A5D8308_element_185/text - {}
RESULT: {}
RESULT: {}
RESULT: {}
RESULT: {}
RESULT: {}
COMMAND: POST /session/72f54074ed064a5af90bdf2707ada979/element/EF1A91C7B8540E122AEE17122A5D8308_element_177/elements - {"using":"css selector","value":"th,td"}
RESULT: {"using":"css selector","value":"th,td"}
COMMAND: GET /session/72f54074ed064a5af90bdf2707ada979/element/EF1A91C7B8540E122AEE17122A5D8308_element_186/text - {}
RESULT: {}
COMMAND: GET /session/72f54074ed064a5af90bdf2707ada979/element/EF1A91C7B8540E122AEE17122A5D8308_element_187/text - {}
RESULT: {}
COMMAND: GET /session/72f54074ed064a5af90bdf2707ada979/element/EF1A91C7B8540E122AEE17122A5D8308_element_188/text - {}
RESULT: {}
COMMAND: GET /session/72f54074ed064a5af90bdf2707ada979/element/EF1A91C7B8540E122AEE17122A5D8308_element_189/text - {}
RESULT: {}
COMMAND: GET /session/72f54074ed064a5af90bdf2707ada979/element/EF1A91C7B8540E122AEE17122A5D8308_element_190/text - {}
RESULT: {}
COMMAND: POST /session/72f54074ed064a5af90bdf2707ada979/element/EF1A91C7B8540E122AEE17122A5D8308_element_178/elements - {"using":"css selector","value":"th,td"}
RESULT: {"using":"css selector","value":"th,td"}
COMMAND: GET /session/72f54074ed064a5af90bdf2707ada979/element/EF1A91C7B8540E122AEE17122A5D8308_element_191/text - {}
RESULT: {}
COMMAND: GET /session/72f54074ed064a5af90bdf2707ada979/element/EF1A91C7B8540E122AEE17122A5D8308_element_192/text - {}
RESULT: {}
COMMAND: GET /session/72f54074ed064a5af90bdf2707ada979/element/EF1A91C7B8540E122AEE17122A5D8308_element_193/text - {}
RESULT: {}
COMMAND: GET /session/72f54074ed064a5af90bdf2707ada979/element/EF1A91C7B8540E122AEE17122A5D8308_element_194/text - {}
RESULT: {}
COMMAND: GET /session/72f54074ed064a5af90bdf2707ada979/element/EF1A91C7B8540E122AEE17122A5D8308_element_195/text - {}
RESULT: {}
COMMAND: POST /session/72f54074ed064a5af90bdf2707ada979/element/EF1A91C7B8540E122AEE17122A5D8308_element_179/elements - {"using":"css selector","value":"th,td"}
RESULT: {"using":"css selector","value":"th,td"}
COMMAND: GET /session/72f54074ed064a5af90bdf2707ada979/element/EF1A91C7B8540E122AEE17122A5D8308_element_196/text - {}
RESULT: {}
COMMAND: GET /session/72f54074ed064a5af90bdf2707ada979/element/EF1A91C7B8540E122AEE17122A5D8308_element_197/text - {}
RESULT: {}
COMMAND: GET /session/72f54074ed064a5af90bdf2707ada979/element/EF1A91C7B8540E122AEE17122A5D8308_element_198/text - {}
RESULT: {}
COMMAND: GET /session/72f54074ed064a5af90bdf2707ada979/element/EF1A91C7B8540E122AEE17122A5D8308_element_199/text - {}
RESULT: {}
COMMAND: GET /session/72f54074ed064a5af90bdf2707ada979/element/EF1A91C7B8540E122AEE17122A5D8308_element_200/text - {}
RESULT: {}
]]></system-out>
    </testcase>
  </testsuite>
  <testsuite name="Vendor Vendor Three Invoice 2005 08" timestamp="2023-10-16T16:34:59" time="5.926" tests="6" failures="0" errors="0" skipped="0">
    <properties>
      <property name="specId" value="0"/>
      <property name="suiteName" value="Vendor: Vendor Three,Invoice:2005-08"/>
      <property name="capabilities" value="chrome.117_0_5938_132.linux"/>
      <property name="file" value="file://./ui-tests/specs/invoice.spec.ts"/>
    </properties>
    <testcase classname="chrome.117_0_5938_132.linux.Invoice_Page_Test.Vendor:_Vendor_Three,Invoice:2005-08" name="should display correct status banner color and message" time="1.369">
      <system-out><![CDATA[
COMMAND: POST /session/72f54074ed064a5af90bdf2707ada979/url - {"url":"https://ephenv-pawan-log.btm.dev.account.gov.uk/contracts/3/invoices/2005-08"}
RESULT: {"url":"https://ephenv-pawan-log.btm.dev.account.gov.uk/contracts/3/invoices/2005-08"}
COMMAND: POST /session/72f54074ed064a5af90bdf2707ada979/execute/sync - {"script":"return (() => document.readyState === \"complete\").apply(null, arguments)","args":[]}
RESULT: {"script":"return (() => document.readyState === \"complete\").apply(null, arguments)","args":[]}
COMMAND: GET /session/72f54074ed064a5af90bdf2707ada979/url - {}
RESULT: {}
COMMAND: POST /session/72f54074ed064a5af90bdf2707ada979/element - {"using":"css selector","value":".govuk-heading-xl"}
RESULT: {"using":"css selector","value":".govuk-heading-xl"}
COMMAND: POST /session/72f54074ed064a5af90bdf2707ada979/execute/sync - {"script":"return (function isElementDisplayed(element) {\n    function nodeIsElement(node) {\n        if (!node) {\n            return false;\n        }\n        switch (node.nodeType) {\n            case Node.ELEMEN ... (7807 more bytes)","args":[{"element-6066-11e4-a52e-4f735466cecf":"9B170B1D0EE869499A72BACD746A29E6_element_205","ELEMENT":"9B170B1D0EE869499A72BACD746A29E6_element_205"}]}
RESULT: {"script":"return (function isElementDisplayed(element) {\n    function nodeIsElement(node) {\n        if (!node) {\n            return false;\n        }\n        switch (node.nodeType) {\n            case Node.ELEMEN ... (7807 more bytes)","args":[{"element-6066-11e4-a52e-4f735466cecf":"9B170B1D0EE869499A72BACD746A29E6_element_205","ELEMENT":"9B170B1D0EE869499A72BACD746A29E6_element_205"}]}
COMMAND: POST /session/72f54074ed064a5af90bdf2707ada979/element - {"using":"css selector","value":".govuk-heading-xl"}
RESULT: {"using":"css selector","value":".govuk-heading-xl"}
COMMAND: GET /session/72f54074ed064a5af90bdf2707ada979/element/9B170B1D0EE869499A72BACD746A29E6_element_205/text - {}
RESULT: {}
COMMAND: POST /session/72f54074ed064a5af90bdf2707ada979/element - {"using":"css selector","value":"h2.govuk-panel__title"}
RESULT: {"using":"css selector","value":"h2.govuk-panel__title"}
COMMAND: POST /session/72f54074ed064a5af90bdf2707ada979/execute/sync - {"script":"return (function isElementDisplayed(element) {\n    function nodeIsElement(node) {\n        if (!node) {\n            return false;\n        }\n        switch (node.nodeType) {\n            case Node.ELEMEN ... (7807 more bytes)","args":[{"element-6066-11e4-a52e-4f735466cecf":"9B170B1D0EE869499A72BACD746A29E6_element_206","ELEMENT":"9B170B1D0EE869499A72BACD746A29E6_element_206"}]}
RESULT: {"script":"return (function isElementDisplayed(element) {\n    function nodeIsElement(node) {\n        if (!node) {\n            return false;\n        }\n        switch (node.nodeType) {\n            case Node.ELEMEN ... (7807 more bytes)","args":[{"element-6066-11e4-a52e-4f735466cecf":"9B170B1D0EE869499A72BACD746A29E6_element_206","ELEMENT":"9B170B1D0EE869499A72BACD746A29E6_element_206"}]}
COMMAND: POST /session/72f54074ed064a5af90bdf2707ada979/element - {"using":"css selector","value":"h2.govuk-panel__title"}
RESULT: {"using":"css selector","value":"h2.govuk-panel__title"}
COMMAND: GET /session/72f54074ed064a5af90bdf2707ada979/element/9B170B1D0EE869499A72BACD746A29E6_element_206/text - {}
RESULT: {}
COMMAND: POST /session/72f54074ed064a5af90bdf2707ada979/element - {"using":"css selector","value":".govuk-panel"}
RESULT: {"using":"css selector","value":".govuk-panel"}
COMMAND: POST /session/72f54074ed064a5af90bdf2707ada979/execute/sync - {"script":"return (function isElementDisplayed(element) {\n    function nodeIsElement(node) {\n        if (!node) {\n            return false;\n        }\n        switch (node.nodeType) {\n            case Node.ELEMEN ... (7807 more bytes)","args":[{"element-6066-11e4-a52e-4f735466cecf":"9B170B1D0EE869499A72BACD746A29E6_element_203","ELEMENT":"9B170B1D0EE869499A72BACD746A29E6_element_203"}]}
[...]
RESULT: {"using":"css selector","value":"th"}
COMMAND: GET /session/72f54074ed064a5af90bdf2707ada979/element/EC7B95DC02CB9832D73DC325B757010C_element_1681/text - {}
COMMAND: GET /session/72f54074ed064a5af90bdf2707ada979/element/EC7B95DC02CB9832D73DC325B757010C_element_1682/text - {}
COMMAND: GET /session/72f54074ed064a5af90bdf2707ada979/element/EC7B95DC02CB9832D73DC325B757010C_element_1684/text - {}
COMMAND: GET /session/72f54074ed064a5af90bdf2707ada979/element/EC7B95DC02CB9832D73DC325B757010C_element_1683/text - {}
RESULT: {}
RESULT: {}
RESULT: {}
RESULT: {}
COMMAND: POST /session/72f54074ed064a5af90bdf2707ada979/element/EC7B95DC02CB9832D73DC325B757010C_element_1679/elements - {"using":"css selector","value":"th,td"}
RESULT: {"using":"css selector","value":"th,td"}
COMMAND: GET /session/72f54074ed064a5af90bdf2707ada979/element/EC7B95DC02CB9832D73DC325B757010C_element_1685/text - {}
RESULT: {}
COMMAND: GET /session/72f54074ed064a5af90bdf2707ada979/element/EC7B95DC02CB9832D73DC325B757010C_element_1686/text - {}
RESULT: {}
COMMAND: GET /session/72f54074ed064a5af90bdf2707ada979/element/EC7B95DC02CB9832D73DC325B757010C_element_1687/text - {}
RESULT: {}
COMMAND: GET /session/72f54074ed064a5af90bdf2707ada979/element/EC7B95DC02CB9832D73DC325B757010C_element_1688/text - {}
RESULT: {}
]]></system-out>
    </testcase>
    <testcase classname="chrome.117_0_5938_132.linux.Invoice_Page_Test.Vendor:_Vendor_Six,Invoice:2005-Q2" name="should validate price table data" time="0.842">
      <system-out><![CDATA[
COMMAND: POST /session/72f54074ed064a5af90bdf2707ada979/url - {"url":"https://ephenv-pawan-log.btm.dev.account.gov.uk/contracts/6/invoices/2005-q2"}
RESULT: {"url":"https://ephenv-pawan-log.btm.dev.account.gov.uk/contracts/6/invoices/2005-q2"}
COMMAND: POST /session/72f54074ed064a5af90bdf2707ada979/execute/sync - {"script":"return (() => document.readyState === \"complete\").apply(null, arguments)","args":[]}
RESULT: {"script":"return (() => document.readyState === \"complete\").apply(null, arguments)","args":[]}
COMMAND: GET /session/72f54074ed064a5af90bdf2707ada979/url - {}
RESULT: {}
COMMAND: POST /session/72f54074ed064a5af90bdf2707ada979/element - {"using":"css selector","value":".govuk-heading-xl"}
RESULT: {"using":"css selector","value":".govuk-heading-xl"}
COMMAND: POST /session/72f54074ed064a5af90bdf2707ada979/execute/sync - {"script":"return (function isElementDisplayed(element) {\n    function nodeIsElement(node) {\n        if (!node) {\n            return false;\n        }\n        switch (node.nodeType) {\n            case Node.ELEMEN ... (7807 more bytes)","args":[{"element-6066-11e4-a52e-4f735466cecf":"EED2C9136CF84C78000C97023672185B_element_1691","ELEMENT":"EED2C9136CF84C78000C97023672185B_element_1691"}]}
RESULT: {"script":"return (function isElementDisplayed(element) {\n    function nodeIsElement(node) {\n        if (!node) {\n            return false;\n        }\n        switch (node.nodeType) {\n            case Node.ELEMEN ... (7807 more bytes)","args":[{"element-6066-11e4-a52e-4f735466cecf":"EED2C9136CF84C78000C97023672185B_element_1691","ELEMENT":"EED2C9136CF84C78000C97023672185B_element_1691"}]}
COMMAND: POST /session/72f54074ed064a5af90bdf2707ada979/element - {"using":"css selector","value":".govuk-heading-xl"}
RESULT: {"using":"css selector","value":".govuk-heading-xl"}
COMMAND: GET /session/72f54074ed064a5af90bdf2707ada979/element/EED2C9136CF84C78000C97023672185B_element_1691/text - {}
RESULT: {}
COMMAND: POST /session/72f54074ed064a5af90bdf2707ada979/element - {"using":"xpath","value":".//caption[contains(., \"Price\") and not(.//caption)]"}
RESULT: {"using":"xpath","value":".//caption[contains(., \"Price\") and not(.//caption)]"}
COMMAND: POST /session/72f54074ed064a5af90bdf2707ada979/execute/sync - {"script":"return (function (elem, id) {\n        return (function parentElement() {\n        return this.parentElement;\n    }).call(elem, id);\n    }).apply(null, arguments)","args":[{"element-6066-11e4-a52e-4f735466cecf":"EED2C9136CF84C78000C97023672185B_element_1692","ELEMENT":"EED2C9136CF84C78000C97023672185B_element_1692"}]}
RESULT: {"script":"return (function (elem, id) {\n        return (function parentElement() {\n        return this.parentElement;\n    }).call(elem, id);\n    }).apply(null, arguments)","args":[{"element-6066-11e4-a52e-4f735466cecf":"EED2C9136CF84C78000C97023672185B_element_1692","ELEMENT":"EED2C9136CF84C78000C97023672185B_element_1692"}]}
COMMAND: POST /session/72f54074ed064a5af90bdf2707ada979/execute/sync - {"script":"return (function isElementDisplayed(element) {\n    function nodeIsElement(node) {\n        if (!node) {\n            return false;\n        }\n        switch (node.nodeType) {\n            case Node.ELEMEN ... (7807 more bytes)","args":[{"element-6066-11e4-a52e-4f735466cecf":"EED2C9136CF84C78000C97023672185B_element_1693","ELEMENT":"EED2C9136CF84C78000C97023672185B_element_1693"}]}
RESULT: {"script":"return (function isElementDisplayed(element) {\n    function nodeIsElement(node) {\n        if (!node) {\n            return false;\n        }\n        switch (node.nodeType) {\n            case Node.ELEMEN ... (7807 more bytes)","args":[{"element-6066-11e4-a52e-4f735466cecf":"EED2C9136CF84C78000C97023672185B_element_1693","ELEMENT":"EED2C9136CF84C78000C97023672185B_element_1693"}]}
COMMAND: POST /session/72f54074ed064a5af90bdf2707ada979/element/EED2C9136CF84C78000C97023672185B_element_1693/elements - {"using":"css selector","value":"tbody tr"}
RESULT: {"using":"css selector","value":"tbody tr"}
COMMAND: POST /session/72f54074ed064a5af90bdf2707ada979/element/EED2C9136CF84C78000C97023672185B_element_1693/element - {"using":"css selector","value":"thead tr"}
RESULT: {"using":"css selector","value":"thead tr"}
COMMAND: POST /session/72f54074ed064a5af90bdf2707ada979/element/EED2C9136CF84C78000C97023672185B_element_1695/elements - {"using":"css selector","value":"th"}
RESULT: {"using":"css selector","value":"th"}
COMMAND: GET /session/72f54074ed064a5af90bdf2707ada979/element/EED2C9136CF84C78000C97023672185B_element_1696/text - {}
COMMAND: GET /session/72f54074ed064a5af90bdf2707ada979/element/EED2C9136CF84C78000C97023672185B_element_1697/text - {}
COMMAND: GET /session/72f54074ed064a5af90bdf2707ada979/element/EED2C9136CF84C78000C97023672185B_element_1699/text - {}
COMMAND: GET /session/72f54074ed064a5af90bdf2707ada979/element/EED2C9136CF84C78000C97023672185B_element_1698/text - {}
RESULT: {}
RESULT: {}
RESULT: {}
RESULT: {}
COMMAND: POST /session/72f54074ed064a5af90bdf2707ada979/element/EED2C9136CF84C78000C97023672185B_element_1694/elements - {"using":"css selector","value":"th,td"}
RESULT: {"using":"css selector","value":"th,td"}
COMMAND: GET /session/72f54074ed064a5af90bdf2707ada979/element/EED2C9136CF84C78000C97023672185B_element_1700/text - {}
RESULT: {}
COMMAND: GET /session/72f54074ed064a5af90bdf2707ada979/element/EED2C9136CF84C78000C97023672185B_element_1701/text - {}
RESULT: {}
COMMAND: GET /session/72f54074ed064a5af90bdf2707ada979/element/EED2C9136CF84C78000C97023672185B_element_1702/text - {}
RESULT: {}
COMMAND: GET /session/72f54074ed064a5af90bdf2707ada979/element/EED2C9136CF84C78000C97023672185B_element_1703/text - {}
RESULT: {}
]]></system-out>
    </testcase>
    <testcase classname="chrome.117_0_5938_132.linux.Invoice_Page_Test.Vendor:_Vendor_Six,Invoice:2005-Q2" name="should validate measured events table data" time="0.67">
      <system-out><![CDATA[
COMMAND: POST /session/72f54074ed064a5af90bdf2707ada979/url - {"url":"https://ephenv-pawan-log.btm.dev.account.gov.uk/contracts/6/invoices/2005-q2"}
RESULT: {"url":"https://ephenv-pawan-log.btm.dev.account.gov.uk/contracts/6/invoices/2005-q2"}
COMMAND: POST /session/72f54074ed064a5af90bdf2707ada979/execute/sync - {"script":"return (() => document.readyState === \"complete\").apply(null, arguments)","args":[]}
RESULT: {"script":"return (() => document.readyState === \"complete\").apply(null, arguments)","args":[]}
COMMAND: GET /session/72f54074ed064a5af90bdf2707ada979/url - {}
RESULT: {}
COMMAND: POST /session/72f54074ed064a5af90bdf2707ada979/element - {"using":"css selector","value":".govuk-heading-xl"}
RESULT: {"using":"css selector","value":".govuk-heading-xl"}
COMMAND: POST /session/72f54074ed064a5af90bdf2707ada979/execute/sync - {"script":"return (function isElementDisplayed(element) {\n    function nodeIsElement(node) {\n        if (!node) {\n            return false;\n        }\n        switch (node.nodeType) {\n            case Node.ELEMEN ... (7807 more bytes)","args":[{"element-6066-11e4-a52e-4f735466cecf":"347844C1A0CD9F1E8EC80B65F7855E7E_element_1706","ELEMENT":"347844C1A0CD9F1E8EC80B65F7855E7E_element_1706"}]}
RESULT: {"script":"return (function isElementDisplayed(element) {\n    function nodeIsElement(node) {\n        if (!node) {\n            return false;\n        }\n        switch (node.nodeType) {\n            case Node.ELEMEN ... (7807 more bytes)","args":[{"element-6066-11e4-a52e-4f735466cecf":"347844C1A0CD9F1E8EC80B65F7855E7E_element_1706","ELEMENT":"347844C1A0CD9F1E8EC80B65F7855E7E_element_1706"}]}
COMMAND: POST /session/72f54074ed064a5af90bdf2707ada979/element - {"using":"css selector","value":".govuk-heading-xl"}
RESULT: {"using":"css selector","value":".govuk-heading-xl"}
COMMAND: GET /session/72f54074ed064a5af90bdf2707ada979/element/347844C1A0CD9F1E8EC80B65F7855E7E_element_1706/text - {}
RESULT: {}
COMMAND: POST /session/72f54074ed064a5af90bdf2707ada979/element - {"using":"xpath","value":".//caption[contains(., \"Measured (events)\") and not(.//caption)]"}
RESULT: {"using":"xpath","value":".//caption[contains(., \"Measured (events)\") and not(.//caption)]"}
COMMAND: POST /session/72f54074ed064a5af90bdf2707ada979/execute/sync - {"script":"return (function (elem, id) {\n        return (function parentElement() {\n        return this.parentElement;\n    }).call(elem, id);\n    }).apply(null, arguments)","args":[{"element-6066-11e4-a52e-4f735466cecf":"347844C1A0CD9F1E8EC80B65F7855E7E_element_1707","ELEMENT":"347844C1A0CD9F1E8EC80B65F7855E7E_element_1707"}]}
RESULT: {"script":"return (function (elem, id) {\n        return (function parentElement() {\n        return this.parentElement;\n    }).call(elem, id);\n    }).apply(null, arguments)","args":[{"element-6066-11e4-a52e-4f735466cecf":"347844C1A0CD9F1E8EC80B65F7855E7E_element_1707","ELEMENT":"347844C1A0CD9F1E8EC80B65F7855E7E_element_1707"}]}
COMMAND: POST /session/72f54074ed064a5af90bdf2707ada979/execute/sync - {"script":"return (function isElementDisplayed(element) {\n    function nodeIsElement(node) {\n        if (!node) {\n            return false;\n        }\n        switch (node.nodeType) {\n            case Node.ELEMEN ... (7807 more bytes)","args":[{"element-6066-11e4-a52e-4f735466cecf":"347844C1A0CD9F1E8EC80B65F7855E7E_element_1708","ELEMENT":"347844C1A0CD9F1E8EC80B65F7855E7E_element_1708"}]}
RESULT: {"script":"return (function isElementDisplayed(element) {\n    function nodeIsElement(node) {\n        if (!node) {\n            return false;\n        }\n        switch (node.nodeType) {\n            case Node.ELEMEN ... (7807 more bytes)","args":[{"element-6066-11e4-a52e-4f735466cecf":"347844C1A0CD9F1E8EC80B65F7855E7E_element_1708","ELEMENT":"347844C1A0CD9F1E8EC80B65F7855E7E_element_1708"}]}
COMMAND: POST /session/72f54074ed064a5af90bdf2707ada979/element/347844C1A0CD9F1E8EC80B65F7855E7E_element_1708/elements - {"using":"css selector","value":"tbody tr"}
RESULT: {"using":"css selector","value":"tbody tr"}
COMMAND: POST /session/72f54074ed064a5af90bdf2707ada979/element/347844C1A0CD9F1E8EC80B65F7855E7E_element_1708/element - {"using":"css selector","value":"thead tr"}
RESULT: {"using":"css selector","value":"thead tr"}
COMMAND: POST /session/72f54074ed064a5af90bdf2707ada979/element/347844C1A0CD9F1E8EC80B65F7855E7E_element_1710/elements - {"using":"css selector","value":"th"}
RESULT: {"using":"css selector","value":"th"}
COMMAND: GET /session/72f54074ed064a5af90bdf2707ada979/element/347844C1A0CD9F1E8EC80B65F7855E7E_element_1711/text - {}
COMMAND: GET /session/72f54074ed064a5af90bdf2707ada979/element/347844C1A0CD9F1E8EC80B65F7855E7E_element_1712/text - {}
RESULT: {}
RESULT: {}
COMMAND: POST /session/72f54074ed064a5af90bdf2707ada979/element/347844C1A0CD9F1E8EC80B65F7855E7E_element_1709/elements - {"using":"css selector","value":"th,td"}
RESULT: {"using":"css selector","value":"th,td"}
COMMAND: GET /session/72f54074ed064a5af90bdf2707ada979/element/347844C1A0CD9F1E8EC80B65F7855E7E_element_1713/text - {}
RESULT: {}
COMMAND: GET /session/72f54074ed064a5af90bdf2707ada979/element/347844C1A0CD9F1E8EC80B65F7855E7E_element_1714/text - {}
RESULT: {}
]]></system-out>
    </testcase>
    <testcase classname="chrome.117_0_5938_132.linux.Invoice_Page_Test.Vendor:_Vendor_Six,Invoice:2005-Q2" name="should validate invoice table data" time="0.782">
      <system-out><![CDATA[
COMMAND: POST /session/72f54074ed064a5af90bdf2707ada979/url - {"url":"https://ephenv-pawan-log.btm.dev.account.gov.uk/contracts/6/invoices/2005-q2"}
RESULT: {"url":"https://ephenv-pawan-log.btm.dev.account.gov.uk/contracts/6/invoices/2005-q2"}
COMMAND: POST /session/72f54074ed064a5af90bdf2707ada979/execute/sync - {"script":"return (() => document.readyState === \"complete\").apply(null, arguments)","args":[]}
RESULT: {"script":"return (() => document.readyState === \"complete\").apply(null, arguments)","args":[]}
COMMAND: GET /session/72f54074ed064a5af90bdf2707ada979/url - {}
RESULT: {}
COMMAND: POST /session/72f54074ed064a5af90bdf2707ada979/element - {"using":"css selector","value":".govuk-heading-xl"}
RESULT: {"using":"css selector","value":".govuk-heading-xl"}
COMMAND: POST /session/72f54074ed064a5af90bdf2707ada979/execute/sync - {"script":"return (function isElementDisplayed(element) {\n    function nodeIsElement(node) {\n        if (!node) {\n            return false;\n        }\n        switch (node.nodeType) {\n            case Node.ELEMEN ... (7807 more bytes)","args":[{"element-6066-11e4-a52e-4f735466cecf":"7F2963D145704183DB7809B2F2501C1F_element_1717","ELEMENT":"7F2963D145704183DB7809B2F2501C1F_element_1717"}]}
RESULT: {"script":"return (function isElementDisplayed(element) {\n    function nodeIsElement(node) {\n        if (!node) {\n            return false;\n        }\n        switch (node.nodeType) {\n            case Node.ELEMEN ... (7807 more bytes)","args":[{"element-6066-11e4-a52e-4f735466cecf":"7F2963D145704183DB7809B2F2501C1F_element_1717","ELEMENT":"7F2963D145704183DB7809B2F2501C1F_element_1717"}]}
COMMAND: POST /session/72f54074ed064a5af90bdf2707ada979/element - {"using":"css selector","value":".govuk-heading-xl"}
RESULT: {"using":"css selector","value":".govuk-heading-xl"}
COMMAND: GET /session/72f54074ed064a5af90bdf2707ada979/element/7F2963D145704183DB7809B2F2501C1F_element_1717/text - {}
RESULT: {}
COMMAND: POST /session/72f54074ed064a5af90bdf2707ada979/element - {"using":"xpath","value":".//caption[contains(., \"Invoice\") and not(.//caption)]"}
RESULT: {"using":"xpath","value":".//caption[contains(., \"Invoice\") and not(.//caption)]"}
COMMAND: POST /session/72f54074ed064a5af90bdf2707ada979/execute/sync - {"script":"return (function (elem, id) {\n        return (function parentElement() {\n        return this.parentElement;\n    }).call(elem, id);\n    }).apply(null, arguments)","args":[{"element-6066-11e4-a52e-4f735466cecf":"7F2963D145704183DB7809B2F2501C1F_element_1718","ELEMENT":"7F2963D145704183DB7809B2F2501C1F_element_1718"}]}
RESULT: {"script":"return (function (elem, id) {\n        return (function parentElement() {\n        return this.parentElement;\n    }).call(elem, id);\n    }).apply(null, arguments)","args":[{"element-6066-11e4-a52e-4f735466cecf":"7F2963D145704183DB7809B2F2501C1F_element_1718","ELEMENT":"7F2963D145704183DB7809B2F2501C1F_element_1718"}]}
COMMAND: POST /session/72f54074ed064a5af90bdf2707ada979/execute/sync - {"script":"return (function isElementDisplayed(element) {\n    function nodeIsElement(node) {\n        if (!node) {\n            return false;\n        }\n        switch (node.nodeType) {\n            case Node.ELEMEN ... (7807 more bytes)","args":[{"element-6066-11e4-a52e-4f735466cecf":"7F2963D145704183DB7809B2F2501C1F_element_1719","ELEMENT":"7F2963D145704183DB7809B2F2501C1F_element_1719"}]}
RESULT: {"script":"return (function isElementDisplayed(element) {\n    function nodeIsElement(node) {\n        if (!node) {\n            return false;\n        }\n        switch (node.nodeType) {\n            case Node.ELEMEN ... (7807 more bytes)","args":[{"element-6066-11e4-a52e-4f735466cecf":"7F2963D145704183DB7809B2F2501C1F_element_1719","ELEMENT":"7F2963D145704183DB7809B2F2501C1F_element_1719"}]}
COMMAND: POST /session/72f54074ed064a5af90bdf2707ada979/element/7F2963D145704183DB7809B2F2501C1F_element_1719/elements - {"using":"css selector","value":"tbody tr"}
RESULT: {"using":"css selector","value":"tbody tr"}
COMMAND: POST /session/72f54074ed064a5af90bdf2707ada979/element/7F2963D145704183DB7809B2F2501C1F_element_1719/element - {"using":"css selector","value":"thead tr"}
RESULT: {"using":"css selector","value":"thead tr"}
COMMAND: POST /session/72f54074ed064a5af90bdf2707ada979/element/7F2963D145704183DB7809B2F2501C1F_element_1722/elements - {"using":"css selector","value":"th"}
RESULT: {"using":"css selector","value":"th"}
COMMAND: GET /session/72f54074ed064a5af90bdf2707ada979/element/7F2963D145704183DB7809B2F2501C1F_element_1723/text - {}
COMMAND: GET /session/72f54074ed064a5af90bdf2707ada979/element/7F2963D145704183DB7809B2F2501C1F_element_1724/text - {}
COMMAND: GET /session/72f54074ed064a5af90bdf2707ada979/element/7F2963D145704183DB7809B2F2501C1F_element_1726/text - {}
COMMAND: GET /session/72f54074ed064a5af90bdf2707ada979/element/7F2963D145704183DB7809B2F2501C1F_element_1725/text - {}
COMMAND: GET /session/72f54074ed064a5af90bdf2707ada979/element/7F2963D145704183DB7809B2F2501C1F_element_1727/text - {}
RESULT: {}
RESULT: {}
RESULT: {}
RESULT: {}
RESULT: {}
COMMAND: POST /session/72f54074ed064a5af90bdf2707ada979/element/7F2963D145704183DB7809B2F2501C1F_element_1720/elements - {"using":"css selector","value":"th,td"}
RESULT: {"using":"css selector","value":"th,td"}
COMMAND: GET /session/72f54074ed064a5af90bdf2707ada979/element/7F2963D145704183DB7809B2F2501C1F_element_1728/text - {}
RESULT: {}
COMMAND: GET /session/72f54074ed064a5af90bdf2707ada979/element/7F2963D145704183DB7809B2F2501C1F_element_1729/text - {}
RESULT: {}
COMMAND: GET /session/72f54074ed064a5af90bdf2707ada979/element/7F2963D145704183DB7809B2F2501C1F_element_1730/text - {}
RESULT: {}
COMMAND: GET /session/72f54074ed064a5af90bdf2707ada979/element/7F2963D145704183DB7809B2F2501C1F_element_1731/text - {}
RESULT: {}
COMMAND: GET /session/72f54074ed064a5af90bdf2707ada979/element/7F2963D145704183DB7809B2F2501C1F_element_1732/text - {}
RESULT: {}
COMMAND: POST /session/72f54074ed064a5af90bdf2707ada979/element/7F2963D145704183DB7809B2F2501C1F_element_1721/elements - {"using":"css selector","value":"th,td"}
RESULT: {"using":"css selector","value":"th,td"}
COMMAND: GET /session/72f54074ed064a5af90bdf2707ada979/element/7F2963D145704183DB7809B2F2501C1F_element_1733/text - {}
RESULT: {}
COMMAND: GET /session/72f54074ed064a5af90bdf2707ada979/element/7F2963D145704183DB7809B2F2501C1F_element_1734/text - {}
RESULT: {}
COMMAND: GET /session/72f54074ed064a5af90bdf2707ada979/element/7F2963D145704183DB7809B2F2501C1F_element_1735/text - {}
RESULT: {}
COMMAND: GET /session/72f54074ed064a5af90bdf2707ada979/element/7F2963D145704183DB7809B2F2501C1F_element_1736/text - {}
RESULT: {}
COMMAND: GET /session/72f54074ed064a5af90bdf2707ada979/element/7F2963D145704183DB7809B2F2501C1F_element_1737/text - {}
RESULT: {}
COMMAND: DELETE /session/72f54074ed064a5af90bdf2707ada979 - {}
RESULT: {}
]]></system-out>
    </testcase>
  </testsuite>
</testsuites>