<?xml version="1.0" encoding="UTF-8"?>
<testsuites>
  <testsuite name="Invoice Page Test" timestamp="2023-10-12T16:17:00" time="182.702" tests="0" failures="0" errors="0" skipped="0">
    <properties>
      <property name="specId" value="0"/>
      <property name="suiteName" value="Invoice Page Test"/>
      <property name="capabilities" value="chrome.117_0_5938_132.linux"/>
      <property name="file" value="file://./ui-tests/specs/invoice.spec.ts"/>
    </properties>
  </testsuite>
  <testsuite name="Vendor Vendor Three Invoice 2005 09" timestamp="2023-10-12T16:17:00" time="22.392" tests="6" failures="1" errors="1" skipped="1">
    <properties>
      <property name="specId" value="0"/>
      <property name="suiteName" value="Vendor: Vendor Three,Invoice:2005-09"/>
      <property name="capabilities" value="chrome.117_0_5938_132.linux"/>
      <property name="file" value="file://./ui-tests/specs/invoice.spec.ts"/>
    </properties>
    <testcase classname="chrome.117_0_5938_132.linux.Invoice_Page_Test.Vendor:_Vendor_Three,Invoice:2005-09" name="should display correct status banner color and message" time="8.753">
      <system-out><![CDATA[
COMMAND: POST /session/d5f06d9146908bf36b300268961186bb/url - {"url":"https://pr-511.btm.dev.account.gov.uk/contracts/3/invoices/2005-09"}
RESULT: {"url":"https://pr-511.btm.dev.account.gov.uk/contracts/3/invoices/2005-09"}
COMMAND: POST /session/d5f06d9146908bf36b300268961186bb/execute/sync - {"script":"return (() => document.readyState === \"complete\").apply(null, arguments)","args":[]}
RESULT: {"script":"return (() => document.readyState === \"complete\").apply(null, arguments)","args":[]}
COMMAND: GET /session/d5f06d9146908bf36b300268961186bb/url - {}
RESULT: {}
COMMAND: POST /session/d5f06d9146908bf36b300268961186bb/element - {"using":"css selector","value":".govuk-heading-xl"}
RESULT: {"using":"css selector","value":".govuk-heading-xl"}
COMMAND: POST /session/d5f06d9146908bf36b300268961186bb/execute/sync - {"script":"return (function isElementDisplayed(element) {\n    function nodeIsElement(node) {\n        if (!node) {\n            return false;\n        }\n        switch (node.nodeType) {\n            case Node.ELEMEN ... (7807 more bytes)","args":[{"element-6066-11e4-a52e-4f735466cecf":"829D629682E1756E38127C39D11012DA_element_4","ELEMENT":"829D629682E1756E38127C39D11012DA_element_4"}]}
RESULT: {"script":"return (function isElementDisplayed(element) {\n    function nodeIsElement(node) {\n        if (!node) {\n            return false;\n        }\n        switch (node.nodeType) {\n            case Node.ELEMEN ... (7807 more bytes)","args":[{"element-6066-11e4-a52e-4f735466cecf":"829D629682E1756E38127C39D11012DA_element_4","ELEMENT":"829D629682E1756E38127C39D11012DA_element_4"}]}
COMMAND: POST /session/d5f06d9146908bf36b300268961186bb/element - {"using":"css selector","value":".govuk-heading-xl"}
RESULT: {"using":"css selector","value":".govuk-heading-xl"}
COMMAND: GET /session/d5f06d9146908bf36b300268961186bb/element/829D629682E1756E38127C39D11012DA_element_4/text - {}
RESULT: {}
COMMAND: POST /session/d5f06d9146908bf36b300268961186bb/element - {"using":"css selector","value":"h2.govuk-panel__title"}
RESULT: {"using":"css selector","value":"h2.govuk-panel__title"}
COMMAND: POST /session/d5f06d9146908bf36b300268961186bb/execute/sync - {"script":"return (function isElementDisplayed(element) {\n    function nodeIsElement(node) {\n        if (!node) {\n            return false;\n        }\n        switch (node.nodeType) {\n            case Node.ELEMEN ... (7807 more bytes)","args":[{"element-6066-11e4-a52e-4f735466cecf":"829D629682E1756E38127C39D11012DA_element_5","ELEMENT":"829D629682E1756E38127C39D11012DA_element_5"}]}
RESULT: {"script":"return (function isElementDisplayed(element) {\n    function nodeIsElement(node) {\n        if (!node) {\n            return false;\n        }\n        switch (node.nodeType) {\n            case Node.ELEMEN ... (7807 more bytes)","args":[{"element-6066-11e4-a52e-4f735466cecf":"829D629682E1756E38127C39D11012DA_element_5","ELEMENT":"829D629682E1756E38127C39D11012DA_element_5"}]}
COMMAND: POST /session/d5f06d9146908bf36b300268961186bb/element - {"using":"css selector","value":"h2.govuk-panel__title"}
RESULT: {"using":"css selector","value":"h2.govuk-panel__title"}
COMMAND: GET /session/d5f06d9146908bf36b300268961186bb/element/829D629682E1756E38127C39D11012DA_element_5/text - {}
RESULT: {}
COMMAND: POST /session/d5f06d9146908bf36b300268961186bb/element - {"using":"css selector","value":".govuk-panel"}
RESULT: {"using":"css selector","value":".govuk-panel"}
COMMAND: POST /session/d5f06d9146908bf36b300268961186bb/execute/sync - {"script":"return (function isElementDisplayed(element) {\n    function nodeIsElement(node) {\n        if (!node) {\n            return false;\n        }\n        switch (node.nodeType) {\n            case Node.ELEMEN ... (7807 more bytes)","args":[{"element-6066-11e4-a52e-4f735466cecf":"829D629682E1756E38127C39D11012DA_element_2","ELEMENT":"829D629682E1756E38127C39D11012DA_element_2"}]}
RESULT: {"script":"return (function isElementDisplayed(element) {\n    function nodeIsElement(node) {\n        if (!node) {\n            return false;\n        }\n        switch (node.nodeType) {\n            case Node.ELEMEN ... (7807 more bytes)","args":[{"element-6066-11e4-a52e-4f735466cecf":"829D629682E1756E38127C39D11012DA_element_2","ELEMENT":"829D629682E1756E38127C39D11012DA_element_2"}]}
COMMAND: GET /session/d5f06d9146908bf36b300268961186bb/element/829D629682E1756E38127C39D11012DA_element_2/css/background-color - {}
RESULT: {}
]]></system-out>
    </testcase>
    <testcase classname="chrome.117_0_5938_132.linux.Invoice_Page_Test.Vendor:_Vendor_Three,Invoice:2005-09" name="should validate reconciliation table data" time="0.756">
      <system-out><![CDATA[
COMMAND: POST /session/d5f06d9146908bf36b300268961186bb/url - {"url":"https://pr-511.btm.dev.account.gov.uk/contracts/3/invoices/2005-09"}
RESULT: {"url":"https://pr-511.btm.dev.account.gov.uk/contracts/3/invoices/2005-09"}
COMMAND: POST /session/d5f06d9146908bf36b300268961186bb/execute/sync - {"script":"return (() => document.readyState === \"complete\").apply(null, arguments)","args":[]}
RESULT: {"script":"return (() => document.readyState === \"complete\").apply(null, arguments)","args":[]}
COMMAND: GET /session/d5f06d9146908bf36b300268961186bb/url - {}
RESULT: {}
COMMAND: POST /session/d5f06d9146908bf36b300268961186bb/element - {"using":"css selector","value":".govuk-heading-xl"}
RESULT: {"using":"css selector","value":".govuk-heading-xl"}
COMMAND: POST /session/d5f06d9146908bf36b300268961186bb/execute/sync - {"script":"return (function isElementDisplayed(element) {\n    function nodeIsElement(node) {\n        if (!node) {\n            return false;\n        }\n        switch (node.nodeType) {\n            case Node.ELEMEN ... (7807 more bytes)","args":[{"element-6066-11e4-a52e-4f735466cecf":"CC614CF9B0F3C9784AACB957BAEAB4F0_element_9","ELEMENT":"CC614CF9B0F3C9784AACB957BAEAB4F0_element_9"}]}
RESULT: {"script":"return (function isElementDisplayed(element) {\n    function nodeIsElement(node) {\n        if (!node) {\n            return false;\n        }\n        switch (node.nodeType) {\n            case Node.ELEMEN ... (7807 more bytes)","args":[{"element-6066-11e4-a52e-4f735466cecf":"CC614CF9B0F3C9784AACB957BAEAB4F0_element_9","ELEMENT":"CC614CF9B0F3C9784AACB957BAEAB4F0_element_9"}]}
COMMAND: POST /session/d5f06d9146908bf36b300268961186bb/element - {"using":"css selector","value":".govuk-heading-xl"}
RESULT: {"using":"css selector","value":".govuk-heading-xl"}
COMMAND: GET /session/d5f06d9146908bf36b300268961186bb/element/CC614CF9B0F3C9784AACB957BAEAB4F0_element_9/text - {}
RESULT: {}
COMMAND: POST /session/d5f06d9146908bf36b300268961186bb/element - {"using":"xpath","value":".//caption[contains(., \"Reconciliation\") and not(.//caption)]"}
RESULT: {"using":"xpath","value":".//caption[contains(., \"Reconciliation\") and not(.//caption)]"}
COMMAND: POST /session/d5f06d9146908bf36b300268961186bb/execute/sync - {"script":"return (function (elem, id) {\n        return (function parentElement() {\n        return this.parentElement;\n    }).call(elem, id);\n    }).apply(null, arguments)","args":[{"element-6066-11e4-a52e-4f735466cecf":"CC614CF9B0F3C9784AACB957BAEAB4F0_element_10","ELEMENT":"CC614CF9B0F3C9784AACB957BAEAB4F0_element_10"}]}
RESULT: {"script":"return (function (elem, id) {\n        return (function parentElement() {\n        return this.parentElement;\n    }).call(elem, id);\n    }).apply(null, arguments)","args":[{"element-6066-11e4-a52e-4f735466cecf":"CC614CF9B0F3C9784AACB957BAEAB4F0_element_10","ELEMENT":"CC614CF9B0F3C9784AACB957BAEAB4F0_element_10"}]}
COMMAND: POST /session/d5f06d9146908bf36b300268961186bb/execute/sync - {"script":"return (function isElementDisplayed(element) {\n    function nodeIsElement(node) {\n        if (!node) {\n            return false;\n        }\n        switch (node.nodeType) {\n            case Node.ELEMEN ... (7807 more bytes)","args":[{"element-6066-11e4-a52e-4f735466cecf":"CC614CF9B0F3C9784AACB957BAEAB4F0_element_8","ELEMENT":"CC614CF9B0F3C9784AACB957BAEAB4F0_element_8"}]}
RESULT: {"script":"return (function isElementDisplayed(element) {\n    function nodeIsElement(node) {\n        if (!node) {\n            return false;\n        }\n        switch (node.nodeType) {\n            case Node.ELEMEN ... (7807 more bytes)","args":[{"element-6066-11e4-a52e-4f735466cecf":"CC614CF9B0F3C9784AACB957BAEAB4F0_element_8","ELEMENT":"CC614CF9B0F3C9784AACB957BAEAB4F0_element_8"}]}
COMMAND: POST /session/d5f06d9146908bf36b300268961186bb/element/CC614CF9B0F3C9784AACB957BAEAB4F0_element_8/elements - {"using":"css selector","value":"tbody tr"}
RESULT: {"using":"css selector","value":"tbody tr"}
COMMAND: POST /session/d5f06d9146908bf36b300268961186bb/element/CC614CF9B0F3C9784AACB957BAEAB4F0_element_8/element - {"using":"css selector","value":"thead tr"}
RESULT: {"using":"css selector","value":"thead tr"}
COMMAND: POST /session/d5f06d9146908bf36b300268961186bb/element/CC614CF9B0F3C9784AACB957BAEAB4F0_element_12/elements - {"using":"css selector","value":"th"}
RESULT: {"using":"css selector","value":"th"}
COMMAND: GET /session/d5f06d9146908bf36b300268961186bb/element/CC614CF9B0F3C9784AACB957BAEAB4F0_element_13/text - {}
COMMAND: GET /session/d5f06d9146908bf36b300268961186bb/element/CC614CF9B0F3C9784AACB957BAEAB4F0_element_14/text - {}
COMMAND: GET /session/d5f06d9146908bf36b300268961186bb/element/CC614CF9B0F3C9784AACB957BAEAB4F0_element_16/text - {}
COMMAND: GET /session/d5f06d9146908bf36b300268961186bb/element/CC614CF9B0F3C9784AACB957BAEAB4F0_element_15/text - {}
COMMAND: GET /session/d5f06d9146908bf36b300268961186bb/element/CC614CF9B0F3C9784AACB957BAEAB4F0_element_17/text - {}
RESULT: {}
RESULT: {}
RESULT: {}
RESULT: {}
RESULT: {}
COMMAND: POST /session/d5f06d9146908bf36b300268961186bb/element/CC614CF9B0F3C9784AACB957BAEAB4F0_element_11/elements - {"using":"css selector","value":"th,td"}
RESULT: {"using":"css selector","value":"th,td"}
COMMAND: GET /session/d5f06d9146908bf36b300268961186bb/element/CC614CF9B0F3C9784AACB957BAEAB4F0_element_18/text - {}
RESULT: {}
COMMAND: GET /session/d5f06d9146908bf36b300268961186bb/element/CC614CF9B0F3C9784AACB957BAEAB4F0_element_19/text - {}
RESULT: {}
COMMAND: GET /session/d5f06d9146908bf36b300268961186bb/element/CC614CF9B0F3C9784AACB957BAEAB4F0_element_20/text - {}
RESULT: {}
COMMAND: GET /session/d5f06d9146908bf36b300268961186bb/element/CC614CF9B0F3C9784AACB957BAEAB4F0_element_21/text - {}
RESULT: {}
COMMAND: GET /session/d5f06d9146908bf36b300268961186bb/element/CC614CF9B0F3C9784AACB957BAEAB4F0_element_22/text - {}
RESULT: {}
]]></system-out>
    </testcase>
    <testcase classname="chrome.117_0_5938_132.linux.Invoice_Page_Test.Vendor:_Vendor_Three,Invoice:2005-09" name="should validate quantity events table data" time="1.7">
      <system-out><![CDATA[
COMMAND: POST /session/d5f06d9146908bf36b300268961186bb/url - {"url":"https://pr-511.btm.dev.account.gov.uk/contracts/3/invoices/2005-09"}
RESULT: {"url":"https://pr-511.btm.dev.account.gov.uk/contracts/3/invoices/2005-09"}
COMMAND: POST /session/d5f06d9146908bf36b300268961186bb/execute/sync - {"script":"return (() => document.readyState === \"complete\").apply(null, arguments)","args":[]}
RESULT: {"script":"return (() => document.readyState === \"complete\").apply(null, arguments)","args":[]}
COMMAND: GET /session/d5f06d9146908bf36b300268961186bb/url - {}
RESULT: {}
COMMAND: POST /session/d5f06d9146908bf36b300268961186bb/element - {"using":"css selector","value":".govuk-heading-xl"}
RESULT: {"using":"css selector","value":".govuk-heading-xl"}
COMMAND: POST /session/d5f06d9146908bf36b300268961186bb/execute/sync - {"script":"return (function isElementDisplayed(element) {\n    function nodeIsElement(node) {\n        if (!node) {\n            return false;\n        }\n        switch (node.nodeType) {\n            case Node.ELEMEN ... (7807 more bytes)","args":[{"element-6066-11e4-a52e-4f735466cecf":"F5425D4B878DB4C0875617E29CD82788_element_24","ELEMENT":"F5425D4B878DB4C0875617E29CD82788_element_24"}]}
RESULT: {"script":"return (function isElementDisplayed(element) {\n    function nodeIsElement(node) {\n        if (!node) {\n            return false;\n        }\n        switch (node.nodeType) {\n            case Node.ELEMEN ... (7807 more bytes)","args":[{"element-6066-11e4-a52e-4f735466cecf":"F5425D4B878DB4C0875617E29CD82788_element_24","ELEMENT":"F5425D4B878DB4C0875617E29CD82788_element_24"}]}
COMMAND: POST /session/d5f06d9146908bf36b300268961186bb/element - {"using":"css selector","value":".govuk-heading-xl"}
RESULT: {"using":"css selector","value":".govuk-heading-xl"}
COMMAND: GET /session/d5f06d9146908bf36b300268961186bb/element/F5425D4B878DB4C0875617E29CD82788_element_24/text - {}
RESULT: {}
COMMAND: POST /session/d5f06d9146908bf36b300268961186bb/element - {"using":"xpath","value":".//caption[contains(., \"Quantity (events)\") and not(.//caption)]"}
RESULT: {"using":"xpath","value":".//caption[contains(., \"Quantity (events)\") and not(.//caption)]"}
COMMAND: POST /session/d5f06d9146908bf36b300268961186bb/execute/sync - {"script":"return (function (elem, id) {\n        return (function parentElement() {\n        return this.parentElement;\n    }).call(elem, id);\n    }).apply(null, arguments)","args":[{"element-6066-11e4-a52e-4f735466cecf":"F5425D4B878DB4C0875617E29CD82788_element_25","ELEMENT":"F5425D4B878DB4C0875617E29CD82788_element_25"}]}
RESULT: {"script":"return (function (elem, id) {\n        return (function parentElement() {\n        return this.parentElement;\n    }).call(elem, id);\n    }).apply(null, arguments)","args":[{"element-6066-11e4-a52e-4f735466cecf":"F5425D4B878DB4C0875617E29CD82788_element_25","ELEMENT":"F5425D4B878DB4C0875617E29CD82788_element_25"}]}
COMMAND: POST /session/d5f06d9146908bf36b300268961186bb/execute/sync - {"script":"return (function isElementDisplayed(element) {\n    function nodeIsElement(node) {\n        if (!node) {\n            return false;\n        }\n        switch (node.nodeType) {\n            case Node.ELEMEN ... (7807 more bytes)","args":[{"element-6066-11e4-a52e-4f735466cecf":"F5425D4B878DB4C0875617E29CD82788_element_26","ELEMENT":"F5425D4B878DB4C0875617E29CD82788_element_26"}]}
RESULT: {"script":"return (function isElementDisplayed(element) {\n    function nodeIsElement(node) {\n        if (!node) {\n            return false;\n        }\n        switch (node.nodeType) {\n            case Node.ELEMEN ... (7807 more bytes)","args":[{"element-6066-11e4-a52e-4f735466cecf":"F5425D4B878DB4C0875617E29CD82788_element_26","ELEMENT":"F5425D4B878DB4C0875617E29CD82788_element_26"}]}
COMMAND: POST /session/d5f06d9146908bf36b300268961186bb/element/F5425D4B878DB4C0875617E29CD82788_element_26/elements - {"using":"css selector","value":"tbody tr"}
RESULT: {"using":"css selector","value":"tbody tr"}
COMMAND: POST /session/d5f06d9146908bf36b300268961186bb/element/F5425D4B878DB4C0875617E29CD82788_element_26/element - {"using":"css selector","value":"thead tr"}
RESULT: {"using":"css selector","value":"thead tr"}
COMMAND: POST /session/d5f06d9146908bf36b300268961186bb/element/F5425D4B878DB4C0875617E29CD82788_element_28/elements - {"using":"css selector","value":"th"}
RESULT: {"using":"css selector","value":"th"}
COMMAND: GET /session/d5f06d9146908bf36b300268961186bb/element/F5425D4B878DB4C0875617E29CD82788_element_29/text - {}
COMMAND: GET /session/d5f06d9146908bf36b300268961186bb/element/F5425D4B878DB4C0875617E29CD82788_element_30/text - {}
COMMAND: GET /session/d5f06d9146908bf36b300268961186bb/element/F5425D4B878DB4C0875617E29CD82788_element_32/text - {}
COMMAND: GET /session/d5f06d9146908bf36b300268961186bb/element/F5425D4B878DB4C0875617E29CD82788_element_31/text - {}
RESULT: {}
RESULT: {}
RESULT: {}
RESULT: {}
COMMAND: POST /session/d5f06d9146908bf36b300268961186bb/element/F5425D4B878DB4C0875617E29CD82788_element_27/elements - {"using":"css selector","value":"th,td"}
RESULT: {"using":"css selector","value":"th,td"}
COMMAND: GET /session/d5f06d9146908bf36b300268961186bb/element/F5425D4B878DB4C0875617E29CD82788_element_33/text - {}
RESULT: {}
COMMAND: GET /session/d5f06d9146908bf36b300268961186bb/element/F5425D4B878DB4C0875617E29CD82788_element_34/text - {}
RESULT: {}
COMMAND: GET /session/d5f06d9146908bf36b300268961186bb/element/F5425D4B878DB4C0875617E29CD82788_element_35/text - {}
RESULT: {}
COMMAND: GET /session/d5f06d9146908bf36b300268961186bb/element/F5425D4B878DB4C0875617E29CD82788_element_36/text - {}
RESULT: {}
]]></system-out>
    </testcase>
    <testcase classname="chrome.117_0_5938_132.linux.Invoice_Page_Test.Vendor:_Vendor_Three,Invoice:2005-09" name="should validate price table data" time="1.512">
      <system-out><![CDATA[
COMMAND: POST /session/d5f06d9146908bf36b300268961186bb/url - {"url":"https://pr-511.btm.dev.account.gov.uk/contracts/3/invoices/2005-09"}
RESULT: {"url":"https://pr-511.btm.dev.account.gov.uk/contracts/3/invoices/2005-09"}
COMMAND: POST /session/d5f06d9146908bf36b300268961186bb/execute/sync - {"script":"return (() => document.readyState === \"complete\").apply(null, arguments)","args":[]}
RESULT: {"script":"return (() => document.readyState === \"complete\").apply(null, arguments)","args":[]}
COMMAND: GET /session/d5f06d9146908bf36b300268961186bb/url - {}
RESULT: {}
COMMAND: POST /session/d5f06d9146908bf36b300268961186bb/element - {"using":"css selector","value":".govuk-heading-xl"}
RESULT: {"using":"css selector","value":".govuk-heading-xl"}
COMMAND: POST /session/d5f06d9146908bf36b300268961186bb/execute/sync - {"script":"return (function isElementDisplayed(element) {\n    function nodeIsElement(node) {\n        if (!node) {\n            return false;\n        }\n        switch (node.nodeType) {\n            case Node.ELEMEN ... (7807 more bytes)","args":[{"element-6066-11e4-a52e-4f735466cecf":"365816A0EFF5DF76178A6929C2D61F75_element_40","ELEMENT":"365816A0EFF5DF76178A6929C2D61F75_element_40"}]}
RESULT: {"script":"return (function isElementDisplayed(element) {\n    function nodeIsElement(node) {\n        if (!node) {\n            return false;\n        }\n        switch (node.nodeType) {\n            case Node.ELEMEN ... (7807 more bytes)","args":[{"element-6066-11e4-a52e-4f735466cecf":"365816A0EFF5DF76178A6929C2D61F75_element_40","ELEMENT":"365816A0EFF5DF76178A6929C2D61F75_element_40"}]}
COMMAND: POST /session/d5f06d9146908bf36b300268961186bb/element - {"using":"css selector","value":".govuk-heading-xl"}
RESULT: {"using":"css selector","value":".govuk-heading-xl"}
COMMAND: GET /session/d5f06d9146908bf36b300268961186bb/element/365816A0EFF5DF76178A6929C2D61F75_element_40/text - {}
RESULT: {}
COMMAND: POST /session/d5f06d9146908bf36b300268961186bb/element - {"using":"xpath","value":".//caption[contains(., \"Price\") and not(.//caption)]"}
RESULT: {"using":"xpath","value":".//caption[contains(., \"Price\") and not(.//caption)]"}
COMMAND: POST /session/d5f06d9146908bf36b300268961186bb/execute/sync - {"script":"return (function (elem, id) {\n        return (function parentElement() {\n        return this.parentElement;\n    }).call(elem, id);\n    }).apply(null, arguments)","args":[{"element-6066-11e4-a52e-4f735466cecf":"365816A0EFF5DF76178A6929C2D61F75_element_41","ELEMENT":"365816A0EFF5DF76178A6929C2D61F75_element_41"}]}
RESULT: {"script":"return (function (elem, id) {\n        return (function parentElement() {\n        return this.parentElement;\n    }).call(elem, id);\n    }).apply(null, arguments)","args":[{"element-6066-11e4-a52e-4f735466cecf":"365816A0EFF5DF76178A6929C2D61F75_element_41","ELEMENT":"365816A0EFF5DF76178A6929C2D61F75_element_41"}]}
COMMAND: POST /session/d5f06d9146908bf36b300268961186bb/execute/sync - {"script":"return (function isElementDisplayed(element) {\n    function nodeIsElement(node) {\n        if (!node) {\n            return false;\n        }\n        switch (node.nodeType) {\n            case Node.ELEMEN ... (7807 more bytes)","args":[{"element-6066-11e4-a52e-4f735466cecf":"365816A0EFF5DF76178A6929C2D61F75_element_42","ELEMENT":"365816A0EFF5DF76178A6929C2D61F75_element_42"}]}
RESULT: {"script":"return (function isElementDisplayed(element) {\n    function nodeIsElement(node) {\n        if (!node) {\n            return false;\n        }\n        switch (node.nodeType) {\n            case Node.ELEMEN ... (7807 more bytes)","args":[{"element-6066-11e4-a52e-4f735466cecf":"365816A0EFF5DF76178A6929C2D61F75_element_42","ELEMENT":"365816A0EFF5DF76178A6929C2D61F75_element_42"}]}
COMMAND: POST /session/d5f06d9146908bf36b300268961186bb/element/365816A0EFF5DF76178A6929C2D61F75_element_42/elements - {"using":"css selector","value":"tbody tr"}
RESULT: {"using":"css selector","value":"tbody tr"}
COMMAND: POST /session/d5f06d9146908bf36b300268961186bb/element/365816A0EFF5DF76178A6929C2D61F75_element_42/element - {"using":"css selector","value":"thead tr"}
RESULT: {"using":"css selector","value":"thead tr"}
COMMAND: POST /session/d5f06d9146908bf36b300268961186bb/element/365816A0EFF5DF76178A6929C2D61F75_element_44/elements - {"using":"css selector","value":"th"}
RESULT: {"using":"css selector","value":"th"}
COMMAND: GET /session/d5f06d9146908bf36b300268961186bb/element/365816A0EFF5DF76178A6929C2D61F75_element_45/text - {}
COMMAND: GET /session/d5f06d9146908bf36b300268961186bb/element/365816A0EFF5DF76178A6929C2D61F75_element_46/text - {}
COMMAND: GET /session/d5f06d9146908bf36b300268961186bb/element/365816A0EFF5DF76178A6929C2D61F75_element_48/text - {}
COMMAND: GET /session/d5f06d9146908bf36b300268961186bb/element/365816A0EFF5DF76178A6929C2D61F75_element_47/text - {}
RESULT: {}
RESULT: {}
RESULT: {}
RESULT: {}
COMMAND: POST /session/d5f06d9146908bf36b300268961186bb/element/365816A0EFF5DF76178A6929C2D61F75_element_43/elements - {"using":"css selector","value":"th,td"}
RESULT: {"using":"css selector","value":"th,td"}
COMMAND: GET /session/d5f06d9146908bf36b300268961186bb/element/365816A0EFF5DF76178A6929C2D61F75_element_49/text - {}
RESULT: {}
COMMAND: GET /session/d5f06d9146908bf36b300268961186bb/element/365816A0EFF5DF76178A6929C2D61F75_element_50/text - {}
RESULT: {}
COMMAND: GET /session/d5f06d9146908bf36b300268961186bb/element/365816A0EFF5DF76178A6929C2D61F75_element_51/text - {}
RESULT: {}
COMMAND: GET /session/d5f06d9146908bf36b300268961186bb/element/365816A0EFF5DF76178A6929C2D61F75_element_52/text - {}
RESULT: {}
]]></system-out>
    </testcase>
    <testcase classname="chrome.117_0_5938_132.linux.Invoice_Page_Test.Vendor:_Vendor_Three,Invoice:2005-09" name="should validate measured events table data" time="0">
      <skipped/>
      <system-out><![CDATA[
COMMAND: POST /session/d5f06d9146908bf36b300268961186bb/url - {"url":"https://pr-511.btm.dev.account.gov.uk/contracts/3/invoices/2005-09"}
RESULT: {"url":"https://pr-511.btm.dev.account.gov.uk/contracts/3/invoices/2005-09"}
COMMAND: POST /session/d5f06d9146908bf36b300268961186bb/execute/sync - {"script":"return (() => document.readyState === \"complete\").apply(null, arguments)","args":[]}
RESULT: {"script":"return (() => document.readyState === \"complete\").apply(null, arguments)","args":[]}
COMMAND: GET /session/d5f06d9146908bf36b300268961186bb/url - {}
RESULT: {}
COMMAND: POST /session/d5f06d9146908bf36b300268961186bb/element - {"using":"css selector","value":".govuk-heading-xl"}
RESULT: {"using":"css selector","value":".govuk-heading-xl"}
COMMAND: POST /session/d5f06d9146908bf36b300268961186bb/element - {"using":"css selector","value":".govuk-heading-xl"}
RESULT: {"using":"css selector","value":".govuk-heading-xl"}
COMMAND: POST /session/d5f06d9146908bf36b300268961186bb/element - {"using":"css selector","value":".govuk-heading-xl"}
RESULT: {"using":"css selector","value":".govuk-heading-xl"}
COMMAND: POST /session/d5f06d9146908bf36b300268961186bb/element - {"using":"css selector","value":".govuk-heading-xl"}
RESULT: {"using":"css selector","value":".govuk-heading-xl"}
COMMAND: POST /session/d5f06d9146908bf36b300268961186bb/element - {"using":"css selector","value":".govuk-heading-xl"}
RESULT: {"using":"css selector","value":".govuk-heading-xl"}
COMMAND: POST /session/d5f06d9146908bf36b300268961186bb/element - {"using":"css selector","value":".govuk-heading-xl"}
RESULT: {"using":"css selector","value":".govuk-heading-xl"}
COMMAND: POST /session/d5f06d9146908bf36b300268961186bb/element - {"using":"css selector","value":".govuk-heading-xl"}
RESULT: {"using":"css selector","value":".govuk-heading-xl"}
COMMAND: POST /session/d5f06d9146908bf36b300268961186bb/element - {"using":"css selector","value":".govuk-heading-xl"}
RESULT: {"using":"css selector","value":".govuk-heading-xl"}
COMMAND: POST /session/d5f06d9146908bf36b300268961186bb/element - {"using":"css selector","value":".govuk-heading-xl"}
RESULT: {"using":"css selector","value":".govuk-heading-xl"}
COMMAND: POST /session/d5f06d9146908bf36b300268961186bb/element - {"using":"css selector","value":".govuk-heading-xl"}
RESULT: {"using":"css selector","value":".govuk-heading-xl"}
COMMAND: POST /session/d5f06d9146908bf36b300268961186bb/element - {"using":"css selector","value":".govuk-heading-xl"}
RESULT: {"using":"css selector","value":".govuk-heading-xl"}
COMMAND: POST /session/d5f06d9146908bf36b300268961186bb/element - {"using":"css selector","value":".govuk-heading-xl"}
RESULT: {"using":"css selector","value":".govuk-heading-xl"}
COMMAND: POST /session/d5f06d9146908bf36b300268961186bb/element - {"using":"css selector","value":".govuk-heading-xl"}
RESULT: {"using":"css selector","value":".govuk-heading-xl"}
]]></system-out>
    </testcase>
    <testcase classname="chrome.117_0_5938_132.linux.Invoice_Page_Test.Vendor:_Vendor_Three,Invoice:2005-09" name="before each hook for Vendor Vendor Three Invoice 2005 09" time="9.665">
      <failure/>
      <error message="Element was not displayed within 6000ms"/>
      <system-err><![CDATA[
Error: Element was not displayed within 6000ms
    at async waitForElementDisplayed (file:///home/runner/work/di-billing-transaction-monitoring/di-billing-transaction-monitoring/ui-tests/helpers/waits.ts:23:3)
    at async InvoicePage.getPageHeadingText (file:///home/runner/work/di-billing-transaction-monitoring/di-billing-transaction-monitoring/ui-tests/pageobjects/page.ts:36:5)
    at async Context.<anonymous> (file:///home/runner/work/di-billing-transaction-monitoring/di-billing-transaction-monitoring/ui-tests/specs/invoice.spec.ts:66:27)
]]></system-err>
    </testcase>
  </testsuite>
  <testsuite name="Vendor Vendor Three Invoice 2023 03" timestamp="2023-10-12T16:17:23" time="9.469" tests="2" failures="1" errors="1" skipped="1">
    <properties>
      <property name="specId" value="0"/>
      <property name="suiteName" value="Vendor: Vendor Three,Invoice:2023-03"/>
      <property name="capabilities" value="chrome.117_0_5938_132.linux"/>
      <property name="file" value="file://./ui-tests/specs/invoice.spec.ts"/>
    </properties>
    <testcase classname="chrome.117_0_5938_132.linux.Invoice_Page_Test.Vendor:_Vendor_Three,Invoice:2023-03" name="should display correct status banner color and message" time="0">
      <skipped/>
      <system-out><![CDATA[
COMMAND: POST /session/d5f06d9146908bf36b300268961186bb/url - {"url":"https://pr-511.btm.dev.account.gov.uk/contracts/3/invoices/2023-03"}
RESULT: {"url":"https://pr-511.btm.dev.account.gov.uk/contracts/3/invoices/2023-03"}
COMMAND: POST /session/d5f06d9146908bf36b300268961186bb/execute/sync - {"script":"return (() => document.readyState === \"complete\").apply(null, arguments)","args":[]}
RESULT: {"script":"return (() => document.readyState === \"complete\").apply(null, arguments)","args":[]}
COMMAND: GET /session/d5f06d9146908bf36b300268961186bb/url - {}
RESULT: {}
COMMAND: POST /session/d5f06d9146908bf36b300268961186bb/element - {"using":"css selector","value":".govuk-heading-xl"}
RESULT: {"using":"css selector","value":".govuk-heading-xl"}
COMMAND: POST /session/d5f06d9146908bf36b300268961186bb/element - {"using":"css selector","value":".govuk-heading-xl"}
RESULT: {"using":"css selector","value":".govuk-heading-xl"}
COMMAND: POST /session/d5f06d9146908bf36b300268961186bb/element - {"using":"css selector","value":".govuk-heading-xl"}
RESULT: {"using":"css selector","value":".govuk-heading-xl"}
COMMAND: POST /session/d5f06d9146908bf36b300268961186bb/element - {"using":"css selector","value":".govuk-heading-xl"}
RESULT: {"using":"css selector","value":".govuk-heading-xl"}
COMMAND: POST /session/d5f06d9146908bf36b300268961186bb/element - {"using":"css selector","value":".govuk-heading-xl"}
RESULT: {"using":"css selector","value":".govuk-heading-xl"}
COMMAND: POST /session/d5f06d9146908bf36b300268961186bb/element - {"using":"css selector","value":".govuk-heading-xl"}
RESULT: {"using":"css selector","value":".govuk-heading-xl"}
COMMAND: POST /session/d5f06d9146908bf36b300268961186bb/element - {"using":"css selector","value":".govuk-heading-xl"}
RESULT: {"using":"css selector","value":".govuk-heading-xl"}
COMMAND: POST /session/d5f06d9146908bf36b300268961186bb/element - {"using":"css selector","value":".govuk-heading-xl"}
RESULT: {"using":"css selector","value":".govuk-heading-xl"}
COMMAND: POST /session/d5f06d9146908bf36b300268961186bb/element - {"using":"css selector","value":".govuk-heading-xl"}
RESULT: {"using":"css selector","value":".govuk-heading-xl"}
COMMAND: POST /session/d5f06d9146908bf36b300268961186bb/element - {"using":"css selector","value":".govuk-heading-xl"}
RESULT: {"using":"css selector","value":".govuk-heading-xl"}
COMMAND: POST /session/d5f06d9146908bf36b300268961186bb/element - {"using":"css selector","value":".govuk-heading-xl"}
RESULT: {"using":"css selector","value":".govuk-heading-xl"}
COMMAND: POST /session/d5f06d9146908bf36b300268961186bb/element - {"using":"css selector","value":".govuk-heading-xl"}
RESULT: {"using":"css selector","value":".govuk-heading-xl"}
COMMAND: POST /session/d5f06d9146908bf36b300268961186bb/element - {"using":"css selector","value":".govuk-heading-xl"}
RESULT: {"using":"css selector","value":".govuk-heading-xl"}
]]></system-out>
    </testcase>
    <testcase classname="chrome.117_0_5938_132.linux.Invoice_Page_Test.Vendor:_Vendor_Three,Invoice:2023-03" name="before each hook for Vendor Vendor Three Invoice 2023 03" time="9.468">
      <failure/>
      <error message="Element was not displayed within 6000ms"/>
      <system-err><![CDATA[
Error: Element was not displayed within 6000ms
    at async waitForElementDisplayed (file:///home/runner/work/di-billing-transaction-monitoring/di-billing-transaction-monitoring/ui-tests/helpers/waits.ts:23:3)
    at async InvoicePage.getPageHeadingText (file:///home/runner/work/di-billing-transaction-monitoring/di-billing-transaction-monitoring/ui-tests/pageobjects/page.ts:36:5)
    at async Context.<anonymous> (file:///home/runner/work/di-billing-transaction-monitoring/di-billing-transaction-monitoring/ui-tests/specs/invoice.spec.ts:66:27)
]]></system-err>
    </testcase>
  </testsuite>
  <testsuite name="Vendor Vendor Three Invoice 2005 08" timestamp="2023-10-12T16:17:32" time="9.679" tests="2" failures="1" errors="1" skipped="1">
    <properties>
      <property name="specId" value="0"/>
      <property name="suiteName" value="Vendor: Vendor Three,Invoice:2005-08"/>
      <property name="capabilities" value="chrome.117_0_5938_132.linux"/>
      <property name="file" value="file://./ui-tests/specs/invoice.spec.ts"/>
    </properties>
    <testcase classname="chrome.117_0_5938_132.linux.Invoice_Page_Test.Vendor:_Vendor_Three,Invoice:2005-08" name="should display correct status banner color and message" time="0">
      <skipped/>
      <system-out><![CDATA[
COMMAND: POST /session/d5f06d9146908bf36b300268961186bb/url - {"url":"https://pr-511.btm.dev.account.gov.uk/contracts/3/invoices/2005-08"}
RESULT: {"url":"https://pr-511.btm.dev.account.gov.uk/contracts/3/invoices/2005-08"}
COMMAND: POST /session/d5f06d9146908bf36b300268961186bb/execute/sync - {"script":"return (() => document.readyState === \"complete\").apply(null, arguments)","args":[]}
RESULT: {"script":"return (() => document.readyState === \"complete\").apply(null, arguments)","args":[]}
COMMAND: GET /session/d5f06d9146908bf36b300268961186bb/url - {}
RESULT: {}
COMMAND: POST /session/d5f06d9146908bf36b300268961186bb/element - {"using":"css selector","value":".govuk-heading-xl"}
RESULT: {"using":"css selector","value":".govuk-heading-xl"}
COMMAND: POST /session/d5f06d9146908bf36b300268961186bb/element - {"using":"css selector","value":".govuk-heading-xl"}
RESULT: {"using":"css selector","value":".govuk-heading-xl"}
COMMAND: POST /session/d5f06d9146908bf36b300268961186bb/element - {"using":"css selector","value":".govuk-heading-xl"}
RESULT: {"using":"css selector","value":".govuk-heading-xl"}
COMMAND: POST /session/d5f06d9146908bf36b300268961186bb/element - {"using":"css selector","value":".govuk-heading-xl"}
RESULT: {"using":"css selector","value":".govuk-heading-xl"}
COMMAND: POST /session/d5f06d9146908bf36b300268961186bb/element - {"using":"css selector","value":".govuk-heading-xl"}
RESULT: {"using":"css selector","value":".govuk-heading-xl"}
COMMAND: POST /session/d5f06d9146908bf36b300268961186bb/element - {"using":"css selector","value":".govuk-heading-xl"}
RESULT: {"using":"css selector","value":".govuk-heading-xl"}
COMMAND: POST /session/d5f06d9146908bf36b300268961186bb/element - {"using":"css selector","value":".govuk-heading-xl"}
RESULT: {"using":"css selector","value":".govuk-heading-xl"}
COMMAND: POST /session/d5f06d9146908bf36b300268961186bb/element - {"using":"css selector","value":".govuk-heading-xl"}
RESULT: {"using":"css selector","value":".govuk-heading-xl"}
COMMAND: POST /session/d5f06d9146908bf36b300268961186bb/element - {"using":"css selector","value":".govuk-heading-xl"}
RESULT: {"using":"css selector","value":".govuk-heading-xl"}
COMMAND: POST /session/d5f06d9146908bf36b300268961186bb/element - {"using":"css selector","value":".govuk-heading-xl"}
RESULT: {"using":"css selector","value":".govuk-heading-xl"}
COMMAND: POST /session/d5f06d9146908bf36b300268961186bb/element - {"using":"css selector","value":".govuk-heading-xl"}
RESULT: {"using":"css selector","value":".govuk-heading-xl"}
COMMAND: POST /session/d5f06d9146908bf36b300268961186bb/element - {"using":"css selector","value":".govuk-heading-xl"}
RESULT: {"using":"css selector","value":".govuk-heading-xl"}
COMMAND: POST /session/d5f06d9146908bf36b300268961186bb/element - {"using":"css selector","value":".govuk-heading-xl"}
RESULT: {"using":"css selector","value":".govuk-heading-xl"}
COMMAND: POST /session/d5f06d9146908bf36b300268961186bb/element - {"using":"css selector","value":".govuk-heading-xl"}
]]></system-out>
    </testcase>
    <testcase classname="chrome.117_0_5938_132.linux.Invoice_Page_Test.Vendor:_Vendor_Three,Invoice:2005-08" name="before each hook for Vendor Vendor Three Invoice 2005 08" time="9.678">
      <failure/>
      <error message="Element was not displayed within 6000ms"/>
      <system-err><![CDATA[
Error: Element was not displayed within 6000ms
    at async waitForElementDisplayed (file:///home/runner/work/di-billing-transaction-monitoring/di-billing-transaction-monitoring/ui-tests/helpers/waits.ts:23:3)
    at async InvoicePage.getPageHeadingText (file:///home/runner/work/di-billing-transaction-monitoring/di-billing-transaction-monitoring/ui-tests/pageobjects/page.ts:36:5)
    at async Context.<anonymous> (file:///home/runner/work/di-billing-transaction-monitoring/di-billing-transaction-monitoring/ui-tests/specs/invoice.spec.ts:66:27)
]]></system-err>
    </testcase>
  </testsuite>
  <testsuite name="Vendor Vendor Five Invoice 2005 12" timestamp="2023-10-12T16:17:42" time="9.187" tests="2" failures="1" errors="1" skipped="1">
    <properties>
      <property name="specId" value="0"/>
      <property name="suiteName" value="Vendor: Vendor Five,Invoice:2005-12"/>
      <property name="capabilities" value="chrome.117_0_5938_132.linux"/>
      <property name="file" value="file://./ui-tests/specs/invoice.spec.ts"/>
    </properties>
    <testcase classname="chrome.117_0_5938_132.linux.Invoice_Page_Test.Vendor:_Vendor_Five,Invoice:2005-12" name="should display correct status banner color and message" time="0">
      <skipped/>
      <system-out><![CDATA[
COMMAND: POST /session/d5f06d9146908bf36b300268961186bb/url - {"url":"https://pr-511.btm.dev.account.gov.uk/contracts/5/invoices/2005-12"}
RESULT: {"using":"css selector","value":".govuk-heading-xl"}
RESULT: {"url":"https://pr-511.btm.dev.account.gov.uk/contracts/5/invoices/2005-12"}
COMMAND: POST /session/d5f06d9146908bf36b300268961186bb/execute/sync - {"script":"return (() => document.readyState === \"complete\").apply(null, arguments)","args":[]}
RESULT: {"script":"return (() => document.readyState === \"complete\").apply(null, arguments)","args":[]}
COMMAND: GET /session/d5f06d9146908bf36b300268961186bb/url - {}
RESULT: {}
COMMAND: POST /session/d5f06d9146908bf36b300268961186bb/element - {"using":"css selector","value":".govuk-heading-xl"}
RESULT: {"using":"css selector","value":".govuk-heading-xl"}
COMMAND: POST /session/d5f06d9146908bf36b300268961186bb/element - {"using":"css selector","value":".govuk-heading-xl"}
RESULT: {"using":"css selector","value":".govuk-heading-xl"}
COMMAND: POST /session/d5f06d9146908bf36b300268961186bb/element - {"using":"css selector","value":".govuk-heading-xl"}
RESULT: {"using":"css selector","value":".govuk-heading-xl"}
COMMAND: POST /session/d5f06d9146908bf36b300268961186bb/element - {"using":"css selector","value":".govuk-heading-xl"}
RESULT: {"using":"css selector","value":".govuk-heading-xl"}
COMMAND: POST /session/d5f06d9146908bf36b300268961186bb/element - {"using":"css selector","value":".govuk-heading-xl"}
RESULT: {"using":"css selector","value":".govuk-heading-xl"}
COMMAND: POST /session/d5f06d9146908bf36b300268961186bb/element - {"using":"css selector","value":".govuk-heading-xl"}
RESULT: {"using":"css selector","value":".govuk-heading-xl"}
COMMAND: POST /session/d5f06d9146908bf36b300268961186bb/element - {"using":"css selector","value":".govuk-heading-xl"}
RESULT: {"using":"css selector","value":".govuk-heading-xl"}
COMMAND: POST /session/d5f06d9146908bf36b300268961186bb/element - {"using":"css selector","value":".govuk-heading-xl"}
RESULT: {"using":"css selector","value":".govuk-heading-xl"}
COMMAND: POST /session/d5f06d9146908bf36b300268961186bb/element - {"using":"css selector","value":".govuk-heading-xl"}
RESULT: {"using":"css selector","value":".govuk-heading-xl"}
COMMAND: POST /session/d5f06d9146908bf36b300268961186bb/element - {"using":"css selector","value":".govuk-heading-xl"}
RESULT: {"using":"css selector","value":".govuk-heading-xl"}
COMMAND: POST /session/d5f06d9146908bf36b300268961186bb/element - {"using":"css selector","value":".govuk-heading-xl"}
RESULT: {"using":"css selector","value":".govuk-heading-xl"}
COMMAND: POST /session/d5f06d9146908bf36b300268961186bb/element - {"using":"css selector","value":".govuk-heading-xl"}
RESULT: {"using":"css selector","value":".govuk-heading-xl"}
COMMAND: POST /session/d5f06d9146908bf36b300268961186bb/element - {"using":"css selector","value":".govuk-heading-xl"}
RESULT: {"using":"css selector","value":".govuk-heading-xl"}
]]></system-out>
    </testcase>
    <testcase classname="chrome.117_0_5938_132.linux.Invoice_Page_Test.Vendor:_Vendor_Five,Invoice:2005-12" name="before each hook for Vendor Vendor Five Invoice 2005 12" time="9.186">
      <failure/>
      <error message="Element was not displayed within 6000ms"/>
      <system-err><![CDATA[
Error: Element was not displayed within 6000ms
    at async waitForElementDisplayed (file:///home/runner/work/di-billing-transaction-monitoring/di-billing-transaction-monitoring/ui-tests/helpers/waits.ts:23:3)
    at async InvoicePage.getPageHeadingText (file:///home/runner/work/di-billing-transaction-monitoring/di-billing-transaction-monitoring/ui-tests/pageobjects/page.ts:36:5)
    at async Context.<anonymous> (file:///home/runner/work/di-billing-transaction-monitoring/di-billing-transaction-monitoring/ui-tests/specs/invoice.spec.ts:66:27)
]]></system-err>
    </testcase>
  </testsuite>
  <testsuite name="Vendor Vendor Five Invoice 2005 05" timestamp="2023-10-12T16:17:51" time="9.88" tests="2" failures="1" errors="1" skipped="1">
    <properties>
      <property name="specId" value="0"/>
      <property name="suiteName" value="Vendor: Vendor Five,Invoice:2005-05"/>
      <property name="capabilities" value="chrome.117_0_5938_132.linux"/>
      <property name="file" value="file://./ui-tests/specs/invoice.spec.ts"/>
    </properties>
    <testcase classname="chrome.117_0_5938_132.linux.Invoice_Page_Test.Vendor:_Vendor_Five,Invoice:2005-05" name="should display correct status banner color and message" time="0">
      <skipped/>
      <system-out><![CDATA[
COMMAND: POST /session/d5f06d9146908bf36b300268961186bb/url - {"url":"https://pr-511.btm.dev.account.gov.uk/contracts/5/invoices/2005-05"}
RESULT: {"url":"https://pr-511.btm.dev.account.gov.uk/contracts/5/invoices/2005-05"}
COMMAND: POST /session/d5f06d9146908bf36b300268961186bb/execute/sync - {"script":"return (() => document.readyState === \"complete\").apply(null, arguments)","args":[]}
RESULT: {"script":"return (() => document.readyState === \"complete\").apply(null, arguments)","args":[]}
COMMAND: GET /session/d5f06d9146908bf36b300268961186bb/url - {}
RESULT: {}
COMMAND: POST /session/d5f06d9146908bf36b300268961186bb/element - {"using":"css selector","value":".govuk-heading-xl"}
RESULT: {"using":"css selector","value":".govuk-heading-xl"}
COMMAND: POST /session/d5f06d9146908bf36b300268961186bb/element - {"using":"css selector","value":".govuk-heading-xl"}
RESULT: {"using":"css selector","value":".govuk-heading-xl"}
COMMAND: POST /session/d5f06d9146908bf36b300268961186bb/element - {"using":"css selector","value":".govuk-heading-xl"}
RESULT: {"using":"css selector","value":".govuk-heading-xl"}
COMMAND: POST /session/d5f06d9146908bf36b300268961186bb/element - {"using":"css selector","value":".govuk-heading-xl"}
RESULT: {"using":"css selector","value":".govuk-heading-xl"}
COMMAND: POST /session/d5f06d9146908bf36b300268961186bb/element - {"using":"css selector","value":".govuk-heading-xl"}
RESULT: {"using":"css selector","value":".govuk-heading-xl"}
COMMAND: POST /session/d5f06d9146908bf36b300268961186bb/element - {"using":"css selector","value":".govuk-heading-xl"}
RESULT: {"using":"css selector","value":".govuk-heading-xl"}
COMMAND: POST /session/d5f06d9146908bf36b300268961186bb/element - {"using":"css selector","value":".govuk-heading-xl"}
RESULT: {"using":"css selector","value":".govuk-heading-xl"}
COMMAND: POST /session/d5f06d9146908bf36b300268961186bb/element - {"using":"css selector","value":".govuk-heading-xl"}
RESULT: {"using":"css selector","value":".govuk-heading-xl"}
COMMAND: POST /session/d5f06d9146908bf36b300268961186bb/element - {"using":"css selector","value":".govuk-heading-xl"}
RESULT: {"using":"css selector","value":".govuk-heading-xl"}
COMMAND: POST /session/d5f06d9146908bf36b300268961186bb/element - {"using":"css selector","value":".govuk-heading-xl"}
RESULT: {"using":"css selector","value":".govuk-heading-xl"}
COMMAND: POST /session/d5f06d9146908bf36b300268961186bb/element - {"using":"css selector","value":".govuk-heading-xl"}
RESULT: {"using":"css selector","value":".govuk-heading-xl"}
COMMAND: POST /session/d5f06d9146908bf36b300268961186bb/element - {"using":"css selector","value":".govuk-heading-xl"}
RESULT: {"using":"css selector","value":".govuk-heading-xl"}
COMMAND: POST /session/d5f06d9146908bf36b300268961186bb/element - {"using":"css selector","value":".govuk-heading-xl"}
RESULT: {"using":"css selector","value":".govuk-heading-xl"}
]]></system-out>
    </testcase>
    <testcase classname="chrome.117_0_5938_132.linux.Invoice_Page_Test.Vendor:_Vendor_Five,Invoice:2005-05" name="before each hook for Vendor Vendor Five Invoice 2005 05" time="9.88">
      <failure/>
      <error message="Element was not displayed within 6000ms"/>
      <system-err><![CDATA[
Error: Element was not displayed within 6000ms
    at async waitForElementDisplayed (file:///home/runner/work/di-billing-transaction-monitoring/di-billing-transaction-monitoring/ui-tests/helpers/waits.ts:23:3)
    at async InvoicePage.getPageHeadingText (file:///home/runner/work/di-billing-transaction-monitoring/di-billing-transaction-monitoring/ui-tests/pageobjects/page.ts:36:5)
    at async Context.<anonymous> (file:///home/runner/work/di-billing-transaction-monitoring/di-billing-transaction-monitoring/ui-tests/specs/invoice.spec.ts:66:27)
]]></system-err>
    </testcase>
  </testsuite>
  <testsuite name="Vendor Vendor Five Invoice 2005 11" timestamp="2023-10-12T16:18:01" time="9.916" tests="2" failures="1" errors="1" skipped="1">
    <properties>
      <property name="specId" value="0"/>
      <property name="suiteName" value="Vendor: Vendor Five,Invoice:2005-11"/>
      <property name="capabilities" value="chrome.117_0_5938_132.linux"/>
      <property name="file" value="file://./ui-tests/specs/invoice.spec.ts"/>
    </properties>
    <testcase classname="chrome.117_0_5938_132.linux.Invoice_Page_Test.Vendor:_Vendor_Five,Invoice:2005-11" name="should display correct status banner color and message" time="0">
      <skipped/>
      <system-out><![CDATA[
COMMAND: POST /session/d5f06d9146908bf36b300268961186bb/url - {"url":"https://pr-511.btm.dev.account.gov.uk/contracts/5/invoices/2005-11"}
RESULT: {"url":"https://pr-511.btm.dev.account.gov.uk/contracts/5/invoices/2005-11"}
COMMAND: POST /session/d5f06d9146908bf36b300268961186bb/execute/sync - {"script":"return (() => document.readyState === \"complete\").apply(null, arguments)","args":[]}
RESULT: {"script":"return (() => document.readyState === \"complete\").apply(null, arguments)","args":[]}
COMMAND: GET /session/d5f06d9146908bf36b300268961186bb/url - {}
RESULT: {}
COMMAND: POST /session/d5f06d9146908bf36b300268961186bb/element - {"using":"css selector","value":".govuk-heading-xl"}
RESULT: {"using":"css selector","value":".govuk-heading-xl"}
COMMAND: POST /session/d5f06d9146908bf36b300268961186bb/element - {"using":"css selector","value":".govuk-heading-xl"}
RESULT: {"using":"css selector","value":".govuk-heading-xl"}
COMMAND: POST /session/d5f06d9146908bf36b300268961186bb/element - {"using":"css selector","value":".govuk-heading-xl"}
RESULT: {"using":"css selector","value":".govuk-heading-xl"}
COMMAND: POST /session/d5f06d9146908bf36b300268961186bb/element - {"using":"css selector","value":".govuk-heading-xl"}
RESULT: {"using":"css selector","value":".govuk-heading-xl"}
COMMAND: POST /session/d5f06d9146908bf36b300268961186bb/element - {"using":"css selector","value":".govuk-heading-xl"}
RESULT: {"using":"css selector","value":".govuk-heading-xl"}
COMMAND: POST /session/d5f06d9146908bf36b300268961186bb/element - {"using":"css selector","value":".govuk-heading-xl"}
RESULT: {"using":"css selector","value":".govuk-heading-xl"}
COMMAND: POST /session/d5f06d9146908bf36b300268961186bb/element - {"using":"css selector","value":".govuk-heading-xl"}
RESULT: {"using":"css selector","value":".govuk-heading-xl"}
COMMAND: POST /session/d5f06d9146908bf36b300268961186bb/element - {"using":"css selector","value":".govuk-heading-xl"}
RESULT: {"using":"css selector","value":".govuk-heading-xl"}
COMMAND: POST /session/d5f06d9146908bf36b300268961186bb/element - {"using":"css selector","value":".govuk-heading-xl"}
RESULT: {"using":"css selector","value":".govuk-heading-xl"}
COMMAND: POST /session/d5f06d9146908bf36b300268961186bb/element - {"using":"css selector","value":".govuk-heading-xl"}
RESULT: {"using":"css selector","value":".govuk-heading-xl"}
COMMAND: POST /session/d5f06d9146908bf36b300268961186bb/element - {"using":"css selector","value":".govuk-heading-xl"}
RESULT: {"using":"css selector","value":".govuk-heading-xl"}
COMMAND: POST /session/d5f06d9146908bf36b300268961186bb/element - {"using":"css selector","value":".govuk-heading-xl"}
RESULT: {"using":"css selector","value":".govuk-heading-xl"}
COMMAND: POST /session/d5f06d9146908bf36b300268961186bb/element - {"using":"css selector","value":".govuk-heading-xl"}
RESULT: {"using":"css selector","value":".govuk-heading-xl"}
]]></system-out>
    </testcase>
    <testcase classname="chrome.117_0_5938_132.linux.Invoice_Page_Test.Vendor:_Vendor_Five,Invoice:2005-11" name="before each hook for Vendor Vendor Five Invoice 2005 11" time="9.916">
      <failure/>
      <error message="Element was not displayed within 6000ms"/>
      <system-err><![CDATA[
Error: Element was not displayed within 6000ms
    at async waitForElementDisplayed (file:///home/runner/work/di-billing-transaction-monitoring/di-billing-transaction-monitoring/ui-tests/helpers/waits.ts:23:3)
    at async InvoicePage.getPageHeadingText (file:///home/runner/work/di-billing-transaction-monitoring/di-billing-transaction-monitoring/ui-tests/pageobjects/page.ts:36:5)
    at async Context.<anonymous> (file:///home/runner/work/di-billing-transaction-monitoring/di-billing-transaction-monitoring/ui-tests/specs/invoice.spec.ts:66:27)
]]></system-err>
    </testcase>
  </testsuite>
  <testsuite name="Vendor Vendor Four Invoice 2005 04" timestamp="2023-10-12T16:18:11" time="10.095" tests="2" failures="1" errors="1" skipped="1">
    <properties>
      <property name="specId" value="0"/>
      <property name="suiteName" value="Vendor: Vendor Four,Invoice:2005-04"/>
      <property name="capabilities" value="chrome.117_0_5938_132.linux"/>
      <property name="file" value="file://./ui-tests/specs/invoice.spec.ts"/>
    </properties>
    <testcase classname="chrome.117_0_5938_132.linux.Invoice_Page_Test.Vendor:_Vendor_Four,Invoice:2005-04" name="should display correct status banner color and message" time="0">
      <skipped/>
      <system-out><![CDATA[
COMMAND: POST /session/d5f06d9146908bf36b300268961186bb/url - {"url":"https://pr-511.btm.dev.account.gov.uk/contracts/4/invoices/2005-04"}
RESULT: {"url":"https://pr-511.btm.dev.account.gov.uk/contracts/4/invoices/2005-04"}
COMMAND: POST /session/d5f06d9146908bf36b300268961186bb/execute/sync - {"script":"return (() => document.readyState === \"complete\").apply(null, arguments)","args":[]}
RESULT: {"script":"return (() => document.readyState === \"complete\").apply(null, arguments)","args":[]}
COMMAND: GET /session/d5f06d9146908bf36b300268961186bb/url - {}
RESULT: {}
COMMAND: POST /session/d5f06d9146908bf36b300268961186bb/element - {"using":"css selector","value":".govuk-heading-xl"}
RESULT: {"using":"css selector","value":".govuk-heading-xl"}
COMMAND: POST /session/d5f06d9146908bf36b300268961186bb/element - {"using":"css selector","value":".govuk-heading-xl"}
RESULT: {"using":"css selector","value":".govuk-heading-xl"}
COMMAND: POST /session/d5f06d9146908bf36b300268961186bb/element - {"using":"css selector","value":".govuk-heading-xl"}
RESULT: {"using":"css selector","value":".govuk-heading-xl"}
COMMAND: POST /session/d5f06d9146908bf36b300268961186bb/element - {"using":"css selector","value":".govuk-heading-xl"}
RESULT: {"using":"css selector","value":".govuk-heading-xl"}
COMMAND: POST /session/d5f06d9146908bf36b300268961186bb/element - {"using":"css selector","value":".govuk-heading-xl"}
RESULT: {"using":"css selector","value":".govuk-heading-xl"}
COMMAND: POST /session/d5f06d9146908bf36b300268961186bb/element - {"using":"css selector","value":".govuk-heading-xl"}
RESULT: {"using":"css selector","value":".govuk-heading-xl"}
COMMAND: POST /session/d5f06d9146908bf36b300268961186bb/element - {"using":"css selector","value":".govuk-heading-xl"}
RESULT: {"using":"css selector","value":".govuk-heading-xl"}
COMMAND: POST /session/d5f06d9146908bf36b300268961186bb/element - {"using":"css selector","value":".govuk-heading-xl"}
RESULT: {"using":"css selector","value":".govuk-heading-xl"}
COMMAND: POST /session/d5f06d9146908bf36b300268961186bb/element - {"using":"css selector","value":".govuk-heading-xl"}
RESULT: {"using":"css selector","value":".govuk-heading-xl"}
COMMAND: POST /session/d5f06d9146908bf36b300268961186bb/element - {"using":"css selector","value":".govuk-heading-xl"}
RESULT: {"using":"css selector","value":".govuk-heading-xl"}
COMMAND: POST /session/d5f06d9146908bf36b300268961186bb/element - {"using":"css selector","value":".govuk-heading-xl"}
RESULT: {"using":"css selector","value":".govuk-heading-xl"}
COMMAND: POST /session/d5f06d9146908bf36b300268961186bb/element - {"using":"css selector","value":".govuk-heading-xl"}
RESULT: {"using":"css selector","value":".govuk-heading-xl"}
COMMAND: POST /session/d5f06d9146908bf36b300268961186bb/element - {"using":"css selector","value":".govuk-heading-xl"}
RESULT: {"using":"css selector","value":".govuk-heading-xl"}
]]></system-out>
    </testcase>
    <testcase classname="chrome.117_0_5938_132.linux.Invoice_Page_Test.Vendor:_Vendor_Four,Invoice:2005-04" name="before each hook for Vendor Vendor Four Invoice 2005 04" time="10.095">
      <failure/>
      <error message="Element was not displayed within 6000ms"/>
      <system-err><![CDATA[
Error: Element was not displayed within 6000ms
    at async waitForElementDisplayed (file:///home/runner/work/di-billing-transaction-monitoring/di-billing-transaction-monitoring/ui-tests/helpers/waits.ts:23:3)
    at async InvoicePage.getPageHeadingText (file:///home/runner/work/di-billing-transaction-monitoring/di-billing-transaction-monitoring/ui-tests/pageobjects/page.ts:36:5)
    at async Context.<anonymous> (file:///home/runner/work/di-billing-transaction-monitoring/di-billing-transaction-monitoring/ui-tests/specs/invoice.spec.ts:66:27)
]]></system-err>
    </testcase>
  </testsuite>
  <testsuite name="Vendor Vendor Four Invoice 2005 03" timestamp="2023-10-12T16:18:21" time="9.241" tests="2" failures="1" errors="1" skipped="1">
    <properties>
      <property name="specId" value="0"/>
      <property name="suiteName" value="Vendor: Vendor Four,Invoice:2005-03"/>
      <property name="capabilities" value="chrome.117_0_5938_132.linux"/>
      <property name="file" value="file://./ui-tests/specs/invoice.spec.ts"/>
    </properties>
    <testcase classname="chrome.117_0_5938_132.linux.Invoice_Page_Test.Vendor:_Vendor_Four,Invoice:2005-03" name="should display correct status banner color and message" time="0">
      <skipped/>
      <system-out><![CDATA[
COMMAND: POST /session/d5f06d9146908bf36b300268961186bb/url - {"url":"https://pr-511.btm.dev.account.gov.uk/contracts/4/invoices/2005-03"}
RESULT: {"url":"https://pr-511.btm.dev.account.gov.uk/contracts/4/invoices/2005-03"}
COMMAND: POST /session/d5f06d9146908bf36b300268961186bb/execute/sync - {"script":"return (() => document.readyState === \"complete\").apply(null, arguments)","args":[]}
RESULT: {"script":"return (() => document.readyState === \"complete\").apply(null, arguments)","args":[]}
COMMAND: GET /session/d5f06d9146908bf36b300268961186bb/url - {}
RESULT: {}
COMMAND: POST /session/d5f06d9146908bf36b300268961186bb/element - {"using":"css selector","value":".govuk-heading-xl"}
RESULT: {"using":"css selector","value":".govuk-heading-xl"}
COMMAND: POST /session/d5f06d9146908bf36b300268961186bb/element - {"using":"css selector","value":".govuk-heading-xl"}
RESULT: {"using":"css selector","value":".govuk-heading-xl"}
COMMAND: POST /session/d5f06d9146908bf36b300268961186bb/element - {"using":"css selector","value":".govuk-heading-xl"}
RESULT: {"using":"css selector","value":".govuk-heading-xl"}
COMMAND: POST /session/d5f06d9146908bf36b300268961186bb/element - {"using":"css selector","value":".govuk-heading-xl"}
RESULT: {"using":"css selector","value":".govuk-heading-xl"}
COMMAND: POST /session/d5f06d9146908bf36b300268961186bb/element - {"using":"css selector","value":".govuk-heading-xl"}
RESULT: {"using":"css selector","value":".govuk-heading-xl"}
COMMAND: POST /session/d5f06d9146908bf36b300268961186bb/element - {"using":"css selector","value":".govuk-heading-xl"}
RESULT: {"using":"css selector","value":".govuk-heading-xl"}
COMMAND: POST /session/d5f06d9146908bf36b300268961186bb/element - {"using":"css selector","value":".govuk-heading-xl"}
RESULT: {"using":"css selector","value":".govuk-heading-xl"}
COMMAND: POST /session/d5f06d9146908bf36b300268961186bb/element - {"using":"css selector","value":".govuk-heading-xl"}
RESULT: {"using":"css selector","value":".govuk-heading-xl"}
COMMAND: POST /session/d5f06d9146908bf36b300268961186bb/element - {"using":"css selector","value":".govuk-heading-xl"}
RESULT: {"using":"css selector","value":".govuk-heading-xl"}
COMMAND: POST /session/d5f06d9146908bf36b300268961186bb/element - {"using":"css selector","value":".govuk-heading-xl"}
RESULT: {"using":"css selector","value":".govuk-heading-xl"}
COMMAND: POST /session/d5f06d9146908bf36b300268961186bb/element - {"using":"css selector","value":".govuk-heading-xl"}
RESULT: {"using":"css selector","value":".govuk-heading-xl"}
COMMAND: POST /session/d5f06d9146908bf36b300268961186bb/element - {"using":"css selector","value":".govuk-heading-xl"}
RESULT: {"using":"css selector","value":".govuk-heading-xl"}
COMMAND: POST /session/d5f06d9146908bf36b300268961186bb/element - {"using":"css selector","value":".govuk-heading-xl"}
RESULT: {"using":"css selector","value":".govuk-heading-xl"}
]]></system-out>
    </testcase>
    <testcase classname="chrome.117_0_5938_132.linux.Invoice_Page_Test.Vendor:_Vendor_Four,Invoice:2005-03" name="before each hook for Vendor Vendor Four Invoice 2005 03" time="9.241">
      <failure/>
      <error message="Element was not displayed within 6000ms"/>
      <system-err><![CDATA[
Error: Element was not displayed within 6000ms
    at async waitForElementDisplayed (file:///home/runner/work/di-billing-transaction-monitoring/di-billing-transaction-monitoring/ui-tests/helpers/waits.ts:23:3)
    at async InvoicePage.getPageHeadingText (file:///home/runner/work/di-billing-transaction-monitoring/di-billing-transaction-monitoring/ui-tests/pageobjects/page.ts:36:5)
    at async Context.<anonymous> (file:///home/runner/work/di-billing-transaction-monitoring/di-billing-transaction-monitoring/ui-tests/specs/invoice.spec.ts:66:27)
]]></system-err>
    </testcase>
  </testsuite>
  <testsuite name="Vendor Vendor Four Invoice 2005 02" timestamp="2023-10-12T16:18:30" time="10.179" tests="2" failures="1" errors="1" skipped="1">
    <properties>
      <property name="specId" value="0"/>
      <property name="suiteName" value="Vendor: Vendor Four,Invoice:2005-02"/>
      <property name="capabilities" value="chrome.117_0_5938_132.linux"/>
      <property name="file" value="file://./ui-tests/specs/invoice.spec.ts"/>
    </properties>
    <testcase classname="chrome.117_0_5938_132.linux.Invoice_Page_Test.Vendor:_Vendor_Four,Invoice:2005-02" name="should display correct status banner color and message" time="0">
      <skipped/>
      <system-out><![CDATA[
COMMAND: POST /session/d5f06d9146908bf36b300268961186bb/url - {"url":"https://pr-511.btm.dev.account.gov.uk/contracts/4/invoices/2005-02"}
RESULT: {"url":"https://pr-511.btm.dev.account.gov.uk/contracts/4/invoices/2005-02"}
COMMAND: POST /session/d5f06d9146908bf36b300268961186bb/execute/sync - {"script":"return (() => document.readyState === \"complete\").apply(null, arguments)","args":[]}
RESULT: {"script":"return (() => document.readyState === \"complete\").apply(null, arguments)","args":[]}
COMMAND: GET /session/d5f06d9146908bf36b300268961186bb/url - {}
RESULT: {}
COMMAND: POST /session/d5f06d9146908bf36b300268961186bb/element - {"using":"css selector","value":".govuk-heading-xl"}
RESULT: {"using":"css selector","value":".govuk-heading-xl"}
COMMAND: POST /session/d5f06d9146908bf36b300268961186bb/element - {"using":"css selector","value":".govuk-heading-xl"}
RESULT: {"using":"css selector","value":".govuk-heading-xl"}
COMMAND: POST /session/d5f06d9146908bf36b300268961186bb/element - {"using":"css selector","value":".govuk-heading-xl"}
RESULT: {"using":"css selector","value":".govuk-heading-xl"}
COMMAND: POST /session/d5f06d9146908bf36b300268961186bb/element - {"using":"css selector","value":".govuk-heading-xl"}
RESULT: {"using":"css selector","value":".govuk-heading-xl"}
COMMAND: POST /session/d5f06d9146908bf36b300268961186bb/element - {"using":"css selector","value":".govuk-heading-xl"}
RESULT: {"using":"css selector","value":".govuk-heading-xl"}
COMMAND: POST /session/d5f06d9146908bf36b300268961186bb/element - {"using":"css selector","value":".govuk-heading-xl"}
RESULT: {"using":"css selector","value":".govuk-heading-xl"}
COMMAND: POST /session/d5f06d9146908bf36b300268961186bb/element - {"using":"css selector","value":".govuk-heading-xl"}
RESULT: {"using":"css selector","value":".govuk-heading-xl"}
COMMAND: POST /session/d5f06d9146908bf36b300268961186bb/element - {"using":"css selector","value":".govuk-heading-xl"}
RESULT: {"using":"css selector","value":".govuk-heading-xl"}
COMMAND: POST /session/d5f06d9146908bf36b300268961186bb/element - {"using":"css selector","value":".govuk-heading-xl"}
RESULT: {"using":"css selector","value":".govuk-heading-xl"}
COMMAND: POST /session/d5f06d9146908bf36b300268961186bb/element - {"using":"css selector","value":".govuk-heading-xl"}
RESULT: {"using":"css selector","value":".govuk-heading-xl"}
COMMAND: POST /session/d5f06d9146908bf36b300268961186bb/element - {"using":"css selector","value":".govuk-heading-xl"}
RESULT: {"using":"css selector","value":".govuk-heading-xl"}
COMMAND: POST /session/d5f06d9146908bf36b300268961186bb/element - {"using":"css selector","value":".govuk-heading-xl"}
RESULT: {"using":"css selector","value":".govuk-heading-xl"}
COMMAND: POST /session/d5f06d9146908bf36b300268961186bb/element - {"using":"css selector","value":".govuk-heading-xl"}
RESULT: {"using":"css selector","value":".govuk-heading-xl"}
]]></system-out>
    </testcase>
    <testcase classname="chrome.117_0_5938_132.linux.Invoice_Page_Test.Vendor:_Vendor_Four,Invoice:2005-02" name="before each hook for Vendor Vendor Four Invoice 2005 02" time="10.179">
      <failure/>
      <error message="Element was not displayed within 6000ms"/>
      <system-err><![CDATA[
Error: Element was not displayed within 6000ms
    at async waitForElementDisplayed (file:///home/runner/work/di-billing-transaction-monitoring/di-billing-transaction-monitoring/ui-tests/helpers/waits.ts:23:3)
    at async InvoicePage.getPageHeadingText (file:///home/runner/work/di-billing-transaction-monitoring/di-billing-transaction-monitoring/ui-tests/pageobjects/page.ts:36:5)
    at async Context.<anonymous> (file:///home/runner/work/di-billing-transaction-monitoring/di-billing-transaction-monitoring/ui-tests/specs/invoice.spec.ts:66:27)
]]></system-err>
    </testcase>
  </testsuite>
  <testsuite name="Vendor Vendor Two Invoice 2005 07" timestamp="2023-10-12T16:18:40" time="9.168" tests="2" failures="1" errors="1" skipped="1">
    <properties>
      <property name="specId" value="0"/>
      <property name="suiteName" value="Vendor: Vendor Two,Invoice:2005-07"/>
      <property name="capabilities" value="chrome.117_0_5938_132.linux"/>
      <property name="file" value="file://./ui-tests/specs/invoice.spec.ts"/>
    </properties>
    <testcase classname="chrome.117_0_5938_132.linux.Invoice_Page_Test.Vendor:_Vendor_Two,Invoice:2005-07" name="should display correct status banner color and message" time="0">
      <skipped/>
      <system-out><![CDATA[
COMMAND: POST /session/d5f06d9146908bf36b300268961186bb/url - {"url":"https://pr-511.btm.dev.account.gov.uk/contracts/2/invoices/2005-07"}
RESULT: {"url":"https://pr-511.btm.dev.account.gov.uk/contracts/2/invoices/2005-07"}
COMMAND: POST /session/d5f06d9146908bf36b300268961186bb/execute/sync - {"script":"return (() => document.readyState === \"complete\").apply(null, arguments)","args":[]}
RESULT: {"script":"return (() => document.readyState === \"complete\").apply(null, arguments)","args":[]}
COMMAND: GET /session/d5f06d9146908bf36b300268961186bb/url - {}
RESULT: {}
COMMAND: POST /session/d5f06d9146908bf36b300268961186bb/element - {"using":"css selector","value":".govuk-heading-xl"}
RESULT: {"using":"css selector","value":".govuk-heading-xl"}
COMMAND: POST /session/d5f06d9146908bf36b300268961186bb/element - {"using":"css selector","value":".govuk-heading-xl"}
RESULT: {"using":"css selector","value":".govuk-heading-xl"}
COMMAND: POST /session/d5f06d9146908bf36b300268961186bb/element - {"using":"css selector","value":".govuk-heading-xl"}
RESULT: {"using":"css selector","value":".govuk-heading-xl"}
COMMAND: POST /session/d5f06d9146908bf36b300268961186bb/element - {"using":"css selector","value":".govuk-heading-xl"}
RESULT: {"using":"css selector","value":".govuk-heading-xl"}
COMMAND: POST /session/d5f06d9146908bf36b300268961186bb/element - {"using":"css selector","value":".govuk-heading-xl"}
RESULT: {"using":"css selector","value":".govuk-heading-xl"}
COMMAND: POST /session/d5f06d9146908bf36b300268961186bb/element - {"using":"css selector","value":".govuk-heading-xl"}
RESULT: {"using":"css selector","value":".govuk-heading-xl"}
COMMAND: POST /session/d5f06d9146908bf36b300268961186bb/element - {"using":"css selector","value":".govuk-heading-xl"}
RESULT: {"using":"css selector","value":".govuk-heading-xl"}
COMMAND: POST /session/d5f06d9146908bf36b300268961186bb/element - {"using":"css selector","value":".govuk-heading-xl"}
RESULT: {"using":"css selector","value":".govuk-heading-xl"}
COMMAND: POST /session/d5f06d9146908bf36b300268961186bb/element - {"using":"css selector","value":".govuk-heading-xl"}
RESULT: {"using":"css selector","value":".govuk-heading-xl"}
COMMAND: POST /session/d5f06d9146908bf36b300268961186bb/element - {"using":"css selector","value":".govuk-heading-xl"}
RESULT: {"using":"css selector","value":".govuk-heading-xl"}
COMMAND: POST /session/d5f06d9146908bf36b300268961186bb/element - {"using":"css selector","value":".govuk-heading-xl"}
RESULT: {"using":"css selector","value":".govuk-heading-xl"}
COMMAND: POST /session/d5f06d9146908bf36b300268961186bb/element - {"using":"css selector","value":".govuk-heading-xl"}
RESULT: {"using":"css selector","value":".govuk-heading-xl"}
COMMAND: POST /session/d5f06d9146908bf36b300268961186bb/element - {"using":"css selector","value":".govuk-heading-xl"}
RESULT: {"using":"css selector","value":".govuk-heading-xl"}
]]></system-out>
    </testcase>
    <testcase classname="chrome.117_0_5938_132.linux.Invoice_Page_Test.Vendor:_Vendor_Two,Invoice:2005-07" name="before each hook for Vendor Vendor Two Invoice 2005 07" time="9.168">
      <failure/>
      <error message="Element was not displayed within 6000ms"/>
      <system-err><![CDATA[
Error: Element was not displayed within 6000ms
    at async waitForElementDisplayed (file:///home/runner/work/di-billing-transaction-monitoring/di-billing-transaction-monitoring/ui-tests/helpers/waits.ts:23:3)
    at async InvoicePage.getPageHeadingText (file:///home/runner/work/di-billing-transaction-monitoring/di-billing-transaction-monitoring/ui-tests/pageobjects/page.ts:36:5)
    at async Context.<anonymous> (file:///home/runner/work/di-billing-transaction-monitoring/di-billing-transaction-monitoring/ui-tests/specs/invoice.spec.ts:66:27)
]]></system-err>
    </testcase>
  </testsuite>
  <testsuite name="Vendor Vendor One Invoice 2023 01" timestamp="2023-10-12T16:18:50" time="9.451" tests="2" failures="1" errors="1" skipped="1">
    <properties>
      <property name="specId" value="0"/>
      <property name="suiteName" value="Vendor: Vendor One,Invoice:2023-01"/>
      <property name="capabilities" value="chrome.117_0_5938_132.linux"/>
      <property name="file" value="file://./ui-tests/specs/invoice.spec.ts"/>
    </properties>
    <testcase classname="chrome.117_0_5938_132.linux.Invoice_Page_Test.Vendor:_Vendor_One,Invoice:2023-01" name="should display correct status banner color and message" time="0">
      <skipped/>
      <system-out><![CDATA[
COMMAND: POST /session/d5f06d9146908bf36b300268961186bb/url - {"url":"https://pr-511.btm.dev.account.gov.uk/contracts/1/invoices/2023-01"}
RESULT: {"url":"https://pr-511.btm.dev.account.gov.uk/contracts/1/invoices/2023-01"}
COMMAND: POST /session/d5f06d9146908bf36b300268961186bb/execute/sync - {"script":"return (() => document.readyState === \"complete\").apply(null, arguments)","args":[]}
RESULT: {"script":"return (() => document.readyState === \"complete\").apply(null, arguments)","args":[]}
COMMAND: GET /session/d5f06d9146908bf36b300268961186bb/url - {}
RESULT: {}
COMMAND: POST /session/d5f06d9146908bf36b300268961186bb/element - {"using":"css selector","value":".govuk-heading-xl"}
RESULT: {"using":"css selector","value":".govuk-heading-xl"}
COMMAND: POST /session/d5f06d9146908bf36b300268961186bb/element - {"using":"css selector","value":".govuk-heading-xl"}
RESULT: {"using":"css selector","value":".govuk-heading-xl"}
COMMAND: POST /session/d5f06d9146908bf36b300268961186bb/element - {"using":"css selector","value":".govuk-heading-xl"}
RESULT: {"using":"css selector","value":".govuk-heading-xl"}
COMMAND: POST /session/d5f06d9146908bf36b300268961186bb/element - {"using":"css selector","value":".govuk-heading-xl"}
RESULT: {"using":"css selector","value":".govuk-heading-xl"}
COMMAND: POST /session/d5f06d9146908bf36b300268961186bb/element - {"using":"css selector","value":".govuk-heading-xl"}
RESULT: {"using":"css selector","value":".govuk-heading-xl"}
COMMAND: POST /session/d5f06d9146908bf36b300268961186bb/element - {"using":"css selector","value":".govuk-heading-xl"}
RESULT: {"using":"css selector","value":".govuk-heading-xl"}
COMMAND: POST /session/d5f06d9146908bf36b300268961186bb/element - {"using":"css selector","value":".govuk-heading-xl"}
RESULT: {"using":"css selector","value":".govuk-heading-xl"}
COMMAND: POST /session/d5f06d9146908bf36b300268961186bb/element - {"using":"css selector","value":".govuk-heading-xl"}
RESULT: {"using":"css selector","value":".govuk-heading-xl"}
COMMAND: POST /session/d5f06d9146908bf36b300268961186bb/element - {"using":"css selector","value":".govuk-heading-xl"}
RESULT: {"using":"css selector","value":".govuk-heading-xl"}
COMMAND: POST /session/d5f06d9146908bf36b300268961186bb/element - {"using":"css selector","value":".govuk-heading-xl"}
RESULT: {"using":"css selector","value":".govuk-heading-xl"}
COMMAND: POST /session/d5f06d9146908bf36b300268961186bb/element - {"using":"css selector","value":".govuk-heading-xl"}
RESULT: {"using":"css selector","value":".govuk-heading-xl"}
COMMAND: POST /session/d5f06d9146908bf36b300268961186bb/element - {"using":"css selector","value":".govuk-heading-xl"}
RESULT: {"using":"css selector","value":".govuk-heading-xl"}
COMMAND: POST /session/d5f06d9146908bf36b300268961186bb/element - {"using":"css selector","value":".govuk-heading-xl"}
RESULT: {"using":"css selector","value":".govuk-heading-xl"}
]]></system-out>
    </testcase>
    <testcase classname="chrome.117_0_5938_132.linux.Invoice_Page_Test.Vendor:_Vendor_One,Invoice:2023-01" name="before each hook for Vendor Vendor One Invoice 2023 01" time="9.451">
      <failure/>
      <error message="Element was not displayed within 6000ms"/>
      <system-err><![CDATA[
Error: Element was not displayed within 6000ms
    at async waitForElementDisplayed (file:///home/runner/work/di-billing-transaction-monitoring/di-billing-transaction-monitoring/ui-tests/helpers/waits.ts:23:3)
    at async InvoicePage.getPageHeadingText (file:///home/runner/work/di-billing-transaction-monitoring/di-billing-transaction-monitoring/ui-tests/pageobjects/page.ts:36:5)
    at async Context.<anonymous> (file:///home/runner/work/di-billing-transaction-monitoring/di-billing-transaction-monitoring/ui-tests/specs/invoice.spec.ts:66:27)
]]></system-err>
    </testcase>
  </testsuite>
  <testsuite name="Vendor Vendor One Invoice 2023 02" timestamp="2023-10-12T16:18:59" time="9.596" tests="2" failures="1" errors="1" skipped="1">
    <properties>
      <property name="specId" value="0"/>
      <property name="suiteName" value="Vendor: Vendor One,Invoice:2023-02"/>
      <property name="capabilities" value="chrome.117_0_5938_132.linux"/>
      <property name="file" value="file://./ui-tests/specs/invoice.spec.ts"/>
    </properties>
    <testcase classname="chrome.117_0_5938_132.linux.Invoice_Page_Test.Vendor:_Vendor_One,Invoice:2023-02" name="should display correct status banner color and message" time="0">
      <skipped/>
      <system-out><![CDATA[
COMMAND: POST /session/d5f06d9146908bf36b300268961186bb/url - {"url":"https://pr-511.btm.dev.account.gov.uk/contracts/1/invoices/2023-02"}
RESULT: {"url":"https://pr-511.btm.dev.account.gov.uk/contracts/1/invoices/2023-02"}
COMMAND: POST /session/d5f06d9146908bf36b300268961186bb/execute/sync - {"script":"return (() => document.readyState === \"complete\").apply(null, arguments)","args":[]}
RESULT: {"script":"return (() => document.readyState === \"complete\").apply(null, arguments)","args":[]}
COMMAND: GET /session/d5f06d9146908bf36b300268961186bb/url - {}
RESULT: {}
COMMAND: POST /session/d5f06d9146908bf36b300268961186bb/element - {"using":"css selector","value":".govuk-heading-xl"}
RESULT: {"using":"css selector","value":".govuk-heading-xl"}
COMMAND: POST /session/d5f06d9146908bf36b300268961186bb/element - {"using":"css selector","value":".govuk-heading-xl"}
RESULT: {"using":"css selector","value":".govuk-heading-xl"}
COMMAND: POST /session/d5f06d9146908bf36b300268961186bb/element - {"using":"css selector","value":".govuk-heading-xl"}
RESULT: {"using":"css selector","value":".govuk-heading-xl"}
COMMAND: POST /session/d5f06d9146908bf36b300268961186bb/element - {"using":"css selector","value":".govuk-heading-xl"}
RESULT: {"using":"css selector","value":".govuk-heading-xl"}
COMMAND: POST /session/d5f06d9146908bf36b300268961186bb/element - {"using":"css selector","value":".govuk-heading-xl"}
RESULT: {"using":"css selector","value":".govuk-heading-xl"}
COMMAND: POST /session/d5f06d9146908bf36b300268961186bb/element - {"using":"css selector","value":".govuk-heading-xl"}
RESULT: {"using":"css selector","value":".govuk-heading-xl"}
COMMAND: POST /session/d5f06d9146908bf36b300268961186bb/element - {"using":"css selector","value":".govuk-heading-xl"}
RESULT: {"using":"css selector","value":".govuk-heading-xl"}
COMMAND: POST /session/d5f06d9146908bf36b300268961186bb/element - {"using":"css selector","value":".govuk-heading-xl"}
RESULT: {"using":"css selector","value":".govuk-heading-xl"}
COMMAND: POST /session/d5f06d9146908bf36b300268961186bb/element - {"using":"css selector","value":".govuk-heading-xl"}
RESULT: {"using":"css selector","value":".govuk-heading-xl"}
COMMAND: POST /session/d5f06d9146908bf36b300268961186bb/element - {"using":"css selector","value":".govuk-heading-xl"}
RESULT: {"using":"css selector","value":".govuk-heading-xl"}
COMMAND: POST /session/d5f06d9146908bf36b300268961186bb/element - {"using":"css selector","value":".govuk-heading-xl"}
RESULT: {"using":"css selector","value":".govuk-heading-xl"}
COMMAND: POST /session/d5f06d9146908bf36b300268961186bb/element - {"using":"css selector","value":".govuk-heading-xl"}
RESULT: {"using":"css selector","value":".govuk-heading-xl"}
COMMAND: POST /session/d5f06d9146908bf36b300268961186bb/element - {"using":"css selector","value":".govuk-heading-xl"}
RESULT: {"using":"css selector","value":".govuk-heading-xl"}
]]></system-out>
    </testcase>
    <testcase classname="chrome.117_0_5938_132.linux.Invoice_Page_Test.Vendor:_Vendor_One,Invoice:2023-02" name="before each hook for Vendor Vendor One Invoice 2023 02" time="9.596">
      <failure/>
      <error message="Element was not displayed within 6000ms"/>
      <system-err><![CDATA[
Error: Element was not displayed within 6000ms
    at async waitForElementDisplayed (file:///home/runner/work/di-billing-transaction-monitoring/di-billing-transaction-monitoring/ui-tests/helpers/waits.ts:23:3)
    at async InvoicePage.getPageHeadingText (file:///home/runner/work/di-billing-transaction-monitoring/di-billing-transaction-monitoring/ui-tests/pageobjects/page.ts:36:5)
    at async Context.<anonymous> (file:///home/runner/work/di-billing-transaction-monitoring/di-billing-transaction-monitoring/ui-tests/specs/invoice.spec.ts:66:27)
]]></system-err>
    </testcase>
  </testsuite>
  <testsuite name="Vendor Vendor One Invoice 2023 03" timestamp="2023-10-12T16:19:09" time="10.543" tests="2" failures="1" errors="1" skipped="1">
    <properties>
      <property name="specId" value="0"/>
      <property name="suiteName" value="Vendor: Vendor One,Invoice:2023-03"/>
      <property name="capabilities" value="chrome.117_0_5938_132.linux"/>
      <property name="file" value="file://./ui-tests/specs/invoice.spec.ts"/>
    </properties>
    <testcase classname="chrome.117_0_5938_132.linux.Invoice_Page_Test.Vendor:_Vendor_One,Invoice:2023-03" name="should display correct status banner color and message" time="0">
      <skipped/>
      <system-out><![CDATA[
COMMAND: POST /session/d5f06d9146908bf36b300268961186bb/url - {"url":"https://pr-511.btm.dev.account.gov.uk/contracts/1/invoices/2023-03"}
RESULT: {"url":"https://pr-511.btm.dev.account.gov.uk/contracts/1/invoices/2023-03"}
COMMAND: POST /session/d5f06d9146908bf36b300268961186bb/execute/sync - {"script":"return (() => document.readyState === \"complete\").apply(null, arguments)","args":[]}
RESULT: {"script":"return (() => document.readyState === \"complete\").apply(null, arguments)","args":[]}
COMMAND: GET /session/d5f06d9146908bf36b300268961186bb/url - {}
RESULT: {}
COMMAND: POST /session/d5f06d9146908bf36b300268961186bb/element - {"using":"css selector","value":".govuk-heading-xl"}
RESULT: {"using":"css selector","value":".govuk-heading-xl"}
COMMAND: POST /session/d5f06d9146908bf36b300268961186bb/element - {"using":"css selector","value":".govuk-heading-xl"}
RESULT: {"using":"css selector","value":".govuk-heading-xl"}
COMMAND: POST /session/d5f06d9146908bf36b300268961186bb/element - {"using":"css selector","value":".govuk-heading-xl"}
RESULT: {"using":"css selector","value":".govuk-heading-xl"}
COMMAND: POST /session/d5f06d9146908bf36b300268961186bb/element - {"using":"css selector","value":".govuk-heading-xl"}
RESULT: {"using":"css selector","value":".govuk-heading-xl"}
COMMAND: POST /session/d5f06d9146908bf36b300268961186bb/element - {"using":"css selector","value":".govuk-heading-xl"}
RESULT: {"using":"css selector","value":".govuk-heading-xl"}
COMMAND: POST /session/d5f06d9146908bf36b300268961186bb/element - {"using":"css selector","value":".govuk-heading-xl"}
RESULT: {"using":"css selector","value":".govuk-heading-xl"}
COMMAND: POST /session/d5f06d9146908bf36b300268961186bb/element - {"using":"css selector","value":".govuk-heading-xl"}
RESULT: {"using":"css selector","value":".govuk-heading-xl"}
[...]
RESULT: {}
RESULT: {}
RESULT: {}
RESULT: {}
]]></system-out>
      <system-err><![CDATA[
TypeError: Cannot read properties of undefined (reading 'Line item')
    at assertQuantityTableData (file:///home/runner/work/di-billing-transaction-monitoring/di-billing-transaction-monitoring/ui-tests/specs/invoice.spec.ts:186:23)
    at validateTableDataWithAssertions (file:///home/runner/work/di-billing-transaction-monitoring/di-billing-transaction-monitoring/ui-tests/specs/invoice.spec.ts:154:5)
    at runMicrotasks (<anonymous>)
    at processTicksAndRejections (node:internal/process/task_queues:96:5)
    at async Context.<anonymous> (file:///home/runner/work/di-billing-transaction-monitoring/di-billing-transaction-monitoring/ui-tests/specs/invoice.spec.ts:106:9)
]]></system-err>
    </testcase>
    <testcase classname="chrome.117_0_5938_132.linux.Invoice_Page_Test.Vendor:_Vendor_Six,Invoice:2005-Q2" name="should validate price table data" time="0.577">
      <failure/>
      <error message="Cannot read properties of undefined (reading 'Line item')"/>
      <system-out><![CDATA[
COMMAND: POST /session/d5f06d9146908bf36b300268961186bb/url - {"url":"https://pr-511.btm.dev.account.gov.uk/contracts/6/invoices/2005-q2"}
RESULT: {"url":"https://pr-511.btm.dev.account.gov.uk/contracts/6/invoices/2005-q2"}
COMMAND: POST /session/d5f06d9146908bf36b300268961186bb/execute/sync - {"script":"return (() => document.readyState === \"complete\").apply(null, arguments)","args":[]}
RESULT: {"script":"return (() => document.readyState === \"complete\").apply(null, arguments)","args":[]}
COMMAND: GET /session/d5f06d9146908bf36b300268961186bb/url - {}
RESULT: {}
COMMAND: POST /session/d5f06d9146908bf36b300268961186bb/element - {"using":"css selector","value":".govuk-heading-xl"}
RESULT: {"using":"css selector","value":".govuk-heading-xl"}
COMMAND: POST /session/d5f06d9146908bf36b300268961186bb/execute/sync - {"script":"return (function isElementDisplayed(element) {\n    function nodeIsElement(node) {\n        if (!node) {\n            return false;\n        }\n        switch (node.nodeType) {\n            case Node.ELEMEN ... (7807 more bytes)","args":[{"element-6066-11e4-a52e-4f735466cecf":"B1FA8AE6AD2FBA2B5A56F1C5DD750BE1_element_216","ELEMENT":"B1FA8AE6AD2FBA2B5A56F1C5DD750BE1_element_216"}]}
RESULT: {"script":"return (function isElementDisplayed(element) {\n    function nodeIsElement(node) {\n        if (!node) {\n            return false;\n        }\n        switch (node.nodeType) {\n            case Node.ELEMEN ... (7807 more bytes)","args":[{"element-6066-11e4-a52e-4f735466cecf":"B1FA8AE6AD2FBA2B5A56F1C5DD750BE1_element_216","ELEMENT":"B1FA8AE6AD2FBA2B5A56F1C5DD750BE1_element_216"}]}
COMMAND: POST /session/d5f06d9146908bf36b300268961186bb/element - {"using":"css selector","value":".govuk-heading-xl"}
RESULT: {"using":"css selector","value":".govuk-heading-xl"}
COMMAND: GET /session/d5f06d9146908bf36b300268961186bb/element/B1FA8AE6AD2FBA2B5A56F1C5DD750BE1_element_216/text - {}
RESULT: {}
COMMAND: POST /session/d5f06d9146908bf36b300268961186bb/element - {"using":"xpath","value":".//caption[contains(., \"Price\") and not(.//caption)]"}
RESULT: {"using":"xpath","value":".//caption[contains(., \"Price\") and not(.//caption)]"}
COMMAND: POST /session/d5f06d9146908bf36b300268961186bb/execute/sync - {"script":"return (function (elem, id) {\n        return (function parentElement() {\n        return this.parentElement;\n    }).call(elem, id);\n    }).apply(null, arguments)","args":[{"element-6066-11e4-a52e-4f735466cecf":"B1FA8AE6AD2FBA2B5A56F1C5DD750BE1_element_217","ELEMENT":"B1FA8AE6AD2FBA2B5A56F1C5DD750BE1_element_217"}]}
RESULT: {"script":"return (function (elem, id) {\n        return (function parentElement() {\n        return this.parentElement;\n    }).call(elem, id);\n    }).apply(null, arguments)","args":[{"element-6066-11e4-a52e-4f735466cecf":"B1FA8AE6AD2FBA2B5A56F1C5DD750BE1_element_217","ELEMENT":"B1FA8AE6AD2FBA2B5A56F1C5DD750BE1_element_217"}]}
COMMAND: POST /session/d5f06d9146908bf36b300268961186bb/execute/sync - {"script":"return (function isElementDisplayed(element) {\n    function nodeIsElement(node) {\n        if (!node) {\n            return false;\n        }\n        switch (node.nodeType) {\n            case Node.ELEMEN ... (7807 more bytes)","args":[{"element-6066-11e4-a52e-4f735466cecf":"B1FA8AE6AD2FBA2B5A56F1C5DD750BE1_element_218","ELEMENT":"B1FA8AE6AD2FBA2B5A56F1C5DD750BE1_element_218"}]}
RESULT: {"script":"return (function isElementDisplayed(element) {\n    function nodeIsElement(node) {\n        if (!node) {\n            return false;\n        }\n        switch (node.nodeType) {\n            case Node.ELEMEN ... (7807 more bytes)","args":[{"element-6066-11e4-a52e-4f735466cecf":"B1FA8AE6AD2FBA2B5A56F1C5DD750BE1_element_218","ELEMENT":"B1FA8AE6AD2FBA2B5A56F1C5DD750BE1_element_218"}]}
COMMAND: POST /session/d5f06d9146908bf36b300268961186bb/element/B1FA8AE6AD2FBA2B5A56F1C5DD750BE1_element_218/elements - {"using":"css selector","value":"tbody tr"}
RESULT: {"using":"css selector","value":"tbody tr"}
COMMAND: POST /session/d5f06d9146908bf36b300268961186bb/element/B1FA8AE6AD2FBA2B5A56F1C5DD750BE1_element_218/element - {"using":"css selector","value":"thead tr"}
RESULT: {"using":"css selector","value":"thead tr"}
COMMAND: POST /session/d5f06d9146908bf36b300268961186bb/element/B1FA8AE6AD2FBA2B5A56F1C5DD750BE1_element_219/elements - {"using":"css selector","value":"th"}
RESULT: {"using":"css selector","value":"th"}
COMMAND: GET /session/d5f06d9146908bf36b300268961186bb/element/B1FA8AE6AD2FBA2B5A56F1C5DD750BE1_element_220/text - {}
COMMAND: GET /session/d5f06d9146908bf36b300268961186bb/element/B1FA8AE6AD2FBA2B5A56F1C5DD750BE1_element_221/text - {}
COMMAND: GET /session/d5f06d9146908bf36b300268961186bb/element/B1FA8AE6AD2FBA2B5A56F1C5DD750BE1_element_223/text - {}
COMMAND: GET /session/d5f06d9146908bf36b300268961186bb/element/B1FA8AE6AD2FBA2B5A56F1C5DD750BE1_element_222/text - {}
RESULT: {}
RESULT: {}
RESULT: {}
RESULT: {}
]]></system-out>
      <system-err><![CDATA[
TypeError: Cannot read properties of undefined (reading 'Line item')
    at assertPriceTableData (file:///home/runner/work/di-billing-transaction-monitoring/di-billing-transaction-monitoring/ui-tests/specs/invoice.spec.ts:199:23)
    at validateTableDataWithAssertions (file:///home/runner/work/di-billing-transaction-monitoring/di-billing-transaction-monitoring/ui-tests/specs/invoice.spec.ts:154:5)
    at runMicrotasks (<anonymous>)
    at processTicksAndRejections (node:internal/process/task_queues:96:5)
    at async Context.<anonymous> (file:///home/runner/work/di-billing-transaction-monitoring/di-billing-transaction-monitoring/ui-tests/specs/invoice.spec.ts:114:9)
]]></system-err>
    </testcase>
    <testcase classname="chrome.117_0_5938_132.linux.Invoice_Page_Test.Vendor:_Vendor_Six,Invoice:2005-Q2" name="should validate measured events table data" time="0.683">
      <failure/>
      <error message="Cannot read properties of undefined (reading 'Line item')"/>
      <system-out><![CDATA[
COMMAND: POST /session/d5f06d9146908bf36b300268961186bb/url - {"url":"https://pr-511.btm.dev.account.gov.uk/contracts/6/invoices/2005-q2"}
RESULT: {"url":"https://pr-511.btm.dev.account.gov.uk/contracts/6/invoices/2005-q2"}
COMMAND: POST /session/d5f06d9146908bf36b300268961186bb/execute/sync - {"script":"return (() => document.readyState === \"complete\").apply(null, arguments)","args":[]}
RESULT: {"script":"return (() => document.readyState === \"complete\").apply(null, arguments)","args":[]}
COMMAND: GET /session/d5f06d9146908bf36b300268961186bb/url - {}
RESULT: {}
COMMAND: POST /session/d5f06d9146908bf36b300268961186bb/element - {"using":"css selector","value":".govuk-heading-xl"}
RESULT: {"using":"css selector","value":".govuk-heading-xl"}
COMMAND: POST /session/d5f06d9146908bf36b300268961186bb/execute/sync - {"script":"return (function isElementDisplayed(element) {\n    function nodeIsElement(node) {\n        if (!node) {\n            return false;\n        }\n        switch (node.nodeType) {\n            case Node.ELEMEN ... (7807 more bytes)","args":[{"element-6066-11e4-a52e-4f735466cecf":"5B3F5902A59B97BE8A86D93598EF7447_element_225","ELEMENT":"5B3F5902A59B97BE8A86D93598EF7447_element_225"}]}
RESULT: {"script":"return (function isElementDisplayed(element) {\n    function nodeIsElement(node) {\n        if (!node) {\n            return false;\n        }\n        switch (node.nodeType) {\n            case Node.ELEMEN ... (7807 more bytes)","args":[{"element-6066-11e4-a52e-4f735466cecf":"5B3F5902A59B97BE8A86D93598EF7447_element_225","ELEMENT":"5B3F5902A59B97BE8A86D93598EF7447_element_225"}]}
COMMAND: POST /session/d5f06d9146908bf36b300268961186bb/element - {"using":"css selector","value":".govuk-heading-xl"}
RESULT: {"using":"css selector","value":".govuk-heading-xl"}
COMMAND: GET /session/d5f06d9146908bf36b300268961186bb/element/5B3F5902A59B97BE8A86D93598EF7447_element_225/text - {}
RESULT: {}
COMMAND: POST /session/d5f06d9146908bf36b300268961186bb/element - {"using":"xpath","value":".//caption[contains(., \"Measured (events)\") and not(.//caption)]"}
RESULT: {"using":"xpath","value":".//caption[contains(., \"Measured (events)\") and not(.//caption)]"}
COMMAND: POST /session/d5f06d9146908bf36b300268961186bb/execute/sync - {"script":"return (function (elem, id) {\n        return (function parentElement() {\n        return this.parentElement;\n    }).call(elem, id);\n    }).apply(null, arguments)","args":[{"element-6066-11e4-a52e-4f735466cecf":"5B3F5902A59B97BE8A86D93598EF7447_element_226","ELEMENT":"5B3F5902A59B97BE8A86D93598EF7447_element_226"}]}
RESULT: {"script":"return (function (elem, id) {\n        return (function parentElement() {\n        return this.parentElement;\n    }).call(elem, id);\n    }).apply(null, arguments)","args":[{"element-6066-11e4-a52e-4f735466cecf":"5B3F5902A59B97BE8A86D93598EF7447_element_226","ELEMENT":"5B3F5902A59B97BE8A86D93598EF7447_element_226"}]}
COMMAND: POST /session/d5f06d9146908bf36b300268961186bb/execute/sync - {"script":"return (function isElementDisplayed(element) {\n    function nodeIsElement(node) {\n        if (!node) {\n            return false;\n        }\n        switch (node.nodeType) {\n            case Node.ELEMEN ... (7807 more bytes)","args":[{"element-6066-11e4-a52e-4f735466cecf":"5B3F5902A59B97BE8A86D93598EF7447_element_227","ELEMENT":"5B3F5902A59B97BE8A86D93598EF7447_element_227"}]}
RESULT: {"script":"return (function isElementDisplayed(element) {\n    function nodeIsElement(node) {\n        if (!node) {\n            return false;\n        }\n        switch (node.nodeType) {\n            case Node.ELEMEN ... (7807 more bytes)","args":[{"element-6066-11e4-a52e-4f735466cecf":"5B3F5902A59B97BE8A86D93598EF7447_element_227","ELEMENT":"5B3F5902A59B97BE8A86D93598EF7447_element_227"}]}
COMMAND: POST /session/d5f06d9146908bf36b300268961186bb/element/5B3F5902A59B97BE8A86D93598EF7447_element_227/elements - {"using":"css selector","value":"tbody tr"}
RESULT: {"using":"css selector","value":"tbody tr"}
COMMAND: POST /session/d5f06d9146908bf36b300268961186bb/element/5B3F5902A59B97BE8A86D93598EF7447_element_227/element - {"using":"css selector","value":"thead tr"}
RESULT: {"using":"css selector","value":"thead tr"}
COMMAND: POST /session/d5f06d9146908bf36b300268961186bb/element/5B3F5902A59B97BE8A86D93598EF7447_element_228/elements - {"using":"css selector","value":"th"}
RESULT: {"using":"css selector","value":"th"}
COMMAND: GET /session/d5f06d9146908bf36b300268961186bb/element/5B3F5902A59B97BE8A86D93598EF7447_element_229/text - {}
COMMAND: GET /session/d5f06d9146908bf36b300268961186bb/element/5B3F5902A59B97BE8A86D93598EF7447_element_230/text - {}
RESULT: {}
RESULT: {}
]]></system-out>
      <system-err><![CDATA[
TypeError: Cannot read properties of undefined (reading 'Line item')
    at assertMeasuredTableData (file:///home/runner/work/di-billing-transaction-monitoring/di-billing-transaction-monitoring/ui-tests/specs/invoice.spec.ts:212:23)
    at validateTableDataWithAssertions (file:///home/runner/work/di-billing-transaction-monitoring/di-billing-transaction-monitoring/ui-tests/specs/invoice.spec.ts:154:5)
    at runMicrotasks (<anonymous>)
    at processTicksAndRejections (node:internal/process/task_queues:96:5)
    at async Context.<anonymous> (file:///home/runner/work/di-billing-transaction-monitoring/di-billing-transaction-monitoring/ui-tests/specs/invoice.spec.ts:122:9)
]]></system-err>
    </testcase>
    <testcase classname="chrome.117_0_5938_132.linux.Invoice_Page_Test.Vendor:_Vendor_Six,Invoice:2005-Q2" name="should validate invoice table data" time="0.658">
      <failure/>
      <error message="expect(received).toEqual(expected) // deep equality&#xA;&#xA;Expected: &quot;Six Data Validation Application&quot;&#xA;Received: &quot;Total&quot;"/>
      <system-out><![CDATA[
COMMAND: POST /session/d5f06d9146908bf36b300268961186bb/url - {"url":"https://pr-511.btm.dev.account.gov.uk/contracts/6/invoices/2005-q2"}
RESULT: {"url":"https://pr-511.btm.dev.account.gov.uk/contracts/6/invoices/2005-q2"}
COMMAND: POST /session/d5f06d9146908bf36b300268961186bb/execute/sync - {"script":"return (() => document.readyState === \"complete\").apply(null, arguments)","args":[]}
RESULT: {"script":"return (() => document.readyState === \"complete\").apply(null, arguments)","args":[]}
COMMAND: GET /session/d5f06d9146908bf36b300268961186bb/url - {}
RESULT: {}
COMMAND: POST /session/d5f06d9146908bf36b300268961186bb/element - {"using":"css selector","value":".govuk-heading-xl"}
RESULT: {"using":"css selector","value":".govuk-heading-xl"}
COMMAND: POST /session/d5f06d9146908bf36b300268961186bb/execute/sync - {"script":"return (function isElementDisplayed(element) {\n    function nodeIsElement(node) {\n        if (!node) {\n            return false;\n        }\n        switch (node.nodeType) {\n            case Node.ELEMEN ... (7807 more bytes)","args":[{"element-6066-11e4-a52e-4f735466cecf":"228F3456C5661AA3048CA45D8D9B91EF_element_232","ELEMENT":"228F3456C5661AA3048CA45D8D9B91EF_element_232"}]}
RESULT: {"script":"return (function isElementDisplayed(element) {\n    function nodeIsElement(node) {\n        if (!node) {\n            return false;\n        }\n        switch (node.nodeType) {\n            case Node.ELEMEN ... (7807 more bytes)","args":[{"element-6066-11e4-a52e-4f735466cecf":"228F3456C5661AA3048CA45D8D9B91EF_element_232","ELEMENT":"228F3456C5661AA3048CA45D8D9B91EF_element_232"}]}
COMMAND: POST /session/d5f06d9146908bf36b300268961186bb/element - {"using":"css selector","value":".govuk-heading-xl"}
RESULT: {"using":"css selector","value":".govuk-heading-xl"}
COMMAND: GET /session/d5f06d9146908bf36b300268961186bb/element/228F3456C5661AA3048CA45D8D9B91EF_element_232/text - {}
RESULT: {}
COMMAND: POST /session/d5f06d9146908bf36b300268961186bb/element - {"using":"xpath","value":".//caption[contains(., \"Invoice\") and not(.//caption)]"}
RESULT: {"using":"xpath","value":".//caption[contains(., \"Invoice\") and not(.//caption)]"}
COMMAND: POST /session/d5f06d9146908bf36b300268961186bb/execute/sync - {"script":"return (function (elem, id) {\n        return (function parentElement() {\n        return this.parentElement;\n    }).call(elem, id);\n    }).apply(null, arguments)","args":[{"element-6066-11e4-a52e-4f735466cecf":"228F3456C5661AA3048CA45D8D9B91EF_element_233","ELEMENT":"228F3456C5661AA3048CA45D8D9B91EF_element_233"}]}
RESULT: {"script":"return (function (elem, id) {\n        return (function parentElement() {\n        return this.parentElement;\n    }).call(elem, id);\n    }).apply(null, arguments)","args":[{"element-6066-11e4-a52e-4f735466cecf":"228F3456C5661AA3048CA45D8D9B91EF_element_233","ELEMENT":"228F3456C5661AA3048CA45D8D9B91EF_element_233"}]}
COMMAND: POST /session/d5f06d9146908bf36b300268961186bb/execute/sync - {"script":"return (function isElementDisplayed(element) {\n    function nodeIsElement(node) {\n        if (!node) {\n            return false;\n        }\n        switch (node.nodeType) {\n            case Node.ELEMEN ... (7807 more bytes)","args":[{"element-6066-11e4-a52e-4f735466cecf":"228F3456C5661AA3048CA45D8D9B91EF_element_234","ELEMENT":"228F3456C5661AA3048CA45D8D9B91EF_element_234"}]}
RESULT: {"script":"return (function isElementDisplayed(element) {\n    function nodeIsElement(node) {\n        if (!node) {\n            return false;\n        }\n        switch (node.nodeType) {\n            case Node.ELEMEN ... (7807 more bytes)","args":[{"element-6066-11e4-a52e-4f735466cecf":"228F3456C5661AA3048CA45D8D9B91EF_element_234","ELEMENT":"228F3456C5661AA3048CA45D8D9B91EF_element_234"}]}
COMMAND: POST /session/d5f06d9146908bf36b300268961186bb/element/228F3456C5661AA3048CA45D8D9B91EF_element_234/elements - {"using":"css selector","value":"tbody tr"}
RESULT: {"using":"css selector","value":"tbody tr"}
COMMAND: POST /session/d5f06d9146908bf36b300268961186bb/element/228F3456C5661AA3048CA45D8D9B91EF_element_234/element - {"using":"css selector","value":"thead tr"}
RESULT: {"using":"css selector","value":"thead tr"}
COMMAND: POST /session/d5f06d9146908bf36b300268961186bb/element/228F3456C5661AA3048CA45D8D9B91EF_element_236/elements - {"using":"css selector","value":"th"}
RESULT: {"using":"css selector","value":"th"}
COMMAND: GET /session/d5f06d9146908bf36b300268961186bb/element/228F3456C5661AA3048CA45D8D9B91EF_element_237/text - {}
COMMAND: GET /session/d5f06d9146908bf36b300268961186bb/element/228F3456C5661AA3048CA45D8D9B91EF_element_238/text - {}
COMMAND: GET /session/d5f06d9146908bf36b300268961186bb/element/228F3456C5661AA3048CA45D8D9B91EF_element_240/text - {}
COMMAND: GET /session/d5f06d9146908bf36b300268961186bb/element/228F3456C5661AA3048CA45D8D9B91EF_element_239/text - {}
COMMAND: GET /session/d5f06d9146908bf36b300268961186bb/element/228F3456C5661AA3048CA45D8D9B91EF_element_241/text - {}
RESULT: {}
RESULT: {}
RESULT: {}
RESULT: {}
RESULT: {}
COMMAND: POST /session/d5f06d9146908bf36b300268961186bb/element/228F3456C5661AA3048CA45D8D9B91EF_element_235/elements - {"using":"css selector","value":"th,td"}
RESULT: {"using":"css selector","value":"th,td"}
COMMAND: GET /session/d5f06d9146908bf36b300268961186bb/element/228F3456C5661AA3048CA45D8D9B91EF_element_242/text - {}
RESULT: {}
COMMAND: GET /session/d5f06d9146908bf36b300268961186bb/element/228F3456C5661AA3048CA45D8D9B91EF_element_243/text - {}
RESULT: {}
COMMAND: GET /session/d5f06d9146908bf36b300268961186bb/element/228F3456C5661AA3048CA45D8D9B91EF_element_244/text - {}
RESULT: {}
COMMAND: GET /session/d5f06d9146908bf36b300268961186bb/element/228F3456C5661AA3048CA45D8D9B91EF_element_245/text - {}
RESULT: {}
COMMAND: GET /session/d5f06d9146908bf36b300268961186bb/element/228F3456C5661AA3048CA45D8D9B91EF_element_246/text - {}
RESULT: {}
COMMAND: DELETE /session/d5f06d9146908bf36b300268961186bb - {}
RESULT: {}
]]></system-out>
      <system-err><![CDATA[
Error: expect(received).toEqual(expected) // deep equality

Expected: "Six Data Validation Application"
Received: "Total"
    at expectEqual (file:///home/runner/work/di-billing-transaction-monitoring/di-billing-transaction-monitoring/ui-tests/utils/customTestAssertion.ts:12:20)
    at assertInvoiceTableData (file:///home/runner/work/di-billing-transaction-monitoring/di-billing-transaction-monitoring/ui-tests/specs/invoice.spec.ts:220:3)
    at validateTableDataWithAssertions (file:///home/runner/work/di-billing-transaction-monitoring/di-billing-transaction-monitoring/ui-tests/specs/invoice.spec.ts:154:5)
    at runMicrotasks (<anonymous>)
    at processTicksAndRejections (node:internal/process/task_queues:96:5)
    at async Context.<anonymous> (file:///home/runner/work/di-billing-transaction-monitoring/di-billing-transaction-monitoring/ui-tests/specs/invoice.spec.ts:130:9)
]]></system-err>
    </testcase>
  </testsuite>
</testsuites>